Starting at 2022-07-09 19:24:41.861865
Args: ./mainprocess.py
00:00:00.00 time :[  0.   1.   2.   3.   4.   5.   6.   7.   8.   9.  10.  11.  12.  13.
  14.  15.  16.  17.  18.  19.  20.  21.  22.  23.  24.  25.  26.  27.
  28.  29.  30.  31.  32.  33.  34.  35.  36.  37.  38.  39.  40.  41.
  42.  43.  44.  45.  46.  47.  48.  49.  50.  51.  52.  53.  54.  55.
  56.  57.  58.  59.  60.  61.  62.  63.  64.  65.  66.  67.  68.  69.
  70.  71.  72.  73.  74.  75.  76.  77.  78.  79.  80.  81.  82.  83.
  84.  85.  86.  87.  88.  89.  90.  91.  92.  93.  94.  95.  96.  97.
  98.  99. 100.]
00:00:00.00 parameters: {'R': 8.314, 'nocomponents': 3, 'feed_yi': [0.05, 0.9, 0.05], 'ini_yi': [0.1, 0.8, 0.1], 'collect': ['zL_tads', 'z0_teva', 'zL_tblw'], 'isomodel': 'Langmuir-Freundlich', 'bi': array([392.18544763,   0.68706432,   0.94055587]), 'qsi': array([8.96795314, 6.56158733, 5.7933739 ]), 'qs0': 8.967953139519132, 'ni': [1.0, 1.0, 1.0], 'ki': [0.62, 0.62, 0.62], 'Hi': [0, 0, 0], 'mode': 1, 'bed': 1, 'N': 20, 'tN': 101, 'Ta': 298, 'D': 0.3, 'L': 1, 'epsilon': 0.37, 'rp': 0.0007, 'feed_pressure': 10, 'vfeed': 1, 'PI': 100000.0, 'PL': 10000.0, 'lamda_pre': 0.5, 'lamda_blw': 0.5, 'lamda_eva': 0.5, 'tpre': 15, 'tads': 15, 'tblw': 30, 'teva': 40, 'rho_s': 1130, 'rho_w': 7800, 'Cpg': 30.7, 'Cpa': 30.7, 'Cps': 1339, 'Cpw': 502, 'mu': 1.72e-05, 'Dm': 1.6e-05, 'gamma': 1.4, 'Kz': 0.09, 'Kw': 16, 'hin': 8.6, 'hout': 2.5, 'eta': 0.72, 'DL': 0.00049, 'xnames': ['xA', 'xB', 'xC'], 'ynames': ['yA', 'yB', 'yC'], 'state_names': ['P', 'T', 'Tw', 'xA', 'xB', 'xC', 'yA', 'yB', 'yC'], 'state_sizes': [20, 20, 20, 20, 20, 20, 20, 20, 20], 'area': 0.07068583470577035, 'volume': 0.07068583470577035, 'rin': 0.15, 'rout': 0.4, 'epst': 0.5873015873015873, 'epsb': 1.7027027027027026, 'cellsize': 0.05, 'deltaZ': 0.05, 'container_vol': 0.07068583470577035, 'PH': 1000000.0, 'norm_v0': 1, 'norm_t0': 1.0, 'norm_P0': 1000000.0, 'norm_T0': 298, 'norm_tpre': 15.0, 'norm_tads': 30.0, 'norm_tblw': 60.0, 'norm_tend': 100.0, 'tstep': 1.0, 'index_tpre': 15, 'index_tads': 30, 'index_tblw': 60, 'index_tend': 100}
00:00:00.00 State variable P: [[0.01000044 0.39935292 0.6357257  ... 0.01000065 0.01000053 0.01000044]
 [0.01000134 0.39900781 0.63558718 ... 0.01000196 0.01000161 0.01000132]
 [0.01000221 0.39867985 0.63545571 ... 0.01000325 0.01000267 0.01000219]
 ...
 [0.01001051 0.39588215 0.63433763 ... 0.01001553 0.01001272 0.01001038]
 [0.01001062 0.39584361 0.63432225 ... 0.0100157  0.01001286 0.0100105 ]
 [0.01001067 0.39582426 0.63431453 ... 0.01001578 0.01001292 0.01001054]]
00:00:00.00 State variable T: [[1. 1. 1. ... 1. 1. 1.]
 [1. 1. 1. ... 1. 1. 1.]
 [1. 1. 1. ... 1. 1. 1.]
 ...
 [1. 1. 1. ... 1. 1. 1.]
 [1. 1. 1. ... 1. 1. 1.]
 [1. 1. 1. ... 1. 1. 1.]]
00:00:00.00 State variable Tw: [[1. 1. 1. ... 1. 1. 1.]
 [1. 1. 1. ... 1. 1. 1.]
 [1. 1. 1. ... 1. 1. 1.]
 ...
 [1. 1. 1. ... 1. 1. 1.]
 [1. 1. 1. ... 1. 1. 1.]
 [1. 1. 1. ... 1. 1. 1.]]
00:00:00.00 State variable xA: [[0.9519357  0.94982488 0.95163424 ... 0.95193558 0.95193582 0.95193605]
 [0.95211433 0.95123323 0.95190781 ... 0.95211772 0.95211739 0.95211709]
 [0.95210402 0.95193716 0.95232588 ... 0.95211009 0.9521096  0.95210917]
 ...
 [0.94473957 0.94573466 0.9461763  ... 0.94484369 0.94484278 0.94484202]
 [0.94419355 0.94518958 0.94562367 ... 0.94432099 0.94432011 0.94431938]
 [0.94366051 0.944652   0.94507915 ... 0.94381411 0.94381356 0.94381315]]
00:00:00.00 State variable xB: [[0.00103331 0.00972572 0.01658232 ... 0.0010334  0.00103334 0.0010333 ]
 [0.00102536 0.00934546 0.01664276 ... 0.00102542 0.00102532 0.00102524]
 [0.00102581 0.00909988 0.01649368 ... 0.00102586 0.0010257  0.00102557]
 ...
 [0.00135427 0.01000634 0.01861934 ... 0.00135136 0.00135043 0.00134965]
 [0.0013786  0.01011898 0.01884145 ... 0.00137469 0.00137374 0.00137295]
 [0.00140235 0.01021829 0.01905174 ... 0.0013973  0.00139632 0.0013955 ]]
00:00:00.01 State variable xC: [[0.0001015  0.00066756 0.00111752 ... 0.00010149 0.00010149 0.00010149]
 [0.00010105 0.00063943 0.00111581 ... 0.00010104 0.00010104 0.00010103]
 [0.00010145 0.00062056 0.00110005 ... 0.00010144 0.00010143 0.00010142]
 ...
 [0.00013687 0.00061874 0.00107003 ... 0.00013656 0.00013648 0.00013642]
 [0.00013933 0.0006212  0.00105951 ... 0.00013892 0.00013884 0.00013877]
 [0.00014172 0.00063825 0.00105908 ... 0.0001412  0.00014111 0.00014104]]
00:00:00.01 State variable yA: [[0.52202836 0.04692209 0.04407186 ... 0.5220171  0.52202533 0.5220325 ]
 [0.52395161 0.04668252 0.04270352 ... 0.52395756 0.52397163 0.52398301]
 [0.52379379 0.04706852 0.04265148 ... 0.5238081  0.52383235 0.52385228]
 ...
 [0.45232243 0.04172624 0.03757647 ... 0.45298353 0.45309638 0.45319049]
 [0.44777227 0.0412714  0.03716209 ... 0.44860961 0.44872295 0.4488175 ]
 [0.44341923 0.04083513 0.03676358 ... 0.44445088 0.44456649 0.44466334]]
00:00:00.01 State variable yB: [[0.44204392 0.90315126 0.90583604 ... 0.44205939 0.4420493  0.44204037]
 [0.4401586  0.90363071 0.90740328 ... 0.44015543 0.44014122 0.44012966]
 [0.44018759 0.90352771 0.90773719 ... 0.44017613 0.44015265 0.44013336]
 ...
 [0.50541177 0.9155712  0.9202451  ... 0.50480286 0.50469582 0.50460657]
 [0.50961038 0.916985   0.92183392 ... 0.50883851 0.50873092 0.50864121]
 [0.51362954 0.91803031 0.92330686 ... 0.51267826 0.51256844 0.51247647]]
00:00:00.01 State variable yC: [[0.03592772 0.04992665 0.0500921  ... 0.0359235  0.03592537 0.03592713]
 [0.03588979 0.04968677 0.0498932  ... 0.03588701 0.03588715 0.03588734]
 [0.03601863 0.04940378 0.04961133 ... 0.03601577 0.036015   0.03601436]
 ...
 [0.04226579 0.04270256 0.04217843 ... 0.0422136  0.04220781 0.04220294]
 [0.04261735 0.0417436  0.04100399 ... 0.04255189 0.04254612 0.04254129]
 [0.04295122 0.04113456 0.03992956 ... 0.04287086 0.04286507 0.04286019]]
00:00:00.01 State variable velocity: yC
02:51:16.75 done
