Starting at 2022-07-10 00:04:47.411967
Args: ./mainprocess.py
00:00:00.00 time :[  0.   1.   2.   3.   4.   5.   6.   7.   8.   9.  10.  11.  12.  13.
  14.  15.  16.  17.  18.  19.  20.  21.  22.  23.  24.  25.  26.  27.
  28.  29.  30.  31.  32.  33.  34.  35.  36.  37.  38.  39.  40.  41.
  42.  43.  44.  45.  46.  47.  48.  49.  50.  51.  52.  53.  54.  55.
  56.  57.  58.  59.  60.  61.  62.  63.  64.  65.  66.  67.  68.  69.
  70.  71.  72.  73.  74.  75.  76.  77.  78.  79.  80.  81.  82.  83.
  84.  85.  86.  87.  88.  89.  90.  91.  92.  93.  94.  95.  96.  97.
  98.  99. 100.]
00:00:00.00 parameters: {'R': 8.314, 'nocomponents': 3, 'feed_yi': [0.05, 0.9, 0.05], 'ini_yi': [0.1, 0.8, 0.1], 'collect': ['zL_tads', 'z0_teva', 'zL_tblw'], 'isomodel': 'Langmuir-Freundlich', 'bi': array([1234.53655403,    1.47279633,    2.06485757]), 'qsi': array([16.88210728,  8.90836854,  7.89881801]), 'qs0': 16.88210727640492, 'ni': [1.0, 1.0, 1.0], 'ki': [0.62, 0.62, 0.62], 'Hi': [0, 0, 0], 'mode': 1, 'bed': 1, 'N': 20, 'tN': 101, 'Ta': 298, 'D': 0.3, 'L': 1, 'epsilon': 0.37, 'rp': 0.0007, 'feed_pressure': 10, 'vfeed': 1, 'PI': 100000.0, 'PL': 10000.0, 'lamda_pre': 0.5, 'lamda_blw': 0.5, 'lamda_eva': 0.5, 'tpre': 15, 'tads': 15, 'tblw': 30, 'teva': 40, 'rho_s': 1130, 'rho_w': 7800, 'Cpg': 30.7, 'Cpa': 30.7, 'Cps': 1339, 'Cpw': 502, 'mu': 1.72e-05, 'Dm': 1.6e-05, 'gamma': 1.4, 'Kz': 0.09, 'Kw': 16, 'hin': 8.6, 'hout': 2.5, 'eta': 0.72, 'DL': 0.00049, 'xnames': ['xA', 'xB', 'xC'], 'ynames': ['yA', 'yB', 'yC'], 'state_names': ['P', 'T', 'Tw', 'xA', 'xB', 'xC', 'yA', 'yB', 'yC'], 'state_sizes': [20, 20, 20, 20, 20, 20, 20, 20, 20], 'area': 0.07068583470577035, 'volume': 0.07068583470577035, 'rin': 0.15, 'rout': 0.4, 'epst': 0.5873015873015873, 'epsb': 1.7027027027027026, 'cellsize': 0.05, 'deltaZ': 0.05, 'container_vol': 0.07068583470577035, 'PH': 1000000.0, 'norm_v0': 1, 'norm_t0': 1.0, 'norm_P0': 1000000.0, 'norm_T0': 298, 'norm_tpre': 15.0, 'norm_tads': 30.0, 'norm_tblw': 60.0, 'norm_tend': 100.0, 'tstep': 1.0, 'index_tpre': 15, 'index_tads': 30, 'index_tblw': 60, 'index_tend': 100}
00:00:00.00 State variable P: [[0.01000042 0.39937557 0.63573864 ... 0.01000064 0.01000055 0.01000042]
 [0.01000127 0.3990738  0.63562391 ... 0.0100019  0.01000156 0.01000126]
 [0.01000212 0.39878717 0.63551506 ... 0.01000314 0.01000255 0.0100021 ]
 ...
 [0.01001047 0.39636118 0.63459669 ... 0.01001558 0.01001226 0.01001041]
 [0.0100106  0.39632817 0.63458422 ... 0.01001577 0.01001241 0.01001054]
 [0.01001066 0.39631163 0.63457798 ... 0.01001586 0.01001248 0.0100106 ]]
00:00:00.00 State variable T: [[1. 1. 1. ... 1. 1. 1.]
 [1. 1. 1. ... 1. 1. 1.]
 [1. 1. 1. ... 1. 1. 1.]
 ...
 [1. 1. 1. ... 1. 1. 1.]
 [1. 1. 1. ... 1. 1. 1.]
 [1. 1. 1. ... 1. 1. 1.]]
00:00:00.00 State variable Tw: [[1. 1. 1. ... 1. 1. 1.]
 [1. 1. 1. ... 1. 1. 1.]
 [1. 1. 1. ... 1. 1. 1.]
 ...
 [1. 1. 1. ... 1. 1. 1.]
 [1. 1. 1. ... 1. 1. 1.]
 [1. 1. 1. ... 1. 1. 1.]]
00:00:00.00 State variable xA: [[0.97280013 0.97203819 0.97252584 ... 0.97279321 0.97279322 0.97279324]
 [0.97283543 0.9726081  0.97279564 ... 0.97283166 0.97283159 0.97283152]
 [0.97279634 0.97285024 0.97299473 ... 0.97279538 0.97279527 0.97279518]
 ...
 [0.97031185 0.97069397 0.97088039 ... 0.97042464 0.97042435 0.97042409]
 [0.97012278 0.97050496 0.97068934 ... 0.97025894 0.97025865 0.97025839]
 [0.96992897 0.97030966 0.97049217 ... 0.97009523 0.97009499 0.97009479]]
00:00:00.00 State variable xB: [[0.0012109  0.00531909 0.00824536 ... 0.00121134 0.00121132 0.00121129]
 [0.00120855 0.00515052 0.00817259 ... 0.00120889 0.00120882 0.00120876]
 [0.00121088 0.00505891 0.00809519 ... 0.00121114 0.00121102 0.00121092]
 ...
 [0.00136734 0.0053392  0.0087137  ... 0.00136157 0.0013609  0.00136032]
 [0.00137929 0.00537501 0.00877894 ... 0.00137206 0.00137137 0.00137079]
 [0.00139153 0.00540683 0.00884091 ... 0.00138242 0.00138172 0.00138112]]
00:00:00.00 State variable xC: [[0.00011579 0.00038333 0.00057626 ... 0.00011586 0.00011586 0.00011586]
 [0.00011598 0.00037062 0.00056874 ... 0.00011603 0.00011603 0.00011602]
 [0.00011662 0.00036332 0.00056091 ... 0.00011666 0.00011665 0.00011665]
 ...
 [0.0001349  0.00035831 0.00053724 ... 0.00013429 0.00013423 0.00013418]
 [0.0001361  0.00036009 0.00053438 ... 0.00013535 0.00013529 0.00013524]
 [0.00013732 0.00036832 0.00053719 ... 0.00013638 0.00013632 0.00013627]]
00:00:00.00 State variable yA: [[0.3195573  0.04864385 0.04686506 ... 0.31947135 0.31947368 0.31947779]
 [0.31994347 0.04889993 0.04654521 ... 0.31988246 0.31989127 0.31989872]
 [0.31946968 0.04929123 0.04674398 ... 0.31942993 0.31944608 0.31945711]
 ...
 [0.29284944 0.04580568 0.04333746 ... 0.29382598 0.2939152  0.29395192]
 [0.29100975 0.04549478 0.04303966 ... 0.29219949 0.29228945 0.29232636]
 [0.2891496  0.04518448 0.04274089 ... 0.29061258 0.29070317 0.29074057]]
00:00:00.00 State variable yB: [[0.63183428 0.90151103 0.90319769 ... 0.63190656 0.63190216 0.63189621]
 [0.63131922 0.90150619 0.90374592 ... 0.63136737 0.63135813 0.63135032]
 [0.63159427 0.90138048 0.90381393 ... 0.63162469 0.63160865 0.63159761]
 ...
 [0.65514906 0.91060552 0.91350007 ... 0.65425769 0.65417291 0.6541358 ]
 [0.65684418 0.91157037 0.91460836 ... 0.65575517 0.6556697  0.65563236]
 [0.65856395 0.91211107 0.91548951 ... 0.65722166 0.65713558 0.6570977 ]]
00:00:00.00 State variable yC: [[0.04860842 0.04984513 0.04993726 ... 0.04862209 0.04862416 0.048626  ]
 [0.04873731 0.04959388 0.04970888 ... 0.04875016 0.0487506  0.04875096]
 [0.04893604 0.04932829 0.04944209 ... 0.04894538 0.04894527 0.04894528]
 ...
 [0.05200151 0.0435888  0.04316247 ... 0.05191633 0.05191189 0.05191228]
 [0.05214607 0.04293485 0.04235198 ... 0.05204534 0.05204085 0.05204128]
 [0.05228645 0.04270445 0.0417696  ... 0.05216575 0.05216125 0.05216172]]
00:00:00.00 State variable velocity: yC
00:00:19.48 done
