Starting at 2022-07-10 00:04:48.433228
Args: ./mainprocess.py
00:00:00.00 time :[  0.   1.   2.   3.   4.   5.   6.   7.   8.   9.  10.  11.  12.  13.
  14.  15.  16.  17.  18.  19.  20.  21.  22.  23.  24.  25.  26.  27.
  28.  29.  30.  31.  32.  33.  34.  35.  36.  37.  38.  39.  40.  41.
  42.  43.  44.  45.  46.  47.  48.  49.  50.  51.  52.  53.  54.  55.
  56.  57.  58.  59.  60.  61.  62.  63.  64.  65.  66.  67.  68.  69.
  70.  71.  72.  73.  74.  75.  76.  77.  78.  79.  80.  81.  82.  83.
  84.  85.  86.  87.  88.  89.  90.  91.  92.  93.  94.  95.  96.  97.
  98.  99. 100.]
00:00:00.00 parameters: {'R': 8.314, 'nocomponents': 3, 'feed_yi': [0.05, 0.9, 0.05], 'ini_yi': [0.1, 0.8, 0.1], 'collect': ['zL_tads', 'z0_teva', 'zL_tblw'], 'isomodel': 'Langmuir-Freundlich', 'bi': array([5.55597744, 0.89780394, 1.2558349 ]), 'qsi': array([8.54863547, 9.89535456, 8.9138682 ]), 'qs0': 9.895354557248373, 'ni': [1.0, 1.0, 1.0], 'ki': [0.62, 0.62, 0.62], 'Hi': [0, 0, 0], 'mode': 1, 'bed': 1, 'N': 20, 'tN': 101, 'Ta': 298, 'D': 0.3, 'L': 1, 'epsilon': 0.37, 'rp': 0.0007, 'feed_pressure': 10, 'vfeed': 1, 'PI': 100000.0, 'PL': 10000.0, 'lamda_pre': 0.5, 'lamda_blw': 0.5, 'lamda_eva': 0.5, 'tpre': 15, 'tads': 15, 'tblw': 30, 'teva': 40, 'rho_s': 1130, 'rho_w': 7800, 'Cpg': 30.7, 'Cpa': 30.7, 'Cps': 1339, 'Cpw': 502, 'mu': 1.72e-05, 'Dm': 1.6e-05, 'gamma': 1.4, 'Kz': 0.09, 'Kw': 16, 'hin': 8.6, 'hout': 2.5, 'eta': 0.72, 'DL': 0.00049, 'xnames': ['xA', 'xB', 'xC'], 'ynames': ['yA', 'yB', 'yC'], 'state_names': ['P', 'T', 'Tw', 'xA', 'xB', 'xC', 'yA', 'yB', 'yC'], 'state_sizes': [20, 20, 20, 20, 20, 20, 20, 20, 20], 'area': 0.07068583470577035, 'volume': 0.07068583470577035, 'rin': 0.15, 'rout': 0.4, 'epst': 0.5873015873015873, 'epsb': 1.7027027027027026, 'cellsize': 0.05, 'deltaZ': 0.05, 'container_vol': 0.07068583470577035, 'PH': 1000000.0, 'norm_v0': 1, 'norm_t0': 1.0, 'norm_P0': 1000000.0, 'norm_T0': 298, 'norm_tpre': 15.0, 'norm_tads': 30.0, 'norm_tblw': 60.0, 'norm_tend': 100.0, 'tstep': 1.0, 'index_tpre': 15, 'index_tads': 30, 'index_tblw': 60, 'index_tend': 100}
00:00:00.00 State variable P: [[0.01075138 0.39662802 0.63459734 ... 0.01081999 0.01078671 0.01075543]
 [0.01199287 0.39106958 0.632279   ... 0.01215547 0.0120768  0.01200218]
 [0.01310444 0.38573149 0.63007067 ... 0.01334451 0.0132284  0.01311792]
 ...
 [0.02082053 0.33765342 0.6110739  ... 0.02149568 0.0211682  0.02085426]
 [0.0209109  0.33695502 0.61081098 ... 0.02159049 0.02126084 0.02094482]
 [0.02095601 0.33660506 0.61067929 ... 0.02163783 0.02130709 0.02099002]]
00:00:00.00 State variable T: [[1. 1. 1. ... 1. 1. 1.]
 [1. 1. 1. ... 1. 1. 1.]
 [1. 1. 1. ... 1. 1. 1.]
 ...
 [1. 1. 1. ... 1. 1. 1.]
 [1. 1. 1. ... 1. 1. 1.]
 [1. 1. 1. ... 1. 1. 1.]]
00:00:00.00 State variable Tw: [[1. 1. 1. ... 1. 1. 1.]
 [1. 1. 1. ... 1. 1. 1.]
 [1. 1. 1. ... 1. 1. 1.]
 ...
 [1. 1. 1. ... 1. 1. 1.]
 [1. 1. 1. ... 1. 1. 1.]
 [1. 1. 1. ... 1. 1. 1.]]
00:00:00.00 State variable xA: [[0.05866755 0.09129484 0.12435509 ... 0.05906943 0.05894286 0.05882614]
 [0.06364565 0.08847034 0.11596978 ... 0.06434135 0.06407484 0.06382351]
 [0.06639165 0.08565808 0.10847077 ... 0.06723873 0.06690406 0.06658611]
 ...
 [0.04735036 0.05073233 0.05433295 ... 0.04885319 0.04871187 0.04857444]
 [0.04577072 0.04891619 0.05223159 ... 0.04736849 0.04723639 0.04710788]
 [0.04422252 0.04713584 0.05017759 ... 0.04591534 0.04579186 0.04567171]]
00:00:00.00 State variable xB: [[0.06716417 0.26310408 0.42802722 ... 0.06757978 0.06736315 0.06715822]
 [0.07431505 0.26790882 0.4367575  ... 0.07528554 0.07480043 0.07433911]
 [0.0809249  0.27145361 0.44401375 ... 0.08234249 0.08163962 0.08096933]
 ...
 [0.13421141 0.27679553 0.47980345 ... 0.13780909 0.13588019 0.1340235 ]
 [0.13527586 0.27718866 0.48136728 ... 0.13887102 0.13692533 0.13505238]
 [0.13606874 0.27786849 0.48312851 ... 0.13965132 0.13769405 0.1358099 ]]
00:00:00.00 State variable xC: [[0.00639537 0.01917234 0.03018896 ... 0.00641756 0.00640652 0.00639634]
 [0.00709399 0.0194606  0.03058103 ... 0.00716532 0.0071305  0.00709755]
 [0.00773226 0.01965925 0.03085667 ... 0.00784228 0.00778859 0.00773749]
 ...
 [0.01229634 0.01928314 0.02879299 ... 0.0125549  0.0124134  0.01227687]
 [0.012346   0.01922546 0.02846567 ... 0.01260146 0.01245984 0.01232317]
 [0.01237103 0.01917348 0.02810219 ... 0.01262268 0.01248132 0.0123449 ]]
00:00:00.00 State variable yA: [[0.13204738 0.04451504 0.04445865 ... 0.1321493  0.1322608  0.13237058]
 [0.12998988 0.03991352 0.03971105 ... 0.12980905 0.13004708 0.1302793 ]
 [0.12541058 0.03608029 0.03567233 ... 0.12497527 0.12533472 0.12568561]
 ...
 [0.05889791 0.01547139 0.01398639 ... 0.05924628 0.05983651 0.06041995]
 [0.05664604 0.01480534 0.0133646  ... 0.05715906 0.05773586 0.05830611]
 [0.05455518 0.01415336 0.01276137 ... 0.05523234 0.05579602 0.05635337]]
00:00:00.00 State variable yB: [[0.80683905 0.90562891 0.90567598 ... 0.80689087 0.80670605 0.80652468]
 [0.80859998 0.91043551 0.91061938 ... 0.80892899 0.80862077 0.8083198 ]
 [0.81279194 0.91452755 0.91491115 ... 0.8133727  0.81294521 0.81252763]
 ...
 [0.87705283 0.94215945 0.94460103 ... 0.87704827 0.8763409  0.87564268]
 [0.8793782  0.94348746 0.94604092 ... 0.87922567 0.87852825 0.87783977]
 [0.881551   0.94487013 0.94755294 ... 0.88125059 0.88056294 0.8798841 ]]
00:00:00.00 State variable yC: [[0.06111357 0.04985605 0.04986537 ... 0.06095983 0.06103315 0.06110474]
 [0.06141014 0.04965097 0.04966957 ... 0.06126196 0.06133216 0.06140089]
 [0.06179749 0.04939216 0.04941652 ... 0.06165204 0.06172006 0.06178676]
 ...
 [0.06404926 0.04236916 0.04141258 ... 0.06370546 0.06382259 0.06393738]
 [0.06397576 0.04170719 0.04059448 ... 0.06361527 0.0637359  0.06385412]
 [0.06389382 0.04097651 0.03968569 ... 0.06351707 0.06364104 0.06376254]]
00:00:00.00 State variable velocity: yC
00:00:18.46 done
