Starting at 2022-07-10 00:04:37.931316
Args: ./mainprocess.py
00:00:00.00 time :[  0.   1.   2.   3.   4.   5.   6.   7.   8.   9.  10.  11.  12.  13.
  14.  15.  16.  17.  18.  19.  20.  21.  22.  23.  24.  25.  26.  27.
  28.  29.  30.  31.  32.  33.  34.  35.  36.  37.  38.  39.  40.  41.
  42.  43.  44.  45.  46.  47.  48.  49.  50.  51.  52.  53.  54.  55.
  56.  57.  58.  59.  60.  61.  62.  63.  64.  65.  66.  67.  68.  69.
  70.  71.  72.  73.  74.  75.  76.  77.  78.  79.  80.  81.  82.  83.
  84.  85.  86.  87.  88.  89.  90.  91.  92.  93.  94.  95.  96.  97.
  98.  99. 100.]
00:00:00.00 parameters: {'R': 8.314, 'nocomponents': 3, 'feed_yi': [0.05, 0.9, 0.05], 'ini_yi': [0.1, 0.8, 0.1], 'collect': ['zL_tads', 'z0_teva', 'zL_tblw'], 'isomodel': 'Langmuir-Freundlich', 'bi': array([344.22540717,   6.5022939 ,   9.50405362]), 'qsi': array([2.58734349, 2.70183024, 2.62310585]), 'qs0': 2.701830236141579, 'ni': [1.0, 1.0, 1.0], 'ki': [0.62, 0.62, 0.62], 'Hi': [0, 0, 0], 'mode': 1, 'bed': 1, 'N': 20, 'tN': 101, 'Ta': 298, 'D': 0.3, 'L': 1, 'epsilon': 0.37, 'rp': 0.0007, 'feed_pressure': 10, 'vfeed': 1, 'PI': 100000.0, 'PL': 10000.0, 'lamda_pre': 0.5, 'lamda_blw': 0.5, 'lamda_eva': 0.5, 'tpre': 15, 'tads': 15, 'tblw': 30, 'teva': 40, 'rho_s': 1130, 'rho_w': 7800, 'Cpg': 30.7, 'Cpa': 30.7, 'Cps': 1339, 'Cpw': 502, 'mu': 1.72e-05, 'Dm': 1.6e-05, 'gamma': 1.4, 'Kz': 0.09, 'Kw': 16, 'hin': 8.6, 'hout': 2.5, 'eta': 0.72, 'DL': 0.00049, 'xnames': ['xA', 'xB', 'xC'], 'ynames': ['yA', 'yB', 'yC'], 'state_names': ['P', 'T', 'Tw', 'xA', 'xB', 'xC', 'yA', 'yB', 'yC'], 'state_sizes': [20, 20, 20, 20, 20, 20, 20, 20, 20], 'area': 0.07068583470577035, 'volume': 0.07068583470577035, 'rin': 0.15, 'rout': 0.4, 'epst': 0.5873015873015873, 'epsb': 1.7027027027027026, 'cellsize': 0.05, 'deltaZ': 0.05, 'container_vol': 0.07068583470577035, 'PH': 1000000.0, 'norm_v0': 1, 'norm_t0': 1.0, 'norm_P0': 1000000.0, 'norm_T0': 298, 'norm_tpre': 15.0, 'norm_tads': 30.0, 'norm_tblw': 60.0, 'norm_tend': 100.0, 'tstep': 1.0, 'index_tpre': 15, 'index_tads': 30, 'index_tblw': 60, 'index_tend': 100}
00:00:00.00 State variable P: [[0.01004176 0.39928955 0.63577055 ... 0.0100477  0.01004459 0.01004169]
 [0.01012395 0.39878538 0.63558865 ... 0.01014142 0.01013232 0.01012381]
 [0.0102046  0.39830676 0.63541615 ... 0.01023326 0.01021834 0.0102044 ]
 ...
 [0.0109747  0.39426754 0.63396685 ... 0.01110199 0.01103563 0.01097335]
 [0.01098614 0.39421205 0.63394722 ... 0.01111475 0.01104768 0.01098473]
 [0.01099188 0.39418396 0.63393737 ... 0.01112115 0.01105373 0.01099044]]
00:00:00.00 State variable T: [[1. 1. 1. ... 1. 1. 1.]
 [1. 1. 1. ... 1. 1. 1.]
 [1. 1. 1. ... 1. 1. 1.]
 ...
 [1. 1. 1. ... 1. 1. 1.]
 [1. 1. 1. ... 1. 1. 1.]
 [1. 1. 1. ... 1. 1. 1.]]
00:00:00.00 State variable Tw: [[1. 1. 1. ... 1. 1. 1.]
 [1. 1. 1. ... 1. 1. 1.]
 [1. 1. 1. ... 1. 1. 1.]
 ...
 [1. 1. 1. ... 1. 1. 1.]
 [1. 1. 1. ... 1. 1. 1.]
 [1. 1. 1. ... 1. 1. 1.]]
00:00:00.00 State variable xA: [[0.67580323 0.67921338 0.68341959 ... 0.67587608 0.67587221 0.67586877]
 [0.67667397 0.67997262 0.68288063 ... 0.6767862  0.67677352 0.67676182]
 [0.67681914 0.68021889 0.68269892 ... 0.67696429 0.6769445  0.67692612]
 ...
 [0.66499243 0.66849549 0.67079432 ... 0.66663222 0.66657727 0.66652551]
 [0.66374787 0.66722471 0.66950499 ... 0.66578761 0.66573256 0.66568069]
 [0.66241388 0.66585899 0.66811871 ... 0.66490374 0.66484888 0.6647972 ]]
00:00:00.00 State variable xB: [[0.10000965 0.16493425 0.20559513 ... 0.10003132 0.10000657 0.09998339]
 [0.10023975 0.16468956 0.20640736 ... 0.10033427 0.1002674  0.1002049 ]
 [0.10074499 0.16461834 0.20671727 ... 0.10091044 0.10080309 0.10070274]
 ...
 [0.11093554 0.17168981 0.21632906 ... 0.11118397 0.11072764 0.11029821]
 [0.11153078 0.172438   0.21730878 ... 0.11162451 0.1111624  0.11072748]
 [0.11212355 0.17325448 0.21835889 ... 0.11203784 0.111572   0.11113355]]
00:00:00.00 State variable xC: [[0.00985845 0.01402136 0.01668693 ... 0.00985542 0.009856   0.00985658]
 [0.00993323 0.01399066 0.01668515 ... 0.00993579 0.00993288 0.00993019]
 [0.01002488 0.01397384 0.01664506 ... 0.01003273 0.01002657 0.01002084]
 ...
 [0.01120708 0.01446693 0.01677346 ... 0.0112045  0.01117194 0.01114128]
 [0.01126744 0.01454443 0.01685225 ... 0.01124856 0.01121559 0.01118453]
 [0.01132729 0.01463561 0.01695118 ... 0.01128969 0.01125645 0.01122515]]
00:00:00.00 State variable yA: [[0.11085382 0.04873035 0.04826051 ... 0.11085201 0.1108713  0.1108894 ]
 [0.11077753 0.04831568 0.04776171 ... 0.11072086 0.11077465 0.11082504]
 [0.11033202 0.04818417 0.0475881  ... 0.11022165 0.11030812 0.11038917]
 ...
 [0.09993578 0.04542294 0.04481577 ... 0.10003783 0.10035739 0.10066011]
 [0.0992925  0.04513969 0.04453528 ... 0.09957397 0.09989513 0.10019943]
 [0.09864294 0.04483768 0.04423762 ... 0.0991273  0.09944868 0.09975321]]
00:00:00.00 State variable yB: [[0.8313688  0.90151142 0.90204062 ... 0.83139577 0.83136269 0.83133155]
 [0.83115023 0.90220712 0.90280747 ... 0.83123624 0.83116773 0.83110343]
 [0.83133446 0.90262549 0.9032648  ... 0.8314792  0.83137647 0.83128008]
 ...
 [0.84014677 0.90798603 0.90881072 ... 0.84017667 0.83981811 0.83947858]
 [0.84074524 0.9082725  0.90910375 ... 0.84061041 0.84024978 0.83990825]
 [0.84135125 0.90852981 0.90936227 ... 0.84102952 0.84066837 0.84032632]]
00:00:00.00 State variable yC: [[0.05777738 0.04975823 0.04969887 ... 0.05775222 0.05776601 0.05777905]
 [0.05807225 0.0494772  0.04943082 ... 0.05804291 0.05805763 0.05807153]
 [0.05833352 0.04919034 0.04914709 ... 0.05829915 0.05831541 0.05833075]
 ...
 [0.05991745 0.04659104 0.04637351 ... 0.0597855  0.0598245  0.05986131]
 [0.05996227 0.04658781 0.04636097 ... 0.05981562 0.05985508 0.05989233]
 [0.06000581 0.04663252 0.04640011 ... 0.05984319 0.05988295 0.05992047]]
00:00:00.01 State variable velocity: yC
00:00:28.97 done
