Starting at 2022-07-09 19:05:10.165096
Args: ./mainprocess.py
00:00:00.00 time :[  0.   1.   2.   3.   4.   5.   6.   7.   8.   9.  10.  11.  12.  13.
  14.  15.  16.  17.  18.  19.  20.  21.  22.  23.  24.  25.  26.  27.
  28.  29.  30.  31.  32.  33.  34.  35.  36.  37.  38.  39.  40.  41.
  42.  43.  44.  45.  46.  47.  48.  49.  50.  51.  52.  53.  54.  55.
  56.  57.  58.  59.  60.  61.  62.  63.  64.  65.  66.  67.  68.  69.
  70.  71.  72.  73.  74.  75.  76.  77.  78.  79.  80.  81.  82.  83.
  84.  85.  86.  87.  88.  89.  90.  91.  92.  93.  94.  95.  96.  97.
  98.  99. 100.]
00:00:00.00 parameters: {'R': 8.314, 'nocomponents': 3, 'feed_yi': [0.05, 0.9, 0.05], 'ini_yi': [0.1, 0.8, 0.1], 'collect': ['zL_tads', 'z0_teva', 'zL_tblw'], 'isomodel': 'Langmuir-Freundlich', 'bi': array([163.20808982,  14.17940626,  18.99101317]), 'qsi': array([8.70540022, 5.11574332, 4.92779577]), 'qs0': 8.7054002164432, 'ni': [1.0, 1.0, 1.0], 'ki': [0.62, 0.62, 0.62], 'Hi': [0, 0, 0], 'mode': 1, 'bed': 1, 'N': 20, 'tN': 101, 'Ta': 298, 'D': 0.3, 'L': 1, 'epsilon': 0.37, 'rp': 0.0007, 'feed_pressure': 10, 'vfeed': 1, 'PI': 100000.0, 'PL': 10000.0, 'lamda_pre': 0.5, 'lamda_blw': 0.5, 'lamda_eva': 0.5, 'tpre': 15, 'tads': 15, 'tblw': 30, 'teva': 40, 'rho_s': 1130, 'rho_w': 7800, 'Cpg': 30.7, 'Cpa': 30.7, 'Cps': 1339, 'Cpw': 502, 'mu': 1.72e-05, 'Dm': 1.6e-05, 'gamma': 1.4, 'Kz': 0.09, 'Kw': 16, 'hin': 8.6, 'hout': 2.5, 'eta': 0.72, 'DL': 0.00049, 'xnames': ['xA', 'xB', 'xC'], 'ynames': ['yA', 'yB', 'yC'], 'state_names': ['P', 'T', 'Tw', 'xA', 'xB', 'xC', 'yA', 'yB', 'yC'], 'state_sizes': [20, 20, 20, 20, 20, 20, 20, 20, 20], 'area': 0.07068583470577035, 'volume': 0.07068583470577035, 'rin': 0.15, 'rout': 0.4, 'epst': 0.5873015873015873, 'epsb': 1.7027027027027026, 'cellsize': 0.05, 'deltaZ': 0.05, 'container_vol': 0.07068583470577035, 'PH': 1000000.0, 'norm_v0': 1, 'norm_t0': 1.0, 'norm_P0': 1000000.0, 'norm_T0': 298, 'norm_tpre': 15.0, 'norm_tads': 30.0, 'norm_tblw': 60.0, 'norm_tend': 100.0, 'tstep': 1.0, 'index_tpre': 15, 'index_tads': 30, 'index_tblw': 60, 'index_tend': 100}
00:00:00.01 State variable P: [[0.0102707  0.39898513 0.63563833 ... 0.01029277 0.01028234 0.01027254]
 [0.01076928 0.3979238  0.63526223 ... 0.01082857 0.01080056 0.0107741 ]
 [0.01123767 0.39692085 0.63490745 ... 0.01132997 0.01128631 0.01124497]
 ...
 [0.01489197 0.38861521 0.63199353 ... 0.01519037 0.01504765 0.01491137]
 [0.01493738 0.38850478 0.63195508 ... 0.01523794 0.01509419 0.01495692]
 [0.01496006 0.38844959 0.63193586 ... 0.0152617  0.01511744 0.01497967]]
00:00:00.01 State variable T: [[1. 1. 1. ... 1. 1. 1.]
 [1. 1. 1. ... 1. 1. 1.]
 [1. 1. 1. ... 1. 1. 1.]
 ...
 [1. 1. 1. ... 1. 1. 1.]
 [1. 1. 1. ... 1. 1. 1.]
 [1. 1. 1. ... 1. 1. 1.]]
00:00:00.01 State variable Tw: [[1. 1. 1. ... 1. 1. 1.]
 [1. 1. 1. ... 1. 1. 1.]
 [1. 1. 1. ... 1. 1. 1.]
 ...
 [1. 1. 1. ... 1. 1. 1.]
 [1. 1. 1. ... 1. 1. 1.]
 [1. 1. 1. ... 1. 1. 1.]]
00:00:00.01 State variable xA: [[0.35269774 0.35661536 0.35977354 ... 0.35267902 0.35264407 0.35261108]
 [0.35194901 0.35549146 0.35792694 ... 0.35197467 0.35192873 0.35188509]
 [0.35064302 0.35403729 0.35626738 ... 0.35069541 0.35064397 0.3505949 ]
 ...
 [0.34339497 0.34558216 0.34722373 ... 0.34191653 0.34185928 0.34180357]
 [0.34417806 0.34636157 0.34800606 ... 0.34233306 0.34227568 0.34221982]
 [0.34517942 0.34737139 0.34902434 ... 0.3429418  0.34288412 0.34282797]]
00:00:00.01 State variable xB: [[0.20345195 0.26327366 0.30049756 ... 0.2036803  0.20359065 0.20350602]
 [0.20809781 0.26587403 0.302607   ... 0.20863255 0.20839662 0.20817254]
 [0.21246087 0.26831944 0.30442834 ... 0.21323441 0.21288341 0.21254879]
 ...
 [0.23990431 0.28156776 0.31407548 ... 0.24218653 0.24139607 0.24062985]
 [0.23986774 0.28127705 0.31373097 ... 0.24229612 0.24150388 0.24073582]
 [0.23961837 0.28086185 0.31326092 ... 0.24220014 0.24140751 0.24063903]]
00:00:00.01 State variable xC: [[0.01599829 0.01958995 0.02186263 ... 0.01600934 0.01600484 0.01600067]
 [0.016385   0.01977317 0.02196451 ... 0.01641597 0.0164015  0.0163878 ]
 [0.01672781 0.01994179 0.02205252 ... 0.01677346 0.01675144 0.01673048]
 ...
 [0.01849222 0.02078252 0.0225499  ... 0.0186363  0.01858897 0.01854306]
 [0.01846941 0.02074458 0.0225071  ... 0.01862534 0.01857801 0.01853209]
 [0.0184325  0.02069573 0.02245239 ... 0.01860088 0.01855361 0.01850775]]
00:00:00.01 State variable yA: [[0.07703175 0.04883446 0.04861482 ... 0.07695656 0.07697786 0.07699792]
 [0.07535601 0.04832551 0.04805698 ... 0.07519961 0.07526232 0.07532218]
 [0.07372061 0.04795539 0.04767413 ... 0.07350485 0.07359774 0.07368701]
 ...
 [0.06479912 0.04606285 0.04577008 ... 0.0639899  0.06416426 0.06433542]
 [0.06495086 0.04621471 0.04592079 ... 0.06403977 0.06421461 0.06438627]
 [0.0651944  0.04641383 0.04611844 ... 0.06417344 0.06434876 0.06452091]]
00:00:00.01 State variable yB: [[0.8699324  0.90134177 0.90157671 ... 0.87002406 0.86999634 0.86997003]
 [0.87143983 0.90201711 0.90230324 ... 0.87161943 0.8715486  0.87148086]
 [0.87297693 0.90252362 0.90282793 ... 0.87322344 0.87312026 0.87302102]
 ...
 [0.88241912 0.90483007 0.90519318 ... 0.88326454 0.88306565 0.88287051]
 [0.88232944 0.90472378 0.90508809 ... 0.88326891 0.88306938 0.88287358]
 [0.8821471  0.90458096 0.90494645 ... 0.88318814 0.88298802 0.88279164]]
00:00:00.01 State variable yC: [[0.05303585 0.04982377 0.04980847 ... 0.05301939 0.0530258  0.05303206]
 [0.05320416 0.04965737 0.04963978 ... 0.05318097 0.05318908 0.05319696]
 [0.05330246 0.04952099 0.04949794 ... 0.05327171 0.053282   0.05329197]
 ...
 [0.05278176 0.04910708 0.04903674 ... 0.05274556 0.05277009 0.05279408]
 [0.0527197  0.04906151 0.04899112 ... 0.05269132 0.05271601 0.05274015]
 [0.0526585  0.04900521 0.04893511 ... 0.05263842 0.05266321 0.05268745]]
00:00:00.02 State variable velocity: yC
03:10:48.45 done
