Starting at 2022-07-04 23:04:44.900266
Args: ./mainprocess.py
00:00:00.00 time :[  0.   1.   2.   3.   4.   5.   6.   7.   8.   9.  10.  11.  12.  13.
  14.  15.  16.  17.  18.  19.  20.  21.  22.  23.  24.  25.  26.  27.
  28.  29.  30.  31.  32.  33.  34.  35.  36.  37.  38.  39.  40.  41.
  42.  43.  44.  45.  46.  47.  48.  49.  50.  51.  52.  53.  54.  55.
  56.  57.  58.  59.  60.  61.  62.  63.  64.  65.  66.  67.  68.  69.
  70.  71.  72.  73.  74.  75.  76.  77.  78.  79.  80.  81.  82.  83.
  84.  85.  86.  87.  88.  89.  90.  91.  92.  93.  94.  95.  96.  97.
  98.  99. 100.]
00:00:00.00 parameters: {'R': 8.314, 'nocomponents': 3, 'feed_yi': [0.05, 0.9, 0.05], 'ini_yi': [0.1, 0.8, 0.1], 'collect': ['zL_tads', 'z0_teva', 'zL_tblw'], 'isomodel': 'Langmuir-Freundlich', 'bi': array([66.62311197,  0.69807275,  0.99200713]), 'qsi': array([10.17865351, 12.74046179, 11.34306752]), 'qs0': 12.740461786811514, 'ni': [1.0, 1.0, 1.0], 'ki': [0.62, 0.62, 0.62], 'Hi': [0, 0, 0], 'mode': 1, 'bed': 1, 'N': 20, 'tN': 101, 'Ta': 298, 'D': 0.3, 'L': 1, 'epsilon': 0.37, 'rp': 0.0007, 'feed_pressure': 1, 'vfeed': 1, 'PI': 50000.0, 'PL': 25000.0, 'PH': 100000.0, 'lamda_pre': 0.5, 'lamda_blw': 0.5, 'lamda_eva': 0.5, 'tpre': 15, 'tads': 15, 'tblw': 30, 'teva': 40, 'rho_s': 1130, 'rho_w': 7800, 'Cpg': 30.7, 'Cpa': 30.7, 'Cps': 1339, 'Cpw': 502, 'mu': 1.72e-05, 'Dm': 1.6e-05, 'gamma': 1.4, 'Kz': 0.09, 'Kw': 16, 'hin': 8.6, 'hout': 2.5, 'eta': 0.72, 'DL': 0.00049, 'xnames': ['xA', 'xB', 'xC'], 'ynames': ['yA', 'yB', 'yC'], 'state_names': ['P', 'T', 'Tw', 'xA', 'xB', 'xC', 'yA', 'yB', 'yC'], 'state_sizes': [20, 20, 20, 20, 20, 20, 20, 20, 20], 'area': 0.07068583470577035, 'volume': 0.07068583470577035, 'rin': 0.15, 'rout': 0.4, 'epst': 0.5873015873015873, 'epsb': 1.7027027027027026, 'cellsize': 0.05, 'deltaZ': 0.05, 'container_vol': 0.07068583470577035, 'norm_v0': 1, 'norm_t0': 1.0, 'norm_P0': 100000.0, 'norm_T0': 298, 'norm_tpre': 15.0, 'norm_tads': 30.0, 'norm_tblw': 60.0, 'norm_tend': 100.0, 'tstep': 1.0, 'index_tpre': 15, 'index_tads': 30, 'index_tblw': 60, 'index_tend': 100}
00:00:00.00 State variable P: [[0.25018467 0.53190744 0.70959606 ... 0.25022603 0.25020523 0.2501865 ]
 [0.25054943 0.50728043 0.68194524 ... 0.25067223 0.25061046 0.25055482]
 [0.25090882 0.48401947 0.6552196  ... 0.25111165 0.25100961 0.25091767]
 ...
 [0.2544851  0.30499742 0.41000572 ... 0.25546788 0.25497196 0.25452386]
 [0.25454019 0.30292344 0.40635014 ... 0.25553472 0.25503284 0.25457934]
 [0.25456782 0.30188947 0.4045128  ... 0.25556824 0.25506337 0.25460717]]
00:00:00.00 State variable T: [[1. 1. 1. ... 1. 1. 1.]
 [1. 1. 1. ... 1. 1. 1.]
 [1. 1. 1. ... 1. 1. 1.]
 ...
 [1. 1. 1. ... 1. 1. 1.]
 [1. 1. 1. ... 1. 1. 1.]
 [1. 1. 1. ... 1. 1. 1.]]
00:00:00.00 State variable Tw: [[1. 1. 1. ... 1. 1. 1.]
 [1. 1. 1. ... 1. 1. 1.]
 [1. 1. 1. ... 1. 1. 1.]
 ...
 [1. 1. 1. ... 1. 1. 1.]
 [1. 1. 1. ... 1. 1. 1.]
 [1. 1. 1. ... 1. 1. 1.]]
00:00:00.00 State variable xA: [[0.48342199 0.48203999 0.48262768 ... 0.48328077 0.48326271 0.48324636]
 [0.46827263 0.46934189 0.47092268 ... 0.46790366 0.46789188 0.46788129]
 [0.4582774  0.45926933 0.46073484 ... 0.45749857 0.45748953 0.45748141]
 ...
 [0.45563706 0.45583032 0.45647083 ... 0.45359152 0.453579   0.4535676 ]
 [0.45560369 0.45579042 0.45643126 ... 0.45359521 0.45358255 0.45357099]
 [0.45533616 0.45551957 0.45616101 ... 0.45334021 0.45332752 0.45331595]]
00:00:00.00 State variable xB: [[0.04988045 0.06345849 0.08499586 ... 0.04991613 0.0499148  0.04991361]
 [0.05276264 0.06492535 0.08597314 ... 0.05286006 0.05284763 0.05283644]
 [0.05470091 0.06595363 0.0865889  ... 0.05489456 0.05487135 0.05485044]
 ...
 [0.05626759 0.05825254 0.06655858 ... 0.05689421 0.05677447 0.05666621]
 [0.05630297 0.05818903 0.06627609 ... 0.05692578 0.05680456 0.05669496]
 [0.05637506 0.0582137  0.06619785 ... 0.05699745 0.05687536 0.05676496]]
00:00:00.00 State variable xC: [[0.00410067 0.00481845 0.0061365  ... 0.00410315 0.00410303 0.00410293]
 [0.00433619 0.00497252 0.00621087 ... 0.00434365 0.00434271 0.00434186]
 [0.00448955 0.00508405 0.006261   ... 0.00450478 0.00450306 0.00450152]
 ...
 [0.00434471 0.00446534 0.00494137 ... 0.00438859 0.00438121 0.00437453]
 [0.00432742 0.0044414  0.00490488 ... 0.00437064 0.00436323 0.00435654]
 [0.00431391 0.00442421 0.00487974 ... 0.0043567  0.00434932 0.00434266]]
00:00:00.00 State variable yA: [[0.10662392 0.05792364 0.04851491 ... 0.10652828 0.10652736 0.10652649]
 [0.09855427 0.05719487 0.04690188 ... 0.09832663 0.09834225 0.09835633]
 [0.09357859 0.05623759 0.04568001 ... 0.09314621 0.09317476 0.09320052]
 ...
 [0.09122075 0.07879467 0.06259354 ... 0.08999038 0.09013394 0.09026423]
 [0.09118731 0.0792157  0.06302063 ... 0.08997071 0.09011593 0.09024773]
 [0.09105493 0.07932678 0.06315807 ... 0.08984417 0.08999006 0.09012247]]
00:00:00.00 State variable yB: [[0.83886848 0.89274263 0.90184461 ... 0.83896393 0.83896487 0.83896576]
 [0.84646123 0.89349884 0.90375022 ... 0.8466812  0.84666575 0.84665181]
 [0.85120023 0.8943322  0.90522057 ... 0.85161332 0.85158468 0.85155884]
 ...
 [0.85647788 0.86988594 0.88815183 ... 0.85768213 0.85752905 0.85739009]
 [0.85673559 0.86964774 0.88782273 ... 0.85792867 0.85777349 0.85763262]
 [0.8570753  0.86973698 0.88785566 ... 0.85826513 0.85810874 0.85796673]]
00:00:00.00 State variable yC: [[0.05450763 0.04933373 0.04964048 ... 0.0545078  0.05450777 0.05450776]
 [0.05498452 0.04930629 0.0493479  ... 0.05499217 0.054992   0.05499186]
 [0.05522117 0.04943021 0.04909942 ... 0.05524047 0.05524056 0.05524064]
 ...
 [0.05230137 0.05131935 0.04925463 ... 0.05232748 0.05233701 0.05234569]
 [0.05207711 0.05113649 0.04915664 ... 0.05210062 0.05211058 0.05211965]
 [0.05186977 0.05093629 0.04898629 ... 0.05189069 0.05190121 0.0519108 ]]
00:00:00.00 State variable velocity: yC
00:00:01.31 done
