Starting at 2022-07-04 23:20:07.882111
Args: ./mainprocess.py
00:00:00.00 time :[  0.   1.   2.   3.   4.   5.   6.   7.   8.   9.  10.  11.  12.  13.
  14.  15.  16.  17.  18.  19.  20.  21.  22.  23.  24.  25.  26.  27.
  28.  29.  30.  31.  32.  33.  34.  35.  36.  37.  38.  39.  40.  41.
  42.  43.  44.  45.  46.  47.  48.  49.  50.  51.  52.  53.  54.  55.
  56.  57.  58.  59.  60.  61.  62.  63.  64.  65.  66.  67.  68.  69.
  70.  71.  72.  73.  74.  75.  76.  77.  78.  79.  80.  81.  82.  83.
  84.  85.  86.  87.  88.  89.  90.  91.  92.  93.  94.  95.  96.  97.
  98.  99. 100.]
00:00:00.00 parameters: {'R': 8.314, 'nocomponents': 3, 'feed_yi': [0.05, 0.9, 0.05], 'ini_yi': [0.05, 0.9, 0.05], 'collect': ['zL_tads', 'z0_teva', 'zL_tblw'], 'isomodel': 'Langmuir-Freundlich', 'bi': array([66.62311197,  0.69807275,  0.99200713]), 'qsi': array([10.17865351, 12.74046179, 11.34306752]), 'qs0': 12.740461786811514, 'ni': [1.0, 1.0, 1.0], 'ki': [0.62, 0.62, 0.62], 'Hi': [0, 0, 0], 'mode': 1, 'bed': 1, 'N': 20, 'tN': 101, 'Ta': 298, 'D': 0.3, 'L': 1, 'epsilon': 0.37, 'rp': 0.0007, 'feed_pressure': 1, 'vfeed': 1, 'PI': 50000.0, 'PL': 25000.0, 'PH': 100000.0, 'lamda_pre': 0.5, 'lamda_blw': 0.5, 'lamda_eva': 0.5, 'tpre': 15, 'tads': 15, 'tblw': 30, 'teva': 40, 'rho_s': 1130, 'rho_w': 7800, 'Cpg': 30.7, 'Cpa': 30.7, 'Cps': 1339, 'Cpw': 502, 'mu': 1.72e-05, 'Dm': 1.6e-05, 'gamma': 1.4, 'Kz': 0.09, 'Kw': 16, 'hin': 8.6, 'hout': 2.5, 'eta': 0.72, 'DL': 0.00049, 'xnames': ['xA', 'xB', 'xC'], 'ynames': ['yA', 'yB', 'yC'], 'state_names': ['P', 'T', 'Tw', 'xA', 'xB', 'xC', 'yA', 'yB', 'yC'], 'state_sizes': [20, 20, 20, 20, 20, 20, 20, 20, 20], 'area': 0.07068583470577035, 'volume': 0.07068583470577035, 'rin': 0.15, 'rout': 0.4, 'epst': 0.5873015873015873, 'epsb': 1.7027027027027026, 'cellsize': 0.05, 'deltaZ': 0.05, 'container_vol': 0.07068583470577035, 'norm_v0': 1, 'norm_t0': 1.0, 'norm_P0': 100000.0, 'norm_T0': 298, 'norm_tpre': 15.0, 'norm_tads': 30.0, 'norm_tblw': 60.0, 'norm_tend': 100.0, 'tstep': 1.0, 'index_tpre': 15, 'index_tads': 30, 'index_tblw': 60, 'index_tend': 100}
00:00:00.00 State variable P: [[0.25045277 0.53085694 0.7078142  ... 0.25052496 0.25048688 0.25045181]
 [0.25134171 0.504094   0.67660415 ... 0.25155479 0.25144261 0.25133906]
 [0.25221332 0.47866604 0.64616351 ... 0.25256405 0.25237963 0.25220921]
 ...
 [0.26071008 0.29267733 0.3666437  ... 0.26237744 0.26151059 0.26070533]
 [0.26083858 0.29087854 0.36270186 ... 0.26252543 0.26164857 0.26083396]
 [0.26090301 0.28998759 0.36072473 ... 0.26259962 0.26171774 0.26089846]]
00:00:00.01 State variable T: [[1. 1. 1. ... 1. 1. 1.]
 [1. 1. 1. ... 1. 1. 1.]
 [1. 1. 1. ... 1. 1. 1.]
 ...
 [1. 1. 1. ... 1. 1. 1.]
 [1. 1. 1. ... 1. 1. 1.]
 [1. 1. 1. ... 1. 1. 1.]]
00:00:00.01 State variable Tw: [[1. 1. 1. ... 1. 1. 1.]
 [1. 1. 1. ... 1. 1. 1.]
 [1. 1. 1. ... 1. 1. 1.]
 ...
 [1. 1. 1. ... 1. 1. 1.]
 [1. 1. 1. ... 1. 1. 1.]
 [1. 1. 1. ... 1. 1. 1.]]
00:00:00.01 State variable xA: [[0.47179521 0.470807   0.47218719 ... 0.47236606 0.47230775 0.4722535 ]
 [0.44669256 0.4480922  0.45038189 ... 0.4477067  0.44765793 0.4476126 ]
 [0.42227013 0.42361218 0.42586343 ... 0.42386935 0.42382564 0.42378502]
 ...
 [0.30799383 0.30806704 0.30836633 ... 0.30658288 0.30656948 0.306557  ]
 [0.3080965  0.30816544 0.30846144 ... 0.30672897 0.30671539 0.30670274]
 [0.30776405 0.30783081 0.30812514 ... 0.30642764 0.30641404 0.30640137]]
00:00:00.01 State variable xB: [[0.05211436 0.06594235 0.08790124 ... 0.05202529 0.05202753 0.05202964]
 [0.05696641 0.06957681 0.09149549 ... 0.05682993 0.05681191 0.05679521]
 [0.06172023 0.07364976 0.09570812 ... 0.06151297 0.06147369 0.06143726]
 ...
 [0.08612284 0.08777698 0.09579292 ... 0.08694805 0.08666255 0.08639661]
 [0.08617105 0.08770048 0.09537388 ... 0.08699458 0.08670581 0.08643682]
 [0.08628098 0.08775027 0.09525934 ... 0.08710248 0.08681176 0.08654094]]
00:00:00.01 State variable xC: [[0.00424641 0.00498534 0.00633674 ... 0.00423863 0.00423883 0.00423901]
 [0.00464268 0.00530495 0.00660023 ... 0.00463075 0.00462942 0.00462819]
 [0.0050264  0.00565455 0.00691337 ... 0.00500838 0.00500549 0.00500281]
 ...
 [0.0065499  0.00664974 0.00711449 ... 0.00660495 0.00658759 0.00657142]
 [0.00652051 0.00661219 0.0070561  ... 0.00657486 0.00655749 0.00654129]
 [0.00649731 0.00658466 0.00701648 ... 0.00655097 0.00653367 0.00651754]]
00:00:00.01 State variable yA: [[0.10033133 0.05504206 0.04640799 ... 0.10059272 0.10057949 0.100567  ]
 [0.08812771 0.05184872 0.04277658 ... 0.08850843 0.08852294 0.08853625]
 [0.07780369 0.04768289 0.03900541 ... 0.07832794 0.07836145 0.07839246]
 ...
 [0.04255913 0.03871723 0.03235831 ... 0.04201874 0.04213238 0.04223979]
 [0.04256362 0.03893257 0.03265402 ... 0.04203031 0.04214521 0.04225383]
 [0.04247989 0.03896136 0.03273847 ... 0.04195311 0.04206843 0.04217747]]
00:00:00.01 State variable yB: [[0.84523293 0.89549908 0.90381343 ... 0.84499385 0.84500599 0.84501749]
 [0.85668604 0.89860032 0.90761557 ... 0.85633718 0.85632206 0.85630824]
 [0.86642144 0.90245496 0.91149204 ... 0.86594029 0.86590586 0.86587404]
 ...
 [0.90310173 0.90778255 0.91597708 ... 0.90366365 0.90352694 0.90339765]
 [0.90335449 0.90777875 0.9158133  ... 0.90391165 0.9037729  0.90364166]
 [0.90367844 0.90797553 0.91592736 ... 0.90423121 0.90409127 0.90395888]]
00:00:00.01 State variable yC: [[0.05443574 0.04945886 0.04977858 ... 0.05441343 0.05441452 0.05441551]
 [0.05518625 0.04955096 0.04960785 ... 0.05515439 0.055155   0.05515551]
 [0.05577487 0.04986215 0.04950255 ... 0.05573177 0.05573269 0.0557335 ]
 ...
 [0.05433914 0.05350022 0.05166461 ... 0.05431761 0.05434068 0.05436256]
 [0.05408189 0.05328868 0.05153267 ... 0.05405804 0.0540819  0.05410451]
 [0.05384167 0.05306311 0.05133416 ... 0.05381567 0.0538403  0.05386365]]
00:00:00.02 State variable velocity: yC
00:00:01.15 done
