Starting at 2022-07-05 01:08:49.735337
Args: ./mainprocess.py
00:00:00.00 time :[  0.   1.   2.   3.   4.   5.   6.   7.   8.   9.  10.  11.  12.  13.
  14.  15.  16.  17.  18.  19.  20.  21.  22.  23.  24.  25.  26.  27.
  28.  29.  30.  31.  32.  33.  34.  35.  36.  37.  38.  39.  40.  41.
  42.  43.  44.  45.  46.  47.  48.  49.  50.  51.  52.  53.  54.  55.
  56.  57.  58.  59.  60.  61.  62.  63.  64.  65.  66.  67.  68.  69.
  70.  71.  72.  73.  74.  75.  76.  77.  78.  79.  80.  81.  82.  83.
  84.  85.  86.  87.  88.  89.  90.  91.  92.  93.  94.  95.  96.  97.
  98.  99. 100.]
00:00:00.00 parameters: {'R': 8.314, 'nocomponents': 3, 'feed_yi': [0.05, 0.9, 0.05], 'ini_yi': [0.1, 0.8, 0.1], 'collect': ['zL_tads', 'z0_teva', 'zL_tblw'], 'isomodel': 'Langmuir-Freundlich', 'bi': array([66.62311197,  0.69807275,  0.99200713]), 'qsi': array([10.17865351, 12.74046179, 11.34306752]), 'qs0': 12.740461786811514, 'ni': [1.0, 1.0, 1.0], 'ki': [0.62, 0.62, 0.62], 'Hi': [0, 0, 0], 'mode': 1, 'bed': 1, 'N': 20, 'tN': 101, 'Ta': 298, 'D': 0.3, 'L': 1, 'epsilon': 0.37, 'rp': 0.0007, 'feed_pressure': 10, 'vfeed': 1, 'PI': 100000.0, 'PL': 10000.0, 'lamda_pre': 0.5, 'lamda_blw': 0.5, 'lamda_eva': 0.5, 'tpre': 15, 'tads': 15, 'tblw': 30, 'teva': 40, 'rho_s': 1130, 'rho_w': 7800, 'Cpg': 30.7, 'Cpa': 30.7, 'Cps': 1339, 'Cpw': 502, 'mu': 1.72e-05, 'Dm': 1.6e-05, 'gamma': 1.4, 'Kz': 0.09, 'Kw': 16, 'hin': 8.6, 'hout': 2.5, 'eta': 0.72, 'DL': 0.00049, 'xnames': ['xA', 'xB', 'xC'], 'ynames': ['yA', 'yB', 'yC'], 'state_names': ['P', 'T', 'Tw', 'xA', 'xB', 'xC', 'yA', 'yB', 'yC'], 'state_sizes': [20, 20, 20, 20, 20, 20, 20, 20, 20], 'area': 0.07068583470577035, 'volume': 0.07068583470577035, 'rin': 0.15, 'rout': 0.4, 'epst': 0.5873015873015873, 'epsb': 1.7027027027027026, 'cellsize': 0.05, 'deltaZ': 0.05, 'container_vol': 0.07068583470577035, 'PH': 1000000.0, 'norm_v0': 1, 'norm_t0': 1.0, 'norm_P0': 1000000.0, 'norm_T0': 298, 'norm_tpre': 15.0, 'norm_tads': 30.0, 'norm_tblw': 60.0, 'norm_tend': 100.0, 'tstep': 1.0, 'index_tpre': 15, 'index_tads': 30, 'index_tblw': 60, 'index_tend': 100}
00:00:00.00 State variable P: [[0.01061829 0.39694637 0.63467852 ... 0.0106758  0.0106465  0.0106192 ]
 [0.01165248 0.39191908 0.63250883 ... 0.01179199 0.01172125 0.01165472]
 [0.01257483 0.38701465 0.63040575 ... 0.01278248 0.01267742 0.01257827]
 ...
 [0.01915941 0.3400127  0.61108538 ... 0.01978003 0.01946999 0.01917471]
 [0.01924018 0.33931051 0.61080966 ... 0.01986544 0.01955317 0.01925575]
 [0.01928054 0.33895868 0.6106717  ... 0.01990812 0.01959474 0.01929625]]
00:00:00.00 State variable T: [[1. 1. 1. ... 1. 1. 1.]
 [1. 1. 1. ... 1. 1. 1.]
 [1. 1. 1. ... 1. 1. 1.]
 ...
 [1. 1. 1. ... 1. 1. 1.]
 [1. 1. 1. ... 1. 1. 1.]
 [1. 1. 1. ... 1. 1. 1.]]
00:00:00.00 State variable Tw: [[1. 1. 1. ... 1. 1. 1.]
 [1. 1. 1. ... 1. 1. 1.]
 [1. 1. 1. ... 1. 1. 1.]
 ...
 [1. 1. 1. ... 1. 1. 1.]
 [1. 1. 1. ... 1. 1. 1.]
 [1. 1. 1. ... 1. 1. 1.]]
00:00:00.00 State variable xA: [[0.44422639 0.48442997 0.53078322 ... 0.44527891 0.4447089  0.44417754]
 [0.43934815 0.46183772 0.49315135 ... 0.44074855 0.44003394 0.43935933]
 [0.41916777 0.43334027 0.4533375  ... 0.42054994 0.41988326 0.41924978]
 ...
 [0.1907079  0.19153121 0.19231129 ... 0.18829406 0.18825217 0.18821157]
 [0.19050936 0.19132571 0.19209343 ... 0.18785561 0.18781418 0.18777403]
 [0.19069501 0.19151377 0.19227908 ... 0.18785932 0.18781792 0.18777779]]
00:00:00.00 State variable xB: [[0.02342384 0.09194754 0.13956319 ... 0.02349341 0.02346045 0.02342961]
 [0.02664424 0.10723865 0.17113376 ... 0.02689472 0.02676737 0.02664728]
 [0.03120452 0.12091441 0.20090229 ... 0.03165611 0.0314232  0.03120295]
 ...
 [0.08292275 0.19746323 0.3626012  ... 0.08586307 0.08457878 0.08335282]
 [0.08329642 0.19714007 0.3628701  ... 0.08629368 0.08500009 0.08376513]
 [0.08345158 0.19693874 0.36312063 ... 0.08648656 0.08518851 0.08394925]]
00:00:00.00 State variable xC: [[0.00235969 0.00682039 0.00998053 ... 0.00235723 0.00235837 0.00235959]
 [0.00269141 0.00790862 0.01216233 ... 0.0027056  0.00269804 0.00269101]
 [0.00315803 0.00889385 0.01419421 ... 0.00319028 0.00317319 0.00315709]
 ...
 [0.00812776 0.01377671 0.02156385 ... 0.00836456 0.00826428 0.00816826]
 [0.00813379 0.01365028 0.02111999 ... 0.00837404 0.00827381 0.0081778 ]
 [0.00811865 0.01351416 0.02059962 ... 0.00836062 0.00826081 0.00816519]]
00:00:00.00 State variable yA: [[0.18724815 0.03580616 0.03598931 ... 0.18719161 0.18718946 0.18718794]
 [0.16748307 0.02643981 0.02594336 ... 0.16671721 0.16709867 0.16746299]
 [0.14128675 0.02047306 0.01940304 ... 0.14006714 0.14070013 0.14130893]
 ...
 [0.02784374 0.00479084 0.00417196 ... 0.02662577 0.02698979 0.02734918]
 [0.02770297 0.0047849  0.00416403 ... 0.02644485 0.02680734 0.02716528]
 [0.02768698 0.00479077 0.00416744 ... 0.02639561 0.02675787 0.02711559]]
00:00:00.00 State variable yB: [[0.75264945 0.91362798 0.91342744 ... 0.75291481 0.75281675 0.75272074]
 [0.77079171 0.92275571 0.92317588 ... 0.7717249  0.77126569 0.77082525]
 [0.79492739 0.92872726 0.9296817  ... 0.79629442 0.79559522 0.79492156]
 ...
 [0.90194983 0.95282298 0.95452514 ... 0.90346284 0.90293824 0.90242243]
 [0.90231936 0.95381241 0.9557125  ... 0.90387587 0.90334997 0.90283286]
 [0.90257068 0.95494577 0.95708534 ... 0.90416404 0.90363582 0.90311645]]
00:00:00.00 State variable yC: [[0.06010241 0.05056586 0.05058326 ... 0.05989358 0.05999379 0.06009132]
 [0.06172522 0.05080449 0.05088076 ... 0.06155788 0.06163564 0.06171176]
 [0.06378587 0.05079969 0.05091526 ... 0.06363844 0.06370466 0.06376952]
 ...
 [0.07020643 0.04238618 0.0413029  ... 0.06991139 0.07007197 0.07022839]
 [0.06997767 0.04140269 0.04012347 ... 0.06967929 0.06984269 0.07000186]
 [0.06974234 0.04026345 0.03874721 ... 0.06944035 0.06960631 0.06976796]]
00:00:00.00 State variable velocity: yC
00:00:01.30 done
