Starting at 2022-07-18 02:29:09.676587
Args: test
00:00:00.00 time :[0.]
00:00:00.00 parameters: {'R': 8.314, 'nocomponents': 3, 'feed_yi': [0.05, 0.9, 0.05], 'ini_yi': [0.1, 0.8, 0.1], 'isomodel': 'Langmuir-Freundlich', 'bi': [3.499, 2.701, 7.185], 'qsi': [6.29, 4.59, 4.94], 'qs0': 6.29, 'ni': [1.0, 1.0, 1.0], 'ki': [0.62, 0.62, 0.62], 'Hi': [0, 0, 0], 'mode': 1, 'bed': 1, 'N': 10, 'tN': 51, 'Ta': 298, 'D': 0.3, 'L': 3, 'epsilon': 0.37, 'rp': 0.0007, 'feed_pressure': 1, 'vfeed': 1, 'PI': 50000.0, 'PL': 25000.0, 'lamda_pre': 0.5, 'lamda_blw': 0.5, 'lamda_eva': 0.5, 'tpre': 15, 'tads': 15, 'tblw': 30, 'teva': 40, 'rho_s': 1130, 'rho_w': 7800, 'Cpg': 30.7, 'Cpa': 30.7, 'Cps': 1339, 'Cpw': 502, 'mu': 1.72e-05, 'Dm': 1.6e-05, 'gamma': 1.4, 'Kz': 0.09, 'Kw': 16, 'hin': 8.6, 'hout': 2.5, 'eta': 0.72, 'DL': 0.00049, 'xnames': ['xA', 'xB', 'xC'], 'ynames': ['yA', 'yB', 'yC'], 'state_names': ['P', 'T', 'Tw', 'xA', 'xB', 'xC', 'yA', 'yB', 'yC'], 'state_sizes': [10, 10, 10, 10, 10, 10, 10, 10, 10], 'area': 0.07068583470577035, 'volume': 0.21205750411731106, 'rin': 0.15, 'rout': 0.4, 'epst': 0.5873015873015873, 'epsb': 1.7027027027027026, 'deltaZ': 0.1, 'container_vol': 0.21205750411731106, 'PH': 100000.0, 'norm_v0': 1, 'norm_t0': 3.0, 'norm_P0': 100000.0, 'norm_T0': 298, 'norm_tpre': 5.0, 'norm_tads': 10.0, 'norm_tblw': 20.0, 'norm_tend': 33.333333333333336, 'tstep': 0.6666666666666667, 'index_tpre': 7, 'index_tads': 14, 'index_tblw': 29, 'index_tend': 50, 'collect': ['zL_tblw', 'zL_tads', 'z0_teva']}
00:00:00.00 State variable P: [[0.98059912]
 [0.94333675]
 [0.90565243]
 [0.86812372]
 [0.83157412]
 [0.79710831]
 [0.7661384 ]
 [0.74036376]
 [0.72164313]
 [0.71170675]]
00:00:00.00 State variable T: [[1.]
 [1.]
 [1.]
 [1.]
 [1.]
 [1.]
 [1.]
 [1.]
 [1.]
 [1.]]
00:00:00.00 State variable Tw: [[1.]
 [1.]
 [1.]
 [1.]
 [1.]
 [1.]
 [1.]
 [1.]
 [1.]
 [1.]]
00:00:00.00 State variable xA: [[0.04595609]
 [0.04938872]
 [0.05372158]
 [0.05754857]
 [0.06020768]
 [0.06172953]
 [0.06247854]
 [0.06285691]
 [0.06316018]
 [0.06351184]]
00:00:00.00 State variable xB: [[0.43932381]
 [0.42682759]
 [0.41380418]
 [0.40208493]
 [0.3919264 ]
 [0.38300707]
 [0.37506563]
 [0.36815846]
 [0.36269815]
 [0.35935985]]
00:00:00.00 State variable xC: [[0.07542599]
 [0.08081702]
 [0.08553379]
 [0.0884657 ]
 [0.08996406]
 [0.09066615]
 [0.09104036]
 [0.09135691]
 [0.09174852]
 [0.09220821]]
00:00:00.00 State variable yA: [[0.05244836]
 [0.05719857]
 [0.0632908 ]
 [0.06906097]
 [0.07359325]
 [0.07679576]
 [0.07900974]
 [0.08063802]
 [0.08194252]
 [0.0829485 ]]
00:00:00.00 State variable yB: [[0.89416728]
 [0.88468281]
 [0.87408016]
 [0.86499455]
 [0.85819921]
 [0.85335645]
 [0.84979902]
 [0.84697064]
 [0.84461858]
 [0.84285048]]
00:00:00.00 State variable yC: [[0.05338435]
 [0.05812179]
 [0.06262812]
 [0.06594399]
 [0.0682062 ]
 [0.06984454]
 [0.0711842 ]
 [0.07237977]
 [0.07344756]
 [0.07426872]]
00:00:00.00 State variable velocity: yC
00:00:00.75 done
