Starting at 2022-07-18 02:46:51.102980
Args: test
00:00:00.00 time :[0.]
00:00:00.00 parameters: {'R': 8.314, 'nocomponents': 3, 'feed_yi': [0.05, 0.9, 0.05], 'ini_yi': [0.1, 0.8, 0.1], 'isomodel': 'Langmuir-Freundlich', 'bi': [3.499, 2.701, 7.185], 'qsi': [6.29, 4.59, 4.94], 'qs0': 6.29, 'ni': [1.0, 1.0, 1.0], 'ki': [0.62, 0.62, 0.62], 'Hi': [0, 0, 0], 'mode': 1, 'bed': 1, 'N': 10, 'tN': 51, 'Ta': 298, 'D': 0.3, 'L': 3, 'epsilon': 0.37, 'rp': 0.0007, 'feed_pressure': 1, 'vfeed': 1, 'PI': 50000.0, 'PL': 25000.0, 'lamda_pre': 0.5, 'lamda_blw': 0.5, 'lamda_eva': 0.5, 'tpre': 15, 'tads': 15, 'tblw': 30, 'teva': 40, 'rho_s': 1130, 'rho_w': 7800, 'Cpg': 30.7, 'Cpa': 30.7, 'Cps': 1339, 'Cpw': 502, 'mu': 1.72e-05, 'Dm': 1.6e-05, 'gamma': 1.4, 'Kz': 0.09, 'Kw': 16, 'hin': 8.6, 'hout': 2.5, 'eta': 0.72, 'DL': 0.00049, 'xnames': ['xA', 'xB', 'xC'], 'ynames': ['yA', 'yB', 'yC'], 'state_names': ['P', 'T', 'Tw', 'xA', 'xB', 'xC', 'yA', 'yB', 'yC'], 'state_sizes': [10, 10, 10, 10, 10, 10, 10, 10, 10], 'area': 0.07068583470577035, 'volume': 0.21205750411731106, 'rin': 0.15, 'rout': 0.4, 'epst': 0.5873015873015873, 'epsb': 1.7027027027027026, 'deltaZ': 0.1, 'container_vol': 0.21205750411731106, 'PH': 100000.0, 'norm_v0': 1, 'norm_t0': 3.0, 'norm_P0': 100000.0, 'norm_T0': 298, 'norm_tpre': 5.0, 'norm_tads': 10.0, 'norm_tblw': 20.0, 'norm_tend': 33.333333333333336, 'tstep': 0.6666666666666667, 'index_tpre': 7, 'index_tads': 14, 'index_tblw': 29, 'index_tend': 50, 'collect': ['zL_tblw', 'zL_tads', 'z0_teva']}
00:00:00.00 State variable P: [[0.98077947]
 [0.94346483]
 [0.90566019]
 [0.86796843]
 [0.83123667]
 [0.79659207]
 [0.76546545]
 [0.73956998]
 [0.72077364]
 [0.71080464]]
00:00:00.00 State variable T: [[1.]
 [1.]
 [1.]
 [1.]
 [1.]
 [1.]
 [1.]
 [1.]
 [1.]
 [1.]]
00:00:00.00 State variable Tw: [[1.]
 [1.]
 [1.]
 [1.]
 [1.]
 [1.]
 [1.]
 [1.]
 [1.]
 [1.]]
00:00:00.00 State variable xA: [[0.04597326]
 [0.04939991]
 [0.05373249]
 [0.05755529]
 [0.0602065 ]
 [0.06172071]
 [0.06246478]
 [0.06284066]
 [0.06314205]
 [0.06349089]]
00:00:00.00 State variable xB: [[0.43945029]
 [0.42691844]
 [0.41383734]
 [0.40205909]
 [0.39184658]
 [0.38287883]
 [0.37489758]
 [0.36796454]
 [0.36249323]
 [0.35914918]]
00:00:00.00 State variable xC: [[0.07544735]
 [0.0808258 ]
 [0.08554261]
 [0.08847023]
 [0.08996101]
 [0.09065794]
 [0.09103099]
 [0.09134668]
 [0.09173425]
 [0.09218817]]
00:00:00.00 State variable yA: [[0.05245775]
 [0.05720218]
 [0.06329798]
 [0.06907001]
 [0.07360155]
 [0.07680394]
 [0.07902047]
 [0.0806529 ]
 [0.08195877]
 [0.08295323]]
00:00:00.00 State variable yB: [[0.89415013]
 [0.88467651]
 [0.87406967]
 [0.86498044]
 [0.8581862 ]
 [0.85334258]
 [0.84978029]
 [0.84694679]
 [0.84457506]
 [0.84266776]]
00:00:00.00 State variable yC: [[0.05339212]
 [0.05812137]
 [0.06263106]
 [0.0659493 ]
 [0.06821249]
 [0.06985405]
 [0.07120022]
 [0.07240211]
 [0.07347102]
 [0.07428187]]
00:00:00.00 State variable velocity: yC
00:00:00.73 done
