Starting at 2022-07-18 02:48:01.006665
Args: test
00:00:00.00 time :[0.]
00:00:00.00 parameters: {'R': 8.314, 'nocomponents': 3, 'feed_yi': [0.05, 0.9, 0.05], 'ini_yi': [0.1, 0.8, 0.1], 'isomodel': 'Langmuir-Freundlich', 'bi': [3.499, 2.701, 7.185], 'qsi': [6.29, 4.59, 4.94], 'qs0': 6.29, 'ni': [1.0, 1.0, 1.0], 'ki': [0.62, 0.62, 0.62], 'Hi': [0, 0, 0], 'mode': 1, 'bed': 1, 'N': 10, 'tN': 51, 'Ta': 298, 'D': 0.3, 'L': 3, 'epsilon': 0.37, 'rp': 0.0007, 'feed_pressure': 1, 'vfeed': 1, 'PI': 50000.0, 'PL': 25000.0, 'lamda_pre': 0.5, 'lamda_blw': 0.5, 'lamda_eva': 0.5, 'tpre': 15, 'tads': 15, 'tblw': 30, 'teva': 40, 'rho_s': 1130, 'rho_w': 7800, 'Cpg': 30.7, 'Cpa': 30.7, 'Cps': 1339, 'Cpw': 502, 'mu': 1.72e-05, 'Dm': 1.6e-05, 'gamma': 1.4, 'Kz': 0.09, 'Kw': 16, 'hin': 8.6, 'hout': 2.5, 'eta': 0.72, 'DL': 0.00049, 'xnames': ['xA', 'xB', 'xC'], 'ynames': ['yA', 'yB', 'yC'], 'state_names': ['P', 'T', 'Tw', 'xA', 'xB', 'xC', 'yA', 'yB', 'yC'], 'state_sizes': [10, 10, 10, 10, 10, 10, 10, 10, 10], 'area': 0.07068583470577035, 'volume': 0.21205750411731106, 'rin': 0.15, 'rout': 0.4, 'epst': 0.5873015873015873, 'epsb': 1.7027027027027026, 'deltaZ': 0.1, 'container_vol': 0.21205750411731106, 'PH': 100000.0, 'norm_v0': 1, 'norm_t0': 3.0, 'norm_P0': 100000.0, 'norm_T0': 298, 'norm_tpre': 5.0, 'norm_tads': 10.0, 'norm_tblw': 20.0, 'norm_tend': 33.333333333333336, 'tstep': 0.6666666666666667, 'index_tpre': 7, 'index_tads': 14, 'index_tblw': 29, 'index_tend': 50, 'collect': ['zL_tblw', 'zL_tads', 'z0_teva']}
00:00:00.00 State variable P: [[0.9745576 ]
 [0.92445874]
 [0.87317075]
 [0.82150493]
 [0.77064762]
 [0.72224372]
 [0.67843019]
 [0.64177416]
 [0.61504984]
 [0.60081933]]
00:00:00.00 State variable T: [[1.]
 [1.]
 [1.]
 [1.]
 [1.]
 [1.]
 [1.]
 [1.]
 [1.]
 [1.]]
00:00:00.00 State variable Tw: [[1.]
 [1.]
 [1.]
 [1.]
 [1.]
 [1.]
 [1.]
 [1.]
 [1.]
 [1.]]
00:00:00.00 State variable xA: [[0.04354787]
 [0.04392047]
 [0.04578132]
 [0.04865892]
 [0.05180901]
 [0.05455868]
 [0.05654283]
 [0.05776922]
 [0.05848437]
 [0.05898781]]
00:00:00.00 State variable xB: [[0.44445296]
 [0.43447012]
 [0.42081382]
 [0.40535136]
 [0.38967061]
 [0.3748268 ]
 [0.36150288]
 [0.35029647]
 [0.34193478]
 [0.33717987]]
00:00:00.00 State variable xC: [[0.06969158]
 [0.07132561]
 [0.0752271 ]
 [0.0794736 ]
 [0.08286327]
 [0.08506293]
 [0.08630413]
 [0.0869803 ]
 [0.08740197]
 [0.08776922]]
00:00:00.00 State variable yA: [[0.04971566]
 [0.05089807]
 [0.05407064]
 [0.05882118]
 [0.06431087]
 [0.06965491]
 [0.0742187 ]
 [0.07774532]
 [0.08025139]
 [0.08185041]]
00:00:00.00 State variable yB: [[0.90095973]
 [0.89789596]
 [0.89085266]
 [0.8815779 ]
 [0.87188765]
 [0.86306745]
 [0.85573947]
 [0.85001015]
 [0.84583501]
 [0.84321008]]
00:00:00.00 State variable yC: [[0.04932462]
 [0.05120597]
 [0.0550767 ]
 [0.05960092]
 [0.06380148]
 [0.06727731]
 [0.07004546]
 [0.07224229]
 [0.0739122 ]
 [0.07499645]]
00:00:00.00 State variable velocity: yC
00:00:00.69 done
