Starting at 2022-07-18 02:50:14.032528
Args: test
00:00:00.00 time :[0.]
00:00:00.00 parameters: {'R': 8.314, 'nocomponents': 3, 'feed_yi': [0.05, 0.9, 0.05], 'ini_yi': [0.1, 0.8, 0.1], 'isomodel': 'Langmuir-Freundlich', 'bi': [3.499, 2.701, 7.185], 'qsi': [6.29, 4.59, 4.94], 'qs0': 6.29, 'ni': [1.0, 1.0, 1.0], 'ki': [0.62, 0.62, 0.62], 'Hi': [0, 0, 0], 'mode': 1, 'bed': 1, 'N': 10, 'tN': 51, 'Ta': 298, 'D': 0.3, 'L': 3, 'epsilon': 0.37, 'rp': 0.0007, 'feed_pressure': 1, 'vfeed': 1, 'PI': 50000.0, 'PL': 25000.0, 'lamda_pre': 0.5, 'lamda_blw': 0.5, 'lamda_eva': 0.5, 'tpre': 15, 'tads': 15, 'tblw': 30, 'teva': 40, 'rho_s': 1130, 'rho_w': 7800, 'Cpg': 30.7, 'Cpa': 30.7, 'Cps': 1339, 'Cpw': 502, 'mu': 1.72e-05, 'Dm': 1.6e-05, 'gamma': 1.4, 'Kz': 0.09, 'Kw': 16, 'hin': 8.6, 'hout': 2.5, 'eta': 0.72, 'DL': 0.00049, 'xnames': ['xA', 'xB', 'xC'], 'ynames': ['yA', 'yB', 'yC'], 'state_names': ['P', 'T', 'Tw', 'xA', 'xB', 'xC', 'yA', 'yB', 'yC'], 'state_sizes': [10, 10, 10, 10, 10, 10, 10, 10, 10], 'area': 0.07068583470577035, 'volume': 0.21205750411731106, 'rin': 0.15, 'rout': 0.4, 'epst': 0.5873015873015873, 'epsb': 1.7027027027027026, 'deltaZ': 0.1, 'container_vol': 0.21205750411731106, 'PH': 100000.0, 'norm_v0': 1, 'norm_t0': 3.0, 'norm_P0': 100000.0, 'norm_T0': 298, 'norm_tpre': 5.0, 'norm_tads': 10.0, 'norm_tblw': 20.0, 'norm_tend': 33.333333333333336, 'tstep': 0.6666666666666667, 'index_tpre': 7, 'index_tads': 14, 'index_tblw': 29, 'index_tend': 50, 'collect': ['zL_tblw', 'zL_tads', 'z0_teva']}
00:00:00.00 State variable P: [[0.98080569]
 [0.9434994 ]
 [0.90568308]
 [0.86796642]
 [0.83120296]
 [0.79652592]
 [0.76537084]
 [0.7394533 ]
 [0.72064063]
 [0.71065733]]
00:00:00.00 State variable T: [[1.]
 [1.]
 [1.]
 [1.]
 [1.]
 [1.]
 [1.]
 [1.]
 [1.]
 [1.]]
00:00:00.00 State variable Tw: [[1.]
 [1.]
 [1.]
 [1.]
 [1.]
 [1.]
 [1.]
 [1.]
 [1.]
 [1.]]
00:00:00.00 State variable xA: [[0.04596917]
 [0.04940375]
 [0.05374043]
 [0.05756367]
 [0.06021261]
 [0.06172269]
 [0.06246132]
 [0.06283319]
 [0.06313543]
 [0.06349151]]
00:00:00.00 State variable xB: [[0.43950415]
 [0.42694456]
 [0.41384436]
 [0.40205023]
 [0.39182589]
 [0.38285404]
 [0.37487576]
 [0.36794558]
 [0.36247086]
 [0.35914597]]
00:00:00.00 State variable xC: [[0.07544118]
 [0.08083231]
 [0.08555242]
 [0.08848168]
 [0.08997179]
 [0.0906622 ]
 [0.09102499]
 [0.0913348 ]
 [0.09172609]
 [0.09219066]]
00:00:00.00 State variable yA: [[0.05245143]
 [0.05720324]
 [0.06330541]
 [0.06907976]
 [0.07361048]
 [0.07680914]
 [0.07901932]
 [0.08064636]
 [0.08195296]
 [0.08297705]]
00:00:00.00 State variable yB: [[0.89416669]
 [0.88467495]
 [0.87405884]
 [0.864962  ]
 [0.85816483]
 [0.85332518]
 [0.84977183]
 [0.84694111]
 [0.84455726]
 [0.84291248]]
00:00:00.00 State variable yC: [[0.05338635]
 [0.05812376]
 [0.06263714]
 [0.06595782]
 [0.06822188]
 [0.06985952]
 [0.07119804]
 [0.07239503]
 [0.07346671]
 [0.07430374]]
00:00:00.00 State variable velocity: yC
00:00:00.71 done
