Starting at 2022-07-18 02:56:18.560662
Args: test
00:00:00.00 time :[  0.           6.66666667  13.33333333  20.          26.66666667
  33.33333333  40.          46.66666667  53.33333333  60.
  66.66666667  73.33333333  80.          86.66666667  93.33333333
 100.         106.66666667 113.33333333 120.         126.66666667
 133.33333333 140.         146.66666667 153.33333333 160.
 166.66666667 173.33333333 180.         186.66666667 193.33333333
 200.         206.66666667 213.33333333 220.         226.66666667
 233.33333333 240.         246.66666667 253.33333333 260.
 266.66666667 273.33333333 280.         286.66666667 293.33333333
 300.         306.66666667 313.33333333 320.         326.66666667
 333.33333333]
00:00:00.00 parameters: {'R': 8.314, 'nocomponents': 3, 'feed_yi': [0.05, 0.9, 0.05], 'ini_yi': [0.1, 0.8, 0.1], 'isomodel': 'Langmuir-Freundlich', 'bi': [3.499, 2.701, 7.185], 'qsi': [6.29, 4.59, 4.94], 'qs0': 6.29, 'ni': [1.0, 1.0, 1.0], 'ki': [0.62, 0.62, 0.62], 'Hi': [0, 0, 0], 'mode': 1, 'bed': 1, 'N': 10, 'tN': 51, 'Ta': 298, 'D': 0.3, 'L': 0.3, 'epsilon': 0.37, 'rp': 0.0007, 'feed_pressure': 1, 'vfeed': 1, 'PI': 50000.0, 'PL': 25000.0, 'lamda_pre': 0.5, 'lamda_blw': 0.5, 'lamda_eva': 0.5, 'tpre': 15, 'tads': 15, 'tblw': 30, 'teva': 40, 'rho_s': 1130, 'rho_w': 7800, 'Cpg': 30.7, 'Cpa': 30.7, 'Cps': 1339, 'Cpw': 502, 'mu': 1.72e-05, 'Dm': 1.6e-05, 'gamma': 1.4, 'Kz': 0.09, 'Kw': 16, 'hin': 8.6, 'hout': 2.5, 'eta': 0.72, 'DL': 0.00049, 'xnames': ['xA', 'xB', 'xC'], 'ynames': ['yA', 'yB', 'yC'], 'state_names': ['P', 'T', 'Tw', 'xA', 'xB', 'xC', 'yA', 'yB', 'yC'], 'state_sizes': [10, 10, 10, 10, 10, 10, 10, 10, 10], 'area': 0.07068583470577035, 'volume': 0.021205750411731103, 'rin': 0.15, 'rout': 0.4, 'epst': 0.5873015873015873, 'epsb': 1.7027027027027026, 'deltaZ': 0.1, 'container_vol': 0.021205750411731103, 'PH': 100000.0, 'norm_v0': 1, 'norm_t0': 0.3, 'norm_P0': 100000.0, 'norm_T0': 298, 'norm_tpre': 50.0, 'norm_tads': 100.0, 'norm_tblw': 200.0, 'norm_tend': 333.33333333333337, 'tstep': 6.666666666666668, 'index_tpre': 7, 'index_tads': 14, 'index_tblw': 29, 'index_tend': 50, 'collect': ['zL_tblw', 'zL_tads', 'z0_teva']}
00:00:00.01 State variable P: [[0.24999992 0.7202808  0.8971981  0.96221789 0.98606128 0.99492072
  0.99813442 0.99930436 1.01066943 1.01079254 1.01087623 1.01090806
  1.01091678 1.01091778 1.01091636 1.0098316  0.69794503 0.58152151
  0.53383313 0.51395089 0.50565935 0.50226847 0.50089959 0.50034348
  0.50011953 0.50003764 0.50001202 0.50000138 0.49999655 0.49999986
  0.49975306 0.34494216 0.28677264 0.2644592  0.25575219 0.25233107
  0.25095889 0.25040626 0.25017783 0.2500787  0.25003879 0.25001957
  0.25001028 0.25000536 0.25000302 0.25000159 0.25000058 0.25000008
  0.24999964 0.24999976 0.24999987]
 [0.24999976 0.71329684 0.89437307 0.96112841 0.98564733 0.99477015
  0.99808385 0.99928913 1.00953112 1.00965087 1.00973226 1.00976317
  1.00977159 1.00977251 1.00977108 1.00922516 0.69766853 0.58124813
  0.53365445 0.51385385 0.50561216 0.50224695 0.50089019 0.50033968
  0.50011822 0.50003727 0.50001192 0.50000134 0.49999655 0.49999985
  0.49977066 0.35008727 0.29189946 0.26801666 0.25788259 0.25351558
  0.25159182 0.2507397  0.2503531  0.25016979 0.25008833 0.25004783
  0.25002657 0.25001448 0.25000809 0.25000422 0.25000169 0.25000026
  0.24999896 0.24999928 0.2499996 ]
 [0.24999961 0.70702059 0.89184255 0.96015342 0.98527681 0.99463537
  0.99803858 0.99927551 1.00839802 1.00851146 1.00858853 1.00861774
  1.00862563 1.00862642 1.008625   1.00835001 0.69711529 0.580701
  0.53329709 0.51365996 0.50551796 0.50220405 0.50087148 0.50033211
  0.50011563 0.50003654 0.50001171 0.50000128 0.49999656 0.49999986
  0.49978586 0.35454213 0.29635688 0.27115596 0.25979451 0.25459423
  0.25217497 0.25104938 0.25051676 0.25025527 0.25013494 0.25007444
  0.25004192 0.2500231  0.25001291 0.25000673 0.25000275 0.25000045
  0.24999832 0.24999883 0.24999934]
 [0.24999948 0.70147371 0.88961272 0.95929502 0.98495055 0.9945167
  0.99799873 0.99926352 1.00726938 1.00737387 1.00744483 1.00747168
  1.00747887 1.00747952 1.00747813 1.0073394  0.69628445 0.57987922
  0.53276101 0.51336954 0.50537708 0.50213997 0.50084356 0.50032085
  0.5001118  0.50003547 0.50001141 0.50000119 0.49999658 0.49999988
  0.49979883 0.35835312 0.30018395 0.27388512 0.26148044 0.2555573
  0.25270091 0.25133062 0.25066609 0.25033361 0.25017773 0.25009888
  0.25005603 0.25003105 0.25001737 0.25000906 0.25000375 0.25000063
  0.24999773 0.24999842 0.2499991 ]
 [0.24999935 0.69667671 0.88768946 0.95855521 0.98466932 0.99441442
  0.9979644  0.9992532  1.00614452 1.00623769 1.00630095 1.00632485
  1.00633121 1.00633173 1.00633043 1.00626025 0.69517448 0.57878132
  0.53204607 0.51298308 0.50519002 0.50205505 0.50080663 0.500306
  0.50010677 0.50003408 0.50001103 0.50000108 0.49999661 0.4999999
  0.49980971 0.36155791 0.30341242 0.27621133 0.26293455 0.25639672
  0.25316324 0.25157932 0.25079867 0.25040341 0.25021593 0.25012071
  0.25006865 0.25003817 0.25002137 0.25001116 0.25000466 0.25000081
  0.24999721 0.24999806 0.24999889]
 [0.24999925 0.69264817 0.88607808 0.9579358  0.98443383 0.9943288
  0.99793568 0.99924457 1.00502286 1.00510258 1.00515672 1.00517715
  1.00518256 1.00518296 1.00518181 1.00514618 0.69378317 0.57740521
  0.53115209 0.51250119 0.50495742 0.50194972 0.50076092 0.50028767
  0.5001006  0.5000324  0.50001058 0.50000094 0.49999665 0.49999993
  0.49981861 0.36418674 0.30606774 0.27814073 0.26415236 0.25710584
  0.25355658 0.25179196 0.25091241 0.25046348 0.25024884 0.25013952
  0.25007952 0.25004432 0.25002484 0.25001298 0.25000544 0.25000096
  0.24999676 0.24999774 0.24999871]
 [0.24999916 0.68940431 0.88478321 0.95743834 0.9842447  0.99426004
  0.99791263 0.99923766 1.00390383 1.00396826 1.00401201 1.00402851
  1.00403286 1.00403317 1.00403221 1.00401405 0.69210761 0.57574822
  0.5300788  0.51192468 0.50468011 0.50182452 0.50070674 0.50026602
  0.50009337 0.50003046 0.50001006 0.50000078 0.49999669 0.49999998
  0.49982562 0.36626341 0.30816993 0.27967843 0.2651304  0.2576793
  0.25387649 0.25196559 0.25100554 0.25051278 0.25027588 0.25015498
  0.25008846 0.25004939 0.2500277  0.25001449 0.2500061  0.25000109
  0.24999639 0.24999748 0.24999856]
 [0.24999909 0.68695866 0.88380861 0.95706412 0.9841024  0.99420833
  0.99789532 0.99923247 1.00278691 1.00283445 1.00286673 1.0028789
  1.0028821  1.00288231 1.0028816  1.00287236 0.69014419 0.57380706
  0.52882589 0.51125451 0.50435909 0.50168011 0.50064444 0.50024124
  0.50008519 0.50002831 0.50000948 0.5000006  0.49999674 0.50000003
  0.49983081 0.36780606 0.30973423 0.28082845 0.26586612 0.25811296
  0.25411946 0.25209787 0.25107664 0.25055049 0.25029658 0.25016681
  0.25009531 0.25005327 0.2500299  0.25001564 0.2500066  0.25000119
  0.24999611 0.24999728 0.24999844]
 [0.24999905 0.68532183 0.8831572  0.95681408 0.98400732 0.99417378
  0.99788376 0.99922901 1.00167156 1.00170087 1.00172079 1.00172829
  1.00173026 1.00173038 1.00172994 1.00172539 0.68788855 0.57157779
  0.527393   0.51049184 0.50399552 0.50151725 0.50057445 0.50021356
  0.50007615 0.50002597 0.50000887 0.5000004  0.49999679 0.50000009
  0.49983425 0.36882771 0.31077152 0.28159368 0.26635765 0.25840374
  0.25428287 0.25218703 0.25112464 0.25057597 0.25031057 0.25017482
  0.25009994 0.2500559  0.25003138 0.25001643 0.25000694 0.25000126
  0.24999591 0.24999714 0.24999836]
 [0.24999902 0.68450131 0.88283097 0.95668889 0.98395971 0.99415649
  0.99787798 0.99922727 1.00055724 1.00056727 1.00057409 1.00057666
  1.00057733 1.00057738 1.00057723 1.00057531 0.68533555 0.56905582
  0.52577976 0.50963801 0.50359076 0.50133683 0.50049724 0.50018321
  0.50006638 0.50002352 0.50000824 0.50000019 0.49999684 0.50000014
  0.49983595 0.36933664 0.31128865 0.28197595 0.26660375 0.25854964
  0.254365   0.2522319  0.25114881 0.25058882 0.25031763 0.25017885
  0.25010228 0.25005722 0.25003213 0.25001682 0.2500071  0.25000129
  0.24999581 0.24999707 0.24999831]]
00:00:00.01 State variable T: [[1. 1. 1. 1. 1. 1. 1. 1. 1. 1. 1. 1. 1. 1. 1. 1. 1. 1. 1. 1. 1. 1. 1. 1.
  1. 1. 1. 1. 1. 1. 1. 1. 1. 1. 1. 1. 1. 1. 1. 1. 1. 1. 1. 1. 1. 1. 1. 1.
  1. 1. 1.]
 [1. 1. 1. 1. 1. 1. 1. 1. 1. 1. 1. 1. 1. 1. 1. 1. 1. 1. 1. 1. 1. 1. 1. 1.
  1. 1. 1. 1. 1. 1. 1. 1. 1. 1. 1. 1. 1. 1. 1. 1. 1. 1. 1. 1. 1. 1. 1. 1.
  1. 1. 1.]
 [1. 1. 1. 1. 1. 1. 1. 1. 1. 1. 1. 1. 1. 1. 1. 1. 1. 1. 1. 1. 1. 1. 1. 1.
  1. 1. 1. 1. 1. 1. 1. 1. 1. 1. 1. 1. 1. 1. 1. 1. 1. 1. 1. 1. 1. 1. 1. 1.
  1. 1. 1.]
 [1. 1. 1. 1. 1. 1. 1. 1. 1. 1. 1. 1. 1. 1. 1. 1. 1. 1. 1. 1. 1. 1. 1. 1.
  1. 1. 1. 1. 1. 1. 1. 1. 1. 1. 1. 1. 1. 1. 1. 1. 1. 1. 1. 1. 1. 1. 1. 1.
  1. 1. 1.]
 [1. 1. 1. 1. 1. 1. 1. 1. 1. 1. 1. 1. 1. 1. 1. 1. 1. 1. 1. 1. 1. 1. 1. 1.
  1. 1. 1. 1. 1. 1. 1. 1. 1. 1. 1. 1. 1. 1. 1. 1. 1. 1. 1. 1. 1. 1. 1. 1.
  1. 1. 1.]
 [1. 1. 1. 1. 1. 1. 1. 1. 1. 1. 1. 1. 1. 1. 1. 1. 1. 1. 1. 1. 1. 1. 1. 1.
  1. 1. 1. 1. 1. 1. 1. 1. 1. 1. 1. 1. 1. 1. 1. 1. 1. 1. 1. 1. 1. 1. 1. 1.
  1. 1. 1.]
 [1. 1. 1. 1. 1. 1. 1. 1. 1. 1. 1. 1. 1. 1. 1. 1. 1. 1. 1. 1. 1. 1. 1. 1.
  1. 1. 1. 1. 1. 1. 1. 1. 1. 1. 1. 1. 1. 1. 1. 1. 1. 1. 1. 1. 1. 1. 1. 1.
  1. 1. 1.]
 [1. 1. 1. 1. 1. 1. 1. 1. 1. 1. 1. 1. 1. 1. 1. 1. 1. 1. 1. 1. 1. 1. 1. 1.
  1. 1. 1. 1. 1. 1. 1. 1. 1. 1. 1. 1. 1. 1. 1. 1. 1. 1. 1. 1. 1. 1. 1. 1.
  1. 1. 1.]
 [1. 1. 1. 1. 1. 1. 1. 1. 1. 1. 1. 1. 1. 1. 1. 1. 1. 1. 1. 1. 1. 1. 1. 1.
  1. 1. 1. 1. 1. 1. 1. 1. 1. 1. 1. 1. 1. 1. 1. 1. 1. 1. 1. 1. 1. 1. 1. 1.
  1. 1. 1.]
 [1. 1. 1. 1. 1. 1. 1. 1. 1. 1. 1. 1. 1. 1. 1. 1. 1. 1. 1. 1. 1. 1. 1. 1.
  1. 1. 1. 1. 1. 1. 1. 1. 1. 1. 1. 1. 1. 1. 1. 1. 1. 1. 1. 1. 1. 1. 1. 1.
  1. 1. 1.]]
00:00:00.02 State variable Tw: [[1. 1. 1. 1. 1. 1. 1. 1. 1. 1. 1. 1. 1. 1. 1. 1. 1. 1. 1. 1. 1. 1. 1. 1.
  1. 1. 1. 1. 1. 1. 1. 1. 1. 1. 1. 1. 1. 1. 1. 1. 1. 1. 1. 1. 1. 1. 1. 1.
  1. 1. 1.]
 [1. 1. 1. 1. 1. 1. 1. 1. 1. 1. 1. 1. 1. 1. 1. 1. 1. 1. 1. 1. 1. 1. 1. 1.
  1. 1. 1. 1. 1. 1. 1. 1. 1. 1. 1. 1. 1. 1. 1. 1. 1. 1. 1. 1. 1. 1. 1. 1.
  1. 1. 1.]
 [1. 1. 1. 1. 1. 1. 1. 1. 1. 1. 1. 1. 1. 1. 1. 1. 1. 1. 1. 1. 1. 1. 1. 1.
  1. 1. 1. 1. 1. 1. 1. 1. 1. 1. 1. 1. 1. 1. 1. 1. 1. 1. 1. 1. 1. 1. 1. 1.
  1. 1. 1.]
 [1. 1. 1. 1. 1. 1. 1. 1. 1. 1. 1. 1. 1. 1. 1. 1. 1. 1. 1. 1. 1. 1. 1. 1.
  1. 1. 1. 1. 1. 1. 1. 1. 1. 1. 1. 1. 1. 1. 1. 1. 1. 1. 1. 1. 1. 1. 1. 1.
  1. 1. 1.]
 [1. 1. 1. 1. 1. 1. 1. 1. 1. 1. 1. 1. 1. 1. 1. 1. 1. 1. 1. 1. 1. 1. 1. 1.
  1. 1. 1. 1. 1. 1. 1. 1. 1. 1. 1. 1. 1. 1. 1. 1. 1. 1. 1. 1. 1. 1. 1. 1.
  1. 1. 1.]
 [1. 1. 1. 1. 1. 1. 1. 1. 1. 1. 1. 1. 1. 1. 1. 1. 1. 1. 1. 1. 1. 1. 1. 1.
  1. 1. 1. 1. 1. 1. 1. 1. 1. 1. 1. 1. 1. 1. 1. 1. 1. 1. 1. 1. 1. 1. 1. 1.
  1. 1. 1.]
 [1. 1. 1. 1. 1. 1. 1. 1. 1. 1. 1. 1. 1. 1. 1. 1. 1. 1. 1. 1. 1. 1. 1. 1.
  1. 1. 1. 1. 1. 1. 1. 1. 1. 1. 1. 1. 1. 1. 1. 1. 1. 1. 1. 1. 1. 1. 1. 1.
  1. 1. 1.]
 [1. 1. 1. 1. 1. 1. 1. 1. 1. 1. 1. 1. 1. 1. 1. 1. 1. 1. 1. 1. 1. 1. 1. 1.
  1. 1. 1. 1. 1. 1. 1. 1. 1. 1. 1. 1. 1. 1. 1. 1. 1. 1. 1. 1. 1. 1. 1. 1.
  1. 1. 1.]
 [1. 1. 1. 1. 1. 1. 1. 1. 1. 1. 1. 1. 1. 1. 1. 1. 1. 1. 1. 1. 1. 1. 1. 1.
  1. 1. 1. 1. 1. 1. 1. 1. 1. 1. 1. 1. 1. 1. 1. 1. 1. 1. 1. 1. 1. 1. 1. 1.
  1. 1. 1.]
 [1. 1. 1. 1. 1. 1. 1. 1. 1. 1. 1. 1. 1. 1. 1. 1. 1. 1. 1. 1. 1. 1. 1. 1.
  1. 1. 1. 1. 1. 1. 1. 1. 1. 1. 1. 1. 1. 1. 1. 1. 1. 1. 1. 1. 1. 1. 1. 1.
  1. 1. 1.]]
00:00:00.02 State variable xA: [[0.03012196 0.0347891  0.0394065  0.04158027 0.04246324 0.04280482
  0.04293268 0.04297641 0.04314488 0.04337017 0.04356959 0.04372202
  0.0438396  0.04393143 0.04398527 0.04403826 0.04272507 0.04087839
  0.03956333 0.0388252  0.03845036 0.03827486 0.03819614 0.0381608
  0.03814496 0.03813846 0.03813589 0.03813443 0.03813321 0.03813231
  0.03813135 0.03624794 0.03360034 0.03183848 0.03090944 0.03047044
  0.03027208 0.03018582 0.03014763 0.03012927 0.03012132 0.03011737
  0.030115   0.03011342 0.03011238 0.03011162 0.030111   0.03011047
  0.03010995 0.03010956 0.03010917]
 [0.02993062 0.034646   0.03892371 0.04091094 0.04171682 0.04203187
  0.04215165 0.04219517 0.04234854 0.04259015 0.04281843 0.04302086
  0.04320106 0.04336102 0.04348521 0.04360428 0.04232413 0.04051447
  0.03922542 0.03850292 0.03813684 0.03796606 0.03788997 0.03785621
  0.03784149 0.03783587 0.03783408 0.03783335 0.03783285 0.03783266
  0.0378324  0.03603789 0.03351247 0.03178622 0.03083248 0.03035488
  0.03012547 0.03001894 0.02996905 0.02994437 0.02993328 0.02992784
  0.0299248  0.02992297 0.02992196 0.02992135 0.02992097 0.02992072
  0.02992049 0.0299205  0.0299205 ]
 [0.02970815 0.03446665 0.03855507 0.04043068 0.0411891  0.04148567
  0.04159835 0.04163917 0.0417598  0.04196333 0.04216217 0.04235377
  0.04253937 0.04271809 0.04287887 0.04303609 0.04179756 0.04003661
  0.0387824  0.03808118 0.03772698 0.03756238 0.03748934 0.03745713
  0.03744321 0.03743805 0.03743656 0.03743607 0.03743579 0.03743581
  0.03743576 0.03574104 0.03334512 0.03166717 0.03070382 0.03019914
  0.02994561 0.02982242 0.02976252 0.02973223 0.02971815 0.02971113
  0.02970724 0.02970492 0.02970364 0.02970289 0.02970243 0.02970215
  0.0297019  0.02970197 0.02970204]
 [0.02948125 0.03425638 0.0382503  0.04006708 0.04080075 0.04108734
  0.04119606 0.04123526 0.04132893 0.04148761 0.04164485 0.04180308
  0.04196423 0.04212792 0.04229072 0.04245276 0.04125133 0.03953452
  0.03831339 0.03763352 0.03729177 0.03713378 0.03706407 0.03703348
  0.03702038 0.03701564 0.03701437 0.03701404 0.0370139  0.03701403
  0.0370141  0.0354157  0.03314213 0.03151521 0.03055092 0.03002732
  0.02975512 0.02961846 0.02955022 0.02951519 0.02949854 0.02949015
  0.02948549 0.02948274 0.02948122 0.02948032 0.02947977 0.02947945
  0.02947916 0.02947926 0.02947937]
 [0.02926394 0.03402114 0.0379704  0.03975933 0.04048169 0.0407637
  0.04087055 0.04090895 0.0409856  0.04111138 0.04123599 0.04136269
  0.04149441 0.04163205 0.04177791 0.04192493 0.04075002 0.03906474
  0.03786949 0.0372081  0.03687783 0.03672622 0.03665976 0.03663076
  0.03661842 0.03661404 0.03661294 0.03661269 0.03661262 0.03661278
  0.0366129  0.03509907 0.03293235 0.03135285 0.03039177 0.02985478
  0.02956809 0.02942053 0.02934541 0.02930642 0.02928759 0.02927802
  0.02927271 0.02926957 0.02926783 0.02926679 0.02926616 0.02926579
  0.02926544 0.02926557 0.02926569]
 [0.02906192 0.03377028 0.03769236 0.03946697 0.0401838  0.0404637
  0.04056967 0.04060765 0.04067523 0.0407824  0.04088777 0.04099354
  0.04110302 0.0412179  0.04134288 0.04146969 0.04031184 0.038646
  0.03746947 0.03682361 0.03650384 0.03635834 0.03629509 0.03626765
  0.03625605 0.036252   0.03625103 0.03625082 0.03625076 0.03625092
  0.03625103 0.03480719 0.0327291  0.03119068 0.03023458 0.02968818
  0.02939038 0.02923421 0.02915353 0.02911129 0.02909066 0.0290801
  0.02907425 0.02907078 0.02906886 0.0290677  0.02906698 0.02906656
  0.02906616 0.02906629 0.02906642]
 [0.02887466 0.03351407 0.03740731 0.03916966 0.03988183 0.04016006
  0.04026534 0.04030299 0.04036625 0.04046526 0.04056195 0.04065721
  0.04075407 0.04085439 0.04096279 0.04107282 0.03992665 0.03827254
  0.03711029 0.03647846 0.03616891 0.03602959 0.03596965 0.03594383
  0.03593298 0.03592927 0.03592842 0.03592824 0.03592818 0.0359283
  0.03592839 0.0345406  0.03253398 0.03103014 0.03008001 0.02952755
  0.02922171 0.02905905 0.02897411 0.02892936 0.02890731 0.02889597
  0.02888968 0.02888596 0.02888388 0.02888262 0.02888183 0.02888136
  0.02888092 0.02888105 0.02888118]
 [0.02869854 0.03326051 0.03711528 0.03886166 0.03956763 0.03984359
  0.03994794 0.0399852  0.0400462  0.04014269 0.04023679 0.04032845
  0.04042013 0.04051341 0.0406117  0.04071112 0.03957485 0.03792917
  0.03677963 0.03616191 0.03586306 0.03573036 0.03567399 0.03564992
  0.0356399  0.03563656 0.03563584 0.0356357  0.03563562 0.03563572
  0.03563578 0.03429222 0.03234255 0.03086787 0.0299248  0.02936952
  0.02905864 0.02889163 0.02880375 0.02875724 0.02873418 0.02872229
  0.02871569 0.02871178 0.02870959 0.02870825 0.02870741 0.02870691
  0.02870644 0.02870656 0.02870669]
 [0.02853006 0.03301448 0.03682005 0.03854507 0.03924263 0.03951542
  0.03961852 0.03965534 0.03971452 0.03981048 0.03990438 0.03999577
  0.04008643 0.0401775  0.04027103 0.04036519 0.03923895 0.037601
  0.03646448 0.03586201 0.0355749  0.03544948 0.03539707 0.03537497
  0.03536588 0.03536297 0.03536245 0.03536239 0.03536236 0.03536243
  0.03536246 0.03405371 0.03214933 0.0306998  0.02976531 0.02921054
  0.02889766 0.02872851 0.02863906 0.02859158 0.02856796 0.02855576
  0.02854899 0.02854499 0.02854275 0.02854138 0.02854053 0.02854002
  0.02853954 0.02853968 0.02853982]
 [0.02837475 0.03278652 0.03653482 0.03823459 0.03892287 0.0391929
  0.03929576 0.03933334 0.03938991 0.03948353 0.03957586 0.03966657
  0.03975673 0.03984701 0.03993848 0.04003027 0.03891362 0.03728211
  0.03615896 0.03557321 0.03529934 0.03518245 0.03513498 0.03511567
  0.03510827 0.03510652 0.03510685 0.03510751 0.03510818 0.03510894
  0.03510966 0.03382695 0.03195669 0.03052832 0.02960376 0.02905272
  0.02874096 0.028572   0.02848258 0.02843519 0.02841172 0.02839974
  0.02839322 0.02838949 0.02838753 0.02838645 0.02838588 0.02838566
  0.02838547 0.0283859  0.02838634]]
00:00:00.02 State variable xB: [[0.24347309 0.33292874 0.40123118 0.43140968 0.4434551  0.44813338
  0.44989972 0.45053378 0.45099924 0.45100373 0.4508868  0.45063604
  0.45035377 0.45009041 0.44989595 0.44970851 0.42681113 0.39551915
  0.37370395 0.36158915 0.35547512 0.35262682 0.35136083 0.35080258
  0.35056226 0.35047422 0.35045037 0.35044457 0.35044286 0.35044612
  0.35044849 0.3238813  0.28827224 0.2652954  0.25338144 0.24782934
  0.24536204 0.24431468 0.24386504 0.24365604 0.24357182 0.2435339
  0.24351346 0.24350164 0.24349605 0.24349347 0.24349243 0.24349225
  0.24349231 0.2434936  0.24349487]
 [0.24411772 0.33142203 0.40126136 0.43253016 0.44507771 0.44995795
  0.45180058 0.4524585  0.45294498 0.45296065 0.45283969 0.45254847
  0.45219408 0.45183504 0.45151597 0.45120706 0.428272   0.39683353
  0.37492465 0.36277291 0.356648   0.35379777 0.35253146 0.35197238
  0.35173068 0.35164098 0.35161521 0.35160733 0.35160345 0.35160451
  0.35160472 0.32600465 0.29141112 0.2684062  0.25588062 0.24966975
  0.2467137  0.24535587 0.24472696 0.24441882 0.24428227 0.24421614
  0.24417952 0.24415772 0.244146   0.24413924 0.2441352  0.24413283
  0.24413075 0.24413139 0.24413202]
 [0.24475161 0.33026608 0.40113535 0.43317302 0.44608115 0.45111336
  0.45301666 0.45369809 0.45420307 0.45429012 0.45424293 0.45401665
  0.45370904 0.45337495 0.45304219 0.45271416 0.42971825 0.39810273
  0.37609808 0.36392636 0.35780925 0.35497116 0.35371364 0.35315939
  0.35292008 0.35283154 0.35280616 0.35279822 0.35279411 0.35279481
  0.3527947  0.32799302 0.29422788 0.27119303 0.25814841 0.25136844
  0.24798144 0.24634503 0.24555314 0.2451543  0.24496978 0.24487805
  0.2448271  0.24479676 0.24478009 0.2447702  0.24476411 0.24476047
  0.24475715 0.24475796 0.24475876]
 [0.24531998 0.32937829 0.4010288  0.43365595 0.44684145 0.45199103
  0.45394086 0.45464002 0.45513181 0.45525805 0.45526253 0.45510112
  0.45485929 0.45458433 0.45429035 0.4539969  0.43093888 0.39914463
  0.37706114 0.36489621 0.35880973 0.35599889 0.35475877 0.35421387
  0.3539793  0.35389318 0.35386888 0.35386132 0.35385732 0.35385792
  0.35385776 0.32973264 0.29666321 0.27361201 0.26013792 0.25287567
  0.24911596 0.24723447 0.24629728 0.24581685 0.2455888  0.24547379
  0.24540984 0.24537179 0.24535067 0.24533797 0.24533006 0.24532531
  0.24532092 0.24532195 0.24532296]
 [0.24582374 0.32871042 0.40100993 0.43411925 0.44753136 0.45277623
  0.45476325 0.45547605 0.45593265 0.45606091 0.45608265 0.45595949
  0.45576563 0.45554125 0.45529369 0.45504502 0.43192066 0.39994332
  0.37779693 0.36566545 0.35963236 0.35686375 0.3556495  0.35511827
  0.3548906  0.35480801 0.35478532 0.35477839 0.35477465 0.35477524
  0.35477513 0.33122003 0.29873236 0.2756769  0.26185356 0.25418999
  0.25011452 0.2480223  0.24695868 0.24640671 0.2461402  0.24600455
  0.24592911 0.24588427 0.24585922 0.24584405 0.24583454 0.24582882
  0.24582346 0.2458247  0.24582591]
 [0.24627758 0.32823703 0.40109759 0.43461269 0.44821472 0.45353877
  0.45555603 0.45627931 0.45668964 0.45679691 0.45681269 0.45670518
  0.45653852 0.45634693 0.45613561 0.45592311 0.43271814 0.40054141
  0.3783411  0.36626646 0.36030799 0.35759577 0.35641541 0.35590193
  0.35568315 0.35560506 0.3555844  0.35557828 0.35557488 0.35557548
  0.35557544 0.3324874  0.30047268 0.27741838 0.26331544 0.25532502
  0.25098866 0.24872021 0.24754985 0.24693706 0.24663764 0.2464843
  0.24639901 0.24634836 0.24631997 0.24630268 0.2462918  0.24628523
  0.24627905 0.24628045 0.24628184]
 [0.24669664 0.32794937 0.40129372 0.4351483  0.44890815 0.45429747
  0.45633883 0.45706985 0.4574292  0.45750434 0.45750223 0.45739701
  0.45724341 0.45707046 0.45688303 0.45669489 0.43338727 0.40098498
  0.378734   0.36673711 0.36087326 0.35823099 0.35709219 0.35660034
  0.35639233 0.35631965 0.3563014  0.35629621 0.35629321 0.35629382
  0.35629384 0.33357025 0.30192087 0.27886626 0.26454425 0.25629565
  0.25175121 0.24934096 0.24808405 0.24742169 0.24709532 0.24692745
  0.24683408 0.24677869 0.24674755 0.24672853 0.24671652 0.24670925
  0.24670239 0.24670392 0.24670544]
 [0.24709198 0.32784887 0.4015977  0.43572657 0.4496128  0.45505392
  0.45711353 0.45784982 0.45815632 0.45819475 0.45816954 0.45806005
  0.45791182 0.4577489  0.45757612 0.4574031  0.43396667 0.40130677
  0.37900539 0.36710617 0.36135654 0.35879751 0.35770771 0.35724117
  0.35704576 0.35697937 0.35696384 0.35695969 0.35695709 0.35695786
  0.35695787 0.33449616 0.30310507 0.28004338 0.26555574 0.25711312
  0.2524117  0.24989393 0.24857109 0.24787082 0.24752377 0.24734473
  0.24724515 0.2471861  0.24715286 0.2471325  0.24711962 0.24711181
  0.24710442 0.24710606 0.24710767]
 [0.24746907 0.32794017 0.40200928 0.43634542 0.45032597 0.45580537
  0.45787751 0.45861696 0.45886952 0.45886945 0.45881913 0.45870264
  0.4585562  0.45839891 0.45823516 0.45807147 0.43447833 0.40152581
  0.3791733  0.36739191 0.36177623 0.35931364 0.35828031 0.35784293
  0.35766178 0.35760241 0.35759025 0.3575876  0.35758577 0.35758588
  0.35758536 0.33528284 0.30404323 0.28096393 0.26635914 0.25778337
  0.25297485 0.25038374 0.24901587 0.24828966 0.24792842 0.24774172
  0.24763786 0.24757629 0.24754158 0.24752028 0.24750678 0.24749858
  0.24749081 0.24749249 0.24749415]
 [0.24781504 0.32821059 0.40250846 0.43698017 0.45101996 0.45652196
  0.45859959 0.45933878 0.45953666 0.45949982 0.45942608 0.45930381
  0.45915968 0.45900769 0.45885114 0.45869467 0.43491834 0.40163972
  0.37923721 0.36759522 0.36213347 0.35978001 0.35880949 0.35840366
  0.35823747 0.35818482 0.35817454 0.35817153 0.35816878 0.35816824
  0.35816696 0.33592322 0.30473152 0.28162372 0.26694821 0.25829862
  0.25343216 0.25080172 0.24940963 0.24866929 0.24830014 0.24810893
  0.24800235 0.24793898 0.24790303 0.24788076 0.24786646 0.24785758
  0.24784914 0.24785038 0.24785159]]
00:00:00.03 State variable xC: [[0.0543268  0.05835322 0.06346807 0.06600061 0.06703969 0.06744134
  0.06759158 0.06764257 0.06793633 0.06839039 0.06881097 0.0691665
  0.06946929 0.06972902 0.06991972 0.0701054  0.06878237 0.06689464
  0.06553531 0.06476821 0.06437693 0.06419283 0.06410941 0.06407112
  0.06405316 0.06404493 0.0640408  0.06403782 0.0640351  0.06403271
  0.06403025 0.06181714 0.0586378  0.05648372 0.05533231 0.0547804
  0.05452669 0.05441382 0.05436253 0.05433722 0.0543257  0.05431964
  0.05431579 0.05431306 0.05431109 0.0543095  0.05430811 0.05430684
  0.05430559 0.05430455 0.0543035 ]
 [0.05342766 0.05807391 0.06243866 0.06449369 0.06532925 0.06565686
  0.06578195 0.06582791 0.0660358  0.06640622 0.0667697  0.06711987
  0.06745723 0.06778043 0.06807104 0.06835608 0.06710887 0.06531643
  0.06402519 0.06329815 0.06292896 0.06275681 0.06268023 0.06264644
  0.0626319  0.06262657 0.06262509 0.06262469 0.06262452 0.06262466
  0.06262472 0.06059671 0.05767638 0.05564599 0.05451255 0.05394038
  0.05366348 0.05353387 0.05347274 0.05344241 0.05342872 0.05342203
  0.05341836 0.0534162  0.05341506 0.05341442 0.05341405 0.05341387
  0.05341371 0.05341383 0.05341396]
 [0.05258061 0.05752703 0.06163035 0.06349978 0.06425444 0.06454909
  0.06466101 0.06470157 0.06484166 0.06509778 0.06535443 0.06561644
  0.06588518 0.06615958 0.06643663 0.06671345 0.06553052 0.06382075
  0.06258947 0.06189813 0.06154827 0.0613858  0.06131391 0.0612824
  0.06126903 0.06126433 0.06126326 0.06126318 0.06126331 0.06126373
  0.06126408 0.05941749 0.05674199 0.05483592 0.05373146 0.05314969
  0.05285633 0.05271334 0.05264365 0.05260841 0.05259204 0.05258394
  0.0525795  0.05257692 0.05257556 0.0525748  0.05257439 0.05257421
  0.05257404 0.05257426 0.05257448]
 [0.05185078 0.05686429 0.06087239 0.06267307 0.06339826 0.06368075
  0.06378776 0.06382626 0.06393388 0.06412283 0.06431159 0.0645052
  0.06470706 0.06491833 0.0651446  0.06537332 0.06423154 0.06257481
  0.06138414 0.0607187  0.06038362 0.0602288  0.06016061 0.06013082
  0.06011821 0.06011382 0.06011284 0.06011277 0.0601129  0.06011328
  0.06011361 0.05841383 0.05593567 0.05413178 0.0530529  0.05246428
  0.05215749 0.0520032  0.05192608 0.05188651 0.05186772 0.05185829
  0.0518531  0.05185006 0.05184842 0.05184749 0.05184695 0.05184668
  0.05184644 0.05184665 0.05184686]
 [0.05122143 0.05617205 0.0601208  0.06188815 0.0625996  0.06287682
  0.06298178 0.06301944 0.06311376 0.06327287 0.06343007 0.06358792
  0.06375021 0.06391912 0.0641015  0.06428647 0.06317109 0.06154727
  0.06038405 0.05973813 0.05941506 0.05926679 0.05920186 0.05917357
  0.05916161 0.05915744 0.05915648 0.05915636 0.0591564  0.05915667
  0.0591569  0.05757019 0.05524479 0.05352099 0.05246251 0.05186826
  0.05155025 0.05138635 0.05130284 0.0512595  0.05123858 0.05122796
  0.0512221  0.05121865 0.05121675 0.05121564 0.05121498 0.05121461
  0.05121427 0.05121446 0.05121464]
 [0.0506612  0.055495   0.05938015 0.06111913 0.06181926 0.06209236
  0.06219575 0.06223283 0.06232065 0.06246702 0.06261074 0.06275254
  0.0628957  0.06304226 0.0631974  0.06335435 0.06225998 0.0606608
  0.05951984 0.05889144 0.05857983 0.05843808 0.05837648 0.05834977
  0.0583385  0.05833459 0.05833368 0.05833352 0.05833349 0.05833368
  0.05833382 0.05683503 0.05462917 0.05296932 0.0519282  0.05133024
  0.05100352 0.05083194 0.05074324 0.0506968  0.05067411 0.05066251
  0.05065608 0.05065229 0.05065019 0.05064893 0.05064815 0.05064771
  0.05064729 0.05064745 0.05064761]
 [0.05014472 0.05485028 0.05866303 0.06037107 0.06105897 0.06132752
  0.06142916 0.06146558 0.06154827 0.06168708 0.06182335 0.06195705
  0.06209074 0.06222598 0.06236604 0.0625072  0.06143253 0.05985541
  0.05873562 0.05812502 0.05782551 0.05769078 0.05763283 0.05760787
  0.0575974  0.05759383 0.05759302 0.05759286 0.0575928  0.05759293
  0.05759301 0.05616439 0.05405448 0.0524478  0.05142314 0.05082423
  0.05049179 0.05031471 0.05022217 0.0501734  0.05014937 0.05013703
  0.05013017 0.05012612 0.05012386 0.05012249 0.05012164 0.05012114
  0.05012067 0.05012081 0.05012096]
 [0.04965692 0.05424049 0.05797603 0.05965055 0.06032521 0.06058869
  0.06068835 0.06072401 0.06080151 0.06093354 0.06106354 0.06119137
  0.0613189  0.06144726 0.06157845 0.0617103  0.06065443 0.0590978
  0.05799897 0.05740703 0.05712048 0.05699338 0.05693944 0.05691643
  0.05690686 0.05690369 0.05690302 0.05690289 0.05690283 0.05690294
  0.05690299 0.05553138 0.05349985 0.05193888 0.05093107 0.05033442
  0.04999942 0.04981917 0.04972424 0.04967399 0.04964908 0.04963623
  0.0496291  0.04962488 0.04962252 0.04962108 0.04962018 0.04961965
  0.04961914 0.04961929 0.04961943]
 [0.04919221 0.05366437 0.05732069 0.05896011 0.05962083 0.05987895
  0.05997654 0.06001145 0.06008366 0.06020883 0.06033259 0.06045491
  0.06057713 0.0607     0.06082486 0.06095017 0.0599114  0.05837288
  0.05729443 0.05672181 0.05644901 0.0563301  0.0562805  0.05625962
  0.05625106 0.05624836 0.05624791 0.05624788 0.05624789 0.05624798
  0.05624803 0.05492303 0.052956   0.05143517 0.0504452  0.04985417
  0.04951985 0.04933879 0.04924297 0.0491921  0.04916681 0.04915375
  0.0491465  0.04914222 0.04913983 0.04913838 0.04913748 0.04913695
  0.04913645 0.04913662 0.04913678]
 [0.04876666 0.05313866 0.05671583 0.0583204  0.05896813 0.05922218
  0.05931916 0.05935487 0.05942139 0.05953756 0.05965309 0.05976826
  0.0598839  0.06000043 0.06011897 0.06023791 0.05921237 0.05768633
  0.05662581 0.0560726  0.05581449 0.05570487 0.05566069 0.05564296
  0.05563642 0.05563517 0.05563587 0.05563686 0.05563785 0.05563893
  0.05563997 0.05435143 0.05243484 0.05094808 0.04997638 0.04939401
  0.0490636  0.04888431 0.04878943 0.04873923 0.04871448 0.04870194
  0.04869521 0.04869145 0.04868957 0.04868863 0.04868823 0.04868821
  0.04868821 0.04868888 0.04868955]]
00:00:00.03 State variable yA: [[0.06072511 0.04927851 0.04882725 0.04868763 0.04860793 0.04858062
  0.04856952 0.04856253 0.04891084 0.04911116 0.04929435 0.04944224
  0.0495606  0.04965504 0.04970707 0.04976774 0.05190623 0.05322774
  0.05392237 0.05424598 0.05438864 0.05444743 0.05447055 0.05447911
  0.05448167 0.05448165 0.05448062 0.05447932 0.0544779  0.05447634
  0.05447727 0.0575597  0.05929847 0.06012934 0.06048576 0.06062514
  0.06067858 0.06069783 0.06070457 0.06070646 0.06070649 0.06070599
  0.06070523 0.0607044  0.06070351 0.0607026  0.06070169 0.06070077
  0.06069984 0.06069892 0.060698  ]
 [0.06029194 0.04883045 0.04798825 0.04773789 0.04764736 0.04761365
  0.04760214 0.04759968 0.0479122  0.04816432 0.04840782 0.04862984
  0.04882959 0.04900699 0.04914261 0.04927434 0.05137496 0.05271069
  0.05341195 0.0537385  0.05388282 0.05394289 0.05396719 0.0539769
  0.05398061 0.05398175 0.05398187 0.05398171 0.05398144 0.053981
  0.05398275 0.05691218 0.05863    0.05951531 0.059936   0.06012315
  0.06020607 0.06024193 0.06025797 0.06026522 0.06026832 0.06026981
  0.06027054 0.06027092 0.06027108 0.06027113 0.06027113 0.06027108
  0.06027102 0.06027091 0.06027079]
 [0.05979841 0.04852776 0.04740463 0.0470859  0.04697932 0.04693788
  0.04692352 0.04691961 0.04714877 0.04737302 0.0475977  0.04782037
  0.04803747 0.04824559 0.04842997 0.04861003 0.05070884 0.05206472
  0.05277398 0.05310291 0.05324788 0.0533082  0.05333272 0.05334268
  0.05334667 0.0533481  0.05334853 0.05334869 0.05334873 0.05334862
  0.05335058 0.05620375 0.05792453 0.05886475 0.05934506 0.05957641
  0.05968675 0.059738   0.0597624  0.0597742  0.05977961 0.05978234
  0.05978381 0.05978467 0.05978514 0.05978543 0.05978562 0.05978573
  0.05978584 0.05978582 0.05978581]
 [0.05930237 0.04827901 0.04696935 0.04661137 0.04649213 0.04644554
  0.04642903 0.04642405 0.04658757 0.04676464 0.04694599 0.04713548
  0.04733033 0.04752744 0.04772043 0.04791188 0.05003127 0.05140319
  0.05211714 0.05244613 0.05259035 0.05265015 0.05267447 0.0526844
  0.05268847 0.05269003 0.05269062 0.05269095 0.05269116 0.05269122
  0.05269333 0.05550685 0.0572396  0.05822969 0.05876254 0.05903325
  0.05916836 0.0592337  0.05926581 0.05928181 0.05928933 0.05929317
  0.05929528 0.05929654 0.05929725 0.05929771 0.05929802 0.05929823
  0.05929844 0.05929846 0.05929849]
 [0.05883133 0.04802778 0.0466014  0.0462212  0.04609398 0.0460441
  0.04602598 0.04602019 0.04614839 0.04628738 0.04643075 0.04658395
  0.04674585 0.04691494 0.04709183 0.04726953 0.04941334 0.05079349
  0.0515069  0.05183275 0.05197447 0.05203287 0.05205652 0.05206617
  0.05207013 0.05207169 0.05207232 0.0520727  0.05207298 0.05207309
  0.05207527 0.05486288 0.05660802 0.05763985 0.05821672 0.05852093
  0.05867746 0.05875514 0.05879406 0.05881375 0.05882313 0.05882794
  0.05883061 0.05883219 0.0588331  0.05883368 0.05883408 0.05883435
  0.05883461 0.05883464 0.05883467]
 [0.0583951  0.04774707 0.04624919 0.04585568 0.04572408 0.0456719
  0.04565244 0.04564597 0.04576293 0.04587954 0.04599915 0.04612625
  0.04626086 0.04640277 0.04655612 0.04671131 0.04887525 0.05025763
  0.05096613 0.05128606 0.05142374 0.05147996 0.05150256 0.05151172
  0.05151545 0.05151692 0.05151752 0.05151788 0.05151814 0.05151826
  0.05152043 0.05428631 0.05604094 0.05710569 0.05771791 0.05804951
  0.05822381 0.05831184 0.05835651 0.05837933 0.05839029 0.05839591
  0.05839905 0.0584009  0.05840195 0.05840262 0.05840307 0.05840337
  0.05840365 0.05840366 0.05840368]
 [0.05799125 0.04743095 0.0458873  0.04548475 0.04535082 0.04529683
  0.04527606 0.04526894 0.04538907 0.04549612 0.04560464 0.04571753
  0.04583527 0.04595829 0.0460913  0.04622614 0.04840651 0.04978908
  0.05049014 0.05080225 0.05093479 0.05098828 0.05100957 0.05101809
  0.05102152 0.05102285 0.05102338 0.05102369 0.05102392 0.05102403
  0.05102615 0.05377321 0.05553447 0.05662426 0.05726381 0.05761694
  0.05780537 0.05790173 0.05795104 0.0579764  0.05798863 0.0579949
  0.05799841 0.05800047 0.05800164 0.05800237 0.05800286 0.05800316
  0.05800346 0.05800345 0.05800344]
 [0.05761169 0.04708444 0.04550855 0.04509914 0.04496377 0.04490814
  0.04488603 0.04487832 0.04500792 0.045113   0.04521841 0.04532576
  0.04543558 0.0455484  0.04566794 0.04578884 0.04798573 0.04936981
  0.05006255 0.05036573 0.05049237 0.05054275 0.05056253 0.05057035
  0.05057346 0.0505746  0.05057506 0.05057541 0.05057561 0.05057567
  0.05057771 0.05331122 0.05507784 0.05618628 0.05684621 0.05721548
  0.05741459 0.05751727 0.05757013 0.05759744 0.05761064 0.05761741
  0.0576212  0.05762343 0.05762468 0.05762546 0.05762597 0.05762628
  0.05762659 0.05762656 0.05762653]
 [0.05724903 0.0467156  0.04511543 0.04470072 0.04456425 0.04450724
  0.04448389 0.04447584 0.04461585 0.04472214 0.04482808 0.04493453
  0.04504191 0.04515064 0.04526304 0.04537626 0.04759293 0.04898158
  0.04966602 0.04995954 0.05007975 0.05012673 0.050145   0.0501521
  0.05015479 0.05015591 0.05015649 0.05015685 0.0501571  0.05015692
  0.05015897 0.05288782 0.05466049 0.05578277 0.05645713 0.05683769
  0.05704427 0.05715139 0.05720674 0.05723542 0.05724933 0.05725648
  0.0572605  0.05726286 0.05726421 0.05726505 0.0572656  0.05726596
  0.0572663  0.05726629 0.05726629]
 [0.05691562 0.046343   0.04472579 0.04430845 0.04417261 0.0441161
  0.04409342 0.04408678 0.04423152 0.04433782 0.04444355 0.04454948
  0.04465586 0.04476287 0.04487179 0.04498117 0.04722067 0.04861636
  0.0492926  0.04957627 0.0496903  0.04973454 0.04975207 0.04975941
  0.04976279 0.0497647  0.04976611 0.0497674  0.04976869 0.04976979
  0.04977285 0.05250552 0.05428507 0.05541696 0.05610043 0.05648802
  0.05669938 0.05680957 0.05686692 0.05689698 0.0569119  0.05691987
  0.05692463 0.05692769 0.0569297  0.05693118 0.05693237 0.05693336
  0.05693432 0.05693493 0.05693553]]
00:00:00.04 State variable yB: [[0.87136426 0.90179177 0.90325718 0.90369838 0.90386906 0.9038868
  0.9038912  0.90392992 0.90329498 0.90281461 0.90236767 0.90199121
  0.9016755  0.90141083 0.90123743 0.90105236 0.89555891 0.89209501
  0.89026425 0.88941008 0.88903382 0.88887879 0.88881773 0.88879505
  0.88878819 0.8887881  0.88879067 0.88879396 0.88879754 0.88880154
  0.88879843 0.88034615 0.87541615 0.87304727 0.87203268 0.87163555
  0.87148257 0.871427   0.87140751 0.87140151 0.87140069 0.87140164
  0.87140388 0.87140661 0.87140933 0.87141187 0.8714142  0.87141648
  0.87141866 0.87142096 0.87142326]
 [0.87297339 0.90277107 0.9052538  0.90597531 0.90616868 0.90619044
  0.90619738 0.90621761 0.90578875 0.90527559 0.90477263 0.90429781
  0.90385459 0.90344537 0.90310493 0.90277269 0.89740129 0.89393523
  0.8921051  0.89125136 0.89087405 0.89071675 0.89065273 0.89062676
  0.89061646 0.89061287 0.89061191 0.89061168 0.89061176 0.89061228
  0.89060632 0.88254988 0.8776936  0.87517387 0.87397528 0.87344084
  0.87320316 0.87309974 0.87305332 0.87303194 0.87302246 0.87301779
  0.8730157  0.87301486 0.87301455 0.87301429 0.87301402 0.87301386
  0.87301365 0.87301368 0.8730137 ]
 [0.8745748  0.90349673 0.90657613 0.90743434 0.90766151 0.90768461
  0.90769376 0.90771266 0.90750252 0.9070927  0.90667758 0.90625629
  0.90583486 0.90541935 0.90502895 0.90464405 0.89930059 0.89582816
  0.8940012  0.89315258 0.89277872 0.89262305 0.89255954 0.89253351
  0.89252287 0.89251879 0.89251729 0.8925165  0.89251601 0.89251597
  0.8925097  0.88469302 0.8798648  0.87720829 0.87584906 0.8751933
  0.87488    0.874734   0.87466427 0.87463038 0.8746147  0.87460673
  0.87460249 0.8746002  0.87459897 0.87459808 0.87459743 0.874597
  0.8745966  0.87459649 0.87459637]
 [0.87602467 0.90419674 0.90761672 0.90854215 0.90879162 0.90880784
  0.90881263 0.90882968 0.90875997 0.90844946 0.90812934 0.90779208
  0.90744125 0.90708091 0.9067149  0.90634923 0.90099405 0.8975244
  0.89570862 0.89487089 0.894504   0.89435192 0.89429004 0.89426469
  0.89425428 0.8942502  0.89424861 0.8942477  0.89424711 0.89424698
  0.8942408  0.8866048  0.88179624 0.87902914 0.87753729 0.87677867
  0.87639985 0.87621635 0.87612599 0.876081   0.87605983 0.87604897
  0.87604291 0.87603942 0.87603748 0.8760362  0.87603536 0.87603485
  0.87603442 0.87603436 0.87603429]
 [0.87731758 0.90494274 0.90855982 0.90952183 0.90978331 0.90978725
  0.90978192 0.90979437 0.90980612 0.90955914 0.90930302 0.90903128
  0.9087451  0.9084459  0.90812869 0.90780898 0.90243782 0.89897916
  0.89718202 0.89636056 0.89600379 0.89585697 0.89579758 0.8957734
  0.89576353 0.8957597  0.89575821 0.89575739 0.89575692 0.89575694
  0.8957511  0.88826993 0.88348362 0.88063263 0.87903532 0.8781924
  0.87775867 0.87754327 0.87743527 0.87738068 0.87735472 0.87734138
  0.87733387 0.87732943 0.87732694 0.87732538 0.87732439 0.8773238
  0.87732331 0.87732333 0.87732334]
 [0.87848473 0.90574133 0.90947935 0.91046423 0.91073212 0.91071986
  0.91069886 0.91070317 0.91076878 0.91055575 0.91033458 0.91010271
  0.90986023 0.90960697 0.90933521 0.90906029 0.90367701 0.90023155
  0.89845754 0.89765626 0.89731204 0.89717173 0.89711541 0.89709272
  0.89708359 0.89708009 0.89707881 0.89707817 0.89707795 0.89707832
  0.89707288 0.88972725 0.88496604 0.88205392 0.88037514 0.87946516
  0.87898684 0.87874516 0.87862255 0.87855993 0.87852991 0.87851454
  0.87850591 0.87850079 0.87849789 0.8784961  0.87849496 0.87849427
  0.87849364 0.87849372 0.87849381]
 [0.87956176 0.90657896 0.91039738 0.91139822 0.91167028 0.9116385
  0.91159626 0.91158947 0.91170151 0.91150514 0.9113006  0.91108957
  0.91087217 0.91064763 0.91040893 0.91016753 0.90477252 0.90133743
  0.89958859 0.89881022 0.89848038 0.89834748 0.89829489 0.89827384
  0.89826546 0.89826247 0.89826127 0.89826066 0.89826083 0.89826214
  0.8982568  0.89102492 0.88628858 0.88333341 0.88159375 0.88063228
  0.88011915 0.87985668 0.87972241 0.87965337 0.8796201  0.87960307
  0.87959355 0.87958793 0.87958475 0.87958279 0.87958153 0.87958075
  0.87958002 0.87958013 0.87958025]
 [0.88057653 0.90744141 0.91131589 0.91232815 0.91260409 0.91255025
  0.91248195 0.91246331 0.91262155 0.91243387 0.91223659 0.91203534
  0.91183087 0.91162235 0.91140462 0.911185   0.90577366 0.90234355
  0.90062071 0.8998674  0.89955347 0.89942896 0.89937958 0.89936066
  0.89935383 0.89935036 0.89934951 0.89935094 0.8993515  0.89935276
  0.89934681 0.89220294 0.88748798 0.88450376 0.88272085 0.881722
  0.88118326 0.88090533 0.88076231 0.88068847 0.88065276 0.88063446
  0.88062423 0.88061823 0.88061485 0.88061276 0.88061141 0.88061058
  0.88060979 0.88060991 0.88061004]
 [0.88154377 0.90831832 0.91223034 0.91325012 0.91353076 0.91345449
  0.91335857 0.91333059 0.91353018 0.91334878 0.9131551  0.91295838
  0.91276036 0.9125603  0.91235491 0.91214831 0.90671304 0.90328197
  0.90158575 0.9008595  0.90056294 0.9004469  0.90040357 0.900387
  0.9003791  0.900378   0.90038074 0.90038242 0.90038424 0.90037973
  0.90037354 0.89328768 0.88858754 0.88558501 0.88377406 0.88275066
  0.88219494 0.88190668 0.88175777 0.88168065 0.88164325 0.88162405
  0.88161329 0.88160696 0.88160338 0.88160114 0.88159969 0.88159876
  0.88159788 0.88159795 0.88159802]
 [0.88242991 0.90917565 0.9131073  0.91412886 0.91441303 0.91431642
  0.91419727 0.91416247 0.91439049 0.91421877 0.91403089 0.91383925
  0.91364689 0.91345323 0.91325616 0.9130583  0.90759335 0.90415769
  0.90248921 0.90179141 0.9015123  0.9014042  0.90136338 0.90134753
  0.90133929 0.90133451 0.90133171 0.9013302  0.90133088 0.90133089
  0.90132246 0.89426649 0.88957461 0.88656307 0.88473764 0.8837011
  0.8831358  0.88284117 0.88268807 0.88260804 0.88256853 0.8825476
  0.8825353  0.88252753 0.88252258 0.88251901 0.88251624 0.88251402
  0.88251184 0.88251065 0.88250945]]
00:00:00.04 State variable yC: [[0.06791064 0.04892972 0.04791557 0.04761399 0.04746667 0.04741896
  0.04740033 0.047391   0.04779414 0.04807424 0.04833799 0.04856656
  0.0487639  0.04893414 0.04905549 0.0491799  0.05253486 0.05467725
  0.05581338 0.05634393 0.05657753 0.05667378 0.05671172 0.05672584
  0.05673015 0.05673026 0.05672872 0.05672674 0.05672458 0.05672216
  0.05672439 0.06209423 0.06528539 0.0668234  0.06748154 0.06773935
  0.0678388  0.06787521 0.06788832 0.06789243 0.06789293 0.06789237
  0.06789129 0.06789002 0.06788864 0.06788723 0.06788582 0.06788438
  0.06788293 0.06788148 0.06788004]
 [0.06673467 0.04839848 0.04675795 0.0462868  0.04612642 0.04606725
  0.04604672 0.04604099 0.04629889 0.0465601  0.04681955 0.04707235
  0.04731582 0.04754764 0.04775245 0.04795298 0.05122375 0.05335408
  0.05448295 0.05501014 0.05524313 0.05534037 0.05538008 0.05539634
  0.05540293 0.05540539 0.05540623 0.05540662 0.05540683 0.05540679
  0.05541106 0.06053797 0.0636764  0.06531081 0.06608871 0.06643603
  0.06659076 0.06665835 0.06668889 0.06670301 0.06670924 0.06671238
  0.06671405 0.06671504 0.06671561 0.06671598 0.06671624 0.06671643
  0.0667166  0.06671665 0.0667167 ]
 [0.0656268  0.04797551 0.04601924 0.04547977 0.04530062 0.04523319
  0.04520937 0.0452018  0.04534821 0.04553431 0.04572472 0.04592334
  0.04612766 0.04633506 0.04654107 0.04674593 0.04999057 0.05210712
  0.05322482 0.05374451 0.0539734  0.05406875 0.05410774 0.05412381
  0.05413047 0.05413312 0.05413419 0.05413485 0.05413533 0.05413555
  0.05413997 0.05910323 0.06221067 0.06392695 0.06480588 0.06523028
  0.06543326 0.06552801 0.06557331 0.06559542 0.06560566 0.0656109
  0.0656138  0.06561556 0.06561659 0.06561729 0.0656178  0.06561817
  0.06561853 0.06561867 0.06561881]
 [0.06467296 0.04752424 0.04541393 0.04484648 0.04465692 0.04458558
  0.04456004 0.04455158 0.04465126 0.04478594 0.04492467 0.04507243
  0.04522841 0.04539164 0.04556465 0.0457389  0.04897468 0.0510724
  0.05217424 0.05268298 0.05290566 0.05299792 0.05303549 0.05305091
  0.05305726 0.05305978 0.05306081 0.05306143 0.05306188 0.05306208
  0.05306636 0.05788834 0.06096415 0.06274117 0.06370018 0.06418807
  0.06443182 0.06454995 0.06460809 0.06463712 0.06465081 0.06465782
  0.06466172 0.06466405 0.06466539 0.06466627 0.06466689 0.06466732
  0.06466773 0.06466783 0.06466793]
 [0.06385109 0.04702949 0.04483878 0.04425697 0.04406286 0.04398934
  0.04396271 0.04395374 0.0440431  0.04415351 0.04426626 0.04438474
  0.04450902 0.04463914 0.04477946 0.04492149 0.04814884 0.05022735
  0.05131108 0.05180669 0.05202173 0.05211016 0.0521459  0.05216044
  0.05216637 0.05216866 0.05216956 0.05217007 0.05217042 0.05217054
  0.05217459 0.0568672  0.05990835 0.06172752 0.06274797 0.06328666
  0.06356389 0.06370159 0.06377058 0.0638055  0.06382213 0.06383064
  0.06383537 0.06383817 0.06383976 0.06384077 0.06384146 0.06384191
  0.06384234 0.06384238 0.06384241]
 [0.06312018 0.0465116  0.04427146 0.04368009 0.04348384 0.0434087
  0.04338109 0.04337166 0.04346407 0.04356466 0.04366634 0.043771
  0.04387886 0.04399022 0.04410864 0.0442284  0.04744774 0.04951082
  0.05057633 0.05105768 0.05126422 0.05134831 0.05138201 0.05139558
  0.05140103 0.0514031  0.05140387 0.05140429 0.05140456 0.05140461
  0.05140846 0.05598647 0.05899303 0.06084039 0.06190695 0.06248533
  0.06278936 0.062943   0.06302091 0.06306071 0.06307979 0.06308955
  0.06309499 0.06309818 0.06309998 0.0631011  0.06310184 0.06310231
  0.06310275 0.06310274 0.06310272]
 [0.06244698 0.04599009 0.04371532 0.04311703 0.04291941 0.04284284
  0.04281419 0.04280425 0.04290259 0.04299853 0.04309491 0.04319285
  0.04329247 0.04339401 0.04349975 0.04360633 0.04682098 0.04887349
  0.04992126 0.05038753 0.05058483 0.05066419 0.05069568 0.05070821
  0.05071317 0.05071503 0.0507157  0.05071606 0.05071629 0.05071632
  0.05072001 0.05520192 0.05817695 0.06004234 0.06114244 0.06175079
  0.06207548 0.06224159 0.06232656 0.06237023 0.06239127 0.06240203
  0.06240804 0.06241156 0.06241353 0.06241475 0.06241554 0.06241603
  0.0624165  0.06241644 0.06241639]
 [0.06181178 0.04547414 0.04317556 0.0425727  0.04237412 0.0422963
  0.04226653 0.0422561  0.04236019 0.04245267 0.04254526 0.04263883
  0.04273343 0.04282915 0.0429274  0.04302616 0.04624062 0.04828664
  0.04931673 0.04976688 0.04995416 0.05002839 0.05005744 0.05006887
  0.05007335 0.05007499 0.05007559 0.05007599 0.0500762  0.0500762
  0.05007975 0.05448588 0.05743418 0.05930995 0.06043294 0.06106253
  0.06140215 0.06157739 0.06166756 0.06171411 0.06173661 0.06174813
  0.06175457 0.06175834 0.06176046 0.06176176 0.06176259 0.06176311
  0.06176359 0.06176352 0.06176345]
 [0.0612072  0.04496608 0.04265423 0.04204916 0.04185021 0.04177146
  0.04174068 0.04172995 0.04183909 0.04192821 0.04201724 0.04210701
  0.04219756 0.04228892 0.042382   0.04247543 0.04569404 0.04773645
  0.04874824 0.04918095 0.04935731 0.04942594 0.04945248 0.04946276
  0.04946666 0.0494682  0.04946891 0.04946932 0.04946958 0.04946938
  0.0494729  0.05382454 0.05675198 0.05863221 0.05976881 0.06041165
  0.06076079 0.06094193 0.0610355  0.06108394 0.06110743 0.06111948
  0.06112622 0.06113019 0.06113242 0.0611338  0.0611347  0.06113526
  0.0611358  0.06113575 0.0611357 ]
 [0.06065447 0.04448136 0.04216691 0.0415627  0.04136509 0.04128696
  0.04125668 0.04124701 0.04135759 0.04144199 0.0415262  0.04161118
  0.04169703 0.04178371 0.04187197 0.04196053 0.04518605 0.04722596
  0.0482182  0.04863229 0.04879742 0.04886079 0.04888539 0.04889531
  0.04889958 0.04890175 0.04890316 0.04890441 0.04890559 0.04890654
  0.04891093 0.05322804 0.05614032 0.05801996 0.05916193 0.05981088
  0.06016481 0.06034925 0.06044502 0.06049499 0.06051958 0.06053253
  0.06054008 0.06054479 0.06054773 0.0605498  0.06055138 0.06055261
  0.06055382 0.06055442 0.06055502]]
00:00:00.04 State variable velocity: yC
00:00:00.91 done
