Starting at 2022-07-18 03:00:20.934475
Args: test
00:00:00.00 time :[ 0.          1.53846154  3.07692308  4.61538462  6.15384615  7.69230769
  9.23076923 10.76923077 12.30769231 13.84615385 15.38461538 16.92307692
 18.46153846 20.         21.53846154 23.07692308 24.61538462 26.15384615
 27.69230769 29.23076923 30.76923077 32.30769231 33.84615385 35.38461538
 36.92307692 38.46153846 40.         41.53846154 43.07692308 44.61538462
 46.15384615 47.69230769 49.23076923 50.76923077 52.30769231 53.84615385
 55.38461538 56.92307692 58.46153846 60.         61.53846154 63.07692308
 64.61538462 66.15384615 67.69230769 69.23076923 70.76923077 72.30769231
 73.84615385 75.38461538 76.92307692]
00:00:00.00 parameters: {'R': 8.314, 'nocomponents': 3, 'feed_yi': [0.05, 0.9, 0.05], 'ini_yi': [0.1, 0.8, 0.1], 'isomodel': 'Langmuir-Freundlich', 'bi': [3.499, 2.701, 7.185], 'qsi': [6.29, 4.59, 4.94], 'qs0': 6.29, 'ni': [1.0, 1.0, 1.0], 'ki': [0.62, 0.62, 0.62], 'Hi': [0, 0, 0], 'mode': 1, 'bed': 1, 'N': 10, 'tN': 51, 'Ta': 298, 'D': 0.3, 'L': 1.3, 'epsilon': 0.37, 'rp': 0.0007, 'feed_pressure': 1, 'vfeed': 1, 'PI': 50000.0, 'PL': 25000.0, 'lamda_pre': 0.5, 'lamda_blw': 0.5, 'lamda_eva': 0.5, 'tpre': 15, 'tads': 15, 'tblw': 30, 'teva': 40, 'rho_s': 1130, 'rho_w': 7800, 'Cpg': 30.7, 'Cpa': 30.7, 'Cps': 1339, 'Cpw': 502, 'mu': 1.72e-05, 'Dm': 1.6e-05, 'gamma': 1.4, 'Kz': 0.09, 'Kw': 16, 'hin': 8.6, 'hout': 2.5, 'eta': 0.72, 'DL': 0.00049, 'xnames': ['xA', 'xB', 'xC'], 'ynames': ['yA', 'yB', 'yC'], 'state_names': ['P', 'T', 'Tw', 'xA', 'xB', 'xC', 'yA', 'yB', 'yC'], 'state_sizes': [10, 10, 10, 10, 10, 10, 10, 10, 10], 'area': 0.07068583470577035, 'volume': 0.09189158511750145, 'rin': 0.15, 'rout': 0.4, 'epst': 0.5873015873015873, 'epsb': 1.7027027027027026, 'deltaZ': 0.1, 'container_vol': 0.09189158511750145, 'PH': 100000.0, 'norm_v0': 1, 'norm_t0': 1.3, 'norm_P0': 100000.0, 'norm_T0': 298, 'norm_tpre': 11.538461538461538, 'norm_tads': 23.076923076923077, 'norm_tblw': 46.15384615384615, 'norm_tend': 76.92307692307692, 'tstep': 1.5384615384615383, 'index_tpre': 7, 'index_tads': 15, 'index_tblw': 30, 'index_tend': 50, 'collect': ['zL_tblw', 'zL_tads', 'z0_teva']}
00:00:00.00 State variable P: [[0.2523236  0.68297854 0.86609677 0.94167869 0.97415951 0.98848036
  0.99486801 0.99772145 1.03016491 1.03922659 1.04406045 1.04616768
  1.04694016 1.04732785 1.04761081 1.04768827 0.8330369  0.72904328
  0.66191756 0.61649419 0.58467481 0.56199176 0.54561494 0.53375853
  0.52522726 0.51897478 0.51426347 0.51068603 0.50794661 0.50594585
  0.50448502 0.36543971 0.31131067 0.28669646 0.2744991  0.26788489
  0.26401343 0.26144593 0.25964725 0.25828406 0.25717736 0.25627902
  0.25552106 0.25489224 0.25435156 0.25389627 0.25349784 0.25315867
  0.2528551  0.25257775 0.25232252]
 [0.25677161 0.6106188  0.8048598  0.90085994 0.95059978 0.9759405
  0.98848365 0.99459879 1.02553041 1.03443526 1.03917755 1.0412401
  1.04199397 1.04237299 1.04265055 1.04283571 0.83052963 0.72632346
  0.6594809  0.61445754 0.58303542 0.56070241 0.54461651 0.53299371
  0.52464398 0.51853047 0.51392566 0.5104306  0.50775479 0.50581491
  0.50443254 0.39648675 0.3476693  0.3207686  0.30441547 0.29367641
  0.28623412 0.28069566 0.27642889 0.27299358 0.27013683 0.26775104
  0.26571017 0.26398748 0.2624938  0.2612202  0.26010282 0.25913659
  0.2582697  0.25748544 0.25676823]
 [0.2609524  0.54512544 0.74579675 0.86116265 0.92781508 0.9638739
  0.98236057 0.99160675 1.02121948 1.02980499 1.03436205 1.03633493
  1.03705182 1.03741361 1.03768037 1.03787807 0.82549195 0.72084854
  0.65458403 0.6103749  0.57975794 0.5581312  0.54262986 0.53147461
  0.52348687 0.51764988 0.5132566  0.50992503 0.50737535 0.50553876
  0.50421878 0.41920677 0.37507903 0.34746693 0.32874352 0.31531223
  0.30531895 0.29752397 0.29130292 0.28617981 0.28186091 0.2782069
  0.27505572 0.27237038 0.27003042 0.26802054 0.26625307 0.264715
  0.26333423 0.26208584 0.26094664]
 [0.26477596 0.48744832 0.68976209 0.82321857 0.90621119 0.95251065
  0.97662194 0.98880849 1.01724116 1.02533687 1.0296127  1.03145106
  1.03211322 1.03244938 1.03269987 1.03288907 0.81784388 0.71252859
  0.64716851 0.60422125 0.57484161 0.55429138 0.53967445 0.52922171
  0.52177445 0.51634879 0.51226921 0.5091797  0.50681648 0.5051243
  0.50389975 0.43611984 0.39611278 0.36858552 0.34851464 0.33329667
  0.32146699 0.31196309 0.30420868 0.29772854 0.29220962 0.28749705
  0.28340666 0.2798951  0.27682247 0.27416759 0.27182745 0.26978239
  0.26794576 0.26628354 0.26476787]
 [0.26816992 0.43836215 0.63778742 0.78779481 0.88624545 0.94209863
  0.97139264 0.98626602 1.01360448 1.02103026 1.02492661 1.02658638
  1.02717713 1.02747956 1.02770818 1.02788149 0.807442   0.70121204
  0.63713775 0.59595576 0.56828496 0.54920352 0.53578033 0.52626627
  0.51953469 0.51465084 0.51098272 0.50821    0.50609035 0.50458171
  0.50348427 0.44877492 0.4123262  0.38527224 0.36446256 0.34805168
  0.33489619 0.32410305 0.31515678 0.30759973 0.30111243 0.29553368
  0.29066606 0.28646237 0.2827712  0.27956628 0.27673507 0.27425304
  0.27202315 0.27000221 0.2681597 ]
 [0.27107691 0.39831486 0.59107934 0.75580032 0.86841914 0.93289857
  0.96679557 0.98403873 1.01031778 1.0168827  1.02029942 1.021738
  1.02224227 1.02250332 1.02270431 1.02285675 0.79406819 0.68667394
  0.62435205 0.58552235 0.56008879 0.54289867 0.53099045 0.52265176
  0.51680569 0.51258779 0.50942275 0.50703631 0.50521295 0.5039239
  0.50298185 0.45818503 0.4247272  0.39829935 0.37711512 0.35991068
  0.34580252 0.33404629 0.32418705 0.31579063 0.30853827 0.30226749
  0.29677309 0.29200573 0.28780745 0.28414781 0.28090859 0.27806199
  0.27550363 0.27318185 0.27106483]
 [0.27345227 0.36732481 0.55099604 0.72826269 0.85326085 0.92517079
  0.9629471  0.98218142 1.00738771 1.01288948 1.01572517 1.01690231
  1.01730718 1.01751981 1.01768725 1.01781417 0.77741173 0.66859701
  0.60862104 0.57285098 0.55026091 0.5354231  0.52536413 0.51843583
  0.51363666 0.51019978 0.50762125 0.50568385 0.50420397 0.50316661
  0.50240411 0.46503748 0.43399511 0.40820055 0.38685333 0.36912889
  0.35434753 0.34188729 0.3313467  0.3223149  0.31447718 0.30767217
  0.30169034 0.29648121 0.29188333 0.287863   0.28429875 0.28116078
  0.27833959 0.2757763  0.27343867]
 [0.27526223 0.34499133 0.51899126 0.70625886 0.841292   0.91916027
  0.95995158 0.98074201 1.00481813 1.00904316 1.0111962  1.01207496
  1.01237023 1.01252819 1.012656   1.01275269 0.75704091 0.64654159
  0.58969274 0.5578606  0.53882373 0.52684509 0.51898158 0.51369279
  0.51008889 0.50753557 0.50561651 0.50418259 0.50308655 0.50232815
  0.5017647  0.4698055  0.44059389 0.41534588 0.39394869 0.375895
  0.36065622 0.34770387 0.33667906 0.32719073 0.31892893 0.3117343
  0.30539498 0.29985995 0.29496608 0.29067721 0.28687017 0.28351399
  0.28049577 0.27775099 0.27524746]
 [0.2764824  0.33065299 0.4965105  0.69081761 0.83297955 0.91508142
  0.95789524 0.97975933 1.00260895 1.00533312 1.00670298 1.00725081
  1.0074296  1.00752756 1.0076095  1.00767109 0.73235827 0.6198969
  0.56723774 0.54046534 0.52582621 0.51726468 0.51194986 0.50851645
  0.5062368  0.50465256 0.50345297 0.50256695 0.50188702 0.50142913
  0.50107921 0.47281074 0.44483427 0.41998448 0.39858666 0.38034054
  0.36481791 0.35155345 0.34021782 0.33043407 0.3218963  0.3144469
  0.30787293 0.30212312 0.2970336  0.29256663 0.28859816 0.28509666
  0.28194712 0.27908117 0.27646686]
 [0.27709671 0.32365906 0.48482725 0.68281274 0.82870109 0.91305464
  0.956845   0.97926082 1.00075519 1.00174509 1.00223399 1.00242395
  1.00248328 1.00251702 1.00254667 1.00256749 0.70252746 0.58779953
  0.5408269  0.52058748 0.51136303 0.50682737 0.50441011 0.50302311
  0.50216865 0.50161653 0.50118088 0.50087554 0.5006346  0.50049212
  0.50036889 0.47425887 0.44690851 0.42226912 0.40088086 0.38254636
  0.36688776 0.35347167 0.34198389 0.33205487 0.3233809  0.31580542
  0.30911507 0.3032585  0.29807155 0.29351572 0.28946661 0.28589243
  0.2826772  0.27975056 0.27708077]]
00:00:00.00 State variable T: [[1. 1. 1. 1. 1. 1. 1. 1. 1. 1. 1. 1. 1. 1. 1. 1. 1. 1. 1. 1. 1. 1. 1. 1.
  1. 1. 1. 1. 1. 1. 1. 1. 1. 1. 1. 1. 1. 1. 1. 1. 1. 1. 1. 1. 1. 1. 1. 1.
  1. 1. 1.]
 [1. 1. 1. 1. 1. 1. 1. 1. 1. 1. 1. 1. 1. 1. 1. 1. 1. 1. 1. 1. 1. 1. 1. 1.
  1. 1. 1. 1. 1. 1. 1. 1. 1. 1. 1. 1. 1. 1. 1. 1. 1. 1. 1. 1. 1. 1. 1. 1.
  1. 1. 1.]
 [1. 1. 1. 1. 1. 1. 1. 1. 1. 1. 1. 1. 1. 1. 1. 1. 1. 1. 1. 1. 1. 1. 1. 1.
  1. 1. 1. 1. 1. 1. 1. 1. 1. 1. 1. 1. 1. 1. 1. 1. 1. 1. 1. 1. 1. 1. 1. 1.
  1. 1. 1.]
 [1. 1. 1. 1. 1. 1. 1. 1. 1. 1. 1. 1. 1. 1. 1. 1. 1. 1. 1. 1. 1. 1. 1. 1.
  1. 1. 1. 1. 1. 1. 1. 1. 1. 1. 1. 1. 1. 1. 1. 1. 1. 1. 1. 1. 1. 1. 1. 1.
  1. 1. 1.]
 [1. 1. 1. 1. 1. 1. 1. 1. 1. 1. 1. 1. 1. 1. 1. 1. 1. 1. 1. 1. 1. 1. 1. 1.
  1. 1. 1. 1. 1. 1. 1. 1. 1. 1. 1. 1. 1. 1. 1. 1. 1. 1. 1. 1. 1. 1. 1. 1.
  1. 1. 1.]
 [1. 1. 1. 1. 1. 1. 1. 1. 1. 1. 1. 1. 1. 1. 1. 1. 1. 1. 1. 1. 1. 1. 1. 1.
  1. 1. 1. 1. 1. 1. 1. 1. 1. 1. 1. 1. 1. 1. 1. 1. 1. 1. 1. 1. 1. 1. 1. 1.
  1. 1. 1.]
 [1. 1. 1. 1. 1. 1. 1. 1. 1. 1. 1. 1. 1. 1. 1. 1. 1. 1. 1. 1. 1. 1. 1. 1.
  1. 1. 1. 1. 1. 1. 1. 1. 1. 1. 1. 1. 1. 1. 1. 1. 1. 1. 1. 1. 1. 1. 1. 1.
  1. 1. 1.]
 [1. 1. 1. 1. 1. 1. 1. 1. 1. 1. 1. 1. 1. 1. 1. 1. 1. 1. 1. 1. 1. 1. 1. 1.
  1. 1. 1. 1. 1. 1. 1. 1. 1. 1. 1. 1. 1. 1. 1. 1. 1. 1. 1. 1. 1. 1. 1. 1.
  1. 1. 1.]
 [1. 1. 1. 1. 1. 1. 1. 1. 1. 1. 1. 1. 1. 1. 1. 1. 1. 1. 1. 1. 1. 1. 1. 1.
  1. 1. 1. 1. 1. 1. 1. 1. 1. 1. 1. 1. 1. 1. 1. 1. 1. 1. 1. 1. 1. 1. 1. 1.
  1. 1. 1.]
 [1. 1. 1. 1. 1. 1. 1. 1. 1. 1. 1. 1. 1. 1. 1. 1. 1. 1. 1. 1. 1. 1. 1. 1.
  1. 1. 1. 1. 1. 1. 1. 1. 1. 1. 1. 1. 1. 1. 1. 1. 1. 1. 1. 1. 1. 1. 1. 1.
  1. 1. 1.]]
00:00:00.01 State variable Tw: [[1. 1. 1. 1. 1. 1. 1. 1. 1. 1. 1. 1. 1. 1. 1. 1. 1. 1. 1. 1. 1. 1. 1. 1.
  1. 1. 1. 1. 1. 1. 1. 1. 1. 1. 1. 1. 1. 1. 1. 1. 1. 1. 1. 1. 1. 1. 1. 1.
  1. 1. 1.]
 [1. 1. 1. 1. 1. 1. 1. 1. 1. 1. 1. 1. 1. 1. 1. 1. 1. 1. 1. 1. 1. 1. 1. 1.
  1. 1. 1. 1. 1. 1. 1. 1. 1. 1. 1. 1. 1. 1. 1. 1. 1. 1. 1. 1. 1. 1. 1. 1.
  1. 1. 1.]
 [1. 1. 1. 1. 1. 1. 1. 1. 1. 1. 1. 1. 1. 1. 1. 1. 1. 1. 1. 1. 1. 1. 1. 1.
  1. 1. 1. 1. 1. 1. 1. 1. 1. 1. 1. 1. 1. 1. 1. 1. 1. 1. 1. 1. 1. 1. 1. 1.
  1. 1. 1.]
 [1. 1. 1. 1. 1. 1. 1. 1. 1. 1. 1. 1. 1. 1. 1. 1. 1. 1. 1. 1. 1. 1. 1. 1.
  1. 1. 1. 1. 1. 1. 1. 1. 1. 1. 1. 1. 1. 1. 1. 1. 1. 1. 1. 1. 1. 1. 1. 1.
  1. 1. 1.]
 [1. 1. 1. 1. 1. 1. 1. 1. 1. 1. 1. 1. 1. 1. 1. 1. 1. 1. 1. 1. 1. 1. 1. 1.
  1. 1. 1. 1. 1. 1. 1. 1. 1. 1. 1. 1. 1. 1. 1. 1. 1. 1. 1. 1. 1. 1. 1. 1.
  1. 1. 1.]
 [1. 1. 1. 1. 1. 1. 1. 1. 1. 1. 1. 1. 1. 1. 1. 1. 1. 1. 1. 1. 1. 1. 1. 1.
  1. 1. 1. 1. 1. 1. 1. 1. 1. 1. 1. 1. 1. 1. 1. 1. 1. 1. 1. 1. 1. 1. 1. 1.
  1. 1. 1.]
 [1. 1. 1. 1. 1. 1. 1. 1. 1. 1. 1. 1. 1. 1. 1. 1. 1. 1. 1. 1. 1. 1. 1. 1.
  1. 1. 1. 1. 1. 1. 1. 1. 1. 1. 1. 1. 1. 1. 1. 1. 1. 1. 1. 1. 1. 1. 1. 1.
  1. 1. 1.]
 [1. 1. 1. 1. 1. 1. 1. 1. 1. 1. 1. 1. 1. 1. 1. 1. 1. 1. 1. 1. 1. 1. 1. 1.
  1. 1. 1. 1. 1. 1. 1. 1. 1. 1. 1. 1. 1. 1. 1. 1. 1. 1. 1. 1. 1. 1. 1. 1.
  1. 1. 1.]
 [1. 1. 1. 1. 1. 1. 1. 1. 1. 1. 1. 1. 1. 1. 1. 1. 1. 1. 1. 1. 1. 1. 1. 1.
  1. 1. 1. 1. 1. 1. 1. 1. 1. 1. 1. 1. 1. 1. 1. 1. 1. 1. 1. 1. 1. 1. 1. 1.
  1. 1. 1.]
 [1. 1. 1. 1. 1. 1. 1. 1. 1. 1. 1. 1. 1. 1. 1. 1. 1. 1. 1. 1. 1. 1. 1. 1.
  1. 1. 1. 1. 1. 1. 1. 1. 1. 1. 1. 1. 1. 1. 1. 1. 1. 1. 1. 1. 1. 1. 1. 1.
  1. 1. 1.]]
00:00:00.01 State variable xA: [[0.02913188 0.0337909  0.03852031 0.04103722 0.0422329  0.04278716
  0.04304267 0.04316259 0.04331856 0.04350683 0.04363954 0.04373264
  0.04380308 0.04386341 0.04391834 0.04396904 0.04318276 0.04209933
  0.04114806 0.04038355 0.0397874  0.03932986 0.0389814  0.03871901
  0.03852421 0.03837823 0.03826791 0.03818331 0.03811854 0.03807128
  0.03803558 0.03636399 0.03405124 0.03238213 0.03132609 0.03068044
  0.0302859  0.03002574 0.02984041 0.02969972 0.02958942 0.02950116
  0.02942804 0.02936861 0.02931794 0.02927625 0.02924012 0.02920925
  0.02918133 0.02915665 0.02913401]
 [0.02907458 0.03277451 0.03695041 0.03945082 0.04078578 0.04147138
  0.04181475 0.04198629 0.04215876 0.04235117 0.04249191 0.04259706
  0.04268304 0.04276172 0.04283719 0.04291026 0.04217498 0.04113909
  0.04022923 0.03950012 0.03893367 0.03850057 0.03817187 0.03792515
  0.03774251 0.03760591 0.03750281 0.03742383 0.03736342 0.03731954
  0.03728654 0.03608003 0.03437762 0.03303865 0.03208045 0.03140585
  0.03092728 0.03057238 0.03029832 0.03007849 0.02989811 0.02974838
  0.02962132 0.02951498 0.02942316 0.02934567 0.02927805 0.02921939
  0.02916654 0.02911954 0.02907658]
 [0.02892422 0.03185543 0.03561507 0.03807226 0.03948617 0.04025282
  0.04065078 0.04085443 0.04103183 0.04121565 0.04135026 0.04145199
  0.04153688 0.04161633 0.04169406 0.04177075 0.04107734 0.04008107
  0.03921008 0.03851795 0.03798512 0.03758125 0.03727711 0.03705042
  0.03688364 0.03675939 0.03666583 0.03659428 0.03653961 0.03650003
  0.0364703  0.03558495 0.03429158 0.03319954 0.03235101 0.03170151
  0.03120228 0.03080843 0.03049016 0.03022659 0.03000462 0.02981627
  0.02965387 0.02951543 0.02939469 0.02929116 0.02920023 0.02912059
  0.02904884 0.0289847  0.02892615]
 [0.02873136 0.03100914 0.03444442 0.03688882 0.03837668 0.03920957
  0.03964939 0.03987686 0.0400545  0.04022359 0.04034455 0.04043441
  0.04050915 0.0405798  0.04064969 0.04071928 0.04004767 0.03906832
  0.0382216  0.03755904 0.03705705 0.03668225 0.0364037  0.03619852
  0.03604914 0.03593856 0.03585558 0.03579228 0.03574402 0.03570926
  0.03568331 0.03502361 0.03401653 0.03311132 0.03236273 0.03175537
  0.03126306 0.03085834 0.03052079 0.03023471 0.0299892  0.02977741
  0.02959252 0.02943263 0.02929197 0.02916985 0.02906195 0.02896674
  0.02888088 0.02880372 0.02873328]
 [0.02852405 0.03024308 0.03339454 0.03586642 0.03744563 0.03834654
  0.0388255  0.03907407 0.03925158 0.03940554 0.03951132 0.03958704
  0.03964889 0.03970765 0.0397662  0.03982474 0.03915221 0.0381622
  0.03732147 0.03667878 0.03620345 0.03585653 0.03560377 0.03542085
  0.03528973 0.03519358 0.03512173 0.03506713 0.03502562 0.03499588
  0.03497377 0.03447436 0.03367162 0.03290745 0.03224267 0.03167892
  0.03120388 0.03080144 0.0304578  0.03016135 0.0299032  0.02967765
  0.02947873 0.02930477 0.02915057 0.02901538 0.02889527 0.02878867
  0.02869239 0.02860546 0.02852601]
 [0.02831536 0.0295725  0.03245133 0.03497895 0.03666697 0.03764032
  0.03815813 0.03842664 0.03860488 0.0387454  0.0388371  0.03889948
  0.0389491  0.03899648 0.039044   0.03909155 0.03839657 0.03736835
  0.03651624 0.03588549 0.03543455 0.03511589 0.03489019 0.03473094
  0.03461929 0.03453843 0.03447834 0.03443288 0.03439844 0.03437395
  0.03435585 0.033971   0.03331514 0.03265663 0.03205892 0.03153405
  0.03107852 0.03068374 0.03034055 0.03004039 0.02977607 0.02954279
  0.0293354  0.0291524  0.02898919 0.02884499 0.02871628 0.0286015
  0.02849767 0.02840355 0.02831741]
 [0.02810873 0.02900477 0.03162008 0.03421501 0.03601798 0.03706296
  0.03761744 0.03790409 0.03808356 0.03821236 0.03829162 0.03834239
  0.03838158 0.03841944 0.03845773 0.03849598 0.03775837 0.03666471
  0.03578586 0.03516253 0.03473717 0.03444993 0.03425451 0.03412155
  0.03403127 0.03396699 0.03391948 0.03388374 0.0338568  0.03383782
  0.0338239  0.03352114 0.0329705  0.03239005 0.03184418 0.03135145
  0.03091408 0.03052849 0.03018874 0.0298885  0.02962182 0.02938466
  0.02917251 0.02898402 0.02881511 0.02866498 0.02853046 0.02841008
  0.02830102 0.02820184 0.02811095]
 [0.02790169 0.02853582 0.030914   0.03357265 0.03548048 0.03658777
  0.03717303 0.03747446 0.03765478 0.03777299 0.03784124 0.03788218
  0.03791299 0.03794349 0.03797471 0.0380058  0.03720547 0.03601752
  0.03509809 0.03448178 0.03408761 0.03383843 0.03367881 0.03357613
  0.03350985 0.03346379 0.0334299  0.0334046  0.03338566 0.03337251
  0.03336298 0.03311864 0.03264187 0.03211757 0.03161034 0.03114283
  0.03072092 0.03034431 0.03000924 0.02971089 0.02944425 0.02920581
  0.02899156 0.02880025 0.02862821 0.02847463 0.02833663 0.02821281
  0.0281005  0.02799812 0.0279042 ]
 [0.02768783 0.02815264 0.03034545 0.03304951 0.03503346 0.03618408
  0.03678998 0.03710098 0.03728085 0.03738912 0.03744768 0.03748069
  0.0375054  0.03753094 0.03755751 0.03758384 0.03669976 0.03538452
  0.03441185 0.03380771 0.03345618 0.03325596 0.0331403  0.03307327
  0.03303422 0.0330083  0.03298921 0.03297513 0.03296474 0.03295777
  0.03295283 0.03274908 0.03232168 0.03183577 0.03135601 0.03090742
  0.03049809 0.03012972 0.02979988 0.02950474 0.02923991 0.02900224
  0.02878803 0.02859615 0.02842318 0.02826834 0.02812895 0.02800366
  0.02788993 0.02778609 0.02769074]
 [0.02745775 0.02783782 0.02991885 0.03263258 0.03464386 0.03580868
  0.03642063 0.03673412 0.03691136 0.0370102  0.03706077 0.03708842
  0.03711003 0.03713375 0.03715877 0.03718338 0.03619323 0.0347106
  0.03367363 0.03309542 0.03280637 0.03267167 0.03261116 0.03258657
  0.03257846 0.03257475 0.03257169 0.03256971 0.0325685  0.03256809
  0.03256796 0.03239085 0.03199302 0.03153103 0.03106958 0.03063479
  0.03023576 0.02987515 0.02955122 0.02926064 0.02899937 0.02876447
  0.02855244 0.0283622  0.02819051 0.02803659 0.0278979  0.02777314
  0.02765985 0.02755631 0.0274612 ]]
00:00:00.01 State variable xB: [[0.24736105 0.32883919 0.39700628 0.42812616 0.44110688 0.44652927
  0.44882131 0.44981633 0.45166884 0.45378082 0.45490245 0.45534831
  0.45544094 0.4554168  0.45536122 0.45529326 0.44119267 0.42207192
  0.40553793 0.39242407 0.38230624 0.37460259 0.36877079 0.36440204
  0.3611737  0.35875953 0.35693769 0.35554117 0.35447586 0.3537014
  0.3531198  0.32933082 0.298722   0.27816242 0.26608855 0.25932744
  0.25563852 0.2534588  0.25203904 0.2510254  0.25027143 0.24969338
  0.24922445 0.24885247 0.24853445 0.248275   0.24804558 0.24784981
  0.24766934 0.24750825 0.2473577 ]
 [0.25124195 0.31848208 0.38715499 0.42238301 0.4389102  0.44673228
  0.45046702 0.45227802 0.454417   0.45656711 0.45769799 0.45813672
  0.45821455 0.45817216 0.45809464 0.45800024 0.44397301 0.42459009
  0.40784903 0.39462162 0.38445951 0.37675368 0.37094118 0.36660095
  0.36340284 0.36101553 0.3592157  0.35783708 0.35678594 0.3560247
  0.35545547 0.33760481 0.31385491 0.29621777 0.28423625 0.27620013
  0.27076258 0.26687279 0.26394552 0.26163031 0.25974997 0.25820095
  0.25689047 0.25579707 0.25485105 0.2540518  0.25335002 0.25273922
  0.25218543 0.25169159 0.25123828]
 [0.2549408  0.30869479 0.37624534 0.41548561 0.43586434 0.44630269
  0.45157966 0.45424626 0.4566971  0.45889921 0.46004958 0.4604964
  0.4605826  0.46055261 0.46048846 0.4604056  0.44626358 0.42642614
  0.40939981 0.3960677  0.38591814 0.37828705 0.37257341 0.36833513
  0.36523028 0.36292095 0.36118327 0.35985428 0.3588421  0.35811134
  0.35756582 0.34387881 0.32482449 0.30945076 0.29794617 0.28940878
  0.28301833 0.2780695  0.27412229 0.2708733  0.26814883 0.26584413
  0.26385983 0.26217041 0.26069548 0.25943017 0.25831577 0.25733669
  0.25645115 0.25565983 0.25493694]
 [0.25831449 0.29987374 0.36480114 0.40780317 0.43218862 0.44534221
  0.45218455 0.4557025  0.45846456 0.46071083 0.46187066 0.46231998
  0.46241528 0.46240381 0.46236213 0.4623015  0.44785757 0.42737121
  0.40998999 0.3965782  0.38651562 0.37905148 0.37352774 0.36947268
  0.36652895 0.3643514  0.36271746 0.36147059 0.3605225  0.35984131
  0.3593358  0.34867151 0.33301403 0.31942957 0.30850263 0.29982532
  0.29291248 0.28729756 0.28265599 0.27873789 0.27538552 0.27250066
  0.26998629 0.26781561 0.26590611 0.26424991 0.26278525 0.26148955
  0.26031774 0.25926811 0.25831098]
 [0.26129801 0.29234794 0.35332894 0.39972917 0.42816375 0.4440434
  0.45242011 0.45675559 0.45981203 0.46208248 0.46323175 0.46366899
  0.46376505 0.46376844 0.46374778 0.46370872 0.44875276 0.42738963
  0.40957294 0.39611341 0.3862259  0.37903396 0.37380073 0.37001584
  0.36730362 0.36531231 0.36382329 0.3626903  0.36183065 0.36121575
  0.36076124 0.35234039 0.33921378 0.32705292 0.316692   0.30804474
  0.30085122 0.29481405 0.28969767 0.2853006  0.28148398 0.27815857
  0.27523317 0.27268125 0.27042219 0.2684462  0.26669176 0.26513133
  0.26371909 0.26245122 0.2612957 ]
 [0.26386287 0.28632354 0.34237778 0.39170712 0.42409282 0.44260834
  0.45243311 0.45752436 0.46084574 0.46311389 0.46422876 0.46463684
  0.46472312 0.4647351  0.46473084 0.46470916 0.44899666 0.42647827
  0.40812885 0.394664   0.3850594  0.37826296 0.37343317 0.37001207
  0.36760406 0.3658533  0.36454917 0.36356031 0.36281202 0.3622799
  0.36188878 0.35514765 0.34392429 0.33288742 0.32303075 0.31448557
  0.30714826 0.30084303 0.29540188 0.29066349 0.28650663 0.28285107
  0.27961223 0.27676443 0.27423056 0.2719997  0.270012   0.26823664
  0.26662831 0.26518154 0.26386285]
 [0.26599941 0.28185225 0.332553   0.38425702 0.42030441 0.44123682
  0.45235905 0.45811422 0.46165879 0.46389291 0.46494748 0.46530905
  0.46537522 0.46538951 0.46539673 0.46538764 0.44862931 0.42460883
  0.40561117 0.39220429 0.38302243 0.37677183 0.37247577 0.36952072
  0.3674921  0.36603557 0.36495446 0.36413794 0.3635221  0.36308737
  0.36276998 0.3572857  0.34748023 0.33730958 0.32787141 0.31944666
  0.31204126 0.30556664 0.29990501 0.29492645 0.29052452 0.2866268
  0.28315479 0.28008382 0.27734052 0.27491329 0.27274443 0.27080099
  0.26903869 0.26745083 0.26600305]
 [0.26770975 0.27884807 0.32449521 0.37797477 0.41715336 0.44012948
  0.45232673 0.45862212 0.46233587 0.46449899 0.46546542 0.4657631
  0.46579949 0.46581029 0.46582428 0.4658231  0.44766946 0.42170438
  0.401923   0.3886752  0.38010622 0.37459111 0.37098249 0.36860627
  0.36703441 0.36592422 0.36510161 0.36448303 0.36401848 0.36369397
  0.36345923 0.35890099 0.35011497 0.34057894 0.33146087 0.32314378
  0.31570897 0.30912859 0.30332055 0.29817795 0.29360563 0.28953724
  0.28589917 0.28266764 0.27977249 0.27720177 0.27489969 0.27283203
  0.27095556 0.26926274 0.26771867]
 [0.26900554 0.27715083 0.31883357 0.37349394 0.41500626 0.43949
  0.45246809 0.45914966 0.4629673  0.46501725 0.46586554 0.46608156
  0.46607873 0.46608035 0.46609625 0.46609804 0.44611481 0.417621
  0.39689788 0.38397574 0.37628756 0.37175337 0.3690161  0.3673431
  0.36630608 0.36559108 0.36505863 0.36466023 0.36436311 0.36415949
  0.3640145  0.36011163 0.35199854 0.34288046 0.33397618 0.32573499
  0.31828648 0.31164167 0.30574151 0.30049417 0.29581199 0.29163277
  0.2878862  0.28454919 0.28155381 0.27888793 0.27649718 0.27434658
  0.2723937  0.27063049 0.26902173]
 [0.26990716 0.27661007 0.316118   0.37140484 0.41420975 0.43952165
  0.45292495 0.45981437 0.46366192 0.46555187 0.46624962 0.46636528
  0.46631333 0.46629951 0.46631163 0.46631052 0.44393939 0.41211221
  0.3902653  0.37795008 0.371532   0.36830272 0.36665818 0.36582392
  0.36539732 0.36512024 0.36490426 0.364744   0.36462725 0.36455267
  0.36450257 0.36102082 0.35326094 0.34434987 0.33554658 0.32733722
  0.31987635 0.31319449 0.30724398 0.30194035 0.29719966 0.2929617
  0.28915778 0.28576514 0.28271695 0.28000097 0.27756353 0.27536928
  0.27337617 0.27157587 0.26993298]]
00:00:00.02 State variable xC: [[0.05163244 0.05622866 0.06154998 0.06469783 0.06632053 0.06711672
  0.06749889 0.06768369 0.06789241 0.06815201 0.06835754 0.0685239
  0.0686671  0.06879904 0.06892421 0.06904366 0.06826845 0.06719166
  0.06624011 0.06547012 0.06486594 0.06440029 0.0640446  0.06377602
  0.06357615 0.06342632 0.06331308 0.06322631 0.06315957 0.06311075
  0.06307368 0.06117241 0.05842939 0.05636138 0.05499086 0.05410973
  0.05353892 0.05314265 0.0528488  0.05261948 0.05243537 0.05228508
  0.05215893 0.05205475 0.05196538 0.05189092 0.0518263  0.05177065
  0.05172049 0.05167608 0.05163552]
 [0.05050235 0.05424521 0.05853729 0.06129586 0.06286291 0.0636981
  0.06412475 0.0643403  0.06454613 0.06478537 0.06497786 0.06513849
  0.06528233 0.06542023 0.06555594 0.06569013 0.06500361 0.06402683
  0.06316304 0.06246593 0.06192094 0.06150252 0.06118407 0.06094442
  0.06076665 0.0606337  0.0605334  0.06045666 0.06039773 0.06035484
  0.06032246 0.05901272 0.05710168 0.05554811 0.05440176 0.05357213
  0.0529678  0.05251017 0.05215094 0.05186    0.05161932 0.05141813
  0.05124657 0.05110219 0.05097723 0.05087133 0.05077888 0.05069856
  0.05062632 0.05056197 0.05050322]
 [0.04937617 0.0523559  0.05609965 0.05862333 0.06012648 0.06095752
  0.06139263 0.0616162  0.06180791 0.06201512 0.06217884 0.06231389
  0.06243469 0.06255148 0.06266763 0.06278374 0.06215706 0.06124689
  0.06044609 0.05980555 0.05930967 0.05893254 0.05864791 0.05843534
  0.05827871 0.05816209 0.05807432 0.0580073  0.05795589 0.05791862
  0.05789052 0.05696575 0.05557857 0.05437756 0.053424   0.05268104
  0.05210104 0.05163799 0.05126011 0.05094567 0.05067977 0.05045329
  0.05025744 0.05008995 0.04994366 0.04981789 0.04970737 0.04961065
  0.04952365 0.0494456  0.04937428]
 [0.04835707 0.05065722 0.05402857 0.05644755 0.05794271 0.05878649
  0.05923331 0.05946467 0.0596449  0.05982351 0.05995975 0.06006883
  0.06016497 0.06025797 0.06035079 0.06044387 0.05984487 0.05896154
  0.05819351 0.0575891  0.0571292  0.05678508 0.05652906 0.05634031
  0.0562028  0.05610113 0.0560249  0.05596686 0.05592245 0.05589043
  0.05586644 0.05519678 0.05415325 0.0531972  0.05239394 0.05173398
  0.05119333 0.05074518 0.05036867 0.05004861 0.04977315 0.04953487
  0.04932632 0.0491455  0.04898621 0.04884758 0.048725   0.04861706
  0.0485199  0.04843205 0.04835161]
 [0.04746099 0.0491828  0.05224106 0.05463347 0.05616902 0.05704665
  0.05751327 0.05775539 0.05792879 0.05808532 0.05819955 0.0582875
  0.05836345 0.05843686 0.05851025 0.05858381 0.05798706 0.05709786
  0.05633863 0.05575534 0.05532273 0.05500676 0.05477663 0.05461017
  0.05449093 0.05440365 0.05433854 0.05428916 0.05425149 0.05422449
  0.05420436 0.05370786 0.05289716 0.05211412 0.05142471 0.05083448
  0.05033314 0.04990564 0.04953834 0.04922071 0.04894345 0.04870058
  0.04848585 0.04829755 0.0481304  0.04798347 0.04785279 0.04773715
  0.04763293 0.04753802 0.04745089]
 [0.04667555 0.0479282  0.05069891 0.05310781 0.0547131  0.05563701
  0.05612794 0.05638233 0.05655204 0.05669142 0.05678818 0.05685943
  0.05691962 0.05697793 0.05703637 0.05709485 0.05647978 0.05555712
  0.05478809 0.05421628 0.05380702 0.05351813 0.05331396 0.05317024
  0.05306973 0.05299717 0.05294335 0.05290274 0.0528719  0.05284996
  0.05283372 0.0524571  0.0518077  0.05114841 0.05054437 0.0500099
  0.04954302 0.04913611 0.04878039 0.04846857 0.04819334 0.04794981
  0.04773271 0.04754059 0.04736896 0.04721687 0.04708092 0.04696015
  0.04685116 0.04675128 0.04665935]
 [0.04598036 0.04687142 0.04937848 0.05182599 0.05351298 0.05448607
  0.05500142 0.05526758 0.05543513 0.05556049 0.05564286 0.05570059
  0.05574838 0.05579507 0.05584211 0.05588907 0.05523687 0.0542542
  0.05345945 0.05289353 0.05250774 0.05224816 0.05207241 0.05195346
  0.05187315 0.05181625 0.05177432 0.05174288 0.05171914 0.05170243
  0.05169017 0.05139759 0.05086089 0.05029028 0.04974959 0.0492584
  0.04881992 0.04843136 0.04808716 0.04778229 0.04751085 0.04726882
  0.04705166 0.04685813 0.04668437 0.04652942 0.04639034 0.04626643
  0.04615446 0.04605134 0.04595619]
 [0.04535182 0.04598227 0.04826137 0.05075319 0.05251698 0.05353317
  0.05406899 0.05434461 0.05451035 0.05462363 0.05469379 0.05474051
  0.05477862 0.05481654 0.05485509 0.05489347 0.05418533 0.05311422
  0.05227903 0.0517173  0.05135944 0.05113486 0.05099235 0.05090165
  0.05084379 0.05080395 0.05077476 0.05075307 0.05073684 0.05072561
  0.05071746 0.0504838  0.05002503 0.04951703 0.04902242 0.04856393
  0.048148   0.04777491 0.04744123 0.04714342 0.04687659 0.04663733
  0.04642165 0.04622844 0.04605431 0.04589832 0.0457579  0.0456325
  0.04551908 0.04541421 0.04531728]
 [0.04476189 0.04522392 0.04732767 0.04985137 0.05166859 0.05271257
  0.05326084 0.05354184 0.05370512 0.05380764 0.05386752 0.05390565
  0.05393684 0.05396888 0.05400182 0.05403453 0.05325113 0.0520592
  0.05116985 0.05061605 0.05029641 0.05011687 0.05001513 0.04995763
  0.0499252  0.04990416 0.04988877 0.04987754 0.0498693  0.04986384
  0.04986    0.04966692 0.04926005 0.04879475 0.04833267 0.0478983
  0.04749997 0.04713977 0.04681559 0.0465248  0.0462632  0.04602776
  0.04581486 0.0456235  0.04545061 0.04529527 0.04515514 0.04502985
  0.04491643 0.0448113  0.04471398]
 [0.04417661 0.04455347 0.04654813 0.0490689  0.05089613 0.05194294
  0.05249137 0.05277187 0.05293116 0.05302401 0.05307577 0.05310826
  0.0531359  0.05316553 0.05319634 0.05322681 0.0523483  0.05099635
  0.05004049 0.04950697 0.04924433 0.04912563 0.04907537 0.04905758
  0.04905416 0.04905393 0.04905357 0.04905367 0.04905406 0.04905476
  0.04905542 0.04888913 0.04851414 0.04807627 0.0476365  0.04721997
  0.04683584 0.04648703 0.0461721  0.0458889  0.0456336  0.04540341
  0.04519492 0.04500722 0.04483743 0.04468464 0.04454668 0.04442325
  0.0443115  0.04420775 0.04411165]]
00:00:00.02 State variable yA: [[0.05822573 0.04866821 0.04851328 0.04865598 0.0487596  0.048816
  0.04884496 0.04886056 0.04878379 0.04881847 0.04887054 0.04893183
  0.04899547 0.04905691 0.04911501 0.04916972 0.05037591 0.05121429
  0.05187204 0.05240086 0.0528117  0.05312955 0.05337439 0.05355978
  0.05369791 0.05380332 0.05388287 0.05394449 0.05398996 0.05402506
  0.05404941 0.05659029 0.05780554 0.05834103 0.05853944 0.05858342
  0.05856311 0.05852118 0.05847752 0.05843717 0.05840097 0.05836878
  0.05834132 0.05831815 0.05829845 0.05828229 0.05826889 0.05825693
  0.05824616 0.05823743 0.05823026]
 [0.05742584 0.04817891 0.04737885 0.04737316 0.04741701 0.04744108
  0.04745213 0.04745796 0.0473929  0.04743911 0.04750574 0.04758476
  0.04766902 0.04775363 0.04783706 0.04791914 0.04912619 0.04998811
  0.05066072 0.05119861 0.05161488 0.05193578 0.05218226 0.05236845
  0.05250692 0.05261248 0.05269211 0.05275378 0.05279936 0.05283442
  0.05285927 0.05470625 0.05569252 0.05626265 0.05660272 0.05681189
  0.05694477 0.05703472 0.05710236 0.05715719 0.05720186 0.05723914
  0.0572715  0.05729939 0.05732436 0.05734642 0.0573666  0.05738465
  0.05740122 0.05741615 0.05743027]
 [0.05650899 0.04821683 0.04662501 0.04631332 0.04621077 0.04616093
  0.04613462 0.04612163 0.04605411 0.04609709 0.04616142 0.04623929
  0.04632365 0.04640973 0.0464961  0.04658266 0.04782556 0.04871686
  0.0494051  0.04995009 0.05036851 0.05068879 0.05093336 0.05111719
  0.05125338 0.05135692 0.05143488 0.0514952  0.0515398  0.0515736
  0.05159764 0.05299755 0.05383666 0.05440709 0.05481522 0.05511784
  0.05534831 0.05553008 0.05568068 0.05580972 0.0559204  0.05601657
  0.05610106 0.05617484 0.05624071 0.05629859 0.05635056 0.05639768
  0.05644092 0.05647882 0.05651345]
 [0.05558831 0.04854058 0.04619142 0.0455066  0.04522068 0.04508227
  0.04501296 0.04497893 0.04490216 0.04493463 0.0449882  0.04505537
  0.04512939 0.04520572 0.04528309 0.04536142 0.04665118 0.0475684
  0.0482656  0.04880988 0.04922268 0.04953532 0.049772   0.04994861
  0.05007871 0.05017723 0.05025125 0.05030842 0.05035071 0.05038277
  0.0504057  0.05149816 0.05223387 0.05279284 0.05323492 0.05359267
  0.05388634 0.05413159 0.05434247 0.05452732 0.05468933 0.05483257
  0.05495966 0.05507185 0.05517252 0.05526143 0.05534123 0.05541421
  0.05548128 0.05553976 0.05559283]
 [0.05472212 0.04898595 0.04599503 0.04491789 0.04444012 0.04421334
  0.04410252 0.04404868 0.04396291 0.04398452 0.04402593 0.04408012
  0.04414082 0.04420388 0.04426818 0.04433369 0.04567481 0.04661383
  0.04731198 0.04784621 0.04824434 0.04854138 0.04876358 0.04892775
  0.0490478  0.04913824 0.04920603 0.04925825 0.04929689 0.04932587
  0.04934679 0.05021954 0.05087772 0.05142054 0.05187841 0.05226869
  0.05260316 0.05289176 0.05314547 0.05337109 0.05357162 0.05375095
  0.05391134 0.05405415 0.05418294 0.05429731 0.05440018 0.05449484
  0.054582   0.05465789 0.05472671]
 [0.05393508 0.04943821 0.04595873 0.04449309 0.04382982 0.04352208
  0.04337466 0.04330373 0.04321172 0.04322527 0.04325652 0.04329913
  0.04334752 0.04339801 0.04344965 0.04350242 0.04490307 0.04586347
  0.04655589 0.04707106 0.04744555 0.04771925 0.04792069 0.04806761
  0.04817406 0.04825371 0.04831328 0.04835903 0.0483929  0.04841811
  0.04843634 0.04914813 0.04974629 0.05027176 0.05073531 0.05114423
  0.05150462 0.05182227 0.05210571 0.05236036 0.05258892 0.05279499
  0.05298046 0.05314672 0.0532973  0.05343167 0.05355282 0.05366483
  0.05376814 0.05385808 0.05393976]
 [0.05323156 0.04980633 0.04601111 0.04417778 0.04334494 0.04296715
  0.04278961 0.04270482 0.04260968 0.04261874 0.04264282 0.04267648
  0.04271495 0.04275513 0.04279625 0.04283831 0.04431417 0.0453002
  0.04598161 0.04646875 0.04681055 0.0470533  0.04722812 0.0473535
  0.04744334 0.04751    0.04755978 0.04759788 0.04762609 0.04764688
  0.04766199 0.04825566 0.04880762 0.04931683 0.04978072 0.05019978
  0.05057619 0.05091285 0.05121638 0.05149107 0.05173936 0.05196457
  0.05216824 0.05235176 0.05251853 0.05266793 0.05280296 0.05292821
  0.0530439  0.05314467 0.05323636]
 [0.05260407 0.05001679 0.04607426 0.04391801 0.04294148 0.04250697
  0.04230672 0.04221145 0.04211602 0.04212418 0.04214417 0.04217166
  0.04220288 0.04223537 0.04226856 0.04230248 0.04387815 0.04489874
  0.04556403 0.04601279 0.04631182 0.0465157  0.04665821 0.04675825
  0.04682899 0.04688092 0.04691977 0.04694934 0.04697125 0.0469872
  0.04699887 0.0475078  0.04802581 0.04852156 0.04898357 0.04940776
  0.04979375 0.05014241 0.05045901 0.05074699 0.05100859 0.05124686
  0.05146311 0.05165869 0.05183688 0.05199698 0.05214195 0.05227675
  0.05240139 0.05251003 0.05260905]
 [0.05203745 0.05001743 0.04605417 0.04365334 0.04257054 0.04209485
  0.04188018 0.04177777 0.04168475 0.04169574 0.04171493 0.04173927
  0.04176614 0.04179385 0.041822   0.04185064 0.04356216 0.04463183
  0.0452744  0.04567116 0.04591515 0.04607149 0.04617607 0.04624743
  0.04629716 0.04633314 0.04636028 0.04638078 0.046396   0.04640686
  0.04641494 0.04686695 0.04736289 0.04784942 0.04830955 0.04873639
  0.04912796 0.04948387 0.04980852 0.05010478 0.05037477 0.05062135
  0.05084566 0.05104904 0.05123465 0.05140175 0.05155325 0.05169434
  0.0518249  0.05193877 0.05204268]
 [0.05151094 0.049775   0.04584424 0.04331001 0.04216908 0.0416701
  0.04144933 0.04134329 0.04125549 0.04127382 0.04129625 0.04132126
  0.04134752 0.04137414 0.04140087 0.04142785 0.04332837 0.04446975
  0.04507925 0.04540443 0.04557775 0.0456769  0.04573822 0.04577831
  0.04580592 0.04582545 0.04584062 0.04585191 0.04586039 0.04586614
  0.04587068 0.04629093 0.04677734 0.04726047 0.04772069 0.04814975
  0.0485449  0.04890518 0.04923452 0.04953556 0.04981035 0.05006165
  0.05029054 0.05049832 0.05068812 0.05085918 0.05101439 0.05115903
  0.05129293 0.05140978 0.0515165 ]]
00:00:00.03 State variable yB: [[0.877785   0.90335611 0.90423916 0.90403672 0.9038381  0.9037235
  0.90366329 0.90363029 0.90384358 0.90377247 0.90365516 0.90351189
  0.90336008 0.90321127 0.9030685  0.90293225 0.89986519 0.8977156
  0.89602103 0.89465206 0.89358635 0.8927603  0.89212306 0.8916399
  0.89127946 0.89100423 0.89079627 0.89063516 0.8905164  0.89042388
  0.89035892 0.88334755 0.87978226 0.87811176 0.87741566 0.87718249
  0.87715496 0.87720685 0.87727845 0.87735113 0.87742004 0.87748376
  0.87753921 0.87758707 0.8776283  0.87766277 0.87769157 0.87771775
  0.87774141 0.87776059 0.87777636]
 [0.88070829 0.90448471 0.90709971 0.90741547 0.90745004 0.90745824
  0.90746316 0.9074644  0.90766239 0.90758387 0.90745383 0.90729179
  0.90711522 0.90693598 0.90675764 0.90658072 0.90355883 0.90139531
  0.89969852 0.89833486 0.8972774  0.89646064 0.89583239 0.89535719
  0.89500332 0.8947334  0.89452957 0.89437166 0.89425509 0.89416772
  0.89410791 0.8890835  0.8862726  0.8845836  0.88353522 0.88286245
  0.88241562 0.88210133 0.88185998 0.88166307 0.8815016  0.88136645
  0.88124989 0.88115021 0.88106202 0.88098525 0.88091616 0.8808548
  0.88079876 0.88074881 0.88070229]
 [0.8836487  0.90452078 0.90891711 0.91000361 0.91042239 0.91062478
  0.9107273  0.91077747 0.91098444 0.91092373 0.91081132 0.91066596
  0.91050449 0.91033821 0.91017042 0.91000142 0.9069501  0.90476152
  0.90306314 0.9017115  0.90067191 0.89987476 0.89926525 0.89880658
  0.89846638 0.89820761 0.89801256 0.89786164 0.89775017 0.89766178
  0.89759781 0.8938611  0.89153436 0.88991103 0.88872682 0.88783483
  0.88714683 0.88659982 0.886145   0.88575517 0.88542072 0.88513029
  0.88487558 0.88465363 0.88445601 0.88428298 0.88412822 0.88398827
  0.88386012 0.88374799 0.88364586]
 [0.88636292 0.90396894 0.90998596 0.91191945 0.9127633  0.91317102
  0.91337312 0.9134719  0.9136942  0.91365703 0.91357033 0.91345186
  0.91331752 0.9131779  0.91303593 0.91289184 0.90978039 0.90756626
  0.90587582 0.90455007 0.90354343 0.90278011 0.90220175 0.90176983
  0.90145138 0.90121015 0.90102876 0.90088868 0.90078516 0.90070883
  0.90065279 0.89777424 0.89578566 0.89424998 0.89302153 0.89201949
  0.89119203 0.89049858 0.88990124 0.8893774  0.88891812 0.88851213
  0.88815203 0.88783431 0.88754948 0.88729817 0.8870729  0.8868671
  0.88667813 0.88651348 0.88636416]
 [0.88877774 0.9031087  0.91051911 0.91332033 0.91458937 0.91519166
  0.91548483 0.91562698 0.91586099 0.91584286 0.91577909 0.91568614
  0.91557862 0.91546617 0.91535135 0.91523433 0.91203676 0.90979288
  0.90811908 0.90683354 0.90587555 0.90516056 0.90462567 0.90423039
  0.90394125 0.90372346 0.90356014 0.90343432 0.90334132 0.90327082
  0.90322108 0.90095761 0.89921968 0.89777053 0.89653934 0.89548459
  0.89457722 0.89379243 0.89310134 0.89248613 0.89193897 0.89144944
  0.89101146 0.89062135 0.89026954 0.88995706 0.88967605 0.88941749
  0.88917945 0.8889723  0.88878437]
 [0.89088991 0.90216556 0.91067938 0.91434593 0.91602232 0.91680011
  0.91717201 0.91735081 0.91759091 0.91758459 0.91753785 0.91746542
  0.91738028 0.91729093 0.91719953 0.91710619 0.91378701 0.91150169
  0.90985092 0.90861994 0.9077266  0.90707438 0.90659481 0.9062453
  0.9059922  0.90580293 0.90566135 0.90555264 0.90547226 0.90541238
  0.90536893 0.90354774 0.90199906 0.90062807 0.89941231 0.89833566
  0.89738382 0.896543   0.89579131 0.89511501 0.89450731 0.89395891
  0.89346494 0.89302173 0.8926201  0.89226142 0.89193784 0.89163853
  0.8913624  0.89112209 0.89090368]
 [0.89272584 0.9013576  0.91062189 0.91511902 0.91716839 0.91809772
  0.91853392 0.91874224 0.91898311 0.91898144 0.91894565 0.91888835
  0.91882054 0.91874936 0.91867656 0.91860217 0.91511211 0.91276586
  0.91114394 0.90998404 0.90917336 0.90859931 0.90818694 0.90789177
  0.90768064 0.90752421 0.90740738 0.90731804 0.90725195 0.90720316
  0.90716769 0.9056664  0.90426003 0.90295499 0.90176101 0.90067874
  0.89970369 0.89882965 0.89803993 0.89732397 0.89667585 0.8960873
  0.89555443 0.89507369 0.89463638 0.89424418 0.89388938 0.89355995
  0.8932555  0.89299041 0.89274897]
 [0.8943268  0.90087983 0.9105268  0.9157605  0.91812586 0.91917762
  0.91966178 0.91989231 0.92012913 0.92012532 0.92009479 0.92004754
  0.91999221 0.91993438 0.91987538 0.91981517 0.91608798 0.91365277
  0.91206765 0.91100092 0.91029521 0.90981683 0.90948411 0.90925147
  0.90908754 0.9089675  0.90887776 0.90880951 0.90875897 0.90872218
  0.9086952  0.90742107 0.90611796 0.9048648  0.90369242 0.90261245
  0.90162683 0.9007344  0.89992216 0.89918184 0.89850819 0.89789375
  0.89733535 0.89682958 0.89636822 0.89595312 0.89557682 0.89522647
  0.8949023  0.89461985 0.89436209]
 [0.89574602 0.90088001 0.91061412 0.91640529 0.91900189 0.92014149
  0.92065524 0.92090054 0.92112862 0.92111567 0.92108449 0.92104197
  0.92099404 0.92094449 0.92089423 0.92084314 0.91678903 0.91422513
  0.91269044 0.91174898 0.91117738 0.91081519 0.91057523 0.91041279
  0.91030033 0.91021932 0.91015828 0.91011227 0.91007811 0.91005379
  0.91003561 0.90891382 0.90767897 0.90646222 0.90530721 0.90423224
  0.90324315 0.90234189 0.90151781 0.90076412 0.90007602 0.89944661
  0.89887321 0.89835251 0.89787663 0.89744757 0.89705805 0.89669476
  0.89635833 0.89606503 0.895797  ]
 [0.89704852 0.90145928 0.91112879 0.91721231 0.91992889 0.92111535
  0.92164017 0.92189239 0.9221066  0.92207633 0.92203742 0.92199312
  0.92194629 0.92189874 0.921851   0.92180285 0.91729631 0.91454591
  0.91308695 0.91231973 0.91192129 0.91169926 0.91156525 0.9114794
  0.91142114 0.9113804  0.91134871 0.91132526 0.91130763 0.91129581
  0.91128634 0.91025188 0.90905126 0.90785359 0.90670849 0.90563738
  0.90464791 0.90374349 0.90291464 0.90215531 0.9014609  0.90082481
  0.90024459 0.899717   0.89923436 0.89879874 0.89840293 0.89803348
  0.89769117 0.89739262 0.89711957]]
00:00:00.03 State variable yC: [[0.06398927 0.04797568 0.04724756 0.0473073  0.04740231 0.0474605
  0.04749175 0.04750915 0.04737264 0.04740905 0.0474743  0.04755627
  0.04764445 0.04773182 0.04781649 0.04789803 0.04975889 0.05107011
  0.05210693 0.05294708 0.05360195 0.05411016 0.05450256 0.05480032
  0.05502263 0.05519246 0.05532085 0.05542035 0.05549364 0.05555046
  0.05558995 0.06006231 0.06241169 0.06354722 0.0640449  0.06423409
  0.06428193 0.06427197 0.06424403 0.06421171 0.06417899 0.06414746
  0.06411947 0.06409477 0.06407324 0.06405494 0.06403954 0.06402532
  0.06401243 0.06400198 0.06399338]
 [0.06186587 0.04733638 0.04552143 0.04521137 0.04513295 0.04510067
  0.04508471 0.04507764 0.04494471 0.04497703 0.04504043 0.04512344
  0.04521576 0.04531039 0.0454053  0.04550014 0.04731498 0.04861659
  0.04964076 0.05046652 0.05110772 0.05160358 0.05198535 0.05227436
  0.05248976 0.05265412 0.05277832 0.05287455 0.05294555 0.05300032
  0.0530391  0.05621031 0.05803446 0.05915373 0.05986205 0.06032565
  0.0606396  0.06086396 0.06103766 0.06117974 0.06129654 0.06139441
  0.06147862 0.0615504  0.06161362 0.06166833 0.06171723 0.06176055
  0.06180002 0.06183504 0.06186744]
 [0.05984231 0.04726238 0.04445788 0.04368307 0.04336684 0.04321429
  0.04313808 0.0431009  0.04296145 0.04297919 0.04302726 0.04309475
  0.04317187 0.04325206 0.04333348 0.04341592 0.04522434 0.04652162
  0.04753176 0.04833841 0.04895958 0.04943645 0.04980139 0.05007623
  0.05028024 0.05043547 0.05055255 0.05064316 0.05071003 0.05076102
  0.05079735 0.05314131 0.05462944 0.05568185 0.05645796 0.05704734
  0.05750486 0.05787009 0.05817432 0.05843511 0.05865888 0.05885314
  0.05902336 0.05917154 0.05930328 0.05941843 0.05952122 0.05961405
  0.05969896 0.05977319 0.05984069]
 [0.05804877 0.04749048 0.04382262 0.04257395 0.04201602 0.04174671
  0.04161392 0.04154918 0.04140364 0.04140834 0.04144147 0.04149277
  0.0415531  0.04161638 0.04168098 0.04174674 0.04356842 0.04486534
  0.04585857 0.04664005 0.04723388 0.04768456 0.04802625 0.04828156
  0.04846992 0.04861262 0.04871998 0.04880291 0.04886413 0.04891068
  0.04894405 0.05072764 0.05198028 0.05295718 0.05374354 0.05438784
  0.05492163 0.05536982 0.05575629 0.05609529 0.05639255 0.0566553
  0.05688831 0.05709384 0.057278   0.0574404  0.05758587 0.05771869
  0.05784059 0.05794676 0.05804301]
 [0.05650015 0.04790535 0.04348586 0.04176178 0.04097051 0.040595
  0.04041264 0.04032434 0.0401761  0.04017262 0.04019498 0.04023374
  0.04028056 0.04032995 0.04038047 0.04043198 0.04228843 0.04359329
  0.04456895 0.04532025 0.04588011 0.04629805 0.04661075 0.04684186
  0.04701094 0.04713829 0.04723384 0.04730743 0.04736179 0.04740271
  0.04743226 0.04882285 0.04990259 0.05080893 0.05158226 0.05224671
  0.05281962 0.05331582 0.0537532  0.05414277 0.05448941 0.05479961
  0.0550772  0.05532449 0.05554752 0.05574563 0.05592377 0.05608768
  0.05623855 0.05636981 0.05648891]
 [0.05517501 0.04839624 0.04336189 0.04116098 0.04014787 0.03967781
  0.03945333 0.03934546 0.03919737 0.03919014 0.03920563 0.03923545
  0.0392722  0.03931107 0.03935082 0.03939139 0.04130992 0.04263484
  0.04359319 0.044309   0.04482785 0.04520637 0.0454845  0.04568709
  0.04583375 0.04594336 0.04602537 0.04608833 0.04613484 0.04616958
  0.04619472 0.04730413 0.04825465 0.04910017 0.04985238 0.0505201
  0.05111156 0.05163473 0.05210298 0.05252463 0.05290377 0.0532461
  0.0535546  0.05383154 0.0540826  0.05430691 0.05450934 0.05469664
  0.05486946 0.05501983 0.05515656]
 [0.0540426  0.04883608 0.043367   0.0407032  0.03948667 0.03893513
  0.03867647 0.03855293 0.0384072  0.03839982 0.03841153 0.03843517
  0.03846451 0.03849551 0.0385272  0.03855952 0.04057372 0.04193394
  0.04287445 0.04354721 0.04401608 0.04434739 0.04458494 0.04475473
  0.04487602 0.04496579 0.04503284 0.04508408 0.04512196 0.04514995
  0.04517031 0.04607794 0.04693236 0.04772818 0.04845826 0.04912148
  0.04972012 0.0502575  0.05074369 0.05118496 0.05158478 0.05194813
  0.05227733 0.05257455 0.05284508 0.05308789 0.05330765 0.05351185
  0.0537006  0.05386492 0.05401468]
 [0.05306912 0.04910337 0.04339894 0.04032149 0.03893267 0.03831541
  0.0380315  0.03789624 0.03775484 0.03775051 0.03776104 0.0377808
  0.03780491 0.03783025 0.03785606 0.03788235 0.04003388 0.04144849
  0.04236832 0.04298629 0.04339297 0.04366747 0.04385768 0.04399028
  0.04408347 0.04415158 0.04420248 0.04424115 0.04426978 0.04429062
  0.04430591 0.04507113 0.04585623 0.04661364 0.04732401 0.04797979
  0.04857942 0.04912319 0.04961883 0.05007117 0.05048322 0.05085939
  0.05120154 0.05151173 0.0517949  0.05204989 0.05228122 0.05249678
  0.05269632 0.05287012 0.05302887]
 [0.05221653 0.04910256 0.04333171 0.03994137 0.03842757 0.03776365
  0.03746458 0.03732169 0.03718663 0.03718859 0.03720059 0.03721876
  0.03723982 0.03726166 0.03728377 0.03730622 0.03964882 0.04114305
  0.04203515 0.04257986 0.04290747 0.04311331 0.0432487  0.04333978
  0.04340251 0.04344754 0.04348144 0.04350696 0.04352589 0.04353935
  0.04354944 0.04421922 0.04495814 0.04568837 0.04638325 0.04703137
  0.04762889 0.04817424 0.04867367 0.0491311  0.04954921 0.04993204
  0.05028113 0.05059846 0.05088873 0.05115068 0.0513887  0.0516109
  0.05181678 0.0519962  0.05216032]
 [0.05144054 0.04876572 0.04302697 0.03947768 0.03790203 0.03721455
  0.03691053 0.03676436 0.03663793 0.03664985 0.03666632 0.0366856
  0.0367062  0.03672712 0.03674813 0.0367693  0.03937532 0.04098433
  0.04183379 0.04227584 0.04250096 0.04262384 0.04269653 0.04274229
  0.04277294 0.04279415 0.04281068 0.04282283 0.04283198 0.04283805
  0.04284298 0.04345719 0.0441714  0.04488594 0.04557082 0.04621287
  0.04680719 0.04735133 0.04785083 0.04830913 0.04872875 0.04911354
  0.04946488 0.04978468 0.05007751 0.05034208 0.05058268 0.05080749
  0.0510159  0.0511976  0.05136394]]
00:00:00.03 State variable velocity: yC
00:00:00.94 done
