Starting at 2022-07-18 03:14:35.420452
Args: test
00:00:00.01 time :[ 0.          1.33333333  2.66666667  4.          5.33333333  6.66666667
  8.          9.33333333 10.66666667 12.         13.33333333 14.66666667
 16.         17.33333333 18.66666667 20.         21.33333333 22.66666667
 24.         25.33333333 26.66666667 28.         29.33333333 30.66666667
 32.         33.33333333 34.66666667 36.         37.33333333 38.66666667
 40.         41.33333333 42.66666667 44.         45.33333333 46.66666667
 48.         49.33333333 50.66666667 52.         53.33333333 54.66666667
 56.         57.33333333 58.66666667 60.         61.33333333 62.66666667
 64.         65.33333333 66.66666667]
00:00:00.01 parameters: {'R': 8.314, 'nocomponents': 3, 'feed_yi': [0.05, 0.9, 0.05], 'ini_yi': [0.1, 0.8, 0.1], 'isomodel': 'Langmuir-Freundlich', 'bi': [3.499, 2.701, 7.185], 'qsi': [6.29, 4.59, 4.94], 'qs0': 6.29, 'ni': [1.0, 1.0, 1.0], 'ki': [0.62, 0.62, 0.62], 'Hi': [0, 0, 0], 'mode': 1, 'bed': 1, 'N': 10, 'tN': 51, 'Ta': 298, 'D': 0.3, 'L': 1.5, 'epsilon': 0.37, 'rp': 0.0007, 'feed_pressure': 1, 'vfeed': 1, 'PI': 50000.0, 'PL': 25000.0, 'lamda_pre': 0.5, 'lamda_blw': 0.5, 'lamda_eva': 0.5, 'tpre': 15, 'tads': 15, 'tblw': 30, 'teva': 40, 'rho_s': 1130, 'rho_w': 7800, 'Cpg': 30.7, 'Cpa': 30.7, 'Cps': 1339, 'Cpw': 502, 'mu': 1.72e-05, 'Dm': 1.6e-05, 'gamma': 1.4, 'Kz': 0.09, 'Kw': 16, 'hin': 8.6, 'hout': 2.5, 'eta': 0.72, 'DL': 0.00049, 'xnames': ['xA', 'xB', 'xC'], 'ynames': ['yA', 'yB', 'yC'], 'state_names': ['P', 'T', 'Tw', 'xA', 'xB', 'xC', 'yA', 'yB', 'yC'], 'state_sizes': [10, 10, 10, 10, 10, 10, 10, 10, 10], 'area': 0.07068583470577035, 'volume': 0.10602875205865553, 'rin': 0.15, 'rout': 0.4, 'epst': 0.5873015873015873, 'epsb': 1.7027027027027026, 'deltaZ': 0.1, 'container_vol': 0.10602875205865553, 'PH': 100000.0, 'norm_v0': 1, 'norm_t0': 1.5, 'norm_P0': 100000.0, 'norm_T0': 298, 'norm_tpre': 10.0, 'norm_tads': 20.0, 'norm_tblw': 40.0, 'norm_tend': 66.66666666666667, 'tstep': 1.3333333333333335, 'index_tpre': 7, 'index_tads': 14, 'index_tblw': 29, 'index_tend': 50, 'collect': ['zL_tblw', 'zL_tads', 'z0_teva']}
00:00:00.02 State variable P: [[0.25373002 0.67714658 0.86032744 0.93548464 0.96863833 0.98436673
  0.99215082 0.99605879 1.02610785 1.04021775 1.04751706 1.0512264
  1.05323819 1.05437902 1.05503426 1.05512654 0.85928377 0.75997244
  0.6927881  0.64526963 0.61085014 0.58540562 0.56631759 0.55183001
  0.54070763 0.53212034 0.52542953 0.52019752 0.51607668 0.5128156
  0.51005974 0.36980445 0.31639247 0.29157574 0.27887989 0.27185214
  0.26757293 0.26473467 0.26267073 0.26108119 0.25980311 0.25874157
  0.25784723 0.2570753  0.2564026  0.25581414 0.25529857 0.2548372
  0.25443024 0.25406331 0.25373093]
 [0.26075494 0.5964862  0.78874943 0.88287634 0.93415143 0.96365243
  0.98037966 0.98959826 1.0208029  1.03476148 1.04193734 1.04557414
  1.04754924 1.04866904 1.04931179 1.04957143 0.85642559 0.75683017
  0.68988811 0.64276017 0.608746   0.58367302 0.5649069  0.55068899
  0.53978833 0.53138143 0.52483645 0.51972143 0.51569454 0.51250885
  0.50995014 0.40466942 0.35736352 0.33057326 0.3138485  0.30267014
  0.29470434 0.28872346 0.28401378 0.28017864 0.27697949 0.27426055
  0.2719227  0.26988038 0.26808252 0.2664941  0.26508907 0.26382589
  0.26270119 0.26168215 0.26075594]
 [0.26728471 0.5253499  0.71990738 0.83118914 0.90029159 0.94344527
  0.96895392 0.98335384 1.0159566  1.0295743  1.03649385 1.03998298
  1.04188273 1.04295946 1.04357678 1.04384258 0.85068196 0.75049939
  0.68405389 0.63772352 0.60453349 0.58021243 0.56209508 0.5484186
  0.53796171 0.52991492 0.52366041 0.51877806 0.51493775 0.51190166
  0.50946783 0.42932601 0.38745605 0.36047454 0.34171919 0.32802259
  0.31757824 0.30932953 0.30260936 0.29700548 0.29225087 0.28816025
  0.28460796 0.28148449 0.2787192  0.27626267 0.27407801 0.2721078
  0.27034518 0.26874416 0.26728565]
 [0.27319309 0.46493082 0.6549188  0.78123426 0.86765636 0.92414062
  0.95811113 0.97745222 1.01162682 1.02467021 1.03119086 1.0344552
  1.03623926 1.03724993 1.03782849 1.03807828 0.84194976 0.74086069
  0.67520085 0.63011446 0.59819822 0.57502957 0.55789912 0.5450408
  0.53525089 0.52774281 0.5219212  0.51738465 0.51382105 0.51100646
  0.50875161 0.44711564 0.41004995 0.38371649 0.36401369 0.3487774
  0.3366491  0.32675862 0.31851718 0.31153287 0.30553544 0.300328
  0.29577263 0.29174679 0.28816674 0.28497295 0.28212048 0.27954125
  0.2772254  0.27511778 0.27319402]
 [0.27838689 0.41592943 0.59508887 0.73403714 0.83697106 0.9061872
  0.94810005 0.9720211  1.0078733  1.02006035 1.02603027 1.02899164
  1.03061831 1.03153925 1.03206541 1.03229156 0.83004007 0.72771081
  0.66318832 0.6198591  0.58971701 0.56813343 0.55234547 0.54058942
  0.53169113 0.52489846 0.51964856 0.51556701 0.5123664  0.50984167
  0.50782058 0.46002987 0.4271327  0.40181302 0.38176827 0.36560085
  0.35232501 0.3412457  0.33185873 0.32380662 0.31682854 0.3107258
  0.30535639 0.30059154 0.29633912 0.2925326  0.28912111 0.28602953
  0.28324564 0.28070801 0.2783879 ]
 [0.28279809 0.37829027 0.5418574  0.69085549 0.80908976 0.89007862
  0.93916739 0.96721296 1.00475555 1.01575209 1.02101142 1.02359189
  1.02501861 1.02582568 1.02628571 1.02648219 0.8146611  0.71074452
  0.64781049 0.6068537  0.57906088 0.55954044 0.54547383 0.535113
  0.5273318  0.52142766 0.51688289 0.51335983 0.51060308 0.50843178
  0.50669515 0.46934794 0.43997228 0.41576475 0.3957077  0.37899318
  0.36493951 0.35300484 0.34276427 0.33389775 0.3261591  0.31935286
  0.3133372  0.30798114 0.30318743 0.29888481 0.29501797 0.29150737
  0.2883389  0.28544693 0.28279922]
 [0.28637757 0.35112533 0.49672115 0.6531713  0.78497409 0.87632894
  0.93156546 0.96322058 1.00232973 1.01174758 1.01613074 1.0182543
  1.01943817 1.02010712 1.02048736 1.02064854 0.79539006 0.68952486
  0.62878228 0.59096383 0.56620052 0.54928126 0.53734286 0.52867885
  0.52223894 0.51739025 0.51367599 0.51080706 0.50856784 0.50680723
  0.50540046 0.47593198 0.44941805 0.42625672 0.40634599 0.3893251
  0.37475278 0.36221362 0.35135076 0.3418787  0.33356668 0.32622447
  0.31971235 0.31389927 0.30868501 0.3039952  0.29977129 0.29593105
  0.29245891 0.28928647 0.28637885]
 [0.28909043 0.33292199 0.46113956 0.62263767 0.76563851 0.86543754
  0.92559912 0.96014547 1.00064491 1.0080421  1.0113811  1.01297571
  1.01387412 1.014381   1.01466817 1.0147888  0.77162773 0.66343424
  0.60571777 0.57202462 0.55111565 0.53741117 0.52803829 0.5213785
  0.51649859 0.51286184 0.51009199 0.50796223 0.50630487 0.50500429
  0.5039662  0.48037866 0.45605109 0.43376267 0.41404594 0.39686536
  0.38195942 0.36900977 0.35771306 0.347812   0.33908931 0.33136008
  0.32448715 0.31834032 0.31281777 0.30784316 0.30335566 0.29927148
  0.29557398 0.29219303 0.28909183]
 [0.29091247 0.32197994 0.43643171 0.60094764 0.75205456 0.85785686
  0.92158515 0.95788684 0.9997398  1.00462242 1.00675131 1.00775138
  1.00832264 1.00864423 1.0088257  1.00890103 0.74252354 0.63159239
  0.57809741 0.54984456 0.53381155 0.52402612 0.51768426 0.51333457
  0.51022057 0.50793577 0.50620823 0.50488871 0.50386577 0.50306488
  0.50242666 0.48310216 0.46026467 0.43860278 0.41905477 0.40179954
  0.38669605 0.37349189 0.36192062 0.35174481 0.342757   0.33477645
  0.32766816 0.32130289 0.31557801 0.31041604 0.30575472 0.30150939
  0.29766274 0.29414362 0.29091398]
 [0.29182791 0.31688979 0.423686   0.58960211 0.74502027 0.85395416
  0.91964775 0.95651489 0.99964078 1.00146572 1.00222583 1.00257497
  1.0027789  1.00289317 1.0029573  1.00298258 0.70684766 0.59271184
  0.54521797 0.52421876 0.51434825 0.50928709 0.50645853 0.50470916
  0.50354256 0.50272484 0.50211596 0.50165975 0.50130926 0.50103609
  0.50083056 0.48438059 0.4623079  0.44097588 0.42152491 0.40424192
  0.38904685 0.37572087 0.3640164  0.35370629 0.34458826 0.33648385
  0.32925923 0.32278578 0.31696056 0.31170553 0.30695776 0.30263221
  0.29871123 0.29512321 0.29182947]]
00:00:00.02 State variable T: [[1. 1. 1. 1. 1. 1. 1. 1. 1. 1. 1. 1. 1. 1. 1. 1. 1. 1. 1. 1. 1. 1. 1. 1.
  1. 1. 1. 1. 1. 1. 1. 1. 1. 1. 1. 1. 1. 1. 1. 1. 1. 1. 1. 1. 1. 1. 1. 1.
  1. 1. 1.]
 [1. 1. 1. 1. 1. 1. 1. 1. 1. 1. 1. 1. 1. 1. 1. 1. 1. 1. 1. 1. 1. 1. 1. 1.
  1. 1. 1. 1. 1. 1. 1. 1. 1. 1. 1. 1. 1. 1. 1. 1. 1. 1. 1. 1. 1. 1. 1. 1.
  1. 1. 1.]
 [1. 1. 1. 1. 1. 1. 1. 1. 1. 1. 1. 1. 1. 1. 1. 1. 1. 1. 1. 1. 1. 1. 1. 1.
  1. 1. 1. 1. 1. 1. 1. 1. 1. 1. 1. 1. 1. 1. 1. 1. 1. 1. 1. 1. 1. 1. 1. 1.
  1. 1. 1.]
 [1. 1. 1. 1. 1. 1. 1. 1. 1. 1. 1. 1. 1. 1. 1. 1. 1. 1. 1. 1. 1. 1. 1. 1.
  1. 1. 1. 1. 1. 1. 1. 1. 1. 1. 1. 1. 1. 1. 1. 1. 1. 1. 1. 1. 1. 1. 1. 1.
  1. 1. 1.]
 [1. 1. 1. 1. 1. 1. 1. 1. 1. 1. 1. 1. 1. 1. 1. 1. 1. 1. 1. 1. 1. 1. 1. 1.
  1. 1. 1. 1. 1. 1. 1. 1. 1. 1. 1. 1. 1. 1. 1. 1. 1. 1. 1. 1. 1. 1. 1. 1.
  1. 1. 1.]
 [1. 1. 1. 1. 1. 1. 1. 1. 1. 1. 1. 1. 1. 1. 1. 1. 1. 1. 1. 1. 1. 1. 1. 1.
  1. 1. 1. 1. 1. 1. 1. 1. 1. 1. 1. 1. 1. 1. 1. 1. 1. 1. 1. 1. 1. 1. 1. 1.
  1. 1. 1.]
 [1. 1. 1. 1. 1. 1. 1. 1. 1. 1. 1. 1. 1. 1. 1. 1. 1. 1. 1. 1. 1. 1. 1. 1.
  1. 1. 1. 1. 1. 1. 1. 1. 1. 1. 1. 1. 1. 1. 1. 1. 1. 1. 1. 1. 1. 1. 1. 1.
  1. 1. 1.]
 [1. 1. 1. 1. 1. 1. 1. 1. 1. 1. 1. 1. 1. 1. 1. 1. 1. 1. 1. 1. 1. 1. 1. 1.
  1. 1. 1. 1. 1. 1. 1. 1. 1. 1. 1. 1. 1. 1. 1. 1. 1. 1. 1. 1. 1. 1. 1. 1.
  1. 1. 1.]
 [1. 1. 1. 1. 1. 1. 1. 1. 1. 1. 1. 1. 1. 1. 1. 1. 1. 1. 1. 1. 1. 1. 1. 1.
  1. 1. 1. 1. 1. 1. 1. 1. 1. 1. 1. 1. 1. 1. 1. 1. 1. 1. 1. 1. 1. 1. 1. 1.
  1. 1. 1.]
 [1. 1. 1. 1. 1. 1. 1. 1. 1. 1. 1. 1. 1. 1. 1. 1. 1. 1. 1. 1. 1. 1. 1. 1.
  1. 1. 1. 1. 1. 1. 1. 1. 1. 1. 1. 1. 1. 1. 1. 1. 1. 1. 1. 1. 1. 1. 1. 1.
  1. 1. 1.]]
00:00:00.02 State variable Tw: [[1. 1. 1. 1. 1. 1. 1. 1. 1. 1. 1. 1. 1. 1. 1. 1. 1. 1. 1. 1. 1. 1. 1. 1.
  1. 1. 1. 1. 1. 1. 1. 1. 1. 1. 1. 1. 1. 1. 1. 1. 1. 1. 1. 1. 1. 1. 1. 1.
  1. 1. 1.]
 [1. 1. 1. 1. 1. 1. 1. 1. 1. 1. 1. 1. 1. 1. 1. 1. 1. 1. 1. 1. 1. 1. 1. 1.
  1. 1. 1. 1. 1. 1. 1. 1. 1. 1. 1. 1. 1. 1. 1. 1. 1. 1. 1. 1. 1. 1. 1. 1.
  1. 1. 1.]
 [1. 1. 1. 1. 1. 1. 1. 1. 1. 1. 1. 1. 1. 1. 1. 1. 1. 1. 1. 1. 1. 1. 1. 1.
  1. 1. 1. 1. 1. 1. 1. 1. 1. 1. 1. 1. 1. 1. 1. 1. 1. 1. 1. 1. 1. 1. 1. 1.
  1. 1. 1.]
 [1. 1. 1. 1. 1. 1. 1. 1. 1. 1. 1. 1. 1. 1. 1. 1. 1. 1. 1. 1. 1. 1. 1. 1.
  1. 1. 1. 1. 1. 1. 1. 1. 1. 1. 1. 1. 1. 1. 1. 1. 1. 1. 1. 1. 1. 1. 1. 1.
  1. 1. 1.]
 [1. 1. 1. 1. 1. 1. 1. 1. 1. 1. 1. 1. 1. 1. 1. 1. 1. 1. 1. 1. 1. 1. 1. 1.
  1. 1. 1. 1. 1. 1. 1. 1. 1. 1. 1. 1. 1. 1. 1. 1. 1. 1. 1. 1. 1. 1. 1. 1.
  1. 1. 1.]
 [1. 1. 1. 1. 1. 1. 1. 1. 1. 1. 1. 1. 1. 1. 1. 1. 1. 1. 1. 1. 1. 1. 1. 1.
  1. 1. 1. 1. 1. 1. 1. 1. 1. 1. 1. 1. 1. 1. 1. 1. 1. 1. 1. 1. 1. 1. 1. 1.
  1. 1. 1.]
 [1. 1. 1. 1. 1. 1. 1. 1. 1. 1. 1. 1. 1. 1. 1. 1. 1. 1. 1. 1. 1. 1. 1. 1.
  1. 1. 1. 1. 1. 1. 1. 1. 1. 1. 1. 1. 1. 1. 1. 1. 1. 1. 1. 1. 1. 1. 1. 1.
  1. 1. 1.]
 [1. 1. 1. 1. 1. 1. 1. 1. 1. 1. 1. 1. 1. 1. 1. 1. 1. 1. 1. 1. 1. 1. 1. 1.
  1. 1. 1. 1. 1. 1. 1. 1. 1. 1. 1. 1. 1. 1. 1. 1. 1. 1. 1. 1. 1. 1. 1. 1.
  1. 1. 1.]
 [1. 1. 1. 1. 1. 1. 1. 1. 1. 1. 1. 1. 1. 1. 1. 1. 1. 1. 1. 1. 1. 1. 1. 1.
  1. 1. 1. 1. 1. 1. 1. 1. 1. 1. 1. 1. 1. 1. 1. 1. 1. 1. 1. 1. 1. 1. 1. 1.
  1. 1. 1.]
 [1. 1. 1. 1. 1. 1. 1. 1. 1. 1. 1. 1. 1. 1. 1. 1. 1. 1. 1. 1. 1. 1. 1. 1.
  1. 1. 1. 1. 1. 1. 1. 1. 1. 1. 1. 1. 1. 1. 1. 1. 1. 1. 1. 1. 1. 1. 1. 1.
  1. 1. 1.]]
00:00:00.03 State variable xA: [[0.02913236 0.03369434 0.03835258 0.04086674 0.04210023 0.04270381
  0.04300499 0.04315305 0.0433098  0.04350284 0.04364411 0.04374535
  0.04382225 0.04388625 0.04394191 0.04399042 0.04329051 0.04232935
  0.04146093 0.04073944 0.0401571  0.03969297 0.03932513 0.03903416
  0.0388039  0.0386218  0.03847754 0.03836298 0.03827183 0.03819913
  0.03814058 0.0364545  0.03420466 0.03256947 0.0315256  0.03087621
  0.0304597  0.03017836 0.02997524 0.02981971 0.02969592 0.02959465
  0.02951003 0.02943747 0.0293747  0.02932019 0.02927291 0.02923095
  0.02919416 0.02916106 0.02913126]
 [0.02917949 0.032643   0.03666349 0.0391151  0.04048028 0.04123817
  0.04165856 0.04188566 0.04208235 0.04228967 0.04243993 0.04255202
  0.04264288 0.04272294 0.04279646 0.0428646  0.04221539 0.04129906
  0.04047036 0.03978374 0.03923148 0.03879289 0.03844641 0.03817311
  0.03795733 0.03778702 0.03765231 0.03754547 0.03746055 0.03739288
  0.03733843 0.03616883 0.03457471 0.0333064  0.03238603 0.03172533
  0.0312404  0.03087288 0.03058397 0.03034941 0.03015451 0.02998968
  0.02984833 0.02972509 0.02961684 0.0295214  0.02943727 0.02936185
  0.0292948  0.02923408 0.029179  ]
 [0.02910194 0.03171533 0.03526009 0.03762461 0.03905019 0.03989725
  0.04038949 0.04066431 0.04088317 0.04109061 0.04123566 0.04134398
  0.04143361 0.04151394 0.04158899 0.04165997 0.04105052 0.0401697
  0.03937695 0.03872566 0.03820646 0.03779756 0.03747693 0.0372256
  0.03702818 0.03687302 0.0367507  0.03665393 0.03657716 0.03651608
  0.03646697 0.03563898 0.03446695 0.03346307 0.03267043 0.03205184
  0.03156315 0.03116949 0.03084532 0.03057296 0.0303406  0.03013991
  0.02996484 0.02981034 0.02967315 0.02955092 0.029442   0.02934368
  0.02925546 0.02917516 0.02910197]
 [0.02896317 0.03087679 0.03403673 0.03635289 0.03784128 0.03876417
  0.0393128  0.0396232  0.03985734 0.04005828 0.04018997 0.04028575
  0.04036497 0.04043595 0.04050253 0.04056589 0.03997435 0.03910466
  0.03833139 0.03770609 0.03721547 0.03683469 0.03653992 0.03631133
  0.03613331 0.03599439 0.03588547 0.03579965 0.03573178 0.0356779
  0.03563465 0.03503933 0.03415488 0.03334602 0.03266479 0.03210098
  0.03163274 0.03123975 0.03090558 0.0306178  0.03036742 0.03014766
  0.02995339 0.02978022 0.02962507 0.02948567 0.02936035 0.02924658
  0.02914374 0.02904974 0.02896369]
 [0.02879859 0.03013927 0.0329364  0.03524271 0.03682316 0.03783278
  0.03843825 0.03878215 0.03903121 0.03922539 0.03934217 0.03942331
  0.03948969 0.03954851 0.03960339 0.03965547 0.03905762 0.03816988
  0.03739596 0.03678508 0.03631721 0.03596204 0.03569239 0.03548662
  0.03532837 0.03520618 0.03511113 0.03503667 0.03497804 0.03493165
  0.03489448 0.03446076 0.03377767 0.0331133  0.03252276 0.03201108
  0.03156985 0.03118806 0.03085548 0.03056363 0.03030578 0.03007659
  0.02987182 0.02968777 0.02952165 0.02937136 0.02923531 0.02911118
  0.0289983  0.02889475 0.02879959]
 [0.02862459 0.02951879 0.03194716 0.03426014 0.03595945 0.03706957
  0.03773527 0.03811354 0.03837882 0.03856775 0.03867056 0.03873809
  0.03879268 0.03884022 0.03888409 0.03892536 0.03829845 0.03736378
  0.03657042 0.03596472 0.03551632 0.03518649 0.03494291 0.0347612
  0.0346239  0.0345194  0.03443898 0.03437646 0.03432752 0.03428896
  0.03425813 0.0339388  0.03339881 0.0328413  0.0323218  0.03185448
  0.03143937 0.03107161 0.03074526 0.03045464 0.0301948  0.02996153
  0.02975137 0.0295612  0.02938854 0.02923146 0.02908847 0.02895747
  0.02883779 0.02872765 0.02862612]
 [0.02844551 0.02901429 0.03107963 0.0333977  0.03522784 0.03644341
  0.03716855 0.0375808  0.03786261 0.03804714 0.03813699 0.03819252
  0.03823728 0.03827555 0.03831039 0.03834279 0.03766511 0.03665438
  0.03582474 0.0352188  0.03479079 0.03448963 0.03427578 0.03412129
  0.03400736 0.03392235 0.03385786 0.03380823 0.03376967 0.03373943
  0.03371534 0.03347856 0.03304071 0.03256154 0.03209612 0.03166431
  0.03127166 0.0309174  0.03059854 0.03031139 0.03005231 0.02981795
  0.02960543 0.02941213 0.02923582 0.02907473 0.02892746 0.02879212
  0.02866801 0.02855351 0.02844771]
 [0.02825857 0.02860794 0.03034928 0.03266395 0.03461782 0.03592992
  0.03670728 0.03714923 0.03744597 0.03762572 0.03770298 0.03774789
  0.03778472 0.03781578 0.0378437  0.0378694  0.0371182  0.03599898
  0.03511699 0.03450972 0.03410825 0.03384348 0.03366619 0.03354413
  0.03345728 0.03339435 0.03334761 0.03331212 0.03328483 0.03326358
  0.03324672 0.03307056 0.03270479 0.03228172 0.03185609 0.0314514
  0.03107679 0.03073422 0.03042264 0.03013976 0.02988284 0.02964914
  0.02943623 0.02924183 0.02906393 0.02890088 0.02875135 0.0286136
  0.02848696 0.02836991 0.02826154]
 [0.02805611 0.0282729  0.02976691 0.03207028 0.03411886 0.03550248
  0.03631782 0.0367798  0.03708787 0.03726152 0.03732618 0.03736179
  0.0373927  0.03741871 0.03744197 0.03746329 0.03661309 0.03534574
  0.0343952  0.03379161 0.03343009 0.03321515 0.03308497 0.03300273
  0.03294792 0.03291034 0.0328835  0.03286365 0.03284866 0.03283713
  0.03282805 0.03269703 0.03238013 0.03199526 0.03159743 0.03121245
  0.03085169 0.03051877 0.03021388 0.02993558 0.02968171 0.02944996
  0.02923818 0.02904432 0.02886654 0.02870325 0.0285532  0.02841476
  0.02828726 0.02816928 0.02805991]
 [0.02782604 0.02798029 0.02933362 0.0316177  0.0337067  0.03511959
  0.03594989 0.03641811 0.03673184 0.03689704 0.03694922 0.03697747
  0.03700512 0.03702897 0.03705053 0.03707049 0.03609217 0.03462481
  0.0335894  0.03300497 0.03270828 0.03256466 0.03249681 0.03246422
  0.03244758 0.03243915 0.03243468 0.03243211 0.03243056 0.03242956
  0.03242889 0.03233172 0.03204493 0.03168357 0.03130369 0.03093242
  0.03058221 0.03025749 0.02995905 0.02968589 0.02943616 0.02920775
  0.02899871 0.02880712 0.02863121 0.02846947 0.0283207  0.02818334
  0.02805671 0.02793947 0.02783072]]
00:00:00.03 State variable xB: [[0.2483784  0.32821852 0.39630968 0.42748645 0.44051244 0.44600785
  0.44845025 0.44949805 0.45128978 0.45367373 0.45510312 0.45582427
  0.45614234 0.45627306 0.45630157 0.45625363 0.44365447 0.42659276
  0.41141057 0.39894433 0.38898502 0.38111198 0.37491287 0.37003521
  0.36619152 0.3631622  0.36076966 0.3588737  0.35736813 0.35616888
  0.35520416 0.33096616 0.3009173  0.28060588 0.26861293 0.26181102
  0.25788151 0.25550467 0.25394751 0.25283785 0.25199868 0.25133567
  0.25079338 0.25033018 0.24993051 0.2495844  0.24928471 0.24901786
  0.24878365 0.24857203 0.24838068]
 [0.25387841 0.31709183 0.38485924 0.42010008 0.43678891 0.44499299
  0.44926063 0.45144778 0.4538613  0.45646756 0.45794357 0.45866889
  0.45898602 0.45910693 0.45911898 0.45904858 0.44656684 0.42925526
  0.41386072 0.4012666  0.39124702 0.38335755 0.3771672  0.37231072
  0.36849271 0.36548955 0.36312126 0.36124663 0.35975925 0.35857525
  0.35762312 0.34007407 0.31753351 0.30061317 0.28899034 0.28107006
  0.27551987 0.27147463 0.26838635 0.26592709 0.26390885 0.26221497
  0.26076779 0.25950571 0.25839593 0.25741611 0.25655107 0.2557736
  0.25508071 0.25445138 0.25387918]
 [0.2590241  0.30697539 0.37222237 0.41117213 0.43185541 0.44311585
  0.44941352 0.45284315 0.45594137 0.45879652 0.46032477 0.46106456
  0.46140072 0.46153734 0.46156251 0.46150275 0.44892811 0.43115745
  0.41545669 0.40272856 0.39269388 0.38485743 0.37875274 0.37399206
  0.37026715 0.36734883 0.36505446 0.36324244 0.36180724 0.36066624
  0.3597494  0.34672864 0.32918025 0.314829   0.30394234 0.29572949
  0.28941418 0.28443201 0.2803898  0.27702632 0.27417421 0.27172033
  0.26958374 0.26769816 0.26602293 0.26452908 0.26319695 0.26199282
  0.26091086 0.25992439 0.25902397]
 [0.26364176 0.29840563 0.35911679 0.40117568 0.42600123 0.44052405
  0.4489499  0.45365595 0.45746047 0.46056095 0.46212345 0.46286738
  0.46322195 0.46337816 0.46342335 0.46338369 0.45050425 0.43205905
  0.41596479 0.40311257 0.39312707 0.38543072 0.37950292 0.37492333
  0.3713664  0.36859664 0.36642911 0.36472308 0.36337528 0.36230581
  0.36144741 0.35163959 0.33764448 0.32530014 0.31520622 0.30704611
  0.30038932 0.2948768  0.29023403 0.28626197 0.28282125 0.27981106
  0.27715525 0.27478981 0.27267156 0.27076849 0.26905859 0.26750579
  0.2661018  0.26481749 0.26364133]
 [0.26766332 0.29170704 0.34620631 0.39060163 0.41959502 0.4374883
  0.44806376 0.45403436 0.45853962 0.46186172 0.46342591 0.46415244
  0.46451444 0.46468358 0.46474471 0.46472325 0.45129869 0.43192234
  0.41533157 0.40237038 0.39251267 0.38505871 0.37941133 0.37510651
  0.37179747 0.36924252 0.36725572 0.36569901 0.36447337 0.36350325
  0.36272572 0.35526941 0.34390064 0.3331452  0.32379198 0.31582515
  0.30904406 0.30323463 0.29821204 0.29382903 0.28997318 0.28655785
  0.28351443 0.28078389 0.27832328 0.27609962 0.27408981 0.2722576
  0.2705928  0.2690656  0.26766306]
 [0.27106951 0.28693314 0.33415881 0.38000686 0.41305121 0.43430371
  0.44696461 0.45414574 0.45932137 0.46282587 0.4643513  0.46503502
  0.46539059 0.46556299 0.46563267 0.46562391 0.45137092 0.43074428
  0.41353058 0.40048439 0.39085501 0.38376769 0.37852098 0.37459527
  0.37161971 0.36934815 0.36759623 0.36623141 0.36516141 0.36431703
  0.3636415  0.35794457 0.34855018 0.3390501  0.33034224 0.32261081
  0.3158144  0.30984358 0.30458102 0.29992062 0.29577308 0.29206489
  0.28873528 0.28573073 0.28300975 0.28053946 0.27829638 0.27624509
  0.27437401 0.27265354 0.27106984]
 [0.27386387 0.28388211 0.32363557 0.37006185 0.40685022 0.43127964
  0.44585473 0.45414348 0.45993065 0.46356237 0.4650023  0.46561646
  0.46595159 0.46611746 0.46618806 0.46618619 0.45076395 0.42848177
  0.41049173 0.39740562 0.38814305 0.38158137 0.37688037 0.37345288
  0.37090376 0.36898683 0.36752398 0.3663924  0.36550977 0.3648157
  0.3642616  0.35990265 0.35199027 0.34346337 0.3352864  0.3277808
  0.32101752 0.31496296 0.30954981 0.30470354 0.30035336 0.29643672
  0.29289978 0.28969403 0.28677979 0.28412473 0.28170534 0.27948739
  0.2774583  0.27558905 0.27386524]
 [0.27606183 0.28219674 0.31524638 0.36156222 0.40154909 0.42874437
  0.44494168 0.45416371 0.46047465 0.46416492 0.46546708 0.46598412
  0.4662853  0.46643536 0.4664996  0.46649913 0.449487   0.42501938
  0.40606756 0.39302878 0.38433479 0.37851091 0.37453571 0.37174481
  0.36972377 0.36823519 0.367115   0.36625609 0.36559021 0.3650687
  0.36465342 0.36132348 0.35449638 0.34669119 0.3389208  0.33160222
  0.32488497 0.31878894 0.31328261 0.30831438 0.30382724 0.29976703
  0.29608533 0.29273768 0.28968602 0.28689867 0.28435224 0.28201358
  0.27986949 0.27789154 0.276065  ]
 [0.27768787 0.28150091 0.30950665 0.3553828  0.39775625 0.42704075
  0.44444541 0.4543365  0.46105981 0.46473134 0.46583869 0.46623028
  0.46648436 0.46660949 0.46666002 0.46665533 0.44751573 0.42014023
  0.40000093 0.38717584 0.37935628 0.37456188 0.37154007 0.36954729
  0.36816468 0.3671793  0.36645337 0.36590347 0.36548051 0.36515081
  0.36488919 0.36235432 0.35627102 0.34895218 0.34145715 0.33426879
  0.32758856 0.32147129 0.31590876 0.31086441 0.30629037 0.30213808
  0.29836286 0.29492299 0.29178159 0.28890753 0.28627749 0.28385918
  0.28163897 0.27958891 0.27769407]
 [0.27877618 0.28151348 0.30681753 0.35235799 0.39605736 0.42650427
  0.44458149 0.45482007 0.461824   0.46538787 0.46623781 0.46647433
  0.46666765 0.46675792 0.46678638 0.46677083 0.44478725 0.41346484
  0.39186172 0.37956794 0.37310309 0.36974857 0.36796987 0.3669622
  0.36633509 0.36592599 0.36564146 0.36543214 0.36527379 0.36515133
  0.36505498 0.36313013 0.35747525 0.35041163 0.34305348 0.33592618
  0.32925991 0.32312764 0.31753293 0.31244671 0.30782567 0.30362403
  0.29979892 0.29631    0.29312098 0.29020097 0.28752669 0.28506626
  0.28280581 0.28071765 0.27878673]]
00:00:00.03 State variable xC: [[0.05155492 0.05606946 0.06124808 0.06436273 0.06604655 0.06693672
  0.06740455 0.06764599 0.06786181 0.06811665 0.06832207 0.06848851
  0.0686306  0.06875921 0.06887865 0.0689899  0.06830147 0.06734947
  0.06648232 0.06575813 0.06517052 0.06470027 0.0643264  0.06402989
  0.06379474 0.06360849 0.06346067 0.06334318 0.06324959 0.0631749
  0.06311472 0.06121271 0.05856293 0.05655097 0.05520518 0.05432369
  0.05372763 0.05330423 0.05298568 0.05273428 0.05252957 0.05235916
  0.05221487 0.05209017 0.05198155 0.05188657 0.05180358 0.05172965
  0.0516644  0.05160557 0.05155242]
 [0.05049771 0.05399938 0.05808516 0.06074883 0.06234565 0.06328035
  0.06381325 0.06410655 0.06434235 0.06458933 0.0647846  0.06494553
  0.06508769 0.06522058 0.06534808 0.06547126 0.06486804 0.06400897
  0.06322528 0.0625725  0.06204467 0.06162376 0.06129026 0.06102652
  0.0608179  0.06065301 0.06052238 0.06041872 0.06033625 0.06027053
  0.06021763 0.05896014 0.05718734 0.05572973 0.05463886 0.05383304
  0.05322658 0.05275707 0.05238179 0.05207335 0.05181471 0.0515944
  0.05140448 0.05123835 0.05109204 0.05096271 0.05084841 0.05074582
  0.05065442 0.0505716  0.05049642]
 [0.04940612 0.05205814 0.05556536 0.05796304 0.05946802 0.06038862
  0.06093092 0.06123578 0.06146974 0.06169364 0.06186196 0.06199809
  0.06211825 0.06223082 0.0623394  0.06244513 0.06189734 0.06109762
  0.06037176 0.05977266 0.05929286 0.05891372 0.05861573 0.05838171
  0.05819761 0.05805279 0.05793848 0.05784802 0.05777621 0.05771908
  0.05767313 0.0568169  0.05557254 0.05447994 0.05359833 0.05289743
  0.05233525 0.05187681 0.05149568 0.05117318 0.05089656 0.05065659
  0.05044658 0.05026084 0.05009561 0.04994818 0.04981657 0.04969766
  0.04959085 0.04949362 0.04940493]
 [0.0484125  0.05034083 0.0534303  0.05570273 0.05718982 0.05812425
  0.05868297 0.05899954 0.05923332 0.05943682 0.0595788  0.05968931
  0.0597856  0.059875   0.05996089 0.06004438 0.05951914 0.05873874
  0.05803935 0.05747176 0.05702486 0.05667725 0.05640785 0.05619874
  0.05603579 0.05590861 0.05580883 0.05573023 0.05566805 0.05561871
  0.05557909 0.05498048 0.05407287 0.05322713 0.05250348 0.05189668
  0.05138746 0.05095649 0.0505876  0.05026831 0.04998941 0.04974378
  0.0495261  0.04933168 0.0491572  0.04900023 0.04885889 0.04873043
  0.04861422 0.04850798 0.04841064]
 [0.04753948 0.04888023 0.05158773 0.05380625 0.05533699 0.05631966
  0.05691006 0.05724518 0.05748441 0.0576739  0.05779489 0.05788471
  0.05796179 0.05803236 0.05809959 0.05816449 0.05763601 0.05684217
  0.05614457 0.05559239 0.05516844 0.05484635 0.05460185 0.05441533
  0.05427196 0.05416134 0.05407531 0.05400796 0.05395495 0.05391303
  0.05387944 0.05345193 0.05276803 0.0520934  0.05148663 0.05095578
  0.05049445 0.05009274 0.04974101 0.04943107 0.04915632 0.04891136
  0.048692   0.04849444 0.04831583 0.04815402 0.04800728 0.04787324
  0.04775124 0.04763928 0.04753629]
 [0.04677369 0.04766393 0.04999854 0.05219347 0.05380578 0.05485881
  0.05549015 0.05584851 0.05609699 0.05627689 0.05638106 0.05645457
  0.05651698 0.05657328 0.05662639 0.05667723 0.05612449 0.05528934
  0.05457437 0.05402731 0.05362179 0.05332374 0.05310403 0.05294046
  0.0528171  0.05272341 0.0526514  0.0525955  0.05255179 0.05251738
  0.05248989 0.05217976 0.05164912 0.05109544 0.05057488 0.0501031
  0.04968146 0.04930597 0.0489713  0.04867219 0.04840391 0.04816237
  0.04794425 0.04774648 0.04756659 0.04740269 0.0472532  0.04711606
  0.04699064 0.04687517 0.04676859]
 [0.04609225 0.04665735 0.04863868 0.05082121 0.05253326 0.05366497
  0.05433896 0.05472202 0.05498117 0.05515356 0.05524323 0.05530332
  0.05535431 0.05539972 0.05544216 0.05548246 0.05488552 0.05398122
  0.05323186 0.05268365 0.05229653 0.05202496 0.05183296 0.05169488
  0.05159349 0.05151816 0.0514612  0.05141748 0.05138358 0.05135705
  0.05133594 0.05110864 0.05068472 0.0502171  0.04975976 0.0493329
  0.04894273 0.04858912 0.04826958 0.04798083 0.0477195  0.04748243
  0.04726694 0.04707052 0.04689101 0.04672674 0.04657624 0.0464377
  0.04631053 0.04619314 0.0460845 ]
 [0.04546865 0.04581534 0.04748836 0.0496611  0.05147201 0.05267671
  0.05338869 0.05379372 0.05406272 0.05422806 0.05430442 0.05435314
  0.0543952  0.05443235 0.05446682 0.05449938 0.05383722 0.05283224
  0.05203166 0.05147993 0.05111605 0.05087763 0.05071936 0.05061138
  0.05053523 0.05048052 0.05044016 0.05040969 0.05038636 0.05036826
  0.05035392 0.05018643 0.04983659 0.04942951 0.04901768 0.0486241
  0.0482581  0.047922   0.04761516 0.04733564 0.047081   0.0468487
  0.04663655 0.04644241 0.04626438 0.04610092 0.04595068 0.04581204
  0.04568443 0.0455664  0.04545695]
 [0.04487012 0.0450849  0.04652393 0.04868414 0.05057031 0.05182701
  0.05256587 0.05298469 0.0532606  0.05341837 0.05348215 0.05352143
  0.05355705 0.0535886  0.05361785 0.05364545 0.05289513 0.05175117
  0.05088226 0.05033047 0.0500019  0.04980902 0.0496943  0.04962334
  0.04957705 0.04954599 0.04952423 0.04950839 0.04949656 0.04948755
  0.0494805  0.04935697 0.04905707 0.0486911  0.04831095 0.04794139
  0.04759358 0.04727132 0.04697511 0.04670384 0.04645562 0.04622836
  0.04602016 0.04582915 0.04565359 0.04549206 0.04534328 0.04520575
  0.04507894 0.04496151 0.04485246]
 [0.04425297 0.04440518 0.04570815 0.04784449 0.04975486 0.05102583
  0.05177149 0.05219178 0.05246963 0.05261825 0.05267032 0.05270267
  0.05273505 0.05276439 0.05279187 0.05281807 0.05195444 0.05062193
  0.04966745 0.04912953 0.04885992 0.04873327 0.04867683 0.04865245
  0.04864202 0.04863839 0.0486377  0.04863813 0.04863898 0.0486399
  0.04864078 0.04855    0.0482815  0.04794171 0.04758288 0.04723064
  0.04689697 0.04658636 0.04629986 0.04603675 0.04579547 0.04557415
  0.04537108 0.04518453 0.04501288 0.04485477 0.044709   0.04457414
  0.04444968 0.04433435 0.04422719]]
00:00:00.04 State variable yA: [[0.05801921 0.04856566 0.04836603 0.0485608  0.04871959 0.0488156
  0.04886819 0.04889695 0.04880698 0.04880785 0.04884073 0.04888816
  0.04894064 0.04899413 0.04904693 0.04909812 0.05015955 0.05091145
  0.05152834 0.0520303  0.05244106 0.05277232 0.0530382  0.05325118
  0.05342146 0.05355748 0.05366557 0.05375237 0.05382164 0.05387717
  0.05392191 0.05646921 0.05765796 0.05819186 0.0583952  0.05844014
  0.05842034 0.05837567 0.05832647 0.05827933 0.05823667 0.05819928
  0.05816654 0.05813803 0.05811313 0.0580914  0.05807252 0.05805601
  0.05804145 0.05802841 0.05801678]
 [0.05709505 0.04817715 0.04721792 0.04723425 0.04733422 0.0473991
  0.04743204 0.04744876 0.04735747 0.04736929 0.04741571 0.04747905
  0.04754971 0.04762342 0.04769827 0.04777347 0.04883469 0.04960971
  0.0502419  0.05075403 0.05117134 0.05150672 0.05177513 0.05198963
  0.05216083 0.05229739 0.05240581 0.05249282 0.05256223 0.05261787
  0.0526627  0.05444187 0.05537489 0.05592426 0.05625684 0.05646209
  0.05659564 0.05668702 0.05675448 0.05680763 0.05685136 0.05688852
  0.05692115 0.05695046 0.05697684 0.05700082 0.05702262 0.05704275
  0.05706117 0.05707827 0.05709406]
 [0.05604683 0.04839351 0.04656366 0.04621761 0.04613468 0.04609755
  0.04607339 0.04605877 0.04595242 0.04596101 0.04600558 0.04606801
  0.04613868 0.04621349 0.04629056 0.04636926 0.04746429 0.04826851
  0.04891729 0.04943823 0.04985929 0.05019543 0.05046289 0.05067568
  0.05084489 0.05097945 0.05108605 0.05117145 0.0512395  0.05129398
  0.05133785 0.05263619 0.05340632 0.05393816 0.05432294 0.05461021
  0.05483332 0.05501241 0.05516123 0.05528844 0.05539913 0.05549647
  0.05558354 0.05566216 0.05573325 0.05579791 0.0558566  0.05591037
  0.05595961 0.05600514 0.05604702]
 [0.0550114  0.0488792  0.04629599 0.04552255 0.04520266 0.04503449
  0.0449402  0.04488782 0.04476059 0.04475888 0.04479308 0.04484503
  0.04490538 0.04497032 0.04503805 0.04510807 0.04624859 0.04707862
  0.04773741 0.04825931 0.04867615 0.04900561 0.04926555 0.04947096
  0.04963347 0.04976214 0.04986376 0.04994497 0.05000957 0.05006121
  0.05010274 0.05107795 0.05173354 0.05223948 0.05264444 0.05297555
  0.05325244 0.05348834 0.05369299 0.05387323 0.05403361 0.05417703
  0.05430674 0.05442469 0.05453209 0.05463032 0.05471992 0.05480219
  0.05487786 0.05494799 0.05501261]
 [0.05405559 0.04941598 0.04629393 0.04508515 0.04451296 0.04420888
  0.0440451  0.04395625 0.04380882 0.04379758 0.04382064 0.04386032
  0.04390785 0.04395983 0.04401462 0.04407179 0.04526395 0.04611626
  0.04677734 0.04729096 0.04769429 0.0480086  0.04825366 0.04844559
  0.04859638 0.04871508 0.04880847 0.04888287 0.04894192 0.04898902
  0.04902688 0.04977348 0.05034262 0.05082083 0.05123031 0.05158417
  0.05189312 0.0521654  0.0524076  0.05262483 0.05282086 0.05299821
  0.0531599  0.05330783 0.05344333 0.05356787 0.05368199 0.05378713
  0.05388422 0.05397442 0.05405773]
 [0.05320402 0.04986751 0.04645838 0.04482947 0.04400697 0.04357371
  0.04334746 0.04322707 0.04306222 0.04304547 0.04306015 0.04308963
  0.04312596 0.04316622 0.04320902 0.04325396 0.0445091  0.0453848
  0.0460425  0.04653935 0.0469202  0.04721119 0.04743444 0.04760722
  0.04774175 0.04784691 0.04792926 0.04799462 0.04804634 0.04808752
  0.04812057 0.0487003  0.0492021  0.04965371 0.05005989 0.05042439
  0.05075184 0.05104689 0.05131376 0.05155611 0.05177699 0.05197853
  0.0521634  0.05233335 0.05248975 0.05263409 0.05276689 0.0528896
  0.05300328 0.05310912 0.05320711]
 [0.05245717 0.05015125 0.04670252 0.04468636 0.04362609 0.04307651
  0.04279788 0.04265134 0.0424727  0.04245508 0.04246489 0.0424872
  0.04251511 0.0425463  0.04257958 0.04261464 0.04395301 0.04485868
  0.04550905 0.04598082 0.04633009 0.04658964 0.04678447 0.04693295
  0.04704727 0.04713588 0.04720492 0.04725947 0.04730251 0.04733669
  0.0473641  0.04782035 0.04827    0.04869815 0.04909776 0.04946615
  0.04980373 0.0501126  0.05039523 0.05065416 0.05089184 0.05111005
  0.05131114 0.05149671 0.05166809 0.05182675 0.0519732  0.05210885
  0.05223486 0.05235237 0.05246137]
 [0.05180269 0.05023145 0.0469305  0.04458697 0.04331614 0.04266915
  0.04234977 0.04218272 0.04199396 0.04198    0.04198828 0.04200637
  0.04202868 0.04205352 0.04207997 0.04210778 0.04355991 0.04450748
  0.04514656 0.04558315 0.0458901  0.04610928 0.04626892 0.04638821
  0.04647881 0.04654836 0.04660229 0.04664469 0.04667805 0.04670447
  0.04672565 0.0470908  0.04750185 0.04791118 0.04830384 0.04867277
  0.04901554 0.04933245 0.04962477 0.04989424 0.05014281 0.05037205
  0.05058399 0.05078011 0.05096172 0.05113024 0.05128618 0.05143088
  0.05156555 0.05169131 0.05180814]
 [0.05122012 0.05010695 0.04702776 0.04445003 0.04301772 0.04229984
  0.0419514  0.04177334 0.04157519 0.04156957 0.04157971 0.0415966
  0.04161627 0.04163766 0.04166011 0.04168347 0.0432938  0.04430194
  0.04492364 0.04531049 0.04556099 0.04572918 0.04584641 0.04593179
  0.04599558 0.04604406 0.04608156 0.04611091 0.04613395 0.04615217
  0.04616678 0.04646652 0.0468521  0.04724854 0.04763591 0.04800442
  0.04834981 0.04867128 0.04896932 0.04924514 0.04950038 0.04973645
  0.04995518 0.05015796 0.05034608 0.0505209  0.05068293 0.05083347
  0.05097376 0.05110488 0.05122682]
 [0.05068176 0.04978451 0.04687127 0.04417642 0.04265488 0.04189934
  0.04153374 0.04135632 0.04114728 0.04115539 0.0411716  0.04119116
  0.04121192 0.0412336  0.04125574 0.04127824 0.04311342 0.04421167
  0.04480453 0.04511863 0.04529311 0.04539746 0.04546478 0.04551204
  0.04554666 0.04557286 0.04559329 0.04560926 0.04562184 0.04563183
  0.04563985 0.04589624 0.04627025 0.04666129 0.04704694 0.04741607
  0.04776353 0.04808797 0.0483895  0.0486691  0.04892826 0.0491683
  0.04939094 0.04959754 0.04978938 0.0499678  0.05013331 0.05028719
  0.05043068 0.05056487 0.05068973]]
00:00:00.04 State variable yB: [[0.8783153  0.90356199 0.9045848  0.9042807  0.90395616 0.90374879
  0.90363319 0.90356936 0.90380945 0.90382135 0.90375113 0.90364238
  0.90351885 0.90339077 0.90326256 0.9031366  0.90044124 0.8985189
  0.89693389 0.89563999 0.89457771 0.89371919 0.89302886 0.89247508
  0.89203185 0.89167743 0.89139557 0.89116908 0.89098824 0.89084323
  0.89072633 0.8837187  0.88024477 0.87858289 0.87786842 0.87762432
  0.87758538 0.87763497 0.8777122  0.87779514 0.87787452 0.87794641
  0.87801092 0.87806794 0.87811847 0.87816313 0.87820246 0.87823713
  0.87826809 0.87829601 0.87832109]
 [0.88161826 0.90445003 0.90742672 0.90772048 0.90765301 0.90758856
  0.90755758 0.90754283 0.90779552 0.90779797 0.90771458 0.90758849
  0.90744317 0.90728894 0.90713045 0.90696945 0.90431921 0.90238168
  0.90079298 0.89950169 0.89844599 0.89759566 0.89691389 0.89636824
  0.89593229 0.8955842  0.89530762 0.89508554 0.89490827 0.89476614
  0.89465161 0.88984403 0.88720173 0.8855824  0.88455932 0.88389672
  0.88344432 0.88312024 0.88287286 0.88267411 0.88250898 0.88236846
  0.88224574 0.88213658 0.88203922 0.88195163 0.8818729  0.88180102
  0.88173585 0.88167587 0.88162087]
 [0.88492066 0.90411953 0.90900059 0.91017513 0.91058362 0.9107902
  0.91091053 0.91097901 0.91126862 0.9112868  0.91121858 0.91110724
  0.91097572 0.91083377 0.91068583 0.91053331 0.90785445 0.90588961
  0.90429621 0.90301268 0.90197183 0.90113917 0.9004755  0.89994682
  0.89952599 0.89919103 0.89892549 0.89871265 0.89854299 0.89840711
  0.89829769 0.89484754 0.89272666 0.89122284 0.89011061 0.88926452
  0.88859795 0.88805719 0.88760501 0.88721742 0.88687983 0.88658306
  0.8863181  0.88607948 0.8858642  0.88566886 0.88549205 0.88533048
  0.8851829  0.88504674 0.88492172]
 [0.88792926 0.90323409 0.90970594 0.9118289  0.91278034 0.91329038
  0.91357295 0.91372863 0.9140608  0.91410027 0.91405553 0.91396933
  0.91386364 0.91374738 0.9136247  0.91349681 0.91075593 0.90876243
  0.90717271 0.90591007 0.90489876 0.90409819 0.90346578 0.90296554
  0.90256953 0.90225579 0.90200788 0.90180969 0.90165201 0.90152594
  0.90142451 0.89887425 0.89711527 0.89573412 0.89461453 0.89369037
  0.89291233 0.89224637 0.89166702 0.89115603 0.89070105 0.89029408
  0.88992618 0.88959185 0.88928762 0.88900958 0.88875619 0.88852369
  0.88831002 0.88811217 0.88792997]
 [0.89056521 0.90217367 0.90981423 0.9128943  0.91440405 0.91521416
  0.91564929 0.91588435 0.91625544 0.91630988 0.91628487 0.9162217
  0.91614083 0.91605019 0.91595348 0.91585179 0.91301847 0.91099022
  0.90941117 0.90818262 0.90721604 0.90646234 0.90587443 0.90541385
  0.90505197 0.90476702 0.90454281 0.90436418 0.90422242 0.90410931
  0.90401841 0.90209419 0.90060181 0.89933352 0.89823888 0.89728748
  0.89645341 0.89571613 0.89505896 0.89446873 0.89393556 0.89345282
  0.89301252 0.89260961 0.89224051 0.89190121 0.89159023 0.89130376
  0.8910392  0.89079347 0.89056649]
 [0.89283573 0.90122638 0.9095235  0.91354722 0.91561258 0.91670561
  0.91727583 0.91757857 0.91798311 0.91804319 0.91803086 0.91798482
  0.91792353 0.91785371 0.9177786  0.91769911 0.91473099 0.91265288
  0.91108822 0.90990639 0.90899998 0.90830797 0.90777741 0.90736706
  0.90704775 0.90679826 0.90660296 0.90644799 0.90632539 0.90622781
  0.90614949 0.90467397 0.90338306 0.90221232 0.90115363 0.90019968
  0.89934001 0.89856345 0.89785969 0.89721956 0.89663537 0.89610173
  0.89561174 0.89516093 0.8947458  0.89436244 0.89400947 0.89368321
  0.89338076 0.8930991  0.89283827]
 [0.89478117 0.90061034 0.90902398 0.91393934 0.91653844 0.91788708
  0.91857027 0.91892951 0.91936053 0.91941696 0.91941044 0.91937558
  0.9193283  0.91927396 0.91921526 0.91915298 0.91599123 0.91383893
  0.91229147 0.91117132 0.91034311 0.90972923 0.9092695  0.90891979
  0.90865099 0.90844291 0.90828094 0.90815306 0.90805223 0.90797219
  0.90790803 0.90675896 0.90561986 0.90452929 0.90350722 0.90256185
  0.9016931  0.90089635 0.90016579 0.89949526 0.89887881 0.89831201
  0.89778902 0.89730585 0.89685916 0.89644522 0.89606275 0.89570824
  0.89537866 0.8950711  0.89478568]
 [0.8964562  0.90044383 0.90854358 0.91422772 0.91730262 0.91886544
  0.9196362  0.92003938 0.92049007 0.92053398 0.92052707 0.92049804
  0.92045969 0.92041591 0.92036881 0.92031896 0.9168843  0.91462313
  0.91309821 0.91206139 0.91133536 0.91081971 0.91044591 0.91016766
  0.90995701 0.9097957  0.90967085 0.90957282 0.90949579 0.90943481
  0.90938597 0.9084744  0.90744579 0.90641715 0.90542698 0.90449379
  0.90362445 0.90281875 0.90207398 0.90138609 0.90075041 0.90016322
  0.89961951 0.8991157  0.89864858 0.89821463 0.89781262 0.89743923
  0.89709137 0.89676626 0.89646405]
 [0.89792817 0.90075741 0.90835913 0.91460025 0.91803831 0.91975532
  0.92058799 0.92101326 0.92148314 0.92150512 0.92149138 0.92146275
  0.92142825 0.92138988 0.92134932 0.921307   0.91749026 0.91507037
  0.91358031 0.91266125 0.91207131 0.91167937 0.91140873 0.91121307
  0.91106777 0.91095782 0.91087305 0.91080688 0.91075502 0.91071405
  0.91068125 0.90993868 0.90898336 0.90799758 0.90703125 0.90610928
  0.90524282 0.90443441 0.90368327 0.90298668 0.90234084 0.90174246
  0.90118714 0.90067156 0.90019262 0.89974696 0.89933338 0.89894871
  0.89858985 0.89825412 0.89794169]
 [0.89928208 0.90155723 0.90876904 0.91528096 0.91891134 0.92070573
  0.92157302 0.9219935  0.92248536 0.92247447 0.92244807 0.9224133
  0.9223744  0.92233546 0.92229564 0.92225458 0.91789839 0.91524437
  0.91381683 0.91307303 0.9126683  0.9124323  0.91228366 0.91218122
  0.91210719 0.91205171 0.91200869 0.91197521 0.91194892 0.91192808
  0.91191137 0.91128099 0.91036246 0.90939875 0.90844528 0.90753002
  0.90666614 0.9058575  0.90510423 0.90440429 0.90375426 0.90315111
  0.90259071 0.9020699  0.90158562 0.90113461 0.90071571 0.9003258
  0.89996179 0.89962106 0.89930378]]
00:00:00.04 State variable yC: [[0.0636655  0.04787235 0.04704918 0.04715849 0.04732424 0.04743561
  0.04749862 0.04753369 0.04738357 0.04737081 0.04740814 0.04746947
  0.04754052 0.0476151  0.04769051 0.04776528 0.04939921 0.05056965
  0.05153777 0.05232972 0.05298122 0.05350849 0.05393294 0.05427374
  0.05454669 0.05476509 0.05493886 0.05507855 0.05519011 0.0552796
  0.05535176 0.0598121  0.06209728 0.06322525 0.06373638 0.06393554
  0.06399428 0.06398936 0.06396132 0.06392554 0.06388881 0.06385431
  0.06382255 0.06379403 0.0637684  0.06374546 0.06372502 0.06370686
  0.06369047 0.06367558 0.06366213]
 [0.06128669 0.04737282 0.04535536 0.04504527 0.04501277 0.04501234
  0.04501038 0.04500841 0.04484701 0.04483274 0.04486971 0.04493245
  0.04500712 0.04508764 0.04517129 0.04525709 0.0468461  0.04800862
  0.04896512 0.04974427 0.05038267 0.05089762 0.05131098 0.05164212
  0.05190688 0.05211841 0.05228656 0.05242165 0.05252949 0.05261599
  0.0526857  0.0557141  0.05742338 0.05849334 0.05918384 0.05964119
  0.05996004 0.06019275 0.06037266 0.06051826 0.06063966 0.06074302
  0.06083311 0.06091296 0.06098394 0.06104755 0.06110448 0.06115623
  0.06120298 0.06124586 0.06128507]
 [0.05903252 0.04748697 0.04443576 0.04360726 0.04328171 0.04311225
  0.04301608 0.04296222 0.04277896 0.04275219 0.04277584 0.04282475
  0.0428856  0.04295273 0.0430236  0.04309743 0.04468126 0.04584188
  0.0467865  0.04754909 0.04816889 0.0486654  0.04906161 0.04937751
  0.04962912 0.04982952 0.04998846 0.0501159  0.05021751 0.05029891
  0.05036446 0.05251627 0.05386702 0.054839   0.05556645 0.05612526
  0.05656873 0.05693039 0.05723376 0.05749415 0.05772104 0.05792047
  0.05809835 0.05825836 0.05840256 0.05853323 0.05865135 0.05875915
  0.05885749 0.05894812 0.05903126]
 [0.05705934 0.04788671 0.04399807 0.04264855 0.042017   0.04167512
  0.04148686 0.04138354 0.04117861 0.04114085 0.04115139 0.04118564
  0.04123098 0.0412823  0.04133725 0.04139513 0.04299548 0.04415895
  0.04508988 0.04583062 0.0464251  0.0468962  0.04726867 0.0475635
  0.04779699 0.04798207 0.04812836 0.04824534 0.04833842 0.04841285
  0.04847274 0.0500478  0.05115119 0.0520264  0.05274103 0.05333408
  0.05383523 0.05426529 0.05463999 0.05497074 0.05526534 0.05552889
  0.05576709 0.05598346 0.05618029 0.0563601  0.0565239  0.05667412
  0.05681212 0.05693984 0.05705742]
 [0.05537919 0.04841034 0.04389184 0.04202055 0.04108299 0.04057695
  0.04030561 0.04015939 0.03993574 0.03989254 0.03989449 0.03991798
  0.03995131 0.03998998 0.0400319  0.04007642 0.04171758 0.04289351
  0.04381149 0.04452642 0.04508967 0.04552906 0.04587191 0.04614056
  0.04635165 0.0465179  0.04664871 0.04675295 0.04683567 0.04690167
  0.04695471 0.04813233 0.04905557 0.04984565 0.05053081 0.05112835
  0.05165347 0.05211847 0.05253344 0.05290645 0.05324359 0.05354897
  0.05382757 0.05408256 0.05431616 0.05453093 0.05472778 0.05490911
  0.05507658 0.05523212 0.05537578]
 [0.05396025 0.04890611 0.04401813 0.0416233  0.04038045 0.03972068
  0.0393767  0.03919436 0.03895467 0.03891135 0.038909   0.03892555
  0.03895051 0.03898007 0.03901239 0.03904693 0.04075992 0.04196231
  0.04286928 0.04355426 0.04407981 0.04448085 0.04478815 0.04502573
  0.0452105  0.04535483 0.04546778 0.04555739 0.04562827 0.04568467
  0.04572994 0.04662573 0.04741484 0.04813397 0.04878649 0.04937593
  0.04990815 0.05038965 0.05082655 0.05122433 0.05158764 0.05191975
  0.05222486 0.05250571 0.05276445 0.05300348 0.05322363 0.0534272
  0.05361595 0.05379178 0.05395462]
 [0.05276166 0.0492384  0.04427346 0.04137431 0.03983547 0.0390364
  0.03863187 0.03841921 0.03816677 0.03812796 0.03812467 0.03813722
  0.03815659 0.03817974 0.03820516 0.03823238 0.04005577 0.04130239
  0.04219948 0.04284787 0.0433268  0.04368113 0.04394604 0.04414726
  0.04430174 0.04442121 0.04451413 0.04458746 0.04464526 0.04469111
  0.04472787 0.0454207  0.04611015 0.04677256 0.04739502 0.047972
  0.04850317 0.04899105 0.04943898 0.04985057 0.05022935 0.05057794
  0.05089984 0.05119744 0.05147275 0.05172804 0.05196404 0.05218291
  0.05238648 0.05257653 0.05275295]
 [0.05174111 0.04932472 0.04452598 0.04118528 0.03938125 0.03846541
  0.03801404 0.03777773 0.03751591 0.03748601 0.03748465 0.03749559
  0.03751163 0.03753056 0.03755122 0.03757326 0.03955579 0.04086939
  0.04175523 0.04235546 0.04277454 0.04307101 0.04328517 0.04344413
  0.04356418 0.04365594 0.04372686 0.04378249 0.04382616 0.04386071
  0.04388838 0.0444348  0.04505236 0.04567166 0.04626918 0.04683344
  0.04736001 0.04784879 0.04830124 0.04871967 0.04910678 0.04946474
  0.04979651 0.05010419 0.0503897  0.05065513 0.0509012  0.05112989
  0.05134308 0.05154243 0.05172781]
 [0.05085171 0.04913565 0.04461308 0.04094974 0.03894397 0.03794484
  0.03746056 0.03721353 0.0369418  0.03692542 0.03692887 0.03694059
  0.03695558 0.03697251 0.03699057 0.03700953 0.03921594 0.04062769
  0.04149605 0.04202826 0.04236769 0.04259144 0.04274487 0.04285513
  0.04293665 0.04299812 0.04304539 0.04308221 0.04311103 0.04313377
  0.04315198 0.04359479 0.04416454 0.04475388 0.04533284 0.0458863
  0.04640737 0.0468943  0.04734742 0.04776818 0.04815878 0.04852108
  0.04885767 0.04917047 0.0494613  0.04973215 0.04998369 0.05021782
  0.05043639 0.050641   0.05083148]
 [0.05003617 0.04865827 0.04435968 0.04054261 0.03843377 0.03739493
  0.03689323 0.03665017 0.03636668 0.03636904 0.03638067 0.03639606
  0.03641279 0.03643048 0.03644864 0.03646718 0.03898819 0.04054395
  0.04137864 0.04180833 0.04203859 0.04217024 0.04225157 0.04230674
  0.04234615 0.04237543 0.04239803 0.04241553 0.04242924 0.04244009
  0.04244878 0.04282277 0.0433673  0.04393996 0.04450777 0.04505391
  0.04557033 0.04605453 0.04650626 0.04692661 0.04731748 0.0476806
  0.04801835 0.04833256 0.048625   0.04889759 0.04915098 0.04938701
  0.04960753 0.04981408 0.05000649]]
00:00:00.04 State variable velocity: yC
00:00:01.03 done
