Starting at 2022-10-13 06:52:26.690373
Args: ./test
00:00:00.00 time :[  0.    3.2   6.4   9.6  12.8  16.   19.2  22.4  25.6  28.8  32.   35.2
  38.4  41.6  44.8  48.   51.2  54.4  57.6  60.8  64.   67.2  70.4  73.6
  76.8  80.   83.2  86.4  89.6  92.8  96.   99.2 102.4 105.6 108.8 112.
 115.2 118.4 121.6 124.8 128.  131.2 134.4 137.6 140.8 144.  147.2 150.4
 153.6 156.8 160. ]
00:00:00.00 parameters: {'nocomponents': 3, 'feed_yi': [0.05, 0.9, 0.05], 'ini_yi': [0.1, 0.8, 0.1], 'isomodel': 'Langmuir-Freundlich', 'bi': [3.499, 2.701, 7.185], 'qsi': [6.29, 4.59, 4.94], 'qs0': 6.29, 'ni': [1.0, 1.0, 1.0], 'ki': [0.62, 0.62, 0.62], 'Hi': [0, 0, 0], 'mode': 1, 'N': 10, 'tN': 51, 'Ta': 298, 'D': 0.3, 'L': 1, 'epsilon': 0.37, 'rp': 0.0007, 'feed_pressure': 1, 'vfeed': 1, 'PI': 50000.0, 'PL': 25000.0, 'bednum': 1, 'bed': 'DRPSA', 'lamda_pre': 0.5, 'lamda_blw': 0.5, 'lamda_eva': 0.5, 'tpre': 15, 'tads': 15, 'thr': 30, 'tblw': 30, 'teva': 40, 'tlr': 30, 'R_LR': 0.5, 'R_HR': 0.5, 'rho_s': 1130, 'rho_w': 7800, 'Cpg': 30.7, 'Cpa': 30.7, 'Cps': 1339, 'Cpw': 502, 'mu': 1.72e-05, 'Dm': 1.6e-05, 'gamma': 1.4, 'Kz': 0.09, 'Kw': 16, 'hin': 8.6, 'hout': 2.5, 'R': 8.314, 'eta': 0.72, 'DL': 0.00049, 'xnames': ['xA', 'xB', 'xC'], 'ynames': ['yA', 'yB', 'yC'], 'state_names': ['P', 'T', 'Tw', 'xA', 'xB', 'xC', 'yA', 'yB', 'yC'], 'state_sizes': [10, 10, 10, 10, 10, 10, 10, 10, 10], 'area': 0.07068583470577035, 'volume': 0.07068583470577035, 'rin': 0.15, 'rout': 0.4, 'epst': 0.5873015873015873, 'epsb': 1.7027027027027026, 'deltaZ': 0.1, 'container_vol': 0.07068583470577035, 'PH': 100000.0, 'norm_v0': 1, 'norm_t0': 1.0, 'norm_P0': 100000.0, 'norm_T0': 298, 'norm_tpre': 15.0, 'norm_tads': 30.0, 'norm_thr': 60.0, 'norm_tblw': 90.0, 'norm_teva': 130.0, 'norm_tlr': 160.0, 'norm_tend': 160.0, 'tstep': 3.2, 'index_tpre': 4, 'index_tads': 9, 'index_thr': 18, 'index_tblw': 28, 'index_teva': 40, 'index_tlr': 50, 'lp_yi': [0.04191857895014249, 0.920054860619065, 0.038026560430792535], 'hp_yi': [0.06285265276256667, 0.866009884164893, 0.0711374630725403], 'collect': ['yB', 'yA', 'yC']}
00:00:00.01 State variable P: [[0.25100624 0.82231285 0.95965877 0.99097714 0.99792763 1.02900614
  1.0349791  1.03642575 1.03645858 1.03657557 1.02016744 1.01881805
  1.01838437 1.0182126  1.0180805  1.018055   1.01805064 1.0180638
  1.01807678 0.71717315 0.59982776 0.54891292 0.5247372  0.51274254
  0.50663564 0.50350826 0.50187277 0.501022   0.5005443  0.33119127
  0.27954811 0.26413568 0.25844871 0.25576779 0.25419517 0.25315483
  0.25242061 0.25187743 0.25147038 0.25115882 0.2509196  0.25080722
  0.2508087  0.25083469 0.25086937 0.25090342 0.25093326 0.25095792
  0.25097853 0.25099469 0.25100687]
 [0.2529917  0.77372191 0.94109313 0.98555365 0.99644655 1.02536693
  1.03120078 1.03261368 1.03264556 1.03275967 1.01821576 1.0169042
  1.01648173 1.01631388 1.01618463 1.0161591  1.0161542  1.01616639
  1.01617845 0.71381703 0.59792009 0.5478629  0.52417229 0.51244206
  0.50647638 0.50342332 0.50182717 0.500997   0.5005309  0.35891424
  0.30525922 0.28329833 0.2724006  0.2660841  0.26196975 0.25910877
  0.25703653 0.25548487 0.25431101 0.25340764 0.25270985 0.25239249
  0.25240556 0.25248649 0.25259022 0.25269075 0.2527783  0.25285047
  0.25291082 0.25295809 0.25299366]
 [0.25496241 0.72762636 0.92354097 0.98044912 0.99504924 1.02188893
  1.02745215 1.02879872 1.02882858 1.02893728 1.01620983 1.0149712
  1.01457146 1.01441236 1.01428978 1.0142653  1.01426037 1.01427163
  1.01428277 0.70703932 0.59409799 0.54577099 0.523051   0.51184699
  0.50616142 0.50325548 0.50173715 0.5009477  0.50050453 0.38034576
  0.3261046  0.29966936 0.28477486 0.27545246 0.26913854 0.26465422
  0.26136604 0.2588869  0.25700072 0.25554371 0.25441458 0.25393796
  0.25398717 0.25413354 0.25430852 0.25447414 0.25461679 0.25473385
  0.25483188 0.25490842 0.2549659 ]
 [0.25692131 0.68460534 0.90726782 0.97574567 0.99376047 1.01856332
  1.0237313  1.02498028 1.02500698 1.02510795 1.01415465 1.01301935
  1.01265226 1.01250595 1.01239319 1.01237054 1.01236589 1.01237613
  1.01238628 0.69667526 0.58833833 0.54264972 0.52138841 0.51096784
  0.50569709 0.5030083  0.50160468 0.50087521 0.50046578 0.39710505
  0.34304081 0.31349139 0.29552809 0.28375518 0.27557809 0.26968212
  0.26531798 0.26200867 0.25947867 0.25751768 0.25599394 0.25543224
  0.25555532 0.25578294 0.2560324  0.25626106 0.25645504 0.25661325
  0.25674603 0.25684929 0.25692662]
 [0.25887079 0.64533984 0.89255812 0.97152437 0.99260389 1.01538112
  1.02003575 1.02115751 1.02118001 1.02127106 1.012056   1.01105029
  1.0107245  1.01059448 1.01049426 1.01047404 1.01046985 1.01047889
  1.01048786 0.68245042 0.58060573 0.53851977 0.51920816 0.50982079
  0.505093   0.50268719 0.50143274 0.50078118 0.50041556 0.41021915
  0.356714   0.32497797 0.30466572 0.29092428 0.28120243 0.27410974
  0.26881938 0.26478796 0.26169292 0.25928664 0.25741268 0.25687173
  0.25711564 0.25744277 0.25776951 0.25805791 0.25829824 0.25849287
  0.25865665 0.25878348 0.25887814]
 [0.26081289 0.61061578 0.87971001 0.96786282 0.99160111 1.01233298
  1.01636247 1.0173294  1.0173469  1.01742595 1.00991972 1.00906588
  1.00878881 1.00867811 1.00859278 1.00857549 1.00857187 1.00857954
  1.00858715 0.66395286 0.57085373 0.53341252 0.51654333 0.50842784
  0.50436206 0.50229933 0.50122529 0.50066782 0.50035508 0.42037437
  0.36757612 0.33430602 0.31221455 0.29692288 0.285953   0.27787564
  0.27181323 0.26717443 0.26360043 0.26081444 0.25864064 0.2582637
  0.25867874 0.2591224  0.25952706 0.25987014 0.26015058 0.26037603
  0.26056636 0.26071312 0.26082232]
 [0.2627493  0.58128531 0.86901491 0.96483264 0.99077087 1.00940899
  1.01270791 1.01349479 1.01350691 1.01357194 1.00775168 1.00706805
  1.0068459  1.00675705 1.00668856 1.00667464 1.00667171 1.00667784
  1.00668394 0.64058494 0.55902651 0.52737328 0.51343746 0.50681685
  0.50352029 0.50185359 0.50098717 0.50053781 0.50028579 0.42804215
  0.37594791 0.34161593 0.31820755 0.30173248 0.28979047 0.28093493
  0.2742559  0.26912837 0.26516651 0.26207146 0.25965281 0.25962965
  0.26026099 0.26083238 0.2613116  0.26170202 0.26201518 0.26226521
  0.26247706 0.26263981 0.2627606 ]
 [0.26468132 0.55821579 0.86070981 0.96249788 0.99013149 1.00659857
  1.00906804 1.00965239 1.00965933 1.00970836 1.00555787 1.00505887
  1.00489654 1.00483156 1.00478147 1.00477128 1.00476912 1.0047736
  1.00477806 0.61148273 0.54506309 0.52046614 0.50994586 0.50502164
  0.50258672 0.50136038 0.50072405 0.50039428 0.5002094  0.43354757
  0.38205533 0.34701413 0.32267552 0.30534455 0.29268867 0.28325541
  0.27611488 0.27061946 0.26636417 0.2630344  0.26042929 0.26100933
  0.26188455 0.26258367 0.26312846 0.26355643 0.26389399 0.26416202
  0.26438994 0.26456457 0.26469397]
 [0.2666093  0.54222738 0.85498572 0.96091165 0.98970069 1.00389025
  1.00543834 1.00580089 1.00580356 1.00583462 1.00334437 1.0030405
  1.00294157 1.00290196 1.00287143 1.00286521 1.0028639  1.00286663
  1.00286936 0.57537461 0.52890611 0.51278114 0.50613718 0.5030821
  0.50158323 0.50083152 0.50044229 0.50024074 0.50012777 0.43710846
  0.38605137 0.35057581 0.32564253 0.30775519 0.29463036 0.28481468
  0.27736696 0.27162566 0.26717358 0.26368595 0.26095522 0.26246566
  0.26357667 0.26438624 0.26498087 0.26543438 0.26578754 0.26606695
  0.26630527 0.26648761 0.26662263]
 [0.26853017 0.53400668 0.85202358 0.96011084 0.98948942 1.00127178
  1.00181412 1.00193919 1.00193929 1.00195041 1.00111755 1.00101533
  1.00098205 1.00096873 1.00095846 1.00095638 1.00095595 1.00095688
  1.00095781 0.53031626 0.51051947 0.50444444 0.50209549 0.50104424
  0.50053431 0.50028008 0.50014886 0.50008098 0.50004294 0.43885807
  0.38802897 0.3523471  0.32712348 0.30896182 0.29560434 0.28559815
  0.27799688 0.27213241 0.26758157 0.26401458 0.26122063 0.26409016
  0.26536711 0.26624598 0.26686759 0.26733313 0.26769309 0.2679774
  0.26822032 0.26840608 0.26854357]]
00:00:00.01 State variable T: [[1. 1. 1. 1. 1. 1. 1. 1. 1. 1. 1. 1. 1. 1. 1. 1. 1. 1. 1. 1. 1. 1. 1. 1.
  1. 1. 1. 1. 1. 1. 1. 1. 1. 1. 1. 1. 1. 1. 1. 1. 1. 1. 1. 1. 1. 1. 1. 1.
  1. 1. 1.]
 [1. 1. 1. 1. 1. 1. 1. 1. 1. 1. 1. 1. 1. 1. 1. 1. 1. 1. 1. 1. 1. 1. 1. 1.
  1. 1. 1. 1. 1. 1. 1. 1. 1. 1. 1. 1. 1. 1. 1. 1. 1. 1. 1. 1. 1. 1. 1. 1.
  1. 1. 1.]
 [1. 1. 1. 1. 1. 1. 1. 1. 1. 1. 1. 1. 1. 1. 1. 1. 1. 1. 1. 1. 1. 1. 1. 1.
  1. 1. 1. 1. 1. 1. 1. 1. 1. 1. 1. 1. 1. 1. 1. 1. 1. 1. 1. 1. 1. 1. 1. 1.
  1. 1. 1.]
 [1. 1. 1. 1. 1. 1. 1. 1. 1. 1. 1. 1. 1. 1. 1. 1. 1. 1. 1. 1. 1. 1. 1. 1.
  1. 1. 1. 1. 1. 1. 1. 1. 1. 1. 1. 1. 1. 1. 1. 1. 1. 1. 1. 1. 1. 1. 1. 1.
  1. 1. 1.]
 [1. 1. 1. 1. 1. 1. 1. 1. 1. 1. 1. 1. 1. 1. 1. 1. 1. 1. 1. 1. 1. 1. 1. 1.
  1. 1. 1. 1. 1. 1. 1. 1. 1. 1. 1. 1. 1. 1. 1. 1. 1. 1. 1. 1. 1. 1. 1. 1.
  1. 1. 1.]
 [1. 1. 1. 1. 1. 1. 1. 1. 1. 1. 1. 1. 1. 1. 1. 1. 1. 1. 1. 1. 1. 1. 1. 1.
  1. 1. 1. 1. 1. 1. 1. 1. 1. 1. 1. 1. 1. 1. 1. 1. 1. 1. 1. 1. 1. 1. 1. 1.
  1. 1. 1.]
 [1. 1. 1. 1. 1. 1. 1. 1. 1. 1. 1. 1. 1. 1. 1. 1. 1. 1. 1. 1. 1. 1. 1. 1.
  1. 1. 1. 1. 1. 1. 1. 1. 1. 1. 1. 1. 1. 1. 1. 1. 1. 1. 1. 1. 1. 1. 1. 1.
  1. 1. 1.]
 [1. 1. 1. 1. 1. 1. 1. 1. 1. 1. 1. 1. 1. 1. 1. 1. 1. 1. 1. 1. 1. 1. 1. 1.
  1. 1. 1. 1. 1. 1. 1. 1. 1. 1. 1. 1. 1. 1. 1. 1. 1. 1. 1. 1. 1. 1. 1. 1.
  1. 1. 1.]
 [1. 1. 1. 1. 1. 1. 1. 1. 1. 1. 1. 1. 1. 1. 1. 1. 1. 1. 1. 1. 1. 1. 1. 1.
  1. 1. 1. 1. 1. 1. 1. 1. 1. 1. 1. 1. 1. 1. 1. 1. 1. 1. 1. 1. 1. 1. 1. 1.
  1. 1. 1.]
 [1. 1. 1. 1. 1. 1. 1. 1. 1. 1. 1. 1. 1. 1. 1. 1. 1. 1. 1. 1. 1. 1. 1. 1.
  1. 1. 1. 1. 1. 1. 1. 1. 1. 1. 1. 1. 1. 1. 1. 1. 1. 1. 1. 1. 1. 1. 1. 1.
  1. 1. 1.]]
00:00:00.01 State variable Tw: [[1. 1. 1. 1. 1. 1. 1. 1. 1. 1. 1. 1. 1. 1. 1. 1. 1. 1. 1. 1. 1. 1. 1. 1.
  1. 1. 1. 1. 1. 1. 1. 1. 1. 1. 1. 1. 1. 1. 1. 1. 1. 1. 1. 1. 1. 1. 1. 1.
  1. 1. 1.]
 [1. 1. 1. 1. 1. 1. 1. 1. 1. 1. 1. 1. 1. 1. 1. 1. 1. 1. 1. 1. 1. 1. 1. 1.
  1. 1. 1. 1. 1. 1. 1. 1. 1. 1. 1. 1. 1. 1. 1. 1. 1. 1. 1. 1. 1. 1. 1. 1.
  1. 1. 1.]
 [1. 1. 1. 1. 1. 1. 1. 1. 1. 1. 1. 1. 1. 1. 1. 1. 1. 1. 1. 1. 1. 1. 1. 1.
  1. 1. 1. 1. 1. 1. 1. 1. 1. 1. 1. 1. 1. 1. 1. 1. 1. 1. 1. 1. 1. 1. 1. 1.
  1. 1. 1.]
 [1. 1. 1. 1. 1. 1. 1. 1. 1. 1. 1. 1. 1. 1. 1. 1. 1. 1. 1. 1. 1. 1. 1. 1.
  1. 1. 1. 1. 1. 1. 1. 1. 1. 1. 1. 1. 1. 1. 1. 1. 1. 1. 1. 1. 1. 1. 1. 1.
  1. 1. 1.]
 [1. 1. 1. 1. 1. 1. 1. 1. 1. 1. 1. 1. 1. 1. 1. 1. 1. 1. 1. 1. 1. 1. 1. 1.
  1. 1. 1. 1. 1. 1. 1. 1. 1. 1. 1. 1. 1. 1. 1. 1. 1. 1. 1. 1. 1. 1. 1. 1.
  1. 1. 1.]
 [1. 1. 1. 1. 1. 1. 1. 1. 1. 1. 1. 1. 1. 1. 1. 1. 1. 1. 1. 1. 1. 1. 1. 1.
  1. 1. 1. 1. 1. 1. 1. 1. 1. 1. 1. 1. 1. 1. 1. 1. 1. 1. 1. 1. 1. 1. 1. 1.
  1. 1. 1.]
 [1. 1. 1. 1. 1. 1. 1. 1. 1. 1. 1. 1. 1. 1. 1. 1. 1. 1. 1. 1. 1. 1. 1. 1.
  1. 1. 1. 1. 1. 1. 1. 1. 1. 1. 1. 1. 1. 1. 1. 1. 1. 1. 1. 1. 1. 1. 1. 1.
  1. 1. 1.]
 [1. 1. 1. 1. 1. 1. 1. 1. 1. 1. 1. 1. 1. 1. 1. 1. 1. 1. 1. 1. 1. 1. 1. 1.
  1. 1. 1. 1. 1. 1. 1. 1. 1. 1. 1. 1. 1. 1. 1. 1. 1. 1. 1. 1. 1. 1. 1. 1.
  1. 1. 1.]
 [1. 1. 1. 1. 1. 1. 1. 1. 1. 1. 1. 1. 1. 1. 1. 1. 1. 1. 1. 1. 1. 1. 1. 1.
  1. 1. 1. 1. 1. 1. 1. 1. 1. 1. 1. 1. 1. 1. 1. 1. 1. 1. 1. 1. 1. 1. 1. 1.
  1. 1. 1.]
 [1. 1. 1. 1. 1. 1. 1. 1. 1. 1. 1. 1. 1. 1. 1. 1. 1. 1. 1. 1. 1. 1. 1. 1.
  1. 1. 1. 1. 1. 1. 1. 1. 1. 1. 1. 1. 1. 1. 1. 1. 1. 1. 1. 1. 1. 1. 1. 1.
  1. 1. 1.]]
00:00:00.02 State variable xA: [[0.03054259 0.03781594 0.04185349 0.0429683  0.04324536 0.04342333
  0.04367236 0.043807   0.04389747 0.04397883 0.04438352 0.04501068
  0.0456134  0.04618388 0.04673885 0.04726084 0.04775015 0.04820818
  0.04863597 0.04789258 0.04515528 0.0437866  0.04308347 0.04271941
  0.04252958 0.04243062 0.04237799 0.04234996 0.04233366 0.03881465
  0.03479066 0.03286516 0.03199537 0.03155403 0.03129187 0.03112053
  0.03100126 0.03091386 0.03084907 0.03080011 0.03076256 0.03073357
  0.03071169 0.03069158 0.03067183 0.03065167 0.03063086 0.03060939
  0.03058753 0.03056516 0.03054239]
 [0.02999114 0.03676777 0.04083092 0.04207165 0.04240279 0.04258543
  0.04282385 0.0429679  0.04307971 0.04318921 0.0432334  0.04332775
  0.04347888 0.04366168 0.04385505 0.04407206 0.04430678 0.04455711
  0.04482058 0.04414192 0.0418318  0.04068419 0.04009829 0.03979675
  0.03964062 0.03956009 0.03951803 0.03949637 0.03948445 0.037099
  0.03417428 0.03253773 0.03166184 0.03115693 0.03083583 0.03061778
  0.03046255 0.0303476  0.03026156 0.03019604 0.03014561 0.0301092
  0.03009078 0.03007772 0.03006681 0.03005601 0.03004448 0.03003198
  0.03001871 0.0300046  0.02998975]
 [0.02960781 0.03576613 0.03989812 0.04124703 0.04162093 0.0418045
  0.04202351 0.04215939 0.04226874 0.04237918 0.04241042 0.0424437
  0.04250323 0.04257606 0.04265377 0.04274223 0.04284044 0.04294843
  0.04306603 0.04228842 0.0400607  0.03898513 0.03844593 0.03817147
  0.03803015 0.03795743 0.0379194  0.03789973 0.03788879 0.03613212
  0.03383406 0.03238338 0.03150729 0.03095354 0.03058092 0.0303186
  0.03012745 0.02998394 0.02987522 0.02979164 0.02972691 0.02968201
  0.02966553 0.02965715 0.02965207 0.02964728 0.02964155 0.02963448
  0.02962633 0.02961702 0.02960667]
 [0.02932447 0.03483501 0.03905843 0.04050803 0.04091898 0.04110184
  0.04129885 0.04142145 0.04152106 0.04162293 0.04165584 0.04168368
  0.04172811 0.04177868 0.04183097 0.04188722 0.04194654 0.04200913
  0.042075   0.04121919 0.03897938 0.03794312 0.03743774 0.03718477
  0.03705567 0.03698955 0.036955   0.03693709 0.03692708 0.03555247
  0.03363868 0.0323102  0.03143448 0.030843   0.03042737 0.03012611
  0.02990222 0.02973201 0.02960166 0.02950061 0.0294219  0.02936929
  0.02935532 0.02935098 0.02935026 0.02934957 0.02934755 0.02934381
  0.02933871 0.02933213 0.02932423]
 [0.02908757 0.03398625 0.03831449 0.03985852 0.04030199 0.0404833
  0.04065801 0.04076583 0.04085356 0.04094397 0.04097666 0.0410029
  0.04104198 0.04108528 0.04112945 0.04117579 0.04122327 0.04127193
  0.04132161 0.0404014  0.03813942 0.03715259 0.03668952 0.03646307
  0.03634893 0.03629091 0.03626066 0.03624498 0.03623621 0.03511917
  0.03346734 0.03223042 0.03136075 0.03074427 0.03029664 0.02996466
  0.02971394 0.02952128 0.02937237 0.02925612 0.02916513 0.02910716
  0.02909784 0.02909811 0.02910128 0.02910376 0.02910433 0.02910277
  0.02909965 0.02909474 0.02908828]
 [0.02887047 0.03322365 0.03766481 0.03929571 0.0397673  0.03994645
  0.04009962 0.04019272 0.04026841 0.04034699 0.04037839 0.04040289
  0.04043748 0.04047537 0.04051391 0.04055406 0.04059492 0.04063646
  0.0406785  0.03968015 0.037385   0.03646224 0.0360523  0.03585826
  0.03576211 0.03571372 0.03568859 0.0356756  0.03566833 0.03473505
  0.03327366 0.03211072 0.0312527  0.03062239 0.03015321 0.02979898
  0.029528   0.0293179  0.02915428 0.02902578 0.02892479 0.02886484
  0.02886328 0.0288692  0.02887614 0.02888119 0.0288836  0.02888346
  0.02888161 0.0288777  0.02887202]
 [0.02865763 0.03254494 0.03709901 0.03880619 0.03930115 0.03947769
  0.03961115 0.03969105 0.03975612 0.03982416 0.03985456 0.03987765
  0.03990827 0.0399414  0.03997504 0.04000993 0.04004538 0.04008135
  0.0401177  0.03901081 0.03666259 0.03581937 0.03547312 0.03531667
  0.03524093 0.03520336 0.03518396 0.03517396 0.03516837 0.03436789
  0.03304744 0.03194483 0.03110163 0.03046576 0.02998357 0.02961453
  0.02932938 0.02910673 0.02893227 0.02879463 0.02868608 0.0286283
  0.02863811 0.02865063 0.028661   0.02866782 0.02867114 0.02867146
  0.02866988 0.02866593 0.02865992]
 [0.02841881 0.03192905 0.03658277 0.03835105 0.03886384 0.0390376
  0.03915555 0.0392266  0.03928535 0.03934686 0.03937859 0.03940194
  0.03943021 0.03946015 0.03949044 0.03952159 0.03955313 0.03958504
  0.03961722 0.03835946 0.03593861 0.03519647 0.034926   0.03481224
  0.03475906 0.03473324 0.03472002 0.03471323 0.03470944 0.03400286
  0.03278476 0.03173007 0.03090255 0.03026682 0.02977833 0.02940077
  0.02910689 0.02887621 0.02869464 0.02855088 0.02843722 0.02838656
  0.02841114 0.02843009 0.0284421  0.02844817 0.02844943 0.0284468
  0.02844153 0.02843306 0.02842174]
 [0.02799406 0.0312254  0.03594911 0.03775788 0.03828162 0.03845491
  0.03857396 0.03865426 0.03872415 0.038795   0.0388386  0.03886928
  0.03890167 0.03893453 0.03896745 0.03900053 0.03903359 0.03906665
  0.03909967 0.03764198 0.03515216 0.03454947 0.03437204 0.03430739
  0.03427926 0.03426624 0.03425968 0.03425631 0.03425442 0.03361068
  0.0324641  0.03144697 0.03063566 0.030005   0.0295163  0.02913619
  0.02883892 0.02860477 0.02841992 0.02827322 0.02815704 0.02811817
  0.02815431 0.02816931 0.02816829 0.02815614 0.02813566 0.0281086
  0.02807702 0.02803998 0.02799803]
 [0.02655709 0.02955463 0.03421963 0.03601472 0.03653559 0.03673105
  0.03695122 0.03714866 0.03733192 0.03750336 0.03762113 0.037701
  0.03777502 0.03784589 0.03791562 0.03798284 0.03804794 0.03811103
  0.03817228 0.03651366 0.03409057 0.03371909 0.03367021 0.03366825
  0.0336711  0.03367375 0.03367544 0.03367648 0.03367718 0.03307917
  0.0319925  0.03101559 0.03022945 0.02961454 0.02913589 0.02876236
  0.02846952 0.02823844 0.02805575 0.02791061 0.02779558 0.02771921
  0.02762693 0.02750532 0.02737095 0.02723284 0.02709453 0.02695766
  0.02682349 0.02669141 0.02656168]]
00:00:00.02 State variable xB: [[0.24289336 0.37456007 0.43150169 0.44550524 0.44875662 0.45086508
  0.45314393 0.45353611 0.453351   0.45321906 0.45114441 0.44913893
  0.44766499 0.44637856 0.445137   0.44400251 0.44293088 0.44191872
  0.44095583 0.42434129 0.38325211 0.36316604 0.35297977 0.34774941
  0.34504007 0.34364004 0.34290528 0.3425232  0.34230943 0.30648837
  0.26870651 0.25311023 0.2474879  0.24531218 0.24426133 0.24365807
  0.2432637  0.24297946 0.24277204 0.24261668 0.24249802 0.24242503
  0.24243777 0.24248046 0.24253853 0.24260157 0.24266471 0.24272584
  0.24278444 0.24284085 0.24289509]
 [0.2460189  0.36617201 0.42865452 0.44600317 0.45044309 0.45277509
  0.4549594  0.45533644 0.45513975 0.45497455 0.45378437 0.45296344
  0.4524973  0.45210441 0.45171192 0.4513293  0.45092384 0.4504968
  0.45004321 0.43313441 0.39078991 0.3703113  0.36000019 0.35472882
  0.35200397 0.35059666 0.34985708 0.34947112 0.34925382 0.31961343
  0.28579659 0.26833904 0.2596658  0.25494404 0.25203    0.25007539
  0.24868602 0.24765336 0.24687758 0.24628434 0.2458261  0.24552235
  0.24547588 0.24551344 0.24559123 0.24567938 0.24576456 0.24584154
  0.24591029 0.24597115 0.24602462]
 [0.24837603 0.35762099 0.42558451 0.44632634 0.45194262 0.45449064
  0.456572   0.45694192 0.45676158 0.45660443 0.45557858 0.45492813
  0.45463463 0.4544358  0.45424745 0.4540904  0.45392902 0.45376152
  0.45358031 0.43632373 0.39334719 0.37302508 0.36294032 0.35783126
  0.355204   0.35385159 0.35314212 0.35277248 0.35256471 0.32798073
  0.29771838 0.27961285 0.26907238 0.26255331 0.2582061  0.25515287
  0.25292504 0.2512475  0.24997288 0.24899027 0.24822739 0.24772603
  0.24765189 0.24770567 0.24781722 0.24794081 0.24805688 0.24815829
  0.24824623 0.24832067 0.24838269]
 [0.25042396 0.34901961 0.42236889 0.44648659 0.45324018 0.45599091
  0.45795985 0.45831763 0.45815739 0.4580182  0.45712866 0.4565605
  0.45631219 0.45615531 0.45601154 0.45590359 0.45580023 0.4556997
  0.45559525 0.43758725 0.39387389 0.3739473  0.36428685 0.35946182
  0.35700004 0.35573891 0.35507878 0.35473536 0.35454254 0.33391157
  0.3065829  0.28836009 0.2766396  0.26883063 0.2633765  0.25943236
  0.25650174 0.25427173 0.25256207 0.25123551 0.25020113 0.24953924
  0.24947537 0.24956679 0.24972188 0.24988488 0.25003342 0.2501604
  0.2502693  0.25035918 0.25043189]
 [0.25234077 0.34065566 0.41913826 0.44651654 0.45433836 0.45726956
  0.45911316 0.45945106 0.4593101  0.45919151 0.45843836 0.45794956
  0.45773456 0.45759957 0.45747666 0.45738628 0.4573018  0.45722182
  0.45714068 0.43798027 0.39328575 0.37396315 0.36490632 0.36047267
  0.35823473 0.35709568 0.3565011  0.35619232 0.3560191  0.33842693
  0.31343729 0.29531818 0.28283072 0.27408415 0.2677752  0.26311449
  0.25960227 0.25690604 0.25482342 0.25319855 0.25192675 0.25114937
  0.25114325 0.25129597 0.25150286 0.25170624 0.25188551 0.25203593
  0.25216449 0.25226869 0.25235138]
 [0.25418678 0.33289655 0.41607642 0.44648144 0.4552694  0.45834947
  0.46005062 0.46035826 0.460233   0.46013413 0.4595166  0.45910909
  0.45892733 0.45881223 0.45870734 0.45862981 0.45855753 0.45848938
  0.45842064 0.43767494 0.39176464 0.37331118 0.36505806 0.36112616
  0.35916897 0.35818113 0.35766726 0.35740093 0.3572517  0.34196886
  0.31880514 0.30086907 0.28787547 0.27844634 0.27148374 0.26625672
  0.26227388 0.25919406 0.25680043 0.2549243  0.25345108 0.25261409
  0.25272361 0.25296308 0.25322852 0.25347127 0.25367778 0.25384809
  0.25399379 0.25411024 0.25420139]
 [0.25599324 0.32615166 0.41340706 0.44647488 0.45609335 0.45928172
  0.4608194  0.46108396 0.46096832 0.46088541 0.4604009  0.46007534
  0.45992646 0.45983017 0.45974197 0.45967546 0.45961315 0.45955415
  0.45949472 0.43662971 0.3892892  0.37205511 0.36483463 0.3615188
  0.35989752 0.35908797 0.35866863 0.35845183 0.35833052 0.34476582
  0.3229866  0.30524183 0.29191312 0.28199287 0.27454148 0.26887989
  0.26452908 0.26114526 0.25850246 0.25642334 0.25478643 0.25395957
  0.25425289 0.25460421 0.25493235 0.25521145 0.25544068 0.25562704
  0.25578724 0.25591413 0.25601276]
 [0.25781474 0.32086952 0.41139797 0.44663492 0.45691681 0.4601645
  0.46151267 0.46171746 0.46160146 0.46152667 0.46116992 0.46092462
  0.4608063  0.46072605 0.46065169 0.4605931  0.46053762 0.46048457
  0.46043124 0.43473163 0.38577506 0.37022784 0.36430216 0.36171873
  0.36048508 0.35987787 0.35956507 0.35940383 0.35931379 0.3469714
  0.32618629 0.30860173 0.29505315 0.28479045 0.27698875 0.27100987
  0.26638668 0.26277553 0.25994487 0.25771174 0.25595006 0.25522105
  0.25577617 0.25626167 0.25665338 0.25696497 0.25721369 0.25741487
  0.25759011 0.25772974 0.25783974]
 [0.25990417 0.31768219 0.41053527 0.44733593 0.45808947 0.46133768
  0.46245149 0.46256041 0.46241515 0.4623229  0.46207669 0.46190153
  0.46180375 0.46172957 0.46165917 0.46159877 0.46154061 0.46148426
  0.46142803 0.43185365 0.38114174 0.36791214 0.36357987 0.3618434
  0.36104324 0.36065814 0.36046141 0.36036046 0.36030427 0.34874937
  0.32859779 0.3111163  0.29742563 0.28693882 0.27890527 0.27271442
  0.26790787 0.26414277 0.26118426 0.25884593 0.25699877 0.25648099
  0.25739178 0.25803808 0.25850339 0.25885955 0.25914534 0.25938392
  0.25959958 0.25978105 0.25993448]
 [0.26374407 0.31853336 0.41290623 0.45067046 0.4617097  0.46486786
  0.46557153 0.4654054  0.46506397 0.4648028  0.46456255 0.46438721
  0.46424547 0.46411603 0.46398944 0.4638697  0.4637537  0.4636411
  0.46353115 0.42830727 0.3756413  0.36554846 0.36312781 0.36233622
  0.3620015  0.36184961 0.3617734  0.36173437 0.36171256 0.35052177
  0.33061961 0.31313604 0.29933465 0.28870591 0.28053331 0.27421825
  0.2693055  0.26545176 0.26241995 0.26002142 0.2581254  0.25804415
  0.25960963 0.26061326 0.26131757 0.26187346 0.2623432  0.2627564
  0.26313891 0.26347832 0.26378079]]
00:00:00.02 State variable xC: [[0.0560083  0.06261726 0.06704623 0.06836496 0.06870369 0.06892236
  0.06925939 0.06948288 0.06966063 0.06982641 0.07056745 0.07167862
  0.07275959 0.073803   0.07482822 0.07581477 0.07676231 0.07767197
  0.07854446 0.07810071 0.07526697 0.07383385 0.073093   0.07270788
  0.07250647 0.07240108 0.07234474 0.07231444 0.07229658 0.06796384
  0.06269353 0.05997752 0.05864639 0.0579189  0.05746523 0.05715938
  0.05694231 0.05678158 0.05666128 0.05656967 0.05649907 0.05644313
  0.05639614 0.05635075 0.05630502 0.05625804 0.05620961 0.05615987
  0.0561094  0.05605796 0.05600574]
 [0.0534928  0.06051301 0.06483016 0.06619802 0.06656858 0.06677642
  0.06707231 0.06728019 0.06745962 0.06763917 0.06773629 0.06787439
  0.06807576 0.06831599 0.06857056 0.06885673 0.06916942 0.06950675
  0.06986658 0.06931716 0.06712266 0.06602143 0.06545654 0.06516524
  0.06501445 0.06493685 0.06489655 0.06487605 0.06486499 0.06223257
  0.05884316 0.05686036 0.0557606  0.0551094  0.05468834 0.0543995
  0.05419265 0.05403903 0.05392378 0.05383588 0.05376818 0.05371806
  0.05368792 0.05366339 0.05364079 0.05361788 0.05359378 0.05356828
  0.05354174 0.05351404 0.05348532]
 [0.05208768 0.05850689 0.06281698 0.0642486  0.06464794 0.06484903
  0.06511196 0.0652979  0.06546005 0.06562453 0.06569609 0.06575679
  0.06584098 0.06593679 0.06603689 0.06614645 0.06626479 0.0663922
  0.06652874 0.06580053 0.06365208 0.06260658 0.06208059 0.0618124
  0.06167423 0.06160314 0.06156599 0.06154681 0.06153618 0.05965943
  0.05710987 0.0554484  0.05442281 0.05376515 0.05331891 0.05300324
  0.0527726  0.05259922 0.05246778 0.05236667 0.05228834 0.05223288
  0.05220816 0.05219195 0.05217898 0.05216599 0.0521517  0.05213573
  0.05211843 0.0520997  0.05207968]
 [0.05108108 0.05673846 0.06104461 0.06253391 0.0629571  0.06315118
  0.06338252 0.06354588 0.06368857 0.06383385 0.06390003 0.06395145
  0.06401771 0.0640892  0.06416199 0.06423789 0.06431592 0.06439623
  0.06447873 0.06367618 0.06152715 0.0605252  0.06003504 0.05978935
  0.05966392 0.05959966 0.05956608 0.05954867 0.05953895 0.05809279
  0.05601905 0.05454391 0.05355583 0.0528816  0.052405   0.05205829
  0.05180007 0.05160353 0.05145292 0.05133607 0.05124504 0.05118301
  0.0511621  0.05115124 0.05114391 0.05113634 0.05112709 0.0511158
  0.05110295 0.05108837 0.05107224]
 [0.05022842 0.05519624 0.05951642 0.06105885 0.06150185 0.06168874
  0.06188951 0.06203007 0.06215271 0.06227806 0.06233801 0.0623837
  0.06244088 0.0625018  0.06256347 0.06262702 0.06269143 0.06275671
  0.06282268 0.06196736 0.0598213  0.05888028 0.05843835 0.05822229
  0.05811345 0.05805813 0.0580293  0.05801437 0.05800602 0.05684819
  0.0550956  0.05375741 0.05280433 0.05212297 0.05162562 0.05125545
  0.05097525 0.05075961 0.05059278 0.05046238 0.05036028 0.05029396
  0.05027876 0.0502734  0.05027079 0.05026719 0.05026135 0.05025308
  0.05024307 0.05023104 0.05021727]
 [0.04945773 0.05384108 0.05820286 0.05979671 0.06025682 0.06043705
  0.06061009 0.06072966 0.06083386 0.06094077 0.06099458 0.06103504
  0.06108436 0.0611366  0.06118941 0.06124367 0.06129856 0.06135403
  0.06140992 0.06048236 0.05831824 0.05744814 0.05706297 0.05688127
  0.05679145 0.05674631 0.05672289 0.05671079 0.05670403 0.05575087
  0.05423028 0.05300051 0.05208298 0.05140364 0.0508953  0.05051
  0.05021446 0.04998489 0.04980585 0.04966503 0.04955428 0.04948715
  0.04948072 0.04948176 0.04948354 0.04948308 0.04947968 0.04947346
  0.04946538 0.04945504 0.04944276]
 [0.04873476 0.05263383 0.05705486 0.05869583 0.05917025 0.0593446
  0.0594942  0.05959671 0.05968623 0.05977841 0.05982792 0.0598646
  0.05990768 0.05995291 0.05999858 0.06004533 0.06009258 0.06014027
  0.06018829 0.05915466 0.05694294 0.05615415 0.05583364 0.05569008
  0.05562096 0.05558679 0.05556918 0.05556011 0.05555505 0.05474834
  0.05339724 0.05225314 0.05136912 0.0506973  0.05018504 0.04979129
  0.04948611 0.04924726 0.04905977 0.04891156 0.04879458 0.04873077
  0.04873644 0.04874447 0.04874994 0.04875148 0.04874925 0.04874381
  0.04873639 0.04872646 0.04871438]
 [0.04800143 0.05151297 0.05598988 0.05766731 0.05815198 0.05832127
  0.05845382 0.05854593 0.0586275  0.05871147 0.05876081 0.05879669
  0.05883647 0.05887759 0.05891899 0.05896107 0.05900346 0.05904615
  0.05908906 0.05790665 0.05562442 0.05493656 0.05469165 0.05459066
  0.05454403 0.05452158 0.05451012 0.05450424 0.05450096 0.05379671
  0.05256692 0.0514885  0.05063389 0.04997224 0.04946086 0.04906377
  0.04875362 0.04850951 0.04831698 0.04816418 0.04804327 0.04798739
  0.04800771 0.04802171 0.04802828 0.04802865 0.04802408 0.04801562
  0.04800464 0.04799053 0.04797366]
 [0.04700307 0.05022409 0.05472869 0.05642432 0.05691313 0.05708017
  0.05721364 0.05731538 0.05740901 0.05750369 0.05756585 0.0576098
  0.0576546  0.05769965 0.05774471 0.05778982 0.05783489 0.05787992
  0.05792488 0.05655048 0.05421298 0.05366911 0.05351894 0.0534678
  0.05344654 0.05343702 0.05343225 0.05342979 0.05342837 0.05279188
  0.05164547 0.05061647 0.0497878  0.04913869 0.04863271 0.04823727
  0.04792689 0.04768172 0.04748774 0.04733341 0.04721106 0.04716665
  0.04719549 0.04720228 0.04719257 0.04717149 0.04714191 0.04710555
  0.0470644  0.04701754 0.04696552]
 [0.04412175 0.04709258 0.05149637 0.05315876 0.05363903 0.05382979
  0.05407794 0.05431574 0.05454539 0.05476587 0.05492188 0.05502959
  0.05513051 0.05522819 0.05532477 0.05541892 0.05551107 0.05560133
  0.05568984 0.05419459 0.05206592 0.05180409 0.05180388 0.05182559
  0.05184048 0.05184934 0.05185434 0.05185717 0.05185894 0.05128266
  0.05022397 0.04926122 0.04847907 0.04786254 0.04737978 0.04700121
  0.04670333 0.04646762 0.04628087 0.04613213 0.04601415 0.0459093
  0.04574359 0.04554741 0.04533769 0.04512374 0.04490923 0.04469589
  0.04448513 0.04427625 0.04406958]]
00:00:00.03 State variable yA: [[0.06149441 0.04915666 0.04900978 0.04899723 0.04899786 0.04895404
  0.04905445 0.04916303 0.04926498 0.0493543  0.05038295 0.05117019
  0.05189781 0.05258034 0.05324426 0.05386773 0.05445332 0.05500294
  0.05551834 0.05788017 0.05928362 0.06006345 0.06048279 0.06070316
  0.06081825 0.06087709 0.06090736 0.06092226 0.06092978 0.06299222
  0.06343193 0.06319296 0.06287102 0.06261082 0.06241955 0.06228113
  0.06217938 0.06210301 0.06204542 0.06200156 0.06196742 0.06193215
  0.06188911 0.06184338 0.0617956  0.06174648 0.0616965  0.06164601
  0.06159548 0.06154468 0.06149375]
 [0.05997532 0.04856162 0.04809111 0.04800423 0.04798495 0.04794366
  0.04805102 0.04817834 0.04830905 0.04843452 0.04862131 0.04879826
  0.0490096  0.04924793 0.04949681 0.04976865 0.05005942 0.05036693
  0.05068901 0.05319362 0.05468426 0.05550876 0.05595139 0.05618467
  0.05630768 0.05637189 0.0564063  0.05642467 0.05643534 0.05866487
  0.05964795 0.06000594 0.06013738 0.0601941  0.06022674 0.06024931
  0.0602668  0.06028069 0.060292   0.06030137 0.06030882 0.06029885
  0.06026914 0.06023458 0.06019754 0.06015962 0.06012156 0.06008369
  0.06004618 0.06000893 0.05997197]
 [0.05886671 0.04812406 0.04726741 0.04709062 0.0470481  0.04700621
  0.04710553 0.04722735 0.0473563  0.04748448 0.04761014 0.04769159
  0.04777893 0.04787504 0.04797595 0.04808691 0.04820898 0.04834224
  0.04848692 0.05090602 0.0523342  0.05311635 0.05353285 0.05375113
  0.05386571 0.05392525 0.05395694 0.05397366 0.0539832  0.05604206
  0.05721    0.05785571 0.05824235 0.0584963  0.05867708 0.05881079
  0.05891295 0.05899218 0.05905407 0.0591028  0.05914125 0.05914666
  0.05912188 0.05909084 0.05905722 0.05902323 0.05898978 0.05895716
  0.05892527 0.05889413 0.05886369]
 [0.05798982 0.04781277 0.04654368 0.04627557 0.04621052 0.04616633
  0.04625396 0.04636373 0.04648146 0.04660005 0.04671094 0.04677746
  0.04684181 0.04690723 0.04697379 0.04704262 0.04711475 0.04719051
  0.04727029 0.04965574 0.05100273 0.05172745 0.05210823 0.05230608
  0.05240938 0.05246285 0.05249116 0.052506   0.0525144  0.05432381
  0.05552849 0.05631204 0.05684472 0.05722368 0.05750465 0.05771713
  0.05788127 0.05800942 0.0581099  0.05818907 0.05825175 0.05826472
  0.05823918 0.0582071  0.05817292 0.05813906 0.05810645 0.05807524
  0.05804512 0.05801619 0.05798833]
 [0.05722311 0.04760992 0.04591832 0.04556307 0.04547741 0.04543112
  0.0455066  0.04560272 0.04570655 0.04581178 0.04590891 0.04596761
  0.04602327 0.04607859 0.04613413 0.04619009 0.04624699 0.04630498
  0.04636425 0.04880801 0.05008397 0.05075284 0.05109775 0.05127495
  0.05136687 0.05141427 0.05143929 0.05145236 0.05145972 0.05304376
  0.05423742 0.05509207 0.05571465 0.05617787 0.05653038 0.05680155
  0.05701324 0.05717972 0.05731099 0.05741475 0.05749721 0.05751055
  0.05748025 0.05744459 0.05740805 0.05737282 0.05733958 0.05730828
  0.05727834 0.05725001 0.05722306]
 [0.05650869 0.04748769 0.04538159 0.04494748 0.04484383 0.04479673
  0.04486123 0.04494407 0.04503391 0.04512527 0.04520821 0.04525935
  0.04530781 0.04535582 0.04540393 0.04545217 0.04550087 0.04555008
  0.0455999  0.04816456 0.04936463 0.04997266 0.05027891 0.05043413
  0.05051407 0.05055513 0.05057675 0.05058801 0.05059435 0.05199926
  0.05317016 0.05406432 0.05474547 0.05526769 0.05567267 0.05598839
  0.05623705 0.05643388 0.0565899  0.05671364 0.05681232 0.056818
  0.05677967 0.05673885 0.05669919 0.05666205 0.05662765 0.05659566
  0.05656521 0.05653667 0.05650975]
 [0.05581277 0.04739789 0.04491049 0.04440977 0.04429138 0.04424587
  0.04430219 0.04437391 0.04445155 0.04453053 0.04459975 0.04464388
  0.04468583 0.04472743 0.04476911 0.0448109  0.04485305 0.04489558
  0.04493856 0.0476732  0.04877454 0.04930902 0.04957077 0.04970146
  0.04976824 0.04980242 0.04982035 0.04982969 0.04983493 0.05110494
  0.05225267 0.05316929 0.05388905 0.05445247 0.05489545 0.05524435
  0.05552109 0.0557413  0.05591663 0.05605612 0.05616766 0.05615561
  0.05610638 0.05605916 0.05601571 0.05597607 0.05593974 0.05590605
  0.05587378 0.05584346 0.0558147 ]
 [0.05506886 0.04725239 0.04445127 0.04390021 0.04377095 0.04373152
  0.04378582 0.0438519  0.04392231 0.04399352 0.04405106 0.04409011
  0.04412744 0.04416449 0.04420159 0.04423874 0.04427617 0.04431386
  0.04435188 0.04731434 0.04827827 0.0487216  0.04893197 0.04903541
  0.04908784 0.04911459 0.04912858 0.04913584 0.04913992 0.05031248
  0.05143967 0.05236793 0.05311187 0.05370259 0.05417161 0.05454377
  0.05484054 0.05507765 0.05526708 0.05541816 0.0555392  0.05549599
  0.05543262 0.05537643 0.05532619 0.05528005 0.05523668 0.05519494
  0.05515322 0.05511223 0.05507151]
 [0.05393494 0.04677005 0.04378765 0.04320954 0.04307465 0.04305597
  0.04313102 0.04321266 0.04329538 0.04337656 0.04343089 0.04347259
  0.0435126  0.04355207 0.04359142 0.04363049 0.04366947 0.04370836
  0.04374722 0.04703895 0.04781308 0.04814756 0.0483016  0.04837647
  0.04841417 0.04843334 0.0484433  0.04844844 0.04845128 0.04955832
  0.05066909 0.05160215 0.05235976 0.05296696 0.05345219 0.05383918
  0.0541489  0.05439706 0.05459579 0.05475457 0.05488196 0.05478317
  0.05468711 0.05459791 0.05451078 0.05442275 0.05433256 0.05423933
  0.05414258 0.05404256 0.05393915]
 [0.05072704 0.04453255 0.04166648 0.0411147  0.04098876 0.04107443
  0.04130235 0.04152302 0.04173077 0.04192295 0.04202461 0.04211421
  0.04219893 0.04228059 0.04236102 0.0424388  0.04251421 0.04258744
  0.04265863 0.04658029 0.04712779 0.04735737 0.04746383 0.04751626
  0.04754299 0.04755683 0.04756423 0.04756824 0.04757065 0.04865793
  0.04977262 0.05071768 0.05148979 0.05211136 0.05260969 0.05300815
  0.05332769 0.05358412 0.05378978 0.0539543  0.05408645 0.0536408
  0.05324223 0.05287253 0.05252545 0.0521958  0.05188009 0.05157705
  0.05128435 0.05100302 0.05073218]]
00:00:00.03 State variable yB: [[0.86858867 0.90191854 0.90263138 0.90273442 0.9027502  0.90291251
  0.90271042 0.90247627 0.90224855 0.90204398 0.89990172 0.89826232
  0.896728   0.89527196 0.89384816 0.89249454 0.89120728 0.88998337
  0.8888201  0.88267487 0.87894921 0.87687028 0.87574932 0.87515876
  0.87484953 0.87469071 0.87460833 0.87456711 0.87454564 0.86726652
  0.86496336 0.86502957 0.86558265 0.86609666 0.8664916  0.8667839
  0.86700169 0.86716668 0.86729203 0.86738794 0.86746302 0.86754405
  0.86764633 0.86775565 0.86787011 0.8679878  0.8681075  0.86822838
  0.86834937 0.86847095 0.86859284]
 [0.87369506 0.90336172 0.90495174 0.90525914 0.90532869 0.90549062
  0.90529498 0.90504577 0.90478326 0.90452799 0.90413412 0.90380687
  0.90342152 0.90298748 0.9025335  0.90203637 0.90150184 0.90093333
  0.90033418 0.89420887 0.89047861 0.88840722 0.88729288 0.88670489
  0.88639488 0.8862331  0.88614657 0.88610052 0.8860739  0.87931068
  0.87600726 0.87462165 0.87400117 0.87367414 0.87346717 0.87332294
  0.8732156  0.87313322 0.87306915 0.87301877 0.87297914 0.87298943
  0.87305318 0.8731296  0.87321213 0.87329649 0.87338077 0.87346419
  0.87354653 0.87362792 0.87370838]
 [0.87691876 0.90452302 0.90702226 0.90754445 0.90766941 0.90782652
  0.90765138 0.90742093 0.90717244 0.90692452 0.90664788 0.90649152
  0.90633033 0.9061568  0.90597593 0.90577982 0.90556621 0.90533476
  0.90508487 0.89922965 0.89571715 0.89378886 0.89276083 0.89222174
  0.89193883 0.89179189 0.89171383 0.89167277 0.89164944 0.8858289
  0.88235435 0.88036972 0.87915781 0.87835527 0.87778423 0.87736337
  0.87704342 0.87679635 0.87660418 0.87645343 0.87633478 0.87630716
  0.87636045 0.87643012 0.87650617 0.87658269 0.87665732 0.87672939
  0.87679931 0.87686696 0.87693255]
 [0.87937557 0.90538602 0.90883045 0.90956253 0.90973932 0.90989371
  0.90974183 0.90953727 0.9093144  0.90909007 0.90884918 0.90872039
  0.90859877 0.90847678 0.90835333 0.90822711 0.90809628 0.90796032
  0.90781856 0.90201337 0.89870125 0.89691791 0.89598073 0.89549372
  0.89523954 0.89510802 0.89503844 0.89500204 0.89498151 0.89004396
  0.88664957 0.88440695 0.88287119 0.88177557 0.88096331 0.8803496
  0.87987623 0.87950717 0.87921815 0.87899072 0.87881079 0.87876547
  0.87882261 0.87889678 0.87897603 0.87905389 0.87912803 0.87919809
  0.87926507 0.8793286  0.87938909]
 [0.88150728 0.90597021 0.91037809 0.91130693 0.91153033 0.91168196
  0.91155307 0.91137598 0.91118174 0.91098538 0.9107777  0.91066524
  0.9105606  0.91045742 0.91035405 0.91025047 0.9101456  0.91003923
  0.90993104 0.90397168 0.90083591 0.89919351 0.89834722 0.8979126
  0.89768725 0.89757109 0.89750981 0.89747783 0.89745984 0.89322801
  0.88996688 0.88760673 0.88587825 0.88458867 0.88360617 0.88284996
  0.88225958 0.88179534 0.88142931 0.88114003 0.88091016 0.88086534
  0.88093576 0.88101985 0.88110571 0.88118761 0.88126384 0.88133459
  0.88140154 0.881464   0.88152256]
 [0.88346697 0.90635165 0.91169977 0.91280377 0.91306715 0.91321347
  0.91310418 0.91295261 0.91278585 0.91261689 0.91244201 0.912345
  0.91225474 0.9121659  0.91207702 0.91198825 0.9118988  0.91180862
  0.91171751 0.90546667 0.90252775 0.90104335 0.90029726 0.89991951
  0.89972514 0.89962532 0.89957281 0.89954545 0.89953008 0.89583471
  0.89270319 0.89029041 0.88844295 0.88702186 0.8859175  0.88505522
  0.88437538 0.88383691 0.88340982 0.88307092 0.88280062 0.88277706
  0.88286855 0.88296594 0.88305968 0.88314627 0.88322523 0.88329749
  0.88336545 0.8834281  0.88348622]
 [0.88533443 0.90665428 0.91286224 0.91411171 0.91440722 0.91454346
  0.91444727 0.914316   0.91417212 0.91402635 0.91388227 0.91379902
  0.91372122 0.91364456 0.91356786 0.91349124 0.9134141  0.9133364
  0.91325802 0.90659159 0.90390847 0.90261506 0.90198423 0.90166998
  0.90150962 0.9014276  0.90138459 0.90136221 0.90134964 0.89805192
  0.89503229 0.89260093 0.89068154 0.88917323 0.887984   0.88704531
  0.88629949 0.88570533 0.88523176 0.88485469 0.88455303 0.88457674
  0.88469621 0.88480958 0.88491227 0.88500437 0.88508718 0.88516254
  0.88523363 0.88529905 0.88535978]
 [0.88725319 0.90707875 0.91399038 0.91534811 0.91566684 0.91578472
  0.91568978 0.91556814 0.91543724 0.91530534 0.9151875  0.91511392
  0.91504454 0.91497608 0.91490761 0.91483924 0.91477051 0.9147014
  0.91463181 0.90739497 0.90506359 0.9040043  0.90350531 0.90326093
  0.9031373  0.90307432 0.9030414  0.90302431 0.90301473 0.90000392
  0.89707739 0.89464828 0.89269067 0.89112958 0.88988606 0.88889677
  0.88810624 0.88747371 0.88696768 0.88656366 0.88623973 0.88634502
  0.88649954 0.88663364 0.88675038 0.88685454 0.8869496  0.8870384
  0.88712495 0.88720746 0.8872871 ]
 [0.88990036 0.90819803 0.91552106 0.91693644 0.91726693 0.91734164
  0.91720946 0.9170612  0.91690945 0.91676009 0.91665323 0.91657543
  0.91650124 0.91642821 0.9163554  0.91628314 0.91621109 0.9161392
  0.91606737 0.9080087  0.90616521 0.90538514 0.9050302  0.90485881
  0.90477277 0.90472911 0.90470644 0.90469477 0.90468831 0.90187618
  0.89902672 0.89661479 0.89464524 0.89305972 0.89178821 0.8907713
  0.88995556 0.88930089 0.88877581 0.8883558  0.88801854 0.88826255
  0.88848441 0.8886803  0.88886235 0.88903905 0.88921458 0.88939167
  0.88957287 0.88975698 0.88994469]
 [0.89700998 0.91303109 0.92008358 0.92143538 0.9217462  0.92163437
  0.92123745 0.92084694 0.92047447 0.92012557 0.91993745 0.91977228
  0.9196153  0.91946327 0.91931321 0.91916737 0.9190253  0.91888674
  0.91875143 0.90921286 0.90797144 0.90746667 0.90723609 0.9071233
  0.90706598 0.90703637 0.90702059 0.90701205 0.90700695 0.90428541
  0.901468   0.89906061 0.8970822  0.89548209 0.8941945  0.89316191
  0.89233186 0.89166455 0.89112852 0.89069919 0.89035406 0.89129489
  0.89209524 0.89283001 0.89351619 0.89416694 0.89479038 0.89538985
  0.89597061 0.8965303  0.89707081]]
00:00:00.03 State variable yC: [[0.06991692 0.0489248  0.04835884 0.04826835 0.04825194 0.04813345
  0.04823513 0.0483607  0.04848647 0.04860173 0.04971533 0.05056749
  0.05137419 0.0521477  0.05290758 0.05363773 0.0543394  0.05501369
  0.05566156 0.05944496 0.06176718 0.06306627 0.06376789 0.06413808
  0.06433222 0.0644322  0.0644843  0.06451063 0.06452458 0.06974129
  0.07160471 0.07177747 0.07154633 0.07129251 0.07108886 0.07093497
  0.07081889 0.07073033 0.0706626  0.07061044 0.07056952 0.0705238
  0.07046456 0.07040097 0.07033429 0.07026572 0.070196   0.07012561
  0.07005516 0.06998437 0.06991341]
 [0.06632962 0.04807666 0.04695715 0.04673663 0.04668636 0.04656572
  0.046654   0.04677589 0.04690768 0.04703749 0.04724457 0.04739488
  0.04756889 0.04776459 0.04796969 0.04819498 0.04843874 0.04869974
  0.04897681 0.05259751 0.05483713 0.05608403 0.05675573 0.05711043
  0.05729745 0.05739501 0.05744713 0.05747481 0.05749076 0.06202448
  0.06434473 0.06537238 0.06586144 0.06613178 0.06630605 0.06642774
  0.06651769 0.06658604 0.06663871 0.06667994 0.06671213 0.06671172
  0.06667768 0.06663582 0.06659033 0.06654389 0.06649767 0.06645212
  0.0664073  0.06636315 0.06631965]
 [0.06421453 0.04735292 0.04571033 0.04536492 0.04528248 0.04516727
  0.04524308 0.04535172 0.04547126 0.04559101 0.04574198 0.04581689
  0.04589074 0.04596817 0.04604813 0.04613327 0.04622481 0.046323
  0.04642821 0.04986433 0.05194865 0.05309479 0.05370632 0.05402713
  0.05419546 0.05428286 0.05432923 0.05435357 0.05436736 0.05812904
  0.06043566 0.06177457 0.06259984 0.06314843 0.06353869 0.06382584
  0.06404362 0.06421147 0.06434177 0.06444376 0.06452396 0.06454618
  0.06451767 0.06447904 0.06443661 0.06439408 0.0643529  0.06431346
  0.06427543 0.06423891 0.06420376]
 [0.06263461 0.04680121 0.04462587 0.0441619  0.04405016 0.04393996
  0.04400421 0.044099   0.04420414 0.04430988 0.04443988 0.04450215
  0.04455943 0.044616   0.04467288 0.04473026 0.04478897 0.04484918
  0.04491115 0.04833089 0.05029602 0.05135464 0.05191104 0.0522002
  0.05235108 0.05242913 0.05247039 0.05249195 0.05250409 0.05563223
  0.05782195 0.05928101 0.0602841  0.06100075 0.06153204 0.06193327
  0.06224249 0.06248341 0.06267194 0.06282021 0.06293746 0.06296981
  0.0629382  0.06289612 0.06285106 0.06280705 0.06276552 0.06272667
  0.06268981 0.0626552  0.06262258]
 [0.06126961 0.04641987 0.04370359 0.04312999 0.04299227 0.04288692
  0.04294033 0.04302131 0.04311172 0.04320284 0.04331339 0.04336715
  0.04341613 0.04346399 0.04351182 0.04355944 0.04360741 0.04365579
  0.04370471 0.04722031 0.04908013 0.05005365 0.05055503 0.05081245
  0.05094588 0.05101464 0.05105091 0.05106982 0.05108044 0.05372824
  0.0557957  0.0573012  0.0584071  0.05923346 0.05986345 0.06034849
  0.06072718 0.06102495 0.06125971 0.06144522 0.06159262 0.0616241
  0.061584   0.06153556 0.06148624 0.06143957 0.06139658 0.06135713
  0.06132012 0.061286   0.06125438]
 [0.06002434 0.04616066 0.04291864 0.04224875 0.04208903 0.0419898
  0.0420346  0.04210331 0.04218023 0.04225784 0.04234978 0.04239565
  0.04243745 0.04247828 0.04251904 0.04255959 0.04260033 0.0426413
  0.04268259 0.04636877 0.04810762 0.04898398 0.04942383 0.04964636
  0.0497608  0.04981955 0.04985044 0.04986653 0.04987557 0.05216604
  0.05412666 0.05564528 0.05681158 0.05771044 0.05840983 0.05895639
  0.05938757 0.05972921 0.06000028 0.06021543 0.06038706 0.06040494
  0.06035179 0.0602952  0.06024113 0.06019169 0.06014713 0.06010686
  0.06006934 0.06003523 0.06000403]
 [0.0588528  0.04594783 0.04222728 0.04147852 0.0413014  0.04121068
  0.04125054 0.04131009 0.04137634 0.04144312 0.04151797 0.0415571
  0.04159295 0.04162801 0.04166303 0.04169786 0.04173285 0.04176802
  0.04180342 0.04573521 0.04731699 0.04807592 0.048445   0.04862856
  0.04872214 0.04876998 0.04879506 0.04880811 0.04881543 0.05084314
  0.05271503 0.05422978 0.05542941 0.0563743  0.05712055 0.05771035
  0.05817942 0.05855336 0.0588516  0.05908919 0.05927931 0.05926765
  0.05919741 0.05913126 0.05907201 0.05901957 0.05897308 0.05893141
  0.05889259 0.05885749 0.05882551]
 [0.05767795 0.04566883 0.04155835 0.04075168 0.04056221 0.04048376
  0.04052441 0.04057996 0.04064045 0.04070115 0.04076144 0.04079597
  0.04082801 0.04085943 0.04089081 0.04092202 0.04095333 0.04098474
  0.04101631 0.04529069 0.04665815 0.0472741  0.04756272 0.04770367
  0.04777486 0.04781109 0.04783002 0.04783985 0.04784536 0.0496836
  0.05148294 0.05298378 0.05419747 0.05516783 0.05594233 0.05655947
  0.05705322 0.05744864 0.05776525 0.05801818 0.05822107 0.05815899
  0.05806784 0.05798993 0.05792344 0.05786541 0.05781372 0.05776666
  0.05772183 0.05768031 0.05764139]
 [0.0561647  0.04503195 0.04069121 0.03985399 0.03965848 0.03960236
  0.03965953 0.03972613 0.03979517 0.03986335 0.03991589 0.03995198
  0.03998615 0.04001973 0.04005319 0.04008637 0.04011945 0.04015245
  0.04018541 0.04495235 0.04602171 0.0464673  0.0466682  0.04676472
  0.04681306 0.04683755 0.04685025 0.04685679 0.04686041 0.0485655
  0.05030418 0.05178306 0.05299499 0.05397332 0.0547596  0.05538953
  0.05589554 0.05630205 0.0566284  0.05688963 0.0570995  0.05695427
  0.05682848 0.05672179 0.05662687 0.0565382  0.05645286 0.056369
  0.05628455 0.05620046 0.05611616]
 [0.05226298 0.04243646 0.03825016 0.03744929 0.03726467 0.03729114
  0.03746023 0.03763003 0.03779475 0.03795148 0.03803795 0.03811351
  0.03818577 0.03825614 0.03832578 0.03839383 0.03846048 0.03852583
  0.03858994 0.04420685 0.04490077 0.04517595 0.04530008 0.04536045
  0.04539103 0.04540679 0.04541518 0.0454197  0.0454224  0.04705666
  0.04875937 0.05022171 0.05142801 0.05240655 0.0531958  0.05382994
  0.05434046 0.05475133 0.0550817  0.0553465  0.05555949 0.05506431
  0.05466253 0.05429746 0.05395836 0.05363727 0.05332953 0.0530331
  0.05274504 0.05246668 0.05219701]]
00:00:00.04 State variable velocity: yC
00:00:00.97 done
