Starting at 2022-07-09 19:56:29.195777
Args: ./mainprocess.py
00:00:00.00 time :[  0.   1.   2.   3.   4.   5.   6.   7.   8.   9.  10.  11.  12.  13.
  14.  15.  16.  17.  18.  19.  20.  21.  22.  23.  24.  25.  26.  27.
  28.  29.  30.  31.  32.  33.  34.  35.  36.  37.  38.  39.  40.  41.
  42.  43.  44.  45.  46.  47.  48.  49.  50.  51.  52.  53.  54.  55.
  56.  57.  58.  59.  60.  61.  62.  63.  64.  65.  66.  67.  68.  69.
  70.  71.  72.  73.  74.  75.  76.  77.  78.  79.  80.  81.  82.  83.
  84.  85.  86.  87.  88.  89.  90.  91.  92.  93.  94.  95.  96.  97.
  98.  99. 100.]
00:00:00.00 parameters: {'R': 8.314, 'nocomponents': 3, 'feed_yi': [0.05, 0.9, 0.05], 'ini_yi': [0.1, 0.8, 0.1], 'collect': ['zL_tads', 'z0_teva', 'zL_tblw'], 'isomodel': 'Langmuir-Freundlich', 'bi': array([3.66002932e+05, 2.08547128e-01, 9.92853821e-02]), 'qsi': array([3.39813753, 4.47357357, 5.38966656]), 'qs0': 5.3896665574579155, 'ni': [1.0, 1.0, 1.0], 'ki': [0.62, 0.62, 0.62], 'Hi': [0, 0, 0], 'mode': 1, 'bed': 1, 'N': 20, 'tN': 101, 'Ta': 298, 'D': 0.3, 'L': 1, 'epsilon': 0.37, 'rp': 0.0007, 'feed_pressure': 10, 'vfeed': 1, 'PI': 100000.0, 'PL': 10000.0, 'lamda_pre': 0.5, 'lamda_blw': 0.5, 'lamda_eva': 0.5, 'tpre': 15, 'tads': 15, 'tblw': 30, 'teva': 40, 'rho_s': 1130, 'rho_w': 7800, 'Cpg': 30.7, 'Cpa': 30.7, 'Cps': 1339, 'Cpw': 502, 'mu': 1.72e-05, 'Dm': 1.6e-05, 'gamma': 1.4, 'Kz': 0.09, 'Kw': 16, 'hin': 8.6, 'hout': 2.5, 'eta': 0.72, 'DL': 0.00049, 'xnames': ['xA', 'xB', 'xC'], 'ynames': ['yA', 'yB', 'yC'], 'state_names': ['P', 'T', 'Tw', 'xA', 'xB', 'xC', 'yA', 'yB', 'yC'], 'state_sizes': [20, 20, 20, 20, 20, 20, 20, 20, 20], 'area': 0.07068583470577035, 'volume': 0.07068583470577035, 'rin': 0.15, 'rout': 0.4, 'epst': 0.5873015873015873, 'epsb': 1.7027027027027026, 'cellsize': 0.05, 'deltaZ': 0.05, 'container_vol': 0.07068583470577035, 'PH': 1000000.0, 'norm_v0': 1, 'norm_t0': 1.0, 'norm_P0': 1000000.0, 'norm_T0': 298, 'norm_tpre': 15.0, 'norm_tads': 30.0, 'norm_tblw': 60.0, 'norm_tend': 100.0, 'tstep': 1.0, 'index_tpre': 15, 'index_tads': 30, 'index_tblw': 60, 'index_tend': 100}
00:00:00.01 State variable P: [[0.01       0.39946243 0.63580272 ... 0.00999998 0.00999997 0.00999997]
 [0.01       0.39932493 0.63575075 ... 0.00999998 0.00999997 0.00999997]
 [0.01       0.39919464 0.63570151 ... 0.00999998 0.00999997 0.00999997]
 ...
 [0.01       0.39810862 0.63529079 ... 0.00999998 0.00999998 0.00999997]
 [0.01       0.3980942  0.63528531 ... 0.00999998 0.00999998 0.00999997]
 [0.01       0.39808699 0.63528257 ... 0.00999998 0.00999998 0.00999997]]
00:00:00.01 State variable T: [[1. 1. 1. ... 1. 1. 1.]
 [1. 1. 1. ... 1. 1. 1.]
 [1. 1. 1. ... 1. 1. 1.]
 ...
 [1. 1. 1. ... 1. 1. 1.]
 [1. 1. 1. ... 1. 1. 1.]
 [1. 1. 1. ... 1. 1. 1.]]
00:00:00.01 State variable Tw: [[1. 1. 1. ... 1. 1. 1.]
 [1. 1. 1. ... 1. 1. 1.]
 [1. 1. 1. ... 1. 1. 1.]
 ...
 [1. 1. 1. ... 1. 1. 1.]
 [1. 1. 1. ... 1. 1. 1.]
 [1. 1. 1. ... 1. 1. 1.]]
00:00:00.01 State variable xA: [[0.630371   0.63041265 0.6304429  ... 0.63037107 0.63037107 0.63037107]
 [0.63037102 0.63041277 0.63044294 ... 0.63037109 0.6303711  0.6303711 ]
 [0.63037106 0.63041283 0.63044295 ... 0.63037113 0.63037113 0.63037113]
 ...
 [0.63037148 0.63041493 0.63044361 ... 0.63037155 0.63037155 0.63037155]
 [0.63037149 0.63041664 0.63044526 ... 0.63037156 0.63037156 0.63037156]
 [0.63037149 0.63041862 0.63044787 ... 0.63037156 0.63037156 0.63037156]]
00:00:00.01 State variable xB: [[2.62659172e-06 5.33203374e-06 6.81641468e-06 ... 2.62485367e-06
  2.62481473e-06 2.62477580e-06]
 [2.62600397e-06 5.32696243e-06 6.82734955e-06 ... 2.62424182e-06
  2.62421733e-06 2.62419283e-06]
 [2.62504657e-06 5.32384786e-06 6.84023501e-06 ... 2.62325813e-06
  2.62324810e-06 2.62323807e-06]
 ...
 [2.61432573e-06 4.84362134e-06 6.89428294e-06 ... 2.61254218e-06
  2.61254826e-06 2.61255435e-06]
 [2.61419625e-06 4.17426600e-06 6.05099534e-06 ... 2.61241393e-06
  2.61241979e-06 2.61242565e-06]
 [2.61413281e-06 3.31917529e-06 4.57311987e-06 ... 2.61235120e-06
  2.61235688e-06 2.61236257e-06]]
00:00:00.01 State variable xC: [[8.33484083e-08 1.69717686e-07 2.17105303e-07 ... 8.32934724e-08
  8.32922264e-08 8.32909803e-08]
 [8.33297313e-08 1.69555691e-07 2.17454049e-07 ... 8.32740270e-08
  8.32732405e-08 8.32724540e-08]
 [8.32992953e-08 1.69456180e-07 2.17865066e-07 ... 8.32427493e-08
  8.32424240e-08 8.32420988e-08]
 ...
 [8.29579148e-08 1.54124772e-07 2.19588139e-07 ... 8.29014558e-08
  8.29016508e-08 8.29018458e-08]
 [8.29537886e-08 1.32752301e-07 1.92662489e-07 ... 8.28973682e-08
  8.28975561e-08 8.28977440e-08]
 [8.29517667e-08 1.05449538e-07 1.45473526e-07 ... 8.28953685e-08
  8.28955509e-08 8.28957333e-08]]
00:00:00.01 State variable yA: [[0.14573158 0.04984029 0.04984843 ... 0.14581491 0.14581679 0.14581867]
 [0.14575836 0.0496748  0.04968462 ... 0.14584277 0.14584404 0.1458453 ]
 [0.14580267 0.04950068 0.04951332 ... 0.14588833 0.14588894 0.14588954]
 ...
 [0.14631197 0.04713971 0.04564224 ... 0.14639808 0.1463979  0.14639771]
 [0.14631817 0.05474737 0.05025832 ... 0.14640423 0.14640406 0.14640389]
 [0.14632122 0.07820546 0.06439446 ... 0.14640725 0.14640708 0.14640692]]
00:00:00.01 State variable yB: [[0.80948424 0.90015111 0.90014342 ... 0.80940516 0.80940339 0.80940161]
 [0.80945887 0.90030769 0.90029842 ... 0.80937878 0.80937759 0.8093764 ]
 [0.80941691 0.90047242 0.9004605  ... 0.80933564 0.80933507 0.8093345 ]
 ...
 [0.80893491 0.90270507 0.90412164 ... 0.80885324 0.80885342 0.80885359]
 [0.80892904 0.89551335 0.89975784 ... 0.80884742 0.80884759 0.80884775]
 [0.80892616 0.87333825 0.88639522 ... 0.80884457 0.80884472 0.80884488]]
00:00:00.02 State variable yC: [[0.04478418 0.0500086  0.05000815 ... 0.04477992 0.04477982 0.04477972]
 [0.04478277 0.05001751 0.05001696 ... 0.04477845 0.04477838 0.04477831]
 [0.04478042 0.0500269  0.05002618 ... 0.04477603 0.04477599 0.04477596]
 ...
 [0.04475312 0.05015522 0.05023612 ... 0.04474868 0.04474869 0.0447487 ]
 [0.04475279 0.04973928 0.04998384 ... 0.04474834 0.04474835 0.04474836]
 [0.04475262 0.04845629 0.04921032 ... 0.04474818 0.04474819 0.0447482 ]]
00:00:00.02 State variable velocity: yC
02:19:29.42 done
