Starting at 2022-07-09 17:48:40.711153
Args: ./mainprocess.py
00:00:00.00 time :[  0.   1.   2.   3.   4.   5.   6.   7.   8.   9.  10.  11.  12.  13.
  14.  15.  16.  17.  18.  19.  20.  21.  22.  23.  24.  25.  26.  27.
  28.  29.  30.  31.  32.  33.  34.  35.  36.  37.  38.  39.  40.  41.
  42.  43.  44.  45.  46.  47.  48.  49.  50.  51.  52.  53.  54.  55.
  56.  57.  58.  59.  60.  61.  62.  63.  64.  65.  66.  67.  68.  69.
  70.  71.  72.  73.  74.  75.  76.  77.  78.  79.  80.  81.  82.  83.
  84.  85.  86.  87.  88.  89.  90.  91.  92.  93.  94.  95.  96.  97.
  98.  99. 100.]
00:00:00.00 parameters: {'R': 8.314, 'nocomponents': 3, 'feed_yi': [0.05, 0.9, 0.05], 'ini_yi': [0.1, 0.8, 0.1], 'collect': ['zL_tads', 'z0_teva', 'zL_tblw'], 'isomodel': 'Langmuir-Freundlich', 'bi': array([  91.52639401, 1241.75186515, 2442.7555324 ]), 'qsi': array([1.46340659, 1.4516377 , 1.45217193]), 'qs0': 1.4634065907039955, 'ni': [1.0, 1.0, 1.0], 'ki': [0.62, 0.62, 0.62], 'Hi': [0, 0, 0], 'mode': 1, 'bed': 1, 'N': 20, 'tN': 101, 'Ta': 298, 'D': 0.3, 'L': 1, 'epsilon': 0.37, 'rp': 0.0007, 'feed_pressure': 10, 'vfeed': 1, 'PI': 100000.0, 'PL': 10000.0, 'lamda_pre': 0.5, 'lamda_blw': 0.5, 'lamda_eva': 0.5, 'tpre': 15, 'tads': 15, 'tblw': 30, 'teva': 40, 'rho_s': 1130, 'rho_w': 7800, 'Cpg': 30.7, 'Cpa': 30.7, 'Cps': 1339, 'Cpw': 502, 'mu': 1.72e-05, 'Dm': 1.6e-05, 'gamma': 1.4, 'Kz': 0.09, 'Kw': 16, 'hin': 8.6, 'hout': 2.5, 'eta': 0.72, 'DL': 0.00049, 'xnames': ['xA', 'xB', 'xC'], 'ynames': ['yA', 'yB', 'yC'], 'state_names': ['P', 'T', 'Tw', 'xA', 'xB', 'xC', 'yA', 'yB', 'yC'], 'state_sizes': [20, 20, 20, 20, 20, 20, 20, 20, 20], 'area': 0.07068583470577035, 'volume': 0.07068583470577035, 'rin': 0.15, 'rout': 0.4, 'epst': 0.5873015873015873, 'epsb': 1.7027027027027026, 'cellsize': 0.05, 'deltaZ': 0.05, 'container_vol': 0.07068583470577035, 'PH': 1000000.0, 'norm_v0': 1, 'norm_t0': 1.0, 'norm_P0': 1000000.0, 'norm_T0': 298, 'norm_tpre': 15.0, 'norm_tads': 30.0, 'norm_tblw': 60.0, 'norm_tend': 100.0, 'tstep': 1.0, 'index_tpre': 15, 'index_tads': 30, 'index_tblw': 60, 'index_tend': 100}
00:00:00.00 State variable P: [[0.01       0.39946054 0.63583031 ... 0.01       0.01       0.01      ]
 [0.01000001 0.39931539 0.63577565 ... 0.01       0.01       0.01      ]
 [0.01000001 0.3991778  0.63572386 ... 0.01       0.01       0.01      ]
 ...
 [0.01000005 0.39802758 0.63529188 ... 0.00999999 0.00999999 0.00999999]
 [0.01000005 0.3980122  0.63528612 ... 0.00999999 0.00999999 0.00999999]
 [0.01000005 0.39800451 0.63528323 ... 0.00999999 0.00999999 0.00999999]]
00:00:00.00 State variable T: [[1. 1. 1. ... 1. 1. 1.]
 [1. 1. 1. ... 1. 1. 1.]
 [1. 1. 1. ... 1. 1. 1.]
 ...
 [1. 1. 1. ... 1. 1. 1.]
 [1. 1. 1. ... 1. 1. 1.]
 [1. 1. 1. ... 1. 1. 1.]]
00:00:00.00 State variable Tw: [[1. 1. 1. ... 1. 1. 1.]
 [1. 1. 1. ... 1. 1. 1.]
 [1. 1. 1. ... 1. 1. 1.]
 ...
 [1. 1. 1. ... 1. 1. 1.]
 [1. 1. 1. ... 1. 1. 1.]
 [1. 1. 1. ... 1. 1. 1.]]
00:00:00.00 State variable xA: [[0.00333164 0.00349012 0.00357866 ... 0.0033321  0.0033321  0.0033321 ]
 [0.00333133 0.00348948 0.00357886 ... 0.0033318  0.0033318  0.0033318 ]
 [0.00333103 0.00348891 0.0035791  ... 0.00333152 0.00333152 0.00333152]
 ...
 [0.00332699 0.00347195 0.00357318 ... 0.00332948 0.00332948 0.00332948]
 [0.00332645 0.0034647  0.003566   ... 0.00332945 0.00332945 0.00332945]
 [0.00332586 0.00345325 0.00355315 ... 0.00332942 0.00332942 0.00332942]]
00:00:00.00 State variable xB: [[0.88379911 0.88685192 0.88868008 ... 0.88381105 0.88381106 0.88381106]
 [0.88380038 0.88684272 0.88867395 ... 0.88381099 0.88381099 0.883811  ]
 [0.88379821 0.8868323  0.88866644 ... 0.88381099 0.883811   0.883811  ]
 ...
 [0.88268588 0.88565327 0.88753111 ... 0.88379256 0.88379256 0.88379257]
 [0.88239643 0.88536247 0.88723822 ... 0.88378559 0.88378559 0.88378559]
 [0.8820763  0.88504298 0.88691749 ... 0.88377682 0.88377683 0.88377683]]
00:00:00.01 State variable xC: [[0.09701416 0.09717523 0.0972769  ... 0.09700166 0.09700166 0.09700166]
 [0.09701323 0.09717773 0.09727889 ... 0.09700205 0.09700205 0.09700205]
 [0.09701575 0.09718128 0.09728216 ... 0.09700234 0.09700234 0.09700234]
 ...
 [0.0981374  0.09828069 0.09837174 ... 0.09702309 0.09702309 0.0970231 ]
 [0.0984287  0.098577   0.09867091 ... 0.09703013 0.09703013 0.09703013]
 [0.09875085 0.09890749 0.09900428 ... 0.09703896 0.09703896 0.09703896]]
00:00:00.01 State variable yA: [[0.04584902 0.0500374  0.05006153 ... 0.04585473 0.04585472 0.0458547 ]
 [0.04584491 0.05005452 0.05007361 ... 0.04585081 0.04585081 0.04585082]
 [0.04584107 0.05006806 0.0500875  ... 0.04584717 0.04584717 0.04584717]
 ...
 [0.04581339 0.0501452  0.0502227  ... 0.04582071 0.04582071 0.04582071]
 [0.04581286 0.05004119 0.05014768 ... 0.04582045 0.04582045 0.04582045]
 [0.04581243 0.04981197 0.04999676 ... 0.04582034 0.04582034 0.04582034]]
00:00:00.01 State variable yB: [[0.90374056 0.89996183 0.89993873 ... 0.90374181 0.90374182 0.90374184]
 [0.90374497 0.89994406 0.89992715 ... 0.90374533 0.90374533 0.90374532]
 [0.90374726 0.8999293  0.89991258 ... 0.90374863 0.90374863 0.90374863]
 ...
 [0.90316095 0.8992733  0.89920263 ... 0.9037625  0.9037625  0.9037625 ]
 [0.90300224 0.89920884 0.8991106  ... 0.90375891 0.90375891 0.9037589 ]
 [0.90282654 0.89924363 0.89907315 ... 0.9037542  0.9037542  0.9037542 ]]
00:00:00.01 State variable yC: [[0.05041042 0.05000077 0.04999973 ... 0.05040332 0.05040332 0.05040332]
 [0.05041012 0.05000142 0.04999925 ... 0.05040372 0.05040372 0.05040372]
 [0.05041168 0.05000264 0.04999992 ... 0.05040406 0.05040406 0.05040406]
 ...
 [0.05102566 0.0505815  0.05057467 ... 0.05041666 0.05041666 0.05041666]
 [0.0511849  0.05074997 0.05074172 ... 0.05042052 0.05042052 0.05042052]
 [0.05136102 0.0509444  0.05093009 ... 0.05042534 0.05042534 0.05042534]]
00:00:00.01 State variable velocity: yC
00:00:01.57 done
