Starting at 2022-07-09 20:40:16.236470
Args: ./mainprocess.py
00:00:00.00 time :[  0.   1.   2.   3.   4.   5.   6.   7.   8.   9.  10.  11.  12.  13.
  14.  15.  16.  17.  18.  19.  20.  21.  22.  23.  24.  25.  26.  27.
  28.  29.  30.  31.  32.  33.  34.  35.  36.  37.  38.  39.  40.  41.
  42.  43.  44.  45.  46.  47.  48.  49.  50.  51.  52.  53.  54.  55.
  56.  57.  58.  59.  60.  61.  62.  63.  64.  65.  66.  67.  68.  69.
  70.  71.  72.  73.  74.  75.  76.  77.  78.  79.  80.  81.  82.  83.
  84.  85.  86.  87.  88.  89.  90.  91.  92.  93.  94.  95.  96.  97.
  98.  99. 100.]
00:00:00.00 parameters: {'R': 8.314, 'nocomponents': 3, 'feed_yi': [0.05, 0.9, 0.05], 'ini_yi': [0.1, 0.8, 0.1], 'collect': ['zL_tads', 'z0_teva', 'zL_tblw'], 'isomodel': 'Langmuir-Freundlich', 'bi': array([167.27020965,   1.75243677,   1.54498563]), 'qsi': array([7.2932776 , 8.39824685, 7.92541573]), 'qs0': 8.398246850399671, 'ni': [1.0, 1.0, 1.0], 'ki': [0.62, 0.62, 0.62], 'Hi': [0, 0, 0], 'mode': 1, 'bed': 1, 'N': 20, 'tN': 101, 'Ta': 298, 'D': 0.3, 'L': 1, 'epsilon': 0.37, 'rp': 0.0007, 'feed_pressure': 10, 'vfeed': 1, 'PI': 100000.0, 'PL': 10000.0, 'lamda_pre': 0.5, 'lamda_blw': 0.5, 'lamda_eva': 0.5, 'tpre': 15, 'tads': 15, 'tblw': 30, 'teva': 40, 'rho_s': 1130, 'rho_w': 7800, 'Cpg': 30.7, 'Cpa': 30.7, 'Cps': 1339, 'Cpw': 502, 'mu': 1.72e-05, 'Dm': 1.6e-05, 'gamma': 1.4, 'Kz': 0.09, 'Kw': 16, 'hin': 8.6, 'hout': 2.5, 'eta': 0.72, 'DL': 0.00049, 'xnames': ['xA', 'xB', 'xC'], 'ynames': ['yA', 'yB', 'yC'], 'state_names': ['P', 'T', 'Tw', 'xA', 'xB', 'xC', 'yA', 'yB', 'yC'], 'state_sizes': [20, 20, 20, 20, 20, 20, 20, 20, 20], 'area': 0.07068583470577035, 'volume': 0.07068583470577035, 'rin': 0.15, 'rout': 0.4, 'epst': 0.5873015873015873, 'epsb': 1.7027027027027026, 'cellsize': 0.05, 'deltaZ': 0.05, 'container_vol': 0.07068583470577035, 'PH': 1000000.0, 'norm_v0': 1, 'norm_t0': 1.0, 'norm_P0': 1000000.0, 'norm_T0': 298, 'norm_tpre': 15.0, 'norm_tads': 30.0, 'norm_tblw': 60.0, 'norm_tend': 100.0, 'tstep': 1.0, 'index_tpre': 15, 'index_tads': 30, 'index_tblw': 60, 'index_tend': 100}
00:00:00.00 State variable P: [[0.01023737 0.39858859 0.63543565 ... 0.0102584  0.01024625 0.01023489]
 [0.01067727 0.39676225 0.63473992 ... 0.01073462 0.01070153 0.01067052]
 [0.01109203 0.39500518 0.6340725  ... 0.01118223 0.01113026 0.01108145]
 ...
 [0.0145229  0.37898492 0.62808103 ... 0.0148446  0.0146599  0.01448486]
 [0.01457067 0.37874271 0.62799163 ... 0.01489509 0.01470877 0.01453217]
 [0.01459478 0.37862011 0.62794638 ... 0.01492057 0.01473343 0.01455605]]
00:00:00.00 State variable T: [[1. 1. 1. ... 1. 1. 1.]
 [1. 1. 1. ... 1. 1. 1.]
 [1. 1. 1. ... 1. 1. 1.]
 ...
 [1. 1. 1. ... 1. 1. 1.]
 [1. 1. 1. ... 1. 1. 1.]
 [1. 1. 1. ... 1. 1. 1.]]
00:00:00.01 State variable Tw: [[1. 1. 1. ... 1. 1. 1.]
 [1. 1. 1. ... 1. 1. 1.]
 [1. 1. 1. ... 1. 1. 1.]
 ...
 [1. 1. 1. ... 1. 1. 1.]
 [1. 1. 1. ... 1. 1. 1.]
 [1. 1. 1. ... 1. 1. 1.]]
00:00:00.01 State variable xA: [[0.64096276 0.65454571 0.66949487 ... 0.64132973 0.64120668 0.64109405]
 [0.64075613 0.64928917 0.65838114 ... 0.64125639 0.6410685  0.64089356]
 [0.63604006 0.64253427 0.64873315 ... 0.63659649 0.63638994 0.63619629]
 ...
 [0.52757795 0.52989144 0.53167317 ... 0.52961074 0.52953179 0.52945586]
 [0.51927454 0.52147753 0.52316971 ... 0.52176237 0.52168751 0.52161551]
 [0.51028965 0.51237212 0.51396905 ... 0.51335597 0.51328563 0.51321798]]
00:00:00.01 State variable xB: [[0.03202478 0.09150027 0.13194043 ... 0.03203154 0.03201094 0.03199162]
 [0.03360362 0.09657187 0.1428491  ... 0.0337109  0.03362945 0.03355326]
 [0.0359327  0.10095152 0.15112478 ... 0.03614416 0.03599983 0.03586447]
 ...
 [0.07291123 0.15490203 0.23454072 ... 0.07389275 0.0730759  0.07229857]
 [0.07509948 0.15870327 0.24021335 ... 0.0760148  0.07517208 0.07437001]
 [0.0773494  0.16280057 0.24618839 ... 0.0781669  0.07729967 0.07647423]]
00:00:00.01 State variable xC: [[0.00112741 0.00405278 0.00601753 ... 0.00113052 0.00112814 0.00112588]
 [0.00117896 0.00429226 0.00654455 ... 0.00118578 0.00118113 0.00117675]
 [0.00125714 0.00449747 0.00695324 ... 0.00126789 0.00126085 0.00125422]
 ...
 [0.00253015 0.0074604  0.01232234 ... 0.00257341 0.00253941 0.00250713]
 [0.00260694 0.00777429 0.01295521 ... 0.00264822 0.00261312 0.00257979]
 [0.002686   0.00818717 0.01382464 ... 0.00272419 0.00268803 0.00265371]]
00:00:00.01 State variable yA: [[0.18820594 0.04245471 0.04176986 ... 0.18825021 0.18832198 0.18839157]
 [0.18130613 0.03815796 0.0370076  ... 0.18097653 0.18127224 0.18155147]
 [0.17086965 0.03543134 0.03406513 ... 0.17021909 0.17070453 0.171163  ]
 ...
 [0.07854239 0.01877838 0.01781306 ... 0.07792305 0.07868148 0.07941337]
 [0.07531984 0.01802339 0.01709414 ... 0.07487548 0.0756094  0.07631782]
 [0.07211357 0.01724456 0.01635349 ... 0.071874   0.07258185 0.07326521]]
00:00:00.01 State variable yB: [[0.77890918 0.90696861 0.90762358 ... 0.77879152 0.77876617 0.77874123]
 [0.78564059 0.91082464 0.91192055 ... 0.78587995 0.78564143 0.78541687]
 [0.79574874 0.91316778 0.91446357 ... 0.79629343 0.79587502 0.79548045]
 ...
 [0.8846828  0.9207498  0.92118712 ... 0.88515813 0.88450359 0.883871  ]
 [0.88776567 0.91977594 0.92004968 ... 0.88807208 0.88744172 0.88683228]
 [0.89083171 0.91781007 0.91787809 ... 0.8909408  0.89033598 0.88975109]]
00:00:00.01 State variable yC: [[0.03288488 0.05057668 0.05060656 ... 0.03295827 0.03291185 0.0328672 ]
 [0.03305328 0.0510174  0.05107186 ... 0.03314352 0.03308633 0.03303166]
 [0.03338161 0.05140087 0.0514713  ... 0.03348748 0.03342044 0.03335654]
 ...
 [0.03677481 0.06047182 0.06099983 ... 0.03691882 0.03681492 0.03671563]
 [0.03691449 0.06220068 0.06285618 ... 0.03705244 0.03694888 0.0368499 ]
 [0.03705473 0.06494537 0.06576842 ... 0.0371852  0.03708217 0.0369837 ]]
00:00:00.02 State variable velocity: yC
01:35:42.37 done
