Starting at 2022-07-10 00:04:53.821549
Args: ./mainprocess.py
00:00:00.00 time :[  0.   1.   2.   3.   4.   5.   6.   7.   8.   9.  10.  11.  12.  13.
  14.  15.  16.  17.  18.  19.  20.  21.  22.  23.  24.  25.  26.  27.
  28.  29.  30.  31.  32.  33.  34.  35.  36.  37.  38.  39.  40.  41.
  42.  43.  44.  45.  46.  47.  48.  49.  50.  51.  52.  53.  54.  55.
  56.  57.  58.  59.  60.  61.  62.  63.  64.  65.  66.  67.  68.  69.
  70.  71.  72.  73.  74.  75.  76.  77.  78.  79.  80.  81.  82.  83.
  84.  85.  86.  87.  88.  89.  90.  91.  92.  93.  94.  95.  96.  97.
  98.  99. 100.]
00:00:00.00 parameters: {'R': 8.314, 'nocomponents': 3, 'feed_yi': [0.05, 0.9, 0.05], 'ini_yi': [0.1, 0.8, 0.1], 'collect': ['zL_tads', 'z0_teva', 'zL_tblw'], 'isomodel': 'Langmuir-Freundlich', 'bi': array([ 3.15528958, 16.83295198, 25.0334254 ]), 'qsi': array([5.4769863 , 5.46447135, 5.24520164]), 'qs0': 5.4769862976418064, 'ni': [1.0, 1.0, 1.0], 'ki': [0.62, 0.62, 0.62], 'Hi': [0, 0, 0], 'mode': 1, 'bed': 1, 'N': 20, 'tN': 101, 'Ta': 298, 'D': 0.3, 'L': 1, 'epsilon': 0.37, 'rp': 0.0007, 'feed_pressure': 10, 'vfeed': 1, 'PI': 100000.0, 'PL': 10000.0, 'lamda_pre': 0.5, 'lamda_blw': 0.5, 'lamda_eva': 0.5, 'tpre': 15, 'tads': 15, 'tblw': 30, 'teva': 40, 'rho_s': 1130, 'rho_w': 7800, 'Cpg': 30.7, 'Cpa': 30.7, 'Cps': 1339, 'Cpw': 502, 'mu': 1.72e-05, 'Dm': 1.6e-05, 'gamma': 1.4, 'Kz': 0.09, 'Kw': 16, 'hin': 8.6, 'hout': 2.5, 'eta': 0.72, 'DL': 0.00049, 'xnames': ['xA', 'xB', 'xC'], 'ynames': ['yA', 'yB', 'yC'], 'state_names': ['P', 'T', 'Tw', 'xA', 'xB', 'xC', 'yA', 'yB', 'yC'], 'state_sizes': [20, 20, 20, 20, 20, 20, 20, 20, 20], 'area': 0.07068583470577035, 'volume': 0.07068583470577035, 'rin': 0.15, 'rout': 0.4, 'epst': 0.5873015873015873, 'epsb': 1.7027027027027026, 'cellsize': 0.05, 'deltaZ': 0.05, 'container_vol': 0.07068583470577035, 'PH': 1000000.0, 'norm_v0': 1, 'norm_t0': 1.0, 'norm_P0': 1000000.0, 'norm_T0': 298, 'norm_tpre': 15.0, 'norm_tads': 30.0, 'norm_tblw': 60.0, 'norm_tend': 100.0, 'tstep': 1.0, 'index_tpre': 15, 'index_tads': 30, 'index_tblw': 60, 'index_tend': 100}
00:00:00.00 State variable P: [[0.01038218 0.39882461 0.63554988 ... 0.0104055  0.01039245 0.01038058]
 [0.01106666 0.39748458 0.63507478 ... 0.01112816 0.0110941  0.01106265]
 [0.01169958 0.39622071 0.63462766 ... 0.01179445 0.01174217 0.01169368]
 ...
 [0.01637293 0.38581149 0.6309822  ... 0.01666906 0.01650935 0.01636039]
 [0.01642884 0.38567314 0.63093425 ... 0.01672702 0.01656624 0.01641628]
 [0.01645675 0.38560443 0.63091028 ... 0.01675596 0.01659465 0.01644419]]
00:00:00.00 State variable T: [[1. 1. 1. ... 1. 1. 1.]
 [1. 1. 1. ... 1. 1. 1.]
 [1. 1. 1. ... 1. 1. 1.]
 ...
 [1. 1. 1. ... 1. 1. 1.]
 [1. 1. 1. ... 1. 1. 1.]
 [1. 1. 1. ... 1. 1. 1.]]
00:00:00.00 State variable Tw: [[1. 1. 1. ... 1. 1. 1.]
 [1. 1. 1. ... 1. 1. 1.]
 [1. 1. 1. ... 1. 1. 1.]
 ...
 [1. 1. 1. ... 1. 1. 1.]
 [1. 1. 1. ... 1. 1. 1.]
 [1. 1. 1. ... 1. 1. 1.]]
00:00:00.00 State variable xA: [[0.00186247 0.00536534 0.00738802 ... 0.00188792 0.00187463 0.0018618 ]
 [0.00187437 0.00550143 0.00760795 ... 0.00190332 0.00188781 0.00187291]
 [0.00189486 0.00563834 0.00783225 ... 0.00192721 0.00190962 0.00189275]
 ...
 [0.00217567 0.00870971 0.01426334 ... 0.00223248 0.00220227 0.0021732 ]
 [0.00218064 0.00943711 0.01590616 ... 0.0022381  0.00220774 0.00217853]
 [0.00218367 0.01074133 0.0188855  ... 0.0022417  0.00221125 0.00218195]]
00:00:00.00 State variable xB: [[0.58318335 0.71867241 0.80381777 ... 0.58367924 0.58341344 0.58316649]
 [0.59716962 0.72537493 0.80743424 ... 0.59841261 0.59774483 0.59711402]
 [0.60910304 0.73094636 0.81039165 ... 0.61089846 0.60994288 0.60903353]
 ...
 [0.67403413 0.75298438 0.81679369 ... 0.67920776 0.67742958 0.6757009 ]
 [0.67427249 0.7519158  0.81471778 ... 0.67979206 0.67801162 0.67628052]
 [0.6741513  0.75012437 0.81118794 ... 0.68004706 0.67826572 0.67653364]]
00:00:00.00 State variable xC: [[0.05132607 0.05956593 0.06488671 ... 0.05132393 0.05130649 0.05129047]
 [0.05253474 0.06004768 0.0649747  ... 0.05257445 0.05252923 0.05248661]
 [0.05347513 0.06042886 0.0650546  ... 0.05353632 0.05347241 0.05341166]
 ...
 [0.0592883  0.06365446 0.06714354 ... 0.05759102 0.05748512 0.05738222]
 [0.0597213  0.06407317 0.06755227 ... 0.0576664  0.05756031 0.05745722]
 [0.06018708 0.06452548 0.067971   ... 0.0577394  0.05763307 0.05752973]]
00:00:00.00 State variable yA: [[0.01559971 0.05157859 0.05161276 ... 0.01578917 0.0156905  0.01559544]
 [0.01532504 0.05317877 0.053223   ... 0.01551972 0.01541618 0.01531614]
 [0.01518012 0.05481508 0.05487449 ... 0.01538433 0.01527405 0.01516705]
 ...
 [0.01565561 0.10342261 0.10558534 ... 0.01596011 0.01579419 0.01563151]
 [0.01567836 0.11529286 0.11828267 ... 0.01598486 0.0158182  0.0156548 ]
 [0.01569494 0.13650133 0.14034663 ... 0.016003   0.01583587 0.01567202]]
00:00:00.00 State variable yB: [[0.92722259 0.89883661 0.89882371 ... 0.92709237 0.92717935 0.92726332]
 [0.92749255 0.89755704 0.89754848 ... 0.92737996 0.92746459 0.92754654]
 [0.92772942 0.89617167 0.8961614  ... 0.92763291 0.92771814 0.92780089]
 ...
 [0.92714295 0.84898301 0.84702863 ... 0.92880031 0.92891779 0.92903228]
 [0.92674829 0.83733351 0.83459379 ... 0.92875356 0.92887169 0.92898682]
 [0.92630166 0.81675366 0.81320412 ... 0.92869014 0.92880875 0.92892435]]
00:00:00.00 State variable yC: [[0.05717769 0.04958479 0.04956353 ... 0.05711846 0.05713015 0.05714124]
 [0.0571824  0.04926419 0.04922852 ... 0.05710032 0.05711922 0.05713732]
 [0.05709046 0.04901325 0.04896411 ... 0.05698275 0.05700781 0.05703207]
 ...
 [0.05720144 0.04759439 0.04738604 ... 0.05523958 0.05528802 0.05533621]
 [0.05757335 0.04737363 0.04712354 ... 0.05526158 0.05531011 0.05535838]
 [0.05800341 0.04674501 0.04644925 ... 0.05530686 0.05535537 0.05540363]]
00:00:00.00 State variable velocity: yC
00:00:13.07 done
