Starting at 2022-07-10 00:04:45.183319
Args: ./mainprocess.py
00:00:00.00 time :[  0.   1.   2.   3.   4.   5.   6.   7.   8.   9.  10.  11.  12.  13.
  14.  15.  16.  17.  18.  19.  20.  21.  22.  23.  24.  25.  26.  27.
  28.  29.  30.  31.  32.  33.  34.  35.  36.  37.  38.  39.  40.  41.
  42.  43.  44.  45.  46.  47.  48.  49.  50.  51.  52.  53.  54.  55.
  56.  57.  58.  59.  60.  61.  62.  63.  64.  65.  66.  67.  68.  69.
  70.  71.  72.  73.  74.  75.  76.  77.  78.  79.  80.  81.  82.  83.
  84.  85.  86.  87.  88.  89.  90.  91.  92.  93.  94.  95.  96.  97.
  98.  99. 100.]
00:00:00.00 parameters: {'R': 8.314, 'nocomponents': 3, 'feed_yi': [0.05, 0.9, 0.05], 'ini_yi': [0.1, 0.8, 0.1], 'collect': ['zL_tads', 'z0_teva', 'zL_tblw'], 'isomodel': 'Langmuir-Freundlich', 'bi': array([5679.17173448,    7.15224512,   10.47737547]), 'qsi': array([13.99292516,  4.42615197,  4.12575586]), 'qs0': 13.992925158352762, 'ni': [1.0, 1.0, 1.0], 'ki': [0.62, 0.62, 0.62], 'Hi': [0, 0, 0], 'mode': 1, 'bed': 1, 'N': 20, 'tN': 101, 'Ta': 298, 'D': 0.3, 'L': 1, 'epsilon': 0.37, 'rp': 0.0007, 'feed_pressure': 10, 'vfeed': 1, 'PI': 100000.0, 'PL': 10000.0, 'lamda_pre': 0.5, 'lamda_blw': 0.5, 'lamda_eva': 0.5, 'tpre': 15, 'tads': 15, 'tblw': 30, 'teva': 40, 'rho_s': 1130, 'rho_w': 7800, 'Cpg': 30.7, 'Cpa': 30.7, 'Cps': 1339, 'Cpw': 502, 'mu': 1.72e-05, 'Dm': 1.6e-05, 'gamma': 1.4, 'Kz': 0.09, 'Kw': 16, 'hin': 8.6, 'hout': 2.5, 'eta': 0.72, 'DL': 0.00049, 'xnames': ['xA', 'xB', 'xC'], 'ynames': ['yA', 'yB', 'yC'], 'state_names': ['P', 'T', 'Tw', 'xA', 'xB', 'xC', 'yA', 'yB', 'yC'], 'state_sizes': [20, 20, 20, 20, 20, 20, 20, 20, 20], 'area': 0.07068583470577035, 'volume': 0.07068583470577035, 'rin': 0.15, 'rout': 0.4, 'epst': 0.5873015873015873, 'epsb': 1.7027027027027026, 'cellsize': 0.05, 'deltaZ': 0.05, 'container_vol': 0.07068583470577035, 'PH': 1000000.0, 'norm_v0': 1, 'norm_t0': 1.0, 'norm_P0': 1000000.0, 'norm_T0': 298, 'norm_tpre': 15.0, 'norm_tads': 30.0, 'norm_tblw': 60.0, 'norm_tend': 100.0, 'tstep': 1.0, 'index_tpre': 15, 'index_tads': 30, 'index_tblw': 60, 'index_tend': 100}
00:00:00.00 State variable P: [[0.01000008 0.3994416  0.63578787 ... 0.01000017 0.01000013 0.0100001 ]
 [0.01000023 0.39925344 0.63571777 ... 0.0100005  0.01000039 0.01000031]
 [0.01000039 0.3990754  0.63565132 ... 0.01000082 0.01000065 0.01000052]
 ...
 [0.01000198 0.39758289 0.63509551 ... 0.01000411 0.01000328 0.01000259]
 [0.010002   0.39756292 0.63508805 ... 0.01000416 0.01000332 0.01000262]
 [0.01000201 0.39755297 0.63508432 ... 0.01000419 0.01000334 0.01000263]]
00:00:00.00 State variable T: [[1. 1. 1. ... 1. 1. 1.]
 [1. 1. 1. ... 1. 1. 1.]
 [1. 1. 1. ... 1. 1. 1.]
 ...
 [1. 1. 1. ... 1. 1. 1.]
 [1. 1. 1. ... 1. 1. 1.]
 [1. 1. 1. ... 1. 1. 1.]]
00:00:00.00 State variable Tw: [[1. 1. 1. ... 1. 1. 1.]
 [1. 1. 1. ... 1. 1. 1.]
 [1. 1. 1. ... 1. 1. 1.]
 ...
 [1. 1. 1. ... 1. 1. 1.]
 [1. 1. 1. ... 1. 1. 1.]
 [1. 1. 1. ... 1. 1. 1.]]
00:00:00.00 State variable xA: [[0.97522872 0.97503557 0.97514263 ... 0.97521677 0.97521677 0.97521676]
 [0.97522779 0.97520949 0.97526456 ... 0.97521334 0.97521333 0.97521333]
 [0.97521935 0.97528287 0.97533789 ... 0.97520416 0.97520415 0.97520415]
 ...
 [0.97446697 0.97461071 0.97468426 ... 0.97490044 0.9749004  0.97490037]
 [0.97431679 0.97445969 0.97453236 ... 0.97485773 0.97485769 0.97485766]
 [0.97415259 0.97429377 0.97436557 ... 0.97480936 0.97480933 0.97480931]]
00:00:00.00 State variable xB: [[0.00281278 0.00462589 0.00574535 ... 0.00281426 0.00281425 0.00281423]
 [0.00281262 0.00457847 0.0057123  ... 0.00281446 0.00281443 0.0028144 ]
 [0.00281338 0.00455458 0.00569035 ... 0.00281536 0.00281531 0.00281526]
 ...
 [0.00290354 0.0046228  0.00582088 ... 0.00285132 0.00285106 0.00285085]
 [0.00292186 0.00464825 0.00585485 ... 0.00285653 0.00285627 0.00285605]
 [0.0029419  0.00467427 0.00588934 ... 0.00286243 0.00286217 0.00286195]]
00:00:00.00 State variable xC: [[0.0002608  0.00037611 0.00044881 ... 0.00026097 0.00026098 0.00026098]
 [0.00026119 0.00037242 0.00044569 ... 0.00026139 0.00026139 0.00026139]
 [0.00026166 0.00037053 0.00044341 ... 0.00026187 0.00026187 0.00026186]
 ...
 [0.00027288 0.00037484 0.00044207 ... 0.0002679  0.00026788 0.00026786]
 [0.00027463 0.00037878 0.0004456  ... 0.00026841 0.00026839 0.00026838]
 [0.00027654 0.00038572 0.00045255 ... 0.00026898 0.00026896 0.00026895]]
00:00:00.00 State variable yA: [[0.11452251 0.04995458 0.04950995 ... 0.11446817 0.1144684  0.11446859]
 [0.11451901 0.05015972 0.04957976 ... 0.11445226 0.11445291 0.11445345]
 [0.11448171 0.05032366 0.0497102  ... 0.11441052 0.1144116  0.1144125 ]
 ...
 [0.11118723 0.04906134 0.04844833 ... 0.1130489  0.11305424 0.11305867]
 [0.11055134 0.04877355 0.04816226 ... 0.11286114 0.11286654 0.11287102]
 [0.10986429 0.04847002 0.04785864 ... 0.11264942 0.11265487 0.11265941]]
00:00:00.00 State variable yB: [[0.82917279 0.90015575 0.90057304 ... 0.82921697 0.82921619 0.82921546]
 [0.8290964  0.90006926 0.90061233 ... 0.82915222 0.82915147 0.82915084]
 [0.82904981 0.90002212 0.90059818 ... 0.82911088 0.82910973 0.82910878]
 ...
 [0.83157724 0.90306668 0.90389388 ... 0.82984898 0.82984324 0.82983847]
 [0.83216559 0.90329455 0.90419882 ... 0.83001918 0.83001338 0.83000856]
 [0.83280467 0.90309703 0.90424576 ... 0.83021461 0.83020875 0.83020387]]
00:00:00.00 State variable yC: [[0.0563047  0.04988967 0.04991701 ... 0.05631486 0.05631542 0.05631595]
 [0.05638459 0.04977102 0.04980791 ... 0.05639552 0.05639562 0.05639571]
 [0.05646848 0.04965422 0.04969162 ... 0.0564786  0.05647867 0.05647873]
 ...
 [0.05723553 0.04787198 0.04765778 ... 0.05710212 0.05710252 0.05710285]
 [0.05728307 0.04793191 0.04763892 ... 0.05711968 0.05712009 0.05712042]
 [0.05733105 0.04843295 0.0478956  ... 0.05713597 0.05713638 0.05713672]]
00:00:00.01 State variable velocity: yC
00:00:21.71 done
