Starting at 2022-07-05 01:43:44.113765
Args: ./test
00:00:00.00 time :[  0.   1.   2.   3.   4.   5.   6.   7.   8.   9.  10.  11.  12.  13.
  14.  15.  16.  17.  18.  19.  20.  21.  22.  23.  24.  25.  26.  27.
  28.  29.  30.  31.  32.  33.  34.  35.  36.  37.  38.  39.  40.  41.
  42.  43.  44.  45.  46.  47.  48.  49.  50.  51.  52.  53.  54.  55.
  56.  57.  58.  59.  60.  61.  62.  63.  64.  65.  66.  67.  68.  69.
  70.  71.  72.  73.  74.  75.  76.  77.  78.  79.  80.  81.  82.  83.
  84.  85.  86.  87.  88.  89.  90.  91.  92.  93.  94.  95.  96.  97.
  98.  99. 100.]
00:00:00.00 parameters: {'R': 8.314, 'nocomponents': 3, 'feed_yi': [0.05, 0.9, 0.05], 'ini_yi': [0.1, 0.8, 0.1], 'collect': ['zL_tads', 'z0_teva', 'zL_tblw'], 'isomodel': 'Langmuir-Freundlich', 'bi': [3.499, 2.701, 7.185], 'qsi': [6.29, 4.59, 4.94], 'qs0': 6.29, 'ni': [1.0, 1.0, 1.0], 'ki': [0.62, 0.62, 0.62], 'Hi': [0, 0, 0], 'mode': 1, 'bed': 1, 'N': 20, 'tN': 101, 'Ta': 298, 'D': 0.3, 'L': 1, 'epsilon': 0.37, 'rp': 0.0007, 'feed_pressure': 1, 'vfeed': 1, 'PI': 50000.0, 'PL': 25000.0, 'lamda_pre': 0.5, 'lamda_blw': 0.5, 'lamda_eva': 0.5, 'tpre': 15, 'tads': 15, 'tblw': 30, 'teva': 40, 'rho_s': 1130, 'rho_w': 7800, 'Cpg': 30.7, 'Cpa': 30.7, 'Cps': 1339, 'Cpw': 502, 'mu': 1.72e-05, 'Dm': 1.6e-05, 'gamma': 1.4, 'Kz': 0.09, 'Kw': 16, 'hin': 8.6, 'hout': 2.5, 'eta': 0.72, 'DL': 0.00049, 'xnames': ['xA', 'xB', 'xC'], 'ynames': ['yA', 'yB', 'yC'], 'state_names': ['P', 'T', 'Tw', 'xA', 'xB', 'xC', 'yA', 'yB', 'yC'], 'state_sizes': [20, 20, 20, 20, 20, 20, 20, 20, 20], 'area': 0.07068583470577035, 'volume': 0.07068583470577035, 'rin': 0.15, 'rout': 0.4, 'epst': 0.5873015873015873, 'epsb': 1.7027027027027026, 'cellsize': 0.05, 'deltaZ': 0.05, 'container_vol': 0.07068583470577035, 'PH': 100000.0, 'norm_v0': 1, 'norm_t0': 1.0, 'norm_P0': 100000.0, 'norm_T0': 298, 'norm_tpre': 15.0, 'norm_tads': 30.0, 'norm_tblw': 60.0, 'norm_tend': 100.0, 'tstep': 1.0, 'index_tpre': 15, 'index_tads': 30, 'index_tblw': 60, 'index_tend': 100}
00:00:00.00 State variable P: [[0.25039957 0.53031226 0.70846403 ... 0.25046114 0.25042872 0.25039834]
 [0.25119117 0.50307335 0.67865505 ... 0.25137423 0.25127814 0.25118814]
 [0.25197154 0.47749215 0.64974993 ... 0.25227399 0.25211553 0.25196712]
 ...
 [0.25964136 0.29147797 0.3781086  ... 0.26107692 0.26032849 0.25962737]
 [0.25975772 0.28962824 0.37402926 ... 0.26120985 0.26045279 0.25974357]
 [0.25981604 0.28871169 0.37198009 ... 0.26127646 0.26051508 0.25980181]]
00:00:00.00 State variable T: [[1. 1. 1. ... 1. 1. 1.]
 [1. 1. 1. ... 1. 1. 1.]
 [1. 1. 1. ... 1. 1. 1.]
 ...
 [1. 1. 1. ... 1. 1. 1.]
 [1. 1. 1. ... 1. 1. 1.]
 [1. 1. 1. ... 1. 1. 1.]]
00:00:00.00 State variable Tw: [[1. 1. 1. ... 1. 1. 1.]
 [1. 1. 1. ... 1. 1. 1.]
 [1. 1. 1. ... 1. 1. 1.]
 ...
 [1. 1. 1. ... 1. 1. 1.]
 [1. 1. 1. ... 1. 1. 1.]
 [1. 1. 1. ... 1. 1. 1.]]
00:00:00.00 State variable xA: [[0.02928596 0.03103066 0.03426685 ... 0.02929143 0.02928688 0.02928264]
 [0.02919548 0.03087353 0.03377906 ... 0.02920779 0.02919994 0.02919261]
 [0.02907692 0.03063854 0.03330429 ... 0.02909551 0.02908466 0.02907453]
 ...
 [0.02703907 0.02723377 0.02817059 ... 0.02710269 0.02707224 0.02704369]
 [0.02692015 0.02709908 0.02799912 ... 0.02698489 0.02695442 0.02692586]
 [0.02680171 0.02697214 0.02785038 ... 0.02686737 0.02683709 0.0268087 ]]
00:00:00.00 State variable xB: [[0.2455826  0.28168796 0.33220839 ... 0.24559651 0.2455796  0.24556388]
 [0.24665131 0.27883585 0.32787237 ... 0.24675732 0.24669578 0.24663825]
 [0.24773777 0.27639406 0.32358681 ... 0.24793272 0.2478275  0.24772906]
 ...
 [0.25880658 0.26211219 0.2789677  ... 0.25981336 0.259302   0.25882314]
 [0.25914123 0.26220003 0.27843446 ... 0.26016508 0.25964749 0.2591628 ]
 [0.25942886 0.2623674  0.27830652 ... 0.26046535 0.25994429 0.25945634]]
00:00:00.00 State variable xC: [[0.0521728  0.05356647 0.05698515 ... 0.05218682 0.05217635 0.05216656]
 [0.05145136 0.05311247 0.05604938 ... 0.05147182 0.0514583  0.05144566]
 [0.05071544 0.05235457 0.05504418 ... 0.05074134 0.05072527 0.05071025]
 ...
 [0.04370505 0.04390008 0.04481366 ... 0.04371358 0.04368297 0.04365426]
 [0.04340857 0.04358728 0.04446374 ... 0.04340693 0.04337647 0.0433479 ]
 [0.04311957 0.04328921 0.04414232 ... 0.04310572 0.04307563 0.04304739]]
00:00:00.00 State variable yA: [[0.0588536  0.04977071 0.04925549 ... 0.05885288 0.0588491  0.05884559]
 [0.05851465 0.04983531 0.04872459 ... 0.05851002 0.05850909 0.05850825]
 [0.05812283 0.05004001 0.04836153 ... 0.05811384 0.05811594 0.05811793]
 ...
 [0.05270465 0.05134383 0.0484774  ... 0.05264721 0.05268142 0.05271339]
 [0.05244424 0.05116657 0.04835755 ... 0.05238752 0.05242225 0.05245471]
 [0.05219282 0.05095803 0.04817902 ... 0.05213731 0.05217245 0.05220529]]
00:00:00.00 State variable yB: [[0.8762307  0.9001842  0.90207112 ... 0.87613482 0.87614543 0.87615532]
 [0.8776052  0.8998459  0.90339562 ... 0.87755383 0.8775555  0.877557  ]
 [0.87905056 0.89942063 0.90427617 ... 0.87903722 0.87902984 0.87902289]
 ...
 [0.89443878 0.8979239  0.90504794 ... 0.89466239 0.89457415 0.89449171]
 [0.89508605 0.89839131 0.9053393  ... 0.89532216 0.89523293 0.89514956]
 [0.89570731 0.89900358 0.90589333 ... 0.89595703 0.89586716 0.89578317]]
00:00:00.00 State variable yC: [[0.06500876 0.05004511 0.04867339 ... 0.06501231 0.06500547 0.0649991 ]
 [0.06394282 0.05031893 0.04787979 ... 0.06393615 0.06393541 0.06393475]
 [0.06286592 0.05053963 0.0473623  ... 0.06284894 0.06285422 0.06285919]
 ...
 [0.05285666 0.05073441 0.04647477 ... 0.05269041 0.05274443 0.0527949 ]
 [0.05246978 0.05048157 0.04630439 ... 0.05229033 0.05234482 0.05239573]
 [0.0520999  0.05018344 0.04605816 ... 0.05190566 0.05196039 0.05201154]]
00:00:00.01 State variable velocity: yC
00:00:01.14 done
