Starting at 2022-07-10 00:04:42.037637
Args: ./mainprocess.py
00:00:00.00 time :[  0.   1.   2.   3.   4.   5.   6.   7.   8.   9.  10.  11.  12.  13.
  14.  15.  16.  17.  18.  19.  20.  21.  22.  23.  24.  25.  26.  27.
  28.  29.  30.  31.  32.  33.  34.  35.  36.  37.  38.  39.  40.  41.
  42.  43.  44.  45.  46.  47.  48.  49.  50.  51.  52.  53.  54.  55.
  56.  57.  58.  59.  60.  61.  62.  63.  64.  65.  66.  67.  68.  69.
  70.  71.  72.  73.  74.  75.  76.  77.  78.  79.  80.  81.  82.  83.
  84.  85.  86.  87.  88.  89.  90.  91.  92.  93.  94.  95.  96.  97.
  98.  99. 100.]
00:00:00.00 parameters: {'R': 8.314, 'nocomponents': 3, 'feed_yi': [0.05, 0.9, 0.05], 'ini_yi': [0.1, 0.8, 0.1], 'collect': ['zL_tads', 'z0_teva', 'zL_tblw'], 'isomodel': 'Langmuir-Freundlich', 'bi': array([9.64046567e+04, 7.99948895e-01, 1.02070216e+00]), 'qsi': array([3.3813067 , 3.33581787, 3.09997978]), 'qs0': 3.3813066952643274, 'ni': [1.0, 1.0, 1.0], 'ki': [0.62, 0.62, 0.62], 'Hi': [0, 0, 0], 'mode': 1, 'bed': 1, 'N': 20, 'tN': 101, 'Ta': 298, 'D': 0.3, 'L': 1, 'epsilon': 0.37, 'rp': 0.0007, 'feed_pressure': 10, 'vfeed': 1, 'PI': 100000.0, 'PL': 10000.0, 'lamda_pre': 0.5, 'lamda_blw': 0.5, 'lamda_eva': 0.5, 'tpre': 15, 'tads': 15, 'tblw': 30, 'teva': 40, 'rho_s': 1130, 'rho_w': 7800, 'Cpg': 30.7, 'Cpa': 30.7, 'Cps': 1339, 'Cpw': 502, 'mu': 1.72e-05, 'Dm': 1.6e-05, 'gamma': 1.4, 'Kz': 0.09, 'Kw': 16, 'hin': 8.6, 'hout': 2.5, 'eta': 0.72, 'DL': 0.00049, 'xnames': ['xA', 'xB', 'xC'], 'ynames': ['yA', 'yB', 'yC'], 'state_names': ['P', 'T', 'Tw', 'xA', 'xB', 'xC', 'yA', 'yB', 'yC'], 'state_sizes': [20, 20, 20, 20, 20, 20, 20, 20, 20], 'area': 0.07068583470577035, 'volume': 0.07068583470577035, 'rin': 0.15, 'rout': 0.4, 'epst': 0.5873015873015873, 'epsb': 1.7027027027027026, 'cellsize': 0.05, 'deltaZ': 0.05, 'container_vol': 0.07068583470577035, 'PH': 1000000.0, 'norm_v0': 1, 'norm_t0': 1.0, 'norm_P0': 1000000.0, 'norm_T0': 298, 'norm_tpre': 15.0, 'norm_tads': 30.0, 'norm_tblw': 60.0, 'norm_tend': 100.0, 'tstep': 1.0, 'index_tpre': 15, 'index_tads': 30, 'index_tblw': 60, 'index_tend': 100}
00:00:00.00 State variable P: [[0.01       0.39946182 0.63578234 ... 0.01       0.01       0.01      ]
 [0.01       0.39932371 0.63572997 ... 0.01       0.01       0.01      ]
 [0.01       0.3991928  0.63568035 ... 0.01       0.01       0.01      ]
 ...
 [0.01       0.39809938 0.63526659 ... 0.01       0.01       0.01      ]
 [0.01       0.39808479 0.63526107 ... 0.01       0.01       0.01      ]
 [0.01       0.39807746 0.63525831 ... 0.01       0.01       0.01      ]]
00:00:00.00 State variable T: [[1. 1. 1. ... 1. 1. 1.]
 [1. 1. 1. ... 1. 1. 1.]
 [1. 1. 1. ... 1. 1. 1.]
 ...
 [1. 1. 1. ... 1. 1. 1.]
 [1. 1. 1. ... 1. 1. 1.]
 [1. 1. 1. ... 1. 1. 1.]]
00:00:00.00 State variable Tw: [[1. 1. 1. ... 1. 1. 1.]
 [1. 1. 1. ... 1. 1. 1.]
 [1. 1. 1. ... 1. 1. 1.]
 ...
 [1. 1. 1. ... 1. 1. 1.]
 [1. 1. 1. ... 1. 1. 1.]
 [1. 1. 1. ... 1. 1. 1.]]
00:00:00.00 State variable xA: [[0.99945427 0.99956868 0.99967539 ... 0.99945461 0.99945462 0.99945463]
 [0.99945442 0.99956974 0.99967527 ... 0.99945477 0.99945477 0.99945477]
 [0.99945464 0.99957032 0.99967486 ... 0.999455   0.999455   0.999455  ]
 ...
 [0.99945684 0.99959819 0.99967792 ... 0.99945722 0.99945722 0.99945722]
 [0.99945687 0.99962268 0.99970866 ... 0.99945724 0.99945724 0.99945724]
 [0.99945688 0.99964885 0.9997532  ... 0.99945725 0.99945725 0.99945725]]
00:00:00.00 State variable xB: [[3.05410784e-05 8.42756648e-05 1.13911681e-04 ... 3.05167545e-05
  3.05164485e-05 3.05161530e-05]
 [3.05306730e-05 8.42960832e-05 1.14434265e-04 ... 3.05061921e-05
  3.05060917e-05 3.05059912e-05]
 [3.05150267e-05 8.43684859e-05 1.15015368e-04 ... 3.04901970e-05
  3.04902674e-05 3.04903359e-05]
 ...
 [3.03627901e-05 7.33561008e-05 1.18028330e-04 ... 3.03366941e-05
  3.03368830e-05 3.03370765e-05]
 [3.03610670e-05 5.86898956e-05 9.70262647e-05 ... 3.03349789e-05
  3.03351647e-05 3.03353552e-05]
 [3.03602403e-05 4.23780317e-05 6.54939603e-05 ... 3.03341590e-05
  3.03343418e-05 3.03345294e-05]]
00:00:00.00 State variable xC: [[2.04688940e-06 5.57055361e-06 7.51400265e-06 ... 2.04526223e-06
  2.04524248e-06 2.04522332e-06]
 [2.04619579e-06 5.57189096e-06 7.54832423e-06 ... 2.04455791e-06
  2.04455182e-06 2.04454564e-06]
 [2.04515493e-06 5.57663467e-06 7.58648090e-06 ... 2.04349343e-06
  2.04349856e-06 2.04350350e-06]
 ...
 [2.03509731e-06 4.85370924e-06 7.78248296e-06 ... 2.03334943e-06
  2.03336163e-06 2.03337406e-06]
 [2.03498389e-06 3.89314882e-06 6.40671046e-06 ... 2.03323651e-06
  2.03324850e-06 2.03326073e-06]
 [2.03492952e-06 2.82473470e-06 4.34161782e-06 ... 2.03318258e-06
  2.03319437e-06 2.03320641e-06]]
00:00:00.00 State variable yA: [[0.20227516 0.04966344 0.04965039 ... 0.2024023  0.2024045  0.20240669]
 [0.20232838 0.04931989 0.0493051  ... 0.20245642 0.20245761 0.20245886]
 [0.20240973 0.04896423 0.04893971 ... 0.20253963 0.20253995 0.20254032]
 ...
 [0.20321706 0.04579683 0.04268938 ... 0.20335468 0.20335436 0.2033541 ]
 [0.20322627 0.05706297 0.04970026 ... 0.20336386 0.20336356 0.20336331]
 [0.2032307  0.09154138 0.07032548 ... 0.20336826 0.20336798 0.20336775]]
00:00:00.00 State variable yB: [[0.75504807 0.90031986 0.90033216 ... 0.75492762 0.75492552 0.75492343]
 [0.75499762 0.90064642 0.90066025 ... 0.75487633 0.75487518 0.75487399]
 [0.75492048 0.90098453 0.90100748 ... 0.75479742 0.75479711 0.75479674]
 ...
 [0.75415349 0.90401219 0.90696672 ... 0.75402311 0.75402342 0.75402367]
 [0.75414473 0.8932767  0.90028783 ... 0.75401438 0.75401467 0.75401491]
 [0.75414051 0.86041813 0.88062814 ... 0.7540102  0.75401047 0.75401069]]
00:00:00.00 State variable yC: [[0.04267677 0.0500167  0.05001745 ... 0.04267002 0.04266991 0.04266981]
 [0.04267399 0.05003369 0.05003465 ... 0.04266719 0.04266714 0.04266709]
 [0.04266979 0.05005124 0.05005281 ... 0.04266288 0.04266287 0.04266286]
 ...
 [0.04262945 0.05019098 0.0503439  ... 0.0426221  0.04262211 0.04262212]
 [0.042629   0.04966034 0.0500119  ... 0.04262165 0.04262166 0.04262166]
 [0.04262878 0.04804049 0.04904638 ... 0.04262143 0.04262144 0.04262145]]
00:00:00.00 State variable velocity: yC
00:00:24.86 done
