Starting at 2022-06-26 21:03:22.294326
Args: ./test
00:00:00.00 time :[ 0.  1.  2.  3.  4.  5.  6.  7.  8.  9. 10. 11. 12. 13. 14. 15. 16. 17.
 18. 19. 20. 21. 22. 23. 24. 25. 26. 27. 28. 29. 30. 31. 32. 33. 34. 35.
 36. 37. 38. 39. 40. 41. 42. 43. 44. 45. 46. 47. 48. 49. 50. 51. 52. 53.
 54. 55. 56. 57. 58. 59. 60. 61. 62. 63. 64. 65. 66. 67. 68. 69. 70. 71.
 72. 73. 74. 75. 76. 77. 78. 79. 80. 81. 82. 83. 84. 85. 86. 87. 88. 89.
 90. 91. 92. 93. 94. 95. 96. 97. 98. 99.]
00:00:00.00 parameters: {'R': 8.314, 'nocomponents': 3, 'xnames': ['xA', 'xB', 'xC'], 'ynames': ['yA', 'yB', 'yC'], 'state_names': ['P', 'T', 'Tw', 'xA', 'xB', 'xC', 'yA', 'yB', 'yC'], 'state_sizes': [20, 20, 20, 20, 20, 20, 20, 20, 20], 'feed_yi': [0.1, 0.8, 0.1], 'ini_yi': [0.1, 0.8, 0.1], 'isomodel': 'Langmuir-Freundlich', 'bi': [0.0086, 0.25, 0.0086], 'qsi': [3.09, 5.84, 3.09], 'qs0': 5.84, 'ni': [1.0, 1.0, 1.0], 'ki': [0.62, 0.197, 0.62], 'Hi': [0, 0, 0], 'mode': 1, 'bed': 1, 'N': 20, 'tstep': 1, 'adsorb': True, 'Ta': 293.15, 'D': 0.083, 'L': 1, 'product_tank_volume': 0.002, 'epsilon': 0.37, 'epsilonp': 0.35, 'rp': 0.0007, 'tauprime': 3.0, 'input_orifice': 2.2, 'output_orifice': 1.4, 'product_orifice': 0.475, 'blowdown_orifice': 2.8, 'vent_orifice': 1.0, 'feed_pressure': 1, 'PI': 50000.0, 'PL': 25000.0, 'PH': 100000.0, 'product_pressure': 2, 'rho_s': 1130, 'rho_w': 7800, 'Cpg': 30.7, 'Cpa': 30.7, 'Cps': 1339, 'Cpw': 502, 'mu': 1.72e-05, 'Dm': 1.6e-05, 'gamma': 1.4, 'Kz': 0.09, 'Kw': 16, 'hin': 8.6, 'hout': 2.5, 'eta': 0.72, 'area': 0.005410607947645022, 'volume': 0.005410607947645022, 'rin': 0.0415, 'rout': 0.2915, 'epst': 0.5873015873015873, 'epsb': 1.7027027027027026, 'cellsize': 0.05, 'deltaZ': 0.05, 'container_vol': 0.005410607947645022, 'vfeed': 1, 'norm_v0': 1, 'norm_t0': 1.0, 'norm_P0': 100000.0, 'norm_T0': 293, 'rho_g': 1.1898660666240475, 'Dp': 5.333333333333333e-06, 'lamda_pre': 0.5, 'lamda_blw': 0.5, 'lamda_eva': 0.5, 'tpre': 15, 'tads': 15, 'tblw': 30, 'teva': 40, 'norm_tpre': 15.0, 'norm_tads': 30.0, 'norm_tblw': 60.0, 'norm_tend': 100.0, 'DL': 0.00049}
00:00:00.00 State variable P: [[0.25041676 0.53061463 0.70878295 ... 0.2504897  0.25045545 0.25042362]
 [0.25124171 0.5038863  0.67954179 ... 0.25145877 0.25135706 0.25126254]
 [0.25205415 0.47876248 0.65119906 ... 0.252413   0.25224513 0.25208908]
 ...
 [0.25999761 0.29420654 0.38518548 ... 0.26169223 0.26089995 0.26016101]
 [0.26011785 0.2923243  0.38117877 ... 0.26183146 0.2610301  0.26028266]
 [0.26017811 0.29139114 0.37916571 ... 0.26190122 0.26109532 0.26034362]]
00:00:00.00 State variable T: [[1.00051195 1.00051195 1.00051195 ... 1.00051195 1.00051195 1.00051195]
 [1.00051195 1.00051195 1.00051195 ... 1.00051195 1.00051195 1.00051195]
 [1.00051195 1.00051195 1.00051195 ... 1.00051195 1.00051195 1.00051195]
 ...
 [1.00051195 1.00051195 1.00051195 ... 1.00051195 1.00051195 1.00051195]
 [1.00051195 1.00051195 1.00051195 ... 1.00051195 1.00051195 1.00051195]
 [1.00051195 1.00051195 1.00051195 ... 1.00051195 1.00051195 1.00051195]]
00:00:00.00 State variable Tw: [[1. 1. 1. ... 1. 1. 1.]
 [1. 1. 1. ... 1. 1. 1.]
 [1. 1. 1. ... 1. 1. 1.]
 ...
 [1. 1. 1. ... 1. 1. 1.]
 [1. 1. 1. ... 1. 1. 1.]
 [1. 1. 1. ... 1. 1. 1.]]
00:00:00.01 State variable xA: [[0.05383863 0.05756275 0.06405356 ... 0.05459916 0.05459005 0.05458161]
 [0.05363871 0.05707772 0.06302627 ... 0.05456341 0.05454695 0.05453168]
 [0.05334583 0.056485   0.06199256 ... 0.05446536 0.05444205 0.05442041]
 ...
 [0.04784805 0.04821672 0.04995853 ... 0.04846534 0.04840498 0.04834858]
 [0.0477995  0.04814127 0.04982664 ... 0.048098   0.04803808 0.04798208]
 [0.0477713  0.04809982 0.04975799 ... 0.04778251 0.04772321 0.04766779]]
00:00:00.01 State variable xB: [[0.20632844 0.2371192  0.27928823 ... 0.20413692 0.20413422 0.20413189]
 [0.20847852 0.2360354  0.27742186 ... 0.2058774  0.20583417 0.20579419]
 [0.21071538 0.23536844 0.2755646  ... 0.20774899 0.20766526 0.20758765]
 ...
 [0.22658859 0.22972384 0.24549719 ... 0.22834119 0.22784688 0.22738521]
 [0.22667226 0.22958081 0.24478993 ... 0.22870735 0.2282068  0.22773926]
 [0.22671022 0.22950627 0.24442778 ... 0.22897332 0.22846938 0.22799866]]
00:00:00.01 State variable xC: [[0.09291664 0.09660249 0.10433253 ... 0.09594154 0.09591342 0.09588725]
 [0.0904788  0.09417604 0.10095377 ... 0.09420739 0.09417145 0.09413804]
 [0.08797794 0.09140799 0.09754093 ... 0.09229584 0.09225363 0.09221439]
 ...
 [0.07656736 0.07692722 0.07857593 ... 0.07497981 0.07492262 0.07486916]
 [0.07662209 0.07695827 0.07857069 ... 0.07491919 0.0748616  0.07480775]
 [0.07666038 0.07698511 0.07858182 ... 0.07488983 0.07483205 0.07477801]]
00:00:00.01 State variable yA: [[0.1126656  0.09900851 0.09855789 ... 0.11456774 0.11455768 0.11454832]
 [0.11176091 0.09844398 0.09730621 ... 0.11402738 0.1140214  0.11401583]
 [0.11066729 0.09811614 0.09621476 ... 0.11334829 0.11334673 0.11334526]
 ...
 [0.09626566 0.09381224 0.08876135 ... 0.09698719 0.09704743 0.09710376]
 [0.09614355 0.09382884 0.08886406 ... 0.09620837 0.09626988 0.09632741]
 [0.09607538 0.09383147 0.08892179 ... 0.09555339 0.0956158  0.09567419]]
00:00:00.01 State variable yB: [[0.76679432 0.80329481 0.80510326 ... 0.76062835 0.7606632  0.76069572]
 [0.77135877 0.80562959 0.80942166 ... 0.76391272 0.76393371 0.76395328]
 [0.77616433 0.8076408  0.81323499 ... 0.76755618 0.76756255 0.76756854]
 ...
 [0.80814804 0.81457163 0.82735129 ... 0.80989499 0.80973702 0.80958927]
 [0.8082258  0.81428355 0.82685846 ... 0.81079226 0.81063191 0.8104819 ]
 [0.80825742 0.8141291  0.82657833 ... 0.81150817 0.81134635 0.81119495]]
00:00:00.01 State variable yC: [[0.12054008 0.09769667 0.09633885 ... 0.12480392 0.12477911 0.12475596]
 [0.11688033 0.09592643 0.09327212 ... 0.1220599  0.12204489 0.12203088]
 [0.11316838 0.09424305 0.09055025 ... 0.11909552 0.11909072 0.1190862 ]
 ...
 [0.0955863  0.09161614 0.08388736 ... 0.09311782 0.09321555 0.09330697]
 [0.09563065 0.09188762 0.08427748 ... 0.09299937 0.09309822 0.09319069]
 [0.0956672  0.09203944 0.08449988 ... 0.09293843 0.09303785 0.09313086]]
00:00:00.01 State variable velocity: yC
00:00:01.22 done
