Starting at 2022-06-26 00:42:37.948178
Args: ./test
00:00:00.00 time :[ 0.  1.  2.  3.  4.  5.  6.  7.  8.  9. 10. 11. 12. 13. 14. 15. 16. 17.
 18. 19. 20. 21. 22. 23. 24. 25. 26. 27. 28. 29. 30. 31. 32. 33. 34. 35.
 36. 37. 38. 39. 40. 41. 42. 43. 44. 45. 46. 47. 48. 49. 50. 51. 52. 53.
 54. 55. 56. 57. 58. 59. 60. 61. 62. 63. 64. 65. 66. 67. 68. 69. 70. 71.
 72. 73. 74. 75. 76. 77. 78. 79. 80. 81. 82. 83. 84. 85. 86. 87. 88. 89.
 90. 91. 92. 93. 94. 95. 96. 97. 98. 99.]
00:00:00.00 parameters: {'R': 8.314, 'nocomponents': 2, 'xnames': ['xA', 'xB'], 'ynames': ['yA', 'yB'], 'feed_yi': [0.2, 0.8], 'ini_yi': [0.2, 0.8], 'isomodel': 'Langmuir-Freundlich', 'bi': [0.0086, 0.25], 'qsi': [3.09, 5.84], 'qs0': 5.84, 'ni': [1.0, 1.0], 'ki': [0.62, 0.197], 'Hi': [0, 0], 'mode': 1, 'bed': 1, 'N': 20, 'tstep': 1, 'adsorb': True, 'Ta': 293.15, 'D': 0.083, 'L': 1, 'product_tank_volume': 0.002, 'epsilon': 0.37, 'epsilonp': 0.35, 'rp': 0.0007, 'tauprime': 3.0, 'input_orifice': 2.2, 'output_orifice': 1.4, 'product_orifice': 0.475, 'blowdown_orifice': 2.8, 'vent_orifice': 1.0, 'feed_pressure': 1, 'PI': 50000.0, 'PL': 25000.0, 'PH': 100000.0, 'product_pressure': 2, 'rho_s': 1130, 'rho_w': 7800, 'Cpg': 30.7, 'Cpa': 30.7, 'Cps': 1339, 'Cpw': 502, 'mu': 1.72e-05, 'Dm': 1.6e-05, 'gamma': 1.4, 'Kz': 0.09, 'Kw': 16, 'hin': 8.6, 'hout': 2.5, 'eta': 0.72, 'area': 0.005410607947645022, 'volume': 0.005410607947645022, 'rin': 0.0415, 'rout': 0.2915, 'epst': 0.5873015873015873, 'epsb': 1.7027027027027026, 'cellsize': 0.05, 'deltaZ': 0.05, 'container_vol': 0.005410607947645022, 'vfeed': 1, 'norm_v0': 1, 'norm_t0': 1.0, 'norm_P0': 100000.0, 'norm_T0': 293, 'rho_g': 1.1898660666240475, 'Dp': 5.333333333333333e-06, 'lamda_pre': 0.5, 'lamda_blw': 0.5, 'lamda_eva': 0.5, 'tpre': 15, 'tads': 15, 'tblw': 30, 'teva': 40, 'norm_tpre': 15.0, 'norm_tads': 30.0, 'norm_tblw': 60.0, 'norm_tend': 100.0, 'DL': 0.00049}
00:00:00.00 State variable P: [[0.25007373 0.54262496 0.72228409 ... 0.2500925  0.25008235 0.25007336]
 [0.25021981 0.5380249  0.71906056 ... 0.25027565 0.2502455  0.25021872]
 [0.25036367 0.53374657 0.71619961 ... 0.25045591 0.25040615 0.25036193]
 ...
 [0.25177419 0.5003057  0.69980305 ... 0.25221628 0.25197943 0.25176784]
 [0.25179559 0.49975848 0.6996393  ... 0.25224289 0.25200327 0.25178919]
 [0.25180631 0.49944593 0.6995564  ... 0.25225622 0.25201521 0.25179988]]
00:00:00.00 State variable T: [[1.00051195 1.00051195 1.00051195 ... 1.00051195 1.00051195 1.00051195]
 [1.00051195 1.00051195 1.00051195 ... 1.00051195 1.00051195 1.00051195]
 [1.00051195 1.00051195 1.00051195 ... 1.00051195 1.00051195 1.00051195]
 ...
 [1.00051195 1.00051195 1.00051195 ... 1.00051195 1.00051195 1.00051195]
 [1.00051195 1.00051195 1.00051195 ... 1.00051195 1.00051195 1.00051195]
 [1.00051195 1.00051195 1.00051195 ... 1.00051195 1.00051195 1.00051195]]
00:00:00.00 State variable Tw: [[1. 1. 1. ... 1. 1. 1.]
 [1. 1. 1. ... 1. 1. 1.]
 [1. 1. 1. ... 1. 1. 1.]
 ...
 [1. 1. 1. ... 1. 1. 1.]
 [1. 1. 1. ... 1. 1. 1.]
 [1. 1. 1. ... 1. 1. 1.]]
00:00:00.00 State variable xA: [[2.58209791e-10 1.63982932e-04 3.51226659e-04 ... 2.84954320e-10
  2.76064654e-10 2.66387475e-10]
 [2.45885486e-10 1.64641863e-04 3.74427772e-04 ... 2.78708140e-10
  2.69448038e-10 2.59462130e-10]
 [2.34506756e-10 1.65578705e-04 4.00421359e-04 ... 2.73189399e-10
  2.63417758e-10 2.52984348e-10]
 ...
 [2.53892089e-10 9.69589152e-05 6.58466804e-04 ... 2.67548082e-10
  2.38876569e-10 2.18216611e-10]
 [2.63359476e-10 7.36481962e-05 6.36198921e-04 ... 2.67299383e-10
  2.37496720e-10 2.17224223e-10]
 [2.69653744e-10 4.13388399e-05 5.92642885e-04 ... 2.60757890e-10
  2.30444331e-10 2.12020519e-10]]
00:00:00.00 State variable xB: [[0.05890029 0.06196886 0.07083375 ... 0.05892464 0.05890931 0.05889661]
 [0.05897564 0.06189065 0.07022965 ... 0.05901915 0.05899379 0.05897208]
 [0.05904891 0.06180971 0.06958893 ... 0.05911083 0.05907584 0.05904547]
 ...
 [0.05972952 0.06248096 0.06409263 ... 0.05995361 0.059834   0.05972698]
 [0.0597393  0.06287002 0.06459602 ... 0.05996561 0.05984486 0.05973679]
 [0.05974406 0.06340675 0.06556018 ... 0.05997145 0.05985016 0.05974159]]
00:00:00.00 State variable yA: [[2.29883587e-07 2.12352193e-01 2.21304085e-01 ... 2.55453261e-07
  2.45085250e-07 2.34373455e-07]
 [2.17569060e-07 2.25266593e-01 2.45620285e-01 ... 2.49388424e-07
  2.38551975e-07 2.27359725e-07]
 [2.06090409e-07 2.38716889e-01 2.73322096e-01 ... 2.43800067e-07
  2.32392116e-07 2.20618664e-07]
 ...
 [2.21320212e-07 3.42730718e-01 5.75406908e-01 ... 2.25596796e-07
  2.00322716e-07 1.80987063e-07]
 [2.17871971e-07 3.11249898e-01 5.71669548e-01 ... 2.32005793e-07
  2.00514161e-07 1.75525865e-07]
 [2.08542904e-07 2.30201219e-01 5.63829197e-01 ... 2.36060711e-07
  1.97869957e-07 1.67139667e-07]]
00:00:00.01 State variable yB: [[0.99999977 0.78764781 0.77869591 ... 0.99999975 0.99999976 0.99999977]
 [0.99999978 0.77473341 0.75437971 ... 0.99999975 0.99999976 0.99999977]
 [0.99999979 0.76128311 0.7266779  ... 0.99999976 0.99999977 0.99999978]
 ...
 [0.99999978 0.65726928 0.42459309 ... 0.99999978 0.9999998  0.99999982]
 [0.99999978 0.68875011 0.42833045 ... 0.99999977 0.9999998  0.99999982]
 [0.99999979 0.76979879 0.43617081 ... 0.99999976 0.9999998  0.99999983]]
00:00:00.01 State variable velocity: yB
00:00:00.66 done
