Starting at 2022-06-26 02:28:58.028675
Args: ./test
00:00:00.00 time :[ 0.  1.  2.  3.  4.  5.  6.  7.  8.  9. 10. 11. 12. 13. 14. 15. 16. 17.
 18. 19. 20. 21. 22. 23. 24. 25. 26. 27. 28. 29. 30. 31. 32. 33. 34. 35.
 36. 37. 38. 39. 40. 41. 42. 43. 44. 45. 46. 47. 48. 49. 50. 51. 52. 53.
 54. 55. 56. 57. 58. 59. 60. 61. 62. 63. 64. 65. 66. 67. 68. 69. 70. 71.
 72. 73. 74. 75. 76. 77. 78. 79. 80. 81. 82. 83. 84. 85. 86. 87. 88. 89.
 90. 91. 92. 93. 94. 95. 96. 97. 98. 99.]
00:00:00.00 parameters: {'R': 8.314, 'nocomponents': 2, 'xnames': ['xA', 'xB'], 'ynames': ['yA', 'yB'], 'state_names': ['P', 'T', 'Tw', 'xA', 'xB', 'yA', 'yB'], 'state_sizes': [20, 20, 20, 20, 20, 20, 20], 'feed_yi': [0.2, 0.8], 'ini_yi': [0.2, 0.8], 'isomodel': 'Langmuir-Freundlich', 'bi': [0.0086, 0.25], 'qsi': [3.09, 5.84], 'qs0': 5.84, 'ni': [1.0, 1.0], 'ki': [0.62, 0.197], 'Hi': [0, 0], 'mode': 1, 'bed': 1, 'N': 20, 'tstep': 1, 'adsorb': True, 'Ta': 293.15, 'D': 0.083, 'L': 1, 'product_tank_volume': 0.002, 'epsilon': 0.37, 'epsilonp': 0.35, 'rp': 0.0007, 'tauprime': 3.0, 'input_orifice': 2.2, 'output_orifice': 1.4, 'product_orifice': 0.475, 'blowdown_orifice': 2.8, 'vent_orifice': 1.0, 'feed_pressure': 1, 'PI': 50000.0, 'PL': 25000.0, 'PH': 100000.0, 'product_pressure': 2, 'rho_s': 1130, 'rho_w': 7800, 'Cpg': 30.7, 'Cpa': 30.7, 'Cps': 1339, 'Cpw': 502, 'mu': 1.72e-05, 'Dm': 1.6e-05, 'gamma': 1.4, 'Kz': 0.09, 'Kw': 16, 'hin': 8.6, 'hout': 2.5, 'eta': 0.72, 'area': 0.005410607947645022, 'volume': 0.005410607947645022, 'rin': 0.0415, 'rout': 0.2915, 'epst': 0.5873015873015873, 'epsb': 1.7027027027027026, 'cellsize': 0.05, 'deltaZ': 0.05, 'container_vol': 0.005410607947645022, 'vfeed': 1, 'norm_v0': 1, 'norm_t0': 1.0, 'norm_P0': 100000.0, 'norm_T0': 293, 'rho_g': 1.1898660666240475, 'Dp': 5.333333333333333e-06, 'lamda_pre': 0.5, 'lamda_blw': 0.5, 'lamda_eva': 0.5, 'tpre': 15, 'tads': 15, 'tblw': 30, 'teva': 40, 'norm_tpre': 15.0, 'norm_tads': 30.0, 'norm_tblw': 60.0, 'norm_tend': 100.0, 'DL': 0.00049}
00:00:00.00 State variable P: [[0.25005401 0.54262048 0.72228275 ... 0.25009273 0.25008267 0.25007373]
 [0.25016075 0.53801197 0.71905622 ... 0.25027631 0.25024639 0.25021981]
 [0.2502655  0.53372557 0.71619281 ... 0.25045695 0.25040758 0.25036367]
 ...
 [0.25120954 0.50031798 0.69981396 ... 0.25222022 0.25198458 0.25177419]
 [0.25121367 0.49978341 0.6996522  ... 0.25224686 0.25200845 0.25179559]
 [0.25121143 0.49948452 0.69957082 ... 0.25226021 0.25202042 0.25180631]]
00:00:00.00 State variable T: [[1.00051195 1.00051195 1.00051195 ... 1.00051195 1.00051195 1.00051195]
 [1.00051195 1.00051195 1.00051195 ... 1.00051195 1.00051195 1.00051195]
 [1.00051195 1.00051195 1.00051195 ... 1.00051195 1.00051195 1.00051195]
 ...
 [1.00051195 1.00051195 1.00051195 ... 1.00051195 1.00051195 1.00051195]
 [1.00051195 1.00051195 1.00051195 ... 1.00051195 1.00051195 1.00051195]
 [1.00051195 1.00051195 1.00051195 ... 1.00051195 1.00051195 1.00051195]]
00:00:00.00 State variable Tw: [[1. 1. 1. ... 1. 1. 1.]
 [1. 1. 1. ... 1. 1. 1.]
 [1. 1. 1. ... 1. 1. 1.]
 ...
 [1. 1. 1. ... 1. 1. 1.]
 [1. 1. 1. ... 1. 1. 1.]
 [1. 1. 1. ... 1. 1. 1.]]
00:00:00.00 State variable xA: [[2.02135030e-06 1.65225027e-04 3.51911762e-04 ... 2.70704683e-10
  2.63982376e-10 2.58209791e-10]
 [2.05325013e-06 1.65993786e-04 3.75212414e-04 ... 2.58011036e-10
  2.51489326e-10 2.45885486e-10]
 [2.10134051e-06 1.67052764e-04 4.01338537e-04 ... 2.46224327e-10
  2.39952425e-10 2.34506756e-10]
 ...
 [1.45295296e-05 1.12182288e-04 6.76029281e-04 ... 2.15180905e-10
  2.38770865e-10 2.53892089e-10]
 [2.41318507e-05 9.97001252e-05 6.65744694e-04 ... 2.24522652e-10
  2.49082213e-10 2.63359476e-10]
 [4.42804699e-05 9.81142568e-05 6.58596443e-04 ... 2.32425165e-10
  2.57086790e-10 2.69653744e-10]]
00:00:00.00 State variable xB: [[0.05878932 0.0618737  0.07075474 ... 0.05892607 0.05891212 0.05890029]
 [0.05884689 0.06177812 0.07013548 ... 0.05902065 0.05899653 0.05897564]
 [0.05890171 0.06167929 0.06947871 ... 0.05911239 0.05907852 0.05904891]
 ...
 [0.05872682 0.06150581 0.06311883 ... 0.05995539 0.05983614 0.05972952]
 [0.05816128 0.06131357 0.06303088 ... 0.05996738 0.05984697 0.0597393 ]
 [0.05678464 0.06034806 0.06238474 ... 0.05997318 0.05985222 0.05974406]]
00:00:00.00 State variable yA: [[1.89686511e-03 2.12375248e-01 2.21318998e-01 ... 2.36650308e-07
  2.33912475e-07 2.29883587e-07]
 [1.92482319e-03 2.25325663e-01 2.45669698e-01 ... 2.23865043e-07
  2.21143042e-07 2.17569060e-07]
 [1.96818607e-03 2.38822294e-01 2.73429444e-01 ... 2.12034124e-07
  2.09329029e-07 2.06090409e-07]
 ...
 [1.35579230e-02 3.50574311e-01 5.82038867e-01 ... 1.98581130e-07
  2.12963143e-07 2.21320212e-07]
 [2.22037931e-02 3.25156127e-01 5.82553043e-01 ... 1.97681888e-07
  2.09734482e-07 2.17871971e-07]
 [3.91871500e-02 2.73181930e-01 5.86295273e-01 ... 1.91852734e-07
  2.00557992e-07 2.08542904e-07]]
00:00:00.00 State variable yB: [[0.99810313 0.78762475 0.778681   ... 0.99999976 0.99999977 0.99999977]
 [0.99807518 0.77467434 0.7543303  ... 0.99999977 0.99999978 0.99999978]
 [0.99803181 0.76117771 0.72657056 ... 0.99999979 0.99999979 0.99999979]
 ...
 [0.98644208 0.64942569 0.41796113 ... 0.9999998  0.99999979 0.99999978]
 [0.97779621 0.67484387 0.41744696 ... 0.9999998  0.99999979 0.99999978]
 [0.96081285 0.72681807 0.41370473 ... 0.99999981 0.9999998  0.99999979]]
00:00:00.00 State variable velocity: yB
00:00:00.81 done
