Starting at 2022-06-25 04:49:06.911843
Args: ./test
00:00:00.00 time :[ 0.  1.  2.  3.  4.  5.  6.  7.  8.  9. 10. 11. 12. 13. 14. 15. 16. 17.
 18. 19. 20. 21. 22. 23. 24. 25. 26. 27. 28. 29. 30. 31. 32. 33. 34. 35.
 36. 37. 38. 39.]
00:00:00.00 parameters: {'R': 8.314, 'nocomponents': 2, 'xnames': ['xA', 'xB'], 'ynames': ['yA', 'yB'], 'feed_yi': [0.2, 0.8], 'ini_yi': [0.8, 0.2], 'isomodel': 'Langmuir-Freundlich', 'bi': [0.0042, 0.0616], 'qsi': [2.5, 7.3], 'qs0': 7.3, 'ni': [1.006, 0.83], 'ki': [0.62, 0.197], 'Hi': [0, 0], 'mode': 1, 'bed': 1, 'N': 20, 'tstep': 1, 'adsorb': True, 'Ta': 293.15, 'D': 0.083, 'L': 1, 'product_tank_volume': 0.002, 'epsilon': 0.37, 'epsilonp': 0.35, 'rp': 0.0007, 'tauprime': 3.0, 'input_orifice': 2.2, 'output_orifice': 1.4, 'product_orifice': 0.475, 'blowdown_orifice': 2.8, 'vent_orifice': 1.0, 'feed_pressure': 1, 'PI': 50000.0, 'PL': 25000.0, 'PH': 100000.0, 'product_pressure': 2, 'rho_s': 1130, 'rho_w': 7800, 'Cpg': 30.7, 'Cpa': 30.7, 'Cps': 1339, 'Cpw': 502, 'mu': 1.72e-05, 'Dm': 1.6e-05, 'gamma': 1.4, 'Kz': 0.09, 'Kw': 16, 'hin': 8.6, 'hout': 2.5, 'eta': 0.72, 'area': 0.005410607947645022, 'volume': 0.005410607947645022, 'rin': 0.0415, 'rout': 0.2915, 'epst': 0.5873015873015873, 'epsb': 1.7027027027027026, 'cellsize': 0.05, 'deltaZ': 0.05, 'container_vol': 0.005410607947645022, 'vfeed': 1, 'norm_v0': 1, 'norm_t0': 1.0, 'norm_P0': 100000.0, 'norm_T0': 293, 'rho_g': 1.1898660666240475, 'Dp': 5.333333333333333e-06, 'lamda_pre': 0.5, 'lamda_blw': 0.5, 'lamda_eva': 0.5, 'tpre': 10, 'tads': 10, 'tblw': 10, 'teva': 10, 'norm_tpre': 10.0, 'norm_tads': 20.0, 'norm_tblw': 30.0, 'norm_tend': 40.0, 'DL': 0.00049}
00:00:00.03 State variable P: [[0.25       0.54353626 0.72296296 0.83182958 0.89794563 0.93804978
  0.96239197 0.97716493 0.98613595 0.99157949        nan        nan
         nan        nan        nan        nan        nan        nan
         nan        nan        nan        nan        nan        nan
         nan        nan        nan        nan        nan        nan
         nan        nan        nan        nan        nan        nan
         nan        nan        nan        nan]
 [0.25       0.54068214 0.72093773 0.83046172 0.89699803 0.93741024
  0.96196542 0.976884   0.98595331 0.99146192        nan        nan
         nan        nan        nan        nan        nan        nan
         nan        nan        nan        nan        nan        nan
         nan        nan        nan        nan        nan        nan
         nan        nan        nan        nan        nan        nan
         nan        nan        nan        nan]
 [0.25       0.53810143 0.71913406 0.82922322 0.89620177 0.93689256
  0.96163511 0.97667684 0.985825   0.99138276        nan        nan
         nan        nan        nan        nan        nan        nan
         nan        nan        nan        nan        nan        nan
         nan        nan        nan        nan        nan        nan
         nan        nan        nan        nan        nan        nan
         nan        nan        nan        nan]
 [0.25       0.53578201 0.71754672 0.82819943 0.89554617 0.93648456
  0.96138651 0.97652738 0.98573517 0.99132809        nan        nan
         nan        nan        nan        nan        nan        nan
         nan        nan        nan        nan        nan        nan
         nan        nan        nan        nan        nan        nan
         nan        nan        nan        nan        nan        nan
         nan        nan        nan        nan]
 [0.25       0.53372203 0.71616849 0.82734753 0.89501875 0.93617049
  0.96120211 0.97641876 0.98566996 0.99128794        nan        nan
         nan        nan        nan        nan        nan        nan
         nan        nan        nan        nan        nan        nan
         nan        nan        nan        nan        nan        nan
         nan        nan        nan        nan        nan        nan
         nan        nan        nan        nan]
 [0.25       0.53191562 0.71498983 0.82663892 0.89460326 0.93593166
  0.961064   0.97633683 0.98561988 0.99125659        nan        nan
         nan        nan        nan        nan        nan        nan
         nan        nan        nan        nan        nan        nan
         nan        nan        nan        nan        nan        nan
         nan        nan        nan        nan        nan        nan
         nan        nan        nan        nan]
 [0.25       0.53035211 0.71399843 0.82606644 0.89428005 0.93574875
  0.96095708 0.97627197 0.98557948 0.991231          nan        nan
         nan        nan        nan        nan        nan        nan
         nan        nan        nan        nan        nan        nan
         nan        nan        nan        nan        nan        nan
         nan        nan        nan        nan        nan        nan
         nan        nan        nan        nan]
 [0.25       0.52901828 0.71317864 0.82560987 0.8940283  0.93560496
  0.96087087 0.97621856 0.98554579 0.99120953        nan        nan
         nan        nan        nan        nan        nan        nan
         nan        nan        nan        nan        nan        nan
         nan        nan        nan        nan        nan        nan
         nan        nan        nan        nan        nan        nan
         nan        nan        nan        nan]
 [0.25       0.52789646 0.71251119 0.82525011 0.89382876 0.93548799
  0.960799   0.97617341 0.98551714 0.99119122        nan        nan
         nan        nan        nan        nan        nan        nan
         nan        nan        nan        nan        nan        nan
         nan        nan        nan        nan        nan        nan
         nan        nan        nan        nan        nan        nan
         nan        nan        nan        nan]
 [0.25       0.52696431 0.71197359 0.82496422 0.89366629 0.93539001
  0.96073778 0.97613468 0.9854925  0.99117547        nan        nan
         nan        nan        nan        nan        nan        nan
         nan        nan        nan        nan        nan        nan
         nan        nan        nan        nan        nan        nan
         nan        nan        nan        nan        nan        nan
         nan        nan        nan        nan]
 [0.25       0.52619459 0.7115416  0.82473338 0.89353051 0.93530637
  0.96068505 0.9761012  0.98547119 0.99116185        nan        nan
         nan        nan        nan        nan        nan        nan
         nan        nan        nan        nan        nan        nan
         nan        nan        nan        nan        nan        nan
         nan        nan        nan        nan        nan        nan
         nan        nan        nan        nan]
 [0.25       0.52555761 0.71119193 0.82454237 0.89341499 0.9352343
  0.96063941 0.9760722  0.98545273 0.99115008        nan        nan
         nan        nan        nan        nan        nan        nan
         nan        nan        nan        nan        nan        nan
         nan        nan        nan        nan        nan        nan
         nan        nan        nan        nan        nan        nan
         nan        nan        nan        nan]
 [0.25       0.52502592 0.71090505 0.82438167 0.89331594 0.93517209
  0.96059994 0.97604711 0.98543678 0.99113994        nan        nan
         nan        nan        nan        nan        nan        nan
         nan        nan        nan        nan        nan        nan
         nan        nan        nan        nan        nan        nan
         nan        nan        nan        nan        nan        nan
         nan        nan        nan        nan]
 [0.25       0.5245788  0.71066696 0.82424535 0.89323113 0.93511866
  0.96056602 0.97602556 0.9854231  0.99113125        nan        nan
         nan        nan        nan        nan        nan        nan
         nan        nan        nan        nan        nan        nan
         nan        nan        nan        nan        nan        nan
         nan        nan        nan        nan        nan        nan
         nan        nan        nan        nan]
 [0.25       0.52420354 0.71046901 0.82413046 0.89315932 0.93507336
  0.96053725 0.97600729 0.98541151 0.99112392        nan        nan
         nan        nan        nan        nan        nan        nan
         nan        nan        nan        nan        nan        nan
         nan        nan        nan        nan        nan        nan
         nan        nan        nan        nan        nan        nan
         nan        nan        nan        nan]
 [0.25       0.5238937  0.7103066  0.82403548 0.89309984 0.93503581
  0.96051342 0.97599217 0.98540193 0.99111786        nan        nan
         nan        nan        nan        nan        nan        nan
         nan        nan        nan        nan        nan        nan
         nan        nan        nan        nan        nan        nan
         nan        nan        nan        nan        nan        nan
         nan        nan        nan        nan]
 [0.25       0.5236466  0.71017757 0.82395981 0.89305239 0.93500586
  0.96049441 0.9759801  0.98539429 0.99111303        nan        nan
         nan        nan        nan        nan        nan        nan
         nan        nan        nan        nan        nan        nan
         nan        nan        nan        nan        nan        nan
         nan        nan        nan        nan        nan        nan
         nan        nan        nan        nan]
 [0.25       0.52346137 0.71008106 0.82390319 0.89301685 0.93498342
  0.96048016 0.97597106 0.98538857 0.99110942        nan        nan
         nan        nan        nan        nan        nan        nan
         nan        nan        nan        nan        nan        nan
         nan        nan        nan        nan        nan        nan
         nan        nan        nan        nan        nan        nan
         nan        nan        nan        nan]
 [0.25       0.52333786 0.71001677 0.82386551 0.89299316 0.93496846
  0.96047067 0.97596504 0.98538476 0.99110701        nan        nan
         nan        nan        nan        nan        nan        nan
         nan        nan        nan        nan        nan        nan
         nan        nan        nan        nan        nan        nan
         nan        nan        nan        nan        nan        nan
         nan        nan        nan        nan]
 [0.25       0.52327608 0.70998463 0.82384668 0.89298131 0.93496098
  0.96046592 0.97596203 0.98538285 0.99110581        nan        nan
         nan        nan        nan        nan        nan        nan
         nan        nan        nan        nan        nan        nan
         nan        nan        nan        nan        nan        nan
         nan        nan        nan        nan        nan        nan
         nan        nan        nan        nan]]
00:00:00.05 State variable T: [[1.00051195 1.00051195 1.00051195 1.00051195 1.00051195 1.00051195
  1.00051195 1.00051195 1.00051195 1.00051195        nan        nan
         nan        nan        nan        nan        nan        nan
         nan        nan        nan        nan        nan        nan
         nan        nan        nan        nan        nan        nan
         nan        nan        nan        nan        nan        nan
         nan        nan        nan        nan]
 [1.00051195 1.00051195 1.00051195 1.00051195 1.00051195 1.00051195
  1.00051195 1.00051195 1.00051195 1.00051195        nan        nan
         nan        nan        nan        nan        nan        nan
         nan        nan        nan        nan        nan        nan
         nan        nan        nan        nan        nan        nan
         nan        nan        nan        nan        nan        nan
         nan        nan        nan        nan]
 [1.00051195 1.00051195 1.00051195 1.00051195 1.00051195 1.00051195
  1.00051195 1.00051195 1.00051195 1.00051195        nan        nan
         nan        nan        nan        nan        nan        nan
         nan        nan        nan        nan        nan        nan
         nan        nan        nan        nan        nan        nan
         nan        nan        nan        nan        nan        nan
         nan        nan        nan        nan]
 [1.00051195 1.00051195 1.00051195 1.00051195 1.00051195 1.00051195
  1.00051195 1.00051195 1.00051195 1.00051195        nan        nan
         nan        nan        nan        nan        nan        nan
         nan        nan        nan        nan        nan        nan
         nan        nan        nan        nan        nan        nan
         nan        nan        nan        nan        nan        nan
         nan        nan        nan        nan]
 [1.00051195 1.00051195 1.00051195 1.00051195 1.00051195 1.00051195
  1.00051195 1.00051195 1.00051195 1.00051195        nan        nan
         nan        nan        nan        nan        nan        nan
         nan        nan        nan        nan        nan        nan
         nan        nan        nan        nan        nan        nan
         nan        nan        nan        nan        nan        nan
         nan        nan        nan        nan]
 [1.00051195 1.00051195 1.00051195 1.00051195 1.00051195 1.00051195
  1.00051195 1.00051195 1.00051195 1.00051195        nan        nan
         nan        nan        nan        nan        nan        nan
         nan        nan        nan        nan        nan        nan
         nan        nan        nan        nan        nan        nan
         nan        nan        nan        nan        nan        nan
         nan        nan        nan        nan]
 [1.00051195 1.00051195 1.00051195 1.00051195 1.00051195 1.00051195
  1.00051195 1.00051195 1.00051195 1.00051195        nan        nan
         nan        nan        nan        nan        nan        nan
         nan        nan        nan        nan        nan        nan
         nan        nan        nan        nan        nan        nan
         nan        nan        nan        nan        nan        nan
         nan        nan        nan        nan]
 [1.00051195 1.00051195 1.00051195 1.00051195 1.00051195 1.00051195
  1.00051195 1.00051195 1.00051195 1.00051195        nan        nan
         nan        nan        nan        nan        nan        nan
         nan        nan        nan        nan        nan        nan
         nan        nan        nan        nan        nan        nan
         nan        nan        nan        nan        nan        nan
         nan        nan        nan        nan]
 [1.00051195 1.00051195 1.00051195 1.00051195 1.00051195 1.00051195
  1.00051195 1.00051195 1.00051195 1.00051195        nan        nan
         nan        nan        nan        nan        nan        nan
         nan        nan        nan        nan        nan        nan
         nan        nan        nan        nan        nan        nan
         nan        nan        nan        nan        nan        nan
         nan        nan        nan        nan]
 [1.00051195 1.00051195 1.00051195 1.00051195 1.00051195 1.00051195
  1.00051195 1.00051195 1.00051195 1.00051195        nan        nan
         nan        nan        nan        nan        nan        nan
         nan        nan        nan        nan        nan        nan
         nan        nan        nan        nan        nan        nan
         nan        nan        nan        nan        nan        nan
         nan        nan        nan        nan]
 [1.00051195 1.00051195 1.00051195 1.00051195 1.00051195 1.00051195
  1.00051195 1.00051195 1.00051195 1.00051195        nan        nan
         nan        nan        nan        nan        nan        nan
         nan        nan        nan        nan        nan        nan
         nan        nan        nan        nan        nan        nan
         nan        nan        nan        nan        nan        nan
         nan        nan        nan        nan]
 [1.00051195 1.00051195 1.00051195 1.00051195 1.00051195 1.00051195
  1.00051195 1.00051195 1.00051195 1.00051195        nan        nan
         nan        nan        nan        nan        nan        nan
         nan        nan        nan        nan        nan        nan
         nan        nan        nan        nan        nan        nan
         nan        nan        nan        nan        nan        nan
         nan        nan        nan        nan]
 [1.00051195 1.00051195 1.00051195 1.00051195 1.00051195 1.00051195
  1.00051195 1.00051195 1.00051195 1.00051195        nan        nan
         nan        nan        nan        nan        nan        nan
         nan        nan        nan        nan        nan        nan
         nan        nan        nan        nan        nan        nan
         nan        nan        nan        nan        nan        nan
         nan        nan        nan        nan]
 [1.00051195 1.00051195 1.00051195 1.00051195 1.00051195 1.00051195
  1.00051195 1.00051195 1.00051195 1.00051195        nan        nan
         nan        nan        nan        nan        nan        nan
         nan        nan        nan        nan        nan        nan
         nan        nan        nan        nan        nan        nan
         nan        nan        nan        nan        nan        nan
         nan        nan        nan        nan]
 [1.00051195 1.00051195 1.00051195 1.00051195 1.00051195 1.00051195
  1.00051195 1.00051195 1.00051195 1.00051195        nan        nan
         nan        nan        nan        nan        nan        nan
         nan        nan        nan        nan        nan        nan
         nan        nan        nan        nan        nan        nan
         nan        nan        nan        nan        nan        nan
         nan        nan        nan        nan]
 [1.00051195 1.00051195 1.00051195 1.00051195 1.00051195 1.00051195
  1.00051195 1.00051195 1.00051195 1.00051195        nan        nan
         nan        nan        nan        nan        nan        nan
         nan        nan        nan        nan        nan        nan
         nan        nan        nan        nan        nan        nan
         nan        nan        nan        nan        nan        nan
         nan        nan        nan        nan]
 [1.00051195 1.00051195 1.00051195 1.00051195 1.00051195 1.00051195
  1.00051195 1.00051195 1.00051195 1.00051195        nan        nan
         nan        nan        nan        nan        nan        nan
         nan        nan        nan        nan        nan        nan
         nan        nan        nan        nan        nan        nan
         nan        nan        nan        nan        nan        nan
         nan        nan        nan        nan]
 [1.00051195 1.00051195 1.00051195 1.00051195 1.00051195 1.00051195
  1.00051195 1.00051195 1.00051195 1.00051195        nan        nan
         nan        nan        nan        nan        nan        nan
         nan        nan        nan        nan        nan        nan
         nan        nan        nan        nan        nan        nan
         nan        nan        nan        nan        nan        nan
         nan        nan        nan        nan]
 [1.00051195 1.00051195 1.00051195 1.00051195 1.00051195 1.00051195
  1.00051195 1.00051195 1.00051195 1.00051195        nan        nan
         nan        nan        nan        nan        nan        nan
         nan        nan        nan        nan        nan        nan
         nan        nan        nan        nan        nan        nan
         nan        nan        nan        nan        nan        nan
         nan        nan        nan        nan]
 [1.00051195 1.00051195 1.00051195 1.00051195 1.00051195 1.00051195
  1.00051195 1.00051195 1.00051195 1.00051195        nan        nan
         nan        nan        nan        nan        nan        nan
         nan        nan        nan        nan        nan        nan
         nan        nan        nan        nan        nan        nan
         nan        nan        nan        nan        nan        nan
         nan        nan        nan        nan]]
00:00:00.07 State variable Tw: [[ 1.  1.  1.  1.  1.  1.  1.  1.  1.  1. nan nan nan nan nan nan nan nan
  nan nan nan nan nan nan nan nan nan nan nan nan nan nan nan nan nan nan
  nan nan nan nan]
 [ 1.  1.  1.  1.  1.  1.  1.  1.  1.  1. nan nan nan nan nan nan nan nan
  nan nan nan nan nan nan nan nan nan nan nan nan nan nan nan nan nan nan
  nan nan nan nan]
 [ 1.  1.  1.  1.  1.  1.  1.  1.  1.  1. nan nan nan nan nan nan nan nan
  nan nan nan nan nan nan nan nan nan nan nan nan nan nan nan nan nan nan
  nan nan nan nan]
 [ 1.  1.  1.  1.  1.  1.  1.  1.  1.  1. nan nan nan nan nan nan nan nan
  nan nan nan nan nan nan nan nan nan nan nan nan nan nan nan nan nan nan
  nan nan nan nan]
 [ 1.  1.  1.  1.  1.  1.  1.  1.  1.  1. nan nan nan nan nan nan nan nan
  nan nan nan nan nan nan nan nan nan nan nan nan nan nan nan nan nan nan
  nan nan nan nan]
 [ 1.  1.  1.  1.  1.  1.  1.  1.  1.  1. nan nan nan nan nan nan nan nan
  nan nan nan nan nan nan nan nan nan nan nan nan nan nan nan nan nan nan
  nan nan nan nan]
 [ 1.  1.  1.  1.  1.  1.  1.  1.  1.  1. nan nan nan nan nan nan nan nan
  nan nan nan nan nan nan nan nan nan nan nan nan nan nan nan nan nan nan
  nan nan nan nan]
 [ 1.  1.  1.  1.  1.  1.  1.  1.  1.  1. nan nan nan nan nan nan nan nan
  nan nan nan nan nan nan nan nan nan nan nan nan nan nan nan nan nan nan
  nan nan nan nan]
 [ 1.  1.  1.  1.  1.  1.  1.  1.  1.  1. nan nan nan nan nan nan nan nan
  nan nan nan nan nan nan nan nan nan nan nan nan nan nan nan nan nan nan
  nan nan nan nan]
 [ 1.  1.  1.  1.  1.  1.  1.  1.  1.  1. nan nan nan nan nan nan nan nan
  nan nan nan nan nan nan nan nan nan nan nan nan nan nan nan nan nan nan
  nan nan nan nan]
 [ 1.  1.  1.  1.  1.  1.  1.  1.  1.  1. nan nan nan nan nan nan nan nan
  nan nan nan nan nan nan nan nan nan nan nan nan nan nan nan nan nan nan
  nan nan nan nan]
 [ 1.  1.  1.  1.  1.  1.  1.  1.  1.  1. nan nan nan nan nan nan nan nan
  nan nan nan nan nan nan nan nan nan nan nan nan nan nan nan nan nan nan
  nan nan nan nan]
 [ 1.  1.  1.  1.  1.  1.  1.  1.  1.  1. nan nan nan nan nan nan nan nan
  nan nan nan nan nan nan nan nan nan nan nan nan nan nan nan nan nan nan
  nan nan nan nan]
 [ 1.  1.  1.  1.  1.  1.  1.  1.  1.  1. nan nan nan nan nan nan nan nan
  nan nan nan nan nan nan nan nan nan nan nan nan nan nan nan nan nan nan
  nan nan nan nan]
 [ 1.  1.  1.  1.  1.  1.  1.  1.  1.  1. nan nan nan nan nan nan nan nan
  nan nan nan nan nan nan nan nan nan nan nan nan nan nan nan nan nan nan
  nan nan nan nan]
 [ 1.  1.  1.  1.  1.  1.  1.  1.  1.  1. nan nan nan nan nan nan nan nan
  nan nan nan nan nan nan nan nan nan nan nan nan nan nan nan nan nan nan
  nan nan nan nan]
 [ 1.  1.  1.  1.  1.  1.  1.  1.  1.  1. nan nan nan nan nan nan nan nan
  nan nan nan nan nan nan nan nan nan nan nan nan nan nan nan nan nan nan
  nan nan nan nan]
 [ 1.  1.  1.  1.  1.  1.  1.  1.  1.  1. nan nan nan nan nan nan nan nan
  nan nan nan nan nan nan nan nan nan nan nan nan nan nan nan nan nan nan
  nan nan nan nan]
 [ 1.  1.  1.  1.  1.  1.  1.  1.  1.  1. nan nan nan nan nan nan nan nan
  nan nan nan nan nan nan nan nan nan nan nan nan nan nan nan nan nan nan
  nan nan nan nan]
 [ 1.  1.  1.  1.  1.  1.  1.  1.  1.  1. nan nan nan nan nan nan nan nan
  nan nan nan nan nan nan nan nan nan nan nan nan nan nan nan nan nan nan
  nan nan nan nan]]
00:00:00.08 State variable xA: [[0.00028322 0.0002162  0.00020672 0.00022225 0.00024501 0.00026835
  0.00029049 0.00031135 0.00033193 0.00035286        nan        nan
         nan        nan        nan        nan        nan        nan
         nan        nan        nan        nan        nan        nan
         nan        nan        nan        nan        nan        nan
         nan        nan        nan        nan        nan        nan
         nan        nan        nan        nan]
 [0.00028322 0.00022534 0.00022074 0.00024364 0.00027602 0.00031118
  0.00034749 0.00038468 0.00042272 0.00046044        nan        nan
         nan        nan        nan        nan        nan        nan
         nan        nan        nan        nan        nan        nan
         nan        nan        nan        nan        nan        nan
         nan        nan        nan        nan        nan        nan
         nan        nan        nan        nan]
 [0.00028322 0.00023524 0.00023692 0.00026928 0.0003143  0.00036534
  0.00042037 0.00047754 0.00053366 0.00058454        nan        nan
         nan        nan        nan        nan        nan        nan
         nan        nan        nan        nan        nan        nan
         nan        nan        nan        nan        nan        nan
         nan        nan        nan        nan        nan        nan
         nan        nan        nan        nan]
 [0.00028322 0.0002463  0.00025592 0.00030033 0.00036178 0.00043309
  0.00051004 0.00058651 0.000655   0.00071015        nan        nan
         nan        nan        nan        nan        nan        nan
         nan        nan        nan        nan        nan        nan
         nan        nan        nan        nan        nan        nan
         nan        nan        nan        nan        nan        nan
         nan        nan        nan        nan]
 [0.00028322 0.0002588  0.00027842 0.00033807 0.00042012 0.00051495
  0.00061286 0.00070196 0.00077341 0.00082515        nan        nan
         nan        nan        nan        nan        nan        nan
         nan        nan        nan        nan        nan        nan
         nan        nan        nan        nan        nan        nan
         nan        nan        nan        nan        nan        nan
         nan        nan        nan        nan]
 [0.00028322 0.00027296 0.00030517 0.00038368 0.00048976 0.00060787
  0.00072028 0.00081244 0.00087966 0.00092508        nan        nan
         nan        nan        nan        nan        nan        nan
         nan        nan        nan        nan        nan        nan
         nan        nan        nan        nan        nan        nan
         nan        nan        nan        nan        nan        nan
         nan        nan        nan        nan]
 [0.00028322 0.00028885 0.0003368  0.00043776 0.00056888 0.00070494
  0.00082239 0.00091044 0.00097086 0.0010104         nan        nan
         nan        nan        nan        nan        nan        nan
         nan        nan        nan        nan        nan        nan
         nan        nan        nan        nan        nan        nan
         nan        nan        nan        nan        nan        nan
         nan        nan        nan        nan]
 [0.00028322 0.00030623 0.00037358 0.0004994  0.00065245 0.00079759
  0.00091237 0.00099354 0.00104767 0.00108277        nan        nan
         nan        nan        nan        nan        nan        nan
         nan        nan        nan        nan        nan        nan
         nan        nan        nan        nan        nan        nan
         nan        nan        nan        nan        nan        nan
         nan        nan        nan        nan]
 [0.00028322 0.00032431 0.00041474 0.00056529 0.00073325 0.00087908
  0.00098759 0.00106216 0.0011115  0.00114349        nan        nan
         nan        nan        nan        nan        nan        nan
         nan        nan        nan        nan        nan        nan
         nan        nan        nan        nan        nan        nan
         nan        nan        nan        nan        nan        nan
         nan        nan        nan        nan]
 [0.00028322 0.00034156 0.00045783 0.00062961 0.00080432 0.00094596
  0.00104793 0.00111735 0.0011633  0.00119319        nan        nan
         nan        nan        nan        nan        nan        nan
         nan        nan        nan        nan        nan        nan
         nan        nan        nan        nan        nan        nan
         nan        nan        nan        nan        nan        nan
         nan        nan        nan        nan]
 [0.00028322 0.00035604 0.00049854 0.00068568 0.00086109 0.0009973
  0.00109405 0.00115987 0.00120355 0.00123206        nan        nan
         nan        nan        nan        nan        nan        nan
         nan        nan        nan        nan        nan        nan
         nan        nan        nan        nan        nan        nan
         nan        nan        nan        nan        nan        nan
         nan        nan        nan        nan]
 [0.00028322 0.00036637 0.00053209 0.00072855 0.00090203 0.00103374
  0.00112693 0.00119044 0.0012327  0.00126033        nan        nan
         nan        nan        nan        nan        nan        nan
         nan        nan        nan        nan        nan        nan
         nan        nan        nan        nan        nan        nan
         nan        nan        nan        nan        nan        nan
         nan        nan        nan        nan]
 [0.00028322 0.00037253 0.00055568 0.00075707 0.00092841 0.00105719
  0.00114828 0.00121044 0.00125186 0.00127898        nan        nan
         nan        nan        nan        nan        nan        nan
         nan        nan        nan        nan        nan        nan
         nan        nan        nan        nan        nan        nan
         nan        nan        nan        nan        nan        nan
         nan        nan        nan        nan]
 [0.00028322 0.00037557 0.00056975 0.00077356 0.00094349 0.0010707
  0.00116068 0.00122214 0.00126312 0.00128997        nan        nan
         nan        nan        nan        nan        nan        nan
         nan        nan        nan        nan        nan        nan
         nan        nan        nan        nan        nan        nan
         nan        nan        nan        nan        nan        nan
         nan        nan        nan        nan]
 [0.00028322 0.00037676 0.00057691 0.00078188 0.00095111 0.00107758
  0.00116705 0.00122819 0.00126897 0.0012957         nan        nan
         nan        nan        nan        nan        nan        nan
         nan        nan        nan        nan        nan        nan
         nan        nan        nan        nan        nan        nan
         nan        nan        nan        nan        nan        nan
         nan        nan        nan        nan]
 [0.00028322 0.00037704 0.00057999 0.00078552 0.00095447 0.00108066
  0.00116993 0.00123094 0.00127164 0.00129832        nan        nan
         nan        nan        nan        nan        nan        nan
         nan        nan        nan        nan        nan        nan
         nan        nan        nan        nan        nan        nan
         nan        nan        nan        nan        nan        nan
         nan        nan        nan        nan]
 [0.00028322 0.00037699 0.00058106 0.00078685 0.00095573 0.00108183
  0.00117104 0.00123201 0.00127269 0.00129937        nan        nan
         nan        nan        nan        nan        nan        nan
         nan        nan        nan        nan        nan        nan
         nan        nan        nan        nan        nan        nan
         nan        nan        nan        nan        nan        nan
         nan        nan        nan        nan]
 [0.00028322 0.00037685 0.0005813  0.00078721 0.00095609 0.00108218
  0.00117139 0.00123236 0.00127304 0.00129971        nan        nan
         nan        nan        nan        nan        nan        nan
         nan        nan        nan        nan        nan        nan
         nan        nan        nan        nan        nan        nan
         nan        nan        nan        nan        nan        nan
         nan        nan        nan        nan]
 [0.00028322 0.00037674 0.00058128 0.00078724 0.00095614 0.00108224
  0.00117146 0.00123244 0.00127312 0.0012998         nan        nan
         nan        nan        nan        nan        nan        nan
         nan        nan        nan        nan        nan        nan
         nan        nan        nan        nan        nan        nan
         nan        nan        nan        nan        nan        nan
         nan        nan        nan        nan]
 [0.00028322 0.00037668 0.00058123 0.00078721 0.00095612 0.00108224
  0.00117146 0.00123244 0.00127313 0.00129981        nan        nan
         nan        nan        nan        nan        nan        nan
         nan        nan        nan        nan        nan        nan
         nan        nan        nan        nan        nan        nan
         nan        nan        nan        nan        nan        nan
         nan        nan        nan        nan]]
00:00:00.09 State variable xB: [[0.00509502 0.0082649  0.01279277 0.01750923 0.02193984 0.02587754
  0.02925128 0.03206326 0.03434365 0.03614121        nan        nan
         nan        nan        nan        nan        nan        nan
         nan        nan        nan        nan        nan        nan
         nan        nan        nan        nan        nan        nan
         nan        nan        nan        nan        nan        nan
         nan        nan        nan        nan]
 [0.00509502 0.00806359 0.01247017 0.01703217 0.02126548 0.02495508
  0.02802079 0.03046105 0.03231544 0.03365764        nan        nan
         nan        nan        nan        nan        nan        nan
         nan        nan        nan        nan        nan        nan
         nan        nan        nan        nan        nan        nan
         nan        nan        nan        nan        nan        nan
         nan        nan        nan        nan]
 [0.00509502 0.00785547 0.01211758 0.01648696 0.02046458 0.02382224
  0.02647482 0.02843468 0.0297857  0.03065929        nan        nan
         nan        nan        nan        nan        nan        nan
         nan        nan        nan        nan        nan        nan
         nan        nan        nan        nan        nan        nan
         nan        nan        nan        nan        nan        nan
         nan        nan        nan        nan]
 [0.00509502 0.007633   0.01172174 0.01585004 0.01949641 0.02242305
  0.02456211 0.02598464 0.02685597 0.02736245        nan        nan
         nan        nan        nan        nan        nan        nan
         nan        nan        nan        nan        nan        nan
         nan        nan        nan        nan        nan        nan
         nan        nan        nan        nan        nan        nan
         nan        nan        nan        nan]
 [0.00509502 0.00739109 0.01126953 0.01509547 0.01832122 0.02072098
  0.02229634 0.0232233  0.02373524 0.02401695        nan        nan
         nan        nan        nan        nan        nan        nan
         nan        nan        nan        nan        nan        nan
         nan        nan        nan        nan        nan        nan
         nan        nan        nan        nan        nan        nan
         nan        nan        nan        nan]
 [0.00509502 0.00712602 0.01074705 0.01419652 0.01691174 0.01872937
  0.01978117 0.02033792 0.0206312  0.02079473        nan        nan
         nan        nan        nan        nan        nan        nan
         nan        nan        nan        nan        nan        nan
         nan        nan        nan        nan        nan        nan
         nan        nan        nan        nan        nan        nan
         nan        nan        nan        nan]
 [0.00509502 0.00683667 0.01014151 0.01313321 0.01527246 0.01653104
  0.01717946 0.01750563 0.01768104 0.01778385        nan        nan
         nan        nan        nan        nan        nan        nan
         nan        nan        nan        nan        nan        nan
         nan        nan        nan        nan        nan        nan
         nan        nan        nan        nan        nan        nan
         nan        nan        nan        nan]
 [0.00509502 0.00652654 0.00944601 0.01190675 0.01346281 0.01426531
  0.01465077 0.01484815 0.01496053 0.01502966        nan        nan
         nan        nan        nan        nan        nan        nan
         nan        nan        nan        nan        nan        nan
         nan        nan        nan        nan        nan        nan
         nan        nan        nan        nan        nan        nan
         nan        nan        nan        nan]
 [0.00509502 0.00620761 0.00866922 0.01055944 0.01159982 0.01208418
  0.01231615 0.01244244 0.01251847 0.01256684        nan        nan
         nan        nan        nan        nan        nan        nan
         nan        nan        nan        nan        nan        nan
         nan        nan        nan        nan        nan        nan
         nan        nan        nan        nan        nan        nan
         nan        nan        nan        nan]
 [0.00509502 0.00590311 0.00784865 0.00918726 0.00983259 0.01011981
  0.01026481 0.01034912 0.01040195 0.01043642        nan        nan
         nan        nan        nan        nan        nan        nan
         nan        nan        nan        nan        nan        nan
         nan        nan        nan        nan        nan        nan
         nan        nan        nan        nan        nan        nan
         nan        nan        nan        nan]
 [0.00509502 0.0056436  0.00705704 0.00792592 0.00830513 0.00847702
  0.00857036 0.00862742 0.00866419 0.00868872        nan        nan
         nan        nan        nan        nan        nan        nan
         nan        nan        nan        nan        nan        nan
         nan        nan        nan        nan        nan        nan
         nan        nan        nan        nan        nan        nan
         nan        nan        nan        nan]
 [0.00509502 0.00545262 0.0063841  0.00690383 0.0071201  0.00722439
  0.00728476 0.0073229  0.007348   0.0073651         nan        nan
         nan        nan        nan        nan        nan        nan
         nan        nan        nan        nan        nan        nan
         nan        nan        nan        nan        nan        nan
         nan        nan        nan        nan        nan        nan
         nan        nan        nan        nan]
 [0.00509502 0.00533332 0.005893   0.00618551 0.00630835 0.00637223
  0.00641089 0.00643582 0.00645248 0.00646399        nan        nan
         nan        nan        nan        nan        nan        nan
         nan        nan        nan        nan        nan        nan
         nan        nan        nan        nan        nan        nan
         nan        nan        nan        nan        nan        nan
         nan        nan        nan        nan]
 [0.00509502 0.00527019 0.0055884  0.00575024 0.0058223  0.00586244
  0.00588742 0.00590368 0.0059146  0.00592218        nan        nan
         nan        nan        nan        nan        nan        nan
         nan        nan        nan        nan        nan        nan
         nan        nan        nan        nan        nan        nan
         nan        nan        nan        nan        nan        nan
         nan        nan        nan        nan]
 [0.00509502 0.00524185 0.00542734 0.00552214 0.00556841 0.00559557
  0.0056127  0.00562385 0.00563129 0.00563639        nan        nan
         nan        nan        nan        nan        nan        nan
         nan        nan        nan        nan        nan        nan
         nan        nan        nan        nan        nan        nan
         nan        nan        nan        nan        nan        nan
         nan        nan        nan        nan]
 [0.00509502 0.00523117 0.00535439 0.00541841 0.00545271 0.00547351
  0.00548668 0.00549519 0.00550077 0.00550451        nan        nan
         nan        nan        nan        nan        nan        nan
         nan        nan        nan        nan        nan        nan
         nan        nan        nan        nan        nan        nan
         nan        nan        nan        nan        nan        nan
         nan        nan        nan        nan]
 [0.00509502 0.00522793 0.0053263  0.0053778  0.00540715 0.00542523
  0.00543666 0.00544397 0.00544869 0.00545176        nan        nan
         nan        nan        nan        nan        nan        nan
         nan        nan        nan        nan        nan        nan
         nan        nan        nan        nan        nan        nan
         nan        nan        nan        nan        nan        nan
         nan        nan        nan        nan]
 [0.00509502 0.00522727 0.00531745 0.00536456 0.00539214 0.00540922
  0.00542    0.00542685 0.00543122 0.00543401        nan        nan
         nan        nan        nan        nan        nan        nan
         nan        nan        nan        nan        nan        nan
         nan        nan        nan        nan        nan        nan
         nan        nan        nan        nan        nan        nan
         nan        nan        nan        nan]
 [0.00509502 0.00522729 0.00531541 0.00536126 0.00538834 0.00540511
  0.00541569 0.00542238 0.00542663 0.00542932        nan        nan
         nan        nan        nan        nan        nan        nan
         nan        nan        nan        nan        nan        nan
         nan        nan        nan        nan        nan        nan
         nan        nan        nan        nan        nan        nan
         nan        nan        nan        nan]
 [0.00509502 0.00522741 0.0053152  0.0053608  0.00538776 0.00540447
  0.005415   0.00542165 0.00542587 0.00542853        nan        nan
         nan        nan        nan        nan        nan        nan
         nan        nan        nan        nan        nan        nan
         nan        nan        nan        nan        nan        nan
         nan        nan        nan        nan        nan        nan
         nan        nan        nan        nan]]
00:00:00.10 State variable yA: [[0.8        0.2179258  0.22083735 0.22556199 0.231462   0.23906782
  0.2480857  0.25909053 0.27203556 0.28639882        nan        nan
         nan        nan        nan        nan        nan        nan
         nan        nan        nan        nan        nan        nan
         nan        nan        nan        nan        nan        nan
         nan        nan        nan        nan        nan        nan
         nan        nan        nan        nan]
 [0.8        0.23870676 0.24538307 0.25634194 0.27042198 0.28818558
  0.30946738 0.33338233 0.35868418 0.38235587        nan        nan
         nan        nan        nan        nan        nan        nan
         nan        nan        nan        nan        nan        nan
         nan        nan        nan        nan        nan        nan
         nan        nan        nan        nan        nan        nan
         nan        nan        nan        nan]
 [0.8        0.26312545 0.27477842 0.29440307 0.31975376 0.35127409
  0.38738867 0.42418253 0.45712404 0.48233934        nan        nan
         nan        nan        nan        nan        nan        nan
         nan        nan        nan        nan        nan        nan
         nan        nan        nan        nan        nan        nan
         nan        nan        nan        nan        nan        nan
         nan        nan        nan        nan]
 [0.8        0.29208612 0.31023504 0.34129308 0.38154883 0.42931969
  0.47886272 0.52177925 0.55268932 0.57175985        nan        nan
         nan        nan        nan        nan        nan        nan
         nan        nan        nan        nan        nan        nan
         nan        nan        nan        nan        nan        nan
         nan        nan        nan        nan        nan        nan
         nan        nan        nan        nan]
 [0.8        0.32681466 0.35319413 0.39892904 0.45685668 0.51931675
  0.57422947 0.61259598 0.63477893 0.64637807        nan        nan
         nan        nan        nan        nan        nan        nan
         nan        nan        nan        nan        nan        nan
         nan        nan        nan        nan        nan        nan
         nan        nan        nan        nan        nan        nan
         nan        nan        nan        nan]
 [0.8        0.36863569 0.4051854  0.46854157 0.54345983 0.61248399
  0.66132363 0.68863888 0.70212535 0.70874248        nan        nan
         nan        nan        nan        nan        nan        nan
         nan        nan        nan        nan        nan        nan
         nan        nan        nan        nan        nan        nan
         nan        nan        nan        nan        nan        nan
         nan        nan        nan        nan]
 [0.8        0.41914226 0.46741962 0.54904907 0.63412576 0.69757458
  0.73317699 0.74997521 0.7578268  0.76179138        nan        nan
         nan        nan        nan        nan        nan        nan
         nan        nan        nan        nan        nan        nan
         nan        nan        nan        nan        nan        nan
         nan        nan        nan        nan        nan        nan
         nan        nan        nan        nan]
 [0.8        0.47998056 0.53993381 0.63576918 0.71869899 0.76742709
  0.78991295 0.7998014  0.80458384 0.80715481        nan        nan
         nan        nan        nan        nan        nan        nan
         nan        nan        nan        nan        nan        nan
         nan        nan        nan        nan        nan        nan
         nan        nan        nan        nan        nan        nan
         nan        nan        nan        nan]
 [0.8        0.55197085 0.62023303 0.72024825 0.78895975 0.82127327
  0.8346165  0.84064605 0.84377006 0.84553373        nan        nan
         nan        nan        nan        nan        nan        nan
         nan        nan        nan        nan        nan        nan
         nan        nan        nan        nan        nan        nan
         nan        nan        nan        nan        nan        nan
         nan        nan        nan        nan]
 [0.8        0.63293639 0.70216398 0.79315817 0.84214975 0.8617823
  0.86981289 0.87372851 0.87587783 0.87712182        nan        nan
         nan        nan        nan        nan        nan        nan
         nan        nan        nan        nan        nan        nan
         nan        nan        nan        nan        nan        nan
         nan        nan        nan        nan        nan        nan
         nan        nan        nan        nan]
 [0.8        0.71481175 0.77671446 0.84866879 0.87990967 0.89165195
  0.8967783  0.89946711 0.90099339 0.90188452        nan        nan
         nan        nan        nan        nan        nan        nan
         nan        nan        nan        nan        nan        nan
         nan        nan        nan        nan        nan        nan
         nan        nan        nan        nan        nan        nan
         nan        nan        nan        nan]
 [0.8        0.78502243 0.8356835  0.88626457 0.90529213 0.91267728
  0.91620016 0.91813982 0.91925887 0.91991351        nan        nan
         nan        nan        nan        nan        nan        nan
         nan        nan        nan        nan        nan        nan
         nan        nan        nan        nan        nan        nan
         nan        nan        nan        nan        nan        nan
         nan        nan        nan        nan]
 [0.8        0.83460587 0.87581538 0.90920739 0.92122344 0.92633502
  0.92896127 0.93044711 0.93131187 0.93181888        nan        nan
         nan        nan        nan        nan        nan        nan
         nan        nan        nan        nan        nan        nan
         nan        nan        nan        nan        nan        nan
         nan        nan        nan        nan        nan        nan
         nan        nan        nan        nan]
 [0.8        0.86358814 0.89945454 0.92188993 0.93035856 0.93432661
  0.93646603 0.93769454 0.93841455 0.93883901        nan        nan
         nan        nan        nan        nan        nan        nan
         nan        nan        nan        nan        nan        nan
         nan        nan        nan        nan        nan        nan
         nan        nan        nan        nan        nan        nan
         nan        nan        nan        nan]
 [0.8        0.87784786 0.91167134 0.92823974 0.9350655  0.9384872
  0.94038135 0.94147828 0.9421252  0.94250933        nan        nan
         nan        nan        nan        nan        nan        nan
         nan        nan        nan        nan        nan        nan
         nan        nan        nan        nan        nan        nan
         nan        nan        nan        nan        nan        nan
         nan        nan        nan        nan]
 [0.8        0.88377553 0.9172554  0.93109254 0.93721806 0.94039938
  0.94218277 0.94322049 0.94383534 0.94420269        nan        nan
         nan        nan        nan        nan        nan        nan
         nan        nan        nan        nan        nan        nan
         nan        nan        nan        nan        nan        nan
         nan        nan        nan        nan        nan        nan
         nan        nan        nan        nan]
 [0.8        0.88579854 0.919494   0.93222158 0.93807697 0.94116445
  0.94290443 0.94391938 0.9445224  0.94488412        nan        nan
         nan        nan        nan        nan        nan        nan
         nan        nan        nan        nan        nan        nan
         nan        nan        nan        nan        nan        nan
         nan        nan        nan        nan        nan        nan
         nan        nan        nan        nan]
 [0.8        0.88631052 0.92025518 0.93260051 0.93836591 0.94142253
  0.94314849 0.94415637 0.94475603 0.94511647        nan        nan
         nan        nan        nan        nan        nan        nan
         nan        nan        nan        nan        nan        nan
         nan        nan        nan        nan        nan        nan
         nan        nan        nan        nan        nan        nan
         nan        nan        nan        nan]
 [0.8        0.88636718 0.92045832 0.9327002  0.93844186 0.94149076
  0.94321342 0.9442198  0.9448189  0.94517933        nan        nan
         nan        nan        nan        nan        nan        nan
         nan        nan        nan        nan        nan        nan
         nan        nan        nan        nan        nan        nan
         nan        nan        nan        nan        nan        nan
         nan        nan        nan        nan]
 [0.8        0.88634151 0.92049333 0.93271692 0.93845452 0.94150233
  0.94322462 0.94423092 0.94483009 0.94519067        nan        nan
         nan        nan        nan        nan        nan        nan
         nan        nan        nan        nan        nan        nan
         nan        nan        nan        nan        nan        nan
         nan        nan        nan        nan        nan        nan
         nan        nan        nan        nan]]
00:00:00.11 State variable yB: [[0.2        0.7820742  0.77916265 0.77443801 0.768538   0.76093218
  0.7519143  0.74090947 0.72796444 0.71360118        nan        nan
         nan        nan        nan        nan        nan        nan
         nan        nan        nan        nan        nan        nan
         nan        nan        nan        nan        nan        nan
         nan        nan        nan        nan        nan        nan
         nan        nan        nan        nan]
 [0.2        0.76129324 0.75461693 0.74365806 0.72957802 0.71181442
  0.69053262 0.66661767 0.64131582 0.61764413        nan        nan
         nan        nan        nan        nan        nan        nan
         nan        nan        nan        nan        nan        nan
         nan        nan        nan        nan        nan        nan
         nan        nan        nan        nan        nan        nan
         nan        nan        nan        nan]
 [0.2        0.73687455 0.72522158 0.70559693 0.68024624 0.64872591
  0.61261133 0.57581747 0.54287596 0.51766066        nan        nan
         nan        nan        nan        nan        nan        nan
         nan        nan        nan        nan        nan        nan
         nan        nan        nan        nan        nan        nan
         nan        nan        nan        nan        nan        nan
         nan        nan        nan        nan]
 [0.2        0.70791388 0.68976496 0.65870692 0.61845117 0.57068031
  0.52113728 0.47822075 0.44731068 0.42824015        nan        nan
         nan        nan        nan        nan        nan        nan
         nan        nan        nan        nan        nan        nan
         nan        nan        nan        nan        nan        nan
         nan        nan        nan        nan        nan        nan
         nan        nan        nan        nan]
 [0.2        0.67318534 0.64680587 0.60107096 0.54314332 0.48068325
  0.42577053 0.38740402 0.36522107 0.35362193        nan        nan
         nan        nan        nan        nan        nan        nan
         nan        nan        nan        nan        nan        nan
         nan        nan        nan        nan        nan        nan
         nan        nan        nan        nan        nan        nan
         nan        nan        nan        nan]
 [0.2        0.63136431 0.5948146  0.53145843 0.45654017 0.38751601
  0.33867637 0.31136112 0.29787465 0.29125752        nan        nan
         nan        nan        nan        nan        nan        nan
         nan        nan        nan        nan        nan        nan
         nan        nan        nan        nan        nan        nan
         nan        nan        nan        nan        nan        nan
         nan        nan        nan        nan]
 [0.2        0.58085774 0.53258038 0.45095093 0.36587424 0.30242542
  0.26682301 0.25002479 0.2421732  0.23820862        nan        nan
         nan        nan        nan        nan        nan        nan
         nan        nan        nan        nan        nan        nan
         nan        nan        nan        nan        nan        nan
         nan        nan        nan        nan        nan        nan
         nan        nan        nan        nan]
 [0.2        0.52001944 0.46006619 0.36423082 0.28130101 0.23257291
  0.21008705 0.2001986  0.19541616 0.19284519        nan        nan
         nan        nan        nan        nan        nan        nan
         nan        nan        nan        nan        nan        nan
         nan        nan        nan        nan        nan        nan
         nan        nan        nan        nan        nan        nan
         nan        nan        nan        nan]
 [0.2        0.44802915 0.37976697 0.27975175 0.21104025 0.17872673
  0.1653835  0.15935395 0.15622994 0.15446627        nan        nan
         nan        nan        nan        nan        nan        nan
         nan        nan        nan        nan        nan        nan
         nan        nan        nan        nan        nan        nan
         nan        nan        nan        nan        nan        nan
         nan        nan        nan        nan]
 [0.2        0.36706361 0.29783602 0.20684183 0.15785025 0.1382177
  0.13018711 0.12627149 0.12412217 0.12287818        nan        nan
         nan        nan        nan        nan        nan        nan
         nan        nan        nan        nan        nan        nan
         nan        nan        nan        nan        nan        nan
         nan        nan        nan        nan        nan        nan
         nan        nan        nan        nan]
 [0.2        0.28518825 0.22328554 0.15133121 0.12009033 0.10834805
  0.1032217  0.10053289 0.09900661 0.09811548        nan        nan
         nan        nan        nan        nan        nan        nan
         nan        nan        nan        nan        nan        nan
         nan        nan        nan        nan        nan        nan
         nan        nan        nan        nan        nan        nan
         nan        nan        nan        nan]
 [0.2        0.21497757 0.1643165  0.11373543 0.09470787 0.08732272
  0.08379984 0.08186018 0.08074113 0.08008649        nan        nan
         nan        nan        nan        nan        nan        nan
         nan        nan        nan        nan        nan        nan
         nan        nan        nan        nan        nan        nan
         nan        nan        nan        nan        nan        nan
         nan        nan        nan        nan]
 [0.2        0.16539413 0.12418462 0.09079261 0.07877656 0.07366498
  0.07103873 0.06955289 0.06868813 0.06818112        nan        nan
         nan        nan        nan        nan        nan        nan
         nan        nan        nan        nan        nan        nan
         nan        nan        nan        nan        nan        nan
         nan        nan        nan        nan        nan        nan
         nan        nan        nan        nan]
 [0.2        0.13641186 0.10054546 0.07811007 0.06964144 0.06567339
  0.06353397 0.06230546 0.06158545 0.06116099        nan        nan
         nan        nan        nan        nan        nan        nan
         nan        nan        nan        nan        nan        nan
         nan        nan        nan        nan        nan        nan
         nan        nan        nan        nan        nan        nan
         nan        nan        nan        nan]
 [0.2        0.12215214 0.08832866 0.07176026 0.0649345  0.0615128
  0.05961865 0.05852172 0.0578748  0.05749067        nan        nan
         nan        nan        nan        nan        nan        nan
         nan        nan        nan        nan        nan        nan
         nan        nan        nan        nan        nan        nan
         nan        nan        nan        nan        nan        nan
         nan        nan        nan        nan]
 [0.2        0.11622447 0.0827446  0.06890746 0.06278194 0.05960062
  0.05781723 0.05677951 0.05616466 0.05579731        nan        nan
         nan        nan        nan        nan        nan        nan
         nan        nan        nan        nan        nan        nan
         nan        nan        nan        nan        nan        nan
         nan        nan        nan        nan        nan        nan
         nan        nan        nan        nan]
 [0.2        0.11420146 0.080506   0.06777842 0.06192303 0.05883555
  0.05709557 0.05608062 0.0554776  0.05511588        nan        nan
         nan        nan        nan        nan        nan        nan
         nan        nan        nan        nan        nan        nan
         nan        nan        nan        nan        nan        nan
         nan        nan        nan        nan        nan        nan
         nan        nan        nan        nan]
 [0.2        0.11368948 0.07974482 0.06739949 0.06163409 0.05857747
  0.05685151 0.05584363 0.05524397 0.05488353        nan        nan
         nan        nan        nan        nan        nan        nan
         nan        nan        nan        nan        nan        nan
         nan        nan        nan        nan        nan        nan
         nan        nan        nan        nan        nan        nan
         nan        nan        nan        nan]
 [0.2        0.11363282 0.07954168 0.0672998  0.06155814 0.05850924
  0.05678658 0.0557802  0.0551811  0.05482067        nan        nan
         nan        nan        nan        nan        nan        nan
         nan        nan        nan        nan        nan        nan
         nan        nan        nan        nan        nan        nan
         nan        nan        nan        nan        nan        nan
         nan        nan        nan        nan]
 [0.2        0.11365849 0.07950667 0.06728308 0.06154548 0.05849767
  0.05677538 0.05576908 0.05516991 0.05480933        nan        nan
         nan        nan        nan        nan        nan        nan
         nan        nan        nan        nan        nan        nan
         nan        nan        nan        nan        nan        nan
         nan        nan        nan        nan        nan        nan
         nan        nan        nan        nan]]
00:00:00.11 State variable velocity: yB
00:00:00.70 done
