Starting at 2022-06-25 04:50:01.794283
Args: ./test
00:00:00.00 time :[ 0.  1.  2.  3.  4.  5.  6.  7.  8.  9. 10. 11. 12. 13. 14. 15. 16. 17.
 18. 19. 20. 21. 22. 23. 24. 25. 26. 27. 28. 29. 30. 31. 32. 33. 34. 35.
 36. 37. 38. 39.]
00:00:00.00 parameters: {'R': 8.314, 'nocomponents': 2, 'xnames': ['xA', 'xB'], 'ynames': ['yA', 'yB'], 'feed_yi': [0.2, 0.8], 'ini_yi': [0.5, 0.5], 'isomodel': 'Langmuir-Freundlich', 'bi': [0.0042, 0.0616], 'qsi': [2.5, 7.3], 'qs0': 7.3, 'ni': [1.006, 0.83], 'ki': [0.62, 0.197], 'Hi': [0, 0], 'mode': 1, 'bed': 1, 'N': 20, 'tstep': 1, 'adsorb': True, 'Ta': 293.15, 'D': 0.083, 'L': 1, 'product_tank_volume': 0.002, 'epsilon': 0.37, 'epsilonp': 0.35, 'rp': 0.0007, 'tauprime': 3.0, 'input_orifice': 2.2, 'output_orifice': 1.4, 'product_orifice': 0.475, 'blowdown_orifice': 2.8, 'vent_orifice': 1.0, 'feed_pressure': 1, 'PI': 50000.0, 'PL': 25000.0, 'PH': 100000.0, 'product_pressure': 2, 'rho_s': 1130, 'rho_w': 7800, 'Cpg': 30.7, 'Cpa': 30.7, 'Cps': 1339, 'Cpw': 502, 'mu': 1.72e-05, 'Dm': 1.6e-05, 'gamma': 1.4, 'Kz': 0.09, 'Kw': 16, 'hin': 8.6, 'hout': 2.5, 'eta': 0.72, 'area': 0.005410607947645022, 'volume': 0.005410607947645022, 'rin': 0.0415, 'rout': 0.2915, 'epst': 0.5873015873015873, 'epsb': 1.7027027027027026, 'cellsize': 0.05, 'deltaZ': 0.05, 'container_vol': 0.005410607947645022, 'vfeed': 1, 'norm_v0': 1, 'norm_t0': 1.0, 'norm_P0': 100000.0, 'norm_T0': 293, 'rho_g': 1.1898660666240475, 'Dp': 5.333333333333333e-06, 'lamda_pre': 0.5, 'lamda_blw': 0.5, 'lamda_eva': 0.5, 'tpre': 10, 'tads': 10, 'tblw': 10, 'teva': 10, 'norm_tpre': 10.0, 'norm_tads': 20.0, 'norm_tblw': 30.0, 'norm_tend': 40.0, 'DL': 0.00049}
00:00:00.02 State variable P: [[0.25       0.54360669 0.72295923 0.8318756  0.89796527 0.938054
  0.96239086 0.97716824 0.98612622 0.99158476        nan        nan
         nan        nan        nan        nan        nan        nan
         nan        nan        nan        nan        nan        nan
         nan        nan        nan        nan        nan        nan
         nan        nan        nan        nan        nan        nan
         nan        nan        nan        nan]
 [0.25       0.54076922 0.72093945 0.83047754 0.8970074  0.93740167
  0.96194959 0.97687586 0.98593638 0.99146198        nan        nan
         nan        nan        nan        nan        nan        nan
         nan        nan        nan        nan        nan        nan
         nan        nan        nan        nan        nan        nan
         nan        nan        nan        nan        nan        nan
         nan        nan        nan        nan]
 [0.25       0.53816293 0.71910904 0.82924008 0.89618344 0.93685913
  0.96159591 0.97665139 0.98579713 0.99137543        nan        nan
         nan        nan        nan        nan        nan        nan
         nan        nan        nan        nan        nan        nan
         nan        nan        nan        nan        nan        nan
         nan        nan        nan        nan        nan        nan
         nan        nan        nan        nan]
 [0.25       0.53577887 0.71746365 0.82815726 0.89548557 0.93641665
  0.96131838 0.97648211 0.98569555 0.99131341        nan        nan
         nan        nan        nan        nan        nan        nan
         nan        nan        nan        nan        nan        nan
         nan        nan        nan        nan        nan        nan
         nan        nan        nan        nan        nan        nan
         nan        nan        nan        nan]
 [0.25       0.53360743 0.71599779 0.82722157 0.89490395 0.93606208
  0.96110354 0.97635447 0.98561985 0.99126697        nan        nan
         nan        nan        nan        nan        nan        nan
         nan        nan        nan        nan        nan        nan
         nan        nan        nan        nan        nan        nan
         nan        nan        nan        nan        nan        nan
         nan        nan        nan        nan]
 [0.25       0.53164078 0.71470475 0.82642374 0.89442658 0.93578128
  0.96093719 0.97625627 0.98556116 0.99123043        nan        nan
         nan        nan        nan        nan        nan        nan
         nan        nan        nan        nan        nan        nan
         nan        nan        nan        nan        nan        nan
         nan        nan        nan        nan        nan        nan
         nan        nan        nan        nan]
 [0.25       0.52987443 0.71357651 0.8257526  0.89403951 0.93555927
  0.96080635 0.9761782  0.98551374 0.99120052        nan        nan
         nan        nan        nan        nan        nan        nan
         nan        nan        nan        nan        nan        nan
         nan        nan        nan        nan        nan        nan
         nan        nan        nan        nan        nan        nan
         nan        nan        nan        nan]
 [0.25       0.52830293 0.71260344 0.82519508 0.89372759 0.93538195
  0.96070076 0.97611406 0.98547422 0.99117538        nan        nan
         nan        nan        nan        nan        nan        nan
         nan        nan        nan        nan        nan        nan
         nan        nan        nan        nan        nan        nan
         nan        nan        nan        nan        nan        nan
         nan        nan        nan        nan]
 [0.25       0.52691842 0.71177417 0.82473654 0.89347572 0.93523767
  0.96061328 0.97606004 0.98544061 0.99115391        nan        nan
         nan        nan        nan        nan        nan        nan
         nan        nan        nan        nan        nan        nan
         nan        nan        nan        nan        nan        nan
         nan        nan        nan        nan        nan        nan
         nan        nan        nan        nan]
 [0.25       0.52571134 0.71107573 0.82436159 0.89327041 0.93511783
  0.96053933 0.97601384 0.9854117  0.99113541        nan        nan
         nan        nan        nan        nan        nan        nan
         nan        nan        nan        nan        nan        nan
         nan        nan        nan        nan        nan        nan
         nan        nan        nan        nan        nan        nan
         nan        nan        nan        nan]
 [0.25       0.52467054 0.7104938  0.82405518 0.89310079 0.93501664
  0.96047606 0.97597403 0.9853867  0.99111939        nan        nan
         nan        nan        nan        nan        nan        nan
         nan        nan        nan        nan        nan        nan
         nan        nan        nan        nan        nan        nan
         nan        nan        nan        nan        nan        nan
         nan        nan        nan        nan]
 [0.25       0.52378312 0.7100134  0.82380389 0.89295891 0.93493039
  0.96042168 0.97593967 0.9853651  0.99110555        nan        nan
         nan        nan        nan        nan        nan        nan
         nan        nan        nan        nan        nan        nan
         nan        nan        nan        nan        nan        nan
         nan        nan        nan        nan        nan        nan
         nan        nan        nan        nan]
 [0.25       0.52303438 0.7096197  0.82359679 0.89283938 0.93485673
  0.96037501 0.97591011 0.9853465  0.99109363        nan        nan
         nan        nan        nan        nan        nan        nan
         nan        nan        nan        nan        nan        nan
         nan        nan        nan        nan        nan        nan
         nan        nan        nan        nan        nan        nan
         nan        nan        nan        nan]
 [0.25       0.52240863 0.7092991  0.8234257  0.89273872 0.93479416
  0.96033525 0.9758849  0.98533064 0.99108347        nan        nan
         nan        nan        nan        nan        nan        nan
         nan        nan        nan        nan        nan        nan
         nan        nan        nan        nan        nan        nan
         nan        nan        nan        nan        nan        nan
         nan        nan        nan        nan]
 [0.25       0.52189102 0.70904006 0.82328496 0.8926547  0.93474166
  0.96030185 0.97586371 0.98531731 0.99107494        nan        nan
         nan        nan        nan        nan        nan        nan
         nan        nan        nan        nan        nan        nan
         nan        nan        nan        nan        nan        nan
         nan        nan        nan        nan        nan        nan
         nan        nan        nan        nan]
 [0.25       0.52146971 0.70883362 0.82317089 0.89258593 0.93469857
  0.96027442 0.9758463  0.98530636 0.99106794        nan        nan
         nan        nan        nan        nan        nan        nan
         nan        nan        nan        nan        nan        nan
         nan        nan        nan        nan        nan        nan
         nan        nan        nan        nan        nan        nan
         nan        nan        nan        nan]
 [0.25       0.52113694 0.70867344 0.82308122 0.89253155 0.93466445
  0.96025268 0.97583252 0.9852977  0.99106241        nan        nan
         nan        nan        nan        nan        nan        nan
         nan        nan        nan        nan        nan        nan
         nan        nan        nan        nan        nan        nan
         nan        nan        nan        nan        nan        nan
         nan        nan        nan        nan]
 [0.25       0.52088866 0.70855552 0.82301464 0.89249104 0.93463901
  0.96023648 0.97582224 0.98529125 0.9910583         nan        nan
         nan        nan        nan        nan        nan        nan
         nan        nan        nan        nan        nan        nan
         nan        nan        nan        nan        nan        nan
         nan        nan        nan        nan        nan        nan
         nan        nan        nan        nan]
 [0.25       0.52072335 0.70847767 0.82297049 0.89246413 0.93462211
  0.96022572 0.97581542 0.98528697 0.99105557        nan        nan
         nan        nan        nan        nan        nan        nan
         nan        nan        nan        nan        nan        nan
         nan        nan        nan        nan        nan        nan
         nan        nan        nan        nan        nan        nan
         nan        nan        nan        nan]
 [0.25       0.52064067 0.7084389  0.82294847 0.8924507  0.93461367
  0.96022034 0.97581202 0.98528483 0.99105421        nan        nan
         nan        nan        nan        nan        nan        nan
         nan        nan        nan        nan        nan        nan
         nan        nan        nan        nan        nan        nan
         nan        nan        nan        nan        nan        nan
         nan        nan        nan        nan]]
00:00:00.05 State variable T: [[1.00051195 1.00051195 1.00051195 1.00051195 1.00051195 1.00051195
  1.00051195 1.00051195 1.00051195 1.00051195        nan        nan
         nan        nan        nan        nan        nan        nan
         nan        nan        nan        nan        nan        nan
         nan        nan        nan        nan        nan        nan
         nan        nan        nan        nan        nan        nan
         nan        nan        nan        nan]
 [1.00051195 1.00051195 1.00051195 1.00051195 1.00051195 1.00051195
  1.00051195 1.00051195 1.00051195 1.00051195        nan        nan
         nan        nan        nan        nan        nan        nan
         nan        nan        nan        nan        nan        nan
         nan        nan        nan        nan        nan        nan
         nan        nan        nan        nan        nan        nan
         nan        nan        nan        nan]
 [1.00051195 1.00051195 1.00051195 1.00051195 1.00051195 1.00051195
  1.00051195 1.00051195 1.00051195 1.00051195        nan        nan
         nan        nan        nan        nan        nan        nan
         nan        nan        nan        nan        nan        nan
         nan        nan        nan        nan        nan        nan
         nan        nan        nan        nan        nan        nan
         nan        nan        nan        nan]
 [1.00051195 1.00051195 1.00051195 1.00051195 1.00051195 1.00051195
  1.00051195 1.00051195 1.00051195 1.00051195        nan        nan
         nan        nan        nan        nan        nan        nan
         nan        nan        nan        nan        nan        nan
         nan        nan        nan        nan        nan        nan
         nan        nan        nan        nan        nan        nan
         nan        nan        nan        nan]
 [1.00051195 1.00051195 1.00051195 1.00051195 1.00051195 1.00051195
  1.00051195 1.00051195 1.00051195 1.00051195        nan        nan
         nan        nan        nan        nan        nan        nan
         nan        nan        nan        nan        nan        nan
         nan        nan        nan        nan        nan        nan
         nan        nan        nan        nan        nan        nan
         nan        nan        nan        nan]
 [1.00051195 1.00051195 1.00051195 1.00051195 1.00051195 1.00051195
  1.00051195 1.00051195 1.00051195 1.00051195        nan        nan
         nan        nan        nan        nan        nan        nan
         nan        nan        nan        nan        nan        nan
         nan        nan        nan        nan        nan        nan
         nan        nan        nan        nan        nan        nan
         nan        nan        nan        nan]
 [1.00051195 1.00051195 1.00051195 1.00051195 1.00051195 1.00051195
  1.00051195 1.00051195 1.00051195 1.00051195        nan        nan
         nan        nan        nan        nan        nan        nan
         nan        nan        nan        nan        nan        nan
         nan        nan        nan        nan        nan        nan
         nan        nan        nan        nan        nan        nan
         nan        nan        nan        nan]
 [1.00051195 1.00051195 1.00051195 1.00051195 1.00051195 1.00051195
  1.00051195 1.00051195 1.00051195 1.00051195        nan        nan
         nan        nan        nan        nan        nan        nan
         nan        nan        nan        nan        nan        nan
         nan        nan        nan        nan        nan        nan
         nan        nan        nan        nan        nan        nan
         nan        nan        nan        nan]
 [1.00051195 1.00051195 1.00051195 1.00051195 1.00051195 1.00051195
  1.00051195 1.00051195 1.00051195 1.00051195        nan        nan
         nan        nan        nan        nan        nan        nan
         nan        nan        nan        nan        nan        nan
         nan        nan        nan        nan        nan        nan
         nan        nan        nan        nan        nan        nan
         nan        nan        nan        nan]
 [1.00051195 1.00051195 1.00051195 1.00051195 1.00051195 1.00051195
  1.00051195 1.00051195 1.00051195 1.00051195        nan        nan
         nan        nan        nan        nan        nan        nan
         nan        nan        nan        nan        nan        nan
         nan        nan        nan        nan        nan        nan
         nan        nan        nan        nan        nan        nan
         nan        nan        nan        nan]
 [1.00051195 1.00051195 1.00051195 1.00051195 1.00051195 1.00051195
  1.00051195 1.00051195 1.00051195 1.00051195        nan        nan
         nan        nan        nan        nan        nan        nan
         nan        nan        nan        nan        nan        nan
         nan        nan        nan        nan        nan        nan
         nan        nan        nan        nan        nan        nan
         nan        nan        nan        nan]
 [1.00051195 1.00051195 1.00051195 1.00051195 1.00051195 1.00051195
  1.00051195 1.00051195 1.00051195 1.00051195        nan        nan
         nan        nan        nan        nan        nan        nan
         nan        nan        nan        nan        nan        nan
         nan        nan        nan        nan        nan        nan
         nan        nan        nan        nan        nan        nan
         nan        nan        nan        nan]
 [1.00051195 1.00051195 1.00051195 1.00051195 1.00051195 1.00051195
  1.00051195 1.00051195 1.00051195 1.00051195        nan        nan
         nan        nan        nan        nan        nan        nan
         nan        nan        nan        nan        nan        nan
         nan        nan        nan        nan        nan        nan
         nan        nan        nan        nan        nan        nan
         nan        nan        nan        nan]
 [1.00051195 1.00051195 1.00051195 1.00051195 1.00051195 1.00051195
  1.00051195 1.00051195 1.00051195 1.00051195        nan        nan
         nan        nan        nan        nan        nan        nan
         nan        nan        nan        nan        nan        nan
         nan        nan        nan        nan        nan        nan
         nan        nan        nan        nan        nan        nan
         nan        nan        nan        nan]
 [1.00051195 1.00051195 1.00051195 1.00051195 1.00051195 1.00051195
  1.00051195 1.00051195 1.00051195 1.00051195        nan        nan
         nan        nan        nan        nan        nan        nan
         nan        nan        nan        nan        nan        nan
         nan        nan        nan        nan        nan        nan
         nan        nan        nan        nan        nan        nan
         nan        nan        nan        nan]
 [1.00051195 1.00051195 1.00051195 1.00051195 1.00051195 1.00051195
  1.00051195 1.00051195 1.00051195 1.00051195        nan        nan
         nan        nan        nan        nan        nan        nan
         nan        nan        nan        nan        nan        nan
         nan        nan        nan        nan        nan        nan
         nan        nan        nan        nan        nan        nan
         nan        nan        nan        nan]
 [1.00051195 1.00051195 1.00051195 1.00051195 1.00051195 1.00051195
  1.00051195 1.00051195 1.00051195 1.00051195        nan        nan
         nan        nan        nan        nan        nan        nan
         nan        nan        nan        nan        nan        nan
         nan        nan        nan        nan        nan        nan
         nan        nan        nan        nan        nan        nan
         nan        nan        nan        nan]
 [1.00051195 1.00051195 1.00051195 1.00051195 1.00051195 1.00051195
  1.00051195 1.00051195 1.00051195 1.00051195        nan        nan
         nan        nan        nan        nan        nan        nan
         nan        nan        nan        nan        nan        nan
         nan        nan        nan        nan        nan        nan
         nan        nan        nan        nan        nan        nan
         nan        nan        nan        nan]
 [1.00051195 1.00051195 1.00051195 1.00051195 1.00051195 1.00051195
  1.00051195 1.00051195 1.00051195 1.00051195        nan        nan
         nan        nan        nan        nan        nan        nan
         nan        nan        nan        nan        nan        nan
         nan        nan        nan        nan        nan        nan
         nan        nan        nan        nan        nan        nan
         nan        nan        nan        nan]
 [1.00051195 1.00051195 1.00051195 1.00051195 1.00051195 1.00051195
  1.00051195 1.00051195 1.00051195 1.00051195        nan        nan
         nan        nan        nan        nan        nan        nan
         nan        nan        nan        nan        nan        nan
         nan        nan        nan        nan        nan        nan
         nan        nan        nan        nan        nan        nan
         nan        nan        nan        nan]]
00:00:00.07 State variable Tw: [[ 1.  1.  1.  1.  1.  1.  1.  1.  1.  1. nan nan nan nan nan nan nan nan
  nan nan nan nan nan nan nan nan nan nan nan nan nan nan nan nan nan nan
  nan nan nan nan]
 [ 1.  1.  1.  1.  1.  1.  1.  1.  1.  1. nan nan nan nan nan nan nan nan
  nan nan nan nan nan nan nan nan nan nan nan nan nan nan nan nan nan nan
  nan nan nan nan]
 [ 1.  1.  1.  1.  1.  1.  1.  1.  1.  1. nan nan nan nan nan nan nan nan
  nan nan nan nan nan nan nan nan nan nan nan nan nan nan nan nan nan nan
  nan nan nan nan]
 [ 1.  1.  1.  1.  1.  1.  1.  1.  1.  1. nan nan nan nan nan nan nan nan
  nan nan nan nan nan nan nan nan nan nan nan nan nan nan nan nan nan nan
  nan nan nan nan]
 [ 1.  1.  1.  1.  1.  1.  1.  1.  1.  1. nan nan nan nan nan nan nan nan
  nan nan nan nan nan nan nan nan nan nan nan nan nan nan nan nan nan nan
  nan nan nan nan]
 [ 1.  1.  1.  1.  1.  1.  1.  1.  1.  1. nan nan nan nan nan nan nan nan
  nan nan nan nan nan nan nan nan nan nan nan nan nan nan nan nan nan nan
  nan nan nan nan]
 [ 1.  1.  1.  1.  1.  1.  1.  1.  1.  1. nan nan nan nan nan nan nan nan
  nan nan nan nan nan nan nan nan nan nan nan nan nan nan nan nan nan nan
  nan nan nan nan]
 [ 1.  1.  1.  1.  1.  1.  1.  1.  1.  1. nan nan nan nan nan nan nan nan
  nan nan nan nan nan nan nan nan nan nan nan nan nan nan nan nan nan nan
  nan nan nan nan]
 [ 1.  1.  1.  1.  1.  1.  1.  1.  1.  1. nan nan nan nan nan nan nan nan
  nan nan nan nan nan nan nan nan nan nan nan nan nan nan nan nan nan nan
  nan nan nan nan]
 [ 1.  1.  1.  1.  1.  1.  1.  1.  1.  1. nan nan nan nan nan nan nan nan
  nan nan nan nan nan nan nan nan nan nan nan nan nan nan nan nan nan nan
  nan nan nan nan]
 [ 1.  1.  1.  1.  1.  1.  1.  1.  1.  1. nan nan nan nan nan nan nan nan
  nan nan nan nan nan nan nan nan nan nan nan nan nan nan nan nan nan nan
  nan nan nan nan]
 [ 1.  1.  1.  1.  1.  1.  1.  1.  1.  1. nan nan nan nan nan nan nan nan
  nan nan nan nan nan nan nan nan nan nan nan nan nan nan nan nan nan nan
  nan nan nan nan]
 [ 1.  1.  1.  1.  1.  1.  1.  1.  1.  1. nan nan nan nan nan nan nan nan
  nan nan nan nan nan nan nan nan nan nan nan nan nan nan nan nan nan nan
  nan nan nan nan]
 [ 1.  1.  1.  1.  1.  1.  1.  1.  1.  1. nan nan nan nan nan nan nan nan
  nan nan nan nan nan nan nan nan nan nan nan nan nan nan nan nan nan nan
  nan nan nan nan]
 [ 1.  1.  1.  1.  1.  1.  1.  1.  1.  1. nan nan nan nan nan nan nan nan
  nan nan nan nan nan nan nan nan nan nan nan nan nan nan nan nan nan nan
  nan nan nan nan]
 [ 1.  1.  1.  1.  1.  1.  1.  1.  1.  1. nan nan nan nan nan nan nan nan
  nan nan nan nan nan nan nan nan nan nan nan nan nan nan nan nan nan nan
  nan nan nan nan]
 [ 1.  1.  1.  1.  1.  1.  1.  1.  1.  1. nan nan nan nan nan nan nan nan
  nan nan nan nan nan nan nan nan nan nan nan nan nan nan nan nan nan nan
  nan nan nan nan]
 [ 1.  1.  1.  1.  1.  1.  1.  1.  1.  1. nan nan nan nan nan nan nan nan
  nan nan nan nan nan nan nan nan nan nan nan nan nan nan nan nan nan nan
  nan nan nan nan]
 [ 1.  1.  1.  1.  1.  1.  1.  1.  1.  1. nan nan nan nan nan nan nan nan
  nan nan nan nan nan nan nan nan nan nan nan nan nan nan nan nan nan nan
  nan nan nan nan]
 [ 1.  1.  1.  1.  1.  1.  1.  1.  1.  1. nan nan nan nan nan nan nan nan
  nan nan nan nan nan nan nan nan nan nan nan nan nan nan nan nan nan nan
  nan nan nan nan]]
00:00:00.09 State variable xA: [[0.00017555 0.00015427 0.00017178 0.00020156 0.00023146 0.00025754
  0.00028066 0.00030139 0.00032099 0.0003403         nan        nan
         nan        nan        nan        nan        nan        nan
         nan        nan        nan        nan        nan        nan
         nan        nan        nan        nan        nan        nan
         nan        nan        nan        nan        nan        nan
         nan        nan        nan        nan]
 [0.00017555 0.00015943 0.00018151 0.00021796 0.00025633 0.00029262
  0.00032746 0.00036157 0.00039562 0.00042912        nan        nan
         nan        nan        nan        nan        nan        nan
         nan        nan        nan        nan        nan        nan
         nan        nan        nan        nan        nan        nan
         nan        nan        nan        nan        nan        nan
         nan        nan        nan        nan]
 [0.00017555 0.00016483 0.00019235 0.00023688 0.00028582 0.00033516
  0.00038482 0.0004348  0.00048381 0.000529          nan        nan
         nan        nan        nan        nan        nan        nan
         nan        nan        nan        nan        nan        nan
         nan        nan        nan        nan        nan        nan
         nan        nan        nan        nan        nan        nan
         nan        nan        nan        nan]
 [0.00017555 0.0001706  0.00020453 0.00025879 0.00032073 0.00038607
  0.00045294 0.00051886 0.00057946 0.00063027        nan        nan
         nan        nan        nan        nan        nan        nan
         nan        nan        nan        nan        nan        nan
         nan        nan        nan        nan        nan        nan
         nan        nan        nan        nan        nan        nan
         nan        nan        nan        nan]
 [0.00017555 0.00017683 0.00021828 0.00028419 0.00036171 0.0004454
  0.00052964 0.00060803 0.00067411 0.00072441        nan        nan
         nan        nan        nan        nan        nan        nan
         nan        nan        nan        nan        nan        nan
         nan        nan        nan        nan        nan        nan
         nan        nan        nan        nan        nan        nan
         nan        nan        nan        nan]
 [0.00017555 0.00018358 0.00023382 0.00031345 0.00040888 0.00051162
  0.00061015 0.00069504 0.00076081 0.00080719        nan        nan
         nan        nan        nan        nan        nan        nan
         nan        nan        nan        nan        nan        nan
         nan        nan        nan        nan        nan        nan
         nan        nan        nan        nan        nan        nan
         nan        nan        nan        nan]
 [0.00017555 0.00019088 0.00025133 0.00034678 0.0004615  0.00058135
  0.00068855 0.00077414 0.00083626 0.00087798        nan        nan
         nan        nan        nan        nan        nan        nan
         nan        nan        nan        nan        nan        nan
         nan        nan        nan        nan        nan        nan
         nan        nan        nan        nan        nan        nan
         nan        nan        nan        nan]
 [0.00017555 0.00019874 0.00027092 0.00038395 0.00051761 0.00065015
  0.00076008 0.0008427  0.00090021 0.00093787        nan        nan
         nan        nan        nan        nan        nan        nan
         nan        nan        nan        nan        nan        nan
         nan        nan        nan        nan        nan        nan
         nan        nan        nan        nan        nan        nan
         nan        nan        nan        nan]
 [0.00017555 0.0002071  0.00029254 0.00042411 0.00057426 0.00071391
  0.0008223  0.00090053 0.00095383 0.00098838        nan        nan
         nan        nan        nan        nan        nan        nan
         nan        nan        nan        nan        nan        nan
         nan        nan        nan        nan        nan        nan
         nan        nan        nan        nan        nan        nan
         nan        nan        nan        nan]
 [0.00017555 0.00021578 0.00031588 0.00046569 0.00062817 0.00076994
  0.00087468 0.00094862 0.00099853 0.00103081        nan        nan
         nan        nan        nan        nan        nan        nan
         nan        nan        nan        nan        nan        nan
         nan        nan        nan        nan        nan        nan
         nan        nan        nan        nan        nan        nan
         nan        nan        nan        nan]
 [0.00017555 0.00022445 0.00034026 0.00050653 0.00067659 0.00081714
  0.0009178  0.00098814 0.0010355  0.00106616        nan        nan
         nan        nan        nan        nan        nan        nan
         nan        nan        nan        nan        nan        nan
         nan        nan        nan        nan        nan        nan
         nan        nan        nan        nan        nan        nan
         nan        nan        nan        nan]
 [0.00017555 0.00023257 0.00036459 0.00054429 0.00071779 0.00085554
  0.00095256 0.00102014 0.00106565 0.00109516        nan        nan
         nan        nan        nan        nan        nan        nan
         nan        nan        nan        nan        nan        nan
         nan        nan        nan        nan        nan        nan
         nan        nan        nan        nan        nan        nan
         nan        nan        nan        nan]
 [0.00017555 0.00023946 0.00038742 0.00057697 0.00075109 0.00088574
  0.00097988 0.00104544 0.00108963 0.00111834        nan        nan
         nan        nan        nan        nan        nan        nan
         nan        nan        nan        nan        nan        nan
         nan        nan        nan        nan        nan        nan
         nan        nan        nan        nan        nan        nan
         nan        nan        nan        nan]
 [0.00017555 0.00024459 0.00040719 0.00060328 0.00077657 0.00090854
  0.00100058 0.00106471 0.001108   0.00113616        nan        nan
         nan        nan        nan        nan        nan        nan
         nan        nan        nan        nan        nan        nan
         nan        nan        nan        nan        nan        nan
         nan        nan        nan        nan        nan        nan
         nan        nan        nan        nan]
 [0.00017555 0.00024783 0.00042267 0.00062277 0.00079483 0.00092481
  0.00101541 0.0010786  0.00112129 0.00114908        nan        nan
         nan        nan        nan        nan        nan        nan
         nan        nan        nan        nan        nan        nan
         nan        nan        nan        nan        nan        nan
         nan        nan        nan        nan        nan        nan
         nan        nan        nan        nan]
 [0.00017555 0.00024948 0.00043338 0.00063584 0.00080687 0.00093554
  0.00102524 0.00108784 0.00113015 0.00115771        nan        nan
         nan        nan        nan        nan        nan        nan
         nan        nan        nan        nan        nan        nan
         nan        nan        nan        nan        nan        nan
         nan        nan        nan        nan        nan        nan
         nan        nan        nan        nan]
 [0.00017555 0.00025008 0.00043975 0.00064359 0.00081396 0.00094188
  0.00103109 0.00109336 0.00113546 0.00116289        nan        nan
         nan        nan        nan        nan        nan        nan
         nan        nan        nan        nan        nan        nan
         nan        nan        nan        nan        nan        nan
         nan        nan        nan        nan        nan        nan
         nan        nan        nan        nan]
 [0.00017555 0.00025016 0.00044286 0.0006475  0.00081756 0.00094512
  0.00103409 0.0010962  0.0011382  0.00116557        nan        nan
         nan        nan        nan        nan        nan        nan
         nan        nan        nan        nan        nan        nan
         nan        nan        nan        nan        nan        nan
         nan        nan        nan        nan        nan        nan
         nan        nan        nan        nan]
 [0.00017555 0.00025006 0.00044401 0.00064907 0.00081903 0.00094646
  0.00103534 0.00109739 0.00113936 0.00116671        nan        nan
         nan        nan        nan        nan        nan        nan
         nan        nan        nan        nan        nan        nan
         nan        nan        nan        nan        nan        nan
         nan        nan        nan        nan        nan        nan
         nan        nan        nan        nan]
 [0.00017555 0.00024997 0.00044426 0.0006495  0.00081946 0.00094686
  0.00103571 0.00109775 0.00113971 0.00116706        nan        nan
         nan        nan        nan        nan        nan        nan
         nan        nan        nan        nan        nan        nan
         nan        nan        nan        nan        nan        nan
         nan        nan        nan        nan        nan        nan
         nan        nan        nan        nan]]
00:00:00.10 State variable xB: [[0.0108407  0.01306698 0.01675956 0.02079353 0.02466687 0.02816393
  0.03115671 0.03368254 0.03575157 0.03739036        nan        nan
         nan        nan        nan        nan        nan        nan
         nan        nan        nan        nan        nan        nan
         nan        nan        nan        nan        nan        nan
         nan        nan        nan        nan        nan        nan
         nan        nan        nan        nan]
 [0.0108407  0.01294575 0.0165351  0.0204356  0.0241389  0.0274236
  0.03015821 0.03237715 0.03409485 0.03535487        nan        nan
         nan        nan        nan        nan        nan        nan
         nan        nan        nan        nan        nan        nan
         nan        nan        nan        nan        nan        nan
         nan        nan        nan        nan        nan        nan
         nan        nan        nan        nan]
 [0.0108407  0.01282464 0.01629791 0.02004065 0.02353479 0.02655018
  0.02895515 0.03079413 0.03210827 0.03298138        nan        nan
         nan        nan        nan        nan        nan        nan
         nan        nan        nan        nan        nan        nan
         nan        nan        nan        nan        nan        nan
         nan        nan        nan        nan        nan        nan
         nan        nan        nan        nan]
 [0.0108407  0.01270082 0.01604286 0.01959888 0.02283737 0.02551991
  0.02752754 0.0289436  0.02986308 0.03041566        nan        nan
         nan        nan        nan        nan        nan        nan
         nan        nan        nan        nan        nan        nan
         nan        nan        nan        nan        nan        nan
         nan        nan        nan        nan        nan        nan
         nan        nan        nan        nan]
 [0.0108407  0.01257266 0.01576574 0.01910094 0.02203147 0.02432046
  0.02589095 0.02689821 0.02749482 0.02782848        nan        nan
         nan        nan        nan        nan        nan        nan
         nan        nan        nan        nan        nan        nan
         nan        nan        nan        nan        nan        nan
         nan        nan        nan        nan        nan        nan
         nan        nan        nan        nan]
 [0.0108407  0.01243915 0.01546253 0.01853814 0.02110806 0.02296251
  0.02410747 0.02477714 0.02514942 0.0253527         nan        nan
         nan        nan        nan        nan        nan        nan
         nan        nan        nan        nan        nan        nan
         nan        nan        nan        nan        nan        nan
         nan        nan        nan        nan        nan        nan
         nan        nan        nan        nan]
 [0.0108407  0.0122997  0.01512965 0.01790442 0.02007089 0.0214879
  0.02227214 0.02270108 0.02293481 0.0230649         nan        nan
         nan        nan        nan        nan        nan        nan
         nan        nan        nan        nan        nan        nan
         nan        nan        nan        nan        nan        nan
         nan        nan        nan        nan        nan        nan
         nan        nan        nan        nan]
 [0.0108407  0.01215435 0.01476467 0.01719942 0.0189427  0.01996471
  0.020481   0.02075614 0.0209089  0.0209973         nan        nan
         nan        nan        nan        nan        nan        nan
         nan        nan        nan        nan        nan        nan
         nan        nan        nan        nan        nan        nan
         nan        nan        nan        nan        nan        nan
         nan        nan        nan        nan]
 [0.0108407  0.01200413 0.0143675  0.0164324  0.01776634 0.0184695
  0.01880652 0.0189888  0.01909397 0.01915714        nan        nan
         nan        nan        nan        nan        nan        nan
         nan        nan        nan        nan        nan        nan
         nan        nan        nan        nan        nan        nan
         nan        nan        nan        nan        nan        nan
         nan        nan        nan        nan]
 [0.0108407  0.01185166 0.01394214 0.01562545 0.01659791 0.01706856
  0.01729302 0.0174194  0.01749518 0.01754199        nan        nan
         nan        nan        nan        nan        nan        nan
         nan        nan        nan        nan        nan        nan
         nan        nan        nan        nan        nan        nan
         nan        nan        nan        nan        nan        nan
         nan        nan        nan        nan]
 [0.0108407  0.01170207 0.01349871 0.01481343 0.01549489 0.01580897
  0.01596413 0.01605554 0.01611203 0.0161476         nan        nan
         nan        nan        nan        nan        nan        nan
         nan        nan        nan        nan        nan        nan
         nan        nan        nan        nan        nan        nan
         nan        nan        nan        nan        nan        nan
         nan        nan        nan        nan]
 [0.0108407  0.0115635  0.01305498 0.01403949 0.01450578 0.01471959
  0.01483131 0.01489966 0.01494278 0.01497031        nan        nan
         nan        nan        nan        nan        nan        nan
         nan        nan        nan        nan        nan        nan
         nan        nan        nan        nan        nan        nan
         nan        nan        nan        nan        nan        nan
         nan        nan        nan        nan]
 [0.0108407  0.01144593 0.01263593 0.01334722 0.01366521 0.01381599
  0.0138994  0.01395181 0.01398535 0.01400699        nan        nan
         nan        nan        nan        nan        nan        nan
         nan        nan        nan        nan        nan        nan
         nan        nan        nan        nan        nan        nan
         nan        nan        nan        nan        nan        nan
         nan        nan        nan        nan]
 [0.0108407  0.01135737 0.01226988 0.01277222 0.01299321 0.0131041
  0.01316836 0.01320945 0.013236   0.01325328        nan        nan
         nan        nan        nan        nan        nan        nan
         nan        nan        nan        nan        nan        nan
         nan        nan        nan        nan        nan        nan
         nan        nan        nan        nan        nan        nan
         nan        nan        nan        nan]
 [0.0108407  0.01129976 0.01198069 0.01233495 0.01249479 0.01258013
  0.01263121 0.01266423 0.01268569 0.01269972        nan        nan
         nan        nan        nan        nan        nan        nan
         nan        nan        nan        nan        nan        nan
         nan        nan        nan        nan        nan        nan
         nan        nan        nan        nan        nan        nan
         nan        nan        nan        nan]
 [0.0108407  0.01126822 0.01177897 0.01203603 0.01215865 0.01222773
  0.0122699  0.0122973  0.01231514 0.0123268         nan        nan
         nan        nan        nan        nan        nan        nan
         nan        nan        nan        nan        nan        nan
         nan        nan        nan        nan        nan        nan
         nan        nan        nan        nan        nan        nan
         nan        nan        nan        nan]
 [0.0108407  0.01125424 0.01165805 0.01185666 0.0119578  0.01201698
  0.01205349 0.01207721 0.01209261 0.01210261        nan        nan
         nan        nan        nan        nan        nan        nan
         nan        nan        nan        nan        nan        nan
         nan        nan        nan        nan        nan        nan
         nan        nan        nan        nan        nan        nan
         nan        nan        nan        nan]
 [0.0108407  0.01124967 0.01159809 0.01176538 0.01185521 0.01190894
  0.0119422  0.01196376 0.01197766 0.01198659        nan        nan
         nan        nan        nan        nan        nan        nan
         nan        nan        nan        nan        nan        nan
         nan        nan        nan        nan        nan        nan
         nan        nan        nan        nan        nan        nan
         nan        nan        nan        nan]
 [0.0108407  0.01124895 0.01157521 0.01172835 0.01181307 0.01186424
  0.01189591 0.01191636 0.01192946 0.01193777        nan        nan
         nan        nan        nan        nan        nan        nan
         nan        nan        nan        nan        nan        nan
         nan        nan        nan        nan        nan        nan
         nan        nan        nan        nan        nan        nan
         nan        nan        nan        nan]
 [0.0108407  0.01124924 0.0115696  0.01171795 0.01180089 0.01185115
  0.01188221 0.01190222 0.01191497 0.01192301        nan        nan
         nan        nan        nan        nan        nan        nan
         nan        nan        nan        nan        nan        nan
         nan        nan        nan        nan        nan        nan
         nan        nan        nan        nan        nan        nan
         nan        nan        nan        nan]]
00:00:00.11 State variable yA: [[0.5        0.2135679  0.21715337 0.2216284  0.2266025  0.23279691
  0.2413295  0.25095259 0.26241269 0.27505406        nan        nan
         nan        nan        nan        nan        nan        nan
         nan        nan        nan        nan        nan        nan
         nan        nan        nan        nan        nan        nan
         nan        nan        nan        nan        nan        nan
         nan        nan        nan        nan]
 [0.5        0.22856651 0.23662654 0.24682584 0.25902887 0.27311637
  0.29167342 0.31210277 0.3341148  0.35508253        nan        nan
         nan        nan        nan        nan        nan        nan
         nan        nan        nan        nan        nan        nan
         nan        nan        nan        nan        nan        nan
         nan        nan        nan        nan        nan        nan
         nan        nan        nan        nan]
 [0.5        0.24540727 0.25900738 0.27661747 0.29822929 0.32323446
  0.35315896 0.38445639 0.41395346 0.43755313        nan        nan
         nan        nan        nan        nan        nan        nan
         nan        nan        nan        nan        nan        nan
         nan        nan        nan        nan        nan        nan
         nan        nan        nan        nan        nan        nan
         nan        nan        nan        nan]
 [0.5        0.26429873 0.28478323 0.31181346 0.34517109 0.3832342
  0.42398784 0.46225416 0.49250292 0.51244133        nan        nan
         nan        nan        nan        nan        nan        nan
         nan        nan        nan        nan        nan        nan
         nan        nan        nan        nan        nan        nan
         nan        nan        nan        nan        nan        nan
         nan        nan        nan        nan]
 [0.5        0.28554483 0.3144722  0.35313143 0.40017974 0.45126814
  0.49882788 0.53698794 0.56192248 0.57573433        nan        nan
         nan        nan        nan        nan        nan        nan
         nan        nan        nan        nan        nan        nan
         nan        nan        nan        nan        nan        nan
         nan        nan        nan        nan        nan        nan
         nan        nan        nan        nan]
 [0.5        0.30944733 0.34858919 0.40095925 0.46223582 0.52277167
  0.57020216 0.60203224 0.61967531 0.62840513        nan        nan
         nan        nan        nan        nan        nan        nan
         nan        nan        nan        nan        nan        nan
         nan        nan        nan        nan        nan        nan
         nan        nan        nan        nan        nan        nan
         nan        nan        nan        nan]
 [0.5        0.33632722 0.38754146 0.45497331 0.52836114 0.59136031
  0.63214619 0.65543612 0.66707164 0.67265238        nan        nan
         nan        nan        nan        nan        nan        nan
         nan        nan        nan        nan        nan        nan
         nan        nan        nan        nan        nan        nan
         nan        nan        nan        nan        nan        nan
         nan        nan        nan        nan]
 [0.5        0.36652059 0.43142871 0.51368002 0.59379552 0.6515064
  0.6826642  0.69861179 0.70634639 0.71018446        nan        nan
         nan        nan        nan        nan        nan        nan
         nan        nan        nan        nan        nan        nan
         nan        nan        nan        nan        nan        nan
         nan        nan        nan        nan        nan        nan
         nan        nan        nan        nan]
 [0.5        0.40034901 0.47977831 0.5741571  0.65342054 0.70073081
  0.72290648 0.73381182 0.73925665 0.74211738        nan        nan
         nan        nan        nan        nan        nan        nan
         nan        nan        nan        nan        nan        nan
         nan        nan        nan        nan        nan        nan
         nan        nan        nan        nan        nan        nan
         nan        nan        nan        nan]
 [0.5        0.43808541 0.53129375 0.632408   0.70368068 0.73948218
  0.75501868 0.76281829 0.76692422 0.76918761        nan        nan
         nan        nan        nan        nan        nan        nan
         nan        nan        nan        nan        nan        nan
         nan        nan        nan        nan        nan        nan
         nan        nan        nan        nan        nan        nan
         nan        nan        nan        nan]
 [0.5        0.47987425 0.58374045 0.68444314 0.74351587 0.76958322
  0.78082415 0.78676167 0.79003958 0.7919022         nan        nan
         nan        nan        nan        nan        nan        nan
         nan        nan        nan        nan        nan        nan
         nan        nan        nan        nan        nan        nan
         nan        nan        nan        nan        nan        nan
         nan        nan        nan        nan]
 [0.5        0.5251422  0.63413258 0.72753502 0.77382072 0.79290903
  0.80153402 0.80632314 0.80905151 0.81062823        nan        nan
         nan        nan        nan        nan        nan        nan
         nan        nan        nan        nan        nan        nan
         nan        nan        nan        nan        nan        nan
         nan        nan        nan        nan        nan        nan
         nan        nan        nan        nan]
 [0.5        0.57122749 0.67931636 0.76082065 0.79628068 0.81085317
  0.81789296 0.82193779 0.82428274 0.82565042        nan        nan
         nan        nan        nan        nan        nan        nan
         nan        nan        nan        nan        nan        nan
         nan        nan        nan        nan        nan        nan
         nan        nan        nan        nan        nan        nan
         nan        nan        nan        nan]
 [0.5        0.61299304 0.71677967 0.78498454 0.81251837 0.8243317
  0.83038739 0.83393182 0.83600519 0.83722117        nan        nan
         nan        nan        nan        nan        nan        nan
         nan        nan        nan        nan        nan        nan
         nan        nan        nan        nan        nan        nan
         nan        nan        nan        nan        nan        nan
         nan        nan        nan        nan]
 [0.5        0.64525702 0.74527815 0.80150112 0.82381134 0.83398803
  0.8394219  0.8426295  0.84451486 0.84562505        nan        nan
         nan        nan        nan        nan        nan        nan
         nan        nan        nan        nan        nan        nan
         nan        nan        nan        nan        nan        nan
         nan        nan        nan        nan        nan        nan
         nan        nan        nan        nan]
 [0.5        0.66592865 0.76497912 0.81203168 0.83117689 0.84040813
  0.84545616 0.8484467  0.85020986 0.85125182        nan        nan
         nan        nan        nan        nan        nan        nan
         nan        nan        nan        nan        nan        nan
         nan        nan        nan        nan        nan        nan
         nan        nan        nan        nan        nan        nan
         nan        nan        nan        nan]
 [0.5        0.67660425 0.77715235 0.81815655 0.8355369  0.84424914
  0.84907378 0.85193668 0.85362854 0.85463171        nan        nan
         nan        nan        nan        nan        nan        nan
         nan        nan        nan        nan        nan        nan
         nan        nan        nan        nan        nan        nan
         nan        nan        nan        nan        nan        nan
         nan        nan        nan        nan]
 [0.5        0.6807799  0.78366425 0.8212898  0.83778482 0.84623937
  0.85095031 0.85374848 0.85540512 0.85639022        nan        nan
         nan        nan        nan        nan        nan        nan
         nan        nan        nan        nan        nan        nan
         nan        nan        nan        nan        nan        nan
         nan        nan        nan        nan        nan        nan
         nan        nan        nan        nan]
 [0.5        0.68179601 0.78650106 0.82261809 0.83873445 0.84708181
  0.85174581 0.85451795 0.85616131 0.85714056        nan        nan
         nan        nan        nan        nan        nan        nan
         nan        nan        nan        nan        nan        nan
         nan        nan        nan        nan        nan        nan
         nan        nan        nan        nan        nan        nan
         nan        nan        nan        nan]
 [0.5        0.6817948  0.7873862  0.82303169 0.83902505 0.84733971
  0.8519901  0.85475516 0.85639545 0.85737397        nan        nan
         nan        nan        nan        nan        nan        nan
         nan        nan        nan        nan        nan        nan
         nan        nan        nan        nan        nan        nan
         nan        nan        nan        nan        nan        nan
         nan        nan        nan        nan]]
00:00:00.12 State variable yB: [[0.5        0.7864321  0.78284663 0.7783716  0.7733975  0.76720309
  0.7586705  0.74904741 0.73758731 0.72494594        nan        nan
         nan        nan        nan        nan        nan        nan
         nan        nan        nan        nan        nan        nan
         nan        nan        nan        nan        nan        nan
         nan        nan        nan        nan        nan        nan
         nan        nan        nan        nan]
 [0.5        0.77143349 0.76337346 0.75317416 0.74097113 0.72688363
  0.70832658 0.68789723 0.6658852  0.64491747        nan        nan
         nan        nan        nan        nan        nan        nan
         nan        nan        nan        nan        nan        nan
         nan        nan        nan        nan        nan        nan
         nan        nan        nan        nan        nan        nan
         nan        nan        nan        nan]
 [0.5        0.75459273 0.74099262 0.72338253 0.70177071 0.67676554
  0.64684104 0.61554361 0.58604654 0.56244687        nan        nan
         nan        nan        nan        nan        nan        nan
         nan        nan        nan        nan        nan        nan
         nan        nan        nan        nan        nan        nan
         nan        nan        nan        nan        nan        nan
         nan        nan        nan        nan]
 [0.5        0.73570127 0.71521677 0.68818654 0.65482891 0.6167658
  0.57601216 0.53774584 0.50749708 0.48755867        nan        nan
         nan        nan        nan        nan        nan        nan
         nan        nan        nan        nan        nan        nan
         nan        nan        nan        nan        nan        nan
         nan        nan        nan        nan        nan        nan
         nan        nan        nan        nan]
 [0.5        0.71445517 0.6855278  0.64686857 0.59982026 0.54873186
  0.50117212 0.46301206 0.43807752 0.42426567        nan        nan
         nan        nan        nan        nan        nan        nan
         nan        nan        nan        nan        nan        nan
         nan        nan        nan        nan        nan        nan
         nan        nan        nan        nan        nan        nan
         nan        nan        nan        nan]
 [0.5        0.69055267 0.65141081 0.59904075 0.53776418 0.47722833
  0.42979784 0.39796776 0.38032469 0.37159487        nan        nan
         nan        nan        nan        nan        nan        nan
         nan        nan        nan        nan        nan        nan
         nan        nan        nan        nan        nan        nan
         nan        nan        nan        nan        nan        nan
         nan        nan        nan        nan]
 [0.5        0.66367278 0.61245854 0.54502669 0.47163886 0.40863969
  0.36785381 0.34456388 0.33292836 0.32734762        nan        nan
         nan        nan        nan        nan        nan        nan
         nan        nan        nan        nan        nan        nan
         nan        nan        nan        nan        nan        nan
         nan        nan        nan        nan        nan        nan
         nan        nan        nan        nan]
 [0.5        0.63347941 0.56857129 0.48631998 0.40620448 0.3484936
  0.3173358  0.30138821 0.29365361 0.28981554        nan        nan
         nan        nan        nan        nan        nan        nan
         nan        nan        nan        nan        nan        nan
         nan        nan        nan        nan        nan        nan
         nan        nan        nan        nan        nan        nan
         nan        nan        nan        nan]
 [0.5        0.59965099 0.52022169 0.4258429  0.34657946 0.29926919
  0.27709352 0.26618818 0.26074335 0.25788262        nan        nan
         nan        nan        nan        nan        nan        nan
         nan        nan        nan        nan        nan        nan
         nan        nan        nan        nan        nan        nan
         nan        nan        nan        nan        nan        nan
         nan        nan        nan        nan]
 [0.5        0.56191459 0.46870625 0.367592   0.29631932 0.26051782
  0.24498132 0.23718171 0.23307578 0.23081239        nan        nan
         nan        nan        nan        nan        nan        nan
         nan        nan        nan        nan        nan        nan
         nan        nan        nan        nan        nan        nan
         nan        nan        nan        nan        nan        nan
         nan        nan        nan        nan]
 [0.5        0.52012575 0.41625955 0.31555686 0.25648413 0.23041678
  0.21917585 0.21323833 0.20996042 0.2080978         nan        nan
         nan        nan        nan        nan        nan        nan
         nan        nan        nan        nan        nan        nan
         nan        nan        nan        nan        nan        nan
         nan        nan        nan        nan        nan        nan
         nan        nan        nan        nan]
 [0.5        0.4748578  0.36586742 0.27246498 0.22617928 0.20709097
  0.19846598 0.19367686 0.19094849 0.18937177        nan        nan
         nan        nan        nan        nan        nan        nan
         nan        nan        nan        nan        nan        nan
         nan        nan        nan        nan        nan        nan
         nan        nan        nan        nan        nan        nan
         nan        nan        nan        nan]
 [0.5        0.42877251 0.32068364 0.23917935 0.20371932 0.18914683
  0.18210704 0.17806221 0.17571726 0.17434958        nan        nan
         nan        nan        nan        nan        nan        nan
         nan        nan        nan        nan        nan        nan
         nan        nan        nan        nan        nan        nan
         nan        nan        nan        nan        nan        nan
         nan        nan        nan        nan]
 [0.5        0.38700696 0.28322033 0.21501546 0.18748163 0.1756683
  0.16961261 0.16606818 0.16399481 0.16277883        nan        nan
         nan        nan        nan        nan        nan        nan
         nan        nan        nan        nan        nan        nan
         nan        nan        nan        nan        nan        nan
         nan        nan        nan        nan        nan        nan
         nan        nan        nan        nan]
 [0.5        0.35474298 0.25472185 0.19849888 0.17618866 0.16601197
  0.1605781  0.1573705  0.15548514 0.15437495        nan        nan
         nan        nan        nan        nan        nan        nan
         nan        nan        nan        nan        nan        nan
         nan        nan        nan        nan        nan        nan
         nan        nan        nan        nan        nan        nan
         nan        nan        nan        nan]
 [0.5        0.33407135 0.23502088 0.18796832 0.16882311 0.15959187
  0.15454384 0.1515533  0.14979014 0.14874818        nan        nan
         nan        nan        nan        nan        nan        nan
         nan        nan        nan        nan        nan        nan
         nan        nan        nan        nan        nan        nan
         nan        nan        nan        nan        nan        nan
         nan        nan        nan        nan]
 [0.5        0.32339575 0.22284765 0.18184345 0.1644631  0.15575086
  0.15092622 0.14806332 0.14637146 0.14536829        nan        nan
         nan        nan        nan        nan        nan        nan
         nan        nan        nan        nan        nan        nan
         nan        nan        nan        nan        nan        nan
         nan        nan        nan        nan        nan        nan
         nan        nan        nan        nan]
 [0.5        0.3192201  0.21633575 0.1787102  0.16221518 0.15376063
  0.14904969 0.14625152 0.14459488 0.14360978        nan        nan
         nan        nan        nan        nan        nan        nan
         nan        nan        nan        nan        nan        nan
         nan        nan        nan        nan        nan        nan
         nan        nan        nan        nan        nan        nan
         nan        nan        nan        nan]
 [0.5        0.31820399 0.21349894 0.17738191 0.16126555 0.15291819
  0.14825419 0.14548205 0.14383869 0.14285944        nan        nan
         nan        nan        nan        nan        nan        nan
         nan        nan        nan        nan        nan        nan
         nan        nan        nan        nan        nan        nan
         nan        nan        nan        nan        nan        nan
         nan        nan        nan        nan]
 [0.5        0.3182052  0.2126138  0.17696831 0.16097495 0.15266029
  0.1480099  0.14524484 0.14360455 0.14262603        nan        nan
         nan        nan        nan        nan        nan        nan
         nan        nan        nan        nan        nan        nan
         nan        nan        nan        nan        nan        nan
         nan        nan        nan        nan        nan        nan
         nan        nan        nan        nan]]
00:00:00.12 State variable velocity: yB
00:00:00.74 done
