Starting at 2022-06-25 04:50:58.684491
Args: ./test
00:00:00.00 time :[ 0.  1.  2.  3.  4.  5.  6.  7.  8.  9. 10. 11. 12. 13. 14. 15. 16. 17.
 18. 19. 20. 21. 22. 23. 24. 25. 26. 27. 28. 29. 30. 31. 32. 33. 34. 35.
 36. 37. 38. 39.]
00:00:00.00 parameters: {'R': 8.314, 'nocomponents': 2, 'xnames': ['xA', 'xB'], 'ynames': ['yA', 'yB'], 'feed_yi': [0.2, 0.8], 'ini_yi': [0.2, 0.8], 'isomodel': 'Langmuir-Freundlich', 'bi': [0.0042, 0.0616], 'qsi': [2.5, 7.3], 'qs0': 7.3, 'ni': [1.006, 0.83], 'ki': [0.62, 0.197], 'Hi': [0, 0], 'mode': 1, 'bed': 1, 'N': 20, 'tstep': 1, 'adsorb': True, 'Ta': 293.15, 'D': 0.083, 'L': 1, 'product_tank_volume': 0.002, 'epsilon': 0.37, 'epsilonp': 0.35, 'rp': 0.0007, 'tauprime': 3.0, 'input_orifice': 2.2, 'output_orifice': 1.4, 'product_orifice': 0.475, 'blowdown_orifice': 2.8, 'vent_orifice': 1.0, 'feed_pressure': 1, 'PI': 50000.0, 'PL': 25000.0, 'PH': 100000.0, 'product_pressure': 2, 'rho_s': 1130, 'rho_w': 7800, 'Cpg': 30.7, 'Cpa': 30.7, 'Cps': 1339, 'Cpw': 502, 'mu': 1.72e-05, 'Dm': 1.6e-05, 'gamma': 1.4, 'Kz': 0.09, 'Kw': 16, 'hin': 8.6, 'hout': 2.5, 'eta': 0.72, 'area': 0.005410607947645022, 'volume': 0.005410607947645022, 'rin': 0.0415, 'rout': 0.2915, 'epst': 0.5873015873015873, 'epsb': 1.7027027027027026, 'cellsize': 0.05, 'deltaZ': 0.05, 'container_vol': 0.005410607947645022, 'vfeed': 1, 'norm_v0': 1, 'norm_t0': 1.0, 'norm_P0': 100000.0, 'norm_T0': 293, 'rho_g': 1.1898660666240475, 'Dp': 5.333333333333333e-06, 'lamda_pre': 0.5, 'lamda_blw': 0.5, 'lamda_eva': 0.5, 'tpre': 10, 'tads': 10, 'tblw': 10, 'teva': 10, 'norm_tpre': 10.0, 'norm_tads': 20.0, 'norm_tblw': 30.0, 'norm_tend': 40.0, 'DL': 0.00049}
00:00:00.03 State variable P: [[0.25       0.54361724 0.72300991 0.83187278 0.89793735 0.93805773
  0.96239377 0.97716235 0.9861367  0.99159108        nan        nan
         nan        nan        nan        nan        nan        nan
         nan        nan        nan        nan        nan        nan
         nan        nan        nan        nan        nan        nan
         nan        nan        nan        nan        nan        nan
         nan        nan        nan        nan]
 [0.25       0.54082848 0.72098857 0.83046383 0.89696437 0.93739242
  0.96194507 0.97686508 0.98594144 0.99146433        nan        nan
         nan        nan        nan        nan        nan        nan
         nan        nan        nan        nan        nan        nan
         nan        nan        nan        nan        nan        nan
         nan        nan        nan        nan        nan        nan
         nan        nan        nan        nan]
 [0.25       0.53821015 0.71912765 0.82919511 0.89611021 0.93682518
  0.96157552 0.97662962 0.98579282 0.99137145        nan        nan
         nan        nan        nan        nan        nan        nan
         nan        nan        nan        nan        nan        nan
         nan        nan        nan        nan        nan        nan
         nan        nan        nan        nan        nan        nan
         nan        nan        nan        nan]
 [0.25       0.53576057 0.71742375 0.82806174 0.89536852 0.93634808
  0.96127579 0.97644551 0.98568011 0.99130256        nan        nan
         nan        nan        nan        nan        nan        nan
         nan        nan        nan        nan        nan        nan
         nan        nan        nan        nan        nan        nan
         nan        nan        nan        nan        nan        nan
         nan        nan        nan        nan]
 [0.25       0.53347771 0.71587288 0.82705793 0.89473169 0.93595177
  0.96103519 0.97630177 0.9855934  0.99124979        nan        nan
         nan        nan        nan        nan        nan        nan
         nan        nan        nan        nan        nan        nan
         nan        nan        nan        nan        nan        nan
         nan        nan        nan        nan        nan        nan
         nan        nan        nan        nan]
 [0.25       0.53135923 0.71447036 0.8261769  0.8941908  0.93562573
  0.96084249 0.97618825 0.98552484 0.99120775        nan        nan
         nan        nan        nan        nan        nan        nan
         nan        nan        nan        nan        nan        nan
         nan        nan        nan        nan        nan        nan
         nan        nan        nan        nan        nan        nan
         nan        nan        nan        nan]
 [0.25       0.5294025  0.71321086 0.82541078 0.89373573 0.93535878
  0.96068706 0.97609665 0.98546892 0.99117312        nan        nan
         nan        nan        nan        nan        nan        nan
         nan        nan        nan        nan        nan        nan
         nan        nan        nan        nan        nan        nan
         nan        nan        nan        nan        nan        nan
         nan        nan        nan        nan]
 [0.25       0.52760453 0.71208828 0.82475076 0.89335556 0.93513993
  0.96055988 0.97602093 0.98542214 0.9911439         nan        nan
         nan        nan        nan        nan        nan        nan
         nan        nan        nan        nan        nan        nan
         nan        nan        nan        nan        nan        nan
         nan        nan        nan        nan        nan        nan
         nan        nan        nan        nan]
 [0.25       0.52596204 0.71109583 0.8241871  0.89303917 0.93495925
  0.96045401 0.97595705 0.98538227 0.99111888        nan        nan
         nan        nan        nan        nan        nan        nan
         nan        nan        nan        nan        nan        nan
         nan        nan        nan        nan        nan        nan
         nan        nan        nan        nan        nan        nan
         nan        nan        nan        nan]
 [0.25       0.52447154 0.71022606 0.82370955 0.89277591 0.93480855
  0.96036453 0.97590239 0.98534793 0.99109726        nan        nan
         nan        nan        nan        nan        nan        nan
         nan        nan        nan        nan        nan        nan
         nan        nan        nan        nan        nan        nan
         nan        nan        nan        nan        nan        nan
         nan        nan        nan        nan]
 [0.25       0.52312932 0.70947094 0.82330768 0.89255634 0.93468161
  0.9602881  0.97585525 0.98531821 0.99107851        nan        nan
         nan        nan        nan        nan        nan        nan
         nan        nan        nan        nan        nan        nan
         nan        nan        nan        nan        nan        nan
         nan        nan        nan        nan        nan        nan
         nan        nan        nan        nan]
 [0.25       0.52193162 0.70882209 0.82297146 0.89237263 0.93457396
  0.96022251 0.97581454 0.98529248 0.99106227        nan        nan
         nan        nan        nan        nan        nan        nan
         nan        nan        nan        nan        nan        nan
         nan        nan        nan        nan        nan        nan
         nan        nan        nan        nan        nan        nan
         nan        nan        nan        nan]
 [0.25       0.5208747  0.70827095 0.82269174 0.8922187  0.93448252
  0.96016631 0.97577951 0.98527031 0.99104827        nan        nan
         nan        nan        nan        nan        nan        nan
         nan        nan        nan        nan        nan        nan
         nan        nan        nan        nan        nan        nan
         nan        nan        nan        nan        nan        nan
         nan        nan        nan        nan]
 [0.25       0.51995504 0.70780915 0.82246065 0.89209007 0.93440521
  0.96011848 0.97574962 0.98525138 0.99103632        nan        nan
         nan        nan        nan        nan        nan        nan
         nan        nan        nan        nan        nan        nan
         nan        nan        nan        nan        nan        nan
         nan        nan        nan        nan        nan        nan
         nan        nan        nan        nan]
 [0.25       0.51916962 0.70742875 0.82227179 0.89198358 0.93434062
  0.96007836 0.97572451 0.98523547 0.99102627        nan        nan
         nan        nan        nan        nan        nan        nan
         nan        nan        nan        nan        nan        nan
         nan        nan        nan        nan        nan        nan
         nan        nan        nan        nan        nan        nan
         nan        nan        nan        nan]
 [0.25       0.51851613 0.70712263 0.82212023 0.89189707 0.93428781
  0.96004547 0.97570389 0.98522241 0.99101803        nan        nan
         nan        nan        nan        nan        nan        nan
         nan        nan        nan        nan        nan        nan
         nan        nan        nan        nan        nan        nan
         nan        nan        nan        nan        nan        nan
         nan        nan        nan        nan]
 [0.25       0.51799322 0.70688471 0.82200237 0.89182912 0.93424614
  0.96001947 0.97568759 0.98521208 0.99101151        nan        nan
         nan        nan        nan        nan        nan        nan
         nan        nan        nan        nan        nan        nan
         nan        nan        nan        nan        nan        nan
         nan        nan        nan        nan        nan        nan
         nan        nan        nan        nan]
 [0.25       0.51760044 0.70671013 0.82191573 0.89177879 0.93421518
  0.96000014 0.97567547 0.98520441 0.99100667        nan        nan
         nan        nan        nan        nan        nan        nan
         nan        nan        nan        nan        nan        nan
         nan        nan        nan        nan        nan        nan
         nan        nan        nan        nan        nan        nan
         nan        nan        nan        nan]
 [0.25       0.51733803 0.70659538 0.82185871 0.8917455  0.93419467
  0.95998733 0.97566743 0.98519932 0.99100346        nan        nan
         nan        nan        nan        nan        nan        nan
         nan        nan        nan        nan        nan        nan
         nan        nan        nan        nan        nan        nan
         nan        nan        nan        nan        nan        nan
         nan        nan        nan        nan]
 [0.25       0.51720656 0.70653841 0.82183041 0.89172893 0.93418446
  0.95998094 0.97566343 0.98519678 0.99100186        nan        nan
         nan        nan        nan        nan        nan        nan
         nan        nan        nan        nan        nan        nan
         nan        nan        nan        nan        nan        nan
         nan        nan        nan        nan        nan        nan
         nan        nan        nan        nan]]
00:00:00.05 State variable T: [[1.00051195 1.00051195 1.00051195 1.00051195 1.00051195 1.00051195
  1.00051195 1.00051195 1.00051195 1.00051195        nan        nan
         nan        nan        nan        nan        nan        nan
         nan        nan        nan        nan        nan        nan
         nan        nan        nan        nan        nan        nan
         nan        nan        nan        nan        nan        nan
         nan        nan        nan        nan]
 [1.00051195 1.00051195 1.00051195 1.00051195 1.00051195 1.00051195
  1.00051195 1.00051195 1.00051195 1.00051195        nan        nan
         nan        nan        nan        nan        nan        nan
         nan        nan        nan        nan        nan        nan
         nan        nan        nan        nan        nan        nan
         nan        nan        nan        nan        nan        nan
         nan        nan        nan        nan]
 [1.00051195 1.00051195 1.00051195 1.00051195 1.00051195 1.00051195
  1.00051195 1.00051195 1.00051195 1.00051195        nan        nan
         nan        nan        nan        nan        nan        nan
         nan        nan        nan        nan        nan        nan
         nan        nan        nan        nan        nan        nan
         nan        nan        nan        nan        nan        nan
         nan        nan        nan        nan]
 [1.00051195 1.00051195 1.00051195 1.00051195 1.00051195 1.00051195
  1.00051195 1.00051195 1.00051195 1.00051195        nan        nan
         nan        nan        nan        nan        nan        nan
         nan        nan        nan        nan        nan        nan
         nan        nan        nan        nan        nan        nan
         nan        nan        nan        nan        nan        nan
         nan        nan        nan        nan]
 [1.00051195 1.00051195 1.00051195 1.00051195 1.00051195 1.00051195
  1.00051195 1.00051195 1.00051195 1.00051195        nan        nan
         nan        nan        nan        nan        nan        nan
         nan        nan        nan        nan        nan        nan
         nan        nan        nan        nan        nan        nan
         nan        nan        nan        nan        nan        nan
         nan        nan        nan        nan]
 [1.00051195 1.00051195 1.00051195 1.00051195 1.00051195 1.00051195
  1.00051195 1.00051195 1.00051195 1.00051195        nan        nan
         nan        nan        nan        nan        nan        nan
         nan        nan        nan        nan        nan        nan
         nan        nan        nan        nan        nan        nan
         nan        nan        nan        nan        nan        nan
         nan        nan        nan        nan]
 [1.00051195 1.00051195 1.00051195 1.00051195 1.00051195 1.00051195
  1.00051195 1.00051195 1.00051195 1.00051195        nan        nan
         nan        nan        nan        nan        nan        nan
         nan        nan        nan        nan        nan        nan
         nan        nan        nan        nan        nan        nan
         nan        nan        nan        nan        nan        nan
         nan        nan        nan        nan]
 [1.00051195 1.00051195 1.00051195 1.00051195 1.00051195 1.00051195
  1.00051195 1.00051195 1.00051195 1.00051195        nan        nan
         nan        nan        nan        nan        nan        nan
         nan        nan        nan        nan        nan        nan
         nan        nan        nan        nan        nan        nan
         nan        nan        nan        nan        nan        nan
         nan        nan        nan        nan]
 [1.00051195 1.00051195 1.00051195 1.00051195 1.00051195 1.00051195
  1.00051195 1.00051195 1.00051195 1.00051195        nan        nan
         nan        nan        nan        nan        nan        nan
         nan        nan        nan        nan        nan        nan
         nan        nan        nan        nan        nan        nan
         nan        nan        nan        nan        nan        nan
         nan        nan        nan        nan]
 [1.00051195 1.00051195 1.00051195 1.00051195 1.00051195 1.00051195
  1.00051195 1.00051195 1.00051195 1.00051195        nan        nan
         nan        nan        nan        nan        nan        nan
         nan        nan        nan        nan        nan        nan
         nan        nan        nan        nan        nan        nan
         nan        nan        nan        nan        nan        nan
         nan        nan        nan        nan]
 [1.00051195 1.00051195 1.00051195 1.00051195 1.00051195 1.00051195
  1.00051195 1.00051195 1.00051195 1.00051195        nan        nan
         nan        nan        nan        nan        nan        nan
         nan        nan        nan        nan        nan        nan
         nan        nan        nan        nan        nan        nan
         nan        nan        nan        nan        nan        nan
         nan        nan        nan        nan]
 [1.00051195 1.00051195 1.00051195 1.00051195 1.00051195 1.00051195
  1.00051195 1.00051195 1.00051195 1.00051195        nan        nan
         nan        nan        nan        nan        nan        nan
         nan        nan        nan        nan        nan        nan
         nan        nan        nan        nan        nan        nan
         nan        nan        nan        nan        nan        nan
         nan        nan        nan        nan]
 [1.00051195 1.00051195 1.00051195 1.00051195 1.00051195 1.00051195
  1.00051195 1.00051195 1.00051195 1.00051195        nan        nan
         nan        nan        nan        nan        nan        nan
         nan        nan        nan        nan        nan        nan
         nan        nan        nan        nan        nan        nan
         nan        nan        nan        nan        nan        nan
         nan        nan        nan        nan]
 [1.00051195 1.00051195 1.00051195 1.00051195 1.00051195 1.00051195
  1.00051195 1.00051195 1.00051195 1.00051195        nan        nan
         nan        nan        nan        nan        nan        nan
         nan        nan        nan        nan        nan        nan
         nan        nan        nan        nan        nan        nan
         nan        nan        nan        nan        nan        nan
         nan        nan        nan        nan]
 [1.00051195 1.00051195 1.00051195 1.00051195 1.00051195 1.00051195
  1.00051195 1.00051195 1.00051195 1.00051195        nan        nan
         nan        nan        nan        nan        nan        nan
         nan        nan        nan        nan        nan        nan
         nan        nan        nan        nan        nan        nan
         nan        nan        nan        nan        nan        nan
         nan        nan        nan        nan]
 [1.00051195 1.00051195 1.00051195 1.00051195 1.00051195 1.00051195
  1.00051195 1.00051195 1.00051195 1.00051195        nan        nan
         nan        nan        nan        nan        nan        nan
         nan        nan        nan        nan        nan        nan
         nan        nan        nan        nan        nan        nan
         nan        nan        nan        nan        nan        nan
         nan        nan        nan        nan]
 [1.00051195 1.00051195 1.00051195 1.00051195 1.00051195 1.00051195
  1.00051195 1.00051195 1.00051195 1.00051195        nan        nan
         nan        nan        nan        nan        nan        nan
         nan        nan        nan        nan        nan        nan
         nan        nan        nan        nan        nan        nan
         nan        nan        nan        nan        nan        nan
         nan        nan        nan        nan]
 [1.00051195 1.00051195 1.00051195 1.00051195 1.00051195 1.00051195
  1.00051195 1.00051195 1.00051195 1.00051195        nan        nan
         nan        nan        nan        nan        nan        nan
         nan        nan        nan        nan        nan        nan
         nan        nan        nan        nan        nan        nan
         nan        nan        nan        nan        nan        nan
         nan        nan        nan        nan]
 [1.00051195 1.00051195 1.00051195 1.00051195 1.00051195 1.00051195
  1.00051195 1.00051195 1.00051195 1.00051195        nan        nan
         nan        nan        nan        nan        nan        nan
         nan        nan        nan        nan        nan        nan
         nan        nan        nan        nan        nan        nan
         nan        nan        nan        nan        nan        nan
         nan        nan        nan        nan]
 [1.00051195 1.00051195 1.00051195 1.00051195 1.00051195 1.00051195
  1.00051195 1.00051195 1.00051195 1.00051195        nan        nan
         nan        nan        nan        nan        nan        nan
         nan        nan        nan        nan        nan        nan
         nan        nan        nan        nan        nan        nan
         nan        nan        nan        nan        nan        nan
         nan        nan        nan        nan]]
00:00:00.07 State variable Tw: [[ 1.  1.  1.  1.  1.  1.  1.  1.  1.  1. nan nan nan nan nan nan nan nan
  nan nan nan nan nan nan nan nan nan nan nan nan nan nan nan nan nan nan
  nan nan nan nan]
 [ 1.  1.  1.  1.  1.  1.  1.  1.  1.  1. nan nan nan nan nan nan nan nan
  nan nan nan nan nan nan nan nan nan nan nan nan nan nan nan nan nan nan
  nan nan nan nan]
 [ 1.  1.  1.  1.  1.  1.  1.  1.  1.  1. nan nan nan nan nan nan nan nan
  nan nan nan nan nan nan nan nan nan nan nan nan nan nan nan nan nan nan
  nan nan nan nan]
 [ 1.  1.  1.  1.  1.  1.  1.  1.  1.  1. nan nan nan nan nan nan nan nan
  nan nan nan nan nan nan nan nan nan nan nan nan nan nan nan nan nan nan
  nan nan nan nan]
 [ 1.  1.  1.  1.  1.  1.  1.  1.  1.  1. nan nan nan nan nan nan nan nan
  nan nan nan nan nan nan nan nan nan nan nan nan nan nan nan nan nan nan
  nan nan nan nan]
 [ 1.  1.  1.  1.  1.  1.  1.  1.  1.  1. nan nan nan nan nan nan nan nan
  nan nan nan nan nan nan nan nan nan nan nan nan nan nan nan nan nan nan
  nan nan nan nan]
 [ 1.  1.  1.  1.  1.  1.  1.  1.  1.  1. nan nan nan nan nan nan nan nan
  nan nan nan nan nan nan nan nan nan nan nan nan nan nan nan nan nan nan
  nan nan nan nan]
 [ 1.  1.  1.  1.  1.  1.  1.  1.  1.  1. nan nan nan nan nan nan nan nan
  nan nan nan nan nan nan nan nan nan nan nan nan nan nan nan nan nan nan
  nan nan nan nan]
 [ 1.  1.  1.  1.  1.  1.  1.  1.  1.  1. nan nan nan nan nan nan nan nan
  nan nan nan nan nan nan nan nan nan nan nan nan nan nan nan nan nan nan
  nan nan nan nan]
 [ 1.  1.  1.  1.  1.  1.  1.  1.  1.  1. nan nan nan nan nan nan nan nan
  nan nan nan nan nan nan nan nan nan nan nan nan nan nan nan nan nan nan
  nan nan nan nan]
 [ 1.  1.  1.  1.  1.  1.  1.  1.  1.  1. nan nan nan nan nan nan nan nan
  nan nan nan nan nan nan nan nan nan nan nan nan nan nan nan nan nan nan
  nan nan nan nan]
 [ 1.  1.  1.  1.  1.  1.  1.  1.  1.  1. nan nan nan nan nan nan nan nan
  nan nan nan nan nan nan nan nan nan nan nan nan nan nan nan nan nan nan
  nan nan nan nan]
 [ 1.  1.  1.  1.  1.  1.  1.  1.  1.  1. nan nan nan nan nan nan nan nan
  nan nan nan nan nan nan nan nan nan nan nan nan nan nan nan nan nan nan
  nan nan nan nan]
 [ 1.  1.  1.  1.  1.  1.  1.  1.  1.  1. nan nan nan nan nan nan nan nan
  nan nan nan nan nan nan nan nan nan nan nan nan nan nan nan nan nan nan
  nan nan nan nan]
 [ 1.  1.  1.  1.  1.  1.  1.  1.  1.  1. nan nan nan nan nan nan nan nan
  nan nan nan nan nan nan nan nan nan nan nan nan nan nan nan nan nan nan
  nan nan nan nan]
 [ 1.  1.  1.  1.  1.  1.  1.  1.  1.  1. nan nan nan nan nan nan nan nan
  nan nan nan nan nan nan nan nan nan nan nan nan nan nan nan nan nan nan
  nan nan nan nan]
 [ 1.  1.  1.  1.  1.  1.  1.  1.  1.  1. nan nan nan nan nan nan nan nan
  nan nan nan nan nan nan nan nan nan nan nan nan nan nan nan nan nan nan
  nan nan nan nan]
 [ 1.  1.  1.  1.  1.  1.  1.  1.  1.  1. nan nan nan nan nan nan nan nan
  nan nan nan nan nan nan nan nan nan nan nan nan nan nan nan nan nan nan
  nan nan nan nan]
 [ 1.  1.  1.  1.  1.  1.  1.  1.  1.  1. nan nan nan nan nan nan nan nan
  nan nan nan nan nan nan nan nan nan nan nan nan nan nan nan nan nan nan
  nan nan nan nan]
 [ 1.  1.  1.  1.  1.  1.  1.  1.  1.  1. nan nan nan nan nan nan nan nan
  nan nan nan nan nan nan nan nan nan nan nan nan nan nan nan nan nan nan
  nan nan nan nan]]
00:00:00.09 State variable xA: [[6.94967024e-05 9.33717599e-05 1.37539463e-04 1.81499100e-04
  2.18717878e-04 2.49118113e-04 2.73360452e-04 2.94035128e-04
  3.12593639e-04 3.30262798e-04            nan            nan
             nan            nan            nan            nan
             nan            nan            nan            nan
             nan            nan            nan            nan
             nan            nan            nan            nan
             nan            nan            nan            nan
             nan            nan            nan            nan
             nan            nan            nan            nan]
 [6.94967024e-05 9.49699180e-05 1.43487557e-04 1.93572282e-04
  2.38371325e-04 2.77628752e-04 3.12120689e-04 3.44294042e-04
  3.75224161e-04 4.04917197e-04            nan            nan
             nan            nan            nan            nan
             nan            nan            nan            nan
             nan            nan            nan            nan
             nan            nan            nan            nan
             nan            nan            nan            nan
             nan            nan            nan            nan
             nan            nan            nan            nan]
 [6.94967024e-05 9.65953066e-05 1.49925982e-04 2.07048293e-04
  2.60852098e-04 3.10776389e-04 3.57678706e-04 4.03023549e-04
  4.46621026e-04 4.86535732e-04            nan            nan
             nan            nan            nan            nan
             nan            nan            nan            nan
             nan            nan            nan            nan
             nan            nan            nan            nan
             nan            nan            nan            nan
             nan            nan            nan            nan
             nan            nan            nan            nan]
 [6.94967024e-05 9.82402415e-05 1.56888307e-04 2.22070906e-04
  2.86443778e-04 3.48879076e-04 4.09785247e-04 4.68446222e-04
  5.22472186e-04 5.68294759e-04            nan            nan
             nan            nan            nan            nan
             nan            nan            nan            nan
             nan            nan            nan            nan
             nan            nan            nan            nan
             nan            nan            nan            nan
             nan            nan            nan            nan
             nan            nan            nan            nan]
 [6.94967024e-05 9.98939345e-05 1.64401248e-04 2.38759115e-04
  3.15298549e-04 3.91804094e-04 4.67000270e-04 5.37014217e-04
  5.97260991e-04 6.44304238e-04            nan            nan
             nan            nan            nan            nan
             nan            nan            nan            nan
             nan            nan            nan            nan
             nan            nan            nan            nan
             nan            nan            nan            nan
             nan            nan            nan            nan
             nan            nan            nan            nan]
 [6.94967024e-05 1.01541714e-04 1.72479286e-04 2.57177987e-04
  3.47327976e-04 4.38678765e-04 5.26676453e-04 6.04334691e-04
  6.66358567e-04 7.11459042e-04            nan            nan
             nan            nan            nan            nan
             nan            nan            nan            nan
             nan            nan            nan            nan
             nan            nan            nan            nan
             nan            nan            nan            nan
             nan            nan            nan            nan
             nan            nan            nan            nan]
 [6.94967024e-05 1.03164219e-04 1.81117456e-04 2.77298790e-04
  3.82084883e-04 4.87776678e-04 5.85509762e-04 6.66619332e-04
  7.27236925e-04 7.69113942e-04            nan            nan
             nan            nan            nan            nan
             nan            nan            nan            nan
             nan            nan            nan            nan
             nan            nan            nan            nan
             nan            nan            nan            nan
             nan            nan            nan            nan
             nan            nan            nan            nan]
 [6.94967024e-05 1.04736917e-04 1.90282325e-04 2.98952311e-04
  4.18683693e-04 5.36761623e-04 6.40430166e-04 7.21609560e-04
  7.79289489e-04 8.17909269e-04            nan            nan
             nan            nan            nan            nan
             nan            nan            nan            nan
             nan            nan            nan            nan
             nan            nan            nan            nan
             nan            nan            nan            nan
             nan            nan            nan            nan
             nan            nan            nan            nan]
 [6.94967024e-05 1.06229847e-04 1.99901503e-04 3.21786621e-04
  4.55829840e-04 5.83247478e-04 6.89337844e-04 7.68581753e-04
  8.23024447e-04 8.58887473e-04            nan            nan
             nan            nan            nan            nan
             nan            nan            nan            nan
             nan            nan            nan            nan
             nan            nan            nan            nan
             nan            nan            nan            nan
             nan            nan            nan            nan
             nan            nan            nan            nan]
 [6.94967024e-05 1.07607351e-04 2.09853026e-04 3.45248626e-04
  4.92000461e-04 6.25367309e-04 7.31325720e-04 8.07843787e-04
  8.59384707e-04 8.93097724e-04            nan            nan
             nan            nan            nan            nan
             nan            nan            nan            nan
             nan            nan            nan            nan
             nan            nan            nan            nan
             nan            nan            nan            nan
             nan            nan            nan            nan
             nan            nan            nan            nan]
 [6.94967024e-05 1.08828032e-04 2.19957026e-04 3.68610325e-04
  5.25729921e-04 6.62050556e-04 7.66427969e-04 8.40195497e-04
  8.89377577e-04 9.21476609e-04            nan            nan
             nan            nan            nan            nan
             nan            nan            nan            nan
             nan            nan            nan            nan
             nan            nan            nan            nan
             nan            nan            nan            nan
             nan            nan            nan            nan
             nan            nan            nan            nan]
 [6.94967024e-05 1.09846335e-04 2.29972302e-04 3.91047382e-04
  5.55875739e-04 6.92968250e-04 7.95200502e-04 8.66557311e-04
  9.13916352e-04 9.44824161e-04            nan            nan
             nan            nan            nan            nan
             nan            nan            nan            nan
             nan            nan            nan            nan
             nan            nan            nan            nan
             nan            nan            nan            nan
             nan            nan            nan            nan
             nan            nan            nan            nan]
 [6.94967024e-05 1.10618194e-04 2.39600923e-04 4.11752443e-04
  5.81755257e-04 7.18306565e-04 8.18385217e-04 8.87785072e-04
  9.33774091e-04 9.63810036e-04            nan            nan
             nan            nan            nan            nan
             nan            nan            nan            nan
             nan            nan            nan            nan
             nan            nan            nan            nan
             nan            nan            nan            nan
             nan            nan            nan            nan
             nan            nan            nan            nan]
 [6.94967024e-05 1.11112404e-04 2.48504413e-04 4.30046308e-04
  6.03133463e-04 7.38531500e-04 8.36726270e-04 9.04612625e-04
  9.49591349e-04 9.78993949e-04            nan            nan
             nan            nan            nan            nan
             nan            nan            nan            nan
             nan            nan            nan            nan
             nan            nan            nan            nan
             nan            nan            nan            nan
             nan            nan            nan            nan
             nan            nan            nan            nan]
 [6.94967024e-05 1.11325453e-04 2.56331377e-04 4.45451865e-04
  6.20116553e-04 7.54218261e-04 8.50897543e-04 9.17655320e-04
  9.61902353e-04 9.90850178e-04            nan            nan
             nan            nan            nan            nan
             nan            nan            nan            nan
             nan            nan            nan            nan
             nan            nan            nan            nan
             nan            nan            nan            nan
             nan            nan            nan            nan
             nan            nan            nan            nan]
 [6.94967024e-05 1.11292570e-04 2.62751296e-04 4.57714988e-04
  6.33017774e-04 7.65948236e-04 8.61484114e-04 9.27429804e-04
  9.71159520e-04 9.99787413e-04            nan            nan
             nan            nan            nan            nan
             nan            nan            nan            nan
             nan            nan            nan            nan
             nan            nan            nan            nan
             nan            nan            nan            nan
             nan            nan            nan            nan
             nan            nan            nan            nan]
 [6.94967024e-05 1.11086733e-04 2.67497651e-04 4.66781546e-04
  6.42242661e-04 7.74256163e-04 8.68985076e-04 9.34373725e-04
  9.77752162e-04 1.00616349e-03            nan            nan
             nan            nan            nan            nan
             nan            nan            nan            nan
             nan            nan            nan            nan
             nan            nan            nan            nan
             nan            nan            nan            nan
             nan            nan            nan            nan
             nan            nan            nan            nan]
 [6.94967024e-05 1.10802915e-04 2.70444708e-04 4.72769624e-04
  6.48230462e-04 7.79625829e-04 8.73838261e-04 9.38875422e-04
  9.82033345e-04 1.01030919e-03            nan            nan
             nan            nan            nan            nan
             nan            nan            nan            nan
             nan            nan            nan            nan
             nan            nan            nan            nan
             nan            nan            nan            nan
             nan            nan            nan            nan
             nan            nan            nan            nan]
 [6.94967024e-05 1.10533862e-04 2.71731626e-04 4.76001889e-04
  6.51485992e-04 7.82551313e-04 8.76488427e-04 9.41338432e-04
  9.84379300e-04 1.01258390e-03            nan            nan
             nan            nan            nan            nan
             nan            nan            nan            nan
             nan            nan            nan            nan
             nan            nan            nan            nan
             nan            nan            nan            nan
             nan            nan            nan            nan
             nan            nan            nan            nan]
 [6.94967024e-05 1.10351020e-04 2.71881226e-04 4.77130683e-04
  6.52698585e-04 7.83657346e-04 8.77496894e-04 9.42279296e-04
  9.85278105e-04 1.01345794e-03            nan            nan
             nan            nan            nan            nan
             nan            nan            nan            nan
             nan            nan            nan            nan
             nan            nan            nan            nan
             nan            nan            nan            nan
             nan            nan            nan            nan
             nan            nan            nan            nan]]
00:00:00.10 State variable xB: [[0.01593564 0.01732869 0.02028055 0.02370749 0.02708886 0.0301598
  0.03285277 0.0351322  0.0370014  0.03849171        nan        nan
         nan        nan        nan        nan        nan        nan
         nan        nan        nan        nan        nan        nan
         nan        nan        nan        nan        nan        nan
         nan        nan        nan        nan        nan        nan
         nan        nan        nan        nan]
 [0.01593564 0.01727608 0.02014046 0.02345159 0.02668516 0.02957321
  0.03204397 0.034061   0.03563014 0.03679913        nan        nan
         nan        nan        nan        nan        nan        nan
         nan        nan        nan        nan        nan        nan
         nan        nan        nan        nan        nan        nan
         nan        nan        nan        nan        nan        nan
         nan        nan        nan        nan]
 [0.01593564 0.01722478 0.01999587 0.02317675 0.02623721 0.02890594
  0.03110697 0.03281349 0.0340485  0.03489278        nan        nan
         nan        nan        nan        nan        nan        nan
         nan        nan        nan        nan        nan        nan
         nan        nan        nan        nan        nan        nan
         nan        nan        nan        nan        nan        nan
         nan        nan        nan        nan]
 [0.01593564 0.01717491 0.01984626 0.0228805  0.02573944 0.02814974
  0.03003853 0.03140664 0.03231415 0.03288176        nan        nan
         nan        nan        nan        nan        nan        nan
         nan        nan        nan        nan        nan        nan
         nan        nan        nan        nan        nan        nan
         nan        nan        nan        nan        nan        nan
         nan        nan        nan        nan]
 [0.01593564 0.01712662 0.01969119 0.02256065 0.02518792 0.02730264
  0.02885359 0.02988936 0.03051786 0.03088425        nan        nan
         nan        nan        nan        nan        nan        nan
         nan        nan        nan        nan        nan        nan
         nan        nan        nan        nan        nan        nan
         nan        nan        nan        nan        nan        nan
         nan        nan        nan        nan]
 [0.01593564 0.01708011 0.0195304  0.02221572 0.02458196 0.02637381
  0.0275886  0.02833376 0.02875376 0.02899013        nan        nan
         nan        nan        nan        nan        nan        nan
         nan        nan        nan        nan        nan        nan
         nan        nan        nan        nan        nan        nan
         nan        nan        nan        nan        nan        nan
         nan        nan        nan        nan]
 [0.01593564 0.01703565 0.0193639  0.02184551 0.02392613 0.02538668
  0.02629668 0.02681472 0.02709415 0.02725164        nan        nan
         nan        nan        nan        nan        nan        nan
         nan        nan        nan        nan        nan        nan
         nan        nan        nan        nan        nan        nan
         nan        nan        nan        nan        nan        nan
         nan        nan        nan        nan]
 [0.01593564 0.0169936  0.01919212 0.02145188 0.023232   0.02437716
  0.02503562 0.0253919  0.02558228 0.02569229        nan        nan
         nan        nan        nan        nan        nan        nan
         nan        nan        nan        nan        nan        nan
         nan        nan        nan        nan        nan        nan
         nan        nan        nan        nan        nan        nan
         nan        nan        nan        nan]
 [0.01593564 0.01695437 0.01901607 0.02103943 0.02251852 0.02338667
  0.02385452 0.02410265 0.02423768 0.02431818        nan        nan
         nan        nan        nan        nan        nan        nan
         nan        nan        nan        nan        nan        nan
         nan        nan        nan        nan        nan        nan
         nan        nan        nan        nan        nan        nan
         nan        nan        nan        nan]
 [0.01593564 0.01691845 0.01883747 0.02061606 0.02181011 0.02245311
  0.02278608 0.02296415 0.0230642  0.02312545        nan        nan
         nan        nan        nan        nan        nan        nan
         nan        nan        nan        nan        nan        nan
         nan        nan        nan        nan        nan        nan
         nan        nan        nan        nan        nan        nan
         nan        nan        nan        nan]
 [0.01593564 0.01688643 0.01865897 0.02019281 0.0211328  0.02160479
  0.02184653 0.02197933 0.02205648 0.02210461        nan        nan
         nan        nan        nan        nan        nan        nan
         nan        nan        nan        nan        nan        nan
         nan        nan        nan        nan        nan        nan
         nan        nan        nan        nan        nan        nan
         nan        nan        nan        nan]
 [0.01593564 0.01685892 0.0184842  0.01978298 0.02050981 0.02085867
  0.02104001 0.02114308 0.02120461 0.02124348        nan        nan
         nan        nan        nan        nan        nan        nan
         nan        nan        nan        nan        nan        nan
         nan        nan        nan        nan        nan        nan
         nan        nan        nan        nan        nan        nan
         nan        nan        nan        nan]
 [0.01593564 0.0168365  0.01831771 0.01940052 0.01995848 0.02022202
  0.02036341 0.02044641 0.02049697 0.02052914        nan        nan
         nan        nan        nan        nan        nan        nan
         nan        nan        nan        nan        nan        nan
         nan        nan        nan        nan        nan        nan
         nan        nan        nan        nan        nan        nan
         nan        nan        nan        nan]
 [0.01593564 0.01681957 0.01816481 0.01905825 0.01948919 0.01969504
  0.01980975 0.01987885 0.01992153 0.01994881        nan        nan
         nan        nan        nan        nan        nan        nan
         nan        nan        nan        nan        nan        nan
         nan        nan        nan        nan        nan        nan
         nan        nan        nan        nan        nan        nan
         nan        nan        nan        nan]
 [0.01593564 0.01680811 0.01803108 0.01876637 0.01910603 0.01927345
  0.01937012 0.01942946 0.01946642 0.01949013        nan        nan
         nan        nan        nan        nan        nan        nan
         nan        nan        nan        nan        nan        nan
         nan        nan        nan        nan        nan        nan
         nan        nan        nan        nan        nan        nan
         nan        nan        nan        nan]
 [0.01593564 0.01680158 0.01792184 0.01853159 0.01880829 0.01895039
  0.01903481 0.01908728 0.01912015 0.01914126        nan        nan
         nan        nan        nan        nan        nan        nan
         nan        nan        nan        nan        nan        nan
         nan        nan        nan        nan        nan        nan
         nan        nan        nan        nan        nan        nan
         nan        nan        nan        nan]
 [0.01593564 0.01679891 0.0178413  0.01835702 0.01859206 0.01871775
  0.01879393 0.01884165 0.01887164 0.0188909         nan        nan
         nan        nan        nan        nan        nan        nan
         nan        nan        nan        nan        nan        nan
         nan        nan        nan        nan        nan        nan
         nan        nan        nan        nan        nan        nan
         nan        nan        nan        nan]
 [0.01593564 0.01679873 0.01779123 0.01824195 0.01845092 0.01856635
  0.0186372  0.01868178 0.01870981 0.0187278         nan        nan
         nan        nan        nan        nan        nan        nan
         nan        nan        nan        nan        nan        nan
         nan        nan        nan        nan        nan        nan
         nan        nan        nan        nan        nan        nan
         nan        nan        nan        nan]
 [0.01593564 0.01679974 0.01776903 0.01818077 0.01837496 0.01848449
  0.01855218 0.01859481 0.01862159 0.01863872        nan        nan
         nan        nan        nan        nan        nan        nan
         nan        nan        nan        nan        nan        nan
         nan        nan        nan        nan        nan        nan
         nan        nan        nan        nan        nan        nan
         nan        nan        nan        nan]
 [0.01593564 0.01680093 0.01776601 0.01816053 0.01834799 0.01845478
  0.01852091 0.01856254 0.01858861 0.01860522        nan        nan
         nan        nan        nan        nan        nan        nan
         nan        nan        nan        nan        nan        nan
         nan        nan        nan        nan        nan        nan
         nan        nan        nan        nan        nan        nan
         nan        nan        nan        nan]]
00:00:00.11 State variable yA: [[0.2        0.20954415 0.21379592 0.21852215 0.22329762 0.22936045
  0.23629611 0.24485677 0.25455486 0.26556483        nan        nan
         nan        nan        nan        nan        nan        nan
         nan        nan        nan        nan        nan        nan
         nan        nan        nan        nan        nan        nan
         nan        nan        nan        nan        nan        nan
         nan        nan        nan        nan]
 [0.2        0.21961882 0.22891116 0.23898503 0.24997799 0.26356372
  0.27859779 0.29635675 0.31502484 0.3331357         nan        nan
         nan        nan        nan        nan        nan        nan
         nan        nan        nan        nan        nan        nan
         nan        nan        nan        nan        nan        nan
         nan        nan        nan        nan        nan        nan
         nan        nan        nan        nan]
 [0.2        0.23030272 0.24561434 0.26223936 0.28098213 0.30377269
  0.32822551 0.35517867 0.38061218 0.4016687         nan        nan
         nan        nan        nan        nan        nan        nan
         nan        nan        nan        nan        nan        nan
         nan        nan        nan        nan        nan        nan
         nan        nan        nan        nan        nan        nan
         nan        nan        nan        nan]
 [0.2        0.24160484 0.26405458 0.28860082 0.31672209 0.34966999
  0.38380985 0.41735891 0.44483618 0.46409617        nan        nan
         nan        nan        nan        nan        nan        nan
         nan        nan        nan        nan        nan        nan
         nan        nan        nan        nan        nan        nan
         nan        nan        nan        nan        nan        nan
         nan        nan        nan        nan]
 [0.2        0.2535205  0.28436357 0.31829934 0.35722934 0.40022524
  0.44208937 0.47752497 0.50223607 0.5171348         nan        nan
         nan        nan        nan        nan        nan        nan
         nan        nan        nan        nan        nan        nan
         nan        nan        nan        nan        nan        nan
         nan        nan        nan        nan        nan        nan
         nan        nan        nan        nan]
 [0.2        0.26602574 0.30663456 0.35139048 0.40185801 0.45331786
  0.49859109 0.53114913 0.55057385 0.56111871        nan        nan
         nan        nan        nan        nan        nan        nan
         nan        nan        nan        nan        nan        nan
         nan        nan        nan        nan        nan        nan
         nan        nan        nan        nan        nan        nan
         nan        nan        nan        nan]
 [0.2        0.27906839 0.33089333 0.38764072 0.4491255  0.50576088
  0.54932691 0.57618658 0.59034218 0.59770396        nan        nan
         nan        nan        nan        nan        nan        nan
         nan        nan        nan        nan        nan        nan
         nan        nan        nan        nan        nan        nan
         nan        nan        nan        nan        nan        nan
         nan        nan        nan        nan]
 [0.2        0.29255661 0.35706109 0.42641017 0.49679221 0.55413463
  0.59218177 0.61289182 0.6230553  0.6284012         nan        nan
         nan        nan        nan        nan        nan        nan
         nan        nan        nan        nan        nan        nan
         nan        nan        nan        nan        nan        nan
         nan        nan        nan        nan        nan        nan
         nan        nan        nan        nan]
 [0.2        0.30635104 0.38491215 0.46658326 0.54225258 0.59595949
  0.62700715 0.64259664 0.65013835 0.65426284        nan        nan
         nan        nan        nan        nan        nan        nan
         nan        nan        nan        nan        nan        nan
         nan        nan        nan        nan        nan        nan
         nan        nan        nan        nan        nan        nan
         nan        nan        nan        nan]
 [0.2        0.32026037 0.41403503 0.50661608 0.58316256 0.63032214
  0.65481431 0.6667222  0.6726423  0.6760125         nan        nan
         nan        nan        nan        nan        nan        nan
         nan        nan        nan        nan        nan        nan
         nan        nan        nan        nan        nan        nan
         nan        nan        nan        nan        nan        nan
         nan        nan        nan        nan]
 [0.2        0.33402453 0.44381321 0.54474498 0.61801222 0.65763559
  0.67693256 0.68639675 0.6913144  0.69419525        nan        nan
         nan        nan        nan        nan        nan        nan
         nan        nan        nan        nan        nan        nan
         nan        nan        nan        nan        nan        nan
         nan        nan        nan        nan        nan        nan
         nan        nan        nan        nan]
 [0.2        0.34726951 0.47343909 0.57931822 0.64633403 0.67896967
  0.69454152 0.70243403 0.70670932 0.70925583        nan        nan
         nan        nan        nan        nan        nan        nan
         nan        nan        nan        nan        nan        nan
         nan        nan        nan        nan        nan        nan
         nan        nan        nan        nan        nan        nan
         nan        nan        nan        nan]
 [0.2        0.35945228 0.50196335 0.60912255 0.66850372 0.69548824
  0.70853804 0.71541731 0.71926103 0.72157011        nan        nan
         nan        nan        nan        nan        nan        nan
         nan        nan        nan        nan        nan        nan
         nan        nan        nan        nan        nan        nan
         nan        nan        nan        nan        nan        nan
         nan        nan        nan        nan]
 [0.2        0.36986561 0.52838256 0.63356671 0.68535504 0.7081782
  0.71956877 0.72578158 0.729324   0.73146095        nan        nan
         nan        nan        nan        nan        nan        nan
         nan        nan        nan        nan        nan        nan
         nan        nan        nan        nan        nan        nan
         nan        nan        nan        nan        nan        nan
         nan        nan        nan        nan]
 [0.2        0.3777837  0.55176886 0.6526643  0.69784085 0.71779369
  0.72810507 0.73387011 0.73719814 0.73920988        nan        nan
         nan        nan        nan        nan        nan        nan
         nan        nan        nan        nan        nan        nan
         nan        nan        nan        nan        nan        nan
         nan        nan        nan        nan        nan        nan
         nan        nan        nan        nan]
 [0.2        0.38274377 0.57139745 0.66685956 0.70683016 0.72489236
  0.73450595 0.73996757 0.74314367 0.74506569        nan        nan
         nan        nan        nan        nan        nan        nan
         nan        nan        nan        nan        nan        nan
         nan        nan        nan        nan        nan        nan
         nan        nan        nan        nan        nan        nan
         nan        nan        nan        nan]
 [0.2        0.38482238 0.58677612 0.67680672 0.71302703 0.7298905
  0.73905956 0.74431895 0.74739073 0.74925094        nan        nan
         nan        nan        nan        nan        nan        nan
         nan        nan        nan        nan        nan        nan
         nan        nan        nan        nan        nan        nan
         nan        nan        nan        nan        nan        nan
         nan        nan        nan        nan]
 [0.2        0.38470718 0.59759193 0.68321141 0.71697691 0.73311822
  0.74201686 0.74714931 0.7501548  0.75197601        nan        nan
         nan        nan        nan        nan        nan        nan
         nan        nan        nan        nan        nan        nan
         nan        nan        nan        nan        nan        nan
         nan        nan        nan        nan        nan        nan
         nan        nan        nan        nan]
 [0.2        0.38347372 0.60381235 0.68678025 0.71913721 0.73488677
  0.74363949 0.7487031  0.75167321 0.75347431        nan        nan
         nan        nan        nan        nan        nan        nan
         nan        nan        nan        nan        nan        nan
         nan        nan        nan        nan        nan        nan
         nan        nan        nan        nan        nan        nan
         nan        nan        nan        nan]
 [0.2        0.38220423 0.60613157 0.6882563  0.7199841  0.73556919
  0.74426333 0.74930054 0.75225815 0.75405305        nan        nan
         nan        nan        nan        nan        nan        nan
         nan        nan        nan        nan        nan        nan
         nan        nan        nan        nan        nan        nan
         nan        nan        nan        nan        nan        nan
         nan        nan        nan        nan]]
00:00:00.12 State variable yB: [[0.8        0.79045585 0.78620408 0.78147785 0.77670238 0.77063955
  0.76370389 0.75514323 0.74544514 0.73443517        nan        nan
         nan        nan        nan        nan        nan        nan
         nan        nan        nan        nan        nan        nan
         nan        nan        nan        nan        nan        nan
         nan        nan        nan        nan        nan        nan
         nan        nan        nan        nan]
 [0.8        0.78038118 0.77108884 0.76101497 0.75002201 0.73643628
  0.72140221 0.70364325 0.68497516 0.6668643         nan        nan
         nan        nan        nan        nan        nan        nan
         nan        nan        nan        nan        nan        nan
         nan        nan        nan        nan        nan        nan
         nan        nan        nan        nan        nan        nan
         nan        nan        nan        nan]
 [0.8        0.76969728 0.75438566 0.73776064 0.71901787 0.69622731
  0.67177449 0.64482133 0.61938782 0.5983313         nan        nan
         nan        nan        nan        nan        nan        nan
         nan        nan        nan        nan        nan        nan
         nan        nan        nan        nan        nan        nan
         nan        nan        nan        nan        nan        nan
         nan        nan        nan        nan]
 [0.8        0.75839516 0.73594542 0.71139918 0.68327791 0.65033001
  0.61619015 0.58264109 0.55516382 0.53590383        nan        nan
         nan        nan        nan        nan        nan        nan
         nan        nan        nan        nan        nan        nan
         nan        nan        nan        nan        nan        nan
         nan        nan        nan        nan        nan        nan
         nan        nan        nan        nan]
 [0.8        0.7464795  0.71563643 0.68170066 0.64277066 0.59977476
  0.55791063 0.52247503 0.49776393 0.4828652         nan        nan
         nan        nan        nan        nan        nan        nan
         nan        nan        nan        nan        nan        nan
         nan        nan        nan        nan        nan        nan
         nan        nan        nan        nan        nan        nan
         nan        nan        nan        nan]
 [0.8        0.73397426 0.69336544 0.64860952 0.59814199 0.54668214
  0.50140891 0.46885087 0.44942615 0.43888129        nan        nan
         nan        nan        nan        nan        nan        nan
         nan        nan        nan        nan        nan        nan
         nan        nan        nan        nan        nan        nan
         nan        nan        nan        nan        nan        nan
         nan        nan        nan        nan]
 [0.8        0.72093161 0.66910667 0.61235928 0.5508745  0.49423912
  0.45067309 0.42381342 0.40965782 0.40229604        nan        nan
         nan        nan        nan        nan        nan        nan
         nan        nan        nan        nan        nan        nan
         nan        nan        nan        nan        nan        nan
         nan        nan        nan        nan        nan        nan
         nan        nan        nan        nan]
 [0.8        0.70744339 0.64293891 0.57358983 0.50320779 0.44586537
  0.40781823 0.38710818 0.3769447  0.3715988         nan        nan
         nan        nan        nan        nan        nan        nan
         nan        nan        nan        nan        nan        nan
         nan        nan        nan        nan        nan        nan
         nan        nan        nan        nan        nan        nan
         nan        nan        nan        nan]
 [0.8        0.69364896 0.61508785 0.53341674 0.45774742 0.40404051
  0.37299285 0.35740336 0.34986165 0.34573716        nan        nan
         nan        nan        nan        nan        nan        nan
         nan        nan        nan        nan        nan        nan
         nan        nan        nan        nan        nan        nan
         nan        nan        nan        nan        nan        nan
         nan        nan        nan        nan]
 [0.8        0.67973963 0.58596497 0.49338392 0.41683744 0.36967786
  0.34518569 0.3332778  0.3273577  0.3239875         nan        nan
         nan        nan        nan        nan        nan        nan
         nan        nan        nan        nan        nan        nan
         nan        nan        nan        nan        nan        nan
         nan        nan        nan        nan        nan        nan
         nan        nan        nan        nan]
 [0.8        0.66597547 0.55618679 0.45525502 0.38198778 0.34236441
  0.32306744 0.31360325 0.3086856  0.30580475        nan        nan
         nan        nan        nan        nan        nan        nan
         nan        nan        nan        nan        nan        nan
         nan        nan        nan        nan        nan        nan
         nan        nan        nan        nan        nan        nan
         nan        nan        nan        nan]
 [0.8        0.65273049 0.52656091 0.42068178 0.35366597 0.32103033
  0.30545848 0.29756597 0.29329068 0.29074417        nan        nan
         nan        nan        nan        nan        nan        nan
         nan        nan        nan        nan        nan        nan
         nan        nan        nan        nan        nan        nan
         nan        nan        nan        nan        nan        nan
         nan        nan        nan        nan]
 [0.8        0.64054772 0.49803665 0.39087745 0.33149628 0.30451176
  0.29146196 0.28458269 0.28073897 0.27842989        nan        nan
         nan        nan        nan        nan        nan        nan
         nan        nan        nan        nan        nan        nan
         nan        nan        nan        nan        nan        nan
         nan        nan        nan        nan        nan        nan
         nan        nan        nan        nan]
 [0.8        0.63013439 0.47161744 0.36643329 0.31464496 0.2918218
  0.28043123 0.27421842 0.270676   0.26853905        nan        nan
         nan        nan        nan        nan        nan        nan
         nan        nan        nan        nan        nan        nan
         nan        nan        nan        nan        nan        nan
         nan        nan        nan        nan        nan        nan
         nan        nan        nan        nan]
 [0.8        0.6222163  0.44823114 0.3473357  0.30215915 0.28220631
  0.27189493 0.26612989 0.26280186 0.26079012        nan        nan
         nan        nan        nan        nan        nan        nan
         nan        nan        nan        nan        nan        nan
         nan        nan        nan        nan        nan        nan
         nan        nan        nan        nan        nan        nan
         nan        nan        nan        nan]
 [0.8        0.61725623 0.42860255 0.33314044 0.29316984 0.27510764
  0.26549405 0.26003243 0.25685633 0.25493431        nan        nan
         nan        nan        nan        nan        nan        nan
         nan        nan        nan        nan        nan        nan
         nan        nan        nan        nan        nan        nan
         nan        nan        nan        nan        nan        nan
         nan        nan        nan        nan]
 [0.8        0.61517762 0.41322388 0.32319328 0.28697297 0.2701095
  0.26094044 0.25568105 0.25260927 0.25074906        nan        nan
         nan        nan        nan        nan        nan        nan
         nan        nan        nan        nan        nan        nan
         nan        nan        nan        nan        nan        nan
         nan        nan        nan        nan        nan        nan
         nan        nan        nan        nan]
 [0.8        0.61529282 0.40240807 0.31678859 0.28302309 0.26688178
  0.25798314 0.25285069 0.2498452  0.24802399        nan        nan
         nan        nan        nan        nan        nan        nan
         nan        nan        nan        nan        nan        nan
         nan        nan        nan        nan        nan        nan
         nan        nan        nan        nan        nan        nan
         nan        nan        nan        nan]
 [0.8        0.61652628 0.39618765 0.31321975 0.28086279 0.26511323
  0.25636051 0.2512969  0.24832679 0.24652569        nan        nan
         nan        nan        nan        nan        nan        nan
         nan        nan        nan        nan        nan        nan
         nan        nan        nan        nan        nan        nan
         nan        nan        nan        nan        nan        nan
         nan        nan        nan        nan]
 [0.8        0.61779577 0.39386843 0.3117437  0.2800159  0.26443081
  0.25573667 0.25069946 0.24774185 0.24594695        nan        nan
         nan        nan        nan        nan        nan        nan
         nan        nan        nan        nan        nan        nan
         nan        nan        nan        nan        nan        nan
         nan        nan        nan        nan        nan        nan
         nan        nan        nan        nan]]
00:00:00.12 State variable velocity: yB
00:00:00.77 done
