Starting at 2022-06-25 04:52:19.617669
Args: ./test
00:00:00.00 time :[ 0.   0.1  0.2  0.3  0.4  0.5  0.6  0.7  0.8  0.9  1.   1.1  1.2  1.3
  1.4  1.5  1.6  1.7  1.8  1.9  2.   2.1  2.2  2.3  2.4  2.5  2.6  2.7
  2.8  2.9  3.   3.1  3.2  3.3  3.4  3.5  3.6  3.7  3.8  3.9  4.   4.1
  4.2  4.3  4.4  4.5  4.6  4.7  4.8  4.9  5.   5.1  5.2  5.3  5.4  5.5
  5.6  5.7  5.8  5.9  6.   6.1  6.2  6.3  6.4  6.5  6.6  6.7  6.8  6.9
  7.   7.1  7.2  7.3  7.4  7.5  7.6  7.7  7.8  7.9  8.   8.1  8.2  8.3
  8.4  8.5  8.6  8.7  8.8  8.9  9.   9.1  9.2  9.3  9.4  9.5  9.6  9.7
  9.8  9.9 10.  10.1 10.2 10.3 10.4 10.5 10.6 10.7 10.8 10.9 11.  11.1
 11.2 11.3 11.4 11.5 11.6 11.7 11.8 11.9 12.  12.1 12.2 12.3 12.4 12.5
 12.6 12.7 12.8 12.9 13.  13.1 13.2 13.3 13.4 13.5 13.6 13.7 13.8 13.9
 14.  14.1 14.2 14.3 14.4 14.5 14.6 14.7 14.8 14.9 15.  15.1 15.2 15.3
 15.4 15.5 15.6 15.7 15.8 15.9 16.  16.1 16.2 16.3 16.4 16.5 16.6 16.7
 16.8 16.9 17.  17.1 17.2 17.3 17.4 17.5 17.6 17.7 17.8 17.9 18.  18.1
 18.2 18.3 18.4 18.5 18.6 18.7 18.8 18.9 19.  19.1 19.2 19.3 19.4 19.5
 19.6 19.7 19.8 19.9 20.  20.1 20.2 20.3 20.4 20.5 20.6 20.7 20.8 20.9
 21.  21.1 21.2 21.3 21.4 21.5 21.6 21.7 21.8 21.9 22.  22.1 22.2 22.3
 22.4 22.5 22.6 22.7 22.8 22.9 23.  23.1 23.2 23.3 23.4 23.5 23.6 23.7
 23.8 23.9 24.  24.1 24.2 24.3 24.4 24.5 24.6 24.7 24.8 24.9 25.  25.1
 25.2 25.3 25.4 25.5 25.6 25.7 25.8 25.9 26.  26.1 26.2 26.3 26.4 26.5
 26.6 26.7 26.8 26.9 27.  27.1 27.2 27.3 27.4 27.5 27.6 27.7 27.8 27.9
 28.  28.1 28.2 28.3 28.4 28.5 28.6 28.7 28.8 28.9 29.  29.1 29.2 29.3
 29.4 29.5 29.6 29.7 29.8 29.9 30.  30.1 30.2 30.3 30.4 30.5 30.6 30.7
 30.8 30.9 31.  31.1 31.2 31.3 31.4 31.5 31.6 31.7 31.8 31.9 32.  32.1
 32.2 32.3 32.4 32.5 32.6 32.7 32.8 32.9 33.  33.1 33.2 33.3 33.4 33.5
 33.6 33.7 33.8 33.9 34.  34.1 34.2 34.3 34.4 34.5 34.6 34.7 34.8 34.9
 35.  35.1 35.2 35.3 35.4 35.5 35.6 35.7 35.8 35.9 36.  36.1 36.2 36.3
 36.4 36.5 36.6 36.7 36.8 36.9 37.  37.1 37.2 37.3 37.4 37.5 37.6 37.7
 37.8 37.9 38.  38.1 38.2 38.3 38.4 38.5 38.6 38.7 38.8 38.9 39.  39.1
 39.2 39.3 39.4 39.5 39.6 39.7 39.8 39.9]
00:00:00.00 parameters: {'R': 8.314, 'nocomponents': 2, 'xnames': ['xA', 'xB'], 'ynames': ['yA', 'yB'], 'feed_yi': [0.2, 0.8], 'ini_yi': [0.2, 0.8], 'isomodel': 'Langmuir-Freundlich', 'bi': [0.0042, 0.0616], 'qsi': [2.5, 7.3], 'qs0': 7.3, 'ni': [1.006, 0.83], 'ki': [0.62, 0.197], 'Hi': [0, 0], 'mode': 1, 'bed': 1, 'N': 20, 'tstep': 0.1, 'adsorb': True, 'Ta': 293.15, 'D': 0.083, 'L': 1, 'product_tank_volume': 0.002, 'epsilon': 0.37, 'epsilonp': 0.35, 'rp': 0.0007, 'tauprime': 3.0, 'input_orifice': 2.2, 'output_orifice': 1.4, 'product_orifice': 0.475, 'blowdown_orifice': 2.8, 'vent_orifice': 1.0, 'feed_pressure': 1, 'PI': 50000.0, 'PL': 25000.0, 'PH': 100000.0, 'product_pressure': 2, 'rho_s': 1130, 'rho_w': 7800, 'Cpg': 30.7, 'Cpa': 30.7, 'Cps': 1339, 'Cpw': 502, 'mu': 1.72e-05, 'Dm': 1.6e-05, 'gamma': 1.4, 'Kz': 0.09, 'Kw': 16, 'hin': 8.6, 'hout': 2.5, 'eta': 0.72, 'area': 0.005410607947645022, 'volume': 0.005410607947645022, 'rin': 0.0415, 'rout': 0.2915, 'epst': 0.5873015873015873, 'epsb': 1.7027027027027026, 'cellsize': 0.05, 'deltaZ': 0.05, 'container_vol': 0.005410607947645022, 'vfeed': 1, 'norm_v0': 1, 'norm_t0': 1.0, 'norm_P0': 100000.0, 'norm_T0': 293, 'rho_g': 1.1898660666240475, 'Dp': 5.333333333333333e-06, 'lamda_pre': 0.5, 'lamda_blw': 0.5, 'lamda_eva': 0.5, 'tpre': 10, 'tads': 10, 'tblw': 10, 'teva': 10, 'norm_tpre': 10.0, 'norm_tads': 20.0, 'norm_tblw': 30.0, 'norm_tend': 40.0, 'DL': 0.00049}
00:00:00.01 State variable P: [[0.25       0.28536666 0.31992893 ...        nan        nan        nan]
 [0.25       0.28309212 0.31720036 ...        nan        nan        nan]
 [0.25       0.28095333 0.31461536 ...        nan        nan        nan]
 ...
 [0.25       0.26383756 0.29300371 ...        nan        nan        nan]
 [0.25       0.26361911 0.29271429 ...        nan        nan        nan]
 [0.25       0.26350998 0.29256955 ...        nan        nan        nan]]
00:00:00.01 State variable T: [[1.00051195 1.00051195 1.00051195 ...        nan        nan        nan]
 [1.00051195 1.00051195 1.00051195 ...        nan        nan        nan]
 [1.00051195 1.00051195 1.00051195 ...        nan        nan        nan]
 ...
 [1.00051195 1.00051195 1.00051195 ...        nan        nan        nan]
 [1.00051195 1.00051195 1.00051195 ...        nan        nan        nan]
 [1.00051195 1.00051195 1.00051195 ...        nan        nan        nan]]
00:00:00.01 State variable Tw: [[ 1.  1.  1. ... nan nan nan]
 [ 1.  1.  1. ... nan nan nan]
 [ 1.  1.  1. ... nan nan nan]
 ...
 [ 1.  1.  1. ... nan nan nan]
 [ 1.  1.  1. ... nan nan nan]
 [ 1.  1.  1. ... nan nan nan]]
00:00:00.01 State variable xA: [[6.94967024e-05 6.98150661e-05 7.07533223e-05 ...            nan
             nan            nan]
 [6.94967024e-05 6.97958067e-05 7.07490521e-05 ...            nan
             nan            nan]
 [6.94967024e-05 6.97723226e-05 7.07186970e-05 ...            nan
             nan            nan]
 ...
 [6.94967024e-05 6.95837557e-05 7.01340151e-05 ...            nan
             nan            nan]
 [6.94967024e-05 6.95816544e-05 7.01261221e-05 ...            nan
             nan            nan]
 [6.94967024e-05 6.95806068e-05 7.01221557e-05 ...            nan
             nan            nan]]
00:00:00.01 State variable xB: [[0.01593564 0.01595324 0.0160043  ...        nan        nan        nan]
 [0.01593564 0.0159516  0.01599938 ...        nan        nan        nan]
 [0.01593564 0.01595018 0.01599516 ...        nan        nan        nan]
 ...
 [0.01593564 0.01594037 0.01596702 ...        nan        nan        nan]
 [0.01593564 0.01594026 0.01596667 ...        nan        nan        nan]
 [0.01593564 0.0159402  0.0159665  ...        nan        nan        nan]]
00:00:00.01 State variable yA: [[0.2        0.20211145 0.20401041 ...        nan        nan        nan]
 [0.2        0.20311998 0.20736418 ...        nan        nan        nan]
 [0.2        0.20338405 0.2098353  ...        nan        nan        nan]
 ...
 [0.2        0.20116488 0.20732084 ...        nan        nan        nan]
 [0.2        0.20113598 0.20722026 ...        nan        nan        nan]
 [0.2        0.20112136 0.20716769 ...        nan        nan        nan]]
00:00:00.01 State variable yB: [[0.8        0.79788855 0.79598959 ...        nan        nan        nan]
 [0.8        0.79688002 0.79263582 ...        nan        nan        nan]
 [0.8        0.79661595 0.7901647  ...        nan        nan        nan]
 ...
 [0.8        0.79883512 0.79267916 ...        nan        nan        nan]
 [0.8        0.79886402 0.79277974 ...        nan        nan        nan]
 [0.8        0.79887864 0.79283231 ...        nan        nan        nan]]
00:00:00.03 State variable velocity: yB
00:00:00.69 done
