Starting at 2022-06-25 04:58:49.539140
Args: ./test
00:00:00.00 time :[ 0.  1.  2.  3.  4.  5.  6.  7.  8.  9. 10. 11. 12. 13. 14. 15. 16. 17.
 18. 19. 20. 21. 22. 23. 24. 25. 26. 27. 28. 29. 30. 31. 32. 33. 34. 35.
 36. 37. 38. 39. 40. 41. 42. 43. 44. 45. 46. 47. 48. 49.]
00:00:00.00 parameters: {'R': 8.314, 'nocomponents': 2, 'xnames': ['xA', 'xB'], 'ynames': ['yA', 'yB'], 'feed_yi': [0.2, 0.8], 'ini_yi': [0.2, 0.8], 'isomodel': 'Langmuir-Freundlich', 'bi': [0.0042, 0.0616], 'qsi': [2.5, 7.3], 'qs0': 7.3, 'ni': [1.006, 0.83], 'ki': [0.62, 0.197], 'Hi': [0, 0], 'mode': 1, 'bed': 1, 'N': 20, 'tstep': 1, 'adsorb': True, 'Ta': 293.15, 'D': 0.083, 'L': 1, 'product_tank_volume': 0.002, 'epsilon': 0.37, 'epsilonp': 0.35, 'rp': 0.0007, 'tauprime': 3.0, 'input_orifice': 2.2, 'output_orifice': 1.4, 'product_orifice': 0.475, 'blowdown_orifice': 2.8, 'vent_orifice': 1.0, 'feed_pressure': 1, 'PI': 50000.0, 'PL': 25000.0, 'PH': 100000.0, 'product_pressure': 2, 'rho_s': 1130, 'rho_w': 7800, 'Cpg': 30.7, 'Cpa': 30.7, 'Cps': 1339, 'Cpw': 502, 'mu': 1.72e-05, 'Dm': 1.6e-05, 'gamma': 1.4, 'Kz': 0.09, 'Kw': 16, 'hin': 8.6, 'hout': 2.5, 'eta': 0.72, 'area': 0.005410607947645022, 'volume': 0.005410607947645022, 'rin': 0.0415, 'rout': 0.2915, 'epst': 0.5873015873015873, 'epsb': 1.7027027027027026, 'cellsize': 0.05, 'deltaZ': 0.05, 'container_vol': 0.005410607947645022, 'vfeed': 1, 'norm_v0': 1, 'norm_t0': 1.0, 'norm_P0': 100000.0, 'norm_T0': 293, 'rho_g': 1.1898660666240475, 'Dp': 5.333333333333333e-06, 'lamda_pre': 0.5, 'lamda_blw': 0.5, 'lamda_eva': 0.5, 'tpre': 15, 'tads': 15, 'tblw': 10, 'teva': 10, 'norm_tpre': 15.0, 'norm_tads': 30.0, 'norm_tblw': 40.0, 'norm_tend': 50.0, 'DL': 0.00049}
00:00:00.02 State variable P: [[0.25       0.54361788 0.72299511 0.83187158 0.89794631 0.93798478
  0.96238804 0.97716178 0.98613296 0.9915749  0.99488226 0.99689034
  0.99811219 0.99885347 0.99930229 0.99958952 1.02427171 1.02481225
  1.02581392 1.02690631 1.02802191 1.02911361 1.03014889 1.0311072
  1.03197827 1.03275936 1.03345241 1.03406209 1.03459519 1.03505908
  1.03489909 0.81425483 0.69850503 0.62787602 0.58431742 0.55705954
  0.53960439 0.52820631 0.52060402 0.5153999         nan        nan
         nan        nan        nan        nan        nan        nan
         nan        nan]
 [0.25       0.54082896 0.72097279 0.83046295 0.89697634 0.93732177
  0.96194226 0.97686296 0.98593439 0.991444   0.99479671 0.99683447
  0.99807546 0.99882927 0.99928596 0.99956938 1.0223984  1.02293331
  1.0239301  1.02501834 1.02613045 1.02721922 1.02825205 1.02920831
  1.03007765 1.03085731 1.03154914 1.0321578  1.03269004 1.0331532
  1.03329537 0.81419069 0.69842221 0.62778453 0.58422449 0.55697089
  0.53952312 0.52813385 0.52054075 0.51534536        nan        nan
         nan        nan        nan        nan        nan        nan
         nan        nan]
 [0.25       0.53821057 0.71911095 0.82919456 0.89612497 0.93675674
  0.96157544 0.97662601 0.98578281 0.99134758 0.99473559 0.99679543
  0.99805014 0.99881265 0.99927468 0.99955882 1.02057069 1.02109279
  1.02207828 1.02315683 1.02426073 1.02534259 1.0263696  1.02732098
  1.02818623 1.02896245 1.02965139 1.03025762 1.03078781 1.03124925
  1.03152969 0.8140638  0.69825807 0.62760309 0.58404006 0.55679489
  0.53936171 0.52798992 0.52041503 0.51523698        nan        nan
         nan        nan        nan        nan        nan        nan
         nan        nan]
 [0.25       0.535761   0.71740619 0.82806151 0.89538583 0.93628175
  0.96127815 0.97644049 0.9856676  0.99127582 0.99469065 0.99676685
  0.99803159 0.99880045 0.99926634 0.99955213 1.01880029 1.01930109
  1.02026755 1.02132963 1.02241947 1.02348941 1.02450639 1.02544932
  1.02630747 1.02707771 1.02776163 1.02836364 1.02889027 1.02934871
  1.02969109 0.81387557 0.69801413 0.62733321 0.58376559 0.55653284
  0.53912132 0.52777551 0.52022775 0.51507552        nan        nan
         nan        nan        nan        nan        nan        nan
         nan        nan]
 [0.25       0.53347818 0.71585449 0.82705801 0.8947513  0.93588741
  0.96103963 0.97629542 0.98557883 0.99122077 0.99465609 0.99674477
  0.99801719 0.99879094 0.99925983 0.99954728 1.01709738 1.01756751
  1.01850618 1.01954398 1.02061295 1.02166513 1.02266707 1.02359731
  1.02444476 1.02520599 1.02588232 1.02647792 1.02699917 1.02745306
  1.02782134 0.81362738 0.69769186 0.62697642 0.5834025  0.55618605
  0.5388031  0.52749165 0.51997978 0.51486174        nan        nan
         nan        nan        nan        nan        nan        nan
         nan        nan]
 [0.25       0.53135973 0.71445118 0.82617726 0.89421249 0.93556311
  0.96084865 0.97618064 0.98550861 0.99117693 0.99462837 0.99672695
  0.99800554 0.99878323 0.99925454 0.99954345 1.01547035 1.01590005
  1.01680151 1.01780645 1.01884697 1.0198748  1.02085604 1.02176875
  1.02260137 1.02335008 1.02401585 1.02460254 1.02511627 1.0255638
  1.02594043 0.81332061 0.69729277 0.62653422 0.58295221 0.5557558
  0.53840821 0.52713935 0.51967202 0.51459641        nan        nan
         nan        nan        nan        nan        nan        nan
         nan        nan]
 [0.25       0.52940296 0.71319091 0.82541141 0.89375932 0.93529758
  0.96069459 0.97608787 0.98545135 0.99114084 0.99460539 0.99671213
  0.99799583 0.99877681 0.99925014 0.99954031 1.01392569 1.01430533
  1.0151599  1.01612294 1.01712687 1.01812319 1.0190775  1.0199673
  1.0207805  1.02151277 1.02216463 1.02273956 1.02324334 1.02368247
  1.02405829 0.81295665 0.69681833 0.62600811 0.58241614 0.55524338
  0.53793779 0.52671962 0.51930536 0.51428033        nan        nan
         nan        nan        nan        nan        nan        nan
         nan        nan]
 [0.25       0.5276049  0.7120676  0.82475162 0.89338091 0.93507984
  0.96056848 0.97601112 0.98540347 0.99111042 0.99458593 0.99669955
  0.99798759 0.99877137 0.99924642 0.99953768 1.0124679  1.01278858
  1.01358671 1.01449865 1.01545752 1.01641473 1.01733543 1.01819652
  1.01898529 1.01969679 1.02033104 1.02089105 1.02138218 1.0218106
  1.02218025 0.8125369  0.69627005 0.6253996  0.58179569 0.55465008
  0.53739302 0.52623352 0.51888075 0.51391433        nan        nan
         nan        nan        nan        nan        nan        nan
         nan        nan]
 [0.25       0.52596231 0.71107445 0.82418818 0.89306614 0.93489998
  0.96046343 0.97594635 0.98536268 0.99108437 0.99456923 0.99668875
  0.99798052 0.9987667  0.99924324 0.99953544 1.01109931 1.01135354
  1.01208632 1.0129381  1.01384333 1.01475359 1.01563367 1.01645988
  1.01721882 1.01790489 1.0185175  1.01905913 1.01953465 1.01994981
  1.02030955 0.81206279 0.69564946 0.62471023 0.58109233 0.55397723
  0.53677508 0.52568211 0.51839913 0.51349927        nan        nan
         nan        nan        nan        nan        nan        nan
         nan        nan]
 [0.25       0.52447171 0.71020403 0.82371082 0.89280436 0.93474989
  0.9603746  0.97589092 0.98532757 0.99106187 0.99455479 0.99667942
  0.99797442 0.99876269 0.99924051 0.99953352 1.00981988 1.01000238
  1.010662   1.01144512 1.01228829 1.01314368 1.01397592 1.01476079
  1.0154842  1.01613986 1.01672649 1.01724598 1.01770265 1.01810177
  1.01844847 0.81153581 0.69495816 0.62394161 0.58030755 0.5532262
  0.53608522 0.5250665  0.51786153 0.51303604        nan        nan
         nan        nan        nan        nan        nan        nan
         nan        nan]
 [0.25       0.52312942 0.70944831 0.82330913 0.89258612 0.93462339
  0.96029868 0.97584315 0.98529718 0.99104237 0.99454227 0.99667132
  0.99796914 0.99875922 0.99923816 0.99953188 1.00862695 1.00873557
  1.00931587 1.01002278 1.01079591 1.01158864 1.01236574 1.01310262
  1.01378455 1.01440452 1.01496055 1.01545387 1.01588819 1.01626825
  1.01659897 0.81095751 0.69419785 0.62309541 0.57944293 0.55239842
  0.53532473 0.52438788 0.51726899 0.5125256         nan        nan
         nan        nan        nan        nan        nan        nan
         nan        nan]
 [0.25       0.52193166 0.70879889 0.82297308 0.89240356 0.93451603
  0.96023352 0.9758019  0.98527088 0.99102547 0.99453142 0.99666432
  0.99796457 0.99875623 0.99923614 0.99953048 1.00751509 1.0075518
  1.00804882 1.00867332 1.00936921 1.01009184 1.01080658 1.01148873
  1.01212304 1.01270181 1.01322235 1.01368519 1.0140934  1.01445112
  1.01476288 0.81032954 0.6933703  0.62217344 0.57850013 0.55149542
  0.53449501 0.5236475  0.51662266 0.51196897        nan        nan
         nan        nan        nan        nan        nan        nan
         nan        nan]
 [0.25       0.52087468 0.70824723 0.82269353 0.8922506  0.93442477
  0.96017766 0.9757664  0.98524822 0.99101091 0.99452207 0.99665829
  0.99796065 0.99875367 0.99923442 0.99952929 1.00647621 1.00644789
  1.00686032 1.00739807 1.00801064 1.00865633 1.00930175 1.00992245
  1.01050289 1.01103474 1.01151466 1.01194246 1.01232054 1.0126524
  1.01294204 0.80965366 0.69247744 0.62117762 0.57748096 0.55051885
  0.53359755 0.52284671 0.51592375 0.51136726        nan        nan
         nan        nan        nan        nan        nan        nan
         nan        nan]
 [0.25       0.51995498 0.70778493 0.82246258 0.89212277 0.93434755
  0.96013012 0.97573613 0.98522888 0.99099848 0.9945141  0.99665315
  0.99795731 0.9987515  0.99923296 0.9995283  1.0055002  1.00541878
  1.0057483  1.00619722 1.00672194 1.00728479 1.0078544  1.00840711
  1.00892738 1.00940646 1.0098404  1.01022836 1.01057202 1.01087425
  1.01113841 0.80893173 0.69152137 0.62011004 0.57638737 0.54947049
  0.53263396 0.52198695 0.5151736  0.51072166        nan        nan
         nan        nan        nan        nan        nan        nan
         nan        nan]
 [0.25       0.51916951 0.70740407 0.82227384 0.89201693 0.934283
  0.96009024 0.97571069 0.98521263 0.99098803 0.9945074  0.99664884
  0.99795452 0.99874969 0.99923175 0.99952748 1.00457596 1.00445767
  1.0047091  1.00506976 1.00550401 1.00597935 1.00646739 1.00694592
  1.00739982 1.0078202  1.00820264 1.00854572 1.00885044 1.00911899
  1.00935408 0.8081658  0.69050435 0.61897299 0.5752215  0.54835228
  0.53160601 0.52106984 0.51437365 0.51003346        nan        nan
         nan        nan        nan        nan        nan        nan
         nan        nan]
 [0.25       0.51851598 0.70709753 0.82212239 0.89193095 0.93423021
  0.96005754 0.97568981 0.98519929 0.99097946 0.9945019  0.99664531
  0.99795223 0.99874821 0.99923077 0.99952683 1.00369255 1.00355632
  1.00373737 1.0040132  1.00435668 1.00474149 1.00514322 1.00554192
  1.00592351 1.00627928 1.00660459 1.00689756 1.00715856 1.00738915
  1.00759127 0.80735807 0.68942889 0.617769   0.57398571 0.5471664
  0.53051565 0.52009713 0.51352547 0.50930408        nan        nan
         nan        nan        nan        nan        nan        nan
         nan        nan]
 [0.25       0.51799303 0.70685922 0.82200461 0.89186339 0.93418854
  0.96003169 0.9756733  0.98518874 0.99097268 0.99449756 0.99664253
  0.99795044 0.99874705 0.99923    0.99952638 1.00284021 1.00270565
  1.00282631 1.00302354 1.00327852 1.00357176 1.00388381 1.00419789
  1.00450164 1.00478703 1.00504954 1.00528701 1.00549931 1.00568741
  1.00585235 0.80651089 0.68829771 0.61650084 0.57268261 0.5459152
  0.52936503 0.51907074 0.51263082 0.50853509        nan        nan
         nan        nan        nan        nan        nan        nan
         nan        nan]
 [0.25       0.51760022 0.70668432 0.82191804 0.89181335 0.93415758
  0.96001246 0.97566103 0.98518089 0.99096764 0.99449434 0.99664046
  0.99794911 0.9987462  0.99922944 0.99952621 1.0020108  1.00189633
  1.00196798 1.00209524 1.00226664 1.00246959 1.00269031 1.00291612
  1.00313716 1.00334674 1.00354085 1.00371736 1.0038758  1.00401664
  1.00413975 0.80562683 0.68711383 0.61517157 0.57131507 0.54460132
  0.52815651 0.5179928  0.51169159 0.50772818        nan        nan
         nan        nan        nan        nan        nan        nan
         nan        nan]
 [0.25       0.51733778 0.70656936 0.82186107 0.89178025 0.93413707
  0.95999972 0.97565289 0.98517569 0.99096431 0.99449221 0.9966391
  0.99794823 0.99874564 0.99922907 0.99952669 1.00119794 1.0011195
  1.00115385 1.00122142 1.00131662 1.00143304 1.00156285 1.00169821
  1.00183265 1.0019615  1.00208184 1.00219193 1.00229125 1.00237987
  1.00245589 0.80470862 0.6858805  0.61378457 0.56988629 0.54322766
  0.52689273 0.51686565 0.51070989 0.50688524        nan        nan
         nan        nan        nan        nan        nan        nan
         nan        nan]
 [0.25       0.5172063  0.70651229 0.82183279 0.89176377 0.93412686
  0.95999337 0.97564883 0.9851731  0.99096265 0.99449115 0.99663842
  0.9979478  0.99874536 0.9992289  0.99952897 1.00039673 1.00036724
  1.0003754  1.00039432 1.00042261 1.00045869 1.00050031 1.00054488
  1.00059008 1.00063408 1.00067568 1.00071407 1.00074895 1.00078024
  1.00080288 0.80375916 0.68460129 0.61234354 0.56839975 0.54179744
  0.52557656 0.51569187 0.50968803 0.5060083         nan        nan
         nan        nan        nan        nan        nan        nan
         nan        nan]]
00:00:00.05 State variable T: [[1.00051195 1.00051195 1.00051195 1.00051195 1.00051195 1.00051195
  1.00051195 1.00051195 1.00051195 1.00051195 1.00051195 1.00051195
  1.00051195 1.00051195 1.00051195 1.00051195 1.00051195 1.00051195
  1.00051195 1.00051195 1.00051195 1.00051195 1.00051195 1.00051195
  1.00051195 1.00051195 1.00051195 1.00051195 1.00051195 1.00051195
  1.00051195 1.00051195 1.00051195 1.00051195 1.00051195 1.00051195
  1.00051195 1.00051195 1.00051195 1.00051195        nan        nan
         nan        nan        nan        nan        nan        nan
         nan        nan]
 [1.00051195 1.00051195 1.00051195 1.00051195 1.00051195 1.00051195
  1.00051195 1.00051195 1.00051195 1.00051195 1.00051195 1.00051195
  1.00051195 1.00051195 1.00051195 1.00051195 1.00051195 1.00051195
  1.00051195 1.00051195 1.00051195 1.00051195 1.00051195 1.00051195
  1.00051195 1.00051195 1.00051195 1.00051195 1.00051195 1.00051195
  1.00051195 1.00051195 1.00051195 1.00051195 1.00051195 1.00051195
  1.00051195 1.00051195 1.00051195 1.00051195        nan        nan
         nan        nan        nan        nan        nan        nan
         nan        nan]
 [1.00051195 1.00051195 1.00051195 1.00051195 1.00051195 1.00051195
  1.00051195 1.00051195 1.00051195 1.00051195 1.00051195 1.00051195
  1.00051195 1.00051195 1.00051195 1.00051195 1.00051195 1.00051195
  1.00051195 1.00051195 1.00051195 1.00051195 1.00051195 1.00051195
  1.00051195 1.00051195 1.00051195 1.00051195 1.00051195 1.00051195
  1.00051195 1.00051195 1.00051195 1.00051195 1.00051195 1.00051195
  1.00051195 1.00051195 1.00051195 1.00051195        nan        nan
         nan        nan        nan        nan        nan        nan
         nan        nan]
 [1.00051195 1.00051195 1.00051195 1.00051195 1.00051195 1.00051195
  1.00051195 1.00051195 1.00051195 1.00051195 1.00051195 1.00051195
  1.00051195 1.00051195 1.00051195 1.00051195 1.00051195 1.00051195
  1.00051195 1.00051195 1.00051195 1.00051195 1.00051195 1.00051195
  1.00051195 1.00051195 1.00051195 1.00051195 1.00051195 1.00051195
  1.00051195 1.00051195 1.00051195 1.00051195 1.00051195 1.00051195
  1.00051195 1.00051195 1.00051195 1.00051195        nan        nan
         nan        nan        nan        nan        nan        nan
         nan        nan]
 [1.00051195 1.00051195 1.00051195 1.00051195 1.00051195 1.00051195
  1.00051195 1.00051195 1.00051195 1.00051195 1.00051195 1.00051195
  1.00051195 1.00051195 1.00051195 1.00051195 1.00051195 1.00051195
  1.00051195 1.00051195 1.00051195 1.00051195 1.00051195 1.00051195
  1.00051195 1.00051195 1.00051195 1.00051195 1.00051195 1.00051195
  1.00051195 1.00051195 1.00051195 1.00051195 1.00051195 1.00051195
  1.00051195 1.00051195 1.00051195 1.00051195        nan        nan
         nan        nan        nan        nan        nan        nan
         nan        nan]
 [1.00051195 1.00051195 1.00051195 1.00051195 1.00051195 1.00051195
  1.00051195 1.00051195 1.00051195 1.00051195 1.00051195 1.00051195
  1.00051195 1.00051195 1.00051195 1.00051195 1.00051195 1.00051195
  1.00051195 1.00051195 1.00051195 1.00051195 1.00051195 1.00051195
  1.00051195 1.00051195 1.00051195 1.00051195 1.00051195 1.00051195
  1.00051195 1.00051195 1.00051195 1.00051195 1.00051195 1.00051195
  1.00051195 1.00051195 1.00051195 1.00051195        nan        nan
         nan        nan        nan        nan        nan        nan
         nan        nan]
 [1.00051195 1.00051195 1.00051195 1.00051195 1.00051195 1.00051195
  1.00051195 1.00051195 1.00051195 1.00051195 1.00051195 1.00051195
  1.00051195 1.00051195 1.00051195 1.00051195 1.00051195 1.00051195
  1.00051195 1.00051195 1.00051195 1.00051195 1.00051195 1.00051195
  1.00051195 1.00051195 1.00051195 1.00051195 1.00051195 1.00051195
  1.00051195 1.00051195 1.00051195 1.00051195 1.00051195 1.00051195
  1.00051195 1.00051195 1.00051195 1.00051195        nan        nan
         nan        nan        nan        nan        nan        nan
         nan        nan]
 [1.00051195 1.00051195 1.00051195 1.00051195 1.00051195 1.00051195
  1.00051195 1.00051195 1.00051195 1.00051195 1.00051195 1.00051195
  1.00051195 1.00051195 1.00051195 1.00051195 1.00051195 1.00051195
  1.00051195 1.00051195 1.00051195 1.00051195 1.00051195 1.00051195
  1.00051195 1.00051195 1.00051195 1.00051195 1.00051195 1.00051195
  1.00051195 1.00051195 1.00051195 1.00051195 1.00051195 1.00051195
  1.00051195 1.00051195 1.00051195 1.00051195        nan        nan
         nan        nan        nan        nan        nan        nan
         nan        nan]
 [1.00051195 1.00051195 1.00051195 1.00051195 1.00051195 1.00051195
  1.00051195 1.00051195 1.00051195 1.00051195 1.00051195 1.00051195
  1.00051195 1.00051195 1.00051195 1.00051195 1.00051195 1.00051195
  1.00051195 1.00051195 1.00051195 1.00051195 1.00051195 1.00051195
  1.00051195 1.00051195 1.00051195 1.00051195 1.00051195 1.00051195
  1.00051195 1.00051195 1.00051195 1.00051195 1.00051195 1.00051195
  1.00051195 1.00051195 1.00051195 1.00051195        nan        nan
         nan        nan        nan        nan        nan        nan
         nan        nan]
 [1.00051195 1.00051195 1.00051195 1.00051195 1.00051195 1.00051195
  1.00051195 1.00051195 1.00051195 1.00051195 1.00051195 1.00051195
  1.00051195 1.00051195 1.00051195 1.00051195 1.00051195 1.00051195
  1.00051195 1.00051195 1.00051195 1.00051195 1.00051195 1.00051195
  1.00051195 1.00051195 1.00051195 1.00051195 1.00051195 1.00051195
  1.00051195 1.00051195 1.00051195 1.00051195 1.00051195 1.00051195
  1.00051195 1.00051195 1.00051195 1.00051195        nan        nan
         nan        nan        nan        nan        nan        nan
         nan        nan]
 [1.00051195 1.00051195 1.00051195 1.00051195 1.00051195 1.00051195
  1.00051195 1.00051195 1.00051195 1.00051195 1.00051195 1.00051195
  1.00051195 1.00051195 1.00051195 1.00051195 1.00051195 1.00051195
  1.00051195 1.00051195 1.00051195 1.00051195 1.00051195 1.00051195
  1.00051195 1.00051195 1.00051195 1.00051195 1.00051195 1.00051195
  1.00051195 1.00051195 1.00051195 1.00051195 1.00051195 1.00051195
  1.00051195 1.00051195 1.00051195 1.00051195        nan        nan
         nan        nan        nan        nan        nan        nan
         nan        nan]
 [1.00051195 1.00051195 1.00051195 1.00051195 1.00051195 1.00051195
  1.00051195 1.00051195 1.00051195 1.00051195 1.00051195 1.00051195
  1.00051195 1.00051195 1.00051195 1.00051195 1.00051195 1.00051195
  1.00051195 1.00051195 1.00051195 1.00051195 1.00051195 1.00051195
  1.00051195 1.00051195 1.00051195 1.00051195 1.00051195 1.00051195
  1.00051195 1.00051195 1.00051195 1.00051195 1.00051195 1.00051195
  1.00051195 1.00051195 1.00051195 1.00051195        nan        nan
         nan        nan        nan        nan        nan        nan
         nan        nan]
 [1.00051195 1.00051195 1.00051195 1.00051195 1.00051195 1.00051195
  1.00051195 1.00051195 1.00051195 1.00051195 1.00051195 1.00051195
  1.00051195 1.00051195 1.00051195 1.00051195 1.00051195 1.00051195
  1.00051195 1.00051195 1.00051195 1.00051195 1.00051195 1.00051195
  1.00051195 1.00051195 1.00051195 1.00051195 1.00051195 1.00051195
  1.00051195 1.00051195 1.00051195 1.00051195 1.00051195 1.00051195
  1.00051195 1.00051195 1.00051195 1.00051195        nan        nan
         nan        nan        nan        nan        nan        nan
         nan        nan]
 [1.00051195 1.00051195 1.00051195 1.00051195 1.00051195 1.00051195
  1.00051195 1.00051195 1.00051195 1.00051195 1.00051195 1.00051195
  1.00051195 1.00051195 1.00051195 1.00051195 1.00051195 1.00051195
  1.00051195 1.00051195 1.00051195 1.00051195 1.00051195 1.00051195
  1.00051195 1.00051195 1.00051195 1.00051195 1.00051195 1.00051195
  1.00051195 1.00051195 1.00051195 1.00051195 1.00051195 1.00051195
  1.00051195 1.00051195 1.00051195 1.00051195        nan        nan
         nan        nan        nan        nan        nan        nan
         nan        nan]
 [1.00051195 1.00051195 1.00051195 1.00051195 1.00051195 1.00051195
  1.00051195 1.00051195 1.00051195 1.00051195 1.00051195 1.00051195
  1.00051195 1.00051195 1.00051195 1.00051195 1.00051195 1.00051195
  1.00051195 1.00051195 1.00051195 1.00051195 1.00051195 1.00051195
  1.00051195 1.00051195 1.00051195 1.00051195 1.00051195 1.00051195
  1.00051195 1.00051195 1.00051195 1.00051195 1.00051195 1.00051195
  1.00051195 1.00051195 1.00051195 1.00051195        nan        nan
         nan        nan        nan        nan        nan        nan
         nan        nan]
 [1.00051195 1.00051195 1.00051195 1.00051195 1.00051195 1.00051195
  1.00051195 1.00051195 1.00051195 1.00051195 1.00051195 1.00051195
  1.00051195 1.00051195 1.00051195 1.00051195 1.00051195 1.00051195
  1.00051195 1.00051195 1.00051195 1.00051195 1.00051195 1.00051195
  1.00051195 1.00051195 1.00051195 1.00051195 1.00051195 1.00051195
  1.00051195 1.00051195 1.00051195 1.00051195 1.00051195 1.00051195
  1.00051195 1.00051195 1.00051195 1.00051195        nan        nan
         nan        nan        nan        nan        nan        nan
         nan        nan]
 [1.00051195 1.00051195 1.00051195 1.00051195 1.00051195 1.00051195
  1.00051195 1.00051195 1.00051195 1.00051195 1.00051195 1.00051195
  1.00051195 1.00051195 1.00051195 1.00051195 1.00051195 1.00051195
  1.00051195 1.00051195 1.00051195 1.00051195 1.00051195 1.00051195
  1.00051195 1.00051195 1.00051195 1.00051195 1.00051195 1.00051195
  1.00051195 1.00051195 1.00051195 1.00051195 1.00051195 1.00051195
  1.00051195 1.00051195 1.00051195 1.00051195        nan        nan
         nan        nan        nan        nan        nan        nan
         nan        nan]
 [1.00051195 1.00051195 1.00051195 1.00051195 1.00051195 1.00051195
  1.00051195 1.00051195 1.00051195 1.00051195 1.00051195 1.00051195
  1.00051195 1.00051195 1.00051195 1.00051195 1.00051195 1.00051195
  1.00051195 1.00051195 1.00051195 1.00051195 1.00051195 1.00051195
  1.00051195 1.00051195 1.00051195 1.00051195 1.00051195 1.00051195
  1.00051195 1.00051195 1.00051195 1.00051195 1.00051195 1.00051195
  1.00051195 1.00051195 1.00051195 1.00051195        nan        nan
         nan        nan        nan        nan        nan        nan
         nan        nan]
 [1.00051195 1.00051195 1.00051195 1.00051195 1.00051195 1.00051195
  1.00051195 1.00051195 1.00051195 1.00051195 1.00051195 1.00051195
  1.00051195 1.00051195 1.00051195 1.00051195 1.00051195 1.00051195
  1.00051195 1.00051195 1.00051195 1.00051195 1.00051195 1.00051195
  1.00051195 1.00051195 1.00051195 1.00051195 1.00051195 1.00051195
  1.00051195 1.00051195 1.00051195 1.00051195 1.00051195 1.00051195
  1.00051195 1.00051195 1.00051195 1.00051195        nan        nan
         nan        nan        nan        nan        nan        nan
         nan        nan]
 [1.00051195 1.00051195 1.00051195 1.00051195 1.00051195 1.00051195
  1.00051195 1.00051195 1.00051195 1.00051195 1.00051195 1.00051195
  1.00051195 1.00051195 1.00051195 1.00051195 1.00051195 1.00051195
  1.00051195 1.00051195 1.00051195 1.00051195 1.00051195 1.00051195
  1.00051195 1.00051195 1.00051195 1.00051195 1.00051195 1.00051195
  1.00051195 1.00051195 1.00051195 1.00051195 1.00051195 1.00051195
  1.00051195 1.00051195 1.00051195 1.00051195        nan        nan
         nan        nan        nan        nan        nan        nan
         nan        nan]]
00:00:00.07 State variable Tw: [[ 1.  1.  1.  1.  1.  1.  1.  1.  1.  1.  1.  1.  1.  1.  1.  1.  1.  1.
   1.  1.  1.  1.  1.  1.  1.  1.  1.  1.  1.  1.  1.  1.  1.  1.  1.  1.
   1.  1.  1.  1. nan nan nan nan nan nan nan nan nan nan]
 [ 1.  1.  1.  1.  1.  1.  1.  1.  1.  1.  1.  1.  1.  1.  1.  1.  1.  1.
   1.  1.  1.  1.  1.  1.  1.  1.  1.  1.  1.  1.  1.  1.  1.  1.  1.  1.
   1.  1.  1.  1. nan nan nan nan nan nan nan nan nan nan]
 [ 1.  1.  1.  1.  1.  1.  1.  1.  1.  1.  1.  1.  1.  1.  1.  1.  1.  1.
   1.  1.  1.  1.  1.  1.  1.  1.  1.  1.  1.  1.  1.  1.  1.  1.  1.  1.
   1.  1.  1.  1. nan nan nan nan nan nan nan nan nan nan]
 [ 1.  1.  1.  1.  1.  1.  1.  1.  1.  1.  1.  1.  1.  1.  1.  1.  1.  1.
   1.  1.  1.  1.  1.  1.  1.  1.  1.  1.  1.  1.  1.  1.  1.  1.  1.  1.
   1.  1.  1.  1. nan nan nan nan nan nan nan nan nan nan]
 [ 1.  1.  1.  1.  1.  1.  1.  1.  1.  1.  1.  1.  1.  1.  1.  1.  1.  1.
   1.  1.  1.  1.  1.  1.  1.  1.  1.  1.  1.  1.  1.  1.  1.  1.  1.  1.
   1.  1.  1.  1. nan nan nan nan nan nan nan nan nan nan]
 [ 1.  1.  1.  1.  1.  1.  1.  1.  1.  1.  1.  1.  1.  1.  1.  1.  1.  1.
   1.  1.  1.  1.  1.  1.  1.  1.  1.  1.  1.  1.  1.  1.  1.  1.  1.  1.
   1.  1.  1.  1. nan nan nan nan nan nan nan nan nan nan]
 [ 1.  1.  1.  1.  1.  1.  1.  1.  1.  1.  1.  1.  1.  1.  1.  1.  1.  1.
   1.  1.  1.  1.  1.  1.  1.  1.  1.  1.  1.  1.  1.  1.  1.  1.  1.  1.
   1.  1.  1.  1. nan nan nan nan nan nan nan nan nan nan]
 [ 1.  1.  1.  1.  1.  1.  1.  1.  1.  1.  1.  1.  1.  1.  1.  1.  1.  1.
   1.  1.  1.  1.  1.  1.  1.  1.  1.  1.  1.  1.  1.  1.  1.  1.  1.  1.
   1.  1.  1.  1. nan nan nan nan nan nan nan nan nan nan]
 [ 1.  1.  1.  1.  1.  1.  1.  1.  1.  1.  1.  1.  1.  1.  1.  1.  1.  1.
   1.  1.  1.  1.  1.  1.  1.  1.  1.  1.  1.  1.  1.  1.  1.  1.  1.  1.
   1.  1.  1.  1. nan nan nan nan nan nan nan nan nan nan]
 [ 1.  1.  1.  1.  1.  1.  1.  1.  1.  1.  1.  1.  1.  1.  1.  1.  1.  1.
   1.  1.  1.  1.  1.  1.  1.  1.  1.  1.  1.  1.  1.  1.  1.  1.  1.  1.
   1.  1.  1.  1. nan nan nan nan nan nan nan nan nan nan]
 [ 1.  1.  1.  1.  1.  1.  1.  1.  1.  1.  1.  1.  1.  1.  1.  1.  1.  1.
   1.  1.  1.  1.  1.  1.  1.  1.  1.  1.  1.  1.  1.  1.  1.  1.  1.  1.
   1.  1.  1.  1. nan nan nan nan nan nan nan nan nan nan]
 [ 1.  1.  1.  1.  1.  1.  1.  1.  1.  1.  1.  1.  1.  1.  1.  1.  1.  1.
   1.  1.  1.  1.  1.  1.  1.  1.  1.  1.  1.  1.  1.  1.  1.  1.  1.  1.
   1.  1.  1.  1. nan nan nan nan nan nan nan nan nan nan]
 [ 1.  1.  1.  1.  1.  1.  1.  1.  1.  1.  1.  1.  1.  1.  1.  1.  1.  1.
   1.  1.  1.  1.  1.  1.  1.  1.  1.  1.  1.  1.  1.  1.  1.  1.  1.  1.
   1.  1.  1.  1. nan nan nan nan nan nan nan nan nan nan]
 [ 1.  1.  1.  1.  1.  1.  1.  1.  1.  1.  1.  1.  1.  1.  1.  1.  1.  1.
   1.  1.  1.  1.  1.  1.  1.  1.  1.  1.  1.  1.  1.  1.  1.  1.  1.  1.
   1.  1.  1.  1. nan nan nan nan nan nan nan nan nan nan]
 [ 1.  1.  1.  1.  1.  1.  1.  1.  1.  1.  1.  1.  1.  1.  1.  1.  1.  1.
   1.  1.  1.  1.  1.  1.  1.  1.  1.  1.  1.  1.  1.  1.  1.  1.  1.  1.
   1.  1.  1.  1. nan nan nan nan nan nan nan nan nan nan]
 [ 1.  1.  1.  1.  1.  1.  1.  1.  1.  1.  1.  1.  1.  1.  1.  1.  1.  1.
   1.  1.  1.  1.  1.  1.  1.  1.  1.  1.  1.  1.  1.  1.  1.  1.  1.  1.
   1.  1.  1.  1. nan nan nan nan nan nan nan nan nan nan]
 [ 1.  1.  1.  1.  1.  1.  1.  1.  1.  1.  1.  1.  1.  1.  1.  1.  1.  1.
   1.  1.  1.  1.  1.  1.  1.  1.  1.  1.  1.  1.  1.  1.  1.  1.  1.  1.
   1.  1.  1.  1. nan nan nan nan nan nan nan nan nan nan]
 [ 1.  1.  1.  1.  1.  1.  1.  1.  1.  1.  1.  1.  1.  1.  1.  1.  1.  1.
   1.  1.  1.  1.  1.  1.  1.  1.  1.  1.  1.  1.  1.  1.  1.  1.  1.  1.
   1.  1.  1.  1. nan nan nan nan nan nan nan nan nan nan]
 [ 1.  1.  1.  1.  1.  1.  1.  1.  1.  1.  1.  1.  1.  1.  1.  1.  1.  1.
   1.  1.  1.  1.  1.  1.  1.  1.  1.  1.  1.  1.  1.  1.  1.  1.  1.  1.
   1.  1.  1.  1. nan nan nan nan nan nan nan nan nan nan]
 [ 1.  1.  1.  1.  1.  1.  1.  1.  1.  1.  1.  1.  1.  1.  1.  1.  1.  1.
   1.  1.  1.  1.  1.  1.  1.  1.  1.  1.  1.  1.  1.  1.  1.  1.  1.  1.
   1.  1.  1.  1. nan nan nan nan nan nan nan nan nan nan]]
00:00:00.09 State variable xA: [[6.94967024e-05 9.33714784e-05 1.37567508e-04 1.81491181e-04
  2.18902345e-04 2.49197575e-04 2.73562738e-04 2.93991290e-04
  3.12365301e-04 3.29749909e-04 3.46787087e-04 3.63464049e-04
  3.79404929e-04 3.94288860e-04 4.07600868e-04 4.19123971e-04
  3.60090640e-04 3.24564281e-04 3.05005159e-04 2.94213591e-04
  2.88229581e-04 2.84893852e-04 2.83025926e-04 2.81959329e-04
  2.81343689e-04 2.80993649e-04 2.80800102e-04 2.80695629e-04
  2.80640254e-04 2.80612574e-04 2.80600433e-04 2.53002395e-04
  1.96335029e-04 1.39516045e-04 9.48761836e-05 6.35348593e-05
  4.26087130e-05 2.88977259e-05 1.99545543e-05 1.40753107e-05
             nan            nan            nan            nan
             nan            nan            nan            nan
             nan            nan]
 [6.94967024e-05 9.49696041e-05 1.43516268e-04 1.93570334e-04
  2.38532098e-04 2.77764103e-04 3.12463580e-04 3.44405914e-04
  3.74925917e-04 4.04053833e-04 4.31164038e-04 4.55167397e-04
  4.75200343e-04 4.91234986e-04 5.03322833e-04 5.12146889e-04
  4.19202880e-04 3.60133061e-04 3.27077187e-04 3.08420392e-04
  2.97740500e-04 2.91513386e-04 2.87798488e-04 2.85491610e-04
  2.84005364e-04 2.83024157e-04 2.82359172e-04 2.81891242e-04
  2.81547393e-04 2.81286194e-04 2.81082220e-04 2.54061035e-04
  1.97606924e-04 1.40610903e-04 9.56996281e-05 6.41201792e-05
  4.30171679e-05 2.91824039e-05 2.01547104e-05 1.42180249e-05
             nan            nan            nan            nan
             nan            nan            nan            nan
             nan            nan]
 [6.94967024e-05 9.65949513e-05 1.49955257e-04 2.07050136e-04
  2.60962861e-04 3.11006150e-04 3.58150952e-04 4.03355745e-04
  4.46306531e-04 4.85377790e-04 5.18853519e-04 5.45620250e-04
  5.65716494e-04 5.80310836e-04 5.90314774e-04 5.97017424e-04
  4.76964508e-04 3.96341730e-04 3.50547910e-04 3.24207756e-04
  3.08762489e-04 2.99479636e-04 2.93730656e-04 2.90006091e-04
  2.87492253e-04 2.85744930e-04 2.84494438e-04 2.83567601e-04
  2.82855843e-04 2.82295117e-04 2.81844371e-04 2.55378037e-04
  1.99104342e-04 1.41875496e-04 9.66413504e-05 6.47856356e-05
  4.34800253e-05 2.95046922e-05 2.03816485e-05 1.43804998e-05
             nan            nan            nan            nan
             nan            nan            nan            nan
             nan            nan]
 [6.94967024e-05 9.82398714e-05 1.56918020e-04 2.22073489e-04
  2.86485859e-04 3.49215261e-04 4.10365454e-04 4.68959763e-04
  5.22080324e-04 5.66874061e-04 6.02011198e-04 6.27764304e-04
  6.45687741e-04 6.57942713e-04 6.65919029e-04 6.71045838e-04
  5.31826834e-04 4.32463829e-04 3.75100514e-04 3.41455969e-04
  3.21266123e-04 3.08801215e-04 3.00844433e-04 2.95527673e-04
  2.91828000e-04 2.89176864e-04 2.87223791e-04 2.85739879e-04
  2.84578535e-04 2.83650480e-04 2.82896590e-04 2.56922773e-04
  2.00770474e-04 1.43256400e-04 9.76596781e-05 6.55007603e-05
  4.39753218e-05 2.98486401e-05 2.06235461e-05 1.45537336e-05
             nan            nan            nan            nan
             nan            nan            nan            nan
             nan            nan]
 [6.94967024e-05 9.98935363e-05 1.64431262e-04 2.38758854e-04
  3.15268044e-04 3.92206352e-04 4.67670560e-04 5.37546247e-04
  5.96635969e-04 6.42629760e-04 6.76125697e-04 6.99207442e-04
  7.14541094e-04 7.24684852e-04 7.31120305e-04 7.35181053e-04
  5.84208344e-04 4.68864225e-04 4.01028871e-04 3.60390718e-04
  3.35419826e-04 3.19601795e-04 3.09229998e-04 3.02122183e-04
  2.97061018e-04 2.93356030e-04 2.90574610e-04 2.88429314e-04
  2.86732321e-04 2.85365959e-04 2.84250196e-04 2.58699439e-04
  2.02599773e-04 1.44745482e-04 9.87471915e-05 6.62596154e-05
  4.44984922e-05 3.02107576e-05 2.08777064e-05 1.47355986e-05
             nan            nan            nan            nan
             nan            nan            nan            nan
             nan            nan]
 [6.94967024e-05 1.01541161e-04 1.72509525e-04 2.57171329e-04
  3.47238103e-04 4.39079626e-04 5.27406494e-04 6.04687467e-04
  6.65378201e-04 7.09548269e-04 7.40088998e-04 7.60370522e-04
  7.73518605e-04 7.82081114e-04 7.87453628e-04 7.90819693e-04
  6.34766108e-04 5.06078914e-04 4.28752328e-04 3.81330237e-04
  3.51460373e-04 3.32055537e-04 3.19014907e-04 3.09883221e-04
  3.03260447e-04 2.98334062e-04 2.94586039e-04 2.91666103e-04
  2.89340918e-04 2.87460522e-04 2.85920605e-04 2.60722207e-04
  2.04600460e-04 1.46346725e-04 9.99056272e-05 6.70628136e-05
  4.50496048e-05 3.05908624e-05 2.11438443e-05 1.49257759e-05
             nan            nan            nan            nan
             nan            nan            nan            nan
             nan            nan]
 [6.94967024e-05 1.03163361e-04 1.81148131e-04 2.77283108e-04
  3.81961037e-04 4.88141064e-04 5.86252578e-04 6.66670788e-04
  7.25902619e-04 7.67019118e-04 7.94583855e-04 8.12545221e-04
  8.24062516e-04 8.31515452e-04 8.36173428e-04 8.39086279e-04
  6.83961528e-04 5.44580028e-04 4.58692012e-04 4.04622629e-04
  3.69662651e-04 3.46373654e-04 3.30359090e-04 3.18931285e-04
  3.10517208e-04 3.04179960e-04 2.99310955e-04 2.95491252e-04
  2.92436555e-04 2.89959852e-04 2.87928542e-04 2.63011537e-04
  2.06787646e-04 1.48069833e-04 1.01140931e-04 6.79139234e-05
  4.56307859e-05 3.09902180e-05 2.14227121e-05 1.51247127e-05
             nan            nan            nan            nan
             nan            nan            nan            nan
             nan            nan]
 [6.94967024e-05 1.04735773e-04 1.90314270e-04 2.98927188e-04
  4.18555539e-04 5.37129177e-04 6.41163020e-04 7.21364256e-04
  7.77708987e-04 8.15717226e-04 8.40798923e-04 8.57008235e-04
  8.67361027e-04 8.74047224e-04 8.78222793e-04 8.80834817e-04
  7.31996344e-04 5.84733593e-04 4.91247637e-04 4.30636220e-04
  3.90337525e-04 3.62806016e-04 3.43457922e-04 3.29417162e-04
  3.18947191e-04 3.10982875e-04 3.04818290e-04 2.99958491e-04
  2.96061525e-04 2.92897599e-04 2.90301054e-04 2.65593793e-04
  2.09181723e-04 1.49928558e-04 1.02461895e-04 6.88184513e-05
  4.62454750e-05 3.14109874e-05 2.17156921e-05 1.53333097e-05
             nan            nan            nan            nan
             nan            nan            nan            nan
             nan            nan]
 [6.94967024e-05 1.06228694e-04 1.99936484e-04 3.21755549e-04
  4.55726556e-04 5.83716306e-04 6.90096282e-04 7.68149295e-04
  8.21350435e-04 8.56703569e-04 8.79874765e-04 8.94807827e-04
  9.04337816e-04 9.10491864e-04 9.14337064e-04 9.16745289e-04
  7.78787644e-04 6.26768233e-04 5.26775494e-04 4.59749037e-04
  4.13829309e-04 3.81642982e-04 3.58545881e-04 3.41525980e-04
  3.28695042e-04 3.18855395e-04 3.11195766e-04 3.05136475e-04
  3.00269945e-04 2.96316787e-04 2.93072638e-04 2.68501812e-04
  2.11808277e-04 1.51940396e-04 1.03879851e-04 6.97835812e-05
  4.68982180e-05 3.18560720e-05 2.20246697e-05 1.55528201e-05
             nan            nan            nan            nan
             nan            nan            nan            nan
             nan            nan]
 [6.94967024e-05 1.07606579e-04 2.09893989e-04 3.45220748e-04
  4.91950201e-04 6.26029011e-04 7.32173625e-04 8.07365412e-04
  8.57754592e-04 8.91016412e-04 9.12768636e-04 9.26782200e-04
  9.35729282e-04 9.41510150e-04 9.45125611e-04 9.47393237e-04
  8.23932930e-04 6.70715945e-04 5.65541471e-04 4.92321480e-04
  4.40503936e-04 4.03212539e-04 3.75898182e-04 3.55480618e-04
  3.39937974e-04 3.27937099e-04 3.18552951e-04 3.11111310e-04
  3.05129792e-04 3.00271442e-04 2.96286529e-04 2.71775862e-04
  2.14698558e-04 1.54126794e-04 1.05408742e-04 7.08181881e-05
  4.75946557e-05 3.23290900e-05 2.23520097e-05 1.57848262e-05
             nan            nan            nan            nan
             nan            nan            nan            nan
             nan            nan]
 [6.94967024e-05 1.08827870e-04 2.20008211e-04 3.68600574e-04
  5.25758402e-04 6.62932100e-04 7.67398302e-04 8.39769984e-04
  8.87870861e-04 9.19550157e-04 9.40263832e-04 9.53615745e-04
  9.62147394e-04 9.67663954e-04 9.71117685e-04 9.73287016e-04
  8.66701010e-04 7.16326728e-04 6.07643159e-04 5.28646406e-04
  4.70723259e-04 4.27869777e-04 3.95828573e-04 3.71543449e-04
  3.52888995e-04 3.38398065e-04 3.27024486e-04 3.17989298e-04
  3.10725155e-04 3.04828393e-04 2.99996146e-04 2.75464749e-04
  2.17890170e-04 1.56513538e-04 1.07065345e-04 7.19329612e-05
  4.83415903e-05 3.28344110e-05 2.27005731e-05 1.60312465e-05
             nan            nan            nan            nan
             nan            nan            nan            nan
             nan            nan]
 [6.94967024e-05 1.09846643e-04 2.30039061e-04 3.91073375e-04
  5.56000907e-04 6.94028282e-04 7.96274599e-04 8.66216011e-04
  9.12548040e-04 9.43054694e-04 9.63013211e-04 9.75888641e-04
  9.84122866e-04 9.89451025e-04 9.92790079e-04 9.94890214e-04
  9.06115326e-04 7.62982403e-04 6.52907968e-04 5.68874824e-04
  5.04801302e-04 4.55975456e-04 4.18681236e-04 3.90015147e-04
  3.67798854e-04 3.50441924e-04 3.36773258e-04 3.25899786e-04
  3.17158628e-04 3.10069230e-04 3.04266665e-04 2.79627033e-04
  2.21427866e-04 1.59131257e-04 1.08869568e-04 7.31405802e-05
  4.91470895e-05 3.33772177e-05 2.30737540e-05 1.62943581e-05
             nan            nan            nan            nan
             nan            nan            nan            nan
             nan            nan]
 [6.94967024e-05 1.10618541e-04 2.39689026e-04 4.11829819e-04
  5.81982762e-04 7.19476425e-04 8.19519169e-04 8.87515443e-04
  9.32520626e-04 9.62169080e-04 9.81580874e-04 9.94113315e-04
  1.00213430e-03 1.00732787e-03 1.01058544e-03 1.01263681e-03
  9.41167142e-04 8.09650615e-04 7.00783771e-04 6.12917263e-04
  5.42937684e-04 4.87858987e-04 4.44813585e-04 4.11228547e-04
  3.84955446e-04 3.64307762e-04 3.47993064e-04 3.34997851e-04
  3.24553708e-04 3.16092326e-04 3.09176671e-04 2.84332311e-04
  2.25364407e-04 1.62015956e-04 1.10844787e-04 7.44559206e-05
  5.00206113e-05 3.39635825e-05 2.34755278e-05 1.65768274e-05
             nan            nan            nan            nan
             nan            nan            nan            nan
             nan            nan]
 [6.94967024e-05 1.11112386e-04 2.48618916e-04 4.30185350e-04
  6.03456883e-04 7.39755005e-04 8.37883806e-04 9.04392119e-04
  9.48421449e-04 9.77447803e-04 9.96465817e-04 1.00875214e-03
  1.01662059e-03 1.02171822e-03 1.02491803e-03 1.02693518e-03
  9.71097940e-04 8.54928432e-04 7.50254942e-04 6.60330742e-04
  5.85127244e-04 5.23761643e-04 4.74566106e-04 4.35534920e-04
  4.04679018e-04 3.80269851e-04 3.60910160e-04 3.45466442e-04
  3.33056955e-04 3.23014805e-04 3.14819830e-04 2.89662492e-04
  2.29761424e-04 1.65209588e-04 1.13018202e-04 7.58962738e-05
  5.09731407e-05 3.46005524e-05 2.39105045e-05 1.68817448e-05
             nan            nan            nan            nan
             nan            nan            nan            nan
             nan            nan]
 [6.94967024e-05 1.11324935e-04 2.56475785e-04 4.45653873e-04
  6.20519026e-04 7.55463602e-04 8.52060976e-04 9.17467781e-04
  9.60791740e-04 9.89372303e-04 1.00810927e-03 1.02022043e-03
  1.02798062e-03 1.03301042e-03 1.03616968e-03 1.03816308e-03
  9.95605331e-04 8.97214003e-04 7.99837068e-04 7.10219890e-04
  6.31053760e-04 5.63758502e-04 5.08215567e-04 4.63279675e-04
  4.27311231e-04 3.98633933e-04 3.75783086e-04 3.57517705e-04
  3.42839804e-04 3.30974357e-04 3.21306521e-04 2.95713091e-04
  2.34690308e-04 1.68760638e-04 1.15421215e-04 7.74815844e-05
  5.20173376e-05 3.52962432e-05 2.43839904e-05 1.72126663e-05
             nan            nan            nan            nan
             nan            nan            nan            nan
             nan            nan]
 [6.94967024e-05 1.11291655e-04 2.62927700e-04 4.57967959e-04
  6.33473496e-04 7.67198694e-04 8.62646498e-04 9.27264189e-04
  9.70089953e-04 9.98357312e-04 1.01689738e-03 1.02888613e-03
  1.03657095e-03 1.04155376e-03 1.04468519e-03 1.04666260e-03
  1.01486439e-03 9.34990807e-04 8.47701288e-04 7.61197476e-04
  6.79987102e-04 6.07661681e-04 5.45908182e-04 4.94763820e-04
  4.53195585e-04 4.19728452e-04 3.92900068e-04 3.71393266e-04
  3.54099987e-04 3.40130865e-04 3.28765486e-04 3.02594590e-04
  2.40233165e-04 1.72724781e-04 1.18089859e-04 7.92347257e-05
  5.31677134e-05 3.60599524e-05 2.49020618e-05 1.75736628e-05
             nan            nan            nan            nan
             nan            nan            nan            nan
             nan            nan]
 [6.94967024e-05 1.11085585e-04 2.67707031e-04 4.67064096e-04
  6.42723586e-04 7.75500805e-04 8.70141743e-04 9.34219905e-04
  9.76707760e-04 1.00476340e-03 1.02317076e-03 1.03507732e-03
  1.04271187e-03 1.04766368e-03 1.05077716e-03 1.05274464e-03
  1.02939137e-03 9.67134838e-04 8.91940169e-04 8.11456609e-04
  7.30718888e-04 6.54916468e-04 5.87571820e-04 5.30187202e-04
  4.82645891e-04 4.43888739e-04 4.12572828e-04 3.87362899e-04
  3.67062330e-04 3.50667738e-04 3.37345457e-04 3.10433933e-04
  2.46483919e-04 1.77165659e-04 1.21065323e-04 8.11818414e-05
  5.44408508e-05 3.69023022e-05 2.54716605e-05 1.79693854e-05
             nan            nan            nan            nan
             nan            nan            nan            nan
             nan            nan]
 [6.94967024e-05 1.10801642e-04 2.70685589e-04 4.73067504e-04
  6.48719250e-04 7.80861344e-04 8.74988330e-04 9.38726884e-04
  9.81002946e-04 1.00892637e-03 1.02725132e-03 1.03910741e-03
  1.04671167e-03 1.05164542e-03 1.05474911e-03 1.05671193e-03
  1.03986727e-03 9.93123839e-04 9.30918188e-04 8.58988119e-04
  7.81587425e-04 7.04519088e-04 6.32814517e-04 5.69571174e-04
  5.15899010e-04 4.71431618e-04 4.35124994e-04 4.05720500e-04
  3.81978259e-04 3.62792759e-04 3.47216625e-04 3.19376075e-04
  2.53549530e-04 1.82155793e-04 1.24394585e-04 8.33527634e-05
  5.58556787e-05 3.78354208e-05 2.61007146e-05 1.84051487e-05
             nan            nan            nan            nan
             nan            nan            nan            nan
             nan            nan]
 [6.94967024e-05 1.10532522e-04 2.71997472e-04 4.76319228e-04
  6.51983353e-04 7.83785613e-04 8.77638780e-04 9.41196302e-04
  9.83359901e-04 1.01121381e-03 1.02949627e-03 1.04132729e-03
  1.04891755e-03 1.05384402e-03 1.05694499e-03 1.05890793e-03
  1.04702078e-03 1.01307528e-03 9.63583281e-04 9.01911666e-04
  8.30628408e-04 7.54991714e-04 6.80819173e-04 6.12651910e-04
  5.53037630e-04 5.02608489e-04 4.60864534e-04 4.26769022e-04
  3.99117722e-04 3.76734571e-04 3.58568562e-04 3.29580537e-04
  2.61547575e-04 1.87775191e-04 1.28129646e-04 8.57805885e-05
  5.74332260e-05 3.88727879e-05 2.67980292e-05 1.88868405e-05
             nan            nan            nan            nan
             nan            nan            nan            nan
             nan            nan]
 [6.94967024e-05 1.10349656e-04 2.72160658e-04 4.77475064e-04
  6.53211611e-04 7.84900493e-04 8.78655493e-04 9.42146782e-04
  9.84269605e-04 1.01209911e-03 1.03036766e-03 1.04219160e-03
  1.04977919e-03 1.05470566e-03 1.05780845e-03 1.05977432e-03
  1.05155135e-03 1.02747045e-03 9.89290258e-04 9.38307401e-04
  8.75172662e-04 8.03674442e-04 7.29451255e-04 6.57972460e-04
  5.93180231e-04 5.36937323e-04 4.89545088e-04 4.50395398e-04
  4.18435999e-04 3.92484051e-04 3.71404535e-04 3.40980936e-04
  2.70420394e-04 1.93985762e-04 1.32246798e-04 8.84504604e-05
  5.91637914e-05 4.00076678e-05 2.75585419e-05 1.94103292e-05
             nan            nan            nan            nan
             nan            nan            nan            nan
             nan            nan]]
00:00:00.10 State variable xB: [[0.01593564 0.01732867 0.02028238 0.02371205 0.02709288 0.03017468
  0.03287024 0.03513613 0.0369823  0.03845357 0.03959578 0.04045289
  0.04107366 0.04151302 0.04180465 0.04198888 0.04326943 0.04436189
  0.04527254 0.04603322 0.04666978 0.04720345 0.04765164 0.04802877
  0.04834661 0.04861478 0.04884119 0.04903255 0.04919446 0.0493316
  0.04944791 0.04872493 0.04741034 0.04589964 0.04435597 0.04287656
  0.04151936 0.04030947 0.03925172 0.03833894        nan        nan
         nan        nan        nan        nan        nan        nan
         nan        nan]
 [0.01593564 0.01727605 0.0201423  0.02345612 0.0266897  0.02958806
  0.03206045 0.03406221 0.0356092  0.03676213 0.03759003 0.03816159
  0.03854538 0.03880355 0.03897224 0.03908365 0.04073199 0.04221085
  0.0434502  0.0444892  0.04536072 0.04609231 0.046707   0.04722407
  0.04765947 0.04802633 0.04833555 0.04859637 0.04881657 0.04900262
  0.04916001 0.04847721 0.04719605 0.04571678 0.04420141 0.0427466
  0.0414104  0.04021827 0.03917546 0.03827522        nan        nan
         nan        nan        nan        nan        nan        nan
         nan        nan]
 [0.01593564 0.01722476 0.01999772 0.02318128 0.02624263 0.0289206
  0.03112287 0.0328111  0.03402481 0.03485665 0.0354052  0.03575597
  0.03597855 0.03612378 0.03621838 0.03628263 0.03823561 0.04007507
  0.04162618 0.04293267 0.0440325  0.04495829 0.04573773 0.04639434
  0.0469478  0.04741446 0.04780793 0.04813987 0.04842008 0.04865677
  0.04885692 0.04821509 0.04696802 0.04552112 0.04403507 0.04260589
  0.04129165 0.04011818 0.03909115 0.03820425        nan        nan
         nan        nan        nan        nan        nan        nan
         nan        nan]
 [0.01593564 0.01717489 0.01984814 0.02288508 0.02574602 0.02816443
  0.03005439 0.03140127 0.03228945 0.03284855 0.03319236 0.03340212
  0.03353232 0.03361707 0.033673   0.03371196 0.03588604 0.0380399
  0.03986959 0.04141969 0.04273072 0.04383848 0.04477408 0.04556428
  0.04623178 0.04679563 0.0472718  0.04767403 0.04801397 0.04830137
  0.04854459 0.04794396 0.04673126 0.04531713 0.04386085 0.04245774
  0.04116592 0.04001158 0.03900083 0.03812776        nan        nan
         nan        nan        nan        nan        nan        nan
         nan        nan]
 [0.01593564 0.01712659 0.01969309 0.02256535 0.02519575 0.02731819
  0.02886993 0.02988353 0.03049645 0.0308577  0.03107176 0.03120093
  0.03128164 0.03133491 0.03137076 0.03139629 0.03370557 0.03612166
  0.03819247 0.03995924 0.04146209 0.042738   0.04381994 0.04473687
  0.0455137  0.04617161 0.04672852 0.04719992 0.04759905 0.04793705
  0.04822351 0.04766424 0.04648625 0.04510529 0.0436792  0.04230257
  0.04103358 0.03989881 0.03890478 0.038046          nan        nan
         nan        nan        nan        nan        nan        nan
         nan        nan]
 [0.01593564 0.01708009 0.01953234 0.02222059 0.02459092 0.02639126
  0.02760596 0.02833081 0.02874002 0.02897349 0.02911142 0.02919577
  0.02924946 0.02928552 0.02931022 0.02932812 0.0316901  0.03431433
  0.036588   0.03854442 0.04022008 0.04165084 0.04286995 0.04390738
  0.04478944 0.04553884 0.04617501 0.0467149  0.04717307 0.04756188
  0.04789202 0.04737452 0.04623183 0.04488467 0.04348936 0.04213977
  0.04089416 0.03977949 0.03880271 0.03795873        nan        nan
         nan        nan        nan        nan        nan        nan
         nan        nan]
 [0.01593564 0.01703563 0.01936588 0.0218506  0.02393598 0.02540639
  0.02631555 0.02681709 0.02709001 0.02724581 0.02733954 0.0273981
  0.02743606 0.02746191 0.02747989 0.02749311 0.02983057 0.03260714
  0.03504493 0.03716426 0.03899445 0.04056772 0.04191586 0.04306858
  0.04405273 0.04489191 0.04560665 0.04621501 0.04673266 0.04717299
  0.04754769 0.04707266 0.04596619 0.04465377 0.04329011 0.04196836
  0.04074685 0.03965296 0.03869408 0.03786552        nan        nan
         nan        nan        nan        nan        nan        nan
         nan        nan]
 [0.01593564 0.01699358 0.01919414 0.0214572  0.02324239 0.02439823
  0.02505565 0.02539979 0.02558657 0.02569552 0.02576265 0.02580538
  0.02583348 0.02585284 0.02586646 0.02587659 0.02811912 0.03098971
  0.03355174 0.03580711 0.03777402 0.03947832 0.04094836 0.04221222
  0.0432963  0.04422451 0.04501798 0.04569556 0.04627379 0.04676695
  0.04718757 0.04675611 0.04568715 0.04441077 0.04307995 0.04178709
  0.04059064 0.0395184  0.03857822 0.03776583        nan        nan
         nan        nan        nan        nan        nan        nan
         nan        nan]
 [0.01593564 0.01695435 0.01901809 0.02104494 0.02252905 0.02340711
  0.0238741  0.02411394 0.02424703 0.02432684 0.02437703 0.02440943
  0.02443096 0.02444592 0.02445654 0.02446454 0.02655082 0.02945364
  0.03209805 0.03446171 0.03654754 0.0383719  0.03995754 0.04132933
  0.04251221 0.04352964 0.04440289 0.04515126 0.04579189 0.04633981
  0.04680831 0.04642191 0.04539219 0.04415356 0.04285712 0.04159452
  0.04042433 0.03937483 0.03845434 0.03765901        nan        nan
         nan        nan        nan        nan        nan        nan
         nan        nan]
 [0.01593564 0.01691843 0.01883948 0.02062161 0.02182031 0.02247084
  0.02280314 0.02297578 0.02307474 0.02313554 0.02317434 0.02319964
  0.02321658 0.02322844 0.02323693 0.02324337 0.02512443 0.02799365
  0.03067566 0.0331181  0.03530433 0.03723782 0.03893326 0.04041056
  0.04169198 0.04279974 0.04375473 0.04457628 0.0452819  0.0458872
  0.04640611 0.04606672 0.04507842 0.04387971 0.04261961 0.04138899
  0.04024657 0.03922114 0.03832151 0.03754431        nan        nan
         nan        nan        nan        nan        nan        nan
         nan        nan]
 [0.01593564 0.0168864  0.01866091 0.02019817 0.02114211 0.02161865
  0.02185979 0.02198905 0.02206549 0.02211331 0.02214413 0.02216437
  0.022178   0.02218759 0.02219451 0.0221998  0.02384251 0.0266088
  0.02928003 0.0317689  0.03403532 0.03606632 0.03786574 0.03944656
  0.04082693 0.04202694 0.04306642 0.04396436 0.04473834 0.04540433
  0.04597681 0.04568686 0.04474268 0.04358655 0.0423652  0.04116866
  0.04005584 0.03905608 0.03817873 0.03742089        nan        nan
         nan        nan        nan        nan        nan        nan
         nan        nan]
 [0.01593564 0.01685889 0.01848598 0.01978784 0.02051773 0.02086868
  0.02104947 0.02115011 0.02121112 0.02124975 0.02127482 0.02129135
  0.02130253 0.02131044 0.02131617 0.02132058 0.02271043 0.02530362
  0.02791195 0.03041093 0.0327344  0.03484955 0.03674639 0.03842862
  0.03990868 0.04120339 0.04233082 0.04330907 0.04415547 0.04488614
  0.04551599 0.04527837 0.04438153 0.04327117 0.04209146 0.04093152
  0.03985049 0.03887829 0.03802488 0.03728785        nan        nan
         nan        nan        nan        nan        nan        nan
         nan        nan]
 [0.01593564 0.01683647 0.01831926 0.01940459 0.01996465 0.02022886
  0.02036984 0.02045106 0.02050116 0.02053314 0.02055397 0.02056776
  0.02057711 0.02058374 0.02058857 0.02059229 0.02173367 0.02408845
  0.026579   0.02904696 0.03140004 0.03358296 0.03556881 0.03734947
  0.0389297  0.04032174 0.04154098 0.04260403 0.04352751 0.04432747
  0.04501905 0.04483712 0.04399135 0.04293052 0.04179583 0.04067545
  0.03962876 0.03868633 0.03785877 0.03714422        nan        nan
         nan        nan        nan        nan        nan        nan
         nan        nan]
 [0.01593564 0.01681954 0.01816603 0.0190613  0.01949347 0.01969948
  0.01981395 0.01988168 0.01992394 0.01995104 0.01996875 0.01998049
  0.01998846 0.01999412 0.01999825 0.02000143 0.02091448 0.02297864
  0.02529653 0.02768739 0.03003706 0.03226681 0.03433011 0.03620427
  0.03788415 0.03937575 0.04069068 0.04184327 0.04284891 0.04372324
  0.04448143 0.04435893 0.04356847 0.04256145 0.04147568 0.04039827
  0.03938884 0.03847872 0.03767919 0.036989          nan        nan
         nan        nan        nan        nan        nan        nan
         nan        nan]
 [0.01593564 0.01680809 0.01803192 0.01876831 0.01910856 0.01927609
  0.01937268 0.01943089 0.01946748 0.01949102 0.01950642 0.01951664
  0.01952358 0.0195285  0.01953208 0.01953484 0.02024945 0.02199213
  0.02408721 0.02635138 0.02865827 0.03090778 0.0330322  0.03499171
  0.03676869 0.03836094 0.03977493 0.04102167 0.04211468 0.04306874
  0.04389877 0.0438397  0.04310925 0.04216084 0.04112838 0.04009778
  0.03912894 0.03825397 0.0374849  0.03682118        nan        nan
         nan        nan        nan        nan        nan        nan
         nan        nan]
 [0.01593564 0.01680157 0.01792224 0.01853258 0.01880947 0.01895177
  0.0190362  0.01908771 0.01912023 0.01914119 0.0191549  0.01916399
  0.01917016 0.01917452 0.01917768 0.01918012 0.01972936 0.02114549
  0.02297851 0.02506634 0.02728523 0.02952021 0.03168309 0.03371502
  0.03558331 0.03727523 0.03879041 0.04013528 0.04132064 0.04235979
  0.04326706 0.04327558 0.04261021 0.04172567 0.04075139 0.03977187
  0.03884729 0.03801061 0.03727472 0.03663978        nan        nan
         nan        nan        nan        nan        nan        nan
         nan        nan]
 [0.01593564 0.0167989  0.01784125 0.01835738 0.01859243 0.0187184
  0.01879463 0.0188415  0.01887116 0.01889028 0.01890278 0.01891104
  0.01891662 0.01892056 0.01892339 0.01892556 0.01934062 0.02044949
  0.02199799 0.02386534 0.02594763 0.02812652 0.03029757 0.03238274
  0.03433196 0.03611942 0.03773587 0.03918163 0.04046361 0.04159294
  0.04258277 0.04266301 0.04206804 0.04125307 0.04034226 0.03941848
  0.03854218 0.03774726 0.03704749 0.03644386        nan        nan
         nan        nan        nan        nan        nan        nan
         nan        nan]
 [0.01593564 0.01679872 0.01779077 0.01824192 0.01845087 0.01856663
  0.01863754 0.01868132 0.01870904 0.01872689 0.01873852 0.01874618
  0.01875131 0.0187549  0.01875745 0.01875937 0.01906698 0.0199055
  0.02116713 0.02278189 0.02468051 0.02675635 0.0288974  0.03100912
  0.03302294 0.03489753 0.03661235 0.03815979 0.03954149 0.04076542
  0.04184285 0.04199873 0.04147967 0.0407403  0.03989863 0.03903564
  0.03821198 0.03746254 0.03680209 0.03623249        nan        nan
         nan        nan        nan        nan        nan        nan
         nan        nan]
 [0.01593564 0.01679973 0.01776825 0.01818035 0.01837454 0.01848443
  0.01855217 0.01859405 0.01862053 0.01863752 0.01864853 0.01865572
  0.01866048 0.01866374 0.01866601 0.01866768 0.01888977 0.01950384
  0.02049562 0.02184324 0.02351938 0.0254441  0.02751058 0.02961422
  0.03166925 0.03361711 0.03542346 0.0370707  0.0385535  0.0398754
  0.04104484 0.0412799  0.0408423  0.04018483 0.03941834 0.03862151
  0.03785515 0.0371552  0.03653747 0.03600482        nan        nan
         nan        nan        nan        nan        nan        nan
         nan        nan]
 [0.01593564 0.01680092 0.01776505 0.01815964 0.01834713 0.0184543
  0.01852049 0.01856137 0.01858716 0.01860363 0.01861423 0.01862107
  0.01862553 0.01862853 0.01863055 0.01863197 0.01878741 0.01922641
  0.01998376 0.02107371 0.02250799 0.02424281 0.02619011 0.02824552
  0.0303109  0.03231088 0.03419569 0.03593564 0.03751674 0.03893664
  0.04019991 0.04051665 0.04016461 0.03959392 0.03890742 0.03818111
  0.03747587 0.03682869 0.03625654 0.03576327        nan        nan
         nan        nan        nan        nan        nan        nan
         nan        nan]]
00:00:00.11 State variable yA: [[0.2        0.2095442  0.21379191 0.21825085 0.22354984 0.22950747
  0.23627899 0.24479356 0.25427638 0.26492612 0.27618251 0.2871657
  0.29718989 0.30625242 0.31372404 0.31979041 0.20484932 0.20382821
  0.20307885 0.2025086  0.20206384 0.20171026 0.20142502 0.20119208
  0.2010002  0.20084124 0.20070899 0.20059849 0.20050584 0.20042795
  0.20036259 0.15914948 0.10434723 0.06613727 0.04323212 0.02961257
  0.02116003 0.01566575 0.01196422 0.00938125        nan        nan
         nan        nan        nan        nan        nan        nan
         nan        nan]
 [0.2        0.21961905 0.22889883 0.23872105 0.25030388 0.26375048
  0.278834   0.29621314 0.31434274 0.33194691 0.34757065 0.36006698
  0.3692458  0.37571985 0.37997219 0.38273104 0.21189733 0.20933995
  0.20747627 0.20606797 0.20497593 0.20411179 0.20341729 0.20285193
  0.20238749 0.2020037  0.20168514 0.20141958 0.20119741 0.20101101
  0.20085436 0.16085562 0.10560466 0.06693358 0.04373825 0.02994894
  0.02139472 0.01583563 0.01209131 0.00947896        nan        nan
         nan        nan        nan        nan        nan        nan
         nan        nan]
 [0.2        0.23030318 0.24559411 0.26200387 0.28136917 0.30392585
  0.32879316 0.35504064 0.37972997 0.40038261 0.41585248 0.42629566
  0.43286008 0.43690114 0.43924424 0.44058846 0.22139522 0.21672126
  0.21333127 0.2107836  0.20881769 0.2072685  0.20602783 0.20502091
  0.20419588 0.2035157  0.20295229 0.20248347 0.20209194 0.20176397
  0.20148852 0.16278631 0.10702433 0.06783074 0.04430852 0.03032892
  0.02166126 0.01603    0.01223811 0.00959312        nan        nan
         nan        nan        nan        nan        nan        nan
         nan        nan]
 [0.2        0.24160569 0.26402667 0.28840139 0.31709635 0.34995844
  0.38457761 0.41729888 0.4439771  0.46301197 0.47524161 0.48251326
  0.48668503 0.48910422 0.49044141 0.49117133 0.23354457 0.22611313
  0.22074234 0.21672457 0.21363824 0.21121595 0.20928296 0.20771905
  0.20644106 0.20538988 0.20452091 0.20379901 0.20319707 0.20269352
  0.20227096 0.1648458  0.10853611 0.06878566 0.04491534 0.03073347
  0.02194553 0.01623782 0.01239565 0.00971618        nan        nan
         nan        nan        nan        nan        nan        nan
         nan        nan]
 [0.2        0.25352182 0.28432817 0.31813236 0.35748972 0.40078373
  0.44287158 0.47747086 0.50150909 0.51635095 0.52489041 0.5296367
  0.53227959 0.53379887 0.5346344  0.53508443 0.24860538 0.23769768
  0.22983723 0.22398056 0.21950086 0.2159994  0.21321566 0.21097096
  0.20914186 0.20764107 0.20640295 0.20537606 0.20452111 0.20380678
  0.20320784 0.16702006 0.11012513 0.06978863 0.04555228 0.03115804
  0.02224407 0.0164564  0.01256166 0.0098462         nan        nan
         nan        nan        nan        nan        nan        nan
         nan        nan]
 [0.2        0.26602739 0.30659214 0.35124447 0.40195557 0.45405681
  0.49925442 0.53097065 0.54997748 0.56055964 0.5663363  0.56950927
  0.57129386 0.57233293 0.57290897 0.57321852 0.26690618 0.25171201
  0.24078731 0.23267445 0.22649327 0.22168233 0.21787256 0.21481151
  0.21232493 0.21029003 0.20861497 0.20722806 0.20607516 0.20511306
  0.20430707 0.16931502 0.11179107 0.07083881 0.04621855 0.03160191
  0.02255629 0.01668517 0.01273566 0.00998273        nan        nan
         nan        nan        nan        nan        nan        nan
         nan        nan]
 [0.2        0.27907011 0.33084485 0.38750056 0.44909489 0.50645861
  0.5498024  0.57583901 0.58982639 0.59724748 0.60129174 0.60355895
  0.60486292 0.60563255 0.60606232 0.60629317 0.28885943 0.26845231
  0.25381431 0.24296806 0.23473283 0.22835071 0.22331738 0.21928866
  0.21602694 0.21336534 0.2111796  0.20937321 0.20787409 0.20662467
  0.20557895 0.17174472 0.11353992 0.07193926 0.0469158  0.03206605
  0.02288277 0.01692451 0.01291787 0.01012591        nan        nan
         nan        nan        nan        nan        nan        nan
         nan        nan]
 [0.2        0.29255827 0.35700835 0.42626216 0.49671456 0.5546405
  0.59245005 0.61242912 0.62258025 0.62797255 0.63098847 0.63272564
  0.63374342 0.63434902 0.63468866 0.63487117 0.31501102 0.28827248
  0.26919442 0.25506598 0.24437119 0.23611681 0.22963403 0.22446589
  0.22029657 0.21690487 0.21412675 0.21183543 0.20993728 0.20835751
  0.20703663 0.17432823 0.1153814  0.0730953  0.04764715 0.03255235
  0.02322476 0.0171753  0.01310892 0.01027623        nan        nan
         nan        nan        nan        nan        nan        nan
         nan        nan]
 [0.2        0.3063526  0.38485862 0.46642052 0.54219991 0.59628106
  0.62710152 0.6421081  0.64969994 0.65385201 0.65624543 0.65765283
  0.65848681 0.65898485 0.65926498 0.65941578 0.34604267 0.31155746
  0.28725286 0.26921867 0.25559896 0.24512378 0.23693032 0.23042507
  0.22519674 0.22095755 0.21749497 0.21464542 0.21228947 0.21033172
  0.20869666 0.17708895 0.1173283  0.07431413 0.04841683 0.03306348
  0.02358405 0.0174388  0.01330975 0.01043438        nan        nan
         nan        nan        nan        nan        nan        nan
         nan        nan]
 [0.2        0.32026196 0.41398588 0.5064422  0.58317072 0.63055108
  0.6548063  0.66628284 0.67226125 0.67564506 0.67764037 0.67882838
  0.67953675 0.67996036 0.68019926 0.68032834 0.38258944 0.33866
  0.30834518 0.28572443 0.26865014 0.25555071 0.24534233 0.23727005
  0.23080735 0.22558551 0.22133304 0.21784191 0.21496171 0.21257247
  0.21057958 0.18005474 0.11939628 0.07560467 0.04923015 0.03360276
  0.02396292 0.01771662 0.01352153 0.01060128        nan        nan
         nan        nan        nan        nan        nan        nan
         nan        nan]
 [0.2        0.33402675 0.44377308 0.54457309 0.61808111 0.65783632
  0.67689196 0.68604582 0.69100935 0.69389535 0.69562072 0.69665502
  0.69727388 0.69764417 0.69785368 0.69796749 0.42482636 0.3698179
  0.33282922 0.30492589 0.28380513 0.26761761 0.25503931 0.24513069
  0.23722854 0.23086651 0.225702   0.22147314 0.21799253 0.21511079
  0.2127106  0.18325834 0.12160406 0.07697765 0.05009349 0.03417424
  0.0243641  0.01801071 0.01374572 0.01077805        nan        nan
         nan        nan        nan        nan        nan        nan
         nan        nan]
 [0.2        0.34727287 0.47341056 0.57916467 0.64643679 0.67914632
  0.69450817 0.70217508 0.70648094 0.70902786 0.71056198 0.71148501
  0.71203853 0.71236994 0.71255818 0.7126612  0.47190145 0.40505023
  0.36101798 0.32719151 0.30138959 0.28158887 0.26622841 0.25416728
  0.24458432 0.23689679 0.23067728 0.22559855 0.22142917 0.21798457
  0.21512036 0.1867378  0.12397358 0.0784457  0.05101439 0.03478267
  0.02479083 0.01832338 0.01398402 0.010966          nan        nan
         nan        nan        nan        nan        nan        nan
         nan        nan]
 [0.2        0.35945607 0.50194862 0.60899859 0.66860574 0.69562124
  0.70852327 0.71523331 0.7190958  0.72140281 0.72279785 0.72363901
  0.72414432 0.72444717 0.72461999 0.72471541 0.52151971 0.44400531
  0.39308783 0.35287266 0.32176301 0.29777349 0.27915857 0.26457488
  0.25302635 0.24379437 0.23635102 0.23029067 0.22532901 0.22123966
  0.21784572 0.190537   0.12653034 0.08002359 0.05200167 0.03543361
  0.0252469  0.01865734 0.01423844 0.01116669        nan        nan
         nan        nan        nan        nan        nan        nan
         nan        nan]
 [0.2        0.3698683  0.52838134 0.6334742  0.68543649 0.70826111
  0.71957123 0.72565192 0.72920562 0.73133926 0.73263213 0.7334128
  0.73388253 0.73416443 0.73432613 0.73441628 0.5702162  0.48579086
  0.42893246 0.38222762 0.34528902 0.31651787 0.29412137 0.2765866
  0.26273751 0.25170244 0.24283433 0.23563728 0.2297611  0.22493107
  0.22093064 0.19470616 0.12930372 0.08172837 0.05306551 0.03613349
  0.02573667 0.01901571 0.01451129 0.01138192        nan        nan
         nan        nan        nan        nan        nan        nan
         nan        nan]
 [0.2        0.37778435 0.55176688 0.65259855 0.69790071 0.71783926
  0.72812159 0.73377876 0.73711381 0.73912162 0.74033968 0.74107598
  0.7415197  0.74178643 0.74194025 0.74202685 0.61444613 0.52889051
  0.46798976 0.41530668 0.37227856 0.33818466 0.31144632 0.29047498
  0.27393502 0.26079254 0.2502601  0.24174351 0.23480788 0.22912428
  0.22442714 0.19930229 0.13232733 0.08357967 0.05421761 0.03688971
  0.02626518 0.01940209 0.01480522 0.01161374        nan        nan
         nan        nan        nan        nan        nan        nan
         nan        nan]
 [0.2        0.38274258 0.57136073 0.66681403 0.70687312 0.72491908
  0.73453317 0.73990249 0.74308325 0.74500101 0.74616532 0.74686981
  0.74729501 0.74755111 0.7476996  0.74778402 0.65177861 0.57128128
  0.50911303 0.4518044  0.40289644 0.36310895 0.33148565 0.30654931
  0.28687249 0.27126661 0.25878707 0.24873402 0.24056712 0.2338964
  0.22839643 0.2043898  0.13563948 0.08559995 0.05547141 0.03771072
  0.02683819 0.01982058 0.0151233  0.0118645         nan        nan
         nan        nan        nan        nan        nan        nan
         nan        nan]
 [0.2        0.38481994 0.58667244 0.67677432 0.71305548 0.72991039
  0.739093   0.74426984 0.74734506 0.74920084 0.75032827 0.75101113
  0.75142398 0.75167325 0.75181861 0.75190213 0.68138301 0.61079396
  0.55059087 0.49091395 0.43702823 0.3915231  0.35458247 0.32514592
  0.30183943 0.28335793 0.26860447 0.25675535 0.24715414 0.23933734
  0.23291031 0.21004118 0.13928376 0.08781491 0.05684226 0.03860619
  0.02746227 0.02027589 0.01546899 0.01213692        nan        nan
         nan        nan        nan        nan        nan        nan
         nan        nan]
 [0.2        0.38470386 0.59742608 0.68318691 0.71699364 0.73313681
  0.74205333 0.74710913 0.75011746 0.75193419 0.75303874 0.75370863
  0.75411452 0.75436043 0.75450485 0.75458887 0.70372784 0.64560272
  0.59038897 0.53126178 0.47412828 0.42344518 0.38101254 0.34660589
  0.31915573 0.29733018 0.27993494 0.26597865 0.25470397 0.24555141
  0.23805289 0.21633781 0.14330984 0.09025404 0.05834779 0.03958721
  0.02814497 0.02077341 0.01584629 0.0124341         nan        nan
         nan        nan        nan        nan        nan        nan
         nan        nan]
 [0.2        0.38346978 0.60363044 0.68676514 0.71914771 0.73490892
  0.74367991 0.74867004 0.75164267 0.75343925 0.75453274 0.75519712
  0.75560091 0.75584674 0.75599243 0.75607854 0.71996304 0.67460801
  0.62656387 0.57101029 0.51310253 0.45852987 0.41088131 0.37122433
  0.33914994 0.31347097 0.29302532 0.27660047 0.26337076 0.25265986
  0.24392089 0.22336727 0.147773   0.09295056 0.06000789 0.04066627
  0.02889475 0.02131916 0.01625961 0.01275941        nan        nan
         nan        nan        nan        nan        nan        nan
         nan        nan]
 [0.2        0.38220002 0.60597575 0.68825413 0.71999339 0.73559829
  0.74430966 0.74927457 0.75223442 0.75402466 0.75511557 0.75577967
  0.75618456 0.7564323  0.75658046 0.75666934 0.73129781 0.69726467
  0.65725217 0.60760563 0.55168426 0.49528542 0.44340401 0.39867778
  0.36172299 0.33177943 0.30787908 0.28865616 0.2731792  0.26069221
  0.25052988 0.23105063 0.15264784 0.09589441 0.06181671 0.0418387
  0.02970735 0.02190887 0.01670474 0.01310854        nan        nan
         nan        nan        nan        nan        nan        nan
         nan        nan]]
00:00:00.12 State variable yB: [[0.8        0.7904558  0.78620809 0.78174915 0.77645016 0.77049253
  0.76372101 0.75520644 0.74572362 0.73507388 0.72381749 0.7128343
  0.70281011 0.69374758 0.68627596 0.68020959 0.79515068 0.79617179
  0.79692115 0.7974914  0.79793616 0.79828974 0.79857498 0.79880792
  0.7989998  0.79915876 0.79929101 0.79940151 0.79949416 0.79957205
  0.79963741 0.84085052 0.89565277 0.93386273 0.95676788 0.97038743
  0.97883997 0.98433425 0.98803578 0.99061875        nan        nan
         nan        nan        nan        nan        nan        nan
         nan        nan]
 [0.8        0.78038095 0.77110117 0.76127895 0.74969612 0.73624952
  0.721166   0.70378686 0.68565726 0.66805309 0.65242935 0.63993302
  0.6307542  0.62428015 0.62002781 0.61726896 0.78810267 0.79066005
  0.79252373 0.79393203 0.79502407 0.79588821 0.79658271 0.79714807
  0.79761251 0.7979963  0.79831486 0.79858042 0.79880259 0.79898899
  0.79914564 0.83914438 0.89439534 0.93306642 0.95626175 0.97005106
  0.97860528 0.98416437 0.98790869 0.99052104        nan        nan
         nan        nan        nan        nan        nan        nan
         nan        nan]
 [0.8        0.76969682 0.75440589 0.73799613 0.71863083 0.69607415
  0.67120684 0.64495936 0.62027003 0.59961739 0.58414752 0.57370434
  0.56713992 0.56309886 0.56075576 0.55941154 0.77860478 0.78327874
  0.78666873 0.7892164  0.79118231 0.7927315  0.79397217 0.79497909
  0.79580412 0.7964843  0.79704771 0.79751653 0.79790806 0.79823603
  0.79851148 0.83721369 0.89297567 0.93216926 0.95569148 0.96967108
  0.97833874 0.98397    0.98776189 0.99040688        nan        nan
         nan        nan        nan        nan        nan        nan
         nan        nan]
 [0.8        0.75839431 0.73597333 0.71159861 0.68290365 0.65004156
  0.61542239 0.58270112 0.5560229  0.53698803 0.52475839 0.51748674
  0.51331497 0.51089578 0.50955859 0.50882867 0.76645543 0.77388687
  0.77925766 0.78327543 0.78636176 0.78878405 0.79071704 0.79228095
  0.79355894 0.79461012 0.79547909 0.79620099 0.79680293 0.79730648
  0.79772904 0.8351542  0.89146389 0.93121434 0.95508466 0.96926653
  0.97805447 0.98376218 0.98760435 0.99028382        nan        nan
         nan        nan        nan        nan        nan        nan
         nan        nan]
 [0.8        0.74647818 0.71567183 0.68186764 0.64251028 0.59921627
  0.55712842 0.52252914 0.49849091 0.48364905 0.47510959 0.4703633
  0.46772041 0.46620113 0.4653656  0.46491557 0.75139462 0.76230232
  0.77016277 0.77601944 0.78049914 0.7840006  0.78678434 0.78902904
  0.79085814 0.79235893 0.79359705 0.79462394 0.79547889 0.79619322
  0.79679216 0.83297994 0.88987487 0.93021137 0.95444772 0.96884196
  0.97775593 0.9835436  0.98743834 0.9901538         nan        nan
         nan        nan        nan        nan        nan        nan
         nan        nan]
 [0.8        0.73397261 0.69340786 0.64875553 0.59804443 0.54594319
  0.50074558 0.46902935 0.45002252 0.43944036 0.4336637  0.43049073
  0.42870614 0.42766707 0.42709103 0.42678148 0.73309382 0.74828799
  0.75921269 0.76732555 0.77350673 0.77831767 0.78212744 0.78518849
  0.78767507 0.78970997 0.79138503 0.79277194 0.79392484 0.79488694
  0.79569293 0.83068498 0.88820893 0.92916119 0.95378145 0.96839809
  0.97744371 0.98331483 0.98726434 0.99001727        nan        nan
         nan        nan        nan        nan        nan        nan
         nan        nan]
 [0.8        0.72092989 0.66915515 0.61249944 0.55090511 0.49354139
  0.4501976  0.42416099 0.41017361 0.40275252 0.39870826 0.39644105
  0.39513708 0.39436745 0.39393768 0.39370683 0.71114057 0.73154769
  0.74618569 0.75703194 0.76526717 0.77164929 0.77668262 0.78071134
  0.78397306 0.78663466 0.7888204  0.79062679 0.79212591 0.79337533
  0.79442105 0.82825528 0.88646008 0.92806074 0.9530842  0.96793395
  0.97711723 0.98307549 0.98708213 0.98987409        nan        nan
         nan        nan        nan        nan        nan        nan
         nan        nan]
 [0.8        0.70744173 0.64299165 0.57373784 0.50328544 0.4453595
  0.40754995 0.38757088 0.37741975 0.37202745 0.36901153 0.36727436
  0.36625658 0.36565098 0.36531134 0.36512883 0.68498898 0.71172752
  0.73080558 0.74493402 0.75562881 0.76388319 0.77036597 0.77553411
  0.77970343 0.78309513 0.78587325 0.78816457 0.79006272 0.79164249
  0.79296337 0.82567177 0.8846186  0.9269047  0.95235285 0.96744765
  0.97677524 0.9828247  0.98689108 0.98972377        nan        nan
         nan        nan        nan        nan        nan        nan
         nan        nan]
 [0.8        0.6936474  0.61514138 0.53357948 0.45780009 0.40371894
  0.37289848 0.3578919  0.35030006 0.34614799 0.34375457 0.34234717
  0.34151319 0.34101515 0.34073502 0.34058422 0.65395733 0.68844254
  0.71274714 0.73078133 0.74440104 0.75487622 0.76306968 0.76957493
  0.77480326 0.77904245 0.78250503 0.78535458 0.78771053 0.78966828
  0.79130334 0.82291105 0.8826717  0.92568587 0.95158317 0.96693652
  0.97641595 0.9825612  0.98669025 0.98956562        nan        nan
         nan        nan        nan        nan        nan        nan
         nan        nan]
 [0.8        0.67973804 0.58601412 0.4935578  0.41682928 0.36944892
  0.3451937  0.33371716 0.32773875 0.32435494 0.32235963 0.32117162
  0.32046325 0.32003964 0.31980074 0.31967166 0.61741056 0.66134
  0.69165482 0.71427557 0.73134986 0.74444929 0.75465767 0.76272995
  0.76919265 0.77441449 0.77866696 0.78215809 0.78503829 0.78742753
  0.78942042 0.81994526 0.88060372 0.92439533 0.95076985 0.96639724
  0.97603708 0.98228338 0.98647847 0.98939872        nan        nan
         nan        nan        nan        nan        nan        nan
         nan        nan]
 [0.8        0.66597325 0.55622692 0.45542691 0.38191889 0.34216368
  0.32310804 0.31395418 0.30899065 0.30610465 0.30437928 0.30334498
  0.30272612 0.30235583 0.30214632 0.30203251 0.57517364 0.6301821
  0.66717078 0.69507411 0.71619487 0.73238239 0.74496069 0.75486931
  0.76277146 0.76913349 0.774298   0.77852686 0.78200747 0.78488921
  0.7872894  0.81674166 0.87839594 0.92302235 0.94990651 0.96582576
  0.9756359  0.98198929 0.98625428 0.98922195        nan        nan
         nan        nan        nan        nan        nan        nan
         nan        nan]
 [0.8        0.65272713 0.52658944 0.42083533 0.35356321 0.32085368
  0.30549183 0.29782492 0.29351906 0.29097214 0.28943802 0.28851499
  0.28796147 0.28763006 0.28744182 0.2873388  0.52809855 0.59494977
  0.63898202 0.67280849 0.69861041 0.71841113 0.73377159 0.74583272
  0.75541568 0.76310321 0.76932272 0.77440145 0.77857083 0.78201543
  0.78487964 0.8132622  0.87602642 0.9215543  0.94898561 0.96521733
  0.97520917 0.98167662 0.98601598 0.989034          nan        nan
         nan        nan        nan        nan        nan        nan
         nan        nan]
 [0.8        0.64054393 0.49805138 0.39100141 0.33139426 0.30437876
  0.29147673 0.28476669 0.2809042  0.27859719 0.27720215 0.27636099
  0.27585568 0.27555283 0.27538001 0.27528459 0.47848029 0.55599469
  0.60691217 0.64712734 0.67823699 0.70222651 0.72084143 0.73542512
  0.74697365 0.75620563 0.76364898 0.76970933 0.77467099 0.77876034
  0.78215428 0.809463   0.87346966 0.91997641 0.94799833 0.96456639
  0.9747531  0.98134266 0.98576156 0.98883331        nan        nan
         nan        nan        nan        nan        nan        nan
         nan        nan]
 [0.8        0.6301317  0.47161866 0.3665258  0.31456351 0.29173889
  0.28042877 0.27434808 0.27079438 0.26866074 0.26736787 0.2665872
  0.26611747 0.26583557 0.26567387 0.26558372 0.4297838  0.51420914
  0.57106754 0.61777238 0.65471098 0.68348213 0.70587863 0.7234134
  0.73726249 0.74829756 0.75716567 0.76436272 0.7702389  0.77506893
  0.77906936 0.80529384 0.87069628 0.91827163 0.94693449 0.96386651
  0.97426333 0.98098429 0.98548871 0.98861808        nan        nan
         nan        nan        nan        nan        nan        nan
         nan        nan]
 [0.8        0.62221565 0.44823312 0.34740145 0.30209929 0.28216074
  0.27187841 0.26622124 0.26288619 0.26087838 0.25966032 0.25892402
  0.2584803  0.25821357 0.25805975 0.25797315 0.38555387 0.47110949
  0.53201024 0.58469332 0.62772144 0.66181534 0.68855368 0.70952502
  0.72606498 0.73920746 0.7497399  0.75825649 0.76519212 0.77087572
  0.77557286 0.80069771 0.86767267 0.91642033 0.94578239 0.96311029
  0.97373482 0.98059791 0.98519478 0.98838626        nan        nan
         nan        nan        nan        nan        nan        nan
         nan        nan]
 [0.8        0.61725742 0.42863927 0.33318597 0.29312688 0.27508092
  0.26546683 0.26009751 0.25691675 0.25499899 0.25383468 0.25313019
  0.25270499 0.25244889 0.2523004  0.25221598 0.34822139 0.42871872
  0.49088697 0.5481956  0.59710356 0.63689105 0.66851435 0.69345069
  0.71312751 0.72873339 0.74121293 0.75126598 0.75943288 0.7661036
  0.77160357 0.7956102  0.86436052 0.91440005 0.94452859 0.96228928
  0.97316181 0.98017942 0.9848767  0.9881355         nan        nan
         nan        nan        nan        nan        nan        nan
         nan        nan]
 [0.8        0.61518006 0.41332756 0.32322568 0.28694452 0.27008961
  0.260907   0.25573016 0.25265494 0.25079916 0.24967173 0.24898887
  0.24857602 0.24832675 0.24818139 0.24809787 0.31861699 0.38920604
  0.44940913 0.50908605 0.56297177 0.6084769  0.64541753 0.67485408
  0.69816057 0.71664207 0.73139553 0.74324465 0.75284586 0.76066266
  0.76708969 0.78995882 0.86071624 0.91218509 0.94315774 0.96139381
  0.97253773 0.97972411 0.98453101 0.98786308        nan        nan
         nan        nan        nan        nan        nan        nan
         nan        nan]
 [0.8        0.61529614 0.40257392 0.31681309 0.28300636 0.26686319
  0.25794667 0.25289087 0.24988254 0.24806581 0.24696126 0.24629137
  0.24588548 0.24563957 0.24549515 0.24541113 0.29627216 0.35439728
  0.40961103 0.46873822 0.52587172 0.57655482 0.61898746 0.65339411
  0.68084427 0.70266982 0.72006506 0.73402135 0.74529603 0.75444859
  0.76194711 0.78366219 0.85669016 0.90974596 0.94165221 0.96041279
  0.97185503 0.97922659 0.98415371 0.9875659         nan        nan
         nan        nan        nan        nan        nan        nan
         nan        nan]
 [0.8        0.61653022 0.39636956 0.31323486 0.28085229 0.26509108
  0.25632009 0.25132996 0.24835733 0.24656075 0.24546726 0.24480288
  0.24439909 0.24415326 0.24400757 0.24392146 0.28003696 0.32539199
  0.37343613 0.42898971 0.48689747 0.54147013 0.58911869 0.62877567
  0.66085006 0.68652903 0.70697468 0.72339953 0.73662924 0.74734014
  0.75607911 0.77663273 0.852227   0.90704944 0.93999211 0.95933373
  0.97110525 0.97868084 0.98374039 0.98724059        nan        nan
         nan        nan        nan        nan        nan        nan
         nan        nan]
 [0.8        0.61779998 0.39402425 0.31174587 0.28000661 0.26440171
  0.25569034 0.25072543 0.24776558 0.24597534 0.24488443 0.24422033
  0.24381544 0.2435677  0.24341954 0.24333066 0.26870219 0.30273533
  0.34274783 0.39239437 0.44831574 0.50471458 0.55659599 0.60132222
  0.63827701 0.66822057 0.69212092 0.71134384 0.7268208  0.73930779
  0.74947012 0.76894937 0.84735216 0.90410559 0.93818329 0.9581613
  0.97029265 0.97809113 0.98329526 0.98689146        nan        nan
         nan        nan        nan        nan        nan        nan
         nan        nan]]
00:00:00.12 State variable velocity: yB
00:00:00.78 done
