Starting at 2022-06-25 04:59:38.555373
Args: ./test
00:00:00.00 time :[ 0.  1.  2.  3.  4.  5.  6.  7.  8.  9. 10. 11. 12. 13. 14. 15. 16. 17.
 18. 19. 20. 21. 22. 23. 24. 25. 26. 27. 28. 29.]
00:00:00.00 parameters: {'R': 8.314, 'nocomponents': 2, 'xnames': ['xA', 'xB'], 'ynames': ['yA', 'yB'], 'feed_yi': [0.2, 0.8], 'ini_yi': [0.2, 0.8], 'isomodel': 'Langmuir-Freundlich', 'bi': [0.0042, 0.0616], 'qsi': [2.5, 7.3], 'qs0': 7.3, 'ni': [1.006, 0.83], 'ki': [0.62, 0.197], 'Hi': [0, 0], 'mode': 1, 'bed': 1, 'N': 20, 'tstep': 1, 'adsorb': True, 'Ta': 293.15, 'D': 0.083, 'L': 1, 'product_tank_volume': 0.002, 'epsilon': 0.37, 'epsilonp': 0.35, 'rp': 0.0007, 'tauprime': 3.0, 'input_orifice': 2.2, 'output_orifice': 1.4, 'product_orifice': 0.475, 'blowdown_orifice': 2.8, 'vent_orifice': 1.0, 'feed_pressure': 1, 'PI': 50000.0, 'PL': 25000.0, 'PH': 100000.0, 'product_pressure': 2, 'rho_s': 1130, 'rho_w': 7800, 'Cpg': 30.7, 'Cpa': 30.7, 'Cps': 1339, 'Cpw': 502, 'mu': 1.72e-05, 'Dm': 1.6e-05, 'gamma': 1.4, 'Kz': 0.09, 'Kw': 16, 'hin': 8.6, 'hout': 2.5, 'eta': 0.72, 'area': 0.005410607947645022, 'volume': 0.005410607947645022, 'rin': 0.0415, 'rout': 0.2915, 'epst': 0.5873015873015873, 'epsb': 1.7027027027027026, 'cellsize': 0.05, 'deltaZ': 0.05, 'container_vol': 0.005410607947645022, 'vfeed': 1, 'norm_v0': 1, 'norm_t0': 1.0, 'norm_P0': 100000.0, 'norm_T0': 293, 'rho_g': 1.1898660666240475, 'Dp': 5.333333333333333e-06, 'lamda_pre': 0.5, 'lamda_blw': 0.5, 'lamda_eva': 0.5, 'tpre': 15, 'tads': 5, 'tblw': 5, 'teva': 5, 'norm_tpre': 15.0, 'norm_tads': 20.0, 'norm_tblw': 25.0, 'norm_tend': 30.0, 'DL': 0.00049}
00:00:00.02 State variable P: [[0.25       0.54354413 0.72300737 0.8318746  0.89794388 0.93806723
  0.9624023  0.97715985 0.98613841 0.99157987 0.99488657 0.99689418
  0.99811459 0.99885508 0.99930584        nan        nan        nan
         nan        nan        nan        nan        nan        nan
         nan        nan        nan        nan        nan        nan]
 [0.25       0.54086655 0.72098603 0.83046707 0.89697295 0.93740579
  0.96195752 0.97686406 0.98594384 0.99145282 0.99480339 0.99683969
  0.9980789  0.99883197 0.99929062        nan        nan        nan
         nan        nan        nan        nan        nan        nan
         nan        nan        nan        nan        nan        nan]
 [0.25       0.53829935 0.71912491 0.82919984 0.89612071 0.93684241
  0.96159164 0.97662994 0.9857958  0.99135967 0.99474413 0.99680168
  0.99805434 0.99881616 0.99928013        nan        nan        nan
         nan        nan        nan        nan        nan        nan
         nan        nan        nan        nan        nan        nan]
 [0.25       0.53586321 0.71742067 0.82806801 0.8953808  0.93636917
  0.96129523 0.97644695 0.98568357 0.99129052 0.99470058 0.99677384
  0.99803636 0.99880454 0.99927237        nan        nan        nan
         nan        nan        nan        nan        nan        nan
         nan        nan        nan        nan        nan        nan]
 [0.25       0.53357206 0.71586938 0.82706575 0.89474563 0.93597666
  0.96105757 0.97630407 0.98559724 0.9912375  0.99466707 0.99675232
  0.99802241 0.9987955  0.99926631        nan        nan        nan
         nan        nan        nan        nan        nan        nan
         nan        nan        nan        nan        nan        nan]
 [0.25       0.53143434 0.71446643 0.82618625 0.89420631 0.93565423
  0.96086741 0.97619115 0.98552895 0.99119522 0.99464014 0.99673493
  0.99801112 0.99878815 0.99926138        nan        nan        nan
         nan        nan        nan        nan        nan        nan
         nan        nan        nan        nan        nan        nan]
 [0.25       0.52945439 0.71320649 0.82542162 0.89375276 0.93539059
  0.96071416 0.97609994 0.98547325 0.99116038 0.9946178  0.99672045
  0.99800171 0.99878204 0.99925728        nan        nan        nan
         nan        nan        nan        nan        nan        nan
         nan        nan        nan        nan        nan        nan]
 [0.25       0.52763359 0.71208351 0.824763   0.89337409 0.93517467
  0.9605888  0.97602449 0.98542662 0.99113096 0.99459887 0.99670816
  0.99799374 0.99877685 0.99925381        nan        nan        nan
         nan        nan        nan        nan        nan        nan
         nan        nan        nan        nan        nan        nan]
 [0.25       0.52597129 0.71109069 0.82420067 0.89305914 0.93499653
  0.96048444 0.9759608  0.98538688 0.99110576 0.99458261 0.99669761
  0.99798689 0.99877241 0.99925085        nan        nan        nan
         nan        nan        nan        nan        nan        nan
         nan        nan        nan        nan        nan        nan]
 [0.25       0.52446534 0.71022056 0.82372436 0.89279723 0.93484801
  0.9603962  0.97590628 0.98535265 0.99108397 0.99456854 0.99668848
  0.99798098 0.99876859 0.9992483         nan        nan        nan
         nan        nan        nan        nan        nan        nan
         nan        nan        nan        nan        nan        nan]
 [0.25       0.52311254 0.70946511 0.82332364 0.8925789  0.93472288
  0.96032079 0.97585928 0.98532302 0.99106508 0.99455635 0.99668057
  0.99797588 0.99876529 0.99924612        nan        nan        nan
         nan        nan        nan        nan        nan        nan
         nan        nan        nan        nan        nan        nan]
 [0.25       0.52190898 0.70881594 0.8229885  0.89239627 0.93461672
  0.96025604 0.97581867 0.98529738 0.99104871 0.99454578 0.99667373
  0.99797146 0.99876245 0.99924424        nan        nan        nan
         nan        nan        nan        nan        nan        nan
         nan        nan        nan        nan        nan        nan]
 [0.25       0.52085033 0.7082645  0.8227098  0.89224328 0.9345265
  0.96020051 0.97578373 0.98527527 0.9910346  0.99453667 0.99666783
  0.99796767 0.99876001 0.99924265        nan        nan        nan
         nan        nan        nan        nan        nan        nan
         nan        nan        nan        nan        nan        nan]
 [0.25       0.5199322  0.70780242 0.82247967 0.89211546 0.93445016
  0.96015323 0.97575392 0.98525641 0.99102255 0.9945289  0.99666281
  0.99796445 0.99875795 0.9992413         nan        nan        nan
         nan        nan        nan        nan        nan        nan
         nan        nan        nan        nan        nan        nan]
 [0.25       0.51915053 0.70742178 0.82229173 0.89200966 0.93438635
  0.96011356 0.97572887 0.98524054 0.99101242 0.99452237 0.99665859
  0.99796175 0.99875623 0.99924018        nan        nan        nan
         nan        nan        nan        nan        nan        nan
         nan        nan        nan        nan        nan        nan]
 [0.25       0.51850188 0.70711544 0.82214103 0.89192372 0.93433416
  0.96008102 0.97570831 0.98522752 0.9910041  0.99451701 0.99665514
  0.99795955 0.99875482 0.99923927        nan        nan        nan
         nan        nan        nan        nan        nan        nan
         nan        nan        nan        nan        nan        nan]
 [0.25       0.51798387 0.7068773  0.82202394 0.89185623 0.93429296
  0.9600553  0.97569205 0.98521723 0.99099753 0.99451278 0.99665242
  0.99795781 0.99875372 0.99923856        nan        nan        nan
         nan        nan        nan        nan        nan        nan
         nan        nan        nan        nan        nan        nan]
 [0.25       0.51759517 0.7067025  0.82193795 0.89180624 0.93426235
  0.96003617 0.97567995 0.98520957 0.99099265 0.99450964 0.9966504
  0.99795653 0.99875291 0.99923804        nan        nan        nan
         nan        nan        nan        nan        nan        nan
         nan        nan        nan        nan        nan        nan]
 [0.25       0.51733541 0.70658759 0.82188141 0.89177318 0.93424207
  0.96002349 0.97567194 0.9852045  0.99098941 0.99450756 0.99664906
  0.99795568 0.99875238 0.9992377         nan        nan        nan
         nan        nan        nan        nan        nan        nan
         nan        nan        nan        nan        nan        nan]
 [0.25       0.51720505 0.70653053 0.82185336 0.89175673 0.93423196
  0.96001717 0.97566794 0.98520197 0.9909878  0.99450653 0.9966484
  0.99795526 0.99875212 0.99923754        nan        nan        nan
         nan        nan        nan        nan        nan        nan
         nan        nan        nan        nan        nan        nan]]
00:00:00.03 State variable T: [[1.00051195 1.00051195 1.00051195 1.00051195 1.00051195 1.00051195
  1.00051195 1.00051195 1.00051195 1.00051195 1.00051195 1.00051195
  1.00051195 1.00051195 1.00051195        nan        nan        nan
         nan        nan        nan        nan        nan        nan
         nan        nan        nan        nan        nan        nan]
 [1.00051195 1.00051195 1.00051195 1.00051195 1.00051195 1.00051195
  1.00051195 1.00051195 1.00051195 1.00051195 1.00051195 1.00051195
  1.00051195 1.00051195 1.00051195        nan        nan        nan
         nan        nan        nan        nan        nan        nan
         nan        nan        nan        nan        nan        nan]
 [1.00051195 1.00051195 1.00051195 1.00051195 1.00051195 1.00051195
  1.00051195 1.00051195 1.00051195 1.00051195 1.00051195 1.00051195
  1.00051195 1.00051195 1.00051195        nan        nan        nan
         nan        nan        nan        nan        nan        nan
         nan        nan        nan        nan        nan        nan]
 [1.00051195 1.00051195 1.00051195 1.00051195 1.00051195 1.00051195
  1.00051195 1.00051195 1.00051195 1.00051195 1.00051195 1.00051195
  1.00051195 1.00051195 1.00051195        nan        nan        nan
         nan        nan        nan        nan        nan        nan
         nan        nan        nan        nan        nan        nan]
 [1.00051195 1.00051195 1.00051195 1.00051195 1.00051195 1.00051195
  1.00051195 1.00051195 1.00051195 1.00051195 1.00051195 1.00051195
  1.00051195 1.00051195 1.00051195        nan        nan        nan
         nan        nan        nan        nan        nan        nan
         nan        nan        nan        nan        nan        nan]
 [1.00051195 1.00051195 1.00051195 1.00051195 1.00051195 1.00051195
  1.00051195 1.00051195 1.00051195 1.00051195 1.00051195 1.00051195
  1.00051195 1.00051195 1.00051195        nan        nan        nan
         nan        nan        nan        nan        nan        nan
         nan        nan        nan        nan        nan        nan]
 [1.00051195 1.00051195 1.00051195 1.00051195 1.00051195 1.00051195
  1.00051195 1.00051195 1.00051195 1.00051195 1.00051195 1.00051195
  1.00051195 1.00051195 1.00051195        nan        nan        nan
         nan        nan        nan        nan        nan        nan
         nan        nan        nan        nan        nan        nan]
 [1.00051195 1.00051195 1.00051195 1.00051195 1.00051195 1.00051195
  1.00051195 1.00051195 1.00051195 1.00051195 1.00051195 1.00051195
  1.00051195 1.00051195 1.00051195        nan        nan        nan
         nan        nan        nan        nan        nan        nan
         nan        nan        nan        nan        nan        nan]
 [1.00051195 1.00051195 1.00051195 1.00051195 1.00051195 1.00051195
  1.00051195 1.00051195 1.00051195 1.00051195 1.00051195 1.00051195
  1.00051195 1.00051195 1.00051195        nan        nan        nan
         nan        nan        nan        nan        nan        nan
         nan        nan        nan        nan        nan        nan]
 [1.00051195 1.00051195 1.00051195 1.00051195 1.00051195 1.00051195
  1.00051195 1.00051195 1.00051195 1.00051195 1.00051195 1.00051195
  1.00051195 1.00051195 1.00051195        nan        nan        nan
         nan        nan        nan        nan        nan        nan
         nan        nan        nan        nan        nan        nan]
 [1.00051195 1.00051195 1.00051195 1.00051195 1.00051195 1.00051195
  1.00051195 1.00051195 1.00051195 1.00051195 1.00051195 1.00051195
  1.00051195 1.00051195 1.00051195        nan        nan        nan
         nan        nan        nan        nan        nan        nan
         nan        nan        nan        nan        nan        nan]
 [1.00051195 1.00051195 1.00051195 1.00051195 1.00051195 1.00051195
  1.00051195 1.00051195 1.00051195 1.00051195 1.00051195 1.00051195
  1.00051195 1.00051195 1.00051195        nan        nan        nan
         nan        nan        nan        nan        nan        nan
         nan        nan        nan        nan        nan        nan]
 [1.00051195 1.00051195 1.00051195 1.00051195 1.00051195 1.00051195
  1.00051195 1.00051195 1.00051195 1.00051195 1.00051195 1.00051195
  1.00051195 1.00051195 1.00051195        nan        nan        nan
         nan        nan        nan        nan        nan        nan
         nan        nan        nan        nan        nan        nan]
 [1.00051195 1.00051195 1.00051195 1.00051195 1.00051195 1.00051195
  1.00051195 1.00051195 1.00051195 1.00051195 1.00051195 1.00051195
  1.00051195 1.00051195 1.00051195        nan        nan        nan
         nan        nan        nan        nan        nan        nan
         nan        nan        nan        nan        nan        nan]
 [1.00051195 1.00051195 1.00051195 1.00051195 1.00051195 1.00051195
  1.00051195 1.00051195 1.00051195 1.00051195 1.00051195 1.00051195
  1.00051195 1.00051195 1.00051195        nan        nan        nan
         nan        nan        nan        nan        nan        nan
         nan        nan        nan        nan        nan        nan]
 [1.00051195 1.00051195 1.00051195 1.00051195 1.00051195 1.00051195
  1.00051195 1.00051195 1.00051195 1.00051195 1.00051195 1.00051195
  1.00051195 1.00051195 1.00051195        nan        nan        nan
         nan        nan        nan        nan        nan        nan
         nan        nan        nan        nan        nan        nan]
 [1.00051195 1.00051195 1.00051195 1.00051195 1.00051195 1.00051195
  1.00051195 1.00051195 1.00051195 1.00051195 1.00051195 1.00051195
  1.00051195 1.00051195 1.00051195        nan        nan        nan
         nan        nan        nan        nan        nan        nan
         nan        nan        nan        nan        nan        nan]
 [1.00051195 1.00051195 1.00051195 1.00051195 1.00051195 1.00051195
  1.00051195 1.00051195 1.00051195 1.00051195 1.00051195 1.00051195
  1.00051195 1.00051195 1.00051195        nan        nan        nan
         nan        nan        nan        nan        nan        nan
         nan        nan        nan        nan        nan        nan]
 [1.00051195 1.00051195 1.00051195 1.00051195 1.00051195 1.00051195
  1.00051195 1.00051195 1.00051195 1.00051195 1.00051195 1.00051195
  1.00051195 1.00051195 1.00051195        nan        nan        nan
         nan        nan        nan        nan        nan        nan
         nan        nan        nan        nan        nan        nan]
 [1.00051195 1.00051195 1.00051195 1.00051195 1.00051195 1.00051195
  1.00051195 1.00051195 1.00051195 1.00051195 1.00051195 1.00051195
  1.00051195 1.00051195 1.00051195        nan        nan        nan
         nan        nan        nan        nan        nan        nan
         nan        nan        nan        nan        nan        nan]]
00:00:00.05 State variable Tw: [[ 1.  1.  1.  1.  1.  1.  1.  1.  1.  1.  1.  1.  1.  1.  1. nan nan nan
  nan nan nan nan nan nan nan nan nan nan nan nan]
 [ 1.  1.  1.  1.  1.  1.  1.  1.  1.  1.  1.  1.  1.  1.  1. nan nan nan
  nan nan nan nan nan nan nan nan nan nan nan nan]
 [ 1.  1.  1.  1.  1.  1.  1.  1.  1.  1.  1.  1.  1.  1.  1. nan nan nan
  nan nan nan nan nan nan nan nan nan nan nan nan]
 [ 1.  1.  1.  1.  1.  1.  1.  1.  1.  1.  1.  1.  1.  1.  1. nan nan nan
  nan nan nan nan nan nan nan nan nan nan nan nan]
 [ 1.  1.  1.  1.  1.  1.  1.  1.  1.  1.  1.  1.  1.  1.  1. nan nan nan
  nan nan nan nan nan nan nan nan nan nan nan nan]
 [ 1.  1.  1.  1.  1.  1.  1.  1.  1.  1.  1.  1.  1.  1.  1. nan nan nan
  nan nan nan nan nan nan nan nan nan nan nan nan]
 [ 1.  1.  1.  1.  1.  1.  1.  1.  1.  1.  1.  1.  1.  1.  1. nan nan nan
  nan nan nan nan nan nan nan nan nan nan nan nan]
 [ 1.  1.  1.  1.  1.  1.  1.  1.  1.  1.  1.  1.  1.  1.  1. nan nan nan
  nan nan nan nan nan nan nan nan nan nan nan nan]
 [ 1.  1.  1.  1.  1.  1.  1.  1.  1.  1.  1.  1.  1.  1.  1. nan nan nan
  nan nan nan nan nan nan nan nan nan nan nan nan]
 [ 1.  1.  1.  1.  1.  1.  1.  1.  1.  1.  1.  1.  1.  1.  1. nan nan nan
  nan nan nan nan nan nan nan nan nan nan nan nan]
 [ 1.  1.  1.  1.  1.  1.  1.  1.  1.  1.  1.  1.  1.  1.  1. nan nan nan
  nan nan nan nan nan nan nan nan nan nan nan nan]
 [ 1.  1.  1.  1.  1.  1.  1.  1.  1.  1.  1.  1.  1.  1.  1. nan nan nan
  nan nan nan nan nan nan nan nan nan nan nan nan]
 [ 1.  1.  1.  1.  1.  1.  1.  1.  1.  1.  1.  1.  1.  1.  1. nan nan nan
  nan nan nan nan nan nan nan nan nan nan nan nan]
 [ 1.  1.  1.  1.  1.  1.  1.  1.  1.  1.  1.  1.  1.  1.  1. nan nan nan
  nan nan nan nan nan nan nan nan nan nan nan nan]
 [ 1.  1.  1.  1.  1.  1.  1.  1.  1.  1.  1.  1.  1.  1.  1. nan nan nan
  nan nan nan nan nan nan nan nan nan nan nan nan]
 [ 1.  1.  1.  1.  1.  1.  1.  1.  1.  1.  1.  1.  1.  1.  1. nan nan nan
  nan nan nan nan nan nan nan nan nan nan nan nan]
 [ 1.  1.  1.  1.  1.  1.  1.  1.  1.  1.  1.  1.  1.  1.  1. nan nan nan
  nan nan nan nan nan nan nan nan nan nan nan nan]
 [ 1.  1.  1.  1.  1.  1.  1.  1.  1.  1.  1.  1.  1.  1.  1. nan nan nan
  nan nan nan nan nan nan nan nan nan nan nan nan]
 [ 1.  1.  1.  1.  1.  1.  1.  1.  1.  1.  1.  1.  1.  1.  1. nan nan nan
  nan nan nan nan nan nan nan nan nan nan nan nan]
 [ 1.  1.  1.  1.  1.  1.  1.  1.  1.  1.  1.  1.  1.  1.  1. nan nan nan
  nan nan nan nan nan nan nan nan nan nan nan nan]]
00:00:00.07 State variable xA: [[6.94967024e-05 9.33688468e-05 1.37533805e-04 1.81383113e-04
  2.18631719e-04 2.48850217e-04 2.73402317e-04 2.94045206e-04
  3.12621217e-04 3.30130602e-04 3.47422533e-04 3.64294310e-04
  3.80292412e-04 3.95242479e-04 4.08743229e-04            nan
             nan            nan            nan            nan
             nan            nan            nan            nan
             nan            nan            nan            nan
             nan            nan]
 [6.94967024e-05 9.49630044e-05 1.43472584e-04 1.93468260e-04
  2.38268368e-04 2.77402273e-04 3.12264439e-04 3.44588008e-04
  3.75463780e-04 4.05082862e-04 4.32441895e-04 4.56447672e-04
  4.76387079e-04 4.92581512e-04 5.04830797e-04            nan
             nan            nan            nan            nan
             nan            nan            nan            nan
             nan            nan            nan            nan
             nan            nan]
 [6.94967024e-05 9.65891237e-05 1.49913027e-04 2.06963800e-04
  2.60725773e-04 3.10640422e-04 3.57909429e-04 4.03560182e-04
  4.47132719e-04 4.86895155e-04 5.20483399e-04 5.46988822e-04
  5.66839770e-04 5.81584116e-04 5.91705862e-04            nan
             nan            nan            nan            nan
             nan            nan            nan            nan
             nan            nan            nan            nan
             nan            nan]
 [6.94967024e-05 9.82346971e-05 1.56874350e-04 2.22002115e-04
  2.86291761e-04 3.48859087e-04 4.10083345e-04 4.69125130e-04
  5.23159429e-04 5.68701789e-04 6.03684750e-04 6.28964955e-04
  6.46560898e-04 6.58925104e-04 6.66971557e-04            nan
             nan            nan            nan            nan
             nan            nan            nan            nan
             nan            nan            nan            nan
             nan            nan]
 [6.94967024e-05 9.98892110e-05 1.64386010e-04 2.38702369e-04
  3.15134943e-04 3.91885871e-04 4.67362741e-04 5.37708620e-04
  5.97923015e-04 6.44605271e-04 6.77691551e-04 7.00190976e-04
  7.15176969e-04 7.25393930e-04 7.31868145e-04            nan
             nan            nan            nan            nan
             nan            nan            nan            nan
             nan            nan            nan            nan
             nan            nan]
 [6.94967024e-05 1.01538285e-04 1.72464689e-04 2.57129802e-04
  3.47180570e-04 4.38837858e-04 5.27118079e-04 6.04958625e-04
  6.66841896e-04 7.11562623e-04 7.41531448e-04 7.61204194e-04
  7.74017231e-04 7.82629494e-04 7.88023810e-04            nan
             nan            nan            nan            nan
             nan            nan            nan            nan
             nan            nan            nan            nan
             nan            nan]
 [6.94967024e-05 1.03162592e-04 1.81105638e-04 2.77254574e-04
  3.81981535e-04 4.88029569e-04 5.86063658e-04 6.67166921e-04
  7.27522040e-04 7.69032866e-04 7.95952097e-04 8.13321980e-04
  8.24528221e-04 8.32017696e-04 8.36689007e-04            nan
             nan            nan            nan            nan
             nan            nan            nan            nan
             nan            nan            nan            nan
             nan            nan]
 [6.94967024e-05 1.04737390e-04 1.90274420e-04 2.98904963e-04
  4.18636240e-04 5.37180706e-04 6.41155205e-04 7.22141635e-04
  7.79461946e-04 8.17731846e-04 8.42149629e-04 8.57799706e-04
  8.67865912e-04 8.74581580e-04 8.78766251e-04            nan
             nan            nan            nan            nan
             nan            nan            nan            nan
             nan            nan            nan            nan
             nan            nan]
 [6.94967024e-05 1.06232343e-04 1.99897562e-04 3.21725716e-04
  4.55825812e-04 5.83912419e-04 6.90294558e-04 7.69177543e-04
  8.23196035e-04 8.58716698e-04 8.81233142e-04 8.95640496e-04
  9.04905184e-04 9.11085147e-04 9.14937383e-04            nan
             nan            nan            nan            nan
             nan            nan            nan            nan
             nan            nan            nan            nan
             nan            nan]
 [6.94967024e-05 1.07611335e-04 2.09852735e-04 3.45160629e-04
  4.92007255e-04 6.26299499e-04 7.32525087e-04 8.08546760e-04
  8.59626806e-04 8.92998707e-04 9.14117359e-04 9.27635755e-04
  9.36335531e-04 9.42141144e-04 9.45763037e-04            nan
             nan            nan            nan            nan
             nan            nan            nan            nan
             nan            nan            nan            nan
             nan            nan]
 [6.94967024e-05 1.08832499e-04 2.19960874e-04 3.68479994e-04
  5.25708784e-04 6.63196442e-04 7.67813487e-04 8.40992239e-04
  8.89699254e-04 9.21458461e-04 9.41563525e-04 9.54446858e-04
  9.62746453e-04 9.68288270e-04 9.71748891e-04            nan
             nan            nan            nan            nan
             nan            nan            nan            nan
             nan            nan            nan            nan
             nan            nan]
 [6.94967024e-05 1.09849917e-04 2.29982479e-04 3.90860743e-04
  5.55798163e-04 6.94237020e-04 7.96681806e-04 8.67399416e-04
  9.14285624e-04 9.44858303e-04 9.64232036e-04 9.76661034e-04
  9.84675839e-04 9.90030630e-04 9.93377570e-04            nan
             nan            nan            nan            nan
             nan            nan            nan            nan
             nan            nan            nan            nan
             nan            nan]
 [6.94967024e-05 1.10619576e-04 2.39620837e-04 4.11501907e-04
  5.81613842e-04 7.19618728e-04 8.19884503e-04 8.88625318e-04
  9.34152956e-04 9.63861408e-04 9.82708490e-04 9.94812020e-04
  1.00262357e-03 1.00784530e-03 1.01111181e-03            nan
             nan            nan            nan            nan
             nan            nan            nan            nan
             nan            nan            nan            nan
             nan            nan]
 [6.94967024e-05 1.11110972e-04 2.48535636e-04 4.29735555e-04
  6.02942370e-04 7.39843643e-04 8.38202151e-04 9.05426436e-04
  9.49957885e-04 9.79041392e-04 9.97510279e-04 1.00938092e-03
  1.01704747e-03 1.02217454e-03 1.02538416e-03            nan
             nan            nan            nan            nan
             nan            nan            nan            nan
             nan            nan            nan            nan
             nan            nan]
 [6.94967024e-05 1.11321688e-04 2.56369144e-04 4.45094471e-04
  6.19901136e-04 7.55519276e-04 8.52341356e-04 9.18440549e-04
  9.62252871e-04 9.90888907e-04 1.00908822e-03 1.02079332e-03
  1.02835707e-03 1.03341726e-03 1.03658694e-03            nan
             nan            nan            nan            nan
             nan            nan            nan            nan
             nan            nan            nan            nan
             nan            nan]
 [6.94967024e-05 1.11287722e-04 2.62783842e-04 4.57324925e-04
  6.32799640e-04 7.67241409e-04 8.62902608e-04 9.28194383e-04
  9.71498853e-04 9.99820409e-04 1.01783088e-03 1.02942031e-03
  1.03691250e-03 1.04192632e-03 1.04506857e-03            nan
             nan            nan            nan            nan
             nan            nan            nan            nan
             nan            nan            nan            nan
             nan            nan]
 [6.94967024e-05 1.11081950e-04 2.67513990e-04 4.66364446e-04
  6.42031487e-04 7.75545153e-04 8.70386321e-04 9.35125008e-04
  9.78084674e-04 1.00619338e-03 1.02407644e-03 1.03558817e-03
  1.04303259e-03 1.04801577e-03 1.05114027e-03            nan
             nan            nan            nan            nan
             nan            nan            nan            nan
             nan            nan            nan            nan
             nan            nan]
 [6.94967024e-05 1.10798613e-04 2.70445388e-04 4.72325624e-04
  6.48027742e-04 7.80912639e-04 8.75228545e-04 9.39618400e-04
  9.82361576e-04 1.01033710e-03 1.02814098e-03 1.03960496e-03
  1.04702062e-03 1.05198590e-03 1.05510070e-03            nan
             nan            nan            nan            nan
             nan            nan            nan            nan
             nan            nan            nan            nan
             nan            nan]
 [6.94967024e-05 1.10529821e-04 2.71728657e-04 4.75535738e-04
  6.51292119e-04 7.83839492e-04 8.77874590e-04 9.42078384e-04
  9.84706495e-04 1.01261193e-03 1.03037505e-03 1.04181547e-03
  1.04921798e-03 1.05417608e-03 1.05728821e-03            nan
             nan            nan            nan            nan
             nan            nan            nan            nan
             nan            nan            nan            nan
             nan            nan]
 [6.94967024e-05 1.10346944e-04 2.71884332e-04 4.76653289e-04
  6.52512366e-04 7.84949766e-04 8.78884397e-04 9.43020481e-04
  9.85607049e-04 1.01348801e-03 1.03123804e-03 1.04267209e-03
  1.05007235e-03 1.05503057e-03 1.05814462e-03            nan
             nan            nan            nan            nan
             nan            nan            nan            nan
             nan            nan            nan            nan
             nan            nan]]
00:00:00.08 State variable xB: [[0.01593564 0.01732853 0.02028025 0.02370437 0.02708626 0.03017556
  0.03287056 0.0351468  0.03701268 0.03849824 0.0396318  0.04047591
  0.04108904 0.0415349  0.04183162        nan        nan        nan
         nan        nan        nan        nan        nan        nan
         nan        nan        nan        nan        nan        nan]
 [0.01593564 0.01727603 0.02014037 0.0234484  0.02668284 0.02958917
  0.03206133 0.03407214 0.0356376  0.03679976 0.03761618 0.03817499
  0.0385519  0.03881299 0.03898383        nan        nan        nan
         nan        nan        nan        nan        nan        nan
         nan        nan        nan        nan        nan        nan]
 [0.01593564 0.01722476 0.01999578 0.02317326 0.0262351  0.02892168
  0.03112423 0.0328218  0.03405139 0.03488878 0.03542522 0.03576572
  0.03598332 0.03612972 0.03622488        nan        nan        nan
         nan        nan        nan        nan        nan        nan
         nan        nan        nan        nan        nan        nan]
 [0.01593564 0.01717489 0.0198462  0.02287676 0.02573753 0.02816527
  0.0300562  0.03141371 0.0323142  0.03287605 0.03320978 0.03341248
  0.03353953 0.03362475 0.03368074        nan        nan        nan
         nan        nan        nan        nan        nan        nan
         nan        nan        nan        nan        nan        nan]
 [0.01593564 0.01712658 0.01969115 0.02255668 0.02518597 0.02731837
  0.02887199 0.02989716 0.03051851 0.03088064 0.03108755 0.03121228
  0.0312911  0.03134461 0.03138043        nan        nan        nan
         nan        nan        nan        nan        nan        nan
         nan        nan        nan        nan        nan        nan]
 [0.01593564 0.01708005 0.01953034 0.02221153 0.02457958 0.02639012
  0.02760771 0.02834361 0.02875783 0.02899131 0.02912456 0.02920619
  0.02925874 0.02929496 0.02931964        nan        nan        nan
         nan        nan        nan        nan        nan        nan
         nan        nan        nan        nan        nan        nan]
 [0.01593564 0.01703556 0.0193638  0.02184114 0.02392295 0.02540317
  0.02631587 0.02682649 0.02710204 0.02725764 0.02734839 0.02740523
  0.02744247 0.02746848 0.02748646        nan        nan        nan
         nan        nan        nan        nan        nan        nan
         nan        nan        nan        nan        nan        nan]
 [0.01593564 0.01699347 0.01919195 0.02144739 0.0232279  0.02439247
  0.02505333 0.02540393 0.02559204 0.02570084 0.02576602 0.02580764
  0.02583527 0.02585476 0.02586841        nan        nan        nan
         nan        nan        nan        nan        nan        nan
         nan        nan        nan        nan        nan        nan]
 [0.01593564 0.0169542  0.01901581 0.02103496 0.02251373 0.02339915
  0.02386882 0.02411274 0.02424654 0.02432627 0.02437513 0.02440675
  0.02442796 0.02444304 0.02445371        nan        nan        nan
         nan        nan        nan        nan        nan        nan
         nan        nan        nan        nan        nan        nan]
 [0.01593564 0.01691826 0.01883714 0.02061179 0.02180519 0.02246198
  0.02279594 0.02297092 0.02307031 0.02313104 0.02316888 0.0231936
  0.02321031 0.02322226 0.0232308         nan        nan        nan
         nan        nan        nan        nan        nan        nan
         nan        nan        nan        nan        nan        nan]
 [0.01593564 0.01688623 0.01865856 0.02018899 0.02112843 0.02161048
  0.02185243 0.02198296 0.02205969 0.02210743 0.0221375  0.02215727
  0.02217071 0.02218037 0.02218732        nan        nan        nan
         nan        nan        nan        nan        nan        nan
         nan        nan        nan        nan        nan        nan]
 [0.01593564 0.01685873 0.01848367 0.01977987 0.02050656 0.02086236
  0.02104339 0.02114474 0.02120596 0.02124451 0.02126896 0.0212851
  0.02129612 0.02130407 0.02130982        nan        nan        nan
         nan        nan        nan        nan        nan        nan
         nan        nan        nan        nan        nan        nan]
 [0.01593564 0.01683634 0.01831702 0.01939832 0.01995655 0.02022481
  0.0203657  0.02044738 0.02049766 0.02052955 0.02054988 0.02056334
  0.02057255 0.02057921 0.02058403        nan        nan        nan
         nan        nan        nan        nan        nan        nan
         nan        nan        nan        nan        nan        nan]
 [0.01593564 0.01681945 0.01816395 0.01905699 0.0194884  0.01969755
  0.01981175 0.01987984 0.01992227 0.0199493  0.01996658 0.01997804
  0.01998589 0.01999157 0.01999569        nan        nan        nan
         nan        nan        nan        nan        nan        nan
         nan        nan        nan        nan        nan        nan]
 [0.01593564 0.01680803 0.01803014 0.01876593 0.01910598 0.01927579
  0.01937204 0.01943058 0.01946734 0.01949082 0.01950586 0.01951584
  0.01952267 0.0195276  0.01953118        nan        nan        nan
         nan        nan        nan        nan        nan        nan
         nan        nan        nan        nan        nan        nan]
 [0.01593564 0.01680151 0.01792098 0.01853185 0.01880861 0.01895254
  0.01903662 0.01908844 0.01912113 0.01914204 0.01915544 0.01916432
  0.01917039 0.01917477 0.01917793        nan        nan        nan
         nan        nan        nan        nan        nan        nan
         nan        nan        nan        nan        nan        nan]
 [0.01593564 0.01679884 0.01784066 0.01835793 0.01859257 0.01871972
  0.01879564 0.0188428  0.01887263 0.01889172 0.01890393 0.01891201
  0.01891752 0.01892146 0.0189243         nan        nan        nan
         nan        nan        nan        nan        nan        nan
         nan        nan        nan        nan        nan        nan]
 [0.01593564 0.01679866 0.0177908  0.0182435  0.01845156 0.01856823
  0.01863886 0.01868293 0.01871082 0.01872864 0.01874001 0.0187475
  0.01875256 0.01875616 0.01875872        nan        nan        nan
         nan        nan        nan        nan        nan        nan
         nan        nan        nan        nan        nan        nan]
 [0.01593564 0.01679967 0.01776863 0.01818278 0.01837562 0.01848628
  0.01855376 0.01859592 0.01862256 0.01863953 0.0186503  0.01865732
  0.01866201 0.0186653  0.01866757        nan        nan        nan
         nan        nan        nan        nan        nan        nan
         nan        nan        nan        nan        nan        nan]
 [0.01593564 0.01680086 0.01776551 0.01816273 0.01834857 0.01845643
  0.01852238 0.01856354 0.01858948 0.01860593 0.01861628 0.01862297
  0.01862736 0.01863036 0.01863238        nan        nan        nan
         nan        nan        nan        nan        nan        nan
         nan        nan        nan        nan        nan        nan]]
00:00:00.09 State variable yA: [[0.2        0.20951839 0.21376958 0.21806625 0.22336233 0.22916824
  0.23644683 0.24466111 0.2547839  0.26530464 0.2769865  0.28792902
  0.29785604 0.30692436 0.31462324        nan        nan        nan
         nan        nan        nan        nan        nan        nan
         nan        nan        nan        nan        nan        nan]
 [0.2        0.21944112 0.22889578 0.23859934 0.25001349 0.26326289
  0.27903471 0.29656539 0.31522256 0.33302673 0.34863038 0.36090009
  0.36990158 0.3763999  0.38065724        nan        nan        nan
         nan        nan        nan        nan        nan        nan
         nan        nan        nan        nan        nan        nan]
 [0.2        0.2301658  0.24563016 0.2619524  0.28102181 0.30339556
  0.32893135 0.35571819 0.38085878 0.40174623 0.41683022 0.42691481
  0.43329456 0.43736172 0.43968288        nan        nan        nan
         nan        nan        nan        nan        nan        nan
         nan        nan        nan        nan        nan        nan]
 [0.2        0.24151062 0.26407577 0.28842501 0.31672671 0.34948524
  0.38464977 0.41806045 0.44513932 0.46419221 0.4759008  0.48283456
  0.4868697  0.48931069 0.49063382        nan        nan        nan
         nan        nan        nan        nan        nan        nan
         nan        nan        nan        nan        nan        nan]
 [0.2        0.25346176 0.28437484 0.31823164 0.35713318 0.40043115
  0.44290284 0.47816803 0.5024902  0.51717466 0.52523544 0.52973797
  0.53229669 0.53383501 0.53466434        nan        nan        nan
         nan        nan        nan        nan        nan        nan
         nan        nan        nan        nan        nan        nan]
 [0.2        0.26600677 0.30663631 0.35141699 0.40165793 0.45387664
  0.4992975  0.53156705 0.5506934  0.56107405 0.56649107 0.56950802
  0.57124401 0.57229946 0.57287311        nan        nan        nan
         nan        nan        nan        nan        nan        nan
         nan        nan        nan        nan        nan        nan]
 [0.2        0.27910045 0.33090016 0.38774085 0.44890226 0.50649851
  0.54992302 0.57634792 0.59032612 0.59757855 0.60137946 0.60354945
  0.60482487 0.60560795 0.60603659        nan        nan        nan
         nan        nan        nan        nan        nan        nan
         nan        nan        nan        nan        nan        nan]
 [0.2        0.29264752 0.357092   0.4265576  0.49665032 0.55491211
  0.5926852  0.61287654 0.62295942 0.62823306 0.63108886 0.63276341
  0.63376317 0.63437928 0.63471796        nan        nan        nan
         nan        nan        nan        nan        nan        nan
         nan        nan        nan        nan        nan        nan]
 [0.2        0.30649871 0.38497642 0.46674646 0.54224745 0.59672545
  0.62743532 0.64251427 0.65002969 0.65410337 0.6563884  0.65775276
  0.65857424 0.6590802  0.65935918        nan        nan        nan
         nan        nan        nan        nan        nan        nan
         nan        nan        nan        nan        nan        nan]
 [0.2        0.32044946 0.41412361 0.50676303 0.58327589 0.6310586
  0.6551822  0.6666495  0.67256574 0.67589724 0.67781499 0.67897141
  0.67967044 0.68009999 0.68033766        nan        nan        nan
         nan        nan        nan        nan        nan        nan
         nan        nan        nan        nan        nan        nan]
 [0.2        0.33422619 0.44390156 0.54485117 0.61817854 0.65831182
  0.67724651 0.68636059 0.69128064 0.69413    0.69579678 0.69680679
  0.69741844 0.69779337 0.6980018         nan        nan        nan
         nan        nan        nan        nan        nan        nan
         nan        nan        nan        nan        nan        nan]
 [0.2        0.34744595 0.47350035 0.57937343 0.64648594 0.67954822
  0.69479946 0.70242661 0.70670472 0.70922455 0.71071253 0.71161636
  0.71216428 0.71249953 0.71268697        nan        nan        nan
         nan        nan        nan        nan        nan        nan
         nan        nan        nan        nan        nan        nan]
 [0.2        0.3595674  0.50198792 0.60913516 0.66860513 0.69594879
  0.70873832 0.71542048 0.71926632 0.72155235 0.72290989 0.72373554
  0.72423649 0.72454265 0.72471496        nan        nan        nan
         nan        nan        nan        nan        nan        nan
         nan        nan        nan        nan        nan        nan]
 [0.2        0.36989998 0.52839087 0.63356397 0.68540705 0.70852689
  0.71971739 0.72578307 0.72932724 0.73144398 0.73270549 0.73347331
  0.73393958 0.73422442 0.73438582        nan        nan        nan
         nan        nan        nan        nan        nan        nan
         nan        nan        nan        nan        nan        nan]
 [0.2        0.37774744 0.55179465 0.65268521 0.69786454 0.71805489
  0.728215   0.73386703 0.7371968  0.73919049 0.74038154 0.7411069
  0.74154777 0.74181715 0.7419708         nan        nan        nan
         nan        nan        nan        nan        nan        nan
         nan        nan        nan        nan        nan        nan]
 [0.2        0.38267393 0.5714428  0.66694516 0.70684498 0.72509421
  0.73459109 0.73996171 0.74313964 0.74504512 0.74618546 0.74688032
  0.74730308 0.74756159 0.74770997        nan        nan        nan
         nan        nan        nan        nan        nan        nan
         nan        nan        nan        nan        nan        nan]
 [0.2        0.38475954 0.58678972 0.67699388 0.71304104 0.73005504
  0.73912979 0.74431172 0.74738543 0.74923012 0.75033561 0.75100969
  0.75142034 0.75167182 0.75181709        nan        nan        nan
         nan        nan        nan        nan        nan        nan
         nan        nan        nan        nan        nan        nan]
 [0.2        0.3846704  0.59751471 0.68352314 0.71699044 0.73326026
  0.74207822 0.74714117 0.75014868 0.75195502 0.75303892 0.75370055
  0.75410438 0.75435233 0.75449666        nan        nan        nan
         nan        nan        nan        nan        nan        nan
         nan        nan        nan        nan        nan        nan]
 [0.2        0.38345624 0.60364417 0.6872074  0.71915038 0.7350172
  0.7436968  0.7486952  0.75166737 0.75345396 0.75452755 0.75518399
  0.7555858  0.75583359 0.7559792         nan        nan        nan
         nan        nan        nan        nan        nan        nan
         nan        nan        nan        nan        nan        nan]
 [0.2        0.38219162 0.60592581 0.68875135 0.71999854 0.73569593
  0.74432025 0.74929404 0.75225369 0.7540342  0.75510559 0.75576194
  0.75616494 0.75641466 0.75656279        nan        nan        nan
         nan        nan        nan        nan        nan        nan
         nan        nan        nan        nan        nan        nan]]
00:00:00.10 State variable yB: [[0.8        0.79048161 0.78623042 0.78193375 0.77663767 0.77083176
  0.76355317 0.75533889 0.7452161  0.73469536 0.7230135  0.71207098
  0.70214396 0.69307564 0.68537676        nan        nan        nan
         nan        nan        nan        nan        nan        nan
         nan        nan        nan        nan        nan        nan]
 [0.8        0.78055888 0.77110422 0.76140066 0.74998651 0.73673711
  0.72096529 0.70343461 0.68477744 0.66697327 0.65136962 0.63909991
  0.63009842 0.6236001  0.61934276        nan        nan        nan
         nan        nan        nan        nan        nan        nan
         nan        nan        nan        nan        nan        nan]
 [0.8        0.7698342  0.75436984 0.7380476  0.71897819 0.69660444
  0.67106865 0.64428181 0.61914122 0.59825377 0.58316978 0.57308519
  0.56670544 0.56263828 0.56031712        nan        nan        nan
         nan        nan        nan        nan        nan        nan
         nan        nan        nan        nan        nan        nan]
 [0.8        0.75848938 0.73592423 0.71157499 0.68327329 0.65051476
  0.61535023 0.58193955 0.55486068 0.53580779 0.5240992  0.51716544
  0.5131303  0.51068931 0.50936618        nan        nan        nan
         nan        nan        nan        nan        nan        nan
         nan        nan        nan        nan        nan        nan]
 [0.8        0.74653824 0.71562516 0.68176836 0.64286682 0.59956885
  0.55709716 0.52183197 0.4975098  0.48282534 0.47476456 0.47026203
  0.46770331 0.46616499 0.46533566        nan        nan        nan
         nan        nan        nan        nan        nan        nan
         nan        nan        nan        nan        nan        nan]
 [0.8        0.73399323 0.69336369 0.64858301 0.59834207 0.54612336
  0.5007025  0.46843295 0.4493066  0.43892595 0.43350893 0.43049198
  0.42875599 0.42770054 0.42712689        nan        nan        nan
         nan        nan        nan        nan        nan        nan
         nan        nan        nan        nan        nan        nan]
 [0.8        0.72089955 0.66909984 0.61225915 0.55109774 0.49350149
  0.45007698 0.42365208 0.40967388 0.40242145 0.39862054 0.39645055
  0.39517513 0.39439205 0.39396341        nan        nan        nan
         nan        nan        nan        nan        nan        nan
         nan        nan        nan        nan        nan        nan]
 [0.8        0.70735248 0.642908   0.5734424  0.50334968 0.44508789
  0.4073148  0.38712346 0.37704058 0.37176694 0.36891114 0.36723659
  0.36623683 0.36562072 0.36528204        nan        nan        nan
         nan        nan        nan        nan        nan        nan
         nan        nan        nan        nan        nan        nan]
 [0.8        0.69350129 0.61502358 0.53325354 0.45775255 0.40327455
  0.37256468 0.35748573 0.34997031 0.34589663 0.3436116  0.34224724
  0.34142576 0.3409198  0.34064082        nan        nan        nan
         nan        nan        nan        nan        nan        nan
         nan        nan        nan        nan        nan        nan]
 [0.8        0.67955054 0.58587639 0.49323697 0.41672411 0.3689414
  0.3448178  0.3333505  0.32743426 0.32410276 0.32218501 0.32102859
  0.32032956 0.31990001 0.31966234        nan        nan        nan
         nan        nan        nan        nan        nan        nan
         nan        nan        nan        nan        nan        nan]
 [0.8        0.66577381 0.55609844 0.45514883 0.38182146 0.34168818
  0.32275349 0.31363941 0.30871936 0.30587    0.30420322 0.30319321
  0.30258156 0.30220663 0.3019982         nan        nan        nan
         nan        nan        nan        nan        nan        nan
         nan        nan        nan        nan        nan        nan]
 [0.8        0.65255405 0.52649965 0.42062657 0.35351406 0.32045178
  0.30520054 0.29757339 0.29329528 0.29077545 0.28928747 0.28838364
  0.28783572 0.28750047 0.28731303        nan        nan        nan
         nan        nan        nan        nan        nan        nan
         nan        nan        nan        nan        nan        nan]
 [0.8        0.6404326  0.49801208 0.39086484 0.33139487 0.30405121
  0.29126168 0.28457952 0.28073368 0.27844765 0.27709011 0.27626446
  0.27576351 0.27545735 0.27528504        nan        nan        nan
         nan        nan        nan        nan        nan        nan
         nan        nan        nan        nan        nan        nan]
 [0.8        0.63010002 0.47160913 0.36643603 0.31459295 0.29147311
  0.28028261 0.27421693 0.27067276 0.26855602 0.26729451 0.26652669
  0.26606042 0.26577558 0.26561418        nan        nan        nan
         nan        nan        nan        nan        nan        nan
         nan        nan        nan        nan        nan        nan]
 [0.8        0.62225256 0.44820535 0.34731479 0.30213546 0.28194511
  0.271785   0.26613297 0.2628032  0.26080951 0.25961846 0.2588931
  0.25845223 0.25818285 0.2580292         nan        nan        nan
         nan        nan        nan        nan        nan        nan
         nan        nan        nan        nan        nan        nan]
 [0.8        0.61732607 0.4285572  0.33305484 0.29315502 0.27490579
  0.26540891 0.26003829 0.25686036 0.25495488 0.25381454 0.25311968
  0.25269692 0.25243841 0.25229003        nan        nan        nan
         nan        nan        nan        nan        nan        nan
         nan        nan        nan        nan        nan        nan]
 [0.8        0.61524046 0.41321028 0.32300612 0.28695896 0.26994496
  0.26087021 0.25568828 0.25261457 0.25076988 0.24966439 0.24899031
  0.24857966 0.24832818 0.24818291        nan        nan        nan
         nan        nan        nan        nan        nan        nan
         nan        nan        nan        nan        nan        nan]
 [0.8        0.6153296  0.40248529 0.31647686 0.28300956 0.26673974
  0.25792178 0.25285883 0.24985132 0.24804498 0.24696108 0.24629945
  0.24589562 0.24564767 0.24550334        nan        nan        nan
         nan        nan        nan        nan        nan        nan
         nan        nan        nan        nan        nan        nan]
 [0.8        0.61654376 0.39635583 0.3127926  0.28084962 0.2649828
  0.2563032  0.2513048  0.24833263 0.24654604 0.24547245 0.24481601
  0.2444142  0.24416641 0.2440208         nan        nan        nan
         nan        nan        nan        nan        nan        nan
         nan        nan        nan        nan        nan        nan]
 [0.8        0.61780838 0.39407419 0.31124865 0.28000146 0.26430407
  0.25567975 0.25070596 0.24774631 0.2459658  0.24489441 0.24423806
  0.24383506 0.24358534 0.24343721        nan        nan        nan
         nan        nan        nan        nan        nan        nan
         nan        nan        nan        nan        nan        nan]]
00:00:00.10 State variable velocity: yB
00:00:00.75 done
