Starting at 2022-06-26 03:41:04.785111
Args: ./test
00:00:00.00 time :[ 0.  1.  2.  3.  4.  5.  6.  7.  8.  9. 10. 11. 12. 13. 14. 15. 16. 17.
 18. 19. 20. 21. 22. 23. 24. 25. 26. 27. 28. 29. 30. 31. 32. 33. 34. 35.
 36. 37. 38. 39. 40. 41. 42. 43. 44. 45. 46. 47. 48. 49. 50. 51. 52. 53.
 54. 55. 56. 57. 58. 59. 60. 61. 62. 63. 64. 65. 66. 67. 68. 69. 70. 71.
 72. 73. 74. 75. 76. 77. 78. 79. 80. 81. 82. 83. 84. 85. 86. 87. 88. 89.
 90. 91. 92. 93. 94. 95. 96. 97. 98. 99.]
00:00:00.00 parameters: {'R': 8.314, 'nocomponents': 3, 'xnames': ['xA', 'xB', 'xC'], 'ynames': ['yA', 'yB', 'yC'], 'state_names': ['P', 'T', 'Tw', 'xA', 'xB', 'xC', 'yA', 'yB', 'yC'], 'state_sizes': [20, 20, 20, 20, 20, 20, 20, 20, 20], 'feed_yi': [0.1, 0.8, 0.1], 'ini_yi': [0.1, 0.8, 0.1], 'isomodel': 'Langmuir-Freundlich', 'bi': [0.0086, 0.25, 0.00086], 'qsi': [3.09, 5.84, 3.09], 'qs0': 5.84, 'ni': [1.0, 1.0, 1.0], 'ki': [0.62, 0.197, 0.62], 'Hi': [0, 0, 0], 'mode': 1, 'bed': 1, 'N': 20, 'tstep': 1, 'adsorb': True, 'Ta': 293.15, 'D': 0.083, 'L': 1, 'product_tank_volume': 0.002, 'epsilon': 0.37, 'epsilonp': 0.35, 'rp': 0.0007, 'tauprime': 3.0, 'input_orifice': 2.2, 'output_orifice': 1.4, 'product_orifice': 0.475, 'blowdown_orifice': 2.8, 'vent_orifice': 1.0, 'feed_pressure': 1, 'PI': 50000.0, 'PL': 25000.0, 'PH': 100000.0, 'product_pressure': 2, 'rho_s': 1130, 'rho_w': 7800, 'Cpg': 30.7, 'Cpa': 30.7, 'Cps': 1339, 'Cpw': 502, 'mu': 1.72e-05, 'Dm': 1.6e-05, 'gamma': 1.4, 'Kz': 0.09, 'Kw': 16, 'hin': 8.6, 'hout': 2.5, 'eta': 0.72, 'area': 0.005410607947645022, 'volume': 0.005410607947645022, 'rin': 0.0415, 'rout': 0.2915, 'epst': 0.5873015873015873, 'epsb': 1.7027027027027026, 'cellsize': 0.05, 'deltaZ': 0.05, 'container_vol': 0.005410607947645022, 'vfeed': 1, 'norm_v0': 1, 'norm_t0': 1.0, 'norm_P0': 100000.0, 'norm_T0': 293, 'rho_g': 1.1898660666240475, 'Dp': 5.333333333333333e-06, 'lamda_pre': 0.5, 'lamda_blw': 0.5, 'lamda_eva': 0.5, 'tpre': 15, 'tads': 15, 'tblw': 30, 'teva': 40, 'norm_tpre': 15.0, 'norm_tads': 30.0, 'norm_tblw': 60.0, 'norm_tend': 100.0, 'DL': 0.00049}
00:00:00.00 State variable P: [[0.25003935 0.54280974 0.72264107 ... 0.25008932 0.25007956 0.2500709 ]
 [0.25011676 0.53856722 0.7201277  ... 0.25026595 0.25023697 0.25021128]
 [0.25019231 0.53468041 0.71796884 ... 0.25043956 0.2503918  0.25034942]
 ...
 [0.25078191 0.50527003 0.70700104 ... 0.25212159 0.25189645 0.25169555]
 [0.25077641 0.5048289  0.70690017 ... 0.25214636 0.2519187  0.25171553]
 [0.25077383 0.50460578 0.70685094 ... 0.25215862 0.25192971 0.25172543]]
00:00:00.00 State variable T: [[1.00051195 1.00051195 1.00051195 ... 1.00051195 1.00051195 1.00051195]
 [1.00051195 1.00051195 1.00051195 ... 1.00051195 1.00051195 1.00051195]
 [1.00051195 1.00051195 1.00051195 ... 1.00051195 1.00051195 1.00051195]
 ...
 [1.00051195 1.00051195 1.00051195 ... 1.00051195 1.00051195 1.00051195]
 [1.00051195 1.00051195 1.00051195 ... 1.00051195 1.00051195 1.00051195]
 [1.00051195 1.00051195 1.00051195 ... 1.00051195 1.00051195 1.00051195]]
00:00:00.00 State variable Tw: [[1. 1. 1. ... 1. 1. 1.]
 [1. 1. 1. ... 1. 1. 1.]
 [1. 1. 1. ... 1. 1. 1.]
 ...
 [1. 1. 1. ... 1. 1. 1.]
 [1. 1. 1. ... 1. 1. 1.]
 [1. 1. 1. ... 1. 1. 1.]]
00:00:00.00 State variable xA: [[4.34474544e-06 8.46498798e-05 1.79074627e-04 ... 3.90680207e-08
  3.78694198e-08 3.68329295e-08]
 [4.43730069e-06 8.52515884e-05 1.93252462e-04 ... 3.81872998e-08
  3.69571709e-08 3.58929892e-08]
 [4.57411489e-06 8.59758695e-05 2.09136291e-04 ... 3.74112034e-08
  3.61658500e-08 3.50865477e-08]
 ...
 [9.03684082e-05 1.20027219e-04 3.22100261e-04 ... 4.34486369e-08
  4.11993683e-08 3.92774629e-08]
 [1.63295708e-04 1.89006534e-04 3.83762225e-04 ... 4.55774293e-08
  4.30854061e-08 4.09625246e-08]
 [2.03019203e-04 2.86521163e-04 5.37212616e-04 ... 4.77929307e-08
  4.49947164e-08 4.26243875e-08]]
00:00:00.00 State variable xB: [[0.05866347 0.06175434 0.07058534 ... 0.05892976 0.05891394 0.05890068]
 [0.0587057  0.06162937 0.06984761 ... 0.05902024 0.05899486 0.05897304]
 [0.05874386 0.06150043 0.06904938 ... 0.0591079  0.05907334 0.05904331]
 ...
 [0.05439402 0.05736678 0.05866529 ... 0.05990023 0.05978687 0.05968557]
 [0.05040491 0.05371629 0.05506795 ... 0.0599054  0.05979202 0.05969059]
 [0.04834099 0.05105113 0.05229474 ... 0.05989482 0.05978373 0.05968412]]
00:00:00.01 State variable xC: [[ 4.42306616e-09  8.31087518e-06  1.79536293e-05 ...  1.16901788e-12
  -1.36698187e-12 -3.95865281e-12]
 [ 4.50270740e-09  8.45127850e-06  1.95956712e-05 ... -3.60389393e-13
  -1.60483490e-12 -2.57307449e-12]
 [ 4.61863923e-09  8.60969704e-06  2.14827073e-05 ... -8.13427777e-13
  -1.58846890e-12 -1.99469213e-12]
 ...
 [ 8.23273083e-08  6.71618231e-06  4.66868469e-05 ...  7.95348657e-14
   6.79227028e-14  5.98129987e-14]
 [ 1.48159267e-07  5.31533097e-06  4.67597367e-05 ...  7.93048882e-14
   6.92783157e-14  6.15823796e-14]
 [ 1.85492566e-07  2.66705211e-06  3.83593518e-05 ...  8.28108880e-14
   7.20120172e-14  6.39443832e-14]]
00:00:00.01 State variable yA: [[4.08083631e-03 1.06611402e-01 1.13268123e-01 ... 3.45169203e-05
  3.36859730e-05 3.29445106e-05]
 [4.16381595e-03 1.13501357e-01 1.28600381e-01 ... 3.36266259e-05
  3.27458618e-05 3.19803063e-05]
 [4.28855999e-03 1.20642636e-01 1.46118563e-01 ... 3.28595874e-05
  3.19648824e-05 3.11851538e-05]
 ...
 [8.32093188e-02 1.67790565e-01 2.19159165e-01 ... 3.65760145e-05
  3.50363405e-05 3.37041236e-05]
 [1.49067569e-01 1.90103248e-01 2.34219830e-01 ... 3.81347795e-05
  3.64386766e-05 3.49740297e-05]
 [1.85417177e-01 2.98178211e-01 2.96375565e-01 ... 3.96573722e-05
  3.77748169e-05 3.61555260e-05]]
00:00:00.01 State variable yB: [[0.99587806 0.78581233 0.77228996 ... 0.99996551 0.99996637 0.99996713]
 [0.99579434 0.77082385 0.73983148 ... 0.9999664  0.99996728 0.99996805]
 [0.99566853 0.75504479 0.70210005 ... 0.99996716 0.99996806 0.99996883]
 ...
 [0.91603711 0.59928836 0.37357134 ... 0.99996342 0.99996496 0.9999663 ]
 [0.84959244 0.59188345 0.34955466 ... 0.99996186 0.99996356 0.99996503]
 [0.8129071  0.56875863 0.32924854 ... 0.99996034 0.99996222 0.99996384]]
00:00:00.01 State variable yC: [[ 4.11063220e-05  1.07576267e-01  1.14441914e-01 ... -2.52687924e-08
  -6.10527781e-08 -8.70323359e-08]
 [ 4.18255345e-05  1.15674790e-01  1.31568141e-01 ... -2.61510893e-08
  -3.31333861e-08 -3.57142533e-08]
 [ 4.29201351e-05  1.24312572e-01  1.51781385e-01 ... -2.41059094e-08
  -2.30211939e-08 -1.85291383e-08]
 ...
 [ 7.53574211e-04  2.32921077e-01  4.07269495e-01 ...  5.07966111e-10
   4.71502285e-10  4.56381786e-10]
 [ 1.33999228e-03  2.18013302e-01  4.16225510e-01 ...  5.49454781e-10
   4.90489322e-10  4.45802410e-10]
 [ 1.67571968e-03  1.33063160e-01  3.74375893e-01 ...  5.59461621e-10
   5.03603584e-10  4.57971489e-10]]
00:00:00.01 State variable velocity: yC
00:00:01.03 done
