Starting at 2022-06-20 01:17:31.599645
Args: ./test
00:00:00.01 time :[  0.   1.   2.   3.   4.   5.   6.   7.   8.   9.  10.  11.  12.  13.
  14.  15.  16.  17.  18.  19.  20.  21.  22.  23.  24.  25.  26.  27.
  28.  29.  30.  31.  32.  33.  34.  35.  36.  37.  38.  39.  40.  41.
  42.  43.  44.  45.  46.  47.  48.  49.  50.  51.  52.  53.  54.  55.
  56.  57.  58.  59.  60.  61.  62.  63.  64.  65.  66.  67.  68.  69.
  70.  71.  72.  73.  74.  75.  76.  77.  78.  79.  80.  81.  82.  83.
  84.  85.  86.  87.  88.  89.  90.  91.  92.  93.  94.  95.  96.  97.
  98.  99. 100. 101. 102. 103. 104. 105. 106. 107. 108. 109. 110. 111.
 112. 113. 114. 115. 116. 117. 118. 119. 120. 121. 122. 123. 124. 125.
 126. 127. 128. 129. 130. 131. 132. 133. 134. 135. 136. 137. 138. 139.
 140. 141. 142. 143. 144. 145. 146. 147. 148. 149. 150. 151. 152. 153.
 154. 155. 156. 157. 158. 159. 160. 161. 162. 163. 164. 165. 166. 167.
 168. 169. 170. 171. 172. 173. 174. 175. 176. 177. 178. 179. 180. 181.
 182. 183. 184. 185. 186. 187. 188. 189. 190. 191. 192. 193. 194. 195.
 196. 197. 198. 199. 200. 201. 202. 203. 204. 205. 206. 207. 208. 209.
 210. 211. 212. 213. 214. 215. 216. 217. 218. 219. 220. 221. 222. 223.
 224. 225. 226. 227. 228. 229. 230. 231. 232. 233. 234. 235. 236. 237.
 238. 239. 240. 241. 242. 243. 244. 245. 246. 247. 248. 249. 250. 251.
 252. 253. 254. 255. 256. 257. 258. 259. 260. 261. 262. 263. 264. 265.
 266. 267. 268. 269. 270. 271. 272. 273. 274. 275. 276. 277. 278. 279.
 280. 281.]
00:00:00.01 parameters: {'R': 8.314, 'nocomponents': 2, 'xnames': ['xA', 'xB'], 'ynames': ['yA', 'yB'], 'feed_yi': [0.2, 0.8], 'isomodel': 'Langmuir-Freundlich', 'bi': [0.0042, 0.0616], 'qsi': [2.5, 7.3], 'qs0': 7.3, 'ni': [1.006, 0.83], 'ki': [0.62, 0.197], 'Hi': [0, 0], 'mode': 1, 'bed': 1, 'N': 20, 'tstep': 1, 'adsorb': True, 'Ta': 293.15, 'D': 0.083, 'L': 0.355, 'product_tank_volume': 0.002, 'epsilon': 0.37, 'epsilonp': 0.35, 'rp': 0.0007, 'tauprime': 3.0, 'input_orifice': 2.2, 'output_orifice': 1.4, 'product_orifice': 0.475, 'blowdown_orifice': 2.8, 'vent_orifice': 1.0, 'feed_pressure': 3.5, 'PI': 100000.0, 'PL': 25000.0, 'PH': 350000.0, 'product_pressure': 2, 'rho_s': 1130, 'rho_w': 7800, 'Cpg': 30.7, 'Cpa': 30.7, 'Cps': 1339, 'Cpw': 502, 'mu': 1.72e-05, 'Dm': 1.6e-05, 'gamma': 1.4, 'Kz': 0.09, 'Kw': 16, 'hin': 8.6, 'hout': 2.5, 'eta': 0.72, 'area': 0.005410607947645022, 'volume': 0.0019207658214139827, 'rin': 0.0415, 'rout': 0.2915, 'epst': 0.5873015873015873, 'epsb': 1.7027027027027026, 'cellsize': 0.01775, 'deltaZ': 0.049999999999999996, 'container_vol': 0.0019207658214139827, 'vfeed': 1, 'norm_v0': 1, 'norm_t0': 0.355, 'norm_P0': 350000.0, 'norm_T0': 293, 'rho_g': 1.1898660666240475, 'Dp': 5.333333333333333e-06, 'lamda_pre': 0.5, 'lamda_blw': 0.5, 'lamda_eva': 0.5, 'tpre': 15, 'tads': 15, 'tblw': 30, 'teva': 40, 'norm_tpre': 42.25352112676057, 'norm_tads': 84.50704225352113, 'norm_tblw': 169.01408450704227, 'norm_tend': 281.69014084507046, 'DL': 0.00049}
00:00:00.01 State variable P: [[0.28571429 0.22244453 0.34887914 ... 0.07142728 0.07142739 0.07142748]
 [0.28571429 0.22243839 0.34882345 ... 0.07142387 0.0714242  0.0714245 ]
 [0.28571429 0.22242545 0.34876361 ... 0.07142044 0.07142098 0.07142149]
 ...
 [0.28571429 0.22221778 0.34810303 ... 0.07136648 0.07137054 0.07137434]
 [0.28571429 0.22220709 0.34808988 ... 0.07136651 0.07137057 0.07137436]
 [0.28571429 0.22220213 0.34808343 ... 0.07136653 0.07137058 0.07137438]]
00:00:00.01 State variable T: [[1.00051195 1.00051195 1.00051195 ... 1.00051195 1.00051195 1.00051195]
 [1.00051195 1.00051195 1.00051195 ... 1.00051195 1.00051195 1.00051195]
 [1.00051195 1.00051195 1.00051195 ... 1.00051195 1.00051195 1.00051195]
 ...
 [1.00051195 1.00051195 1.00051195 ... 1.00051195 1.00051195 1.00051195]
 [1.00051195 1.00051195 1.00051195 ... 1.00051195 1.00051195 1.00051195]
 [1.00051195 1.00051195 1.00051195 ... 1.00051195 1.00051195 1.00051195]]
00:00:00.02 State variable Tw: [[1. 1. 1. ... 1. 1. 1.]
 [1. 1. 1. ... 1. 1. 1.]
 [1. 1. 1. ... 1. 1. 1.]
 ...
 [1. 1. 1. ... 1. 1. 1.]
 [1. 1. 1. ... 1. 1. 1.]
 [1. 1. 1. ... 1. 1. 1.]]
00:00:00.02 State variable xA: [[2.70819390e-04 2.17346671e-04 1.74407282e-04 ... 3.01006458e-04
  3.01846012e-04 3.02670168e-04]
 [2.70819390e-04 3.68060717e-04 5.82379897e-04 ... 3.56206760e-04
  3.56208748e-04 3.56210653e-04]
 [2.70819390e-04 2.17362432e-04 1.74419881e-04 ... 1.05005017e-15
  8.35633628e-16 6.83622927e-16]
 ...
 [2.70819390e-04 3.05167356e-04 2.60580882e-04 ... 4.17122213e-06
  3.42490546e-06 2.81426147e-06]
 [2.70819390e-04 2.17938558e-04 1.74882344e-04 ... 8.21017190e-12
  8.68442540e-12 8.34640113e-12]
 [2.70819390e-04 2.38293375e-04 2.05172127e-04 ... 2.91274696e-13
  2.33937539e-13 1.88196068e-13]]
00:00:00.02 State variable xB: [[4.86544472e-02 4.77059991e-02 4.84237578e-02 ... 4.71393059e-03
  4.65063656e-03 4.58843838e-03]
 [4.86544472e-02 4.53715719e-02 4.23069203e-02 ... 2.63203513e-05
  2.45430429e-05 2.28857177e-05]
 [4.86544472e-02 4.77180240e-02 4.84341853e-02 ... 1.91363314e-02
  1.91351099e-02 1.91339787e-02]
 ...
 [4.86544472e-02 4.64085437e-02 4.70152839e-02 ... 1.50147774e-02
  1.52899136e-02 1.55467525e-02]
 [4.86544472e-02 4.77440320e-02 4.84533737e-02 ... 1.91231782e-02
  1.91220783e-02 1.91211103e-02]
 [4.86544472e-02 4.74645862e-02 4.80272651e-02 ... 1.91232019e-02
  1.91221005e-02 1.91211311e-02]]
00:00:00.02 State variable yA: [[ 2.00000000e-01 -8.27387845e+00 -6.86625094e+00 ...  8.59696530e-01
   8.61811479e-01  8.63888065e-01]
 [ 2.00000000e-01  3.62031067e+01  3.04982216e+01 ...  7.74659323e+02
   7.73980442e+02  7.73306615e+02]
 [ 2.00000000e-01 -3.34214677e+01 -2.82238150e+01 ... -1.03295715e+03
  -1.03150961e+03 -1.03008425e+03]
 ...
 [ 2.00000000e-01  1.90178516e-01  1.64180800e-02 ...  1.25227095e-03
   1.02773599e-03  8.44504357e-04]
 [ 2.00000000e-01 -2.08535567e-01 -4.49934914e-02 ... -4.78628376e+01
  -4.78622157e+01 -4.78617069e+01]
 [ 2.00000000e-01  8.10943293e-02  3.69472893e-02 ... -7.93495029e-06
  -7.91871406e-06 -7.90796027e-06]]
00:00:00.02 State variable yB: [[ 8.00000000e-01  9.27387824e+00  7.86625064e+00 ...  1.40303470e-01
   1.38188521e-01  1.36111935e-01]
 [ 8.00000000e-01 -3.52031060e+01 -2.94982221e+01 ... -7.76867717e+02
  -7.76188837e+02 -7.75515010e+02]
 [ 8.00000000e-01  3.44214671e+01  2.92238137e+01 ...  1.03668041e+03
   1.03523287e+03  1.03380751e+03]
 ...
 [ 8.00000000e-01  8.09821492e-01  9.83572956e-01 ...  9.98747810e-01
   9.98972378e-01  9.99155555e-01]
 [ 8.00000000e-01  1.20853556e+00  1.04499046e+00 ...  4.89320784e+01
   4.89314565e+01  4.89309477e+01]
 [ 8.00000000e-01  9.18905672e-01  9.63052781e-01 ...  1.00001206e+00
   1.00001213e+00  1.00001217e+00]]
00:00:00.04 State variable velocity: yB
00:00:00.70 done
