Starting at 2022-06-26 03:53:16.657830
Args: ./test
00:00:00.00 time :[ 0.  1.  2.  3.  4.  5.  6.  7.  8.  9. 10. 11. 12. 13. 14. 15. 16. 17.
 18. 19. 20. 21. 22. 23. 24. 25. 26. 27. 28. 29. 30. 31. 32. 33. 34. 35.
 36. 37. 38. 39. 40. 41. 42. 43. 44. 45. 46. 47. 48. 49. 50. 51. 52. 53.
 54. 55. 56. 57. 58. 59. 60. 61. 62. 63. 64. 65. 66. 67. 68. 69. 70. 71.
 72. 73. 74. 75. 76. 77. 78. 79. 80. 81. 82. 83. 84. 85. 86. 87. 88. 89.
 90. 91. 92. 93. 94. 95. 96. 97. 98. 99.]
00:00:00.00 parameters: {'R': 8.314, 'nocomponents': 3, 'xnames': ['xA', 'xB', 'xC'], 'ynames': ['yA', 'yB', 'yC'], 'state_names': ['P', 'T', 'Tw', 'xA', 'xB', 'xC', 'yA', 'yB', 'yC'], 'state_sizes': [20, 20, 20, 20, 20, 20, 20, 20, 20], 'feed_yi': [0.1, 0.8, 0.1], 'ini_yi': [0.1, 0.8, 0.1], 'isomodel': 'Langmuir-Freundlich', 'bi': [0.0086, 0.25, 0.0086], 'qsi': [3.09, 5.84, 3.09], 'qs0': 5.84, 'ni': [1.0, 1.0, 1.0], 'ki': [0.62, 0.197, 0.62], 'Hi': [0, 0, 0], 'mode': 1, 'bed': 1, 'N': 20, 'tstep': 1, 'adsorb': True, 'Ta': 293.15, 'D': 0.083, 'L': 1, 'product_tank_volume': 0.002, 'epsilon': 0.37, 'epsilonp': 0.35, 'rp': 0.0007, 'tauprime': 3.0, 'input_orifice': 2.2, 'output_orifice': 1.4, 'product_orifice': 0.475, 'blowdown_orifice': 2.8, 'vent_orifice': 1.0, 'feed_pressure': 1, 'PI': 50000.0, 'PL': 25000.0, 'PH': 100000.0, 'product_pressure': 2, 'rho_s': 1130, 'rho_w': 7800, 'Cpg': 30.7, 'Cpa': 30.7, 'Cps': 1339, 'Cpw': 502, 'mu': 1.72e-05, 'Dm': 1.6e-05, 'gamma': 1.4, 'Kz': 0.09, 'Kw': 16, 'hin': 8.6, 'hout': 2.5, 'eta': 0.72, 'area': 0.005410607947645022, 'volume': 0.005410607947645022, 'rin': 0.0415, 'rout': 0.2915, 'epst': 0.5873015873015873, 'epsb': 1.7027027027027026, 'cellsize': 0.05, 'deltaZ': 0.05, 'container_vol': 0.005410607947645022, 'vfeed': 1, 'norm_v0': 1, 'norm_t0': 1.0, 'norm_P0': 100000.0, 'norm_T0': 293, 'rho_g': 1.1898660666240475, 'Dp': 5.333333333333333e-06, 'lamda_pre': 0.5, 'lamda_blw': 0.5, 'lamda_eva': 0.5, 'tpre': 15, 'tads': 15, 'tblw': 30, 'teva': 40, 'norm_tpre': 15.0, 'norm_tads': 30.0, 'norm_tblw': 60.0, 'norm_tend': 100.0, 'DL': 0.00049}
00:00:00.00 State variable P: [[0.25005472 0.54262062 0.72228211 ... 0.25009402 0.25008389 0.25007483]
 [0.25016279 0.53801237 0.71905559 ... 0.25027991 0.25024984 0.25022295]
 [0.25026878 0.5337262  0.71619217 ... 0.25046264 0.25041304 0.25036869]
 ...
 [0.25122219 0.50031914 0.69981062 ... 0.25223923 0.25200366 0.25179249]
 [0.25122637 0.49978451 0.69964848 ... 0.252266   0.25202768 0.25181404]
 [0.25122415 0.49948557 0.69956682 ... 0.25227942 0.25203972 0.25182483]]
00:00:00.00 State variable T: [[1.00051195 1.00051195 1.00051195 ... 1.00051195 1.00051195 1.00051195]
 [1.00051195 1.00051195 1.00051195 ... 1.00051195 1.00051195 1.00051195]
 [1.00051195 1.00051195 1.00051195 ... 1.00051195 1.00051195 1.00051195]
 ...
 [1.00051195 1.00051195 1.00051195 ... 1.00051195 1.00051195 1.00051195]
 [1.00051195 1.00051195 1.00051195 ... 1.00051195 1.00051195 1.00051195]
 [1.00051195 1.00051195 1.00051195 ... 1.00051195 1.00051195 1.00051195]]
00:00:00.00 State variable Tw: [[1. 1. 1. ... 1. 1. 1.]
 [1. 1. 1. ... 1. 1. 1.]
 [1. 1. 1. ... 1. 1. 1.]
 ...
 [1. 1. 1. ... 1. 1. 1.]
 [1. 1. 1. ... 1. 1. 1.]
 [1. 1. 1. ... 1. 1. 1.]]
00:00:00.01 State variable xA: [[1.01278117e-06 8.26135730e-05 1.75959285e-04 ... 1.54475398e-10
  1.55896970e-10 1.56841227e-10]
 [1.02889962e-06 8.29974896e-05 1.87608602e-04 ... 1.55031218e-10
  1.56731102e-10 1.57816449e-10]
 [1.05312249e-06 8.35264278e-05 2.00670167e-04 ... 1.56577790e-10
  1.58618471e-10 1.59862787e-10]
 ...
 [7.26612362e-06 5.60760154e-05 3.38013415e-04 ... 3.39234137e-10
  3.22982934e-10 3.02603638e-10]
 [1.20655170e-05 4.98334994e-05 3.32888142e-04 ... 3.64070388e-10
  3.46070867e-10 3.23777865e-10]
 [2.21288565e-05 4.90333318e-05 3.29333105e-04 ... 3.92561467e-10
  3.72024548e-10 3.46985919e-10]]
00:00:00.01 State variable xB: [[0.0587928  0.06187658 0.07075748 ... 0.05893801 0.05892228 0.05890854]
 [0.05885074 0.06178136 0.07013854 ... 0.05903216 0.05900653 0.05898393]
 [0.0589059  0.06168285 0.06948208 ... 0.05912352 0.05908836 0.05905724]
 ...
 [0.05873223 0.06151104 0.06312393 ... 0.05996324 0.0598442  0.0597374 ]
 [0.05816549 0.06131782 0.06303464 ... 0.05997514 0.05985496 0.05974714]
 [0.05679001 0.06035334 0.06238882 ... 0.05998085 0.05986014 0.05975184]]
00:00:00.01 State variable xC: [[1.01278117e-06 8.26135730e-05 1.75959285e-04 ... 1.54475419e-10
  1.55896978e-10 1.56841221e-10]
 [1.02889963e-06 8.29974896e-05 1.87608602e-04 ... 1.55031214e-10
  1.56731067e-10 1.57816391e-10]
 [1.05312249e-06 8.35264278e-05 2.00670167e-04 ... 1.56577798e-10
  1.58618492e-10 1.59862817e-10]
 ...
 [7.26612362e-06 5.60760154e-05 3.38013415e-04 ... 3.39234136e-10
  3.22982932e-10 3.02603635e-10]
 [1.20655170e-05 4.98334994e-05 3.32888142e-04 ... 3.64070389e-10
  3.46070869e-10 3.23777868e-10]
 [2.21288565e-05 4.90333318e-05 3.29333105e-04 ... 3.92561464e-10
  3.72024546e-10 3.46985918e-10]]
00:00:00.01 State variable yA: [[9.50190800e-04 1.06187500e-01 1.10660467e-01 ... 1.42254577e-07
  1.44965793e-07 1.46533443e-07]
 [9.64322749e-04 1.12662383e-01 1.22834242e-01 ... 1.42617807e-07
  1.45719078e-07 1.47481400e-07]
 [9.86164716e-04 1.19409663e-01 1.36712056e-01 ... 1.43972243e-07
  1.47530628e-07 1.49450649e-07]
 ...
 [6.77887660e-03 1.75264639e-01 2.90989801e-01 ... 2.62486439e-07
  2.52294575e-07 2.42385432e-07]
 [1.10993997e-02 1.62552518e-01 2.91211503e-01 ... 2.77263911e-07
  2.69640742e-07 2.60558447e-07]
 [1.95790144e-02 1.36542504e-01 2.92993016e-01 ... 2.92688703e-07
  2.88207937e-07 2.79926148e-07]]
00:00:00.01 State variable yB: [[0.99809962 0.787625   0.77867907 ... 0.99999971 0.99999971 0.99999971]
 [0.99807135 0.77467523 0.75433152 ... 0.99999971 0.99999971 0.9999997 ]
 [0.99802767 0.76118067 0.72657589 ... 0.99999971 0.9999997  0.9999997 ]
 ...
 [0.98644225 0.64947072 0.4180204  ... 0.99999947 0.99999949 0.99999951]
 [0.9778012  0.67489496 0.41757699 ... 0.99999945 0.99999946 0.99999948]
 [0.96084197 0.72691499 0.41401397 ... 0.99999941 0.99999942 0.99999944]]
00:00:00.01 State variable yC: [[9.50190800e-04 1.06187500e-01 1.10660467e-01 ... 1.42254577e-07
  1.44965776e-07 1.46533412e-07]
 [9.64322750e-04 1.12662383e-01 1.22834242e-01 ... 1.42617755e-07
  1.45718988e-07 1.47481306e-07]
 [9.86164716e-04 1.19409663e-01 1.36712056e-01 ... 1.43972273e-07
  1.47530673e-07 1.49450690e-07]
 ...
 [6.77887660e-03 1.75264639e-01 2.90989801e-01 ... 2.62486438e-07
  2.52294573e-07 2.42385431e-07]
 [1.10993997e-02 1.62552518e-01 2.91211503e-01 ... 2.77263915e-07
  2.69640748e-07 2.60558455e-07]
 [1.95790144e-02 1.36542504e-01 2.92993016e-01 ... 2.92688704e-07
  2.88207940e-07 2.79926152e-07]]
00:00:00.01 State variable velocity: yC
00:00:00.96 done
