Starting at 2022-06-20 01:43:24.509187
Args: ./test
00:00:00.11 time :[ 0.  1.  2.  3.  4.  5.  6.  7.  8.  9. 10. 11. 12. 13. 14. 15. 16. 17.
 18. 19. 20. 21. 22. 23. 24. 25. 26. 27. 28. 29. 30. 31. 32. 33. 34. 35.
 36. 37. 38. 39. 40. 41. 42.]
00:00:00.11 parameters: {'R': 8.314, 'nocomponents': 2, 'xnames': ['xA', 'xB'], 'ynames': ['yA', 'yB'], 'feed_yi': [0.2, 0.8], 'isomodel': 'Langmuir-Freundlich', 'bi': [0.0042, 0.0616], 'qsi': [2.5, 7.3], 'qs0': 7.3, 'ni': [1.006, 0.83], 'ki': [0.62, 0.197], 'Hi': [0, 0], 'mode': 1, 'bed': 1, 'N': 20, 'tstep': 1, 'adsorb': True, 'Ta': 293.15, 'D': 0.083, 'L': 0.355, 'product_tank_volume': 0.002, 'epsilon': 0.37, 'epsilonp': 0.35, 'rp': 0.0007, 'tauprime': 3.0, 'input_orifice': 2.2, 'output_orifice': 1.4, 'product_orifice': 0.475, 'blowdown_orifice': 2.8, 'vent_orifice': 1.0, 'feed_pressure': 3.5, 'PI': 100000.0, 'PL': 25000.0, 'PH': 350000.0, 'product_pressure': 2, 'rho_s': 1130, 'rho_w': 7800, 'Cpg': 30.7, 'Cpa': 30.7, 'Cps': 1339, 'Cpw': 502, 'mu': 1.72e-05, 'Dm': 1.6e-05, 'gamma': 1.4, 'Kz': 0.09, 'Kw': 16, 'hin': 8.6, 'hout': 2.5, 'eta': 0.72, 'area': 0.005410607947645022, 'volume': 0.0019207658214139827, 'rin': 0.0415, 'rout': 0.2915, 'epst': 0.5873015873015873, 'epsb': 1.7027027027027026, 'cellsize': 0.01775, 'deltaZ': 0.049999999999999996, 'container_vol': 0.0019207658214139827, 'vfeed': 1, 'norm_v0': 1, 'norm_t0': 0.355, 'norm_P0': 350000.0, 'norm_T0': 293, 'rho_g': 1.1898660666240475, 'Dp': 5.333333333333333e-06, 'lamda_pre': 0.5, 'lamda_blw': 0.5, 'lamda_eva': 0.5, 'tpre': 15, 'tads': 15, 'tblw': 30, 'teva': 40, 'norm_tpre': 42.25352112676057, 'norm_tads': 84.50704225352113, 'norm_tblw': 169.01408450704227, 'norm_tend': 281.69014084507046, 'DL': 0.00049}
00:00:00.12 State variable P: [[0.28571429 0.22244453 0.34887914 0.45475645 0.54341467 0.61766483
  0.67984542 0.73191331 0.77551328 0.81202271 0.84259411 0.86819352
  0.88962949 0.90760127 0.92263265 0.93519358 0.94573476 0.95456031
  0.96195806 0.96814306 0.97331894 0.97766028 0.98126949 0.98433004
  0.98689539 0.98904398 0.99081473 0.99231842 0.99354761 0.99459517
  0.99547668 0.99618535 0.99681822 0.9973384  0.9977781  0.99814503
  0.99845327 0.99869532 0.99891322 0.99909108 0.99923322 0.99935811
  0.99946226]
 [0.28571429 0.22243839 0.34882345 0.45467022 0.54330403 0.61755456
  0.67974959 0.73183012 0.77544132 0.81196121 0.84254114 0.86814767
  0.88958964 0.90756657 0.92260238 0.9351671  0.94571158 0.95454001
  0.9619403  0.96812752 0.97330531 0.97764827 0.98125896 0.98432081
  0.98688731 0.98903694 0.99080861 0.9923131  0.99354298 0.99459112
  0.99547313 0.9961822  0.99681547 0.99733596 0.99777595 0.99814312
  0.99845159 0.99869384 0.9989119  0.99908989 0.99923212 0.99935711
  0.99946138]
 [0.28571429 0.22242545 0.34876361 0.45458093 0.54319092 0.61745048
  0.67965958 0.73175237 0.77537446 0.8119045  0.84249265 0.86810599
  0.8895537  0.90753551 0.9225755  0.9351438  0.94569135 0.95452245
  0.96192508 0.96811431 0.97329383 0.97763825 0.98125026 0.98431325
  0.98688076 0.98903128 0.99080374 0.99230889 0.99353933 0.99458797
  0.99547039 0.99617977 0.99681334 0.99733407 0.99777429 0.99814165
  0.99845029 0.99869269 0.99891088 0.99908897 0.99923128 0.99935634
  0.99946067]
 [0.28571429 0.22241829 0.34871053 0.45449839 0.54308431 0.61735071
  0.67957389 0.73167873 0.77531148 0.81185143 0.84244758 0.86806752
  0.88952074 0.90750724 0.92255121 0.93512288 0.94567332 0.95450692
  0.96191172 0.96810282 0.9732839  0.97762964 0.98124283 0.98430683
  0.98687522 0.98902652 0.99079966 0.99230538 0.9935363  0.99458534
  0.9954681  0.99617774 0.99681155 0.99733249 0.99777287 0.9981404
  0.99844918 0.9986917  0.99890998 0.99908816 0.99923053 0.99935565
  0.99946003]
 [0.28571429 0.22240431 0.3486533  0.45441279 0.54297524 0.61725624
  0.67949367 0.7316102  0.77525327 0.8118028  0.84240664 0.86803289
  0.88949134 0.90748225 0.92252995 0.93510475 0.94565785 0.95449373
  0.96190048 0.96809324 0.97327571 0.97762259 0.9812368  0.98430167
  0.9868708  0.98902276 0.99079646 0.99230264 0.99353394 0.99458331
  0.99546634 0.99617618 0.99681019 0.99733127 0.9977718  0.99813944
  0.99844832 0.99869093 0.9989093  0.99908753 0.99922995 0.99935511
  0.99945953]
 [0.28571429 0.2223961  0.34860282 0.45433394 0.54287266 0.61716541
  0.67941762 0.73154561 0.77519876 0.81175762 0.84236891 0.86800121
  0.88946467 0.90745977 0.92251097 0.9350887  0.94564426 0.95448222
  0.96189074 0.968085   0.97326869 0.97761658 0.98123169 0.9842973
  0.98686706 0.98901958 0.99079376 0.99230033 0.99353194 0.99458158
  0.99546483 0.99617484 0.99680901 0.99733021 0.99777085 0.9981386
  0.99844757 0.99869025 0.99890868 0.99908697 0.99922943 0.99935462
  0.99945908]
 [0.28571429 0.22238107 0.34854818 0.45425202 0.54277755 0.6170795
  0.67934667 0.73148579 0.77514868 0.81171654 0.84233494 0.867973
  0.88944116 0.90744016 0.9224946  0.93507499 0.94563277 0.95447258
  0.96188267 0.96807823 0.97326298 0.97761171 0.98122757 0.9842938
  0.98686409 0.98901706 0.99079163 0.99229852 0.99353038 0.99458024
  0.99546367 0.9961738  0.9968081  0.99732941 0.99777013 0.99813796
  0.99844699 0.99868974 0.99890822 0.99908654 0.99922903 0.99935425
  0.99945873]
 [0.28571429 0.2223718  0.34850027 0.45417685 0.54268894 0.61699775
  0.67927967 0.73142969 0.77510208 0.81167865 0.8423039  0.86794745
  0.88942006 0.90742272 0.92248015 0.93506299 0.94562277 0.95446424
  0.96187571 0.96807241 0.97325807 0.97760753 0.98122403 0.98429078
  0.98686153 0.98901489 0.99078979 0.99229694 0.99352902 0.99457905
  0.99546264 0.99617288 0.99680729 0.99732868 0.99776948 0.99813737
  0.99844647 0.99868927 0.99890779 0.99908615 0.99922866 0.9993539
  0.9994584 ]
 [0.28571429 0.22235571 0.34844821 0.45409861 0.54260804 0.61692181
  0.67921737 0.731378   0.77505954 0.81164449 0.84227623 0.86792494
  0.88940169 0.9074077  0.92246785 0.93505286 0.94561441 0.95445732
  0.96186998 0.96806764 0.97325407 0.97760413 0.98122116 0.98428836
  0.98685947 0.98901315 0.99078833 0.99229569 0.99352794 0.99457813
  0.99546184 0.99617217 0.99680667 0.99732812 0.99776898 0.99813693
  0.99844608 0.99868891 0.99890747 0.99908586 0.99922839 0.99935364
  0.99945817]
 [0.28571429 0.22234536 0.34840287 0.45402711 0.54253366 0.61685137
  0.67915874 0.73132981 0.77502021 0.81161324 0.8422512  0.86790477
  0.88938538 0.90739447 0.92245708 0.93504404 0.94560716 0.95445133
  0.96186501 0.96806351 0.97325059 0.97760117 0.98121866 0.98428623
  0.98685765 0.98901161 0.99078702 0.99229458 0.99352698 0.99457729
  0.99546111 0.99617152 0.9968061  0.99732761 0.99776853 0.99813652
  0.99844571 0.99868858 0.99890717 0.99908558 0.99922813 0.9993534
  0.99945794]
 [0.28571429 0.22232819 0.34835336 0.45395784 0.5424668  0.61678778
  0.67910438 0.73128564 0.77498457 0.81158531 0.84222911 0.8678872
  0.88937133 0.9073832  0.922448   0.93503667 0.94560112 0.95444637
  0.96186092 0.96806012 0.97324774 0.97759875 0.98121662 0.9842845
  0.98685619 0.98901037 0.99078598 0.99229369 0.99352622 0.99457664
  0.99546055 0.99617102 0.99680566 0.99732722 0.99776818 0.99813622
  0.99844544 0.99868834 0.99890696 0.99908539 0.99922795 0.99935323
  0.99945779]
 [0.28571429 0.22231676 0.34831057 0.45389532 0.54240645 0.61673041
  0.67905355 0.7312447  0.77495186 0.81156    0.84220932 0.86787162
  0.88935898 0.90737336 0.92244011 0.93503027 0.94559589 0.95444205
  0.96185736 0.96805715 0.97324524 0.97759662 0.98121482 0.98428296
  0.98685488 0.98900926 0.99078505 0.99229289 0.99352553 0.99457605
  0.99546003 0.99617056 0.99680526 0.99732686 0.99776787 0.99813594
  0.99844519 0.99868812 0.99890676 0.99908521 0.99922779 0.99935308
  0.99945765]
 [0.28571429 0.2222985  0.34826361 0.45384028 0.54235342 0.61667993
  0.67900709 0.73120738 0.77492242 0.81153758 0.84219204 0.8678582
  0.88934846 0.90736507 0.92243351 0.93502495 0.94559155 0.95443849
  0.96185442 0.96805472 0.9732432  0.97759488 0.98121336 0.98428172
  0.98685383 0.98900838 0.99078431 0.99229227 0.993525   0.9945756
  0.99545965 0.99617022 0.99680497 0.99732661 0.99776764 0.99813574
  0.99844502 0.99868798 0.99890663 0.9990851  0.99922769 0.99935298
  0.99945756]
 [0.28571429 0.22228597 0.34822336 0.45379199 0.54230691 0.61663568
  0.6789655  0.7311731  0.77489564 0.81151748 0.84217675 0.86784644
  0.88933932 0.9073579  0.92242781 0.93502036 0.94558781 0.95443541
  0.96185188 0.9680526  0.97324142 0.97759336 0.98121207 0.98428063
  0.9868529  0.9890076  0.99078366 0.99229172 0.99352452 0.99457519
  0.9954593  0.99616992 0.99680471 0.99732638 0.99776744 0.99813557
  0.99844487 0.99868785 0.99890652 0.999085   0.9992276  0.99935291
  0.99945749]
 [0.28571429 0.22226661 0.34818314 0.45375112 0.54226748 0.61659813
  0.67892991 0.73114237 0.77487177 0.81149986 0.84216356 0.86783645
  0.88933165 0.90735194 0.92242312 0.9350166  0.94558475 0.95443291
  0.96184982 0.96805089 0.97323999 0.97759215 0.98121106 0.98427978
  0.98685219 0.98900701 0.99078317 0.99229131 0.99352418 0.99457491
  0.99545906 0.99616972 0.99680454 0.99732624 0.99776733 0.99813547
  0.9984448  0.99868779 0.99890647 0.99908496 0.99922757 0.99935288
  0.99945748]
 [0.28571429 0.22225299 0.34814964 0.45371698 0.54223459 0.61656681
  0.67890023 0.73111533 0.77485045 0.81148435 0.84215212 0.86782788
  0.88932513 0.90734691 0.92241918 0.93501344 0.94558219 0.95443081
  0.96184809 0.96804946 0.97323879 0.97759113 0.98121021 0.98427906
  0.98685159 0.98900651 0.99078276 0.99229097 0.9935239  0.99457468
  0.99545887 0.99616956 0.99680441 0.99732613 0.99776724 0.99813541
  0.99844475 0.99868775 0.99890645 0.99908495 0.99922756 0.99935288
  0.99945748]
 [0.28571429 0.22223252 0.34812298 0.45369    0.54220854 0.616542
  0.67887671 0.73109305 0.77483218 0.81147114 0.84214252 0.86782082
  0.88931984 0.90734288 0.92241606 0.93501097 0.9455802  0.95442918
  0.96184676 0.96804837 0.97323789 0.97759038 0.98120959 0.98427855
  0.98685117 0.98900617 0.99078249 0.99229076 0.99352373 0.99457455
  0.99545878 0.99616948 0.99680436 0.99732609 0.99776722 0.9981354
  0.99844475 0.99868777 0.99890647 0.99908498 0.9992276  0.99935292
  0.99945753]
 [0.28571429 0.22221778 0.34810303 0.45366975 0.54218903 0.61652342
  0.6788591  0.73107637 0.77481749 0.81146027 0.84213469 0.86781514
  0.88931565 0.90733974 0.92241364 0.93500906 0.94557867 0.95442795
  0.96184576 0.96804755 0.97323721 0.97758981 0.98120913 0.98427817
  0.98685086 0.98900593 0.9907823  0.99229061 0.99352362 0.99457447
  0.99545872 0.99616944 0.99680434 0.99732609 0.99776723 0.99813542
  0.99844478 0.9986878  0.99890651 0.99908503 0.99922765 0.99935297
  0.99945758]
 [0.28571429 0.22220709 0.34808988 0.45365638 0.54217614 0.61651115
  0.67884746 0.73106535 0.77480734 0.81145235 0.84212898 0.86781107
  0.88931271 0.90733757 0.92241201 0.93500779 0.94557766 0.95442714
  0.96184511 0.96804703 0.97323679 0.97758947 0.98120885 0.98427795
  0.98685069 0.9890058  0.99078221 0.99229055 0.99352358 0.99457444
  0.99545871 0.99616945 0.99680435 0.99732611 0.99776726 0.99813545
  0.99844482 0.99868785 0.99890657 0.99908508 0.9992277  0.99935303
  0.99945764]
 [0.28571429 0.22220213 0.34808343 0.45364976 0.54216971 0.61650503
  0.67884166 0.73105986 0.77480218 0.81144807 0.84212584 0.86780887
  0.88931114 0.90733643 0.92241117 0.93500714 0.94557715 0.95442673
  0.96184478 0.96804677 0.97323658 0.9775893  0.98120871 0.98427784
  0.98685061 0.98900574 0.99078217 0.99229052 0.99352356 0.99457444
  0.99545872 0.99616946 0.99680437 0.99732613 0.99776728 0.99813548
  0.99844485 0.99868788 0.9989066  0.99908511 0.99922774 0.99935306
  0.99945768]]
00:00:00.12 State variable T: [[1.00051195 1.00051195 1.00051195 1.00051195 1.00051195 1.00051195
  1.00051195 1.00051195 1.00051195 1.00051195 1.00051195 1.00051195
  1.00051195 1.00051195 1.00051195 1.00051195 1.00051195 1.00051195
  1.00051195 1.00051195 1.00051195 1.00051195 1.00051195 1.00051195
  1.00051195 1.00051195 1.00051195 1.00051195 1.00051195 1.00051195
  1.00051195 1.00051195 1.00051195 1.00051195 1.00051195 1.00051195
  1.00051195 1.00051195 1.00051195 1.00051195 1.00051195 1.00051195
  1.00051195]
 [1.00051195 1.00051195 1.00051195 1.00051195 1.00051195 1.00051195
  1.00051195 1.00051195 1.00051195 1.00051195 1.00051195 1.00051195
  1.00051195 1.00051195 1.00051195 1.00051195 1.00051195 1.00051195
  1.00051195 1.00051195 1.00051195 1.00051195 1.00051195 1.00051195
  1.00051195 1.00051195 1.00051195 1.00051195 1.00051195 1.00051195
  1.00051195 1.00051195 1.00051195 1.00051195 1.00051195 1.00051195
  1.00051195 1.00051195 1.00051195 1.00051195 1.00051195 1.00051195
  1.00051195]
 [1.00051195 1.00051195 1.00051195 1.00051195 1.00051195 1.00051195
  1.00051195 1.00051195 1.00051195 1.00051195 1.00051195 1.00051195
  1.00051195 1.00051195 1.00051195 1.00051195 1.00051195 1.00051195
  1.00051195 1.00051195 1.00051195 1.00051195 1.00051195 1.00051195
  1.00051195 1.00051195 1.00051195 1.00051195 1.00051195 1.00051195
  1.00051195 1.00051195 1.00051195 1.00051195 1.00051195 1.00051195
  1.00051195 1.00051195 1.00051195 1.00051195 1.00051195 1.00051195
  1.00051195]
 [1.00051195 1.00051195 1.00051195 1.00051195 1.00051195 1.00051195
  1.00051195 1.00051195 1.00051195 1.00051195 1.00051195 1.00051195
  1.00051195 1.00051195 1.00051195 1.00051195 1.00051195 1.00051195
  1.00051195 1.00051195 1.00051195 1.00051195 1.00051195 1.00051195
  1.00051195 1.00051195 1.00051195 1.00051195 1.00051195 1.00051195
  1.00051195 1.00051195 1.00051195 1.00051195 1.00051195 1.00051195
  1.00051195 1.00051195 1.00051195 1.00051195 1.00051195 1.00051195
  1.00051195]
 [1.00051195 1.00051195 1.00051195 1.00051195 1.00051195 1.00051195
  1.00051195 1.00051195 1.00051195 1.00051195 1.00051195 1.00051195
  1.00051195 1.00051195 1.00051195 1.00051195 1.00051195 1.00051195
  1.00051195 1.00051195 1.00051195 1.00051195 1.00051195 1.00051195
  1.00051195 1.00051195 1.00051195 1.00051195 1.00051195 1.00051195
  1.00051195 1.00051195 1.00051195 1.00051195 1.00051195 1.00051195
  1.00051195 1.00051195 1.00051195 1.00051195 1.00051195 1.00051195
  1.00051195]
 [1.00051195 1.00051195 1.00051195 1.00051195 1.00051195 1.00051195
  1.00051195 1.00051195 1.00051195 1.00051195 1.00051195 1.00051195
  1.00051195 1.00051195 1.00051195 1.00051195 1.00051195 1.00051195
  1.00051195 1.00051195 1.00051195 1.00051195 1.00051195 1.00051195
  1.00051195 1.00051195 1.00051195 1.00051195 1.00051195 1.00051195
  1.00051195 1.00051195 1.00051195 1.00051195 1.00051195 1.00051195
  1.00051195 1.00051195 1.00051195 1.00051195 1.00051195 1.00051195
  1.00051195]
 [1.00051195 1.00051195 1.00051195 1.00051195 1.00051195 1.00051195
  1.00051195 1.00051195 1.00051195 1.00051195 1.00051195 1.00051195
  1.00051195 1.00051195 1.00051195 1.00051195 1.00051195 1.00051195
  1.00051195 1.00051195 1.00051195 1.00051195 1.00051195 1.00051195
  1.00051195 1.00051195 1.00051195 1.00051195 1.00051195 1.00051195
  1.00051195 1.00051195 1.00051195 1.00051195 1.00051195 1.00051195
  1.00051195 1.00051195 1.00051195 1.00051195 1.00051195 1.00051195
  1.00051195]
 [1.00051195 1.00051195 1.00051195 1.00051195 1.00051195 1.00051195
  1.00051195 1.00051195 1.00051195 1.00051195 1.00051195 1.00051195
  1.00051195 1.00051195 1.00051195 1.00051195 1.00051195 1.00051195
  1.00051195 1.00051195 1.00051195 1.00051195 1.00051195 1.00051195
  1.00051195 1.00051195 1.00051195 1.00051195 1.00051195 1.00051195
  1.00051195 1.00051195 1.00051195 1.00051195 1.00051195 1.00051195
  1.00051195 1.00051195 1.00051195 1.00051195 1.00051195 1.00051195
  1.00051195]
 [1.00051195 1.00051195 1.00051195 1.00051195 1.00051195 1.00051195
  1.00051195 1.00051195 1.00051195 1.00051195 1.00051195 1.00051195
  1.00051195 1.00051195 1.00051195 1.00051195 1.00051195 1.00051195
  1.00051195 1.00051195 1.00051195 1.00051195 1.00051195 1.00051195
  1.00051195 1.00051195 1.00051195 1.00051195 1.00051195 1.00051195
  1.00051195 1.00051195 1.00051195 1.00051195 1.00051195 1.00051195
  1.00051195 1.00051195 1.00051195 1.00051195 1.00051195 1.00051195
  1.00051195]
 [1.00051195 1.00051195 1.00051195 1.00051195 1.00051195 1.00051195
  1.00051195 1.00051195 1.00051195 1.00051195 1.00051195 1.00051195
  1.00051195 1.00051195 1.00051195 1.00051195 1.00051195 1.00051195
  1.00051195 1.00051195 1.00051195 1.00051195 1.00051195 1.00051195
  1.00051195 1.00051195 1.00051195 1.00051195 1.00051195 1.00051195
  1.00051195 1.00051195 1.00051195 1.00051195 1.00051195 1.00051195
  1.00051195 1.00051195 1.00051195 1.00051195 1.00051195 1.00051195
  1.00051195]
 [1.00051195 1.00051195 1.00051195 1.00051195 1.00051195 1.00051195
  1.00051195 1.00051195 1.00051195 1.00051195 1.00051195 1.00051195
  1.00051195 1.00051195 1.00051195 1.00051195 1.00051195 1.00051195
  1.00051195 1.00051195 1.00051195 1.00051195 1.00051195 1.00051195
  1.00051195 1.00051195 1.00051195 1.00051195 1.00051195 1.00051195
  1.00051195 1.00051195 1.00051195 1.00051195 1.00051195 1.00051195
  1.00051195 1.00051195 1.00051195 1.00051195 1.00051195 1.00051195
  1.00051195]
 [1.00051195 1.00051195 1.00051195 1.00051195 1.00051195 1.00051195
  1.00051195 1.00051195 1.00051195 1.00051195 1.00051195 1.00051195
  1.00051195 1.00051195 1.00051195 1.00051195 1.00051195 1.00051195
  1.00051195 1.00051195 1.00051195 1.00051195 1.00051195 1.00051195
  1.00051195 1.00051195 1.00051195 1.00051195 1.00051195 1.00051195
  1.00051195 1.00051195 1.00051195 1.00051195 1.00051195 1.00051195
  1.00051195 1.00051195 1.00051195 1.00051195 1.00051195 1.00051195
  1.00051195]
 [1.00051195 1.00051195 1.00051195 1.00051195 1.00051195 1.00051195
  1.00051195 1.00051195 1.00051195 1.00051195 1.00051195 1.00051195
  1.00051195 1.00051195 1.00051195 1.00051195 1.00051195 1.00051195
  1.00051195 1.00051195 1.00051195 1.00051195 1.00051195 1.00051195
  1.00051195 1.00051195 1.00051195 1.00051195 1.00051195 1.00051195
  1.00051195 1.00051195 1.00051195 1.00051195 1.00051195 1.00051195
  1.00051195 1.00051195 1.00051195 1.00051195 1.00051195 1.00051195
  1.00051195]
 [1.00051195 1.00051195 1.00051195 1.00051195 1.00051195 1.00051195
  1.00051195 1.00051195 1.00051195 1.00051195 1.00051195 1.00051195
  1.00051195 1.00051195 1.00051195 1.00051195 1.00051195 1.00051195
  1.00051195 1.00051195 1.00051195 1.00051195 1.00051195 1.00051195
  1.00051195 1.00051195 1.00051195 1.00051195 1.00051195 1.00051195
  1.00051195 1.00051195 1.00051195 1.00051195 1.00051195 1.00051195
  1.00051195 1.00051195 1.00051195 1.00051195 1.00051195 1.00051195
  1.00051195]
 [1.00051195 1.00051195 1.00051195 1.00051195 1.00051195 1.00051195
  1.00051195 1.00051195 1.00051195 1.00051195 1.00051195 1.00051195
  1.00051195 1.00051195 1.00051195 1.00051195 1.00051195 1.00051195
  1.00051195 1.00051195 1.00051195 1.00051195 1.00051195 1.00051195
  1.00051195 1.00051195 1.00051195 1.00051195 1.00051195 1.00051195
  1.00051195 1.00051195 1.00051195 1.00051195 1.00051195 1.00051195
  1.00051195 1.00051195 1.00051195 1.00051195 1.00051195 1.00051195
  1.00051195]
 [1.00051195 1.00051195 1.00051195 1.00051195 1.00051195 1.00051195
  1.00051195 1.00051195 1.00051195 1.00051195 1.00051195 1.00051195
  1.00051195 1.00051195 1.00051195 1.00051195 1.00051195 1.00051195
  1.00051195 1.00051195 1.00051195 1.00051195 1.00051195 1.00051195
  1.00051195 1.00051195 1.00051195 1.00051195 1.00051195 1.00051195
  1.00051195 1.00051195 1.00051195 1.00051195 1.00051195 1.00051195
  1.00051195 1.00051195 1.00051195 1.00051195 1.00051195 1.00051195
  1.00051195]
 [1.00051195 1.00051195 1.00051195 1.00051195 1.00051195 1.00051195
  1.00051195 1.00051195 1.00051195 1.00051195 1.00051195 1.00051195
  1.00051195 1.00051195 1.00051195 1.00051195 1.00051195 1.00051195
  1.00051195 1.00051195 1.00051195 1.00051195 1.00051195 1.00051195
  1.00051195 1.00051195 1.00051195 1.00051195 1.00051195 1.00051195
  1.00051195 1.00051195 1.00051195 1.00051195 1.00051195 1.00051195
  1.00051195 1.00051195 1.00051195 1.00051195 1.00051195 1.00051195
  1.00051195]
 [1.00051195 1.00051195 1.00051195 1.00051195 1.00051195 1.00051195
  1.00051195 1.00051195 1.00051195 1.00051195 1.00051195 1.00051195
  1.00051195 1.00051195 1.00051195 1.00051195 1.00051195 1.00051195
  1.00051195 1.00051195 1.00051195 1.00051195 1.00051195 1.00051195
  1.00051195 1.00051195 1.00051195 1.00051195 1.00051195 1.00051195
  1.00051195 1.00051195 1.00051195 1.00051195 1.00051195 1.00051195
  1.00051195 1.00051195 1.00051195 1.00051195 1.00051195 1.00051195
  1.00051195]
 [1.00051195 1.00051195 1.00051195 1.00051195 1.00051195 1.00051195
  1.00051195 1.00051195 1.00051195 1.00051195 1.00051195 1.00051195
  1.00051195 1.00051195 1.00051195 1.00051195 1.00051195 1.00051195
  1.00051195 1.00051195 1.00051195 1.00051195 1.00051195 1.00051195
  1.00051195 1.00051195 1.00051195 1.00051195 1.00051195 1.00051195
  1.00051195 1.00051195 1.00051195 1.00051195 1.00051195 1.00051195
  1.00051195 1.00051195 1.00051195 1.00051195 1.00051195 1.00051195
  1.00051195]
 [1.00051195 1.00051195 1.00051195 1.00051195 1.00051195 1.00051195
  1.00051195 1.00051195 1.00051195 1.00051195 1.00051195 1.00051195
  1.00051195 1.00051195 1.00051195 1.00051195 1.00051195 1.00051195
  1.00051195 1.00051195 1.00051195 1.00051195 1.00051195 1.00051195
  1.00051195 1.00051195 1.00051195 1.00051195 1.00051195 1.00051195
  1.00051195 1.00051195 1.00051195 1.00051195 1.00051195 1.00051195
  1.00051195 1.00051195 1.00051195 1.00051195 1.00051195 1.00051195
  1.00051195]]
00:00:00.13 State variable Tw: [[1. 1. 1. 1. 1. 1. 1. 1. 1. 1. 1. 1. 1. 1. 1. 1. 1. 1. 1. 1. 1. 1. 1. 1.
  1. 1. 1. 1. 1. 1. 1. 1. 1. 1. 1. 1. 1. 1. 1. 1. 1. 1. 1.]
 [1. 1. 1. 1. 1. 1. 1. 1. 1. 1. 1. 1. 1. 1. 1. 1. 1. 1. 1. 1. 1. 1. 1. 1.
  1. 1. 1. 1. 1. 1. 1. 1. 1. 1. 1. 1. 1. 1. 1. 1. 1. 1. 1.]
 [1. 1. 1. 1. 1. 1. 1. 1. 1. 1. 1. 1. 1. 1. 1. 1. 1. 1. 1. 1. 1. 1. 1. 1.
  1. 1. 1. 1. 1. 1. 1. 1. 1. 1. 1. 1. 1. 1. 1. 1. 1. 1. 1.]
 [1. 1. 1. 1. 1. 1. 1. 1. 1. 1. 1. 1. 1. 1. 1. 1. 1. 1. 1. 1. 1. 1. 1. 1.
  1. 1. 1. 1. 1. 1. 1. 1. 1. 1. 1. 1. 1. 1. 1. 1. 1. 1. 1.]
 [1. 1. 1. 1. 1. 1. 1. 1. 1. 1. 1. 1. 1. 1. 1. 1. 1. 1. 1. 1. 1. 1. 1. 1.
  1. 1. 1. 1. 1. 1. 1. 1. 1. 1. 1. 1. 1. 1. 1. 1. 1. 1. 1.]
 [1. 1. 1. 1. 1. 1. 1. 1. 1. 1. 1. 1. 1. 1. 1. 1. 1. 1. 1. 1. 1. 1. 1. 1.
  1. 1. 1. 1. 1. 1. 1. 1. 1. 1. 1. 1. 1. 1. 1. 1. 1. 1. 1.]
 [1. 1. 1. 1. 1. 1. 1. 1. 1. 1. 1. 1. 1. 1. 1. 1. 1. 1. 1. 1. 1. 1. 1. 1.
  1. 1. 1. 1. 1. 1. 1. 1. 1. 1. 1. 1. 1. 1. 1. 1. 1. 1. 1.]
 [1. 1. 1. 1. 1. 1. 1. 1. 1. 1. 1. 1. 1. 1. 1. 1. 1. 1. 1. 1. 1. 1. 1. 1.
  1. 1. 1. 1. 1. 1. 1. 1. 1. 1. 1. 1. 1. 1. 1. 1. 1. 1. 1.]
 [1. 1. 1. 1. 1. 1. 1. 1. 1. 1. 1. 1. 1. 1. 1. 1. 1. 1. 1. 1. 1. 1. 1. 1.
  1. 1. 1. 1. 1. 1. 1. 1. 1. 1. 1. 1. 1. 1. 1. 1. 1. 1. 1.]
 [1. 1. 1. 1. 1. 1. 1. 1. 1. 1. 1. 1. 1. 1. 1. 1. 1. 1. 1. 1. 1. 1. 1. 1.
  1. 1. 1. 1. 1. 1. 1. 1. 1. 1. 1. 1. 1. 1. 1. 1. 1. 1. 1.]
 [1. 1. 1. 1. 1. 1. 1. 1. 1. 1. 1. 1. 1. 1. 1. 1. 1. 1. 1. 1. 1. 1. 1. 1.
  1. 1. 1. 1. 1. 1. 1. 1. 1. 1. 1. 1. 1. 1. 1. 1. 1. 1. 1.]
 [1. 1. 1. 1. 1. 1. 1. 1. 1. 1. 1. 1. 1. 1. 1. 1. 1. 1. 1. 1. 1. 1. 1. 1.
  1. 1. 1. 1. 1. 1. 1. 1. 1. 1. 1. 1. 1. 1. 1. 1. 1. 1. 1.]
 [1. 1. 1. 1. 1. 1. 1. 1. 1. 1. 1. 1. 1. 1. 1. 1. 1. 1. 1. 1. 1. 1. 1. 1.
  1. 1. 1. 1. 1. 1. 1. 1. 1. 1. 1. 1. 1. 1. 1. 1. 1. 1. 1.]
 [1. 1. 1. 1. 1. 1. 1. 1. 1. 1. 1. 1. 1. 1. 1. 1. 1. 1. 1. 1. 1. 1. 1. 1.
  1. 1. 1. 1. 1. 1. 1. 1. 1. 1. 1. 1. 1. 1. 1. 1. 1. 1. 1.]
 [1. 1. 1. 1. 1. 1. 1. 1. 1. 1. 1. 1. 1. 1. 1. 1. 1. 1. 1. 1. 1. 1. 1. 1.
  1. 1. 1. 1. 1. 1. 1. 1. 1. 1. 1. 1. 1. 1. 1. 1. 1. 1. 1.]
 [1. 1. 1. 1. 1. 1. 1. 1. 1. 1. 1. 1. 1. 1. 1. 1. 1. 1. 1. 1. 1. 1. 1. 1.
  1. 1. 1. 1. 1. 1. 1. 1. 1. 1. 1. 1. 1. 1. 1. 1. 1. 1. 1.]
 [1. 1. 1. 1. 1. 1. 1. 1. 1. 1. 1. 1. 1. 1. 1. 1. 1. 1. 1. 1. 1. 1. 1. 1.
  1. 1. 1. 1. 1. 1. 1. 1. 1. 1. 1. 1. 1. 1. 1. 1. 1. 1. 1.]
 [1. 1. 1. 1. 1. 1. 1. 1. 1. 1. 1. 1. 1. 1. 1. 1. 1. 1. 1. 1. 1. 1. 1. 1.
  1. 1. 1. 1. 1. 1. 1. 1. 1. 1. 1. 1. 1. 1. 1. 1. 1. 1. 1.]
 [1. 1. 1. 1. 1. 1. 1. 1. 1. 1. 1. 1. 1. 1. 1. 1. 1. 1. 1. 1. 1. 1. 1. 1.
  1. 1. 1. 1. 1. 1. 1. 1. 1. 1. 1. 1. 1. 1. 1. 1. 1. 1. 1.]
 [1. 1. 1. 1. 1. 1. 1. 1. 1. 1. 1. 1. 1. 1. 1. 1. 1. 1. 1. 1. 1. 1. 1. 1.
  1. 1. 1. 1. 1. 1. 1. 1. 1. 1. 1. 1. 1. 1. 1. 1. 1. 1. 1.]]
00:00:00.14 State variable xA: [[2.70819390e-04 2.17346671e-04 1.74407282e-04 1.39950762e-04
  1.12301898e-04 1.25658540e-04 2.21286151e-04 3.08574260e-04
  3.87565577e-04 4.58759453e-04 5.22723805e-04 5.80085092e-04
  6.31451437e-04 6.77546898e-04 7.19102621e-04 7.56236591e-04
  7.89918383e-04 8.20657893e-04 8.49132075e-04 8.74641397e-04
  9.00041589e-04 9.23736177e-04 9.45439862e-04 9.69017749e-04
  9.91861489e-04 1.01512196e-03 1.03892624e-03 1.06444292e-03
  1.09024310e-03 1.11419067e-03 1.13701508e-03 1.16318664e-03
  1.18957597e-03 1.21528259e-03 1.24030164e-03 1.26471308e-03
  1.28864562e-03 1.31202801e-03 1.33032326e-03 1.34524647e-03
  1.35737782e-03 1.37283781e-03 1.39273172e-03]
 [2.70819390e-04 3.68060717e-04 5.82379897e-04 8.68814161e-04
  1.19437007e-03 1.37494446e-03 1.23139306e-03 1.12766538e-03
  1.05455911e-03 1.00511342e-03 9.73806551e-04 9.56281859e-04
  9.49191281e-04 9.49844848e-04 9.56541393e-04 9.67816435e-04
  9.82504262e-04 1.00004409e-03 1.01972371e-03 1.04067382e-03
  1.06347804e-03 1.08799490e-03 1.11234738e-03 1.13848430e-03
  1.16543031e-03 1.19296768e-03 1.22115997e-03 1.25022102e-03
  1.27958007e-03 1.30813279e-03 1.33571709e-03 1.36265929e-03
  1.38926637e-03 1.41476270e-03 1.43898706e-03 1.46191840e-03
  1.48369819e-03 1.50427871e-03 1.52207295e-03 1.53768084e-03
  1.55101494e-03 1.56321673e-03 1.57556202e-03]
 [2.70819390e-04 2.17362432e-04 1.74419881e-04 1.39960806e-04
  1.12309951e-04 1.72396135e-04 2.71879801e-04 3.62990073e-04
  4.47527162e-04 5.26043222e-04 5.99062077e-04 6.66953396e-04
  7.30209687e-04 7.89426871e-04 8.45146458e-04 8.97722084e-04
  9.47448761e-04 9.95244837e-04 1.04132983e-03 1.08585227e-03
  1.12900420e-03 1.17156216e-03 1.21276346e-03 1.25338434e-03
  1.29331721e-03 1.33244247e-03 1.37072407e-03 1.40803480e-03
  1.44418662e-03 1.47861950e-03 1.51119373e-03 1.54051450e-03
  1.56869483e-03 1.59460770e-03 1.61862747e-03 1.64078971e-03
  1.66134325e-03 1.68018376e-03 1.69695674e-03 1.71179621e-03
  1.72465279e-03 1.73575873e-03 1.74550842e-03]
 [2.70819390e-04 3.68675000e-04 5.82799314e-04 8.69008180e-04
  1.19433076e-03 1.14552426e-03 1.06413804e-03 1.00787268e-03
  9.75659595e-04 9.62268877e-04 9.63581234e-04 9.76077381e-04
  9.97113010e-04 1.02460601e-03 1.05718250e-03 1.09382253e-03
  1.13342796e-03 1.17548537e-03 1.21932273e-03 1.26441786e-03
  1.31035664e-03 1.35675586e-03 1.40283999e-03 1.44832572e-03
  1.49283839e-03 1.53610543e-03 1.57798620e-03 1.61800671e-03
  1.65611564e-03 1.69172402e-03 1.72473822e-03 1.75330545e-03
  1.78029835e-03 1.80429581e-03 1.82604410e-03 1.84566201e-03
  1.86348894e-03 1.87936287e-03 1.89346331e-03 1.90572241e-03
  1.91613754e-03 1.92496867e-03 1.93228444e-03]
 [2.70819390e-04 2.17379812e-04 1.74433714e-04 1.39971833e-04
  1.12318797e-04 1.59564454e-04 2.82524505e-04 3.86621434e-04
  4.84635893e-04 5.77500523e-04 6.66137436e-04 7.50903225e-04
  8.32242797e-04 9.10703337e-04 9.86709477e-04 1.06057666e-03
  1.13250485e-03 1.20272162e-03 1.27139395e-03 1.33840793e-03
  1.40336263e-03 1.46596851e-03 1.52609054e-03 1.58357387e-03
  1.63792290e-03 1.68927274e-03 1.73748029e-03 1.78222332e-03
  1.82353923e-03 1.86119436e-03 1.89516785e-03 1.92360483e-03
  1.95016328e-03 1.97321238e-03 1.99376909e-03 2.01203454e-03
  2.02842463e-03 2.04272521e-03 2.05540371e-03 2.06628343e-03
  2.07538908e-03 2.08310804e-03 2.08943326e-03]
 [2.70819390e-04 3.69110838e-04 5.83078043e-04 8.69095813e-04
  1.09554520e-03 9.36421853e-04 9.18192464e-04 9.06539061e-04
  9.13437242e-04 9.35358621e-04 9.69619420e-04 1.01349112e-03
  1.06485080e-03 1.12199590e-03 1.18372602e-03 1.24908398e-03
  1.31702577e-03 1.38646971e-03 1.45648364e-03 1.52625884e-03
  1.59481137e-03 1.66092348e-03 1.72414724e-03 1.78413481e-03
  1.84013968e-03 1.89235548e-03 1.94064190e-03 1.98469737e-03
  2.02462120e-03 2.06034304e-03 2.09188281e-03 2.11754341e-03
  2.14126796e-03 2.16141562e-03 2.17909159e-03 2.19453477e-03
  2.20818017e-03 2.21979576e-03 2.22996571e-03 2.23846919e-03
  2.24534320e-03 2.25103581e-03 2.25553697e-03]
 [2.70819390e-04 2.17403588e-04 1.74452735e-04 1.39987002e-04
  1.12329622e-04 1.26473968e-04 2.73133426e-04 3.95675517e-04
  5.11807673e-04 6.23427329e-04 7.32069459e-04 8.38236110e-04
  9.42277709e-04 1.04450476e-03 1.14504385e-03 1.24384620e-03
  1.34070523e-03 1.43508695e-03 1.52637807e-03 1.61402872e-03
  1.69699922e-03 1.77442840e-03 1.84643116e-03 1.91312269e-03
  1.97393096e-03 2.02954879e-03 2.07989307e-03 2.12499403e-03
  2.16499724e-03 2.20026848e-03 2.23088569e-03 2.25535408e-03
  2.27786733e-03 2.29680970e-03 2.31333730e-03 2.32770858e-03
  2.34036289e-03 2.35106107e-03 2.36043465e-03 2.36824489e-03
  2.37453381e-03 2.37976678e-03 2.38393460e-03]
 [2.70819390e-04 3.69407015e-04 5.83247185e-04 8.69102037e-04
  9.00376308e-04 7.48745034e-04 7.74614134e-04 8.08914230e-04
  8.55787065e-04 9.14361715e-04 9.83370427e-04 1.06089768e-03
  1.14514530e-03 1.23441233e-03 1.32729364e-03 1.42249083e-03
  1.51852786e-03 1.61369353e-03 1.70634625e-03 1.79535532e-03
  1.87922610e-03 1.95674376e-03 2.02804892e-03 2.09335337e-03
  2.15215325e-03 2.20533130e-03 2.25283847e-03 2.29486054e-03
  2.33156425e-03 2.36351867e-03 2.39082893e-03 2.41220877e-03
  2.43174256e-03 2.44793071e-03 2.46188965e-03 2.47387438e-03
  2.48429986e-03 2.49293714e-03 2.50040965e-03 2.50648172e-03
  2.51119612e-03 2.51500331e-03 2.51789968e-03]
 [2.70819390e-04 2.17434860e-04 1.74477763e-04 1.40006974e-04
  1.12346865e-04 9.32221938e-05 2.38407460e-04 3.86478846e-04
  5.25684132e-04 6.60565536e-04 7.93341770e-04 9.24751898e-04
  1.05489300e-03 1.18346042e-03 1.30988423e-03 1.43340790e-03
  1.55304541e-03 1.66749168e-03 1.77550638e-03 1.87631680e-03
  1.96855443e-03 2.05173990e-03 2.12673832e-03 2.19429056e-03
  2.25420199e-03 2.30777541e-03 2.35501390e-03 2.39640072e-03
  2.43210769e-03 2.46301100e-03 2.48924642e-03 2.50968342e-03
  2.52834889e-03 2.54382109e-03 2.55718537e-03 2.56868983e-03
  2.57873082e-03 2.58708841e-03 2.59436570e-03 2.60033470e-03
  2.60503701e-03 2.60890211e-03 2.61192533e-03]
 [2.70819390e-04 3.69575543e-04 5.83316374e-04 8.63666881e-04
  7.24046829e-04 5.83273089e-04 6.14310232e-04 6.99341254e-04
  7.89492451e-04 8.87677344e-04 9.94031206e-04 1.10738053e-03
  1.22598469e-03 1.34767224e-03 1.47041402e-03 1.59230510e-03
  1.71124611e-03 1.82507693e-03 1.93203947e-03 2.03116679e-03
  2.12097475e-03 2.20110963e-03 2.27265352e-03 2.33651542e-03
  2.39263982e-03 2.44244468e-03 2.48595675e-03 2.52376604e-03
  2.55603904e-03 2.58374562e-03 2.60702889e-03 2.62490452e-03
  2.64114685e-03 2.65445618e-03 2.66584389e-03 2.67554303e-03
  2.68391887e-03 2.69076748e-03 2.69665661e-03 2.70137165e-03
  2.70495232e-03 2.70780006e-03 2.70991351e-03]
 [2.70819390e-04 2.17475124e-04 1.74510007e-04 1.40033002e-04
  1.12367645e-04 9.01681100e-05 1.67644360e-04 3.46534409e-04
  5.15269697e-04 6.78643267e-04 8.39629853e-04 9.99093777e-04
  1.15666274e-03 1.31106190e-03 1.46079583e-03 1.60438449e-03
  1.74020210e-03 1.86668984e-03 1.98281090e-03 2.08818055e-03
  2.18168150e-03 2.26379781e-03 2.33621521e-03 2.40024056e-03
  2.45605933e-03 2.50532319e-03 2.54808808e-03 2.58511276e-03
  2.61655469e-03 2.64353046e-03 2.66619388e-03 2.68364342e-03
  2.69953095e-03 2.71261789e-03 2.72387402e-03 2.73352138e-03
  2.74190797e-03 2.74883952e-03 2.75485607e-03 2.75975349e-03
  2.76356946e-03 2.76668455e-03 2.76909587e-03]
 [2.70819390e-04 3.69611505e-04 5.83281629e-04 6.95390499e-04
  5.61195076e-04 4.51800508e-04 4.29105944e-04 5.57677374e-04
  6.96393124e-04 8.38544677e-04 9.85215206e-04 1.13567411e-03
  1.28800845e-03 1.43937605e-03 1.58714404e-03 1.72906631e-03
  1.86287669e-03 1.98674110e-03 2.09963479e-03 2.20128763e-03
  2.29071273e-03 2.36865281e-03 2.43694132e-03 2.49697268e-03
  2.54901620e-03 2.59473269e-03 2.63418703e-03 2.66816625e-03
  2.69681771e-03 2.72126284e-03 2.74165280e-03 2.75717554e-03
  2.77124836e-03 2.78272599e-03 2.79251346e-03 2.80081896e-03
  2.80796563e-03 2.81377250e-03 2.81874832e-03 2.82270076e-03
  2.82566574e-03 2.82800124e-03 2.82970704e-03]
 [2.70819390e-04 2.17527798e-04 1.74552277e-04 1.40067826e-04
  1.12395797e-04 9.01907212e-05 7.99518485e-05 2.55698169e-04
  4.59401974e-04 6.57388123e-04 8.50788814e-04 1.04009120e-03
  1.22432310e-03 1.40138311e-03 1.56923751e-03 1.72624432e-03
  1.87085340e-03 2.00210493e-03 2.11984807e-03 2.22441553e-03
  2.31522611e-03 2.39367665e-03 2.46197041e-03 2.52172696e-03
  2.57335112e-03 2.61860640e-03 2.65757082e-03 2.69110700e-03
  2.71935408e-03 2.74348957e-03 2.76366713e-03 2.77911234e-03
  2.79315175e-03 2.80467490e-03 2.81455831e-03 2.82300223e-03
  2.83031912e-03 2.83633428e-03 2.84153721e-03 2.84574287e-03
  2.84898564e-03 2.85161027e-03 2.85361535e-03]
 [2.70819390e-04 3.69483165e-04 5.79934713e-04 5.08056612e-04
  4.09516815e-04 3.29984381e-04 2.67481705e-04 3.64732235e-04
  5.47450617e-04 7.37649432e-04 9.27762025e-04 1.11601557e-03
  1.30009137e-03 1.47690917e-03 1.64392624e-03 1.79930081e-03
  1.94142097e-03 2.06952035e-03 2.18371915e-03 2.28454654e-03
  2.37159426e-03 2.44645074e-03 2.51136849e-03 2.56798300e-03
  2.61673032e-03 2.65934012e-03 2.69589228e-03 2.72724185e-03
  2.75352075e-03 2.77588223e-03 2.79447553e-03 2.80858052e-03
  2.82135628e-03 2.83175515e-03 2.84060894e-03 2.84810851e-03
  2.85454957e-03 2.85976640e-03 2.86422778e-03 2.86775650e-03
  2.87038579e-03 2.87244577e-03 2.87393718e-03]
 [2.70819390e-04 2.17599939e-04 1.74611321e-04 1.40114276e-04
  1.12433094e-04 9.02206480e-05 7.23965796e-05 1.09263250e-04
  3.21228448e-04 5.54697732e-04 7.84152670e-04 1.00520595e-03
  1.21545358e-03 1.41252529e-03 1.59469953e-03 1.76094477e-03
  1.91054503e-03 2.04365138e-03 2.16115321e-03 2.26405005e-03
  2.35223933e-03 2.42773798e-03 2.49301389e-03 2.54982896e-03
  2.59869132e-03 2.64138530e-03 2.67799711e-03 2.70942023e-03
  2.73578227e-03 2.75826476e-03 2.77701811e-03 2.79133559e-03
  2.80434068e-03 2.81499842e-03 2.82412906e-03 2.83191997e-03
  2.83866264e-03 2.84419394e-03 2.84897413e-03 2.85282923e-03
  2.85579174e-03 2.85818608e-03 2.86001224e-03]
 [2.70819390e-04 3.69121378e-04 4.17545382e-04 3.40215610e-04
  2.74597616e-04 2.21609960e-04 1.78871930e-04 1.64816911e-04
  3.14801807e-04 5.34646693e-04 7.65233916e-04 9.90787976e-04
  1.20542524e-03 1.40578240e-03 1.58995777e-03 1.75701977e-03
  1.90645938e-03 2.03874835e-03 2.15505409e-03 2.25654218e-03
  2.34323380e-03 2.41727746e-03 2.48117775e-03 2.53671101e-03
  2.58440208e-03 2.62602309e-03 2.66166126e-03 2.69220829e-03
  2.71778863e-03 2.73957472e-03 2.75771520e-03 2.77152906e-03
  2.78406547e-03 2.79431882e-03 2.80308978e-03 2.81056202e-03
  2.81701951e-03 2.82230302e-03 2.82686472e-03 2.83053368e-03
  2.83334202e-03 2.83560812e-03 2.83733330e-03]
 [2.70819390e-04 2.17710670e-04 1.74698167e-04 1.40184309e-04
  1.12489292e-04 9.02657438e-05 7.24327094e-05 5.81223414e-05
  1.05644176e-04 3.19452127e-04 5.69662465e-04 8.18750181e-04
  1.05484906e-03 1.27338517e-03 1.47242090e-03 1.65134178e-03
  1.81008448e-03 1.94968039e-03 2.07179547e-03 2.17791381e-03
  2.26823940e-03 2.34523935e-03 2.41162321e-03 2.46929792e-03
  2.51884794e-03 2.56213261e-03 2.59924520e-03 2.63112770e-03
  2.65790524e-03 2.68080176e-03 2.69997079e-03 2.71471812e-03
  2.72816092e-03 2.73927225e-03 2.74886922e-03 2.75713882e-03
  2.76437079e-03 2.77040278e-03 2.77569399e-03 2.78007083e-03
  2.78356577e-03 2.78650181e-03 2.78887928e-03]
 [2.70819390e-04 3.05167356e-04 2.60580882e-04 2.12037213e-04
  1.71996601e-04 1.40245014e-04 1.14949148e-04 9.47102648e-05
  9.79899363e-05 2.40483360e-04 4.61217476e-04 7.01689789e-04
  9.38617646e-04 1.16204128e-03 1.36754982e-03 1.55328230e-03
  1.71827557e-03 1.86331338e-03 1.99008077e-03 2.10014006e-03
  2.19373637e-03 2.27348570e-03 2.34222971e-03 2.40196463e-03
  2.45331083e-03 2.49819950e-03 2.53672805e-03 2.56987765e-03
  2.59777589e-03 2.62169126e-03 2.64178220e-03 2.65733959e-03
  2.67156100e-03 2.68339586e-03 2.69368192e-03 2.70261120e-03
  2.71048047e-03 2.71712330e-03 2.72301015e-03 2.72796316e-03
  2.73201557e-03 2.73549754e-03 2.73840916e-03]
 [2.70819390e-04 2.17938558e-04 1.74882344e-04 1.40332189e-04
  1.14956028e-04 9.76879167e-05 8.50064639e-05 7.54726252e-05
  7.24185994e-05 1.46354722e-04 3.16381273e-04 5.35350447e-04
  7.69825077e-04 9.99952350e-04 1.21626586e-03 1.41413502e-03
  1.59057263e-03 1.74577396e-03 1.88136860e-03 1.99900949e-03
  2.09898054e-03 2.18413061e-03 2.25753225e-03 2.32134109e-03
  2.37623821e-03 2.42429067e-03 2.46560323e-03 2.50122962e-03
  2.53130288e-03 2.55717614e-03 2.57901738e-03 2.59607901e-03
  2.61173310e-03 2.62487326e-03 2.63638189e-03 2.64646104e-03
  2.65542323e-03 2.66309322e-03 2.66996387e-03 2.67584887e-03
  2.68078288e-03 2.68511093e-03 2.68883178e-03]
 [2.70819390e-04 2.38293375e-04 2.05172127e-04 1.74660547e-04
  1.48525941e-04 1.29450247e-04 1.16351034e-04 1.07380250e-04
  1.01674755e-04 1.26790693e-04 2.35106036e-04 4.19527310e-04
  6.44328684e-04 8.76946553e-04 1.10141121e-03 1.30957652e-03
  1.49595012e-03 1.66005930e-03 1.80341197e-03 1.92771275e-03
  2.03326619e-03 2.12311638e-03 2.20054070e-03 2.26783743e-03
  2.32574167e-03 2.37644468e-03 2.42005814e-03 2.45770243e-03
  2.48951597e-03 2.51693053e-03 2.54012303e-03 2.55831349e-03
  2.57503239e-03 2.58912401e-03 2.60151139e-03 2.61240601e-03
  2.62213453e-03 2.63051372e-03 2.63805766e-03 2.64457201e-03
  2.65009285e-03 2.65497919e-03 2.65922888e-03]]
00:00:00.15 State variable xB: [[0.04865445 0.047706   0.04842376 0.05027553 0.05291568 0.05576458
  0.05816159 0.06078913 0.06355792 0.06639787 0.06925561 0.0720906
  0.0748722  0.07757573 0.08018423 0.08269076 0.08508303 0.08735514
  0.08950241 0.09153326 0.09341338 0.09516086 0.09679767 0.0983016
  0.09968911 0.10096807 0.10213518 0.10318164 0.10412197 0.10498094
  0.10575372 0.10635858 0.10691321 0.10738179 0.10778909 0.10813823
  0.10843839 0.10868522 0.10893372 0.10916311 0.10936959 0.10951111
  0.10957283]
 [0.04865445 0.04537157 0.04230692 0.03944927 0.03678465 0.03617533
  0.03981905 0.04360213 0.04743866 0.05126236 0.05502434 0.05868921
  0.06223061 0.06562839 0.06886972 0.07194912 0.07486112 0.0776002
  0.08016672 0.08256647 0.08477985 0.08681005 0.08869224 0.09042281
  0.09200267 0.09345407 0.09477438 0.09596416 0.09703069 0.09799131
  0.0988488  0.09955466 0.10021029 0.10077518 0.10127856 0.1017256
  0.10212669 0.10247643 0.10280324 0.10309637 0.10335751 0.10358921
  0.10377881]
 [0.04865445 0.04771802 0.04843419 0.05028383 0.0529216  0.05530613
  0.05760181 0.06013197 0.06278876 0.06549954 0.06820929 0.07087797
  0.07347467 0.07597455 0.07836143 0.08062564 0.08275985 0.0847546
  0.08660861 0.08832266 0.08988401 0.09129219 0.09257299 0.09373364
  0.09477021 0.09570343 0.09653238 0.09726228 0.09789704 0.09845082
  0.09892635 0.09930142 0.09964418 0.09992801 0.10017294 0.10038341
  0.10056666 0.10071868 0.1008553  0.10097054 0.10106565 0.10114908
  0.10121719]
 [0.04865445 0.04537281 0.04230807 0.03945034 0.03678565 0.03897126
  0.04225402 0.04573137 0.04925848 0.05276543 0.05619972 0.05952528
  0.06271488 0.06574732 0.0686098  0.07129499 0.07379861 0.07611668
  0.07825058 0.08020411 0.08196602 0.08354456 0.0849675  0.08625298
  0.08739952 0.08843258 0.08935237 0.09016896 0.09088553 0.09151932
  0.09207307 0.09252803 0.09295226 0.09332038 0.09365092 0.09394801
  0.09421855 0.09445877 0.09468017 0.09487841 0.09505432 0.09521598
  0.09536245]
 [0.04865445 0.04772661 0.04844143 0.05028923 0.05292488 0.05543541
  0.05750733 0.05989594 0.06239405 0.06492587 0.06743243 0.06987323
  0.07221719 0.07443932 0.076524   0.07846159 0.08024524 0.08187157
  0.08334039 0.08465544 0.08580884 0.08681224 0.0876894  0.08845843
  0.08912203 0.08970192 0.09019919 0.09062461 0.09098043 0.09128251
  0.09153309 0.0917244  0.09189839 0.09204153 0.09216495 0.0922714
  0.09236482 0.09244294 0.09251295 0.09257213 0.09262104 0.09266469
  0.09270316]
 [0.04865445 0.04537457 0.04230971 0.03945187 0.03795689 0.04159368
  0.04447613 0.04764836 0.05086184 0.05404152 0.05712943 0.06008782
  0.06288892 0.06551151 0.06794354 0.07017893 0.07221471 0.07405379
  0.07570249 0.0771694  0.07844969 0.07956385 0.08054127 0.08140411
  0.08215837 0.08282812 0.08341471 0.08393057 0.08437757 0.08477236
  0.08511709 0.08540268 0.08567071 0.08590715 0.08612276 0.0863199
  0.08650245 0.08666828 0.08682323 0.08696508 0.08709425 0.08721489
  0.08732688]
 [0.04865445 0.04773326 0.0484469  0.05029303 0.05292677 0.05575936
  0.05763863 0.05985508 0.06216364 0.06448103 0.06674305 0.06890755
  0.07094384 0.07282866 0.07454899 0.07609867 0.07747502 0.07868267
  0.07973093 0.08063008 0.08138009 0.08200329 0.08252574 0.08296656
  0.08333324 0.08364445 0.08390161 0.08411543 0.08428702 0.08442956
  0.08454464 0.08462995 0.08470709 0.08477006 0.08482441 0.08487155
  0.08491332 0.08494863 0.084981   0.0850091  0.0850332  0.08505567
  0.08507663]
 [0.04865445 0.04537692 0.0423119  0.03945391 0.04028097 0.04406252
  0.04671625 0.04956344 0.05244713 0.05527798 0.05799212 0.0605493
  0.06292243 0.06509346 0.06705481 0.06880595 0.07035072 0.07170146
  0.0728757  0.07388928 0.07474612 0.07547384 0.07610079 0.07664707
  0.07712054 0.07753958 0.0779054  0.07822817 0.07850876 0.07875925
  0.07898105 0.07916918 0.07934739 0.07950777 0.07965635 0.07979441
  0.07992412 0.0800443  0.08015806 0.08026422 0.080363   0.08045661
  0.08054492]
 [0.04865445 0.04773843 0.04845101 0.05029563 0.05292765 0.05607548
  0.05802806 0.06003331 0.06212343 0.06419401 0.06617583 0.06802497
  0.06971314 0.07122322 0.07254971 0.07369465 0.07466492 0.0754761
  0.07614833 0.0766984  0.0771338  0.07748007 0.07775956 0.07798768
  0.07817147 0.07832353 0.07844492 0.0785432  0.07861879 0.07868023
  0.07872843 0.07876302 0.0787941  0.07881921 0.07884091 0.07885988
  0.07887692 0.07889155 0.07890553 0.07891819 0.07892969 0.07894117
  0.07895276]
 [0.04865445 0.04537995 0.04231472 0.03953537 0.04254337 0.04639787
  0.04918457 0.05167584 0.05420604 0.05666258 0.05897628 0.06110555
  0.06302709 0.06473158 0.06622144 0.06750612 0.06860036 0.06952711
  0.07031207 0.07097486 0.07152485 0.0719882  0.07238647 0.0727342
  0.07303742 0.07330791 0.07354644 0.07375955 0.07394765 0.07411816
  0.0742719  0.07440568 0.07453352 0.07465056 0.07476037 0.07486365
  0.0749617  0.07505382 0.07514179 0.07522494 0.07530337 0.07537839
  0.0754499 ]
 [0.04865445 0.04774233 0.04845396 0.0502972  0.05292782 0.05610266
  0.05874634 0.06053677 0.06238146 0.06417902 0.06585648 0.06737096
  0.06870053 0.06983996 0.07079598 0.07158154 0.0722145  0.07271919
  0.0731204  0.07343586 0.07367552 0.07386063 0.07400647 0.07412308
  0.07421525 0.07429029 0.07434887 0.07439547 0.07443029 0.0744582
  0.07447973 0.07449511 0.074509   0.07452046 0.07453067 0.07453999
  0.07454876 0.07455676 0.07456494 0.07457294 0.07458085 0.07458929
  0.07459835]
 [0.04865445 0.04538394 0.04231845 0.04163119 0.04481226 0.04851981
  0.05195175 0.05419112 0.05634974 0.05841306 0.06031273 0.06201076
  0.06349222 0.06476147 0.06583365 0.06672812 0.06746865 0.06808313
  0.0685975  0.06902929 0.06938783 0.06969259 0.06995755 0.07019185
  0.07039921 0.07058666 0.07075465 0.07090702 0.07104401 0.07116999
  0.07128542 0.07138807 0.07148685 0.07157854 0.0716654  0.07174787
  0.07182678 0.07190169 0.07197371 0.07204241 0.07210787 0.0721709
  0.07223143]
 [0.04865445 0.04774503 0.04845582 0.05029786 0.05292737 0.05610128
  0.0595729  0.06152138 0.06313296 0.06465007 0.06602196 0.06721485
  0.06821814 0.06904127 0.06970283 0.07022365 0.07062779 0.07094088
  0.07118502 0.07137434 0.07151707 0.07162777 0.07171578 0.07178706
  0.07184444 0.0718921  0.07193044 0.07196202 0.07198696 0.07200811
  0.07202575 0.07204018 0.07205388 0.07206641 0.07207841 0.07209008
  0.0721016  0.07211284 0.07212439 0.07213603 0.07214781 0.0721601
  0.07217299]
 [0.04865445 0.04538963 0.0423759  0.04411873 0.04714584 0.05069596
  0.05457535 0.05727351 0.05916856 0.06085959 0.06236478 0.06366646
  0.06476432 0.06567658 0.0664274  0.06704062 0.06754223 0.06795744
  0.06830681 0.06860303 0.06885292 0.06906918 0.06926043 0.06943222
  0.06958672 0.06972824 0.06985705 0.06997545 0.07008361 0.07018423
  0.0702776  0.07036206 0.07044376 0.07052041 0.07059356 0.0706635
  0.07073084 0.07079525 0.07085748 0.07091725 0.07097459 0.07103008
  0.07108365]
 [0.04865445 0.04774652 0.04845656 0.0502977  0.05292642 0.05609967
  0.05963892 0.06294634 0.06467119 0.06600535 0.06713176 0.068068
  0.06882639 0.06943023 0.06990457 0.07027205 0.0705563  0.07077857
  0.07095528 0.07109624 0.07120702 0.07129704 0.07137213 0.07143602
  0.07149039 0.07153793 0.07157888 0.07161488 0.07164603 0.07167417
  0.07169952 0.07172209 0.07174395 0.0717646  0.07178458 0.07180403
  0.0718231  0.07184171 0.07186026 0.0718786  0.07189677 0.07191505
  0.07193347]
 [0.04865445 0.04539835 0.04459719 0.04664003 0.04949871 0.05289041
  0.05663587 0.06041759 0.06281311 0.06442102 0.06568283 0.06670965
  0.06754459 0.06822231 0.0687719  0.06921714 0.06958178 0.06988577
  0.07014409 0.07036556 0.07055476 0.07072017 0.07086761 0.07100084
  0.07112121 0.07123178 0.07133273 0.07142565 0.07151068 0.07158976
  0.0716631  0.07172932 0.07179332 0.07185321 0.07191023 0.07196462
  0.07201684 0.07206665 0.07211461 0.07216051 0.07220438 0.07224667
  0.07228731]
 [0.04865445 0.04774656 0.04845606 0.05029664 0.05292488 0.05609773
  0.05963666 0.06340651 0.06677734 0.06858114 0.06978681 0.07068471
  0.07137397 0.07190712 0.07231964 0.0726373  0.07288469 0.07308082
  0.07323933 0.07336803 0.07347112 0.07355592 0.07362717 0.07368792
  0.07373943 0.07378409 0.07382208 0.07385478 0.0738823  0.07390628
  0.07392689 0.0739438  0.07395964 0.0739736  0.07398634 0.07399803
  0.0740089  0.07401882 0.07402822 0.07403694 0.074045   0.07405273
  0.07406013]
 [0.04865445 0.04640854 0.04701528 0.04892018 0.05162189 0.05486017
  0.05845892 0.06228446 0.06606271 0.06861126 0.07025245 0.07141216
  0.0722702  0.07291932 0.07341525 0.07379515 0.07409272 0.07433143
  0.07452705 0.07468831 0.07481962 0.07492895 0.07502167 0.07510127
  0.07516906 0.07522789 0.07527796 0.07532081 0.0753566  0.07538721
  0.07541286 0.07543263 0.07545062 0.07546537 0.07547794 0.07548855
  0.07549757 0.07550481 0.07551084 0.07551544 0.07551865 0.07552091
  0.07552218]
 [0.04865445 0.04774403 0.04845337 0.0502938  0.05289829 0.0560183
  0.05949792 0.06320769 0.06701059 0.07018004 0.07237471 0.07387368
  0.07490766 0.07563671 0.07615497 0.07652283 0.0767924  0.07699543
  0.07715155 0.07727115 0.07735947 0.07742541 0.0774747  0.07751104
  0.07753597 0.0775524  0.0775606  0.07756223 0.07755746 0.0775483
  0.077535   0.07751718 0.07749808 0.07747675 0.07745404 0.07743017
  0.07740541 0.07737961 0.07735335 0.07732642 0.07729886 0.07727109
  0.07724315]
 [0.04865445 0.04746459 0.04802727 0.04978647 0.05236196 0.05547016
  0.05893013 0.06261424 0.06642123 0.07002155 0.0728381  0.07478554
  0.07607064 0.07693523 0.0775212  0.07791704 0.07819637 0.07839944
  0.07855001 0.07866023 0.07873618 0.07878788 0.07882163 0.07884153
  0.0788493  0.07884814 0.07883831 0.07882169 0.07879844 0.07877079
  0.07873898 0.07870283 0.0786655  0.07862615 0.07858563 0.07854416
  0.07850202 0.07845903 0.07841587 0.07837227 0.07832829 0.07828439
  0.07824063]]
00:00:00.15 State variable yA: [[ 2.00000000e-01 -8.27387845e+00 -6.86625094e+00 -4.69001881e+00
  -1.95513996e+00  2.04279068e-01  2.06800652e-01  2.08058106e-01
   2.09350247e-01  2.10888137e-01  2.12479944e-01  2.14189968e-01
   2.15907435e-01  2.17781730e-01  2.20023085e-01  2.21402962e-01
   2.23761287e-01  2.26990541e-01  2.29245989e-01  2.30248979e-01
   2.36927466e-01  2.38095319e-01  2.42685095e-01  2.47383719e-01
   2.50964163e-01  2.56100236e-01  2.62220410e-01  2.69302907e-01
   2.75859486e-01  2.78435295e-01  2.82533458e-01  2.89909964e-01
   2.95970971e-01  3.00591381e-01  3.05166102e-01  3.09704082e-01
   3.14215954e-01  3.18695173e-01  3.19208332e-01  3.17242367e-01
   3.18695281e-01  3.27848995e-01  3.32828427e-01]
 [ 2.00000000e-01  3.62031067e+01  3.04982216e+01  2.13192324e+01
   9.49156924e+00  2.20558550e-01  2.19559312e-01  2.21695076e-01
   2.24013485e-01  2.26977281e-01  2.30040015e-01  2.33249252e-01
   2.36635564e-01  2.40198196e-01  2.44131779e-01  2.47729686e-01
   2.52220565e-01  2.56469150e-01  2.61265156e-01  2.65148620e-01
   2.71794598e-01  2.76651680e-01  2.81448402e-01  2.88227694e-01
   2.94004800e-01  3.00149871e-01  3.06432942e-01  3.13229380e-01
   3.19761976e-01  3.24610476e-01  3.28574418e-01  3.33977342e-01
   3.39103136e-01  3.43286682e-01  3.47062898e-01  3.50530173e-01
   3.53793967e-01  3.56786666e-01  3.58316257e-01  3.58833356e-01
   3.58797062e-01  3.60920225e-01  3.64563374e-01]
 [ 2.00000000e-01 -3.34214677e+01 -2.82238150e+01 -1.93695253e+01
  -7.77612800e+00  2.49308235e-01  2.26994033e-01  2.30486194e-01
   2.34220430e-01  2.38899008e-01  2.43739249e-01  2.48762536e-01
   2.54082400e-01  2.59629800e-01  2.65564007e-01  2.71507542e-01
   2.77869658e-01  2.84343502e-01  2.91297063e-01  2.97997658e-01
   3.05445928e-01  3.12905351e-01  3.19514812e-01  3.27106938e-01
   3.34296015e-01  3.41272708e-01  3.47976484e-01  3.54552091e-01
   3.60722241e-01  3.65990975e-01  3.70359719e-01  3.74473329e-01
   3.78439539e-01  3.81883403e-01  3.84917747e-01  3.87608946e-01
   3.90044403e-01  3.92172343e-01  3.93705028e-01  3.94751232e-01
   3.95325289e-01  3.96122528e-01  3.97472941e-01]
 [ 2.00000000e-01  2.87719876e+01  2.31909644e+01  1.43482610e+01
   2.92327899e+00  3.00984917e-01  2.40483462e-01  2.45148223e-01
   2.50324342e-01  2.56937996e-01  2.63857284e-01  2.71042760e-01
   2.78634767e-01  2.86558003e-01  2.94889109e-01  3.03424914e-01
   3.12038572e-01  3.21171627e-01  3.30352578e-01  3.39458688e-01
   3.48466228e-01  3.57502276e-01  3.65761843e-01  3.73929876e-01
   3.81649776e-01  3.88851291e-01  3.95513755e-01  4.01594412e-01
   4.07051830e-01  4.11747977e-01  4.15653020e-01  4.18755198e-01
   4.21652569e-01  4.24116418e-01  4.26247129e-01  4.28083509e-01
   4.29687967e-01  4.31025945e-01  4.32070693e-01  4.32832324e-01
   4.33308109e-01  4.33665775e-01  4.34063311e-01]
 [ 2.00000000e-01 -2.71213973e+01 -2.20473548e+01 -1.35293830e+01
  -2.43077379e+00  3.30701423e-01  2.48992091e-01  2.55019683e-01
   2.61948521e-01  2.70643640e-01  2.79840218e-01  2.89383430e-01
   2.99395629e-01  3.09814953e-01  3.20627898e-01  3.31693149e-01
   3.42721391e-01  3.54050034e-01  3.65231587e-01  3.76114335e-01
   3.86446127e-01  3.96282175e-01  4.05327783e-01  4.13690320e-01
   4.21307729e-01  4.28214062e-01  4.34395449e-01  4.39814426e-01
   4.44499492e-01  4.48479196e-01  4.51757220e-01  4.54223202e-01
   4.56474852e-01  4.58332986e-01  4.59925344e-01  4.61281988e-01
   4.62452196e-01  4.63408842e-01  4.64191565e-01  4.64785379e-01
   4.65191899e-01  4.65474390e-01  4.65677411e-01]
 [ 2.00000000e-01  2.29827510e+01  1.75244741e+01  9.01758588e+00
   6.35991656e-02  3.22066441e-01  2.63942955e-01  2.70715724e-01
   2.79543564e-01  2.90630305e-01  3.02514321e-01  3.14851748e-01
   3.27699350e-01  3.40975708e-01  3.54574209e-01  3.68308272e-01
   3.81838085e-01  3.95144048e-01  4.07991177e-01  4.20123859e-01
   4.31205227e-01  4.41215065e-01  4.50196801e-01  4.58165084e-01
   4.65115426e-01  4.71214588e-01  4.76458835e-01  4.80886462e-01
   4.84539941e-01  4.87555275e-01  4.89953584e-01  4.91660292e-01
   4.93184046e-01  4.94375548e-01  4.95358882e-01  4.96160923e-01
   4.96822174e-01  4.97319731e-01  4.97706451e-01  4.97962352e-01
   4.98090977e-01  4.98136917e-01  4.98111273e-01]
 [ 2.00000000e-01 -2.18258635e+01 -1.68743518e+01 -8.69222976e+00
  -1.34964853e-01  2.63653355e-01  2.74940100e-01  2.81536328e-01
   2.92439456e-01  3.05882669e-01  3.20445863e-01  3.35532740e-01
   3.51089660e-01  3.66967581e-01  3.82969054e-01  3.98824100e-01
   4.14150035e-01  4.28691109e-01  4.42288891e-01  4.54736278e-01
   4.65716017e-01  4.75251839e-01  4.83562069e-01  4.90747700e-01
   4.96843201e-01  5.02081822e-01  5.06472745e-01  5.10119167e-01
   5.13055770e-01  5.15465026e-01  5.17371614e-01  5.18728113e-01
   5.19938912e-01  5.20885015e-01  5.21666564e-01  5.22305558e-01
   5.22834448e-01  5.23234753e-01  5.23552740e-01  5.23770917e-01
   5.23892609e-01  5.23952570e-01  5.23953707e-01]
 [ 2.00000000e-01  1.80322034e+01  1.26956592e+01  4.52415257e+00
   5.58471600e-03  1.91441727e-01  2.93226734e-01  2.98097417e-01
   3.11241717e-01  3.27430042e-01  3.45096330e-01  3.63336808e-01
   3.81917626e-01  4.00555665e-01  4.18936075e-01  4.36681554e-01
   4.53347072e-01  4.68605492e-01  4.82323300e-01  4.94411007e-01
   5.04645039e-01  5.13195700e-01  5.20401815e-01  5.26451833e-01
   5.31431828e-01  5.35606119e-01  5.38991358e-01  5.41723714e-01
   5.43831337e-01  5.45514363e-01  5.46796772e-01  5.47653385e-01
   5.48400793e-01  5.48947332e-01  5.49370564e-01  5.49687757e-01
   5.49923671e-01  5.50064071e-01  5.50146888e-01  5.50157784e-01
   5.50099717e-01  5.50001223e-01  5.49864343e-01]
 [ 2.00000000e-01 -1.71505536e+01 -1.23205904e+01 -4.47937477e+00
  -2.63891115e-01  9.41194421e-02  3.06755678e-01  3.09691329e-01
   3.24933349e-01  3.43607104e-01  3.64023823e-01  3.84976885e-01
   4.05991150e-01  4.26621921e-01  4.46449333e-01  4.65044769e-01
   4.81963846e-01  4.96948005e-01  5.09957697e-01  5.21045151e-01
   5.30138924e-01  5.37558252e-01  5.43688023e-01  5.48767184e-01
   5.52907826e-01  5.56359901e-01  5.59142100e-01  5.61393322e-01
   5.63131710e-01  5.64537023e-01  5.65629250e-01  5.66386488e-01
   5.67056542e-01  5.67566693e-01  5.67976357e-01  5.68298647e-01
   5.68553192e-01  5.68728866e-01  5.68855234e-01  5.68921120e-01
   5.68928822e-01  5.68900770e-01  5.68838228e-01]
 [ 2.00000000e-01  1.35874444e+01  8.37170362e+00  6.36369797e-01
   3.76171828e-03  3.35729435e-02  3.21738193e-01  3.26807723e-01
   3.44160727e-01  3.65713839e-01  3.89184895e-01  4.13061225e-01
   4.36549079e-01  4.59011620e-01  4.79939710e-01  4.98901775e-01
   5.15522173e-01  5.29713298e-01  5.41602309e-01  5.51378666e-01
   5.59106786e-01  5.65241202e-01  5.70192465e-01  5.74209842e-01
   5.77418970e-01  5.80048340e-01  5.82115497e-01  5.83748687e-01
   5.84961595e-01  5.85913124e-01  5.86619937e-01  5.87068056e-01
   5.87450258e-01  5.87710121e-01  5.87893787e-01  5.88011336e-01
   5.88077733e-01  5.88084474e-01  5.88055516e-01  5.87981804e-01
   5.87865331e-01  5.87724679e-01  5.87561397e-01]
 [ 2.00000000e-01 -1.28871373e+01 -8.17782490e+00 -9.64983174e-01
  -3.54395914e-01 -3.17772272e-01  3.17509638e-01  3.38405994e-01
   3.57690967e-01  3.81559576e-01  4.07320901e-01  4.33200336e-01
   4.58104297e-01  4.81251627e-01  5.02138014e-01  5.20437730e-01
   5.35949036e-01  5.48805657e-01  5.59312102e-01  5.67762901e-01
   5.74324366e-01  5.79494917e-01  5.83653207e-01  5.87034073e-01
   5.89751225e-01  5.91994782e-01  5.93780110e-01  5.95216690e-01
   5.96312925e-01  5.97196900e-01  5.97881844e-01  5.98351658e-01
   5.98764102e-01  5.99071024e-01  5.99310186e-01  5.99489650e-01
   5.99622207e-01  5.99700742e-01  5.99745361e-01  5.99748464e-01
   5.99711683e-01  5.99650563e-01  5.99565982e-01]
 [ 2.00000000e-01  9.48920796e+00  4.39341507e+00  3.06214551e-02
   3.45099091e-03  2.52635159e-03  2.83379090e-01  3.52701687e-01
   3.75647492e-01  4.02233491e-01  4.30424314e-01  4.58245034e-01
   4.84344648e-01  5.07846864e-01  5.28329386e-01  5.45634350e-01
   5.59788378e-01  5.71165474e-01  5.80227868e-01  5.87342913e-01
   5.92735765e-01  5.96918021e-01  6.00236135e-01  6.02897760e-01
   6.05005929e-01  6.06721234e-01  6.08056886e-01  6.09105074e-01
   6.09872871e-01  6.10468122e-01  6.10901858e-01  6.11163146e-01
   6.11378753e-01  6.11509713e-01  6.11586894e-01  6.11616860e-01
   6.11609857e-01  6.11560158e-01  6.11485366e-01  6.11378826e-01
   6.11242054e-01  6.11088694e-01  6.10919815e-01]
 [ 2.00000000e-01 -8.93026596e+00 -4.34506080e+00 -4.54964448e-01
  -3.99320376e-01 -3.76639273e-01  1.45205655e-01  3.53866489e-01
   3.86180140e-01  4.15257134e-01  4.44929749e-01  4.73506830e-01
   4.99600080e-01  5.22396368e-01  5.41659946e-01  5.57458894e-01
   5.70062339e-01  5.80015823e-01  5.87862910e-01  5.93989474e-01
   5.98637789e-01  6.02270172e-01  6.05177139e-01  6.07537955e-01
   6.09436491e-01  6.11003021e-01  6.12249215e-01  6.13252097e-01
   6.14016463e-01  6.14629846e-01  6.15101484e-01  6.15418516e-01
   6.15692177e-01  6.15886579e-01  6.16029168e-01  6.16125681e-01
   6.16185656e-01  6.16203865e-01  6.16196599e-01  6.16157699e-01
   6.16088504e-01  6.16001426e-01  6.15896953e-01]
 [ 2.00000000e-01  5.65434667e+00  7.35631202e-01  7.00051924e-03
   3.20250191e-03  2.34971806e-03  4.61933714e-02  3.35823963e-01
   3.95751520e-01  4.29924176e-01  4.61608083e-01  4.90922934e-01
   5.16831765e-01  5.38765024e-01  5.56737911e-01  5.71047702e-01
   5.82184782e-01  5.90823479e-01  5.97548579e-01  6.02743313e-01
   6.06646532e-01  6.09676414e-01  6.12083452e-01  6.14020262e-01
   6.15559249e-01  6.16810858e-01  6.17785676e-01  6.18549657e-01
   6.19107396e-01  6.19534977e-01  6.19840601e-01  6.20015604e-01
   6.20153923e-01  6.20225241e-01  6.20253280e-01  6.20243062e-01
   6.20202683e-01  6.20127665e-01  6.20033311e-01  6.19913836e-01
   6.19770542e-01  6.19614953e-01  6.19447711e-01]
 [ 2.00000000e-01 -5.23234117e+00 -1.08891347e+00 -4.40146195e-01
  -4.12572674e-01 -3.94989280e-01 -3.72263148e-01  2.60394357e-01
   3.86609954e-01  4.32134774e-01  4.66650576e-01  4.96267872e-01
   5.21395409e-01  5.42060679e-01  5.58608478e-01  5.71546882e-01
   5.81524117e-01  5.89246863e-01  5.95281802e-01  5.99982085e-01
   6.03566264e-01  6.06392135e-01  6.08669253e-01  6.10531136e-01
   6.12037566e-01  6.13282743e-01  6.14276745e-01  6.15077993e-01
   6.15690083e-01  6.16179318e-01  6.16553185e-01  6.16801664e-01
   6.17013274e-01  6.17158434e-01  6.17259804e-01  6.17322148e-01
   6.17353476e-01  6.17349415e-01  6.17325076e-01  6.17274746e-01
   6.17199636e-01  6.17110968e-01  6.17008955e-01]
 [ 2.00000000e-01  2.09102689e+00  5.12103975e-02  4.88124378e-03
   2.95176983e-03  2.15925376e-03  1.64285060e-03  1.48796683e-01
   3.47536712e-01  4.23465246e-01  4.66105960e-01  4.97870279e-01
   5.23166143e-01  5.43237961e-01  5.58922038e-01  5.70959487e-01
   5.80151550e-01  5.87232792e-01  5.92760632e-01  5.97069306e-01
   6.00362320e-01  6.02963339e-01  6.05059984e-01  6.06772479e-01
   6.08154943e-01  6.09293112e-01  6.10196802e-01  6.10920065e-01
   6.11466558e-01  6.11898383e-01  6.12222715e-01  6.12432071e-01
   6.12607575e-01  6.12722332e-01  6.12797451e-01  6.12837449e-01
   6.12849694e-01  6.12830124e-01  6.12793653e-01  6.12734644e-01
   6.12654290e-01  6.12563583e-01  6.12462826e-01]
 [ 2.00000000e-01 -2.00262478e+00 -4.60259756e-01 -3.94942683e-01
  -3.75002307e-01 -3.60781421e-01 -3.49953327e-01 -2.56282184e-01
   2.42358426e-01  3.83395320e-01  4.44033672e-01  4.81803480e-01
   5.09465485e-01  5.30456976e-01  5.46450498e-01  5.58529392e-01
   5.67713724e-01  5.74803651e-01  5.80381205e-01  5.84781348e-01
   5.88203546e-01  5.90954330e-01  5.93210439e-01  5.95088340e-01
   5.96638334e-01  5.97943135e-01  5.99012550e-01  5.99899447e-01
   6.00607283e-01  6.01196521e-01  6.01674319e-01  6.02031231e-01
   6.02351798e-01  6.02607363e-01  6.02819972e-01  6.02994273e-01
   6.03138110e-01  6.03247205e-01  6.03336907e-01  6.03401414e-01
   6.03441876e-01  6.03469671e-01  6.03484797e-01]
 [ 2.00000000e-01  1.90178516e-01  1.64180800e-02  4.78686485e-03
   4.29958518e-03  4.39981145e-03  4.20052790e-03  3.98127607e-03
   1.19644496e-01  3.08050457e-01  3.98878192e-01  4.51118750e-01
   4.86574696e-01  5.12003035e-01  5.30528367e-01  5.43969189e-01
   5.53930200e-01  5.61519958e-01  5.67466461e-01  5.72161094e-01
   5.75827816e-01  5.78796004e-01  5.81250582e-01  5.83311700e-01
   5.85031361e-01  5.86495721e-01  5.87714690e-01  5.88742585e-01
   5.89583265e-01  5.90299560e-01  5.90898897e-01  5.91371268e-01
   5.91805696e-01  5.92172001e-01  5.92493349e-01  5.92774591e-01
   5.93023926e-01  5.93236884e-01  5.93429301e-01  5.93595190e-01
   5.93735718e-01  5.93862742e-01  5.93976256e-01]
 [ 2.00000000e-01 -2.08535567e-01 -4.49934914e-02 -4.54368301e-03
   9.30368142e-03  1.14269337e-02  1.18901547e-02  1.18985931e-02
   4.56764704e-02  2.03204744e-01  3.23320905e-01  4.00408988e-01
   4.51298120e-01  4.85922029e-01  5.09619754e-01  5.25768308e-01
   5.37274887e-01  5.45872254e-01  5.52560189e-01  5.57836947e-01
   5.61973445e-01  5.65348652e-01  5.68167131e-01  5.70559368e-01
   5.72581463e-01  5.74327268e-01  5.75806879e-01  5.77078089e-01
   5.78145203e-01  5.79075537e-01  5.79876976e-01  5.80536732e-01
   5.81154242e-01  5.81695381e-01  5.82185817e-01  5.82630805e-01
   5.83039471e-01  5.83406880e-01  5.83749692e-01  5.84061608e-01
   5.84343830e-01  5.84609011e-01  5.84857019e-01]
 [ 2.00000000e-01  8.10943293e-02  3.69472893e-02  2.13507811e-02
   1.87763701e-02  2.11650643e-02  2.25918772e-02  2.30426257e-02
   2.86976566e-02  1.15167064e-01  2.45554963e-01  3.50633891e-01
   4.20144897e-01  4.65381524e-01  4.94606050e-01  5.13356937e-01
   5.26285509e-01  5.35768643e-01  5.43085239e-01  5.48838025e-01
   5.53341551e-01  5.57024994e-01  5.60112615e-01  5.62744511e-01
   5.64981307e-01  5.66924128e-01  5.68583250e-01  5.70019684e-01
   5.71238197e-01  5.72310364e-01  5.73244461e-01  5.74025806e-01
   5.74761858e-01  5.75415533e-01  5.76014426e-01  5.76564107e-01
   5.77074376e-01  5.77539953e-01  5.77978116e-01  5.78382334e-01
   5.78753875e-01  5.79105920e-01  5.79438389e-01]]
00:00:00.16 State variable yB: [[  0.8          9.27387824   7.86625064   5.69001838   2.95513947
    0.79572136   0.79319935   0.79194189   0.79064975   0.78911186
    0.78752006   0.78581003   0.78409257   0.78221827   0.77997694
    0.77859708   0.77623872   0.77300946   0.77075401   0.76975101
    0.76307253   0.76190467   0.75731488   0.75261623   0.74903569
    0.74389934   0.73777874   0.73069563   0.72413844   0.72156237
    0.71746471   0.71008886   0.70402821   0.69940785   0.69483317
    0.6902952    0.68578332   0.68130407   0.68079093   0.68275692
    0.68130403   0.67215033   0.6671709 ]
 [  0.8        -35.203106   -29.49822207 -20.31923437  -8.49157104
    0.77944426   0.78044069   0.77830492   0.77598652   0.77302272
    0.76995999   0.76675075   0.76336444   0.75980181   0.75586824
    0.75227035   0.74777945   0.74353086   0.73873485   0.73485138
    0.72820539   0.72334831   0.71855158   0.71177227   0.7059951
    0.69984987   0.69356653   0.68676969   0.68023663   0.67538777
    0.67142371   0.6660211    0.66089561   0.65671222   0.65293611
    0.6494689    0.64620515   0.64321247   0.6416829    0.64116582
    0.64120213   0.63907899   0.63543586]
 [  0.8         34.42146712  29.22381367  20.36952287   8.77612559
    0.75069067   0.77300599   0.76951381   0.76577957   0.76110099
    0.75626075   0.75123746   0.7459176    0.7403702    0.73443601
    0.72849249   0.72213037   0.71565651   0.70870295   0.70200234
    0.69455407   0.68709464   0.68048518   0.67289304   0.66570393
    0.65872714   0.65202321   0.64544736   0.63927691   0.63400787
    0.62963886   0.62552528   0.62155915   0.61811539   0.61508113
    0.61239001   0.6099546    0.6078267    0.60629405   0.60524788
    0.60467384   0.60387662   0.60252622]
 [  0.8        -27.77198718 -22.19096517 -13.34826311  -1.92328102
    0.69902693   0.75951661   0.75485178   0.74967566   0.743062
    0.73614272   0.72895724   0.72136523   0.713442     0.7051109
    0.69657511   0.68796146   0.67882839   0.66964744   0.66054132
    0.65153377   0.64249772   0.63423815   0.62607011   0.61835019
    0.61114863   0.60448608   0.59840528   0.59294768   0.58825132
    0.58434604   0.58124376   0.57834633   0.57588249   0.5737518
    0.57191546   0.57031103   0.56897308   0.56792836   0.56716676
    0.56669099   0.56633334   0.56593582]
 [  0.8         28.12139689  23.04735306  14.52937985   3.43077069
    0.66930391   0.7510081    0.74498032   0.73805148   0.72935636
    0.72015978   0.71061657   0.70060437   0.69018505   0.67937211
    0.66830687   0.65727864   0.64595      0.63476844   0.62388568
    0.61355388   0.60371783   0.59467222   0.58630968   0.57869226
    0.5717859    0.56560447   0.56018541   0.55550024   0.55152041
    0.54824222   0.54577611   0.54352436   0.54166617   0.54007378
    0.53871712   0.53754691   0.53659026   0.53580755   0.53521374
    0.53480723   0.53452474   0.53432172]
 [  0.8        -21.9827507  -16.52447534  -8.01758865   0.93640067
    0.67792901   0.73605748   0.72928428   0.72045644   0.70936969
    0.69748568   0.68514825   0.67230065   0.65902429   0.6454258
    0.63169174   0.61816194   0.60485598   0.59200885   0.57987617
    0.56879479   0.55878495   0.54980321   0.54183492   0.53488457
    0.52878539   0.52354112   0.51911345   0.51545991   0.5124445
    0.51004609   0.50833928   0.50681543   0.50562385   0.50464045
    0.50383836   0.50317707   0.50267949   0.50229275   0.50203683
    0.5019082    0.50186225   0.50188788]
 [  0.8         22.82586323  17.87434995   9.69222603   1.13494955
    0.73633911   0.72506071   0.7184637    0.70756055   0.69411733
    0.67955414   0.66446726   0.64891034   0.63303242   0.61703095
    0.60117591   0.58584999   0.57130892   0.55771114   0.54526375
    0.53428401   0.52474818   0.51643794   0.50925231   0.5031568
    0.49791816   0.49352723   0.48988078   0.48694414   0.48453483
    0.48262818   0.48127161   0.48006073   0.47911455   0.47833294
    0.47769388   0.47716494   0.47676459   0.47644656   0.47622834
    0.47610662   0.47604663   0.47604547]
 [  0.8        -17.03220318 -11.69566072  -3.52415585   0.99441583
    0.80855177   0.70677452   0.70190266   0.68875829   0.67256996
    0.65490367   0.63666319   0.61808237   0.59944434   0.58106393
    0.56331845   0.54665294   0.53139453   0.51767673   0.50558902
    0.49535498   0.48680432   0.47959819   0.47354817   0.46856816
    0.46439386   0.4610086    0.45827622   0.45616857   0.45448551
    0.45320305   0.45234638   0.45159891   0.4510523    0.45062901
    0.45031175   0.45007578   0.44993532   0.44985245   0.44984151
    0.44989953   0.44999798   0.45013482]
 [  0.8         18.15055343  13.32058835   5.47937032   1.26388809
    0.90586883   0.69324582   0.69030885   0.67506667   0.6563929
    0.63597618   0.61502312   0.59400885   0.57337808   0.55355067
    0.53495523   0.51803616   0.503052     0.49004232   0.47895486
    0.46986108   0.46244174   0.45631196   0.45123279   0.44709213
    0.44364003   0.44085781   0.43860656   0.43686814   0.43546279
    0.43437052   0.43361323   0.43294312   0.43243292   0.43202319
    0.43170084   0.43144623   0.4312705    0.43114407   0.43107813
    0.43107037   0.43109837   0.43116087]
 [  0.8        -12.58744423  -7.37170572   0.36362463   0.9962381
    0.96641794   0.67826286   0.67319262   0.65583932   0.63428617
    0.61081511   0.58693878   0.56345092   0.54098838   0.52006029
    0.50109822   0.48447782   0.47028669   0.45839768   0.44862131
    0.44089318   0.43475874   0.42980746   0.42579006   0.4225809
    0.4199515    0.41788431   0.41625108   0.41503813   0.41408656
    0.4133797    0.41293153   0.41254927   0.41228935   0.41210562
    0.41198801   0.41192155   0.41191475   0.41194365   0.4120173
    0.41213372   0.41227431   0.41243754]
 [  0.8         13.8871372    9.17782296   1.96497877   1.35438187
    1.31775379   0.68248944   0.6615945    0.64230913   0.61844044
    0.59267911   0.56679967   0.5418957    0.51874836   0.49786197
    0.47956224   0.46405092   0.45119428   0.44068782   0.432237
    0.42567551   0.42050492   0.4163466    0.41296569   0.41024849
    0.40800489   0.40621951   0.40478288   0.40368659   0.40280256
    0.40211756   0.40164769   0.40123518   0.4009282    0.40068898
    0.40050945   0.40037683   0.40029824   0.40025356   0.4002504
    0.40028712   0.40034818   0.40043271]
 [  0.8         -8.48920785  -3.39341686   0.96937482   0.99654904
    0.99747401   0.71661577   0.64729873   0.62435266   0.59776655
    0.5695757    0.54175496   0.51565533   0.49215309   0.47167054
    0.45436554   0.44021148   0.42883435   0.41977191   0.41265682
    0.40726392   0.40308161   0.39976344   0.39710175   0.39499352
    0.39327815   0.39194243   0.39089417   0.39012631   0.38953099
    0.38909719   0.38883583   0.38862016   0.38848914   0.3884119
    0.38838187   0.38838881   0.38843845   0.38851319   0.38861968
    0.3887564    0.38890971   0.38907854]
 [  0.8          9.93026587   5.34505917   1.45496518   1.39932013
    1.37663897   0.85477609   0.64613305   0.61381996   0.5847429
    0.55507024   0.52649312   0.50039981   0.47760345   0.4583398
    0.44254079   0.42993728   0.41998373   0.41213658   0.40600994
    0.40136155   0.39772909   0.39482204   0.39246114   0.39056253
    0.38899592   0.38774964   0.38674668   0.38598224   0.38536878
    0.38489707   0.38457997   0.38430625   0.38411178   0.38396914
    0.38387257   0.38381254   0.38379428   0.3838015    0.38384036
    0.38390951   0.38399655   0.38410098]
 [  0.8         -4.65434658   0.26436342   0.99299952   0.9967975
    0.99765027   0.95379424   0.66417291   0.60424814   0.57007571
    0.53839178   0.50907678   0.48316774   0.46123434   0.44326136
    0.42895149   0.41781433   0.40917555   0.40245036   0.39725553
    0.39335222   0.39032224   0.38791511   0.3859782    0.38443912
    0.38318743   0.38221252   0.38144846   0.38089065   0.380463
    0.38015731   0.37998225   0.37984387   0.37977251   0.37974442
    0.3797546    0.37979494   0.37986992   0.37996424   0.38008369
    0.38022695   0.38038252   0.38054974]
 [  0.8          6.2323411    2.08891774   1.44014447   1.41257078
    1.39498738   1.3722566    0.73959637   0.6133884    0.56786456
    0.53334867   0.50373081   0.47860285   0.45793756   0.44138978
    0.42845137   0.41847408   0.41075127   0.40471624   0.40001587
    0.3964316    0.39360563   0.39132843   0.38946646   0.38795995
    0.38671469   0.38572062   0.38491931   0.38430716   0.38381787
    0.38344396   0.38319545   0.38298381   0.38283862   0.38273723
    0.38267486   0.38264352   0.38264756   0.38267189   0.38272221
    0.38279732   0.38288598   0.38298799]
 [  0.8         -1.09102684   0.94878523   0.99511868   0.99704823
    0.99784075   0.99835698   0.85119226   0.65245918   0.57653247
    0.5338909    0.50212471   0.47682914   0.45675825   0.44107456
    0.42903725   0.41984523   0.41276399   0.40723611   0.40292739
    0.39963432   0.39703324   0.39493654   0.393224     0.39184149
    0.39070328   0.38979956   0.38907627   0.38852976   0.38809792
    0.38777358   0.38756423   0.38738873   0.38727398   0.38719887
    0.38715888   0.38714665   0.38716623   0.38720272   0.38726174
    0.38734212   0.38743284   0.38753362]
 [  0.8          3.00262474   1.46028375   1.39496003   1.37501917
    1.36079791   1.3499695    1.25627933   0.75763398   0.61659829
    0.55595596   0.51818255   0.49052647   0.46953675   0.453544
    0.44146543   0.43228128   0.42519144   0.41961394   0.41521382
    0.41179164   0.40904087   0.40678478   0.4049069    0.40335693
    0.40205215   0.40098277   0.4000959    0.39938811   0.39879891
    0.39832115   0.39796428   0.39764376   0.39738824   0.39717568
    0.39700142   0.39685763   0.39674858   0.39665893   0.39659446
    0.39655405   0.39652629   0.39651121]
 [  0.8          0.80982149   0.98357296   0.99521258   0.99569955
    0.99559966   0.99579906   0.99602054   0.88034908   0.69194367
    0.60111715   0.54887517   0.51341685   0.48798896   0.46946413
    0.45602369   0.44606292   0.43847334   0.43252698   0.42783247
    0.42416587   0.42119779   0.41874333   0.41668232   0.41496276
    0.41349851   0.41227965   0.41125185   0.41041127   0.40969508
    0.40909584   0.40862356   0.40818922   0.407823     0.40750173
    0.40722057   0.40697132   0.40675843   0.40656609   0.40640027
    0.40625981   0.40613285   0.4060194 ]
 [  0.8          1.20853556   1.04499046   1.00453462   0.99069304
    0.98857102   0.98810817   0.98810056   0.95431987   0.79678878
    0.67667364   0.59958607   0.54869452   0.51406951   0.49037157
    0.47422314   0.46271672   0.45411955   0.44743182   0.44215528
    0.43801899   0.43464399   0.43182572   0.42943368   0.42741177
    0.42566615   0.42418671   0.42291566   0.42184871   0.42091852
    0.42011722   0.4194576    0.41884021   0.41829919   0.41780887
    0.41736399   0.41695543   0.41658811   0.4162454    0.41593357
    0.41565143   0.41538633   0.4151384 ]
 [  0.8          0.91890567   0.96305278   0.97864925   0.98121984
    0.97883089   0.97740444   0.97695415   0.97129933   0.88482685
    0.75443761   0.64935926   0.57984776   0.53461014   0.50538496
    0.48663381   0.47370526   0.4642223    0.45690593   0.45115341
    0.44665016   0.44296699   0.43987963   0.43724799   0.43501143
    0.43306884   0.43140993   0.4299737    0.42875538   0.42768339
    0.42674946   0.42596827   0.42523236   0.42457882   0.42398006
    0.4234305    0.42292035   0.42245488   0.42201682   0.4216127
    0.42124125   0.4208893    0.42055691]]
00:00:00.16 State variable velocity: yB
00:00:00.89 done
