Starting at 2022-06-19 03:45:53.405969
Args: ./test
00:00:00.00 time :[0.000e+00 2.000e-01 4.000e-01 ... 2.812e+02 2.814e+02 2.816e+02]
00:00:00.00 parameters: {'R': 8.314, 'nocomponents': 2, 'xnames': ['xA', 'xB'], 'ynames': ['yA', 'yB'], 'feed_yi': [0.2, 0.8], 'isomodel': 'Langmuir-Freundlich', 'bi': [0.0042, 0.0616], 'qsi': [2.5, 7.3], 'qs0': 7.3, 'ni': [1.006, 0.83], 'ki': [0.62, 0.197], 'Hi': [0, 0], 'mode': 1, 'bed': 1, 'N': 20, 'tstep': 0.2, 'adsorb': True, 'cycle_time': 36, 'vent_time': 23.04, 'Ta': 293.15, 'D': 0.083, 'L': 0.355, 'product_tank_volume': 0.002, 'epsilon': 0.37, 'epsilonp': 0.35, 'rp': 0.0007, 'tauprime': 3.0, 'input_orifice': 2.2, 'output_orifice': 1.4, 'product_orifice': 0.475, 'blowdown_orifice': 2.8, 'vent_orifice': 1.0, 'feed_pressure': 3.5, 'PI': 1, 'PL': 0.2, 'PH': 350000.0, 'product_pressure': 2, 'rho_s': 1130, 'rho_w': 7800, 'Cpg': 30.7, 'Cpa': 30.7, 'Cps': 1339, 'Cpw': 502, 'mu': 1.72e-05, 'Dm': 1.6e-05, 'gamma': 1.4, 'Kz': 0.09, 'Kw': 16, 'hin': 8.6, 'hout': 2.5, 'eta': 0.72, 'area': 0.005410607947645022, 'volume': 0.0019207658214139827, 'rin': 0.0415, 'rout': 0.2915, 'epst': 0.5873015873015873, 'epsb': 1.7027027027027026, 'cellsize': 0.01775, 'deltaZ': 0.05, 'container_vol': 0.0019207658214139827, 'vfeed': 1, 'norm_v0': 1, 'norm_t0': 0.355, 'norm_P0': 350000.0, 'norm_T0': 293, 'rho_g': 1.1898660666240475, 'Dp': 5.333333333333333e-06, 'lamda_pre': 0.5, 'lamda_blw': 0.5, 'lamda_eva': 0.5, 'tpre': 15, 'tads': 15, 'tblw': 30, 'teva': 40, 'norm_tpre': 42.25352112676057, 'norm_tads': 84.50704225352113, 'norm_tblw': 169.01408450704227, 'norm_tend': 281.69014084507046, 'DL': 0.00049}
00:00:00.00 State variable P: [[0.28571429 0.03538669 0.06868086 ... 0.63194099 0.63186915 0.63179733]
 [0.28571429 0.03637695 0.06895986 ... 0.63194208 0.63187024 0.63179841]
 [0.28571429 0.03729817 0.06921536 ... 0.6319431  0.63187126 0.63179944]
 ...
 [0.28571429 0.04457741 0.07131487 ... 0.63195161 0.63187977 0.63180795]
 [0.28571429 0.04466085 0.07133184 ... 0.63195172 0.63187988 0.63180806]
 [0.28571429 0.04470633 0.07134223 ... 0.63195178 0.63187994 0.63180812]]
00:00:00.00 State variable T: [[1.00051195 1.00051195 1.00051195 ... 1.00051195 1.00051195 1.00051195]
 [1.00051195 1.00051195 1.00051195 ... 1.00051195 1.00051195 1.00051195]
 [1.00051195 1.00051195 1.00051195 ... 1.00051195 1.00051195 1.00051195]
 ...
 [1.00051195 1.00051195 1.00051195 ... 1.00051195 1.00051195 1.00051195]
 [1.00051195 1.00051195 1.00051195 ... 1.00051195 1.00051195 1.00051195]
 [1.00051195 1.00051195 1.00051195 ... 1.00051195 1.00051195 1.00051195]]
00:00:00.01 State variable Tw: [[1. 1. 1. ... 1. 1. 1.]
 [1. 1. 1. ... 1. 1. 1.]
 [1. 1. 1. ... 1. 1. 1.]
 ...
 [1. 1. 1. ... 1. 1. 1.]
 [1. 1. 1. ... 1. 1. 1.]
 [1. 1. 1. ... 1. 1. 1.]]
00:00:00.01 State variable xA: [[2.70819390e-04 2.60080755e-04 2.48880331e-04 ... 9.96067034e-05
  9.95287565e-05 9.94508639e-05]
 [2.70819390e-04 2.68103068e-04 2.67856069e-04 ... 9.96688786e-05
  9.95907895e-05 9.95127551e-05]
 [2.70819390e-04 2.60015239e-04 2.48817636e-04 ... 9.97786776e-05
  9.97003375e-05 9.96220530e-05]
 ...
 [2.70819390e-04 2.70068513e-04 2.70645625e-04 ... 1.02324159e-04
  1.02240181e-04 1.02156266e-04]
 [2.70819390e-04 2.61015071e-04 2.49774410e-04 ... 1.02380881e-04
  1.02296705e-04 1.02212592e-04]
 [2.70819390e-04 2.64738528e-04 2.57747538e-04 ... 1.02409815e-04
  1.02325530e-04 1.02241308e-04]]
00:00:00.01 State variable xB: [[0.04865445 0.04816761 0.04770332 ... 0.10407976 0.10407282 0.10406588]
 [0.04865445 0.04803592 0.04736872 ... 0.10407776 0.10407083 0.10406389]
 [0.04865445 0.04819907 0.04773747 ... 0.10407411 0.10406719 0.10406026]
 ...
 [0.04865445 0.04809789 0.04742983 ... 0.10398459 0.10397789 0.10397119]
 [0.04865445 0.04826083 0.04781068 ... 0.10398278 0.10397608 0.10396938]
 [0.04865445 0.04820192 0.04768334 ... 0.10398179 0.10397509 0.1039684 ]]
00:00:00.01 State variable yA: [[ 2.00000000e-01 -2.05993177e+01 -2.25829155e+01 ...  3.48489638e-02
   3.48254920e-02  3.48020337e-02]
 [ 2.00000000e-01  7.90094392e+01  8.76909649e+01 ...  3.48697200e-02
   3.48462034e-02  3.48227005e-02]
 [ 2.00000000e-01 -6.79931590e+01 -7.71940387e+01 ...  3.49064202e-02
   3.48828248e-02  3.48592434e-02]
 ...
 [ 2.00000000e-01  4.52770600e+00  4.64565468e+00 ...  3.57588380e-02
   3.57334224e-02  3.57080235e-02]
 [ 2.00000000e-01 -3.05703800e+00 -3.69442916e+00 ...  3.57772635e-02
   3.57517919e-02  3.57263369e-02]
 [ 2.00000000e-01  4.86571500e-01  2.81790650e-01 ...  3.57865711e-02
   3.57610697e-02  3.57355853e-02]]
00:00:00.01 State variable yB: [[  0.8         21.59931773  23.58291548 ...   0.9651171    0.9651404
    0.96516369]
 [  0.8        -78.00943919 -86.6909649  ...   0.96509445   0.96511779
    0.96514112]
 [  0.8         68.99315896  78.19403873 ...   0.96505433   0.96507776
    0.96510118]
 ...
 [  0.8         -3.527706    -3.64565468 ...   0.9641285    0.96415408
    0.96417964]
 [  0.8          4.057038     4.69442915 ...   0.96410946   0.96413508
    0.96416069]
 [  0.8          0.5134285    0.71820935 ...   0.96409982   0.96412547
    0.96415111]]
00:00:00.10 State variable velocity: yB
00:00:00.10 done
