Starting at 2022-06-20 02:42:36.104590
Args: ./test
00:00:00.10 time :[42.25352113 43.25352113 44.25352113 45.25352113 46.25352113 47.25352113
 48.25352113 49.25352113 50.25352113 51.25352113 52.25352113 53.25352113
 54.25352113 55.25352113 56.25352113 57.25352113 58.25352113 59.25352113
 60.25352113 61.25352113 62.25352113 63.25352113 64.25352113 65.25352113
 66.25352113 67.25352113 68.25352113 69.25352113 70.25352113 71.25352113
 72.25352113 73.25352113 74.25352113 75.25352113 76.25352113 77.25352113
 78.25352113 79.25352113 80.25352113 81.25352113 82.25352113 83.25352113
 84.25352113]
00:00:00.10 parameters: {'R': 8.314, 'nocomponents': 2, 'xnames': ['xA', 'xB'], 'ynames': ['yA', 'yB'], 'feed_yi': [0.2, 0.8], 'isomodel': 'Langmuir-Freundlich', 'bi': [0.0042, 0.0616], 'qsi': [2.5, 7.3], 'qs0': 7.3, 'ni': [1.006, 0.83], 'ki': [0.62, 0.197], 'Hi': [0, 0], 'mode': 1, 'bed': 1, 'N': 20, 'tstep': 1, 'adsorb': True, 'Ta': 293.15, 'D': 0.083, 'L': 0.355, 'product_tank_volume': 0.002, 'epsilon': 0.37, 'epsilonp': 0.35, 'rp': 0.0007, 'tauprime': 3.0, 'input_orifice': 2.2, 'output_orifice': 1.4, 'product_orifice': 0.475, 'blowdown_orifice': 2.8, 'vent_orifice': 1.0, 'feed_pressure': 3.5, 'PI': 100000.0, 'PL': 25000.0, 'PH': 350000.0, 'product_pressure': 2, 'rho_s': 1130, 'rho_w': 7800, 'Cpg': 30.7, 'Cpa': 30.7, 'Cps': 1339, 'Cpw': 502, 'mu': 1.72e-05, 'Dm': 1.6e-05, 'gamma': 1.4, 'Kz': 0.09, 'Kw': 16, 'hin': 8.6, 'hout': 2.5, 'eta': 0.72, 'area': 0.005410607947645022, 'volume': 0.0019207658214139827, 'rin': 0.0415, 'rout': 0.2915, 'epst': 0.5873015873015873, 'epsb': 1.7027027027027026, 'cellsize': 0.01775, 'deltaZ': 0.049999999999999996, 'container_vol': 0.0019207658214139827, 'vfeed': 1, 'norm_v0': 1, 'norm_t0': 0.355, 'norm_P0': 350000.0, 'norm_T0': 293, 'rho_g': 1.1898660666240475, 'Dp': 5.333333333333333e-06, 'lamda_pre': 0.5, 'lamda_blw': 0.5, 'lamda_eva': 0.5, 'tpre': 15, 'tads': 15, 'tblw': 30, 'teva': 40, 'norm_tpre': 42.25352112676057, 'norm_tads': 84.50704225352113, 'norm_tblw': 169.01408450704227, 'norm_tend': 281.69014084507046, 'DL': 0.00049}
00:00:00.11 State variable P: [[1.00014532 1.00338886 1.00339729 1.00341546 1.00343367 1.00345172
  1.00346942 1.00348664 1.0035033  1.00351929 1.0035346  1.00354921
  1.00356311 1.00357632 1.0035888  1.00360062 1.00361177 1.00362227
  1.00363217 1.00364149 1.00365025 1.00365849 1.00366624 1.0036735
  1.00368032 1.00368672 1.00369271 1.00369833 1.0037036  1.00370853
  1.00371316 1.00371749 1.00372156 1.0037254  1.00372898 1.0037323
  1.00373539 1.00373831 1.00374105 1.00374358 1.00374596 1.00374821
  1.00375037]
 [1.00010697 1.00319624 1.00320463 1.00322275 1.00324091 1.00325891
  1.00327657 1.00329374 1.00331035 1.00332631 1.00334158 1.00335616
  1.00337003 1.0033832  1.00339566 1.00340745 1.00341857 1.00342905
  1.00343893 1.00344822 1.00345697 1.00346519 1.00347292 1.00348017
  1.00348697 1.00349335 1.00349933 1.00350494 1.0035102  1.00351512
  1.00351974 1.00352406 1.00352812 1.00353195 1.00353552 1.00353884
  1.00354192 1.00354484 1.00354757 1.0035501  1.00355247 1.00355472
  1.00355687]
 [1.00007016 1.00300485 1.00301312 1.00303112 1.00304917 1.00306706
  1.00308461 1.00310169 1.0031182  1.00313407 1.00314926 1.00316375
  1.00317754 1.00319065 1.00320304 1.00321477 1.00322583 1.00323625
  1.00324608 1.00325532 1.00326402 1.0032722  1.00327989 1.0032871
  1.00329387 1.00330022 1.00330617 1.00331175 1.00331698 1.00332188
  1.00332647 1.00333077 1.00333481 1.00333862 1.00334218 1.00334548
  1.00334854 1.00335144 1.00335417 1.00335668 1.00335904 1.00336127
  1.00336342]
 [1.00003474 1.00281479 1.00282287 1.00284069 1.00285856 1.00287627
  1.00289366 1.00291057 1.00292693 1.00294265 1.0029577  1.00297206
  1.00298573 1.00299872 1.003011   1.00302262 1.00303359 1.00304392
  1.00305366 1.00306283 1.00307145 1.00307957 1.00308718 1.00309433
  1.00310104 1.00310734 1.00311324 1.00311877 1.00312396 1.00312882
  1.00313337 1.00313764 1.00314165 1.00314542 1.00314895 1.00315222
  1.00315526 1.00315814 1.00316084 1.00316334 1.00316568 1.00316789
  1.00317002]
 [1.00000068 1.00262639 1.0026342  1.00265175 1.00266935 1.0026868
  1.00270394 1.00272062 1.00273675 1.00275226 1.0027671  1.00278127
  1.00279476 1.00280757 1.00281969 1.00283117 1.00284199 1.00285219
  1.0028618  1.00287085 1.00287936 1.00288737 1.00289489 1.00290195
  1.00290858 1.0029148  1.00292062 1.00292608 1.00293121 1.00293601
  1.0029405  1.00294472 1.00294867 1.00295241 1.00295589 1.00295912
  1.00296212 1.00296497 1.00296764 1.0029701  1.00297242 1.0029746
  1.00297671]
 [0.99996782 1.00243977 1.00244721 1.0024644  1.00248165 1.00249876
  1.00251557 1.00253193 1.00254776 1.00256298 1.00257755 1.00259146
  1.0026047  1.00261728 1.00262918 1.00264045 1.00265108 1.0026611
  1.00267054 1.00267943 1.0026878  1.00269567 1.00270306 1.00270999
  1.00271651 1.00272262 1.00272834 1.00273371 1.00273875 1.00274347
  1.00274788 1.00275203 1.00275592 1.00275958 1.00276301 1.00276619
  1.00276914 1.00277194 1.00277456 1.00277698 1.00277926 1.00278141
  1.00278348]
 [0.99993615 1.0022552  1.00226219 1.00227891 1.00229571 1.00231238
  1.00232876 1.00234472 1.00236016 1.002375   1.00238921 1.00240279
  1.00241571 1.00242799 1.00243961 1.00245061 1.00246099 1.00247077
  1.00248    1.00248868 1.00249685 1.00250454 1.00251176 1.00251853
  1.0025249  1.00253087 1.00253646 1.00254171 1.00254663 1.00255124
  1.00255556 1.00255961 1.00256341 1.002567   1.00257035 1.00257346
  1.00257634 1.00257908 1.00258164 1.00258401 1.00258624 1.00258834
  1.00259037]
 [0.99990552 1.0020728  1.00207922 1.00209538 1.00211162 1.00212775
  1.00214361 1.00215905 1.00217401 1.00218839 1.00220216 1.00221532
  1.00222785 1.00223976 1.00225103 1.0022617  1.00227177 1.00228126
  1.00229021 1.00229863 1.00230656 1.00231402 1.00232103 1.00232761
  1.00233379 1.00233958 1.00234502 1.00235011 1.00235489 1.00235937
  1.00236356 1.00236749 1.00237119 1.00237467 1.00237792 1.00238094
  1.00238375 1.0023864  1.0023889  1.0023912  1.00239336 1.0023954
  1.00239738]
 [0.99987593 1.00189278 1.00189853 1.00191401 1.00192958 1.00194506
  1.00196028 1.00197512 1.00198949 1.00200331 1.00201655 1.0020292
  1.00204125 1.00205271 1.00206355 1.00207382 1.00208351 1.00209265
  1.00210126 1.00210937 1.00211701 1.00212419 1.00213094 1.00213728
  1.00214323 1.00214882 1.00215405 1.00215896 1.00216357 1.00216788
  1.00217192 1.00217571 1.00217927 1.00218263 1.00218577 1.00218868
  1.00219138 1.00219394 1.00219635 1.00219857 1.00220066 1.00220263
  1.00220453]
 [0.99984723 1.0017152  1.00172017 1.00173487 1.00174966 1.00176437
  1.00177885 1.00179297 1.00180665 1.00181981 1.00183242 1.00184448
  1.00185597 1.00186689 1.00187723 1.00188702 1.00189627 1.00190498
  1.0019132  1.00192094 1.00192823 1.00193509 1.00194153 1.00194758
  1.00195326 1.0019586  1.0019636  1.00196829 1.00197268 1.00197681
  1.00198067 1.00198429 1.00198769 1.0019909  1.0019939  1.00199668
  1.00199926 1.00200171 1.00200401 1.00200613 1.00200813 1.00201001
  1.00201184]
 [0.99981942 1.00154023 1.00154432 1.00155811 1.001572   1.00158583
  1.00159945 1.00161273 1.00162561 1.00163801 1.0016499  1.00166127
  1.00167209 1.0016824  1.00169215 1.00170139 1.00171011 1.00171833
  1.0017261  1.0017334  1.00174028 1.00174676 1.00175285 1.00175856
  1.00176393 1.00176897 1.00177369 1.00177812 1.00178228 1.00178618
  1.00178983 1.00179325 1.00179647 1.0017995  1.00180234 1.00180497
  1.00180741 1.00180973 1.0018119  1.00181391 1.0018158  1.00181758
  1.00181931]
 [0.99979238 1.00136786 1.00137099 1.00138375 1.00139663 1.00140946
  1.0014221  1.00143444 1.00144642 1.00145794 1.001469   1.00147958
  1.00148966 1.00149925 1.00150833 1.00151694 1.00152507 1.00153273
  1.00153997 1.00154678 1.00155319 1.00155923 1.00156491 1.00157024
  1.00157525 1.00157995 1.00158436 1.00158849 1.00159237 1.00159601
  1.00159942 1.00160262 1.00160562 1.00160845 1.0016111  1.00161356
  1.00161584 1.001618   1.00162004 1.00162191 1.00162368 1.00162534
  1.00162696]
 [0.99976609 1.00119817 1.00120029 1.00121191 1.00122365 1.00123536
  1.0012469  1.00125819 1.00126914 1.00127969 1.00128981 1.0012995
  1.00130873 1.00131752 1.00132585 1.00133374 1.0013412  1.00134823
  1.00135487 1.00136112 1.00136701 1.00137255 1.00137776 1.00138266
  1.00138726 1.00139158 1.00139563 1.00139943 1.00140299 1.00140633
  1.00140947 1.0014124  1.00141516 1.00141777 1.0014202  1.00142246
  1.00142456 1.00142655 1.00142842 1.00143015 1.00143177 1.00143331
  1.0014348 ]
 [0.99974045 1.00103111 1.00103218 1.00104254 1.00105303 1.00106351
  1.00107385 1.00108396 1.00109378 1.00110324 1.00111233 1.00112103
  1.00112932 1.00113722 1.00114471 1.0011518  1.00115851 1.00116483
  1.0011708  1.00117643 1.00118173 1.00118672 1.00119141 1.00119582
  1.00119996 1.00120385 1.0012075  1.00121093 1.00121414 1.00121715
  1.00121998 1.00122263 1.00122511 1.00122746 1.00122966 1.0012317
  1.00123359 1.00123538 1.00123707 1.00123863 1.00124009 1.00124148
  1.00124283]
 [0.99971544 1.00086664 1.00086669 1.0008757  1.00088483 1.00089395
  1.00090297 1.0009118  1.00092037 1.00092865 1.00093659 1.0009442
  1.00095146 1.00095838 1.00096493 1.00097115 1.00097702 1.00098257
  1.0009878  1.00099274 1.00099739 1.00100176 1.00100588 1.00100975
  1.00101339 1.0010168  1.00102001 1.00102302 1.00102584 1.00102848
  1.00103097 1.00103329 1.00103548 1.00103754 1.00103947 1.00104127
  1.00104293 1.00104451 1.00104599 1.00104736 1.00104865 1.00104987
  1.00105107]
 [0.99969097 1.00070462 1.00070376 1.0007113  1.00071896 1.00072664
  1.00073422 1.00074166 1.00074889 1.00075586 1.00076257 1.000769
  1.00077513 1.00078097 1.00078651 1.00079177 1.00079674 1.00080143
  1.00080586 1.00081004 1.00081397 1.00081768 1.00082117 1.00082445
  1.00082753 1.00083043 1.00083314 1.00083569 1.00083809 1.00084033
  1.00084243 1.00084441 1.00084626 1.00084802 1.00084965 1.00085117
  1.00085258 1.00085392 1.00085519 1.00085635 1.00085745 1.00085848
  1.00085951]
 [0.99966701 1.00054488 1.00054332 1.00054931 1.00055541 1.00056153
  1.00056759 1.00057352 1.0005793  1.00058489 1.00059026 1.0005954
  1.00060032 1.000605   1.00060945 1.00061367 1.00061765 1.00062142
  1.00062498 1.00062833 1.0006315  1.00063448 1.00063728 1.00063992
  1.0006424  1.00064472 1.00064691 1.00064896 1.00065089 1.00065269
  1.00065439 1.00065598 1.00065747 1.00065888 1.0006602  1.00066143
  1.00066256 1.00066364 1.00066466 1.0006656  1.00066648 1.00066732
  1.00066816]
 [0.99964348 1.00038716 1.00038526 1.00038962 1.00039407 1.00039854
  1.00040297 1.00040732 1.00041155 1.00041565 1.00041959 1.00042337
  1.00042698 1.00043043 1.0004337  1.0004368  1.00043974 1.00044251
  1.00044513 1.0004476  1.00044993 1.00045213 1.0004542  1.00045614
  1.00045797 1.00045969 1.0004613  1.00046281 1.00046423 1.00046557
  1.00046682 1.00046799 1.0004691  1.00047014 1.00047111 1.00047202
  1.00047286 1.00047365 1.00047441 1.0004751  1.00047576 1.00047637
  1.00047701]
 [0.9996203  1.00023119 1.00022946 1.00023213 1.00023484 1.00023758
  1.0002403  1.00024297 1.00024558 1.0002481  1.00025053 1.00025286
  1.00025509 1.00025721 1.00025923 1.00026115 1.00026296 1.00026467
  1.00026629 1.00026782 1.00026926 1.00027062 1.0002719  1.00027311
  1.00027424 1.0002753  1.0002763  1.00027724 1.00027812 1.00027895
  1.00027972 1.00028045 1.00028113 1.00028178 1.00028239 1.00028295
  1.00028346 1.00028396 1.00028443 1.00028486 1.00028527 1.00028565
  1.00028607]
 [0.99959741 1.00007667 1.00007581 1.00007671 1.00007764 1.00007857
  1.0000795  1.00008042 1.00008131 1.00008217 1.00008301 1.00008381
  1.00008458 1.00008531 1.00008601 1.00008667 1.00008729 1.00008788
  1.00008844 1.00008897 1.00008947 1.00008994 1.00009038 1.0000908
  1.00009119 1.00009156 1.00009191 1.00009223 1.00009254 1.00009282
  1.00009309 1.00009334 1.00009358 1.00009381 1.00009402 1.00009421
  1.00009439 1.00009455 1.00009473 1.00009488 1.00009502 1.00009515
  1.00009534]]
00:00:00.12 State variable T: [[1.00051195 1.00051195 1.00051195 1.00051195 1.00051195 1.00051195
  1.00051195 1.00051195 1.00051195 1.00051195 1.00051195 1.00051195
  1.00051195 1.00051195 1.00051195 1.00051195 1.00051195 1.00051195
  1.00051195 1.00051195 1.00051195 1.00051195 1.00051195 1.00051195
  1.00051195 1.00051195 1.00051195 1.00051195 1.00051195 1.00051195
  1.00051195 1.00051195 1.00051195 1.00051195 1.00051195 1.00051195
  1.00051195 1.00051195 1.00051195 1.00051195 1.00051195 1.00051195
  1.00051195]
 [1.00051195 1.00051195 1.00051195 1.00051195 1.00051195 1.00051195
  1.00051195 1.00051195 1.00051195 1.00051195 1.00051195 1.00051195
  1.00051195 1.00051195 1.00051195 1.00051195 1.00051195 1.00051195
  1.00051195 1.00051195 1.00051195 1.00051195 1.00051195 1.00051195
  1.00051195 1.00051195 1.00051195 1.00051195 1.00051195 1.00051195
  1.00051195 1.00051195 1.00051195 1.00051195 1.00051195 1.00051195
  1.00051195 1.00051195 1.00051195 1.00051195 1.00051195 1.00051195
  1.00051195]
 [1.00051195 1.00051195 1.00051195 1.00051195 1.00051195 1.00051195
  1.00051195 1.00051195 1.00051195 1.00051195 1.00051195 1.00051195
  1.00051195 1.00051195 1.00051195 1.00051195 1.00051195 1.00051195
  1.00051195 1.00051195 1.00051195 1.00051195 1.00051195 1.00051195
  1.00051195 1.00051195 1.00051195 1.00051195 1.00051195 1.00051195
  1.00051195 1.00051195 1.00051195 1.00051195 1.00051195 1.00051195
  1.00051195 1.00051195 1.00051195 1.00051195 1.00051195 1.00051195
  1.00051195]
 [1.00051195 1.00051195 1.00051195 1.00051195 1.00051195 1.00051195
  1.00051195 1.00051195 1.00051195 1.00051195 1.00051195 1.00051195
  1.00051195 1.00051195 1.00051195 1.00051195 1.00051195 1.00051195
  1.00051195 1.00051195 1.00051195 1.00051195 1.00051195 1.00051195
  1.00051195 1.00051195 1.00051195 1.00051195 1.00051195 1.00051195
  1.00051195 1.00051195 1.00051195 1.00051195 1.00051195 1.00051195
  1.00051195 1.00051195 1.00051195 1.00051195 1.00051195 1.00051195
  1.00051195]
 [1.00051195 1.00051195 1.00051195 1.00051195 1.00051195 1.00051195
  1.00051195 1.00051195 1.00051195 1.00051195 1.00051195 1.00051195
  1.00051195 1.00051195 1.00051195 1.00051195 1.00051195 1.00051195
  1.00051195 1.00051195 1.00051195 1.00051195 1.00051195 1.00051195
  1.00051195 1.00051195 1.00051195 1.00051195 1.00051195 1.00051195
  1.00051195 1.00051195 1.00051195 1.00051195 1.00051195 1.00051195
  1.00051195 1.00051195 1.00051195 1.00051195 1.00051195 1.00051195
  1.00051195]
 [1.00051195 1.00051195 1.00051195 1.00051195 1.00051195 1.00051195
  1.00051195 1.00051195 1.00051195 1.00051195 1.00051195 1.00051195
  1.00051195 1.00051195 1.00051195 1.00051195 1.00051195 1.00051195
  1.00051195 1.00051195 1.00051195 1.00051195 1.00051195 1.00051195
  1.00051195 1.00051195 1.00051195 1.00051195 1.00051195 1.00051195
  1.00051195 1.00051195 1.00051195 1.00051195 1.00051195 1.00051195
  1.00051195 1.00051195 1.00051195 1.00051195 1.00051195 1.00051195
  1.00051195]
 [1.00051195 1.00051195 1.00051195 1.00051195 1.00051195 1.00051195
  1.00051195 1.00051195 1.00051195 1.00051195 1.00051195 1.00051195
  1.00051195 1.00051195 1.00051195 1.00051195 1.00051195 1.00051195
  1.00051195 1.00051195 1.00051195 1.00051195 1.00051195 1.00051195
  1.00051195 1.00051195 1.00051195 1.00051195 1.00051195 1.00051195
  1.00051195 1.00051195 1.00051195 1.00051195 1.00051195 1.00051195
  1.00051195 1.00051195 1.00051195 1.00051195 1.00051195 1.00051195
  1.00051195]
 [1.00051195 1.00051195 1.00051195 1.00051195 1.00051195 1.00051195
  1.00051195 1.00051195 1.00051195 1.00051195 1.00051195 1.00051195
  1.00051195 1.00051195 1.00051195 1.00051195 1.00051195 1.00051195
  1.00051195 1.00051195 1.00051195 1.00051195 1.00051195 1.00051195
  1.00051195 1.00051195 1.00051195 1.00051195 1.00051195 1.00051195
  1.00051195 1.00051195 1.00051195 1.00051195 1.00051195 1.00051195
  1.00051195 1.00051195 1.00051195 1.00051195 1.00051195 1.00051195
  1.00051195]
 [1.00051195 1.00051195 1.00051195 1.00051195 1.00051195 1.00051195
  1.00051195 1.00051195 1.00051195 1.00051195 1.00051195 1.00051195
  1.00051195 1.00051195 1.00051195 1.00051195 1.00051195 1.00051195
  1.00051195 1.00051195 1.00051195 1.00051195 1.00051195 1.00051195
  1.00051195 1.00051195 1.00051195 1.00051195 1.00051195 1.00051195
  1.00051195 1.00051195 1.00051195 1.00051195 1.00051195 1.00051195
  1.00051195 1.00051195 1.00051195 1.00051195 1.00051195 1.00051195
  1.00051195]
 [1.00051195 1.00051195 1.00051195 1.00051195 1.00051195 1.00051195
  1.00051195 1.00051195 1.00051195 1.00051195 1.00051195 1.00051195
  1.00051195 1.00051195 1.00051195 1.00051195 1.00051195 1.00051195
  1.00051195 1.00051195 1.00051195 1.00051195 1.00051195 1.00051195
  1.00051195 1.00051195 1.00051195 1.00051195 1.00051195 1.00051195
  1.00051195 1.00051195 1.00051195 1.00051195 1.00051195 1.00051195
  1.00051195 1.00051195 1.00051195 1.00051195 1.00051195 1.00051195
  1.00051195]
 [1.00051195 1.00051195 1.00051195 1.00051195 1.00051195 1.00051195
  1.00051195 1.00051195 1.00051195 1.00051195 1.00051195 1.00051195
  1.00051195 1.00051195 1.00051195 1.00051195 1.00051195 1.00051195
  1.00051195 1.00051195 1.00051195 1.00051195 1.00051195 1.00051195
  1.00051195 1.00051195 1.00051195 1.00051195 1.00051195 1.00051195
  1.00051195 1.00051195 1.00051195 1.00051195 1.00051195 1.00051195
  1.00051195 1.00051195 1.00051195 1.00051195 1.00051195 1.00051195
  1.00051195]
 [1.00051195 1.00051195 1.00051195 1.00051195 1.00051195 1.00051195
  1.00051195 1.00051195 1.00051195 1.00051195 1.00051195 1.00051195
  1.00051195 1.00051195 1.00051195 1.00051195 1.00051195 1.00051195
  1.00051195 1.00051195 1.00051195 1.00051195 1.00051195 1.00051195
  1.00051195 1.00051195 1.00051195 1.00051195 1.00051195 1.00051195
  1.00051195 1.00051195 1.00051195 1.00051195 1.00051195 1.00051195
  1.00051195 1.00051195 1.00051195 1.00051195 1.00051195 1.00051195
  1.00051195]
 [1.00051195 1.00051195 1.00051195 1.00051195 1.00051195 1.00051195
  1.00051195 1.00051195 1.00051195 1.00051195 1.00051195 1.00051195
  1.00051195 1.00051195 1.00051195 1.00051195 1.00051195 1.00051195
  1.00051195 1.00051195 1.00051195 1.00051195 1.00051195 1.00051195
  1.00051195 1.00051195 1.00051195 1.00051195 1.00051195 1.00051195
  1.00051195 1.00051195 1.00051195 1.00051195 1.00051195 1.00051195
  1.00051195 1.00051195 1.00051195 1.00051195 1.00051195 1.00051195
  1.00051195]
 [1.00051195 1.00051195 1.00051195 1.00051195 1.00051195 1.00051195
  1.00051195 1.00051195 1.00051195 1.00051195 1.00051195 1.00051195
  1.00051195 1.00051195 1.00051195 1.00051195 1.00051195 1.00051195
  1.00051195 1.00051195 1.00051195 1.00051195 1.00051195 1.00051195
  1.00051195 1.00051195 1.00051195 1.00051195 1.00051195 1.00051195
  1.00051195 1.00051195 1.00051195 1.00051195 1.00051195 1.00051195
  1.00051195 1.00051195 1.00051195 1.00051195 1.00051195 1.00051195
  1.00051195]
 [1.00051195 1.00051195 1.00051195 1.00051195 1.00051195 1.00051195
  1.00051195 1.00051195 1.00051195 1.00051195 1.00051195 1.00051195
  1.00051195 1.00051195 1.00051195 1.00051195 1.00051195 1.00051195
  1.00051195 1.00051195 1.00051195 1.00051195 1.00051195 1.00051195
  1.00051195 1.00051195 1.00051195 1.00051195 1.00051195 1.00051195
  1.00051195 1.00051195 1.00051195 1.00051195 1.00051195 1.00051195
  1.00051195 1.00051195 1.00051195 1.00051195 1.00051195 1.00051195
  1.00051195]
 [1.00051195 1.00051195 1.00051195 1.00051195 1.00051195 1.00051195
  1.00051195 1.00051195 1.00051195 1.00051195 1.00051195 1.00051195
  1.00051195 1.00051195 1.00051195 1.00051195 1.00051195 1.00051195
  1.00051195 1.00051195 1.00051195 1.00051195 1.00051195 1.00051195
  1.00051195 1.00051195 1.00051195 1.00051195 1.00051195 1.00051195
  1.00051195 1.00051195 1.00051195 1.00051195 1.00051195 1.00051195
  1.00051195 1.00051195 1.00051195 1.00051195 1.00051195 1.00051195
  1.00051195]
 [1.00051195 1.00051195 1.00051195 1.00051195 1.00051195 1.00051195
  1.00051195 1.00051195 1.00051195 1.00051195 1.00051195 1.00051195
  1.00051195 1.00051195 1.00051195 1.00051195 1.00051195 1.00051195
  1.00051195 1.00051195 1.00051195 1.00051195 1.00051195 1.00051195
  1.00051195 1.00051195 1.00051195 1.00051195 1.00051195 1.00051195
  1.00051195 1.00051195 1.00051195 1.00051195 1.00051195 1.00051195
  1.00051195 1.00051195 1.00051195 1.00051195 1.00051195 1.00051195
  1.00051195]
 [1.00051195 1.00051195 1.00051195 1.00051195 1.00051195 1.00051195
  1.00051195 1.00051195 1.00051195 1.00051195 1.00051195 1.00051195
  1.00051195 1.00051195 1.00051195 1.00051195 1.00051195 1.00051195
  1.00051195 1.00051195 1.00051195 1.00051195 1.00051195 1.00051195
  1.00051195 1.00051195 1.00051195 1.00051195 1.00051195 1.00051195
  1.00051195 1.00051195 1.00051195 1.00051195 1.00051195 1.00051195
  1.00051195 1.00051195 1.00051195 1.00051195 1.00051195 1.00051195
  1.00051195]
 [1.00051195 1.00051195 1.00051195 1.00051195 1.00051195 1.00051195
  1.00051195 1.00051195 1.00051195 1.00051195 1.00051195 1.00051195
  1.00051195 1.00051195 1.00051195 1.00051195 1.00051195 1.00051195
  1.00051195 1.00051195 1.00051195 1.00051195 1.00051195 1.00051195
  1.00051195 1.00051195 1.00051195 1.00051195 1.00051195 1.00051195
  1.00051195 1.00051195 1.00051195 1.00051195 1.00051195 1.00051195
  1.00051195 1.00051195 1.00051195 1.00051195 1.00051195 1.00051195
  1.00051195]
 [1.00051195 1.00051195 1.00051195 1.00051195 1.00051195 1.00051195
  1.00051195 1.00051195 1.00051195 1.00051195 1.00051195 1.00051195
  1.00051195 1.00051195 1.00051195 1.00051195 1.00051195 1.00051195
  1.00051195 1.00051195 1.00051195 1.00051195 1.00051195 1.00051195
  1.00051195 1.00051195 1.00051195 1.00051195 1.00051195 1.00051195
  1.00051195 1.00051195 1.00051195 1.00051195 1.00051195 1.00051195
  1.00051195 1.00051195 1.00051195 1.00051195 1.00051195 1.00051195
  1.00051195]]
00:00:00.12 State variable Tw: [[1. 1. 1. 1. 1. 1. 1. 1. 1. 1. 1. 1. 1. 1. 1. 1. 1. 1. 1. 1. 1. 1. 1. 1.
  1. 1. 1. 1. 1. 1. 1. 1. 1. 1. 1. 1. 1. 1. 1. 1. 1. 1. 1.]
 [1. 1. 1. 1. 1. 1. 1. 1. 1. 1. 1. 1. 1. 1. 1. 1. 1. 1. 1. 1. 1. 1. 1. 1.
  1. 1. 1. 1. 1. 1. 1. 1. 1. 1. 1. 1. 1. 1. 1. 1. 1. 1. 1.]
 [1. 1. 1. 1. 1. 1. 1. 1. 1. 1. 1. 1. 1. 1. 1. 1. 1. 1. 1. 1. 1. 1. 1. 1.
  1. 1. 1. 1. 1. 1. 1. 1. 1. 1. 1. 1. 1. 1. 1. 1. 1. 1. 1.]
 [1. 1. 1. 1. 1. 1. 1. 1. 1. 1. 1. 1. 1. 1. 1. 1. 1. 1. 1. 1. 1. 1. 1. 1.
  1. 1. 1. 1. 1. 1. 1. 1. 1. 1. 1. 1. 1. 1. 1. 1. 1. 1. 1.]
 [1. 1. 1. 1. 1. 1. 1. 1. 1. 1. 1. 1. 1. 1. 1. 1. 1. 1. 1. 1. 1. 1. 1. 1.
  1. 1. 1. 1. 1. 1. 1. 1. 1. 1. 1. 1. 1. 1. 1. 1. 1. 1. 1.]
 [1. 1. 1. 1. 1. 1. 1. 1. 1. 1. 1. 1. 1. 1. 1. 1. 1. 1. 1. 1. 1. 1. 1. 1.
  1. 1. 1. 1. 1. 1. 1. 1. 1. 1. 1. 1. 1. 1. 1. 1. 1. 1. 1.]
 [1. 1. 1. 1. 1. 1. 1. 1. 1. 1. 1. 1. 1. 1. 1. 1. 1. 1. 1. 1. 1. 1. 1. 1.
  1. 1. 1. 1. 1. 1. 1. 1. 1. 1. 1. 1. 1. 1. 1. 1. 1. 1. 1.]
 [1. 1. 1. 1. 1. 1. 1. 1. 1. 1. 1. 1. 1. 1. 1. 1. 1. 1. 1. 1. 1. 1. 1. 1.
  1. 1. 1. 1. 1. 1. 1. 1. 1. 1. 1. 1. 1. 1. 1. 1. 1. 1. 1.]
 [1. 1. 1. 1. 1. 1. 1. 1. 1. 1. 1. 1. 1. 1. 1. 1. 1. 1. 1. 1. 1. 1. 1. 1.
  1. 1. 1. 1. 1. 1. 1. 1. 1. 1. 1. 1. 1. 1. 1. 1. 1. 1. 1.]
 [1. 1. 1. 1. 1. 1. 1. 1. 1. 1. 1. 1. 1. 1. 1. 1. 1. 1. 1. 1. 1. 1. 1. 1.
  1. 1. 1. 1. 1. 1. 1. 1. 1. 1. 1. 1. 1. 1. 1. 1. 1. 1. 1.]
 [1. 1. 1. 1. 1. 1. 1. 1. 1. 1. 1. 1. 1. 1. 1. 1. 1. 1. 1. 1. 1. 1. 1. 1.
  1. 1. 1. 1. 1. 1. 1. 1. 1. 1. 1. 1. 1. 1. 1. 1. 1. 1. 1.]
 [1. 1. 1. 1. 1. 1. 1. 1. 1. 1. 1. 1. 1. 1. 1. 1. 1. 1. 1. 1. 1. 1. 1. 1.
  1. 1. 1. 1. 1. 1. 1. 1. 1. 1. 1. 1. 1. 1. 1. 1. 1. 1. 1.]
 [1. 1. 1. 1. 1. 1. 1. 1. 1. 1. 1. 1. 1. 1. 1. 1. 1. 1. 1. 1. 1. 1. 1. 1.
  1. 1. 1. 1. 1. 1. 1. 1. 1. 1. 1. 1. 1. 1. 1. 1. 1. 1. 1.]
 [1. 1. 1. 1. 1. 1. 1. 1. 1. 1. 1. 1. 1. 1. 1. 1. 1. 1. 1. 1. 1. 1. 1. 1.
  1. 1. 1. 1. 1. 1. 1. 1. 1. 1. 1. 1. 1. 1. 1. 1. 1. 1. 1.]
 [1. 1. 1. 1. 1. 1. 1. 1. 1. 1. 1. 1. 1. 1. 1. 1. 1. 1. 1. 1. 1. 1. 1. 1.
  1. 1. 1. 1. 1. 1. 1. 1. 1. 1. 1. 1. 1. 1. 1. 1. 1. 1. 1.]
 [1. 1. 1. 1. 1. 1. 1. 1. 1. 1. 1. 1. 1. 1. 1. 1. 1. 1. 1. 1. 1. 1. 1. 1.
  1. 1. 1. 1. 1. 1. 1. 1. 1. 1. 1. 1. 1. 1. 1. 1. 1. 1. 1.]
 [1. 1. 1. 1. 1. 1. 1. 1. 1. 1. 1. 1. 1. 1. 1. 1. 1. 1. 1. 1. 1. 1. 1. 1.
  1. 1. 1. 1. 1. 1. 1. 1. 1. 1. 1. 1. 1. 1. 1. 1. 1. 1. 1.]
 [1. 1. 1. 1. 1. 1. 1. 1. 1. 1. 1. 1. 1. 1. 1. 1. 1. 1. 1. 1. 1. 1. 1. 1.
  1. 1. 1. 1. 1. 1. 1. 1. 1. 1. 1. 1. 1. 1. 1. 1. 1. 1. 1.]
 [1. 1. 1. 1. 1. 1. 1. 1. 1. 1. 1. 1. 1. 1. 1. 1. 1. 1. 1. 1. 1. 1. 1. 1.
  1. 1. 1. 1. 1. 1. 1. 1. 1. 1. 1. 1. 1. 1. 1. 1. 1. 1. 1.]
 [1. 1. 1. 1. 1. 1. 1. 1. 1. 1. 1. 1. 1. 1. 1. 1. 1. 1. 1. 1. 1. 1. 1. 1.
  1. 1. 1. 1. 1. 1. 1. 1. 1. 1. 1. 1. 1. 1. 1. 1. 1. 1. 1.]]
00:00:00.13 State variable xA: [[0.00139784 0.00130207 0.00121957 0.0011532  0.0010996  0.0010566
  0.00102213 0.0009945  0.00097242 0.00095456 0.00094013 0.00092853
  0.00091916 0.00091176 0.00090561 0.00090081 0.00089683 0.00089354
  0.00089093 0.0008887  0.00088695 0.00088549 0.00088434 0.00088344
  0.00088268 0.00088201 0.00088153 0.00088112 0.00088073 0.0008804
  0.00088016 0.00087993 0.00087971 0.00087954 0.00087939 0.00087927
  0.00087918 0.00087911 0.00087903 0.00087897 0.00087892 0.00087887
  0.00087882]
 [0.00157878 0.00145574 0.00134451 0.00125491 0.00118245 0.00112422
  0.00107746 0.00103991 0.00100983 0.00098545 0.00096571 0.00094978
  0.00093689 0.00092664 0.00091812 0.00091142 0.00090585 0.00090122
  0.00089752 0.00089434 0.00089183 0.00088972 0.00088803 0.0008867
  0.00088557 0.00088455 0.0008838  0.00088316 0.00088256 0.00088204
  0.00088163 0.00088126 0.0008809  0.0008806  0.00088035 0.00088014
  0.00087997 0.00087982 0.00087969 0.00087956 0.00087945 0.00087936
  0.00087927]
 [0.0017479  0.00160153 0.0014634  0.00135201 0.00126182 0.00118924
  0.00113088 0.00108394 0.00104627 0.00101568 0.00099086 0.00097079
  0.00095451 0.00094153 0.00093071 0.00092216 0.00091504 0.00090911
  0.00090433 0.00090022 0.00089695 0.00089418 0.00089196 0.00089019
  0.00088867 0.0008873  0.00088628 0.00088539 0.00088457 0.00088384
  0.00088327 0.00088274 0.00088223 0.00088181 0.00088144 0.00088113
  0.00088087 0.00088065 0.00088044 0.00088025 0.00088008 0.00087993
  0.00087979]
 [0.001934   0.00176297 0.00159531 0.00145998 0.00135028 0.00126189
  0.00119074 0.00113341 0.00108734 0.00104987 0.00101942 0.00099474
  0.00097468 0.00095864 0.00094525 0.00093462 0.00092575 0.00091833
  0.00091233 0.00090716 0.00090302 0.00089951 0.00089667 0.00089438
  0.00089242 0.00089065 0.0008893  0.00088813 0.00088703 0.00088607
  0.00088529 0.00088458 0.0008839  0.00088332 0.00088282 0.00088239
  0.00088202 0.0008817  0.0008814  0.00088113 0.00088089 0.00088067
  0.00088047]
 [0.00209089 0.00190264 0.00171005 0.00155443 0.00142815 0.00132627
  0.00124414 0.00117788 0.00112454 0.00108108 0.0010457  0.00101697
  0.00099357 0.00097481 0.00095911 0.00094662 0.00093615 0.00092738
  0.00092026 0.00091411 0.00090915 0.00090494 0.0009015  0.00089872
  0.00089632 0.00089415 0.00089248 0.00089102 0.00088965 0.00088845
  0.00088747 0.00088657 0.0008857  0.00088497 0.00088432 0.00088376
  0.00088329 0.00088286 0.00088247 0.00088212 0.0008818  0.0008815
  0.00088123]
 [0.00225655 0.00205125 0.00183244 0.00165544 0.00151166 0.00139552
  0.00130177 0.00122602 0.00116494 0.00111511 0.00107446 0.0010414
  0.00101441 0.00099271 0.00097452 0.00095999 0.0009478  0.00093755
  0.00092919 0.00092197 0.00091612 0.00091112 0.00090703 0.0009037
  0.0009008  0.00089819 0.00089616 0.00089437 0.0008927  0.00089123
  0.00089001 0.00088889 0.00088782 0.0008869  0.00088609 0.00088539
  0.00088479 0.00088424 0.00088374 0.00088329 0.00088288 0.0008825
  0.00088215]
 [0.00238488 0.00217131 0.00193222 0.00173858 0.00158108 0.00145368
  0.00135068 0.00126733 0.0012     0.00114497 0.0011     0.00106334
  0.00103335 0.00100917 0.00098886 0.00097257 0.00095887 0.00094732
  0.00093787 0.00092968 0.00092301 0.0009173  0.0009126  0.00090874
  0.00090538 0.00090235 0.00089996 0.00089785 0.00089588 0.00089414
  0.00089268 0.00089135 0.00089007 0.00088897 0.00088799 0.00088714
  0.0008864  0.00088573 0.00088512 0.00088456 0.00088405 0.00088358
  0.00088314]
 [0.00251854 0.00229727 0.00203719 0.00182628 0.00165452 0.00151539
  0.00140274 0.00131143 0.00123754 0.00117704 0.00112751 0.00108705
  0.00105388 0.00102706 0.00100449 0.00098632 0.000971   0.00095806
  0.00094742 0.00093818 0.00093063 0.00092415 0.00091878 0.00091435
  0.00091049 0.00090699 0.00090421 0.00090174 0.00089945 0.0008974
  0.00089569 0.00089411 0.00089261 0.0008913  0.00089013 0.00088912
  0.00088823 0.00088742 0.00088667 0.000886   0.00088538 0.00088481
  0.00088428]
 [0.0026126  0.00239251 0.00211781 0.00189469 0.00171272 0.00156508
  0.00144532 0.00134807 0.00126922 0.00120453 0.00115145 0.00110799
  0.00107227 0.0010433  0.00101886 0.00099912 0.00098244 0.0009683
  0.00095662 0.00094647 0.00093812 0.00093093 0.00092495 0.00091998
  0.00091563 0.00091169 0.00090853 0.00090572 0.0009031  0.00090077
  0.00089879 0.00089697 0.00089524 0.00089372 0.00089237 0.00089118
  0.00089014 0.00088919 0.00088831 0.00088752 0.00088679 0.00088611
  0.00088549]
 [0.00271037 0.00249193 0.00220225 0.00196654 0.00177401 0.00161754
  0.0014904  0.00138697 0.00130292 0.00123383 0.00117704 0.00113042
  0.001092   0.00106076 0.00103434 0.00101292 0.00099477 0.00097935
  0.00096658 0.00095544 0.00094624 0.00093829 0.00093164 0.0009261
  0.00092123 0.00091681 0.00091324 0.00091005 0.00090709 0.00090443
  0.00090217 0.00090009 0.00089811 0.00089637 0.00089482 0.00089344
  0.00089224 0.00089113 0.00089011 0.00088919 0.00088833 0.00088754
  0.00088681]
 [0.00276963 0.00256102 0.0022627  0.00201934 0.00182022 0.00165809
  0.00152607 0.00141843 0.00133076 0.00125853 0.001199   0.00115001
  0.00110954 0.0010765  0.00104851 0.00102572 0.00100634 0.00098984
  0.0009761  0.0009641  0.00095415 0.00094552 0.00093827 0.00093219
  0.00092683 0.00092196 0.00091799 0.00091444 0.00091114 0.00090817
  0.00090563 0.00090329 0.00090107 0.00089911 0.00089735 0.00089579
  0.00089442 0.00089315 0.00089198 0.00089092 0.00088994 0.00088904
  0.0008882 ]
 [0.00283008 0.00263172 0.00232494 0.0020739  0.00186811 0.00170023
  0.00156324 0.00145131 0.00135991 0.00128443 0.00122208 0.00117064
  0.00112803 0.00109313 0.00106349 0.00103926 0.00101861 0.00100096
  0.00098621 0.00097329 0.00096253 0.00095319 0.0009453  0.00093865
  0.00093278 0.00092744 0.00092305 0.00091912 0.00091545 0.00091216
  0.00090932 0.00090671 0.00090423 0.00090203 0.00090005 0.0008983
  0.00089675 0.00089531 0.00089399 0.00089278 0.00089167 0.00089064
  0.00088968]
 [0.00285406 0.00267311 0.00236408 0.00211009 0.00190144 0.00173081
  0.00159125 0.00147692 0.00138331 0.00130581 0.0012416  0.00118846
  0.00114431 0.00110802 0.00107713 0.00105177 0.00103008 0.00101149
  0.00099588 0.00098217 0.0009707  0.0009607  0.00095222 0.00094503
  0.00093867 0.00093289 0.0009281  0.00092379 0.00091978 0.00091617
  0.00091304 0.00091016 0.00090742 0.00090499 0.00090279 0.00090084
  0.00089911 0.0008975  0.00089602 0.00089467 0.00089343 0.00089227
  0.0008912 ]
 [0.00287426 0.00271131 0.00240126 0.00214494 0.00193392 0.00176091
  0.00161904 0.00150251 0.00140685 0.00132744 0.00126146 0.00120666
  0.00116098 0.0011233  0.00109114 0.00106462 0.0010419  0.00102238
  0.00100592 0.00099142 0.00097921 0.00096853 0.00095942 0.00095167
  0.00094479 0.00093854 0.00093332 0.00092862 0.00092426 0.00092033
  0.0009169  0.00091373 0.00091073 0.00090804 0.00090562 0.00090346
  0.00090153 0.00089975 0.00089812 0.00089663 0.00089525 0.00089396
  0.00089277]
 [0.00286042 0.00272122 0.00241635 0.00216216 0.00195236 0.00177987
  0.00163796 0.00152104 0.00142474 0.00134458 0.00127776 0.00122206
  0.00117543 0.0011368  0.00110371 0.00107632 0.00105279 0.00103253
  0.00101537 0.00100023 0.0009874  0.00097612 0.00096645 0.00095818
  0.00095082 0.00094412 0.00093849 0.00093342 0.00092872 0.00092447
  0.00092074 0.0009173  0.00091403 0.0009111  0.00090846 0.00090609
  0.00090397 0.00090203 0.00090024 0.0008986  0.00089709 0.00089567
  0.00089436]
 [0.00283772 0.00272271 0.00242552 0.00217475 0.00196719 0.00179603
  0.00165475 0.00153792 0.00144136 0.00136073 0.0012933  0.00123688
  0.00118948 0.00115002 0.0011161  0.00108787 0.00106356 0.00104257
  0.00102472 0.00100897 0.00099555 0.00098371 0.00097353 0.00096477
  0.00095694 0.0009498  0.00094376 0.00093831 0.00093326 0.00092869
  0.00092467 0.00092094 0.00091743 0.00091426 0.00091139 0.00090882
  0.00090652 0.00090439 0.00090244 0.00090065 0.00089899 0.00089744
  0.00089601]
 [0.00278943 0.00270162 0.00241747 0.00217351 0.00197089 0.00180323
  0.00166433 0.00154902 0.0014533  0.00137305 0.0013057  0.00124916
  0.00120149 0.0011616  0.0011272  0.00109841 0.00107349 0.00105188
  0.00103344 0.00101714 0.00100321 0.00099092 0.0009803  0.00097111
  0.00096288 0.00095536 0.00094895 0.00094315 0.00093776 0.00093288
  0.00092857 0.00092459 0.00092084 0.00091745 0.00091437 0.0009116
  0.00090912 0.0009068  0.00090467 0.00090273 0.00090092 0.00089923
  0.00089767]
 [0.00273909 0.00267661 0.00240733 0.00217058 0.00197321 0.00180926
  0.00167294 0.00155935 0.00146463 0.00138488 0.00131768 0.00126106
  0.00121319 0.00117294 0.00113817 0.00110887 0.00108339 0.0010612
  0.00104216 0.00102529 0.00101082 0.00099807 0.000987   0.00097738
  0.00096875 0.00096087 0.00095411 0.00094796 0.00094225 0.00093706
  0.00093247 0.00092823 0.00092424 0.00092062 0.00091733 0.00091438
  0.00091171 0.00090922 0.00090691 0.00090481 0.00090285 0.00090103
  0.00089934]
 [0.00268971 0.00264986 0.00239692 0.00216739 0.00197529 0.00181504
  0.00168129 0.00156945 0.0014758  0.00139664 0.00132964 0.00127295
  0.00122482 0.00118421 0.00114906 0.00111929 0.00109334 0.00107065
  0.00105106 0.00103361 0.00101859 0.00100529 0.00099371 0.0009836
  0.00097454 0.00096628 0.00095915 0.00095267 0.00094665 0.00094117
  0.0009363  0.0009318  0.00092755 0.0009237  0.00092019 0.00091703
  0.00091418 0.00091152 0.00090906 0.00090682 0.00090473 0.00090278
  0.00090097]
 [0.00266024 0.0026366  0.00239807 0.00217333 0.00198462 0.00182656
  0.00169414 0.00158306 0.00148976 0.00141069 0.00134348 0.00128634
  0.00123759 0.00119632 0.00116052 0.00113012 0.00110362 0.00108043
  0.00106029 0.00104227 0.00102664 0.0010127  0.00100051 0.00098986
  0.00098031 0.00097161 0.00096407 0.00095724 0.00095092 0.00094517
  0.00094002 0.00093524 0.00093072 0.00092662 0.00092289 0.00091952
  0.00091648 0.00091367 0.00091108 0.00090871 0.00090651 0.00090445
  0.00090253]]
00:00:00.14 State variable xB: [[0.10958263 0.11065862 0.11171473 0.11270075 0.11362166 0.1144812
  0.11528343 0.11603201 0.11673052 0.11738245 0.11799093 0.11855878
  0.11908872 0.11958304 0.12004466 0.12047511 0.120877   0.12125215
  0.12160211 0.121929   0.12223377 0.12251837 0.12278366 0.12303094
  0.1232619  0.12347784 0.12367865 0.12386618 0.1240416  0.12420531
  0.12435773 0.1245002  0.1246336  0.12475892 0.12487536 0.12498291
  0.12508238 0.12517625 0.12526395 0.12534494 0.12542071 0.12549192
  0.12555845]
 [0.10382142 0.10520602 0.10661462 0.10793077 0.10916089 0.11030982
  0.11138284 0.11238469 0.11332007 0.11419355 0.11500923 0.1157708
  0.11648187 0.11714547 0.11776542 0.11834378 0.11888399 0.11938847
  0.11985925 0.12029917 0.1207095  0.1210928  0.12145024 0.12178355
  0.12209497 0.12238623 0.12265721 0.12291036 0.12314723 0.12336837
  0.12357435 0.12376694 0.12394733 0.12411684 0.1242744  0.12442
  0.12455473 0.12468192 0.12480076 0.12491057 0.12501332 0.12510991
  0.1252002 ]
 [0.10123223 0.10269618 0.10425612 0.10571511 0.10707994 0.10835577
  0.10954825 0.11066248 0.11170352 0.11267631 0.11358528 0.11443449
  0.11522783 0.11596865 0.11666109 0.11730744 0.11791146 0.11847581
  0.11900273 0.11949534 0.11995503 0.12038465 0.12078548 0.12115943
  0.12150897 0.12183601 0.12214045 0.12242498 0.12269131 0.12294006
  0.12317189 0.12338872 0.12359189 0.12378288 0.12396049 0.12412471
  0.12427676 0.12442035 0.12455456 0.12467861 0.12479475 0.12490397
  0.1250061 ]
 [0.09539779 0.09714137 0.09905421 0.1008444  0.10252002 0.10408724
  0.10555281 0.10692288 0.10820353 0.10940072 0.11051983 0.11156574
  0.11254321 0.11345629 0.11431002 0.11510721 0.11585241 0.11654888
  0.11719937 0.11780766 0.11837549 0.11890631 0.1194017  0.11986402
  0.12029627 0.1207008  0.12107748 0.12142962 0.12175933 0.12206734
  0.12235448 0.12262311 0.12287488 0.1231116  0.12333181 0.12353548
  0.12372413 0.12390232 0.12406888 0.12422289 0.12436711 0.12450276
  0.12462965]
 [0.0927124  0.09450744 0.09657326 0.09850851 0.10032154 0.10201871
  0.10360707 0.10509303 0.10648298 0.10778318 0.10899933 0.11013661
  0.11120007 0.11219405 0.11312387 0.11399257 0.11480502 0.11556469
  0.11627455 0.11693865 0.11755889 0.11813894 0.11868054 0.1191862
  0.11965918 0.12010198 0.12051451 0.12090032 0.12126167 0.12159939
  0.12191436 0.12220915 0.12248552 0.12274547 0.12298739 0.12321126
  0.12341873 0.12361474 0.12379802 0.12396757 0.12412638 0.12427583
  0.12441568]
 [0.08735436 0.08936355 0.09174768 0.09398264 0.0960777  0.09803999
  0.09987746 0.10159731 0.10320679 0.10471298 0.10612237 0.10744088
  0.10867426 0.10982747 0.1109066  0.11191516 0.11285867 0.11374116
  0.11456604 0.11533796 0.11605911 0.11673372 0.1173638  0.11795225
  0.11850279 0.11901833 0.11949879 0.11994823 0.12036926 0.12076286
  0.12113007 0.12147381 0.12179615 0.12209939 0.12238169 0.12264301
  0.12288526 0.12311417 0.12332826 0.12352635 0.12371194 0.12388663
  0.12405013]
 [0.08508184 0.0870837  0.08959006 0.09194221 0.09414928 0.0962184
  0.09815757 0.09997409 0.10167535 0.10326853 0.1047603  0.10615676
  0.10746383 0.1086867  0.1098316  0.11090225 0.11190436 0.11284212
  0.11371911 0.11454015 0.11530758 0.1160258  0.11669692 0.117324
  0.11791093 0.11846076 0.11897345 0.11945322 0.11990285 0.12032335
  0.12071582 0.12108337 0.12142814 0.1217526  0.12205478 0.12233466
  0.12259425 0.12283962 0.12306917 0.12328166 0.12348082 0.12366835
  0.12384393]
 [0.08056675 0.08269771 0.08546448 0.08806317 0.0905033  0.09279245
  0.09493915 0.09695122 0.09883664 0.10060315 0.10225799 0.10380779
  0.10525898 0.10661724 0.10788936 0.10907945 0.11019375 0.11123685
  0.11221271 0.11312658 0.11398106 0.11478098 0.11552869 0.11622756
  0.11688186 0.11749495 0.11806682 0.11860214 0.11910393 0.11957335
  0.12001162 0.12042215 0.12080733 0.1211699  0.12150767 0.12182062
  0.12211099 0.1223855  0.12264238 0.12288023 0.12310322 0.12331322
  0.1235099 ]
 [0.07895575 0.0810101  0.08385235 0.08652564 0.08903868 0.09139876
  0.09361416 0.09569253 0.09764176 0.0994695  0.10118297 0.10278883
  0.10429354 0.10570283 0.1070235  0.10825981 0.10941801 0.11050279
  0.11151821 0.11246962 0.11335968 0.11419332 0.11497296 0.11570205
  0.11638495 0.11702509 0.11762254 0.11818203 0.11870669 0.11919771
  0.11965639 0.12008621 0.12048963 0.12086952 0.12122359 0.12155183
  0.12185655 0.1221447  0.12241443 0.1226643  0.12289865 0.12311944
  0.1233263 ]
 [0.07546765 0.07756116 0.08059363 0.08344948 0.08613645 0.08866193
  0.09103442 0.09326172 0.095352   0.09731315 0.09915273 0.1008777
  0.10249485 0.10401021 0.10543091 0.10676146 0.10800845 0.10917684
  0.11027098 0.1112965  0.11225629 0.11315556 0.1139969  0.11478398
  0.11552144 0.11621293 0.11685855 0.11746334 0.11803063 0.11856172
  0.11905801 0.1195232  0.11995993 0.12037129 0.12075483 0.12111053
  0.12144086 0.12175329 0.12204582 0.12231689 0.1225712  0.12281086
  0.12303545]
 [0.07460075 0.07655146 0.07960634 0.08248941 0.08520566 0.08776186
  0.090166   0.09242548 0.09454813 0.09654148 0.09841286 0.10016907
  0.10181678 0.10336197 0.10481158 0.10617022 0.10744433 0.10863888
  0.10975822 0.11080792 0.11179093 0.11271242 0.11357506 0.11438253
  0.11513946 0.11584953 0.11651291 0.11713464 0.11771807 0.11826453
  0.11877545 0.11925456 0.11970453 0.12012854 0.12052408 0.12089111
  0.12123218 0.12155486 0.12185711 0.12213733 0.12240033 0.12264827
  0.12288073]
 [0.0722465  0.07414924 0.07731596 0.08031147 0.08313682 0.08579848
  0.08830415 0.0906611  0.09287717 0.09495985 0.09691647 0.09875386
  0.10047874 0.10209729 0.10361647 0.10504117 0.10637794 0.10763186
  0.10880742 0.10991035 0.11094365 0.11191266 0.11282018 0.11367005
  0.11446701 0.11521487 0.11591391 0.1165693  0.11718452 0.11776097
  0.11830015 0.11880593 0.11928107 0.11972894 0.1201469  0.12053491
  0.12089563 0.12123699 0.12155684 0.12185349 0.122132   0.12239463
  0.12264095]
 [0.07217634 0.07387793 0.07700872 0.07998125 0.08278951 0.08543919
  0.08793705 0.09028961 0.09250421 0.09458778 0.09654728 0.09838916
  0.10011981 0.1017452  0.10327191 0.10470488 0.10605036 0.10731335
  0.10849832 0.10961082 0.11065383 0.11163254 0.11254976 0.11340925
  0.11421566 0.11497275 0.11568091 0.1163452  0.11696905 0.1175539
  0.11810129 0.11861502 0.11909784 0.11955315 0.11997829 0.12037324
  0.12074063 0.12108841 0.1214144  0.12171691 0.12200105 0.12226911
  0.12252063]
 [0.07109702 0.07266768 0.07582032 0.07882724 0.08167208 0.08436006
  0.08689724 0.08928953 0.09154385 0.09366672 0.09566503 0.0975451
  0.09931315 0.10097492 0.10253686 0.10400388 0.10538208 0.10667651
  0.10789178 0.10903337 0.11010438 0.11111    0.11205297 0.11293706
  0.11376695 0.11454639 0.11527589 0.11596046 0.11660358 0.11720676
  0.11777162 0.11830198 0.11880063 0.11927103 0.11971049 0.12011896
  0.12049913 0.12085903 0.12119649 0.12150979 0.12180417 0.12208199
  0.12234276]
 [0.07193816 0.07325795 0.07630513 0.07923254 0.08200776 0.08463499
  0.08711933 0.08946565 0.09167983 0.09376753 0.09573518 0.09758874
  0.09933396 0.10097609 0.10252114 0.10397362 0.1053392  0.10662274
  0.10782881 0.10896253 0.11002715 0.11102764 0.11196654 0.11284745
  0.11367494 0.11445263 0.11518102 0.11586495 0.11650777 0.11711104
  0.1176764  0.11820754 0.11870717 0.11917874 0.11961959 0.12002967
  0.12041161 0.12077326 0.12111249 0.12142763 0.12172388 0.12200361
  0.12226631]
 [0.07229743 0.07341156 0.07637489 0.07924974 0.08198069 0.08457073
  0.08702428 0.08934539 0.09153897 0.09360993 0.09556405 0.09740697
  0.09914409 0.10078043 0.10232156 0.10377174 0.10513627 0.10641979
  0.10762672 0.10876189 0.10982874 0.11083197 0.11177414 0.11265878
  0.11349032 0.11427231 0.11500523 0.11569382 0.11634135 0.11694939
  0.11751956 0.11805548 0.1185598  0.11903606 0.11948155 0.11989625
  0.12028275 0.12064885 0.1209924  0.12131172 0.12161206 0.12189576
  0.12216232]
 [0.07406197 0.07489516 0.07767625 0.08041547 0.08302483 0.08550559
  0.08786091 0.09009387 0.09220839 0.09420833 0.0960983  0.09788319
  0.09956774 0.10115683 0.10265518 0.10406703 0.10539713 0.10664966
  0.10782856 0.10893829 0.1099821  0.1109643  0.11188757 0.11275532
  0.1135716  0.11433979 0.11506049 0.11573814 0.11637585 0.11697509
  0.11753743 0.11806628 0.11856419 0.11903471 0.11947516 0.11988552
  0.1202683  0.12063112 0.12097182 0.1212887  0.12158692 0.12186879
  0.12213378]
 [0.0755224  0.07611674 0.07872302 0.08134389 0.08384791 0.08623477
  0.08850598 0.09066364 0.09271114 0.09465134 0.0964879  0.0982247
  0.09986585 0.10141606 0.10287917 0.10425981 0.10556214 0.10678997
  0.10794691 0.10903704 0.11006323 0.11102942 0.11193845 0.11279363
  0.11359862 0.11435659 0.11506848 0.11573834 0.11636916 0.11696237
  0.11751943 0.11804365 0.11853744 0.11900434 0.11944172 0.11984954
  0.12023028 0.12059139 0.12093069 0.1212465  0.12154388 0.12182509
  0.12208962]
 [0.07723606 0.0775977  0.080001   0.08248828 0.08487253 0.08715237
  0.08932725 0.09139789 0.09336711 0.09523676 0.09701004 0.09868988
  0.10027962 0.10178331 0.10320398 0.10454644 0.10581416 0.10701079
  0.10813988 0.10920515 0.11020902 0.11115518 0.11204626 0.11288531
  0.11367565 0.11442026 0.11512038 0.11577962 0.1164008  0.11698538
  0.11753488 0.11805237 0.11854017 0.11900164 0.11943427 0.11983803
  0.1202153  0.12057319 0.12090966 0.12122305 0.12151833 0.12179772
  0.12206069]
 [0.07822957 0.07842986 0.08066683 0.08306302 0.08536668 0.08757602
  0.08968886 0.09170441 0.09362454 0.09545033 0.09718519 0.09883165
  0.10039247 0.10187053 0.10326854 0.10459082 0.10584026 0.10702056
  0.10813572 0.10918901 0.11018294 0.11112104 0.11200535 0.11283857
  0.113624   0.11436441 0.11506114 0.11571752 0.11633618 0.11691876
  0.11746694 0.11798356 0.11847089 0.11893211 0.11936481 0.11976898
  0.12014687 0.12050527 0.1208423  0.12115641 0.12145251 0.12173282
  0.12199678]]
00:00:00.14 State variable yA: [[0.33197595 0.20149281 0.20134409 0.20121504 0.20110208 0.20100296
  0.20091556 0.20083809 0.20076913 0.20070725 0.20065154 0.20060123
  0.20055561 0.20051425 0.20047632 0.20044178 0.20041    0.20038071
  0.20035382 0.2003289  0.20030598 0.20028473 0.20026512 0.20024699
  0.20023012 0.20021438 0.20019988 0.20018637 0.20017374 0.20016198
  0.20015108 0.20014091 0.20013137 0.20012245 0.20011417 0.20010654
  0.20010473 0.20010227 0.20008662 0.20008077 0.20007566 0.2000728
  0.20006533]
 [0.36480219 0.20345954 0.20311042 0.20281136 0.20254994 0.20232055
  0.20211803 0.20193824 0.20177818 0.20163466 0.20150584 0.20138971
  0.20128447 0.20118883 0.20110078 0.20102061 0.20094671 0.20087867
  0.20081652 0.20075933 0.20070678 0.20065828 0.20061342 0.20057175
  0.20053274 0.20049602 0.20046242 0.20043111 0.20040184 0.2003746
  0.20034938 0.20032588 0.20030393 0.20028335 0.20026429 0.20024676
  0.20023527 0.20022455 0.20020094 0.20018734 0.20017531 0.20016539
  0.2001523 ]
 [0.39736976 0.20574042 0.20515978 0.20465912 0.20422173 0.20383861
  0.20350061 0.20320074 0.20293413 0.20269542 0.20248178 0.20228955
  0.20211559 0.20195748 0.20181177 0.2016792  0.20155696 0.2014445
  0.20134208 0.20124815 0.20116194 0.20108254 0.20100909 0.20094072
  0.20087656 0.20081599 0.20076071 0.20070919 0.20066102 0.20061621
  0.20057475 0.20053614 0.20050013 0.20046637 0.20043512 0.20040638
  0.20038405 0.20036371 0.20033125 0.2003088  0.20028885 0.20027107
  0.20025149]
 [0.43367468 0.20854443 0.20770554 0.2069546  0.20629749 0.20572338
  0.20521768 0.20476849 0.20436912 0.20401158 0.2036925  0.20340596
  0.20314705 0.20291156 0.20269425 0.20249652 0.20231397 0.20214601
  0.20199344 0.20185387 0.20172597 0.20160848 0.20149977 0.20139838
  0.20130308 0.20121288 0.20113074 0.20105415 0.20098252 0.20091589
  0.20085428 0.20079696 0.20074354 0.20069345 0.20064712 0.20060455
  0.20056894 0.20053643 0.20049309 0.20045968 0.20042986 0.20040252
  0.20037472]
 [0.46529936 0.21174797 0.21056844 0.20952792 0.20862144 0.20782934
  0.20713324 0.20651621 0.205968   0.20547729 0.20503869 0.20464515
  0.20429017 0.20396806 0.20367202 0.20340257 0.20315384 0.20292479
  0.2027162  0.20252471 0.20234961 0.20218899 0.20204062 0.20190262
  0.20177349 0.20165189 0.20154053 0.20143652 0.20133891 0.20124795
  0.20116386 0.20108545 0.20101218 0.20094392 0.2008809  0.20082312
  0.20077333 0.20072789 0.2006725  0.20062701 0.20058625 0.20054843
  0.20051148]
 [0.49767854 0.21556407 0.21392825 0.21254794 0.2113517  0.21030303
  0.20938042 0.20856584 0.20784326 0.2071974  0.20661815 0.20609789
  0.20562857 0.20520396 0.20481533 0.20446195 0.20413652 0.20383697
  0.20356327 0.20331091 0.20308022 0.20286822 0.20267271 0.20249162
  0.20232293 0.20216493 0.20201951 0.20188356 0.20175573 0.20163648
  0.2015262  0.20142317 0.20132666 0.20123712 0.20115452 0.20107886
  0.20101251 0.2009519  0.20088241 0.20082285 0.2007693  0.20071934
  0.20067157]
 [0.52362178 0.21971415 0.21758589 0.21583979 0.21432272 0.21299489
  0.21182467 0.2107907  0.20987448 0.20905697 0.20832662 0.2076712
  0.20707968 0.20654379 0.20605134 0.20560447 0.20519335 0.20481579
  0.20447235 0.20415744 0.20386905 0.20360377 0.20335889 0.20313154
  0.20291869 0.20271815 0.20253489 0.20236392 0.20220372 0.20205457
  0.20191664 0.20178808 0.20166797 0.20155583 0.20145219 0.20135705
  0.20127198 0.20119358 0.20110909 0.20103445 0.20096708 0.20090412
  0.20084462]
 [0.54951334 0.22449009 0.22171991 0.21955839 0.21767183 0.21602853
  0.2145828  0.21330047 0.21216348 0.21114878 0.21024773 0.20944133
  0.20871452 0.2080543  0.20744463 0.20689159 0.20638182 0.20591394
  0.2054908  0.20510555 0.20475285 0.20442936 0.20413032 0.20385145
  0.20358886 0.20333968 0.20311369 0.2029031  0.20270625 0.20252326
  0.20235418 0.20219698 0.20205061 0.20191323 0.20178617 0.20166942
  0.20156355 0.20146487 0.20136345 0.201272   0.20118913 0.20111165
  0.20103891]
 [0.56859502 0.22999425 0.22615263 0.22352901 0.22124721 0.21925926
  0.21751524 0.21597043 0.21460063 0.21337735 0.21228906 0.21131611
  0.21044114 0.20964807 0.20891905 0.20825686 0.20764587 0.20708408
  0.2065747  0.20610904 0.20568431 0.20529606 0.20493771 0.20460417
  0.20429157 0.20399644 0.20372714 0.20347561 0.2032395  0.20301962
  0.20281664 0.2026276  0.20245123 0.20228684 0.20213519 0.20199627
  0.20187017 0.2017521  0.20163249 0.20152339 0.20142414 0.20133138
  0.20124462]
 [0.58730719 0.23665667 0.23101219 0.22788212 0.22517601 0.22280777
  0.22072698 0.21889284 0.21726908 0.21582096 0.21452622 0.21336712
  0.21232478 0.21138363 0.21052367 0.20974282 0.20902396 0.2083629
  0.20776061 0.20720654 0.20670195 0.20624027 0.20581509 0.20542119
  0.20505439 0.20471068 0.20439462 0.20409891 0.20382037 0.20356053
  0.20332075 0.20309691 0.20288747 0.20269352 0.20251492 0.20235165
  0.2022036  0.20206491 0.20192543 0.20179719 0.20168014 0.20157078
  0.20146872]
 [0.59940901 0.24438926 0.23608203 0.23244818 0.22928986 0.2265308
  0.22409787 0.22194966 0.22004991 0.2183595  0.21685647 0.21551188
  0.21430122 0.21320535 0.21219735 0.21128471 0.21044563 0.20967648
  0.2089801  0.20834477 0.20776433 0.20723225 0.2067415  0.20628538
  0.20585751 0.20545308 0.20508505 0.20474174 0.20442003 0.20412072
  0.20384442 0.20358725 0.20334745 0.20312348 0.20291669 0.20272709
  0.20255353 0.20239013 0.20223039 0.20208238 0.20194683 0.20182027
  0.20170226]
 [0.61075574 0.25351351 0.24150207 0.2373487  0.23367776 0.23050518
  0.22771376 0.22522471 0.22301886 0.22105399 0.21933142 0.21779911
  0.21642235 0.21516659 0.21399625 0.21293708 0.21195851 0.21106251
  0.2102623  0.20954472 0.20888867 0.20829076 0.20773709 0.20721676
  0.20672148 0.20624511 0.20581948 0.20542375 0.20505538 0.20471396
  0.20439902 0.20410759 0.20383788 0.20358268 0.20334643 0.20312921
  0.20292783 0.20273589 0.2025547  0.20238579 0.2022306  0.20208577
  0.20195078]
 [0.61581573 0.26433144 0.2471539  0.24242817 0.2382098  0.23458912
  0.2314356  0.22861084 0.22609814 0.2238483  0.22188033 0.22013969
  0.21858691 0.21717029 0.21585531 0.21465816 0.21354304 0.21251557
  0.21159767 0.21077258 0.21002579 0.2093546  0.20873358 0.20814809
  0.20759289 0.20706057 0.20658196 0.20613483 0.20571539 0.20532555
  0.20496698 0.20463479 0.20432716 0.20403906 0.20377377 0.20353133
  0.20330748 0.20309199 0.20288785 0.20269761 0.20252232 0.20235877
  0.20220636]
 [0.6193687  0.27777302 0.25315182 0.24775154 0.2429938  0.23886813
  0.23530487 0.23215343 0.22934946 0.22682859 0.22457458 0.22257578
  0.22080276 0.21920914 0.21777487 0.21645893 0.21523206 0.21409054
  0.21304507 0.21207315 0.21120584 0.21043177 0.20972219 0.20906492
  0.20846233 0.20790684 0.20738456 0.20689035 0.20641603 0.20597049
  0.20556184 0.20517862 0.20481853 0.20449371 0.20419826 0.20393202
  0.20369288 0.20346412 0.20323488 0.20302244 0.20282627 0.20264328
  0.20247273]
 [0.61700375 0.29449098 0.25926419 0.25313962 0.24789923 0.24325312
  0.23922163 0.23573439 0.23265014 0.22988708 0.2273426  0.22506077
  0.2230289  0.22123644 0.21967427 0.21824277 0.21692628 0.21569953
  0.21454072 0.21342327 0.21242771 0.21152728 0.21071034 0.20997419
  0.20932399 0.20875322 0.20818923 0.20765111 0.20712608 0.20662845
  0.20617133 0.20573673 0.2053212  0.2049576  0.20462911 0.20433535
  0.2040791  0.20384114 0.20358683 0.20335185 0.20313461 0.20293197
  0.20274309]
 [0.61247898 0.31500293 0.26541667 0.2586113  0.25290029 0.24777262
  0.24325066 0.23937163 0.23596729 0.23294942 0.23015795 0.22763004
  0.22535224 0.22334721 0.22158938 0.22000108 0.21856821 0.21725155
  0.2160052  0.2148041  0.21371501 0.21270362 0.21178668 0.21096882
  0.21024408 0.20960653 0.20898319 0.20839409 0.20782695 0.20729134
  0.20679587 0.20632403 0.20587109 0.20546992 0.20510407 0.20477316
  0.20448349 0.20422324 0.20394601 0.20368802 0.20344936 0.20322674
  0.20301919]
 [0.60356925 0.33896457 0.27142443 0.26405935 0.25780644 0.2522679
  0.24732164 0.24300072 0.23921223 0.23587864 0.2328975  0.23020691
  0.22776134 0.22556374 0.22354634 0.22174838 0.22013197 0.21867283
  0.21734598 0.2161316  0.21500259 0.21393737 0.21296045 0.2120697
  0.21123971 0.2104626  0.20975659 0.20910371 0.20849856 0.20793631
  0.20741213 0.20692051 0.20645625 0.20602238 0.20561877 0.2052454
  0.20490627 0.20460277 0.20430544 0.20402465 0.20376464 0.2035221
  0.20329593]
 [0.59408976 0.36559496 0.27740439 0.26953873 0.26262125 0.25667951
  0.25140913 0.2466628  0.24246483 0.23875086 0.23556812 0.23274614
  0.23019814 0.2278477  0.2255983  0.22358872 0.22174609 0.22008365
  0.218638   0.21738967 0.21622511 0.21514699 0.21414369 0.21319271
  0.21226206 0.21133954 0.21054969 0.20982739 0.20917344 0.20857375
  0.20801486 0.20750044 0.20702614 0.20656243 0.20612662 0.20571904
  0.20533639 0.20498425 0.20466633 0.20436303 0.20408163 0.20381917
  0.20357435]
 [0.58499931 0.39360123 0.28351182 0.27503051 0.26740669 0.26096648
  0.25540582 0.25034238 0.24581045 0.24173364 0.23824375 0.23519721
  0.23250524 0.23002228 0.22768206 0.22554662 0.22353521 0.2216797
  0.22005605 0.21863301 0.21735143 0.21621965 0.21516794 0.21415924
  0.21318503 0.21223002 0.2113938  0.21061664 0.20989416 0.20922537
  0.20860909 0.20804031 0.20751582 0.20701859 0.20655881 0.20613666
  0.20574411 0.2053702  0.20502712 0.20470159 0.20439892 0.20411661
  0.20385322]
 [0.57956902 0.42094737 0.28975298 0.28038967 0.27218234 0.265122
  0.25919222 0.25393498 0.24920413 0.24487763 0.24097065 0.23754867
  0.23458122 0.23194211 0.22965155 0.227499   0.22544376 0.22348573
  0.22166295 0.21992383 0.21842495 0.21714362 0.21597803 0.21489963
  0.21394396 0.21309707 0.2122607  0.2114535  0.21065352 0.20989298
  0.20920167 0.2085472  0.20792629 0.20738875 0.20690849 0.20648495
  0.20611344 0.20575373 0.20538174 0.20503433 0.20471088 0.20440914
  0.2041276 ]]
00:00:00.15 State variable yB: [[0.66802338 0.79850719 0.79865591 0.79878496 0.79889792 0.79899704
  0.79908444 0.79916191 0.79923087 0.79929275 0.79934846 0.79939877
  0.79944439 0.79948575 0.79952368 0.79955822 0.79959    0.79961929
  0.79964618 0.7996711  0.79969402 0.79971527 0.79973488 0.79975301
  0.79976988 0.79978562 0.79980012 0.79981363 0.79982626 0.79983802
  0.79984892 0.79985909 0.79986863 0.79987755 0.79988583 0.79989346
  0.79989527 0.79989774 0.79991338 0.79991923 0.79992434 0.7999272
  0.79993467]
 [0.63519705 0.79654046 0.79688958 0.79718864 0.79745006 0.79767945
  0.79788197 0.79806176 0.79822182 0.79836534 0.79849416 0.79861029
  0.79871553 0.79881117 0.79889922 0.79897939 0.79905329 0.79912133
  0.79918348 0.79924067 0.79929322 0.79934172 0.79938658 0.79942825
  0.79946726 0.79950398 0.79953758 0.79956889 0.79959816 0.7996254
  0.79965062 0.79967412 0.79969607 0.79971665 0.79973571 0.79975324
  0.79976473 0.79977545 0.79979906 0.79981266 0.79982469 0.79983462
  0.7998477 ]
 [0.6026294  0.79425958 0.79484022 0.79534088 0.79577827 0.79616139
  0.79649939 0.79679926 0.79706587 0.79730458 0.79751822 0.79771045
  0.79788441 0.79804252 0.79818823 0.7983208  0.79844304 0.7985555
  0.79865792 0.79875185 0.79883806 0.79891746 0.79899091 0.79905928
  0.79912344 0.79918401 0.79923929 0.79929081 0.79933898 0.79938379
  0.79942525 0.79946385 0.79949987 0.79953363 0.79956488 0.79959362
  0.79961595 0.79963629 0.79966875 0.7996912  0.79971115 0.79972893
  0.79974851]
 [0.56632445 0.79145557 0.79229446 0.7930454  0.79370251 0.79427662
  0.79478232 0.79523151 0.79563088 0.79598841 0.7963075  0.79659404
  0.79685295 0.79708844 0.79730575 0.79750348 0.79768603 0.79785399
  0.79800656 0.79814613 0.79827403 0.79839152 0.79850023 0.79860162
  0.79869692 0.79878712 0.79886926 0.79894585 0.79901748 0.79908411
  0.79914572 0.79920304 0.79925646 0.79930655 0.79935288 0.79939545
  0.79943106 0.79946357 0.79950692 0.79954032 0.79957014 0.79959748
  0.79962528]
 [0.53469978 0.78825203 0.78943156 0.79047208 0.79137856 0.79217066
  0.79286676 0.79348379 0.794032   0.79452271 0.79496131 0.79535485
  0.79570983 0.79603194 0.79632798 0.79659743 0.79684616 0.79707521
  0.7972838  0.79747529 0.79765039 0.79781101 0.79795938 0.79809738
  0.79822651 0.79834811 0.79845947 0.79856348 0.79866109 0.79875205
  0.79883614 0.79891455 0.79898782 0.79905608 0.7991191  0.79917688
  0.79922667 0.79927211 0.7993275  0.79937299 0.79941375 0.79945157
  0.79948852]
 [0.50232061 0.78443593 0.78607175 0.78745206 0.7886483  0.78969697
  0.79061958 0.79143416 0.79215674 0.7928026  0.79338185 0.79390211
  0.79437143 0.79479604 0.79518467 0.79553805 0.79586348 0.79616303
  0.79643673 0.79668909 0.79691978 0.79713178 0.79732729 0.79750838
  0.79767707 0.79783507 0.79798049 0.79811644 0.79824427 0.79836352
  0.7984738  0.79857683 0.79867334 0.79876288 0.79884548 0.79892114
  0.79898749 0.79904811 0.79911759 0.79917715 0.7992307  0.79928066
  0.79932843]
 [0.4763774  0.78028585 0.78241411 0.78416021 0.78567728 0.78700511
  0.78817533 0.7892093  0.79012552 0.79094303 0.79167338 0.7923288
  0.79292032 0.79345621 0.79394866 0.79439553 0.79480665 0.79518421
  0.79552765 0.79584256 0.79613095 0.79639623 0.79664111 0.79686846
  0.79708131 0.79728185 0.79746511 0.79763608 0.79779628 0.79794543
  0.79808336 0.79821192 0.79833203 0.79844417 0.79854781 0.79864295
  0.79872802 0.79880642 0.79889091 0.79896555 0.79903292 0.79909588
  0.79915538]
 [0.45048581 0.77550991 0.77828009 0.78044161 0.78232817 0.78397147
  0.7854172  0.78669953 0.78783652 0.78885122 0.78975227 0.79055867
  0.79128548 0.7919457  0.79255537 0.79310841 0.79361818 0.79408606
  0.7945092  0.79489445 0.79524715 0.79557064 0.79586968 0.79614855
  0.79641114 0.79666032 0.79688631 0.7970969  0.79729375 0.79747674
  0.79764582 0.79780302 0.79794939 0.79808677 0.79821383 0.79833058
  0.79843645 0.79853514 0.79863655 0.798728   0.79881087 0.79888835
  0.79896109]
 [0.43140406 0.77000574 0.77384737 0.77647099 0.77875279 0.78074074
  0.78248476 0.78402957 0.78539937 0.78662265 0.78771094 0.78868389
  0.78955886 0.79035193 0.79108095 0.79174314 0.79235413 0.79291592
  0.7934253  0.79389096 0.79431569 0.79470394 0.79506229 0.79539583
  0.79570843 0.79600356 0.79627286 0.79652439 0.7967605  0.79698038
  0.79718336 0.7973724  0.79754877 0.79771316 0.79786481 0.79800373
  0.79812983 0.79824791 0.79836751 0.79847661 0.79857586 0.79866862
  0.79875538]
 [0.41269174 0.76334331 0.76898781 0.77211788 0.77482399 0.77719223
  0.77927302 0.78110716 0.78273092 0.78417904 0.78547378 0.78663288
  0.78767522 0.78861637 0.78947633 0.79025718 0.79097604 0.7916371
  0.79223939 0.79279346 0.79329805 0.79375973 0.79418491 0.79457881
  0.79494561 0.79528932 0.79560538 0.79590109 0.79617963 0.79643947
  0.79667925 0.79690309 0.79711253 0.79730648 0.79748508 0.79764835
  0.7977964  0.79793509 0.79807458 0.79820281 0.79831986 0.79842922
  0.79853128]
 [0.40058968 0.75561072 0.76391797 0.76755182 0.77071014 0.7734692
  0.77590213 0.77805034 0.77995009 0.7816405  0.78314353 0.78448812
  0.78569878 0.78679465 0.78780265 0.78871529 0.78955437 0.79032352
  0.7910199  0.79165523 0.79223567 0.79276775 0.7932585  0.79371462
  0.79414249 0.79454692 0.79491495 0.79525826 0.79557997 0.79587928
  0.79615558 0.79641275 0.79665255 0.79687652 0.79708331 0.79727291
  0.79744647 0.79760988 0.79776961 0.79791762 0.79805317 0.79817973
  0.79829775]
 [0.38924261 0.74648645 0.75849793 0.7626513  0.76632224 0.76949482
  0.77228624 0.77477529 0.77698114 0.77894601 0.78066858 0.78220089
  0.78357765 0.78483341 0.78600375 0.78706292 0.78804149 0.78893749
  0.7897377  0.79045528 0.79111133 0.79170924 0.79226291 0.79278324
  0.79327852 0.79375489 0.79418052 0.79457625 0.79494462 0.79528604
  0.79560098 0.79589241 0.79616212 0.79641732 0.79665357 0.79687078
  0.79707217 0.79726411 0.79744531 0.79761421 0.7977694  0.79791423
  0.79804922]
 [0.3841822  0.73566849 0.7528461  0.75757183 0.7617902  0.76541088
  0.7685644  0.77138916 0.77390186 0.7761517  0.77811967 0.77986031
  0.78141309 0.78282971 0.78414469 0.78534184 0.78645696 0.78748443
  0.78840233 0.78922742 0.78997421 0.7906454  0.79126642 0.79185191
  0.79240711 0.79293943 0.79341804 0.79386517 0.79428461 0.79467445
  0.79503302 0.79536521 0.79567284 0.79596094 0.79622623 0.79646867
  0.79669252 0.79690801 0.79711215 0.79730239 0.79747768 0.79764123
  0.79779364]
 [0.38062875 0.72222688 0.74684818 0.75224846 0.7570062  0.76113187
  0.76469513 0.76784657 0.77065054 0.77317141 0.77542542 0.77742422
  0.77919724 0.78079086 0.78222513 0.78354107 0.78476793 0.78590946
  0.78695493 0.78792685 0.78879416 0.78956823 0.79027781 0.79093508
  0.79153767 0.79209316 0.79261544 0.79310965 0.79358397 0.79402951
  0.79443816 0.79482138 0.79518147 0.79550629 0.79580174 0.79606798
  0.79630712 0.79653588 0.79676513 0.79697756 0.79717373 0.79735672
  0.79752727]
 [0.3829932  0.70550887 0.74073581 0.74686038 0.75210077 0.75674688
  0.76077837 0.76426561 0.76734986 0.77011292 0.7726574  0.77493923
  0.7769711  0.77876356 0.78032573 0.78175723 0.78307372 0.78430047
  0.78545928 0.78657673 0.78757229 0.78847272 0.78928966 0.79002581
  0.79067601 0.79124678 0.79181077 0.79234889 0.79287392 0.79337155
  0.79382867 0.79426327 0.7946788  0.7950424  0.79537089 0.79566465
  0.7959209  0.79615886 0.79641317 0.79664815 0.79686539 0.79706803
  0.79725691]
 [0.38751748 0.68499684 0.73458333 0.7413887  0.74709971 0.75222738
  0.75674934 0.76062837 0.76403271 0.76705058 0.76984205 0.77236996
  0.77464776 0.77665279 0.77841062 0.77999892 0.78143179 0.78274845
  0.7839948  0.7851959  0.78628499 0.78729638 0.78821332 0.78903118
  0.78975592 0.79039347 0.79101681 0.79160591 0.79217305 0.79270866
  0.79320413 0.79367597 0.79412891 0.79453008 0.79489593 0.79522684
  0.79551651 0.79577677 0.796054   0.79631198 0.79655064 0.79677326
  0.79698082]
 [0.39642677 0.66103512 0.72857557 0.73594065 0.74219356 0.7477321
  0.75267836 0.75699928 0.76078777 0.76412136 0.7671025  0.76979309
  0.77223866 0.77443626 0.77645366 0.77825162 0.77986803 0.78132717
  0.78265402 0.7838684  0.78499741 0.78606263 0.78703955 0.7879303
  0.78876029 0.7895374  0.79024341 0.79089629 0.79150144 0.79206369
  0.79258787 0.79307949 0.79354375 0.79397762 0.79438123 0.7947546
  0.79509373 0.79539724 0.79569456 0.79597535 0.79623536 0.7964779
  0.79670407]
 [0.40590591 0.63440463 0.72259561 0.73046127 0.73737875 0.74332049
  0.74859087 0.7533372  0.75753517 0.76124914 0.76443188 0.76725386
  0.76980185 0.7721523  0.7744017  0.77641128 0.77825391 0.77991635
  0.781362   0.78261033 0.78377489 0.78485301 0.78585631 0.78680729
  0.78773794 0.78866046 0.78945031 0.79017261 0.79082656 0.79142625
  0.79198514 0.79249956 0.79297386 0.79343757 0.79387338 0.79428096
  0.79466361 0.79501576 0.79533368 0.79563698 0.79591837 0.79618083
  0.79642565]
 [0.41499613 0.60639826 0.71648818 0.72496949 0.73259331 0.73903352
  0.74459418 0.74965762 0.75418955 0.75826636 0.76175625 0.76480279
  0.76749476 0.76997772 0.77231794 0.77445338 0.77646479 0.7783203
  0.77994395 0.78136699 0.78264857 0.78378035 0.78483205 0.78584075
  0.78681497 0.78776998 0.7886062  0.78938336 0.79010584 0.79077463
  0.79139091 0.79195969 0.79248418 0.79298141 0.79344119 0.79386334
  0.79425589 0.7946298  0.79497288 0.79529841 0.79560108 0.79588339
  0.79614677]
 [0.42042632 0.57905202 0.71024701 0.71961033 0.72781766 0.73487801
  0.74080778 0.74606502 0.75079587 0.75512237 0.75902935 0.76245133
  0.76541878 0.7680579  0.77034845 0.772501   0.77455624 0.77651427
  0.77833704 0.78007617 0.78157505 0.78285638 0.78402197 0.78510038
  0.78605604 0.78690293 0.7877393  0.7885465  0.78934648 0.79010702
  0.79079833 0.7914528  0.79207371 0.79261125 0.79309151 0.79351505
  0.79388656 0.79424627 0.79461826 0.79496567 0.79528912 0.79559087
  0.79587225]]
00:00:00.15 State variable velocity: yB
00:00:00.72 done
