Starting at 2022-06-19 04:16:02.074491
Args: ./test
00:00:00.03 time :[0.000e+00 2.000e-01 4.000e-01 6.000e-01 8.000e-01 1.000e+00 1.200e+00
 1.400e+00 1.600e+00 1.800e+00 2.000e+00 2.200e+00 2.400e+00 2.600e+00
 2.800e+00 3.000e+00 3.200e+00 3.400e+00 3.600e+00 3.800e+00 4.000e+00
 4.200e+00 4.400e+00 4.600e+00 4.800e+00 5.000e+00 5.200e+00 5.400e+00
 5.600e+00 5.800e+00 6.000e+00 6.200e+00 6.400e+00 6.600e+00 6.800e+00
 7.000e+00 7.200e+00 7.400e+00 7.600e+00 7.800e+00 8.000e+00 8.200e+00
 8.400e+00 8.600e+00 8.800e+00 9.000e+00 9.200e+00 9.400e+00 9.600e+00
 9.800e+00 1.000e+01 1.020e+01 1.040e+01 1.060e+01 1.080e+01 1.100e+01
 1.120e+01 1.140e+01 1.160e+01 1.180e+01 1.200e+01 1.220e+01 1.240e+01
 1.260e+01 1.280e+01 1.300e+01 1.320e+01 1.340e+01 1.360e+01 1.380e+01
 1.400e+01 1.420e+01 1.440e+01 1.460e+01 1.480e+01 1.500e+01 1.520e+01
 1.540e+01 1.560e+01 1.580e+01 1.600e+01 1.620e+01 1.640e+01 1.660e+01
 1.680e+01 1.700e+01 1.720e+01 1.740e+01 1.760e+01 1.780e+01 1.800e+01
 1.820e+01 1.840e+01 1.860e+01 1.880e+01 1.900e+01 1.920e+01 1.940e+01
 1.960e+01 1.980e+01 2.000e+01 2.020e+01 2.040e+01 2.060e+01 2.080e+01
 2.100e+01 2.120e+01 2.140e+01 2.160e+01 2.180e+01 2.200e+01 2.220e+01
 2.240e+01 2.260e+01 2.280e+01 2.300e+01 2.320e+01 2.340e+01 2.360e+01
 2.380e+01 2.400e+01 2.420e+01 2.440e+01 2.460e+01 2.480e+01 2.500e+01
 2.520e+01 2.540e+01 2.560e+01 2.580e+01 2.600e+01 2.620e+01 2.640e+01
 2.660e+01 2.680e+01 2.700e+01 2.720e+01 2.740e+01 2.760e+01 2.780e+01
 2.800e+01 2.820e+01 2.840e+01 2.860e+01 2.880e+01 2.900e+01 2.920e+01
 2.940e+01 2.960e+01 2.980e+01 3.000e+01 3.020e+01 3.040e+01 3.060e+01
 3.080e+01 3.100e+01 3.120e+01 3.140e+01 3.160e+01 3.180e+01 3.200e+01
 3.220e+01 3.240e+01 3.260e+01 3.280e+01 3.300e+01 3.320e+01 3.340e+01
 3.360e+01 3.380e+01 3.400e+01 3.420e+01 3.440e+01 3.460e+01 3.480e+01
 3.500e+01 3.520e+01 3.540e+01 3.560e+01 3.580e+01 3.600e+01 3.620e+01
 3.640e+01 3.660e+01 3.680e+01 3.700e+01 3.720e+01 3.740e+01 3.760e+01
 3.780e+01 3.800e+01 3.820e+01 3.840e+01 3.860e+01 3.880e+01 3.900e+01
 3.920e+01 3.940e+01 3.960e+01 3.980e+01 4.000e+01 4.020e+01 4.040e+01
 4.060e+01 4.080e+01 4.100e+01 4.120e+01 4.140e+01 4.160e+01 4.180e+01
 4.200e+01 4.220e+01 4.240e+01 4.260e+01 4.280e+01 4.300e+01 4.320e+01
 4.340e+01 4.360e+01 4.380e+01 4.400e+01 4.420e+01 4.440e+01 4.460e+01
 4.480e+01 4.500e+01 4.520e+01 4.540e+01 4.560e+01 4.580e+01 4.600e+01
 4.620e+01 4.640e+01 4.660e+01 4.680e+01 4.700e+01 4.720e+01 4.740e+01
 4.760e+01 4.780e+01 4.800e+01 4.820e+01 4.840e+01 4.860e+01 4.880e+01
 4.900e+01 4.920e+01 4.940e+01 4.960e+01 4.980e+01 5.000e+01 5.020e+01
 5.040e+01 5.060e+01 5.080e+01 5.100e+01 5.120e+01 5.140e+01 5.160e+01
 5.180e+01 5.200e+01 5.220e+01 5.240e+01 5.260e+01 5.280e+01 5.300e+01
 5.320e+01 5.340e+01 5.360e+01 5.380e+01 5.400e+01 5.420e+01 5.440e+01
 5.460e+01 5.480e+01 5.500e+01 5.520e+01 5.540e+01 5.560e+01 5.580e+01
 5.600e+01 5.620e+01 5.640e+01 5.660e+01 5.680e+01 5.700e+01 5.720e+01
 5.740e+01 5.760e+01 5.780e+01 5.800e+01 5.820e+01 5.840e+01 5.860e+01
 5.880e+01 5.900e+01 5.920e+01 5.940e+01 5.960e+01 5.980e+01 6.000e+01
 6.020e+01 6.040e+01 6.060e+01 6.080e+01 6.100e+01 6.120e+01 6.140e+01
 6.160e+01 6.180e+01 6.200e+01 6.220e+01 6.240e+01 6.260e+01 6.280e+01
 6.300e+01 6.320e+01 6.340e+01 6.360e+01 6.380e+01 6.400e+01 6.420e+01
 6.440e+01 6.460e+01 6.480e+01 6.500e+01 6.520e+01 6.540e+01 6.560e+01
 6.580e+01 6.600e+01 6.620e+01 6.640e+01 6.660e+01 6.680e+01 6.700e+01
 6.720e+01 6.740e+01 6.760e+01 6.780e+01 6.800e+01 6.820e+01 6.840e+01
 6.860e+01 6.880e+01 6.900e+01 6.920e+01 6.940e+01 6.960e+01 6.980e+01
 7.000e+01 7.020e+01 7.040e+01 7.060e+01 7.080e+01 7.100e+01 7.120e+01
 7.140e+01 7.160e+01 7.180e+01 7.200e+01 7.220e+01 7.240e+01 7.260e+01
 7.280e+01 7.300e+01 7.320e+01 7.340e+01 7.360e+01 7.380e+01 7.400e+01
 7.420e+01 7.440e+01 7.460e+01 7.480e+01 7.500e+01 7.520e+01 7.540e+01
 7.560e+01 7.580e+01 7.600e+01 7.620e+01 7.640e+01 7.660e+01 7.680e+01
 7.700e+01 7.720e+01 7.740e+01 7.760e+01 7.780e+01 7.800e+01 7.820e+01
 7.840e+01 7.860e+01 7.880e+01 7.900e+01 7.920e+01 7.940e+01 7.960e+01
 7.980e+01 8.000e+01 8.020e+01 8.040e+01 8.060e+01 8.080e+01 8.100e+01
 8.120e+01 8.140e+01 8.160e+01 8.180e+01 8.200e+01 8.220e+01 8.240e+01
 8.260e+01 8.280e+01 8.300e+01 8.320e+01 8.340e+01 8.360e+01 8.380e+01
 8.400e+01 8.420e+01 8.440e+01 8.460e+01 8.480e+01 8.500e+01 8.520e+01
 8.540e+01 8.560e+01 8.580e+01 8.600e+01 8.620e+01 8.640e+01 8.660e+01
 8.680e+01 8.700e+01 8.720e+01 8.740e+01 8.760e+01 8.780e+01 8.800e+01
 8.820e+01 8.840e+01 8.860e+01 8.880e+01 8.900e+01 8.920e+01 8.940e+01
 8.960e+01 8.980e+01 9.000e+01 9.020e+01 9.040e+01 9.060e+01 9.080e+01
 9.100e+01 9.120e+01 9.140e+01 9.160e+01 9.180e+01 9.200e+01 9.220e+01
 9.240e+01 9.260e+01 9.280e+01 9.300e+01 9.320e+01 9.340e+01 9.360e+01
 9.380e+01 9.400e+01 9.420e+01 9.440e+01 9.460e+01 9.480e+01 9.500e+01
 9.520e+01 9.540e+01 9.560e+01 9.580e+01 9.600e+01 9.620e+01 9.640e+01
 9.660e+01 9.680e+01 9.700e+01 9.720e+01 9.740e+01 9.760e+01 9.780e+01
 9.800e+01 9.820e+01 9.840e+01 9.860e+01 9.880e+01 9.900e+01 9.920e+01
 9.940e+01 9.960e+01 9.980e+01 1.000e+02 1.002e+02 1.004e+02 1.006e+02
 1.008e+02 1.010e+02 1.012e+02 1.014e+02 1.016e+02 1.018e+02 1.020e+02
 1.022e+02 1.024e+02 1.026e+02 1.028e+02 1.030e+02 1.032e+02 1.034e+02
 1.036e+02 1.038e+02 1.040e+02 1.042e+02 1.044e+02 1.046e+02 1.048e+02
 1.050e+02 1.052e+02 1.054e+02 1.056e+02 1.058e+02 1.060e+02 1.062e+02
 1.064e+02 1.066e+02 1.068e+02 1.070e+02 1.072e+02 1.074e+02 1.076e+02
 1.078e+02 1.080e+02 1.082e+02 1.084e+02 1.086e+02 1.088e+02 1.090e+02
 1.092e+02 1.094e+02 1.096e+02 1.098e+02 1.100e+02 1.102e+02 1.104e+02
 1.106e+02 1.108e+02 1.110e+02 1.112e+02 1.114e+02 1.116e+02 1.118e+02
 1.120e+02 1.122e+02 1.124e+02 1.126e+02 1.128e+02 1.130e+02 1.132e+02
 1.134e+02 1.136e+02 1.138e+02 1.140e+02 1.142e+02 1.144e+02 1.146e+02
 1.148e+02 1.150e+02 1.152e+02 1.154e+02 1.156e+02 1.158e+02 1.160e+02
 1.162e+02 1.164e+02 1.166e+02 1.168e+02 1.170e+02 1.172e+02 1.174e+02
 1.176e+02 1.178e+02 1.180e+02 1.182e+02 1.184e+02 1.186e+02 1.188e+02
 1.190e+02 1.192e+02 1.194e+02 1.196e+02 1.198e+02 1.200e+02 1.202e+02
 1.204e+02 1.206e+02 1.208e+02 1.210e+02 1.212e+02 1.214e+02 1.216e+02
 1.218e+02 1.220e+02 1.222e+02 1.224e+02 1.226e+02 1.228e+02 1.230e+02
 1.232e+02 1.234e+02 1.236e+02 1.238e+02 1.240e+02 1.242e+02 1.244e+02
 1.246e+02 1.248e+02 1.250e+02 1.252e+02 1.254e+02 1.256e+02 1.258e+02
 1.260e+02 1.262e+02 1.264e+02 1.266e+02 1.268e+02 1.270e+02 1.272e+02
 1.274e+02 1.276e+02 1.278e+02 1.280e+02 1.282e+02 1.284e+02 1.286e+02
 1.288e+02 1.290e+02 1.292e+02 1.294e+02 1.296e+02 1.298e+02 1.300e+02
 1.302e+02 1.304e+02 1.306e+02 1.308e+02 1.310e+02 1.312e+02 1.314e+02
 1.316e+02 1.318e+02 1.320e+02 1.322e+02 1.324e+02 1.326e+02 1.328e+02
 1.330e+02 1.332e+02 1.334e+02 1.336e+02 1.338e+02 1.340e+02 1.342e+02
 1.344e+02 1.346e+02 1.348e+02 1.350e+02 1.352e+02 1.354e+02 1.356e+02
 1.358e+02 1.360e+02 1.362e+02 1.364e+02 1.366e+02 1.368e+02 1.370e+02
 1.372e+02 1.374e+02 1.376e+02 1.378e+02 1.380e+02 1.382e+02 1.384e+02
 1.386e+02 1.388e+02 1.390e+02 1.392e+02 1.394e+02 1.396e+02 1.398e+02
 1.400e+02 1.402e+02 1.404e+02 1.406e+02 1.408e+02 1.410e+02 1.412e+02
 1.414e+02 1.416e+02 1.418e+02 1.420e+02 1.422e+02 1.424e+02 1.426e+02
 1.428e+02 1.430e+02 1.432e+02 1.434e+02 1.436e+02 1.438e+02 1.440e+02
 1.442e+02 1.444e+02 1.446e+02 1.448e+02 1.450e+02 1.452e+02 1.454e+02
 1.456e+02 1.458e+02 1.460e+02 1.462e+02 1.464e+02 1.466e+02 1.468e+02
 1.470e+02 1.472e+02 1.474e+02 1.476e+02 1.478e+02 1.480e+02 1.482e+02
 1.484e+02 1.486e+02 1.488e+02 1.490e+02 1.492e+02 1.494e+02 1.496e+02
 1.498e+02 1.500e+02 1.502e+02 1.504e+02 1.506e+02 1.508e+02 1.510e+02
 1.512e+02 1.514e+02 1.516e+02 1.518e+02 1.520e+02 1.522e+02 1.524e+02
 1.526e+02 1.528e+02 1.530e+02 1.532e+02 1.534e+02 1.536e+02 1.538e+02
 1.540e+02 1.542e+02 1.544e+02 1.546e+02 1.548e+02 1.550e+02 1.552e+02
 1.554e+02 1.556e+02 1.558e+02 1.560e+02 1.562e+02 1.564e+02 1.566e+02
 1.568e+02 1.570e+02 1.572e+02 1.574e+02 1.576e+02 1.578e+02 1.580e+02
 1.582e+02 1.584e+02 1.586e+02 1.588e+02 1.590e+02 1.592e+02 1.594e+02
 1.596e+02 1.598e+02 1.600e+02 1.602e+02 1.604e+02 1.606e+02 1.608e+02
 1.610e+02 1.612e+02 1.614e+02 1.616e+02 1.618e+02 1.620e+02 1.622e+02
 1.624e+02 1.626e+02 1.628e+02 1.630e+02 1.632e+02 1.634e+02 1.636e+02
 1.638e+02 1.640e+02 1.642e+02 1.644e+02 1.646e+02 1.648e+02 1.650e+02
 1.652e+02 1.654e+02 1.656e+02 1.658e+02 1.660e+02 1.662e+02 1.664e+02
 1.666e+02 1.668e+02 1.670e+02 1.672e+02 1.674e+02 1.676e+02 1.678e+02
 1.680e+02 1.682e+02 1.684e+02 1.686e+02 1.688e+02 1.690e+02 1.692e+02
 1.694e+02 1.696e+02 1.698e+02 1.700e+02 1.702e+02 1.704e+02 1.706e+02
 1.708e+02 1.710e+02 1.712e+02 1.714e+02 1.716e+02 1.718e+02 1.720e+02
 1.722e+02 1.724e+02 1.726e+02 1.728e+02 1.730e+02 1.732e+02 1.734e+02
 1.736e+02 1.738e+02 1.740e+02 1.742e+02 1.744e+02 1.746e+02 1.748e+02
 1.750e+02 1.752e+02 1.754e+02 1.756e+02 1.758e+02 1.760e+02 1.762e+02
 1.764e+02 1.766e+02 1.768e+02 1.770e+02 1.772e+02 1.774e+02 1.776e+02
 1.778e+02 1.780e+02 1.782e+02 1.784e+02 1.786e+02 1.788e+02 1.790e+02
 1.792e+02 1.794e+02 1.796e+02 1.798e+02 1.800e+02 1.802e+02 1.804e+02
 1.806e+02 1.808e+02 1.810e+02 1.812e+02 1.814e+02 1.816e+02 1.818e+02
 1.820e+02 1.822e+02 1.824e+02 1.826e+02 1.828e+02 1.830e+02 1.832e+02
 1.834e+02 1.836e+02 1.838e+02 1.840e+02 1.842e+02 1.844e+02 1.846e+02
 1.848e+02 1.850e+02 1.852e+02 1.854e+02 1.856e+02 1.858e+02 1.860e+02
 1.862e+02 1.864e+02 1.866e+02 1.868e+02 1.870e+02 1.872e+02 1.874e+02
 1.876e+02 1.878e+02 1.880e+02 1.882e+02 1.884e+02 1.886e+02 1.888e+02
 1.890e+02 1.892e+02 1.894e+02 1.896e+02 1.898e+02 1.900e+02 1.902e+02
 1.904e+02 1.906e+02 1.908e+02 1.910e+02 1.912e+02 1.914e+02 1.916e+02
 1.918e+02 1.920e+02 1.922e+02 1.924e+02 1.926e+02 1.928e+02 1.930e+02
 1.932e+02 1.934e+02 1.936e+02 1.938e+02 1.940e+02 1.942e+02 1.944e+02
 1.946e+02 1.948e+02 1.950e+02 1.952e+02 1.954e+02 1.956e+02 1.958e+02
 1.960e+02 1.962e+02 1.964e+02 1.966e+02 1.968e+02 1.970e+02 1.972e+02
 1.974e+02 1.976e+02 1.978e+02 1.980e+02 1.982e+02 1.984e+02 1.986e+02
 1.988e+02 1.990e+02 1.992e+02 1.994e+02 1.996e+02 1.998e+02 2.000e+02
 2.002e+02 2.004e+02 2.006e+02 2.008e+02 2.010e+02 2.012e+02 2.014e+02
 2.016e+02 2.018e+02 2.020e+02 2.022e+02 2.024e+02 2.026e+02 2.028e+02
 2.030e+02 2.032e+02 2.034e+02 2.036e+02 2.038e+02 2.040e+02 2.042e+02
 2.044e+02 2.046e+02 2.048e+02 2.050e+02 2.052e+02 2.054e+02 2.056e+02
 2.058e+02 2.060e+02 2.062e+02 2.064e+02 2.066e+02 2.068e+02 2.070e+02
 2.072e+02 2.074e+02 2.076e+02 2.078e+02 2.080e+02 2.082e+02 2.084e+02
 2.086e+02 2.088e+02 2.090e+02 2.092e+02 2.094e+02 2.096e+02 2.098e+02
 2.100e+02 2.102e+02 2.104e+02 2.106e+02 2.108e+02 2.110e+02 2.112e+02
 2.114e+02 2.116e+02 2.118e+02 2.120e+02 2.122e+02 2.124e+02 2.126e+02
 2.128e+02 2.130e+02 2.132e+02 2.134e+02 2.136e+02 2.138e+02 2.140e+02
 2.142e+02 2.144e+02 2.146e+02 2.148e+02 2.150e+02 2.152e+02 2.154e+02
 2.156e+02 2.158e+02 2.160e+02 2.162e+02 2.164e+02 2.166e+02 2.168e+02
 2.170e+02 2.172e+02 2.174e+02 2.176e+02 2.178e+02 2.180e+02 2.182e+02
 2.184e+02 2.186e+02 2.188e+02 2.190e+02 2.192e+02 2.194e+02 2.196e+02
 2.198e+02 2.200e+02 2.202e+02 2.204e+02 2.206e+02 2.208e+02 2.210e+02
 2.212e+02 2.214e+02 2.216e+02 2.218e+02 2.220e+02 2.222e+02 2.224e+02
 2.226e+02 2.228e+02 2.230e+02 2.232e+02 2.234e+02 2.236e+02 2.238e+02
 2.240e+02 2.242e+02 2.244e+02 2.246e+02 2.248e+02 2.250e+02 2.252e+02
 2.254e+02 2.256e+02 2.258e+02 2.260e+02 2.262e+02 2.264e+02 2.266e+02
 2.268e+02 2.270e+02 2.272e+02 2.274e+02 2.276e+02 2.278e+02 2.280e+02
 2.282e+02 2.284e+02 2.286e+02 2.288e+02 2.290e+02 2.292e+02 2.294e+02
 2.296e+02 2.298e+02 2.300e+02 2.302e+02 2.304e+02 2.306e+02 2.308e+02
 2.310e+02 2.312e+02 2.314e+02 2.316e+02 2.318e+02 2.320e+02 2.322e+02
 2.324e+02 2.326e+02 2.328e+02 2.330e+02 2.332e+02 2.334e+02 2.336e+02
 2.338e+02 2.340e+02 2.342e+02 2.344e+02 2.346e+02 2.348e+02 2.350e+02
 2.352e+02 2.354e+02 2.356e+02 2.358e+02 2.360e+02 2.362e+02 2.364e+02
 2.366e+02 2.368e+02 2.370e+02 2.372e+02 2.374e+02 2.376e+02 2.378e+02
 2.380e+02 2.382e+02 2.384e+02 2.386e+02 2.388e+02 2.390e+02 2.392e+02
 2.394e+02 2.396e+02 2.398e+02 2.400e+02 2.402e+02 2.404e+02 2.406e+02
 2.408e+02 2.410e+02 2.412e+02 2.414e+02 2.416e+02 2.418e+02 2.420e+02
 2.422e+02 2.424e+02 2.426e+02 2.428e+02 2.430e+02 2.432e+02 2.434e+02
 2.436e+02 2.438e+02 2.440e+02 2.442e+02 2.444e+02 2.446e+02 2.448e+02
 2.450e+02 2.452e+02 2.454e+02 2.456e+02 2.458e+02 2.460e+02 2.462e+02
 2.464e+02 2.466e+02 2.468e+02 2.470e+02 2.472e+02 2.474e+02 2.476e+02
 2.478e+02 2.480e+02 2.482e+02 2.484e+02 2.486e+02 2.488e+02 2.490e+02
 2.492e+02 2.494e+02 2.496e+02 2.498e+02 2.500e+02 2.502e+02 2.504e+02
 2.506e+02 2.508e+02 2.510e+02 2.512e+02 2.514e+02 2.516e+02 2.518e+02
 2.520e+02 2.522e+02 2.524e+02 2.526e+02 2.528e+02 2.530e+02 2.532e+02
 2.534e+02 2.536e+02 2.538e+02 2.540e+02 2.542e+02 2.544e+02 2.546e+02
 2.548e+02 2.550e+02 2.552e+02 2.554e+02 2.556e+02 2.558e+02 2.560e+02
 2.562e+02 2.564e+02 2.566e+02 2.568e+02 2.570e+02 2.572e+02 2.574e+02
 2.576e+02 2.578e+02 2.580e+02 2.582e+02 2.584e+02 2.586e+02 2.588e+02
 2.590e+02 2.592e+02 2.594e+02 2.596e+02 2.598e+02 2.600e+02 2.602e+02
 2.604e+02 2.606e+02 2.608e+02 2.610e+02 2.612e+02 2.614e+02 2.616e+02
 2.618e+02 2.620e+02 2.622e+02 2.624e+02 2.626e+02 2.628e+02 2.630e+02
 2.632e+02 2.634e+02 2.636e+02 2.638e+02 2.640e+02 2.642e+02 2.644e+02
 2.646e+02 2.648e+02 2.650e+02 2.652e+02 2.654e+02 2.656e+02 2.658e+02
 2.660e+02 2.662e+02 2.664e+02 2.666e+02 2.668e+02 2.670e+02 2.672e+02
 2.674e+02 2.676e+02 2.678e+02 2.680e+02 2.682e+02 2.684e+02 2.686e+02
 2.688e+02 2.690e+02 2.692e+02 2.694e+02 2.696e+02 2.698e+02 2.700e+02
 2.702e+02 2.704e+02 2.706e+02 2.708e+02 2.710e+02 2.712e+02 2.714e+02
 2.716e+02 2.718e+02 2.720e+02 2.722e+02 2.724e+02 2.726e+02 2.728e+02
 2.730e+02 2.732e+02 2.734e+02 2.736e+02 2.738e+02 2.740e+02 2.742e+02
 2.744e+02 2.746e+02 2.748e+02 2.750e+02 2.752e+02 2.754e+02 2.756e+02
 2.758e+02 2.760e+02 2.762e+02 2.764e+02 2.766e+02 2.768e+02 2.770e+02
 2.772e+02 2.774e+02 2.776e+02 2.778e+02 2.780e+02 2.782e+02 2.784e+02
 2.786e+02 2.788e+02 2.790e+02 2.792e+02 2.794e+02 2.796e+02 2.798e+02
 2.800e+02 2.802e+02 2.804e+02 2.806e+02 2.808e+02 2.810e+02 2.812e+02
 2.814e+02 2.816e+02]
00:00:00.03 parameters: {'R': 8.314, 'nocomponents': 2, 'xnames': ['xA', 'xB'], 'ynames': ['yA', 'yB'], 'feed_yi': [0.2, 0.8], 'isomodel': 'Langmuir-Freundlich', 'bi': [0.0042, 0.0616], 'qsi': [2.5, 7.3], 'qs0': 7.3, 'ni': [1.006, 0.83], 'ki': [0.62, 0.197], 'Hi': [0, 0], 'mode': 1, 'bed': 1, 'N': 20, 'tstep': 0.2, 'adsorb': True, 'cycle_time': 36, 'vent_time': 23.04, 'Ta': 293.15, 'D': 0.083, 'L': 0.355, 'product_tank_volume': 0.002, 'epsilon': 0.37, 'epsilonp': 0.35, 'rp': 0.0007, 'tauprime': 3.0, 'input_orifice': 2.2, 'output_orifice': 1.4, 'product_orifice': 0.475, 'blowdown_orifice': 2.8, 'vent_orifice': 1.0, 'feed_pressure': 3.5, 'PI': 100000.0, 'PL': 25000.0, 'PH': 350000.0, 'product_pressure': 2, 'rho_s': 1130, 'rho_w': 7800, 'Cpg': 30.7, 'Cpa': 30.7, 'Cps': 1339, 'Cpw': 502, 'mu': 1.72e-05, 'Dm': 1.6e-05, 'gamma': 1.4, 'Kz': 0.09, 'Kw': 16, 'hin': 8.6, 'hout': 2.5, 'eta': 0.72, 'area': 0.005410607947645022, 'volume': 0.0019207658214139827, 'rin': 0.0415, 'rout': 0.2915, 'epst': 0.5873015873015873, 'epsb': 1.7027027027027026, 'cellsize': 0.01775, 'deltaZ': 0.05, 'container_vol': 0.0019207658214139827, 'vfeed': 1, 'norm_v0': 1, 'norm_t0': 0.355, 'norm_P0': 350000.0, 'norm_T0': 293, 'rho_g': 1.1898660666240475, 'Dp': 5.333333333333333e-06, 'lamda_pre': 0.5, 'lamda_blw': 0.5, 'lamda_eva': 0.5, 'tpre': 15, 'tads': 15, 'tblw': 30, 'teva': 40, 'norm_tpre': 42.25352112676057, 'norm_tads': 84.50704225352113, 'norm_tblw': 169.01408450704227, 'norm_tend': 281.69014084507046, 'DL': 0.00049}
00:00:00.03 State variable P: [[0.28571429 0.10388686 0.13510982 ... 0.0714275  0.07142752 0.07142754]
 [0.28571429 0.10403129 0.13519018 ... 0.07142457 0.07142462 0.07142468]
 [0.28571429 0.1041602  0.13525887 ... 0.07142161 0.07142171 0.0714218 ]
 ...
 [0.28571429 0.10521302 0.13580533 ... 0.0713752  0.07137592 0.07137663]
 [0.28571429 0.10521639 0.13580204 ... 0.07137522 0.07137594 0.07137665]
 [0.28571429 0.10521955 0.13580136 ... 0.07137523 0.07137595 0.07137666]]
00:00:00.03 State variable T: [[1.00051195 1.00051195 1.00051195 ... 1.00051195 1.00051195 1.00051195]
 [1.00051195 1.00051195 1.00051195 ... 1.00051195 1.00051195 1.00051195]
 [1.00051195 1.00051195 1.00051195 ... 1.00051195 1.00051195 1.00051195]
 ...
 [1.00051195 1.00051195 1.00051195 ... 1.00051195 1.00051195 1.00051195]
 [1.00051195 1.00051195 1.00051195 ... 1.00051195 1.00051195 1.00051195]
 [1.00051195 1.00051195 1.00051195 ... 1.00051195 1.00051195 1.00051195]]
00:00:00.03 State variable Tw: [[1. 1. 1. ... 1. 1. 1.]
 [1. 1. 1. ... 1. 1. 1.]
 [1. 1. 1. ... 1. 1. 1.]
 ...
 [1. 1. 1. ... 1. 1. 1.]
 [1. 1. 1. ... 1. 1. 1.]
 [1. 1. 1. ... 1. 1. 1.]]
00:00:00.03 State variable xA: [[ 2.70819390e-04  2.59193767e-04  2.48031305e-04 ...  3.02818303e-04
   3.02980774e-04  3.03142648e-04]
 [ 2.70819390e-04  2.78619065e-04  2.92410241e-04 ...  3.56211094e-04
   3.56211460e-04  3.56211823e-04]
 [ 2.70819390e-04  2.59212563e-04  2.48049292e-04 ...  1.28197115e-13
   1.32560272e-13  1.35897004e-13]
 ...
 [ 2.70819390e-04  2.78448085e-04  2.92376710e-04 ...  2.69907069e-06
   2.59458083e-06  2.49417896e-06]
 [ 2.70819390e-04  2.59899615e-04  2.48706754e-04 ...  6.92024919e-12
   6.72603715e-12  6.49729656e-12]
 [ 2.70819390e-04  2.64800879e-04  2.58339101e-04 ... -1.45505988e-13
  -1.39275646e-13 -1.33312678e-13]]
00:00:00.03 State variable xB: [[4.86544472e-02 4.82961141e-02 4.80283117e-02 ... 4.57724903e-03
  4.56497737e-03 4.55274819e-03]
 [4.86544472e-02 4.79823780e-02 4.73159188e-02 ... 2.24884360e-05
  2.21760791e-05 2.18680681e-05]
 [4.86544472e-02 4.83078979e-02 4.80404942e-02 ... 1.91337093e-02
  1.91334973e-02 1.91332886e-02]
 ...
 [4.86544472e-02 4.80317781e-02 4.73660976e-02 ... 1.56046057e-02
  1.56531011e-02 1.57009307e-02]
 [4.86544472e-02 4.83326759e-02 4.80670550e-02 ... 1.91208846e-02
  1.91207113e-02 1.91205425e-02]
 [4.86544472e-02 4.82642035e-02 4.79334660e-02 ... 1.91209104e-02
  1.91207367e-02 1.91205677e-02]]
00:00:00.03 State variable yA: [[ 2.00000000e-01 -8.01365436e+00 -8.34178657e+00 ...  8.64261457e-01
   8.64670888e-01  8.65078831e-01]
 [ 2.00000000e-01  3.47613830e+01  3.62588499e+01 ...  7.73230977e+02
   7.73096987e+02  7.72963181e+02]
 [ 2.00000000e-01 -3.11958987e+01 -3.29559008e+01 ... -1.02993030e+03
  -1.02964872e+03 -1.02936794e+03]
 ...
 [ 2.00000000e-01  1.47865666e+00  9.86435597e-01 ...  8.10036128e-04
   7.78626590e-04  7.48467619e-04]
 [ 2.00000000e-01 -7.79762729e-01 -6.33121902e-01 ... -4.78920607e+01
  -4.78919735e+01 -4.78918898e+01]
 [ 2.00000000e-01  2.35340714e-01  1.67423820e-01 ... -3.45522109e-06
  -3.45449636e-06 -3.45406816e-06]]
00:00:00.04 State variable yB: [[ 8.00000000e-01  9.01365415e+00  9.34178635e+00 ...  1.35738543e-01
   1.35329112e-01  1.34921169e-01]
 [ 8.00000000e-01 -3.37613823e+01 -3.52588491e+01 ... -7.72720789e+02
  -7.72586798e+02 -7.72452993e+02]
 [ 8.00000000e-01  3.21958982e+01  3.39559002e+01 ...  1.03134932e+03
   1.03106774e+03  1.03078696e+03]
 ...
 [ 8.00000000e-01 -4.78656617e-01  1.35644435e-02 ...  9.99189959e-01
   9.99221370e-01  9.99251529e-01]
 [ 8.00000000e-01  1.77976270e+00  1.63312188e+00 ...  4.89083087e+01
   4.89082215e+01  4.89081378e+01]
 [ 8.00000000e-01  7.64659289e-01  8.32576182e-01 ...  1.00000223e+00
   1.00000223e+00  1.00000223e+00]]
00:00:00.11 State variable velocity: yB
00:00:00.11 done
