Starting at 2022-06-19 04:21:06.928165
Args: ./test
00:00:00.00 time :[  0.   1.   2.   3.   4.   5.   6.   7.   8.   9.  10.  11.  12.  13.
  14.  15.  16.  17.  18.  19.  20.  21.  22.  23.  24.  25.  26.  27.
  28.  29.  30.  31.  32.  33.  34.  35.  36.  37.  38.  39.  40.  41.
  42.  43.  44.  45.  46.  47.  48.  49.  50.  51.  52.  53.  54.  55.
  56.  57.  58.  59.  60.  61.  62.  63.  64.  65.  66.  67.  68.  69.
  70.  71.  72.  73.  74.  75.  76.  77.  78.  79.  80.  81.  82.  83.
  84.  85.  86.  87.  88.  89.  90.  91.  92.  93.  94.  95.  96.  97.
  98.  99. 100. 101. 102. 103. 104. 105. 106. 107. 108. 109. 110. 111.
 112. 113. 114. 115. 116. 117. 118. 119. 120. 121. 122. 123. 124. 125.
 126. 127. 128. 129. 130. 131. 132. 133. 134. 135. 136. 137. 138. 139.
 140. 141. 142. 143. 144. 145. 146. 147. 148. 149. 150. 151. 152. 153.
 154. 155. 156. 157. 158. 159. 160. 161. 162. 163. 164. 165. 166. 167.
 168. 169. 170. 171. 172. 173. 174. 175. 176. 177. 178. 179. 180. 181.
 182. 183. 184. 185. 186. 187. 188. 189. 190. 191. 192. 193. 194. 195.
 196. 197. 198. 199. 200. 201. 202. 203. 204. 205. 206. 207. 208. 209.
 210. 211. 212. 213. 214. 215. 216. 217. 218. 219. 220. 221. 222. 223.
 224. 225. 226. 227. 228. 229. 230. 231. 232. 233. 234. 235. 236. 237.
 238. 239. 240. 241. 242. 243. 244. 245. 246. 247. 248. 249. 250. 251.
 252. 253. 254. 255. 256. 257. 258. 259. 260. 261. 262. 263. 264. 265.
 266. 267. 268. 269. 270. 271. 272. 273. 274. 275. 276. 277. 278. 279.
 280. 281.]
00:00:00.00 parameters: {'R': 8.314, 'nocomponents': 2, 'xnames': ['xA', 'xB'], 'ynames': ['yA', 'yB'], 'feed_yi': [0.2, 0.8], 'isomodel': 'Langmuir-Freundlich', 'bi': [0.0042, 0.0616], 'qsi': [2.5, 7.3], 'qs0': 7.3, 'ni': [1.006, 0.83], 'ki': [0.62, 0.197], 'Hi': [0, 0], 'mode': 1, 'bed': 1, 'N': 20, 'tstep': 1, 'adsorb': True, 'cycle_time': 36, 'vent_time': 23.04, 'Ta': 293.15, 'D': 0.083, 'L': 0.355, 'product_tank_volume': 0.002, 'epsilon': 0.37, 'epsilonp': 0.35, 'rp': 0.0007, 'tauprime': 3.0, 'input_orifice': 2.2, 'output_orifice': 1.4, 'product_orifice': 0.475, 'blowdown_orifice': 2.8, 'vent_orifice': 1.0, 'feed_pressure': 3.5, 'PI': 100000.0, 'PL': 25000.0, 'PH': 350000.0, 'product_pressure': 2, 'rho_s': 1130, 'rho_w': 7800, 'Cpg': 30.7, 'Cpa': 30.7, 'Cps': 1339, 'Cpw': 502, 'mu': 1.72e-05, 'Dm': 1.6e-05, 'gamma': 1.4, 'Kz': 0.09, 'Kw': 16, 'hin': 8.6, 'hout': 2.5, 'eta': 0.72, 'area': 0.005410607947645022, 'volume': 0.0019207658214139827, 'rin': 0.0415, 'rout': 0.2915, 'epst': 0.5873015873015873, 'epsb': 1.7027027027027026, 'cellsize': 0.01775, 'deltaZ': 0.05, 'container_vol': 0.0019207658214139827, 'vfeed': 1, 'norm_v0': 1, 'norm_t0': 0.355, 'norm_P0': 350000.0, 'norm_T0': 293, 'rho_g': 1.1898660666240475, 'Dp': 5.333333333333333e-06, 'lamda_pre': 0.5, 'lamda_blw': 0.5, 'lamda_eva': 0.5, 'tpre': 15, 'tads': 15, 'tblw': 30, 'teva': 40, 'norm_tpre': 42.25352112676057, 'norm_tads': 84.50704225352113, 'norm_tblw': 169.01408450704227, 'norm_tend': 281.69014084507046, 'DL': 0.00049}
00:00:00.01 State variable P: [[0.28571429 0.22244453 0.34887914 ... 0.07142729 0.07142739 0.07142749]
 [0.28571429 0.22243839 0.34882345 ... 0.07142389 0.07142421 0.07142451]
 [0.28571429 0.22242545 0.34876361 ... 0.07142046 0.071421   0.07142151]
 ...
 [0.28571429 0.22221778 0.34810302 ... 0.07136663 0.07137068 0.07137447]
 [0.28571429 0.22220709 0.34808986 ... 0.07136666 0.0713707  0.07137449]
 [0.28571429 0.22220213 0.34808342 ... 0.07136667 0.07137072 0.0713745 ]]
00:00:00.01 State variable T: [[1.00051195 1.00051195 1.00051195 ... 1.00051195 1.00051195 1.00051195]
 [1.00051195 1.00051195 1.00051195 ... 1.00051195 1.00051195 1.00051195]
 [1.00051195 1.00051195 1.00051195 ... 1.00051195 1.00051195 1.00051195]
 ...
 [1.00051195 1.00051195 1.00051195 ... 1.00051195 1.00051195 1.00051195]
 [1.00051195 1.00051195 1.00051195 ... 1.00051195 1.00051195 1.00051195]
 [1.00051195 1.00051195 1.00051195 ... 1.00051195 1.00051195 1.00051195]]
00:00:00.01 State variable Tw: [[1. 1. 1. ... 1. 1. 1.]
 [1. 1. 1. ... 1. 1. 1.]
 [1. 1. 1. ... 1. 1. 1.]
 ...
 [1. 1. 1. ... 1. 1. 1.]
 [1. 1. 1. ... 1. 1. 1.]
 [1. 1. 1. ... 1. 1. 1.]]
00:00:00.01 State variable xA: [[ 2.70819390e-04  2.17346671e-04  1.74407282e-04 ...  3.00990908e-04
   3.01830775e-04  3.02655231e-04]
 [ 2.70819390e-04  3.68060716e-04  5.82379897e-04 ...  3.56206844e-04
   3.56208825e-04  3.56210724e-04]
 [ 2.70819390e-04  2.17362432e-04  1.74419881e-04 ...  3.20834654e-14
   8.52906314e-14  1.22857947e-13]
 ...
 [ 2.70819390e-04  3.05167359e-04  2.60580884e-04 ...  4.17231369e-06
   3.42132771e-06  2.80782199e-06]
 [ 2.70819390e-04  2.17938558e-04  1.74882344e-04 ...  7.28013891e-12
   7.46920347e-12  7.08180508e-12]
 [ 2.70819390e-04  2.38293374e-04  2.05172126e-04 ... -2.35975192e-13
  -1.89246292e-13 -1.52017488e-13]]
00:00:00.01 State variable xB: [[4.86544472e-02 4.77059991e-02 4.84237578e-02 ... 4.71509710e-03
  4.65178196e-03 4.58956336e-03]
 [4.86544472e-02 4.53715719e-02 4.23069203e-02 ... 2.62290494e-05
  2.44572470e-05 2.28051990e-05]
 [4.86544472e-02 4.77180240e-02 4.84341853e-02 ... 1.91362697e-02
  1.91350521e-02 1.91339246e-02]
 ...
 [4.86544472e-02 4.64085435e-02 4.70152838e-02 ... 1.50245829e-02
  1.52991480e-02 1.55554357e-02]
 [4.86544472e-02 4.77440320e-02 4.84533737e-02 ... 1.91231217e-02
  1.91220263e-02 1.91210627e-02]
 [4.86544472e-02 4.74645862e-02 4.80272651e-02 ... 1.91231512e-02
  1.91220540e-02 1.91210888e-02]]
00:00:00.01 State variable yA: [[ 2.00000000e-01 -8.27387857e+00 -6.86625090e+00 ...  8.59657546e-01
   8.61773231e-01  8.63850529e-01]
 [ 2.00000000e-01  3.62031073e+01  3.04982213e+01 ...  7.74717759e+02
   7.74038930e+02  7.73365154e+02]
 [ 2.00000000e-01 -3.34214683e+01 -2.82238147e+01 ... -1.03308427e+03
  -1.03163741e+03 -1.03021270e+03]
 ...
 [ 2.00000000e-01  1.90178506e-01  1.64181462e-02 ...  1.25346735e-03
   1.02741483e-03  8.42744614e-04]
 [ 2.00000000e-01 -2.08535630e-01 -4.49935784e-02 ... -4.78932896e+01
  -4.78926633e+01 -4.78921514e+01]
 [ 2.00000000e-01  8.10943228e-02  3.69472968e-02 ... -3.47735085e-06
  -3.46466631e-06 -3.45622205e-06]]
00:00:00.01 State variable yB: [[ 8.00000000e-01  9.27387835e+00  7.86625059e+00 ...  1.40342454e-01
   1.38226769e-01  1.36149471e-01]
 [ 8.00000000e-01 -3.52031065e+01 -2.94982218e+01 ... -7.74207571e+02
  -7.73528742e+02 -7.72854966e+02]
 [ 8.00000000e-01  3.44214677e+01  2.92238134e+01 ...  1.03450329e+03
   1.03305643e+03  1.03163172e+03]
 ...
 [ 8.00000000e-01  8.09821502e-01  9.83572889e-01 ...  9.98746503e-01
   9.98972562e-01  9.99157248e-01]
 [ 8.00000000e-01  1.20853562e+00  1.04499054e+00 ...  4.89095373e+01
   4.89089111e+01  4.89083994e+01]
 [ 8.00000000e-01  9.18905678e-01  9.63052773e-01 ...  1.00000229e+00
   1.00000226e+00  1.00000223e+00]]
00:00:00.04 State variable velocity: yB
00:00:00.04 done
