Starting at 2022-06-20 02:54:02.666022
Args: ./test
00:00:00.01 time :[  0.   1.   2.   3.   4.   5.   6.   7.   8.   9.  10.  11.  12.  13.
  14.  15.  16.  17.  18.  19.  20.  21.  22.  23.  24.  25.  26.  27.
  28.  29.  30.  31.  32.  33.  34.  35.  36.  37.  38.  39.  40.  41.
  42.  43.  44.  45.  46.  47.  48.  49.  50.  51.  52.  53.  54.  55.
  56.  57.  58.  59.  60.  61.  62.  63.  64.  65.  66.  67.  68.  69.
  70.  71.  72.  73.  74.  75.  76.  77.  78.  79.  80.  81.  82.  83.
  84.  85.  86.  87.  88.  89.  90.  91.  92.  93.  94.  95.  96.  97.
  98.  99. 100. 101. 102. 103. 104. 105. 106. 107. 108. 109. 110. 111.
 112. 113. 114. 115. 116. 117. 118. 119. 120. 121. 122. 123. 124. 125.
 126. 127. 128. 129. 130. 131. 132. 133. 134. 135. 136. 137. 138. 139.
 140. 141. 142. 143. 144. 145. 146. 147. 148. 149. 150. 151. 152. 153.
 154. 155. 156. 157. 158. 159. 160. 161. 162. 163. 164. 165. 166. 167.
 168. 169. 170. 171. 172. 173. 174. 175. 176. 177. 178. 179. 180. 181.
 182. 183. 184. 185. 186. 187. 188. 189. 190. 191. 192. 193. 194. 195.
 196. 197. 198. 199. 200. 201. 202. 203. 204. 205. 206. 207. 208. 209.
 210. 211. 212. 213. 214. 215. 216. 217. 218. 219. 220. 221. 222. 223.
 224. 225. 226. 227. 228. 229. 230. 231. 232. 233. 234. 235. 236. 237.
 238. 239. 240. 241. 242. 243. 244. 245. 246. 247. 248. 249. 250. 251.
 252. 253. 254. 255. 256. 257. 258. 259. 260. 261. 262. 263. 264. 265.
 266. 267. 268. 269. 270. 271. 272. 273. 274. 275. 276. 277. 278. 279.
 280. 281.]
00:00:00.01 parameters: {'R': 8.314, 'nocomponents': 2, 'xnames': ['xA', 'xB'], 'ynames': ['yA', 'yB'], 'feed_yi': [0.2, 0.8], 'isomodel': 'Langmuir-Freundlich', 'bi': [0.0042, 0.0616], 'qsi': [2.5, 7.3], 'qs0': 7.3, 'ni': [1.006, 0.83], 'ki': [0.62, 0.197], 'Hi': [0, 0], 'mode': 1, 'bed': 1, 'N': 20, 'tstep': 1, 'adsorb': True, 'Ta': 293.15, 'D': 0.083, 'L': 0.355, 'product_tank_volume': 0.002, 'epsilon': 0.37, 'epsilonp': 0.35, 'rp': 0.0007, 'tauprime': 3.0, 'input_orifice': 2.2, 'output_orifice': 1.4, 'product_orifice': 0.475, 'blowdown_orifice': 2.8, 'vent_orifice': 1.0, 'feed_pressure': 3.5, 'PI': 100000.0, 'PL': 25000.0, 'PH': 350000.0, 'product_pressure': 2, 'rho_s': 1130, 'rho_w': 7800, 'Cpg': 30.7, 'Cpa': 30.7, 'Cps': 1339, 'Cpw': 502, 'mu': 1.72e-05, 'Dm': 1.6e-05, 'gamma': 1.4, 'Kz': 0.09, 'Kw': 16, 'hin': 8.6, 'hout': 2.5, 'eta': 0.72, 'area': 0.005410607947645022, 'volume': 0.0019207658214139827, 'rin': 0.0415, 'rout': 0.2915, 'epst': 0.5873015873015873, 'epsb': 1.7027027027027026, 'cellsize': 0.01775, 'deltaZ': 0.049999999999999996, 'container_vol': 0.0019207658214139827, 'vfeed': 1, 'norm_v0': 1, 'norm_t0': 0.355, 'norm_P0': 350000.0, 'norm_T0': 293, 'rho_g': 1.1898660666240475, 'Dp': 5.333333333333333e-06, 'lamda_pre': 0.5, 'lamda_blw': 0.5, 'lamda_eva': 0.5, 'tpre': 15, 'tads': 15, 'tblw': 30, 'teva': 40, 'norm_tpre': 42.25352112676057, 'norm_tads': 84.50704225352113, 'norm_tblw': 169.01408450704227, 'norm_tend': 281.69014084507046, 'DL': 0.00049}
00:00:00.01 State variable P: [[0.28571429 0.22244453 0.34887914 ... 0.07142878 0.07142879 0.07142879]
 [0.28571429 0.22243839 0.34882345 ... 0.07142828 0.07142832 0.07142836]
 [0.28571429 0.22242545 0.34876361 ... 0.07142775 0.07142783 0.0714279 ]
 ...
 [0.28571429 0.22221778 0.34810303 ... 0.0714144  0.07141536 0.07141626]
 [0.28571429 0.22220709 0.34808988 ... 0.07141446 0.07141541 0.07141631]
 [0.28571429 0.22220213 0.34808343 ... 0.07141449 0.07141544 0.07141633]]
00:00:00.01 State variable T: [[1.00051195 1.00051195 1.00051195 ... 1.00051195 1.00051195 1.00051195]
 [1.00051195 1.00051195 1.00051195 ... 1.00051195 1.00051195 1.00051195]
 [1.00051195 1.00051195 1.00051195 ... 1.00051195 1.00051195 1.00051195]
 ...
 [1.00051195 1.00051195 1.00051195 ... 1.00051195 1.00051195 1.00051195]
 [1.00051195 1.00051195 1.00051195 ... 1.00051195 1.00051195 1.00051195]
 [1.00051195 1.00051195 1.00051195 ... 1.00051195 1.00051195 1.00051195]]
00:00:00.01 State variable Tw: [[1. 1. 1. ... 1. 1. 1.]
 [1. 1. 1. ... 1. 1. 1.]
 [1. 1. 1. ... 1. 1. 1.]
 ...
 [1. 1. 1. ... 1. 1. 1.]
 [1. 1. 1. ... 1. 1. 1.]
 [1. 1. 1. ... 1. 1. 1.]]
00:00:00.01 State variable xA: [[2.70819390e-04 2.17346671e-04 1.74407282e-04 ... 2.96503713e-04
  2.97426359e-04 2.98331815e-04]
 [2.70819390e-04 3.68060717e-04 5.82379897e-04 ... 3.56236730e-04
  3.56237013e-04 3.56237277e-04]
 [2.70819390e-04 2.17362432e-04 1.74419881e-04 ... 1.66791575e-15
  1.34520709e-15 1.05405997e-15]
 ...
 [2.70819390e-04 3.05167356e-04 2.60580882e-04 ... 1.79332494e-07
  1.47748177e-07 1.19630609e-07]
 [2.70819390e-04 2.17938558e-04 1.74882344e-04 ... 2.75117431e-17
  2.21887550e-17 1.73863721e-17]
 [2.70819390e-04 2.38293375e-04 2.05172127e-04 ... 2.74815149e-15
  2.30839348e-15 1.91914482e-15]]
00:00:00.02 State variable xB: [[4.86544472e-02 4.77059991e-02 4.84237578e-02 ... 5.05339639e-03
  4.98412441e-03 4.91608167e-03]
 [4.86544472e-02 4.53715719e-02 4.23069203e-02 ... 3.10175538e-05
  2.89249514e-05 2.69693955e-05]
 [4.86544472e-02 4.77180240e-02 4.84341853e-02 ... 1.91517081e-02
  1.91495543e-02 1.91475425e-02]
 ...
 [4.86544472e-02 4.64085437e-02 4.70152839e-02 ... 1.78288868e-02
  1.79157431e-02 1.79969222e-02]
 [4.86544472e-02 4.77440320e-02 4.84533737e-02 ... 1.91488572e-02
  1.91467076e-02 1.91447110e-02]
 [4.86544472e-02 4.74645862e-02 4.80272651e-02 ... 1.91489008e-02
  1.91467487e-02 1.91447497e-02]]
00:00:00.02 State variable yA: [[ 2.00000000e-01 -8.27387845e+00 -6.86625094e+00 ...  8.48330960e-01
   8.50654171e-01  8.52934579e-01]
 [ 2.00000000e-01  3.62031067e+01  3.04982216e+01 ...  4.81374592e+02
   4.80729013e+02  4.80085459e+02]
 [ 2.00000000e-01 -3.34214677e+01 -2.82238150e+01 ... -7.62212570e+02
  -7.61055627e+02 -7.59902024e+02]
 ...
 [ 2.00000000e-01  1.90178516e-01  1.64180800e-02 ...  5.41190287e-05
   4.45516019e-05  3.60451011e-05]
 [ 2.00000000e-01 -2.08535567e-01 -4.49934914e-02 ... -3.30906002e+01
  -3.30905740e+01 -3.30905506e+01]
 [ 2.00000000e-01  8.10943293e-02  3.69472893e-02 ...  1.78375764e-12
   1.49871867e-12  1.24640899e-12]]
00:00:00.02 State variable yB: [[ 8.00000000e-01  9.27387824e+00  7.86625064e+00 ...  1.51669040e-01
   1.49345829e-01  1.47065421e-01]
 [ 8.00000000e-01 -3.52031060e+01 -2.94982221e+01 ... -4.82154028e+02
  -4.81508449e+02 -4.80864895e+02]
 [ 8.00000000e-01  3.44214671e+01  2.92238137e+01 ...  7.68835955e+02
   7.67679012e+02  7.66525409e+02]
 ...
 [ 8.00000000e-01  8.09821492e-01  9.83572956e-01 ...  9.99943150e-01
   9.99948703e-01  9.99957866e-01]
 [ 8.00000000e-01  1.20853556e+00  1.04499046e+00 ...  3.42904361e+01
   3.42904118e+01  3.42903881e+01]
 [ 8.00000000e-01  9.18905672e-01  9.63052781e-01 ...  1.00000000e+00
   1.00000000e+00  1.00000000e+00]]
00:00:00.04 State variable velocity: yB
00:00:00.65 done
