Starting at 2022-06-20 03:58:06.207651
Args: ./test
00:00:00.01 time :[  0.   1.   2.   3.   4.   5.   6.   7.   8.   9.  10.  11.  12.  13.
  14.  15.  16.  17.  18.  19.  20.  21.  22.  23.  24.  25.  26.  27.
  28.  29.  30.  31.  32.  33.  34.  35.  36.  37.  38.  39.  40.  41.
  42.  43.  44.  45.  46.  47.  48.  49.  50.  51.  52.  53.  54.  55.
  56.  57.  58.  59.  60.  61.  62.  63.  64.  65.  66.  67.  68.  69.
  70.  71.  72.  73.  74.  75.  76.  77.  78.  79.  80.  81.  82.  83.
  84.  85.  86.  87.  88.  89.  90.  91.  92.  93.  94.  95.  96.  97.
  98.  99. 100. 101. 102. 103. 104. 105. 106. 107. 108. 109. 110. 111.
 112. 113. 114. 115. 116. 117. 118. 119. 120. 121. 122. 123. 124. 125.
 126. 127. 128. 129. 130. 131. 132. 133. 134. 135. 136. 137. 138. 139.
 140. 141. 142. 143. 144. 145. 146. 147. 148. 149. 150. 151. 152. 153.
 154. 155. 156. 157. 158. 159. 160. 161. 162. 163. 164. 165. 166. 167.
 168. 169. 170. 171. 172. 173. 174. 175. 176. 177. 178. 179. 180. 181.
 182. 183. 184. 185. 186. 187. 188. 189. 190. 191. 192. 193. 194. 195.
 196. 197. 198. 199. 200. 201. 202. 203. 204. 205. 206. 207. 208. 209.
 210. 211. 212. 213. 214. 215. 216. 217. 218. 219. 220. 221. 222. 223.
 224. 225. 226. 227. 228. 229. 230. 231. 232. 233. 234. 235. 236. 237.
 238. 239. 240. 241. 242. 243. 244. 245. 246. 247. 248. 249. 250. 251.
 252. 253. 254. 255. 256. 257. 258. 259. 260. 261. 262. 263. 264. 265.
 266. 267. 268. 269. 270. 271. 272. 273. 274. 275. 276. 277. 278. 279.
 280. 281.]
00:00:00.01 parameters: {'R': 8.314, 'nocomponents': 2, 'xnames': ['xA', 'xB'], 'ynames': ['yA', 'yB'], 'feed_yi': [0.2, 0.8], 'isomodel': 'Langmuir-Freundlich', 'bi': [0.0042, 0.0616], 'qsi': [2.5, 7.3], 'qs0': 7.3, 'ni': [1.006, 0.83], 'ki': [0.62, 0.197], 'Hi': [0, 0], 'mode': 1, 'bed': 1, 'N': 20, 'tstep': 1, 'adsorb': True, 'Ta': 293.15, 'D': 0.083, 'L': 0.355, 'product_tank_volume': 0.002, 'epsilon': 0.37, 'epsilonp': 0.35, 'rp': 0.0007, 'tauprime': 3.0, 'input_orifice': 2.2, 'output_orifice': 1.4, 'product_orifice': 0.475, 'blowdown_orifice': 2.8, 'vent_orifice': 1.0, 'feed_pressure': 3.5, 'PI': 100000.0, 'PL': 25000.0, 'PH': 350000.0, 'product_pressure': 2, 'rho_s': 1130, 'rho_w': 7800, 'Cpg': 30.7, 'Cpa': 30.7, 'Cps': 1339, 'Cpw': 502, 'mu': 1.72e-05, 'Dm': 1.6e-05, 'gamma': 1.4, 'Kz': 0.09, 'Kw': 16, 'hin': 8.6, 'hout': 2.5, 'eta': 0.72, 'area': 0.005410607947645022, 'volume': 0.0019207658214139827, 'rin': 0.0415, 'rout': 0.2915, 'epst': 0.5873015873015873, 'epsb': 1.7027027027027026, 'cellsize': 0.01775, 'deltaZ': 0.049999999999999996, 'container_vol': 0.0019207658214139827, 'vfeed': 1, 'norm_v0': 1, 'norm_t0': 0.355, 'norm_P0': 350000.0, 'norm_T0': 293, 'rho_g': 1.1898660666240475, 'Dp': 5.333333333333333e-06, 'lamda_pre': 0.5, 'lamda_blw': 0.5, 'lamda_eva': 0.5, 'tpre': 15, 'tads': 15, 'tblw': 30, 'teva': 40, 'norm_tpre': 42.25352112676057, 'norm_tads': 84.50704225352113, 'norm_tblw': 169.01408450704227, 'norm_tend': 281.69014084507046, 'DL': 0.00049}
00:00:00.02 State variable P: [[0.28571429 0.22244451 0.34887917 ... 0.07142904 0.07142589 0.07142359]
 [0.28571429 0.22243837 0.34882354 ... 0.07142907 0.07141962 0.07141274]
 [0.28571429 0.22242544 0.34876377 ... 0.07142908 0.07141332 0.07140186]
 ...
 [0.28571429 0.22221786 0.348104   ... 0.07143177 0.07131778 0.07122708]
 [0.28571429 0.22220717 0.34809085 ... 0.07143184 0.07131794 0.07122723]
 [0.28571429 0.22220222 0.34808442 ... 0.07143187 0.07131802 0.07122731]]
00:00:00.02 State variable T: [[1.00051195 1.00051195 1.00051195 ... 1.00051195 1.00051195 1.00051195]
 [1.00051195 1.00051195 1.00051195 ... 1.00051195 1.00051195 1.00051195]
 [1.00051195 1.00051195 1.00051195 ... 1.00051195 1.00051195 1.00051195]
 ...
 [1.00051195 1.00051195 1.00051195 ... 1.00051195 1.00051195 1.00051195]
 [1.00051195 1.00051195 1.00051195 ... 1.00051195 1.00051195 1.00051195]
 [1.00051195 1.00051195 1.00051195 ... 1.00051195 1.00051195 1.00051195]]
00:00:00.02 State variable Tw: [[1. 1. 1. ... 1. 1. 1.]
 [1. 1. 1. ... 1. 1. 1.]
 [1. 1. 1. ... 1. 1. 1.]
 ...
 [1. 1. 1. ... 1. 1. 1.]
 [1. 1. 1. ... 1. 1. 1.]
 [1. 1. 1. ... 1. 1. 1.]]
00:00:00.02 State variable xA: [[2.70819390e-04 2.17359312e-04 1.74444046e-04 ... 2.96500653e-04
  2.97423049e-04 2.98324689e-04]
 [2.70819390e-04 3.68032897e-04 5.82347760e-04 ... 3.56239647e-04
  3.56237039e-04 3.56223710e-04]
 [2.70819390e-04 2.17375140e-04 1.74456517e-04 ... 3.30989961e-08
  3.30985989e-08 3.30965663e-08]
 ...
 [2.70819390e-04 3.05420442e-04 2.60768475e-04 ... 3.31009666e-08
  3.30981476e-08 3.30830058e-08]
 [2.70819390e-04 2.17949948e-04 1.74917073e-04 ... 3.31010125e-08
  3.30981946e-08 3.30830570e-08]
 [2.70819390e-04 2.38309394e-04 2.05186578e-04 ... 3.31010357e-08
  3.30982183e-08 3.30830830e-08]]
00:00:00.02 State variable xB: [[4.86544472e-02 4.77056418e-02 4.84234144e-02 ... 5.05541322e-03
  4.98613361e-03 4.91808593e-03]
 [4.86544472e-02 4.53727247e-02 4.23099993e-02 ... 4.00217334e-05
  3.79475246e-05 3.60137250e-05]
 [4.86544472e-02 4.77176691e-02 4.84338458e-02 ... 1.91520937e-02
  1.91498726e-02 1.91475227e-02]
 ...
 [4.86544472e-02 4.64028488e-02 4.70107659e-02 ... 1.91580672e-02
  1.91551310e-02 1.91502935e-02]
 [4.86544472e-02 4.77437105e-02 4.84530749e-02 ... 1.91577495e-02
  1.91548361e-02 1.91500239e-02]
 [4.86544472e-02 4.74639429e-02 4.80268532e-02 ... 1.91582036e-02
  1.91552603e-02 1.91504203e-02]]
00:00:00.02 State variable yA: [[ 2.00000000e-01 -8.27099720e+00 -6.86289194e+00 ...  8.48327235e-01
   8.50647903e-01  8.52922455e-01]
 [ 2.00000000e-01  3.62060173e+01  3.04983954e+01 ...  4.87965611e+02
   4.87304711e+02  4.86529215e+02]
 [ 2.00000000e-01 -3.34255513e+01 -2.82250938e+01 ... -7.69945989e+02
  -7.68685823e+02 -7.66640711e+02]
 ...
 [ 2.00000000e-01  1.89201527e-01  1.65158316e-02 ... -3.65543709e-03
  -3.65583524e-03 -3.65650058e-03]
 [ 2.00000000e-01 -2.11405564e-01 -4.79736165e-02 ... -3.82382740e-03
  -3.82422264e-03 -3.82486236e-03]
 [ 2.00000000e-01  8.09585560e-02  3.69991742e-02 ... -3.74337109e-03
  -3.74377042e-03 -3.74441396e-03]]
00:00:00.02 State variable yB: [[ 8.00000000e-01  9.27534992e+00  7.86685159e+00 ...  1.51757800e-01
   1.49437361e-01  1.47163033e-01]
 [ 8.00000000e-01 -3.52063115e+01 -2.94987864e+01 ... -4.88951356e+02
  -4.88290467e+02 -4.87514993e+02]
 [ 8.00000000e-01  3.44255577e+01  2.92251265e+01 ...  7.76660562e+02
   7.75400395e+02  7.73355283e+02]
 ...
 [ 8.00000000e-01  8.10753635e-01  9.83586434e-01 ...  5.85712096e+01
   5.80788777e+01  5.78726394e+01]
 [ 8.00000000e-01  1.21124020e+00  1.04772919e+00 ...  1.00233989e+00
   1.00234000e+00  1.00233838e+00]
 [ 8.00000000e-01  9.19068568e-01  9.63086799e-01 ...  1.05801058e+00
   1.05801056e+00  1.05801069e+00]]
00:00:00.04 State variable velocity: yB
00:00:00.73 done
