Starting at 2022-06-20 15:21:28.809911
Args: ./test
00:00:00.01 time :[ 0.  1.  2.  3.  4.  5.  6.  7.  8.  9. 10. 11. 12. 13. 14. 15. 16. 17.
 18. 19. 20. 21. 22. 23. 24. 25. 26. 27. 28. 29. 30. 31. 32. 33. 34. 35.
 36. 37. 38. 39. 40. 41. 42. 43. 44. 45. 46. 47. 48. 49. 50. 51. 52. 53.
 54. 55. 56. 57. 58. 59. 60. 61. 62. 63. 64. 65. 66. 67. 68. 69. 70. 71.
 72. 73. 74. 75. 76. 77. 78. 79. 80. 81. 82. 83. 84. 85. 86. 87. 88. 89.
 90. 91. 92. 93. 94. 95. 96. 97. 98. 99.]
00:00:00.01 parameters: {'R': 8.314, 'nocomponents': 2, 'xnames': ['xA', 'xB'], 'ynames': ['yA', 'yB'], 'feed_yi': [0.2, 0.8], 'isomodel': 'Langmuir-Freundlich', 'bi': [0.0042, 0.0616], 'qsi': [2.5, 7.3], 'qs0': 7.3, 'ni': [1.006, 0.83], 'ki': [0.62, 0.197], 'Hi': [0, 0], 'mode': 1, 'bed': 1, 'N': 40, 'tstep': 1, 'adsorb': True, 'Ta': 293.15, 'D': 0.083, 'L': 1, 'product_tank_volume': 0.002, 'epsilon': 0.37, 'epsilonp': 0.35, 'rp': 0.0007, 'tauprime': 3.0, 'input_orifice': 2.2, 'output_orifice': 1.4, 'product_orifice': 0.475, 'blowdown_orifice': 2.8, 'vent_orifice': 1.0, 'feed_pressure': 3.5, 'PI': 100000.0, 'PL': 25000.0, 'PH': 350000.0, 'product_pressure': 2, 'rho_s': 1130, 'rho_w': 7800, 'Cpg': 30.7, 'Cpa': 30.7, 'Cps': 1339, 'Cpw': 502, 'mu': 1.72e-05, 'Dm': 1.6e-05, 'gamma': 1.4, 'Kz': 0.09, 'Kw': 16, 'hin': 8.6, 'hout': 2.5, 'eta': 0.72, 'area': 0.005410607947645022, 'volume': 0.005410607947645022, 'rin': 0.0415, 'rout': 0.2915, 'epst': 0.5873015873015873, 'epsb': 1.7027027027027026, 'cellsize': 0.025, 'deltaZ': 0.025, 'container_vol': 0.005410607947645022, 'vfeed': 1, 'norm_v0': 1, 'norm_t0': 1.0, 'norm_P0': 350000.0, 'norm_T0': 293, 'rho_g': 1.1898660666240475, 'Dp': 5.333333333333333e-06, 'lamda_pre': 0.5, 'lamda_blw': 0.5, 'lamda_eva': 0.5, 'tpre': 15, 'tads': 15, 'tblw': 30, 'teva': 40, 'norm_tpre': 15.0, 'norm_tads': 30.0, 'norm_tblw': 60.0, 'norm_tend': 100.0, 'DL': 0.00049}
00:00:00.01 State variable P: [[0.07142857 0.43648338 0.65817777 ... 0.07143102 0.07143281 0.0714327 ]
 [0.07142857 0.43588232 0.65780154 ... 0.07143657 0.07143785 0.07143703]
 [0.07142857 0.43529889 0.65743894 ... 0.071442   0.07144273 0.07144124]
 ...
 [0.07142857 0.42537281 0.65209927 ... 0.07156835 0.07154214 0.07152359]
 [0.07142857 0.42535028 0.65209182 ... 0.07156883 0.07154268 0.07152405]
 [0.07142857 0.42533904 0.65208814 ... 0.07156907 0.07154294 0.07152429]]
00:00:00.01 State variable T: [[1.00051195 1.00051195 1.00051195 ... 1.00051195 1.00051195 1.00051195]
 [1.00051195 1.00051195 1.00051195 ... 1.00051195 1.00051195 1.00051195]
 [1.00051195 1.00051195 1.00051195 ... 1.00051195 1.00051195 1.00051195]
 ...
 [1.00051195 1.00051195 1.00051195 ... 1.00051195 1.00051195 1.00051195]
 [1.00051195 1.00051195 1.00051195 ... 1.00051195 1.00051195 1.00051195]
 [1.00051195 1.00051195 1.00051195 ... 1.00051195 1.00051195 1.00051195]]
00:00:00.01 State variable Tw: [[1. 1. 1. ... 1. 1. 1.]
 [1. 1. 1. ... 1. 1. 1.]
 [1. 1. 1. ... 1. 1. 1.]
 ...
 [1. 1. 1. ... 1. 1. 1.]
 [1. 1. 1. ... 1. 1. 1.]
 [1. 1. 1. ... 1. 1. 1.]]
00:00:00.01 State variable xA: [[6.94967024e-05 1.64814671e-04 3.35300144e-04 ... 2.42377557e-04
  2.45865072e-04 2.49212045e-04]
 [6.94967024e-05 1.66685895e-04 3.42884838e-04 ... 3.56298393e-04
  3.56290694e-04 3.56284331e-04]
 [6.94967024e-05 1.68627240e-04 3.50849823e-04 ... 3.31087729e-08
  3.31073652e-08 3.31060784e-08]
 ...
 [6.94967024e-05 3.04145341e-04 1.11345361e-03 ... 3.57184334e-04
  3.57034394e-04 3.56910358e-04]
 [6.94967024e-05 3.04944039e-04 1.12924464e-03 ... 3.31886875e-08
  3.31745932e-08 3.31624318e-08]
 [6.94967024e-05 3.04745871e-04 1.13757785e-03 ... 3.31888686e-08
  3.31747486e-08 3.31625622e-08]]
00:00:00.01 State variable xB: [[1.59356412e-02 2.13597596e-02 3.20928334e-02 ... 8.24112236e-03
  8.01494845e-03 7.79812011e-03]
 [1.59356412e-02 2.13114764e-02 3.19672338e-02 ... 5.18578468e-05
  4.42320353e-05 3.79634732e-05]
 [1.59356412e-02 2.12629657e-02 3.18378852e-02 ... 1.91805212e-02
  1.91701805e-02 1.91616080e-02]
 ...
 [1.59356412e-02 1.91624127e-02 2.15108878e-02 ... 7.58622636e-05
  6.39353278e-05 5.41308265e-05]
 [1.59356412e-02 1.91523589e-02 2.12900775e-02 ... 1.92966699e-02
  1.92700181e-02 1.92473161e-02]
 [1.59356412e-02 1.91547916e-02 2.11755115e-02 ... 1.92968508e-02
  1.92701746e-02 1.92474517e-02]]
00:00:00.01 State variable yA: [[ 2.00000000e-01  2.04282461e-01  2.06039978e-01 ...  7.02696463e-01
   7.11747988e-01  7.20420153e-01]
 [ 2.00000000e-01  2.08698297e-01  2.12313544e-01 ...  1.41657660e+03
   1.41581772e+03  1.41501536e+03]
 [ 2.00000000e-01  2.13293784e-01  2.18933494e-01 ... -1.84541163e+03
  -1.84460042e+03 -1.84367377e+03]
 ...
 [ 2.00000000e-01  6.00676669e-01  8.27933545e-01 ...  1.02535226e+01
   8.76327376e+00  7.26122790e+00]
 [ 2.00000000e-01  6.07813785e-01  8.36743391e-01 ... -3.56418377e+01
  -3.49281858e+01 -3.42049265e+01]
 [ 2.00000000e-01  6.10191168e-01  8.41820711e-01 ... -3.34853414e-03
  -3.35216035e-03 -3.35524975e-03]]
00:00:00.01 State variable yB: [[ 8.00000000e-01  7.95717539e-01  7.93960022e-01 ...  2.97346609e-01
   2.88356423e-01  2.79712440e-01]
 [ 8.00000000e-01  7.91301703e-01  7.87686456e-01 ... -1.41714140e+03
  -1.41638050e+03 -1.41557628e+03]
 [ 8.00000000e-01  7.86706216e-01  7.81066506e-01 ...  1.85117503e+03
   1.85036380e+03  1.84943714e+03]
 ...
 [ 8.00000000e-01  3.99323331e-01  1.72066455e-01 ... -1.21277926e+01
  -1.06375453e+01 -9.13550072e+00]
 [ 8.00000000e-01  3.92186215e-01  1.63256609e-01 ...  3.99697540e+01
   3.92560982e+01  3.85328356e+01]
 [ 8.00000000e-01  3.89808832e-01  1.58179289e-01 ...  9.99999613e-01
   9.99999706e-01  9.99999835e-01]]
00:00:00.02 State variable velocity: yB
00:00:00.78 done
