Starting at 2022-06-20 15:24:14.990461
Args: ./test
00:00:00.01 time :[ 0.   0.2  0.4  0.6  0.8  1.   1.2  1.4  1.6  1.8  2.   2.2  2.4  2.6
  2.8  3.   3.2  3.4  3.6  3.8  4.   4.2  4.4  4.6  4.8  5.   5.2  5.4
  5.6  5.8  6.   6.2  6.4  6.6  6.8  7.   7.2  7.4  7.6  7.8  8.   8.2
  8.4  8.6  8.8  9.   9.2  9.4  9.6  9.8 10.  10.2 10.4 10.6 10.8 11.
 11.2 11.4 11.6 11.8 12.  12.2 12.4 12.6 12.8 13.  13.2 13.4 13.6 13.8
 14.  14.2 14.4 14.6 14.8 15.  15.2 15.4 15.6 15.8 16.  16.2 16.4 16.6
 16.8 17.  17.2 17.4 17.6 17.8 18.  18.2 18.4 18.6 18.8 19.  19.2 19.4
 19.6 19.8 20.  20.2 20.4 20.6 20.8 21.  21.2 21.4 21.6 21.8 22.  22.2
 22.4 22.6 22.8 23.  23.2 23.4 23.6 23.8 24.  24.2 24.4 24.6 24.8 25.
 25.2 25.4 25.6 25.8 26.  26.2 26.4 26.6 26.8 27.  27.2 27.4 27.6 27.8
 28.  28.2 28.4 28.6 28.8 29.  29.2 29.4 29.6 29.8 30.  30.2 30.4 30.6
 30.8 31.  31.2 31.4 31.6 31.8 32.  32.2 32.4 32.6 32.8 33.  33.2 33.4
 33.6 33.8 34.  34.2 34.4 34.6 34.8 35.  35.2 35.4 35.6 35.8 36.  36.2
 36.4 36.6 36.8 37.  37.2 37.4 37.6 37.8 38.  38.2 38.4 38.6 38.8 39.
 39.2 39.4 39.6 39.8 40.  40.2 40.4 40.6 40.8 41.  41.2 41.4 41.6 41.8
 42.  42.2 42.4 42.6 42.8 43.  43.2 43.4 43.6 43.8 44.  44.2 44.4 44.6
 44.8 45.  45.2 45.4 45.6 45.8 46.  46.2 46.4 46.6 46.8 47.  47.2 47.4
 47.6 47.8 48.  48.2 48.4 48.6 48.8 49.  49.2 49.4 49.6 49.8 50.  50.2
 50.4 50.6 50.8 51.  51.2 51.4 51.6 51.8 52.  52.2 52.4 52.6 52.8 53.
 53.2 53.4 53.6 53.8 54.  54.2 54.4 54.6 54.8 55.  55.2 55.4 55.6 55.8
 56.  56.2 56.4 56.6 56.8 57.  57.2 57.4 57.6 57.8 58.  58.2 58.4 58.6
 58.8 59.  59.2 59.4 59.6 59.8 60.  60.2 60.4 60.6 60.8 61.  61.2 61.4
 61.6 61.8 62.  62.2 62.4 62.6 62.8 63.  63.2 63.4 63.6 63.8 64.  64.2
 64.4 64.6 64.8 65.  65.2 65.4 65.6 65.8 66.  66.2 66.4 66.6 66.8 67.
 67.2 67.4 67.6 67.8 68.  68.2 68.4 68.6 68.8 69.  69.2 69.4 69.6 69.8
 70.  70.2 70.4 70.6 70.8 71.  71.2 71.4 71.6 71.8 72.  72.2 72.4 72.6
 72.8 73.  73.2 73.4 73.6 73.8 74.  74.2 74.4 74.6 74.8 75.  75.2 75.4
 75.6 75.8 76.  76.2 76.4 76.6 76.8 77.  77.2 77.4 77.6 77.8 78.  78.2
 78.4 78.6 78.8 79.  79.2 79.4 79.6 79.8 80.  80.2 80.4 80.6 80.8 81.
 81.2 81.4 81.6 81.8 82.  82.2 82.4 82.6 82.8 83.  83.2 83.4 83.6 83.8
 84.  84.2 84.4 84.6 84.8 85.  85.2 85.4 85.6 85.8 86.  86.2 86.4 86.6
 86.8 87.  87.2 87.4 87.6 87.8 88.  88.2 88.4 88.6 88.8 89.  89.2 89.4
 89.6 89.8 90.  90.2 90.4 90.6 90.8 91.  91.2 91.4 91.6 91.8 92.  92.2
 92.4 92.6 92.8 93.  93.2 93.4 93.6 93.8 94.  94.2 94.4 94.6 94.8 95.
 95.2 95.4 95.6 95.8 96.  96.2 96.4 96.6 96.8 97.  97.2 97.4 97.6 97.8
 98.  98.2 98.4 98.6 98.8 99.  99.2 99.4 99.6 99.8]
00:00:00.01 parameters: {'R': 8.314, 'nocomponents': 2, 'xnames': ['xA', 'xB'], 'ynames': ['yA', 'yB'], 'feed_yi': [0.2, 0.8], 'isomodel': 'Langmuir-Freundlich', 'bi': [0.0042, 0.0616], 'qsi': [2.5, 7.3], 'qs0': 7.3, 'ni': [1.006, 0.83], 'ki': [0.62, 0.197], 'Hi': [0, 0], 'mode': 1, 'bed': 1, 'N': 20, 'tstep': 0.2, 'adsorb': True, 'Ta': 293.15, 'D': 0.083, 'L': 1, 'product_tank_volume': 0.002, 'epsilon': 0.37, 'epsilonp': 0.35, 'rp': 0.0007, 'tauprime': 3.0, 'input_orifice': 2.2, 'output_orifice': 1.4, 'product_orifice': 0.475, 'blowdown_orifice': 2.8, 'vent_orifice': 1.0, 'feed_pressure': 3.5, 'PI': 100000.0, 'PL': 25000.0, 'PH': 350000.0, 'product_pressure': 2, 'rho_s': 1130, 'rho_w': 7800, 'Cpg': 30.7, 'Cpa': 30.7, 'Cps': 1339, 'Cpw': 502, 'mu': 1.72e-05, 'Dm': 1.6e-05, 'gamma': 1.4, 'Kz': 0.09, 'Kw': 16, 'hin': 8.6, 'hout': 2.5, 'eta': 0.72, 'area': 0.005410607947645022, 'volume': 0.005410607947645022, 'rin': 0.0415, 'rout': 0.2915, 'epst': 0.5873015873015873, 'epsb': 1.7027027027027026, 'cellsize': 0.05, 'deltaZ': 0.05, 'container_vol': 0.005410607947645022, 'vfeed': 1, 'norm_v0': 1, 'norm_t0': 1.0, 'norm_P0': 350000.0, 'norm_T0': 293, 'rho_g': 1.1898660666240475, 'Dp': 5.333333333333333e-06, 'lamda_pre': 0.5, 'lamda_blw': 0.5, 'lamda_eva': 0.5, 'tpre': 15, 'tads': 15, 'tblw': 30, 'teva': 40, 'norm_tpre': 15.0, 'norm_tads': 30.0, 'norm_tblw': 60.0, 'norm_tend': 100.0, 'DL': 0.00049}
00:00:00.02 State variable P: [[0.07142857 0.1586631  0.23882753 ... 0.07143585 0.07143569 0.07143553]
 [0.07142857 0.15650544 0.23707553 ... 0.0714441  0.07144365 0.07144321]
 [0.07142857 0.15443853 0.23540994 ... 0.07145213 0.07145141 0.0714507 ]
 ...
 [0.07142857 0.13616762 0.22133168 ... 0.07152798 0.07152471 0.0715215 ]
 [0.07142857 0.13590825 0.22114074 ... 0.07152949 0.07152617 0.07152291]
 [0.07142857 0.13577833 0.22104512 ... 0.07153025 0.0715269  0.07152362]]
00:00:00.02 State variable T: [[1.00051195 1.00051195 1.00051195 ... 1.00051195 1.00051195 1.00051195]
 [1.00051195 1.00051195 1.00051195 ... 1.00051195 1.00051195 1.00051195]
 [1.00051195 1.00051195 1.00051195 ... 1.00051195 1.00051195 1.00051195]
 ...
 [1.00051195 1.00051195 1.00051195 ... 1.00051195 1.00051195 1.00051195]
 [1.00051195 1.00051195 1.00051195 ... 1.00051195 1.00051195 1.00051195]
 [1.00051195 1.00051195 1.00051195 ... 1.00051195 1.00051195 1.00051195]]
00:00:00.02 State variable Tw: [[1. 1. 1. ... 1. 1. 1.]
 [1. 1. 1. ... 1. 1. 1.]
 [1. 1. 1. ... 1. 1. 1.]
 ...
 [1. 1. 1. ... 1. 1. 1.]
 [1. 1. 1. ... 1. 1. 1.]
 [1. 1. 1. ... 1. 1. 1.]]
00:00:00.02 State variable xA: [[6.94967024e-05 7.46725323e-05 8.88596533e-05 ... 1.45545420e-04
  1.46160975e-04 1.46772817e-04]
 [6.94967024e-05 7.46022763e-05 8.91357591e-05 ... 3.56335757e-04
  3.56332894e-04 3.56330157e-04]
 [6.94967024e-05 7.45246251e-05 8.94198517e-05 ... 3.31125343e-08
  3.31121652e-08 3.31118116e-08]
 ...
 [6.94967024e-05 7.28767497e-05 9.18523364e-05 ... 3.56807422e-04
  3.56785293e-04 3.56767029e-04]
 [6.94967024e-05 7.28367909e-05 9.16402729e-05 ... 3.30169346e-08
  3.30466816e-08 3.30764926e-08]
 [6.94967024e-05 7.28157893e-05 9.14851303e-05 ... 3.31619530e-08
  3.31599371e-08 3.31579690e-08]]
00:00:00.02 State variable xB: [[1.59356412e-02 1.62247956e-02 1.70029471e-02 ... 1.29548519e-02
  1.29205416e-02 1.28864297e-02]
 [1.59356412e-02 1.62101869e-02 1.69710220e-02 ... 3.79302773e-05
  3.68115481e-05 3.57132245e-05]
 [1.59356412e-02 1.61964380e-02 1.69403189e-02 ... 1.91708921e-02
  1.91691072e-02 1.91673587e-02]
 ...
 [1.59356412e-02 1.60923910e-02 1.66769840e-02 ... 4.85045465e-05
  4.69726789e-05 4.54687594e-05]
 [1.59356412e-02 1.60911954e-02 1.66764750e-02 ... 1.92435028e-02
  1.92395551e-02 1.92356974e-02]
 [1.59356412e-02 1.60906104e-02 1.66768358e-02 ... 1.92440082e-02
  1.92400465e-02 1.92361754e-02]]
00:00:00.02 State variable yA: [[ 2.00000000e-01  2.03755625e-01  2.05579316e-01 ...  4.29536578e-01
   4.31179605e-01  4.32813575e-01]
 [ 2.00000000e-01  2.07478886e-01  2.11380551e-01 ...  8.05289113e+02
   8.05260577e+02  8.05231547e+02]
 [ 2.00000000e-01  2.11128833e-01  2.17428794e-01 ... -8.64803595e+02
  -8.64783213e+02 -8.64761576e+02]
 ...
 [ 2.00000000e-01  2.28484730e-01  3.08825343e-01 ...  4.01926311e+01
   4.01251759e+01  4.00574700e+01]
 [ 2.00000000e-01  2.27806727e-01  3.07195008e-01 ... -4.66103337e+01
  -4.65819391e+01 -4.65532984e+01]
 [ 2.00000000e-01  2.27402085e-01  3.05373083e-01 ... -8.18372975e-02
  -8.18378361e-02 -8.18383623e-02]]
00:00:00.02 State variable yB: [[ 8.00000000e-01  7.96244375e-01  7.94420684e-01 ...  5.70503182e-01
   5.68860490e-01  5.67226945e-01]
 [ 8.00000000e-01  7.92521114e-01  7.88619449e-01 ... -8.06747933e+02
  -8.06719399e+02 -8.06690371e+02]
 [ 8.00000000e-01  7.88871167e-01  7.82571206e-01 ...  8.68939117e+02
   8.68918734e+02  8.68897097e+02]
 ...
 [ 8.00000000e-01  7.71515270e-01  6.91174657e-01 ... -5.39243607e+01
  -5.38569899e+01 -5.37893684e+01]
 [ 8.00000000e-01  7.72193273e-01  6.92804992e-01 ...  6.26319549e+01
   6.26036719e+01  6.25751438e+01]
 [ 8.00000000e-01  7.72597915e-01  6.94626917e-01 ...  9.99999028e-01
   9.99999066e-01  9.99999106e-01]]
00:00:00.06 State variable velocity: yB
00:00:00.67 done
