Starting at 2022-06-20 04:09:11.513378
Args: ./test
00:00:00.01 time :[  0.   1.   2.   3.   4.   5.   6.   7.   8.   9.  10.  11.  12.  13.
  14.  15.  16.  17.  18.  19.  20.  21.  22.  23.  24.  25.  26.  27.
  28.  29.  30.  31.  32.  33.  34.  35.  36.  37.  38.  39.  40.  41.
  42.  43.  44.  45.  46.  47.  48.  49.  50.  51.  52.  53.  54.  55.
  56.  57.  58.  59.  60.  61.  62.  63.  64.  65.  66.  67.  68.  69.
  70.  71.  72.  73.  74.  75.  76.  77.  78.  79.  80.  81.  82.  83.
  84.  85.  86.  87.  88.  89.  90.  91.  92.  93.  94.  95.  96.  97.
  98.  99. 100. 101. 102. 103. 104. 105. 106. 107. 108. 109. 110. 111.
 112. 113. 114. 115. 116. 117. 118. 119. 120. 121. 122. 123. 124. 125.
 126. 127. 128. 129. 130. 131. 132. 133. 134. 135. 136. 137. 138. 139.
 140. 141. 142. 143. 144. 145. 146. 147. 148. 149. 150. 151. 152. 153.
 154. 155. 156. 157. 158. 159. 160. 161. 162. 163. 164. 165. 166. 167.
 168. 169. 170. 171. 172. 173. 174. 175. 176. 177. 178. 179. 180. 181.
 182. 183. 184. 185. 186. 187. 188. 189. 190. 191. 192. 193. 194. 195.
 196. 197. 198. 199. 200. 201. 202. 203. 204. 205. 206. 207. 208. 209.
 210. 211. 212. 213. 214. 215. 216. 217. 218. 219. 220. 221. 222. 223.
 224. 225. 226. 227. 228. 229. 230. 231. 232. 233. 234. 235. 236. 237.
 238. 239. 240. 241. 242. 243. 244. 245. 246. 247. 248. 249. 250. 251.
 252. 253. 254. 255. 256. 257. 258. 259. 260. 261. 262. 263. 264. 265.
 266. 267. 268. 269. 270. 271. 272. 273. 274. 275. 276. 277. 278. 279.
 280. 281.]
00:00:00.01 parameters: {'R': 8.314, 'nocomponents': 2, 'xnames': ['xA', 'xB'], 'ynames': ['yA', 'yB'], 'feed_yi': [0.2, 0.8], 'isomodel': 'Langmuir-Freundlich', 'bi': [0.0042, 0.0616], 'qsi': [2.5, 7.3], 'qs0': 7.3, 'ni': [1.006, 0.83], 'ki': [0.62, 0.197], 'Hi': [0, 0], 'mode': 1, 'bed': 1, 'N': 20, 'tstep': 1, 'adsorb': True, 'Ta': 293.15, 'D': 0.083, 'L': 0.355, 'product_tank_volume': 0.002, 'epsilon': 0.37, 'epsilonp': 0.35, 'rp': 0.0007, 'tauprime': 3.0, 'input_orifice': 2.2, 'output_orifice': 1.4, 'product_orifice': 0.475, 'blowdown_orifice': 2.8, 'vent_orifice': 1.0, 'feed_pressure': 3.5, 'PI': 100000.0, 'PL': 25000.0, 'PH': 350000.0, 'product_pressure': 2, 'rho_s': 1130, 'rho_w': 7800, 'Cpg': 30.7, 'Cpa': 30.7, 'Cps': 1339, 'Cpw': 502, 'mu': 1.72e-05, 'Dm': 1.6e-05, 'gamma': 1.4, 'Kz': 0.09, 'Kw': 16, 'hin': 8.6, 'hout': 2.5, 'eta': 0.72, 'area': 0.005410607947645022, 'volume': 0.0019207658214139827, 'rin': 0.0415, 'rout': 0.2915, 'epst': 0.5873015873015873, 'epsb': 1.7027027027027026, 'cellsize': 0.01775, 'deltaZ': 0.049999999999999996, 'container_vol': 0.0019207658214139827, 'vfeed': 1, 'norm_v0': 1, 'norm_t0': 0.355, 'norm_P0': 350000.0, 'norm_T0': 293, 'rho_g': 1.1898660666240475, 'Dp': 5.333333333333333e-06, 'lamda_pre': 0.5, 'lamda_blw': 0.5, 'lamda_eva': 0.5, 'tpre': 15, 'tads': 15, 'tblw': 30, 'teva': 40, 'norm_tpre': 42.25352112676057, 'norm_tads': 84.50704225352113, 'norm_tblw': 169.01408450704227, 'norm_tend': 281.69014084507046, 'DL': 0.00049}
00:00:00.01 State variable P: [[0.07142857 0.22232774 0.34881647 ... 0.07142933 0.07142549 0.07142267]
 [0.07142857 0.22209519 0.34864102 ... 0.07142993 0.07141841 0.07140997]
 [0.07142857 0.22187528 0.34847587 ... 0.07143051 0.07141131 0.07139724]
 ...
 [0.07142857 0.22006409 0.34716922 ... 0.07143553 0.07130702 0.07121478]
 [0.07142857 0.22004022 0.34715351 ... 0.0714356  0.0713072  0.07121495]
 [0.07142857 0.22002828 0.34714569 ... 0.07143564 0.07130729 0.07121503]]
00:00:00.01 State variable T: [[1.00051195 1.00051195 1.00051195 ... 1.00051195 1.00051195 1.00051195]
 [1.00051195 1.00051195 1.00051195 ... 1.00051195 1.00051195 1.00051195]
 [1.00051195 1.00051195 1.00051195 ... 1.00051195 1.00051195 1.00051195]
 ...
 [1.00051195 1.00051195 1.00051195 ... 1.00051195 1.00051195 1.00051195]
 [1.00051195 1.00051195 1.00051195 ... 1.00051195 1.00051195 1.00051195]
 [1.00051195 1.00051195 1.00051195 ... 1.00051195 1.00051195 1.00051195]]
00:00:00.01 State variable Tw: [[1. 1. 1. ... 1. 1. 1.]
 [1. 1. 1. ... 1. 1. 1.]
 [1. 1. 1. ... 1. 1. 1.]
 ...
 [1. 1. 1. ... 1. 1. 1.]
 [1. 1. 1. ... 1. 1. 1.]
 [1. 1. 1. ... 1. 1. 1.]]
00:00:00.01 State variable xA: [[6.94967024e-05 8.51474415e-05 1.24364179e-04 ... 2.96411498e-04
  2.97334755e-04 2.98236700e-04]
 [6.94967024e-05 8.56272280e-05 1.26600633e-04 ... 3.56245362e-04
  3.56241574e-04 3.56224943e-04]
 [6.94967024e-05 8.61167325e-05 1.28967051e-04 ... 3.30983265e-08
  3.30980520e-08 3.30957602e-08]
 ...
 [6.94967024e-05 9.14206430e-05 1.80019508e-04 ... 3.31030256e-08
  3.30993658e-08 3.30827153e-08]
 [6.94967024e-05 9.14189976e-05 1.81877846e-04 ... 3.31029896e-08
  3.30993477e-08 3.30827155e-08]
 [6.94967024e-05 9.14096126e-05 1.82811092e-04 ... 3.31031115e-08
  3.30994511e-08 3.30828058e-08]]
00:00:00.01 State variable xB: [[1.59356412e-02 1.68007946e-02 1.89484307e-02 ... 5.06238712e-03
  4.99298282e-03 4.92481253e-03]
 [1.59356412e-02 1.67907385e-02 1.89149105e-02 ... 4.02762673e-05
  3.81852540e-05 3.62354220e-05]
 [1.59356412e-02 1.67807688e-02 1.88801273e-02 ... 1.91522903e-02
  1.91500560e-02 1.91476346e-02]
 ...
 [1.59356412e-02 1.66830025e-02 1.82118566e-02 ... 1.91592332e-02
  1.91561533e-02 1.91510442e-02]
 [1.59356412e-02 1.66826276e-02 1.81890073e-02 ... 1.91614147e-02
  1.91581895e-02 1.91529452e-02]
 [1.59356412e-02 1.66825477e-02 1.81775804e-02 ... 1.91593672e-02
  1.91562809e-02 1.91511667e-02]]
00:00:00.02 State variable yA: [[ 2.00000000e-01  2.05277348e-01  2.07531643e-01 ...  8.48090528e-01
   8.50416553e-01  8.52694866e-01]
 [ 2.00000000e-01  2.10678840e-01  2.15381137e-01 ...  4.76922798e+02
   4.76261811e+02  4.75461398e+02]
 [ 2.00000000e-01  2.16325511e-01  2.23811848e-01 ... -7.59585602e+02
  -7.58325838e+02 -7.56115273e+02]
 ...
 [ 2.00000000e-01  3.03520289e-01  4.59142873e-01 ... -3.56705953e-03
  -3.56747646e-03 -3.56815498e-03]
 [ 2.00000000e-01  3.04000156e-01  4.73433850e-01 ... -3.90179502e-03
  -3.90223189e-03 -3.90292898e-03]
 [ 2.00000000e-01  3.04056537e-01  4.81455982e-01 ... -3.72659442e-03
  -3.72701224e-03 -3.72769145e-03]]
00:00:00.02 State variable yB: [[ 8.00000000e-01  7.94722652e-01  7.92468357e-01 ...  1.51991892e-01
   1.49667327e-01  1.47389884e-01]
 [ 8.00000000e-01  7.89321160e-01  7.84618863e-01 ... -4.76511034e+02
  -4.75850059e+02 -4.75049672e+02]
 [ 8.00000000e-01  7.83674489e-01  7.76188152e-01 ...  7.62711067e+02
   7.61451303e+02  7.59240737e+02]
 ...
 [ 8.00000000e-01  6.96479711e-01  5.40857127e-01 ...  5.84868329e+01
   5.80078275e+01  5.78156580e+01]
 [ 8.00000000e-01  6.95999844e-01  5.26566150e-01 ...  1.00081698e+00
   1.00081692e+00  1.00081689e+00]
 [ 8.00000000e-01  6.95943463e-01  5.18544018e-01 ...  1.05800250e+00
   1.05800247e+00  1.05800245e+00]]
00:00:00.03 State variable velocity: yB
00:00:00.75 done
