Starting at 2022-06-20 15:26:23.254276
Args: ./test
00:00:00.01 time :[ 0.   0.2  0.4  0.6  0.8  1.   1.2  1.4  1.6  1.8  2.   2.2  2.4  2.6
  2.8  3.   3.2  3.4  3.6  3.8  4.   4.2  4.4  4.6  4.8  5.   5.2  5.4
  5.6  5.8  6.   6.2  6.4  6.6  6.8  7.   7.2  7.4  7.6  7.8  8.   8.2
  8.4  8.6  8.8  9.   9.2  9.4  9.6  9.8 10.  10.2 10.4 10.6 10.8 11.
 11.2 11.4 11.6 11.8 12.  12.2 12.4 12.6 12.8 13.  13.2 13.4 13.6 13.8
 14.  14.2 14.4 14.6 14.8 15.  15.2 15.4 15.6 15.8 16.  16.2 16.4 16.6
 16.8 17.  17.2 17.4 17.6 17.8 18.  18.2 18.4 18.6 18.8 19.  19.2 19.4
 19.6 19.8 20.  20.2 20.4 20.6 20.8 21.  21.2 21.4 21.6 21.8 22.  22.2
 22.4 22.6 22.8 23.  23.2 23.4 23.6 23.8 24.  24.2 24.4 24.6 24.8 25.
 25.2 25.4 25.6 25.8 26.  26.2 26.4 26.6 26.8 27.  27.2 27.4 27.6 27.8
 28.  28.2 28.4 28.6 28.8 29.  29.2 29.4 29.6 29.8 30.  30.2 30.4 30.6
 30.8 31.  31.2 31.4 31.6 31.8 32.  32.2 32.4 32.6 32.8 33.  33.2 33.4
 33.6 33.8 34.  34.2 34.4 34.6 34.8 35.  35.2 35.4 35.6 35.8 36.  36.2
 36.4 36.6 36.8 37.  37.2 37.4 37.6 37.8 38.  38.2 38.4 38.6 38.8 39.
 39.2 39.4 39.6 39.8 40.  40.2 40.4 40.6 40.8 41.  41.2 41.4 41.6 41.8
 42.  42.2 42.4 42.6 42.8 43.  43.2 43.4 43.6 43.8 44.  44.2 44.4 44.6
 44.8 45.  45.2 45.4 45.6 45.8 46.  46.2 46.4 46.6 46.8 47.  47.2 47.4
 47.6 47.8 48.  48.2 48.4 48.6 48.8 49.  49.2 49.4 49.6 49.8 50.  50.2
 50.4 50.6 50.8 51.  51.2 51.4 51.6 51.8 52.  52.2 52.4 52.6 52.8 53.
 53.2 53.4 53.6 53.8 54.  54.2 54.4 54.6 54.8 55.  55.2 55.4 55.6 55.8
 56.  56.2 56.4 56.6 56.8 57.  57.2 57.4 57.6 57.8 58.  58.2 58.4 58.6
 58.8 59.  59.2 59.4 59.6 59.8 60.  60.2 60.4 60.6 60.8 61.  61.2 61.4
 61.6 61.8 62.  62.2 62.4 62.6 62.8 63.  63.2 63.4 63.6 63.8 64.  64.2
 64.4 64.6 64.8 65.  65.2 65.4 65.6 65.8 66.  66.2 66.4 66.6 66.8 67.
 67.2 67.4 67.6 67.8 68.  68.2 68.4 68.6 68.8 69.  69.2 69.4 69.6 69.8
 70.  70.2 70.4 70.6 70.8 71.  71.2 71.4 71.6 71.8 72.  72.2 72.4 72.6
 72.8 73.  73.2 73.4 73.6 73.8 74.  74.2 74.4 74.6 74.8 75.  75.2 75.4
 75.6 75.8 76.  76.2 76.4 76.6 76.8 77.  77.2 77.4 77.6 77.8 78.  78.2
 78.4 78.6 78.8 79.  79.2 79.4 79.6 79.8 80.  80.2 80.4 80.6 80.8 81.
 81.2 81.4 81.6 81.8 82.  82.2 82.4 82.6 82.8 83.  83.2 83.4 83.6 83.8
 84.  84.2 84.4 84.6 84.8 85.  85.2 85.4 85.6 85.8 86.  86.2 86.4 86.6
 86.8 87.  87.2 87.4 87.6 87.8 88.  88.2 88.4 88.6 88.8 89.  89.2 89.4
 89.6 89.8 90.  90.2 90.4 90.6 90.8 91.  91.2 91.4 91.6 91.8 92.  92.2
 92.4 92.6 92.8 93.  93.2 93.4 93.6 93.8 94.  94.2 94.4 94.6 94.8 95.
 95.2 95.4 95.6 95.8 96.  96.2 96.4 96.6 96.8 97.  97.2 97.4 97.6 97.8
 98.  98.2 98.4 98.6 98.8 99.  99.2 99.4 99.6 99.8]
00:00:00.01 parameters: {'R': 8.314, 'nocomponents': 2, 'xnames': ['xA', 'xB'], 'ynames': ['yA', 'yB'], 'feed_yi': [0.2, 0.8], 'isomodel': 'Langmuir-Freundlich', 'bi': [0.0042, 0.0616], 'qsi': [2.5, 7.3], 'qs0': 7.3, 'ni': [1.006, 0.83], 'ki': [0.62, 0.197], 'Hi': [0, 0], 'mode': 1, 'bed': 1, 'N': 40, 'tstep': 0.2, 'adsorb': True, 'Ta': 293.15, 'D': 0.083, 'L': 1, 'product_tank_volume': 0.002, 'epsilon': 0.37, 'epsilonp': 0.35, 'rp': 0.0007, 'tauprime': 3.0, 'input_orifice': 2.2, 'output_orifice': 1.4, 'product_orifice': 0.475, 'blowdown_orifice': 2.8, 'vent_orifice': 1.0, 'feed_pressure': 3.5, 'PI': 100000.0, 'PL': 25000.0, 'PH': 350000.0, 'product_pressure': 2, 'rho_s': 1130, 'rho_w': 7800, 'Cpg': 30.7, 'Cpa': 30.7, 'Cps': 1339, 'Cpw': 502, 'mu': 1.72e-05, 'Dm': 1.6e-05, 'gamma': 1.4, 'Kz': 0.09, 'Kw': 16, 'hin': 8.6, 'hout': 2.5, 'eta': 0.72, 'area': 0.005410607947645022, 'volume': 0.005410607947645022, 'rin': 0.0415, 'rout': 0.2915, 'epst': 0.5873015873015873, 'epsb': 1.7027027027027026, 'cellsize': 0.025, 'deltaZ': 0.025, 'container_vol': 0.005410607947645022, 'vfeed': 1, 'norm_v0': 1, 'norm_t0': 1.0, 'norm_P0': 350000.0, 'norm_T0': 293, 'rho_g': 1.1898660666240475, 'Dp': 5.333333333333333e-06, 'lamda_pre': 0.5, 'lamda_blw': 0.5, 'lamda_eva': 0.5, 'tpre': 15, 'tads': 15, 'tblw': 30, 'teva': 40, 'norm_tpre': 15.0, 'norm_tads': 30.0, 'norm_tblw': 60.0, 'norm_tend': 100.0, 'DL': 0.00049}
00:00:00.01 State variable P: [[0.07142857 0.15922803 0.23928739 ... 0.07143187 0.07143129 0.07143103]
 [0.07142857 0.15812297 0.23838844 ... 0.07143583 0.07143505 0.07143463]
 [0.07142857 0.15704043 0.23751099 ... 0.07143972 0.07143876 0.07143821]
 ...
 [0.07142857 0.1358226  0.22110217 ... 0.07151891 0.07151716 0.07151495]
 [0.07142857 0.13575737 0.22105431 ... 0.07151931 0.0715175  0.07151528]
 [0.07142857 0.13572473 0.22103037 ... 0.0715195  0.07151768 0.07151544]]
00:00:00.02 State variable T: [[1.00051195 1.00051195 1.00051195 ... 1.00051195 1.00051195 1.00051195]
 [1.00051195 1.00051195 1.00051195 ... 1.00051195 1.00051195 1.00051195]
 [1.00051195 1.00051195 1.00051195 ... 1.00051195 1.00051195 1.00051195]
 ...
 [1.00051195 1.00051195 1.00051195 ... 1.00051195 1.00051195 1.00051195]
 [1.00051195 1.00051195 1.00051195 ... 1.00051195 1.00051195 1.00051195]
 [1.00051195 1.00051195 1.00051195 ... 1.00051195 1.00051195 1.00051195]]
00:00:00.02 State variable Tw: [[1. 1. 1. ... 1. 1. 1.]
 [1. 1. 1. ... 1. 1. 1.]
 [1. 1. 1. ... 1. 1. 1.]
 ...
 [1. 1. 1. ... 1. 1. 1.]
 [1. 1. 1. ... 1. 1. 1.]
 [1. 1. 1. ... 1. 1. 1.]]
00:00:00.02 State variable xA: [[6.94967024e-05 7.46491431e-05 8.86255866e-05 ... 2.50513049e-04
  2.51155501e-04 2.51792341e-04]
 [6.94967024e-05 7.46199530e-05 8.87683110e-05 ... 3.56281735e-04
  3.56280373e-04 3.56279027e-04]
 [6.94967024e-05 7.45887071e-05 8.89131943e-05 ... 3.31055292e-08
  3.31052503e-08 3.31049903e-08]
 ...
 [6.94967024e-05 7.28260063e-05 9.15434521e-05 ... 3.56867298e-04
  3.56846901e-04 3.56827108e-04]
 [6.94967024e-05 7.28159363e-05 9.14672018e-05 ... 3.31579310e-08
  3.31557635e-08 3.31537051e-08]
 [6.94967024e-05 7.28106574e-05 9.14203703e-05 ... 3.31580510e-08
  3.31558785e-08 3.31538154e-08]]
00:00:00.02 State variable xB: [[1.59356412e-02 1.62290308e-02 1.70132486e-02 ... 7.71388199e-03
  7.67227973e-03 7.63101269e-03]
 [1.59356412e-02 1.62214291e-02 1.69968525e-02 ... 3.57989568e-05
  3.47840063e-05 3.38071163e-05]
 [1.59356412e-02 1.62140465e-02 1.69807586e-02 ... 1.91586327e-02
  1.91572353e-02 1.91558887e-02]
 ...
 [1.59356412e-02 1.60906333e-02 1.66765757e-02 ... 5.07452510e-05
  4.91577172e-05 4.76297080e-05]
 [1.59356412e-02 1.60903347e-02 1.66767348e-02 ... 1.92392285e-02
  1.92353831e-02 1.92316628e-02]
 [1.59356412e-02 1.60901886e-02 1.66769239e-02 ... 1.92393566e-02
  1.92355077e-02 1.92317839e-02]]
00:00:00.02 State variable yA: [[ 2.00000000e-01  2.01919559e-01  2.02806788e-01 ...  7.23784896e-01
   7.25444607e-01  7.27088209e-01]
 [ 2.00000000e-01  2.03835037e-01  2.05659451e-01 ...  1.41468083e+03
   1.41451054e+03  1.41433906e+03]
 [ 2.00000000e-01  2.05746845e-01  2.08574633e-01 ... -1.84327703e+03
  -1.84307391e+03 -1.84286765e+03]
 ...
 [ 2.00000000e-01  2.27477333e-01  3.06236713e-01 ...  6.65733668e+00
   6.35470332e+00  6.05163764e+00]
 [ 2.00000000e-01  2.27302416e-01  3.05227938e-01 ... -3.39137479e+01
  -3.37677897e+01 -3.36214719e+01]
 [ 2.00000000e-01  2.27200327e-01  3.04547235e-01 ... -3.35635050e-03
  -3.35687394e-03 -3.35738042e-03]]
00:00:00.02 State variable yB: [[ 8.00000000e-01  7.98080441e-01  7.97193212e-01 ...  2.76343026e-01
   2.74676451e-01  2.73025125e-01]
 [ 8.00000000e-01  7.96164963e-01  7.94340549e-01 ... -1.41524113e+03
  -1.41507063e+03 -1.41489900e+03]
 [ 8.00000000e-01  7.94253155e-01  7.91425367e-01 ...  1.84904040e+03
   1.84883728e+03  1.84863103e+03]
 ...
 [ 8.00000000e-01  7.72522667e-01  6.93763287e-01 ... -8.53160988e+00
  -8.22897670e+00 -7.92591119e+00]
 [ 8.00000000e-01  7.72697584e-01  6.94772062e-01 ...  3.82416558e+01
   3.80956969e+01  3.79493786e+01]
 [ 8.00000000e-01  7.72799673e-01  6.95452765e-01 ...  9.99999920e-01
   9.99999968e-01  1.00000000e+00]]
00:00:00.06 State variable velocity: yB
00:00:00.65 done
