Starting at 2022-06-20 15:39:10.237106
Args: ./test
00:00:00.00 time :[0.000e+00 1.000e-02 2.000e-02 ... 9.997e+01 9.998e+01 9.999e+01]
00:00:00.00 parameters: {'R': 8.314, 'nocomponents': 2, 'xnames': ['xA', 'xB'], 'ynames': ['yA', 'yB'], 'feed_yi': [0.2, 0.8], 'isomodel': 'Langmuir-Freundlich', 'bi': [0.0042, 0.0616], 'qsi': [2.5, 7.3], 'qs0': 7.3, 'ni': [1.006, 0.83], 'ki': [0.62, 0.197], 'Hi': [0, 0], 'mode': 1, 'bed': 1, 'N': 40, 'tstep': 0.01, 'adsorb': True, 'Ta': 293.15, 'D': 0.083, 'L': 1, 'product_tank_volume': 0.002, 'epsilon': 0.37, 'epsilonp': 0.35, 'rp': 0.0007, 'tauprime': 3.0, 'input_orifice': 2.2, 'output_orifice': 1.4, 'product_orifice': 0.475, 'blowdown_orifice': 2.8, 'vent_orifice': 1.0, 'feed_pressure': 3.5, 'PI': 100000.0, 'PL': 25000.0, 'PH': 350000.0, 'product_pressure': 2, 'rho_s': 1130, 'rho_w': 7800, 'Cpg': 30.7, 'Cpa': 30.7, 'Cps': 1339, 'Cpw': 502, 'mu': 1.72e-05, 'Dm': 1.6e-05, 'gamma': 1.4, 'Kz': 0.09, 'Kw': 16, 'hin': 8.6, 'hout': 2.5, 'eta': 0.72, 'area': 0.005410607947645022, 'volume': 0.005410607947645022, 'rin': 0.0415, 'rout': 0.2915, 'epst': 0.5873015873015873, 'epsb': 1.7027027027027026, 'cellsize': 0.025, 'deltaZ': 0.025, 'container_vol': 0.005410607947645022, 'vfeed': 1, 'norm_v0': 1, 'norm_t0': 1.0, 'norm_P0': 350000.0, 'norm_T0': 293, 'rho_g': 1.1898660666240475, 'Dp': 5.333333333333333e-06, 'lamda_pre': 0.5, 'lamda_blw': 0.5, 'lamda_eva': 0.5, 'tpre': 15, 'tads': 15, 'tblw': 30, 'teva': 40, 'norm_tpre': 15.0, 'norm_tads': 30.0, 'norm_tblw': 60.0, 'norm_tend': 100.0, 'DL': 0.00049}
00:00:00.01 State variable P: [[0.07142857 0.07581008 0.08032579 ... 0.0714312  0.07143122 0.07143125]
 [0.07142857 0.07535096 0.07967932 ... 0.07143474 0.07143476 0.07143479]
 [0.07142857 0.0749295  0.07906721 ... 0.07143824 0.07143827 0.07143829]
 ...
 [0.07142857 0.0714611  0.07173275 ... 0.07151245 0.07151227 0.07151209]
 [0.07142857 0.07145953 0.07172379 ... 0.07151277 0.0715126  0.07151242]
 [0.07142857 0.07145876 0.07171934 ... 0.07151294 0.07151277 0.07151259]]
00:00:00.01 State variable T: [[1.00051195 1.00051195 1.00051195 ... 1.00051195 1.00051195 1.00051195]
 [1.00051195 1.00051195 1.00051195 ... 1.00051195 1.00051195 1.00051195]
 [1.00051195 1.00051195 1.00051195 ... 1.00051195 1.00051195 1.00051195]
 ...
 [1.00051195 1.00051195 1.00051195 ... 1.00051195 1.00051195 1.00051195]
 [1.00051195 1.00051195 1.00051195 ... 1.00051195 1.00051195 1.00051195]
 [1.00051195 1.00051195 1.00051195 ... 1.00051195 1.00051195 1.00051195]]
00:00:00.01 State variable Tw: [[1. 1. 1. ... 1. 1. 1.]
 [1. 1. 1. ... 1. 1. 1.]
 [1. 1. 1. ... 1. 1. 1.]
 ...
 [1. 1. 1. ... 1. 1. 1.]
 [1. 1. 1. ... 1. 1. 1.]
 [1. 1. 1. ... 1. 1. 1.]]
00:00:00.01 State variable xA: [[6.94967024e-05 6.95111758e-05 6.95515420e-05 ... 2.52329157e-04
  2.52360603e-04 2.52392034e-04]
 [6.94967024e-05 6.95093755e-05 6.95466624e-05 ... 3.56277909e-04
  3.56277844e-04 3.56277780e-04]
 [6.94967024e-05 6.95077559e-05 6.95419597e-05 ... 3.31047919e-08
  3.31047811e-08 3.31047705e-08]
 ...
 [6.94967024e-05 6.94967727e-05 6.94977135e-05 ... 3.56810684e-04
  3.56809728e-04 3.56808772e-04]
 [6.94967024e-05 6.94967691e-05 6.94976790e-05 ... 3.31520606e-08
  3.31519675e-08 3.31518748e-08]
 [6.94967024e-05 6.94967673e-05 6.94976618e-05 ... 3.31521674e-08
  3.31520741e-08 3.31519812e-08]]
00:00:00.01 State variable xB: [[1.59356412e-02 1.59364943e-02 1.59388492e-02 ... 7.59619502e-03
  7.59415424e-03 7.59211427e-03]
 [1.59356412e-02 1.59363861e-02 1.59385426e-02 ... 3.30041247e-05
  3.29576021e-05 3.29111544e-05]
 [1.59356412e-02 1.59362908e-02 1.59382645e-02 ... 1.91547806e-02
  1.91547164e-02 1.91546522e-02]
 ...
 [1.59356412e-02 1.59356454e-02 1.59357007e-02 ... 4.63737001e-05
  4.63009313e-05 4.62282796e-05]
 [1.59356412e-02 1.59356452e-02 1.59356987e-02 ... 1.92285957e-02
  1.92284180e-02 1.92282405e-02]
 [1.59356412e-02 1.59356451e-02 1.59356977e-02 ... 1.92287141e-02
  1.92285361e-02 1.92283585e-02]]
00:00:00.01 State variable yA: [[ 2.00000000e-01  2.00158068e-01  2.00428524e-01 ...  7.28472219e-01
   7.28553247e-01  7.28634231e-01]
 [ 2.00000000e-01  2.00178931e-01  2.00599408e-01 ...  1.41419261e+03
   1.41418398e+03  1.41417536e+03]
 [ 2.00000000e-01  2.00164500e-01  2.00626210e-01 ... -1.84268993e+03
  -1.84267940e+03 -1.84266887e+03]
 ...
 [ 2.00000000e-01  2.00001061e-01  2.00015142e-01 ...  5.79369574e+00
   5.77851331e+00  5.76332986e+00]
 [ 2.00000000e-01  2.00001007e-01  2.00014624e-01 ... -3.34967816e+01
  -3.34894364e+01 -3.34820900e+01]
 [ 2.00000000e-01  2.00000981e-01  2.00014366e-01 ... -3.35779805e-03
  -3.35782226e-03 -3.35784643e-03]]
00:00:00.01 State variable yB: [[ 8.00000000e-01  7.99841932e-01  7.99571476e-01 ...  2.71634496e-01
   2.71553101e-01  2.71471754e-01]
 [ 8.00000000e-01  7.99821069e-01  7.99400592e-01 ... -1.41475250e+03
  -1.41474387e+03 -1.41473525e+03]
 [ 8.00000000e-01  7.99835500e-01  7.99373790e-01 ...  1.84845330e+03
   1.84844278e+03  1.84843225e+03]
 ...
 [ 8.00000000e-01  7.99998939e-01  7.99984858e-01 ... -7.66796945e+00
  -7.65278703e+00 -7.63760359e+00]
 [ 8.00000000e-01  7.99998993e-01  7.99985376e-01 ...  3.78246879e+01
   3.78173427e+01  3.78099963e+01]
 [ 8.00000000e-01  7.99999019e-01  7.99985634e-01 ...  1.00000002e+00
   1.00000002e+00  1.00000002e+00]]
00:00:00.27 State variable velocity: yB
00:00:00.93 done
