Starting at 2022-06-20 15:41:53.049795
Args: ./test
00:00:00.06 time :[ 0. 10. 20. 30. 40. 50. 60. 70. 80. 90.]
00:00:00.06 parameters: {'R': 8.314, 'nocomponents': 2, 'xnames': ['xA', 'xB'], 'ynames': ['yA', 'yB'], 'feed_yi': [0.2, 0.8], 'isomodel': 'Langmuir-Freundlich', 'bi': [0.0042, 0.0616], 'qsi': [2.5, 7.3], 'qs0': 7.3, 'ni': [1.006, 0.83], 'ki': [0.62, 0.197], 'Hi': [0, 0], 'mode': 1, 'bed': 1, 'N': 40, 'tstep': 10, 'adsorb': True, 'Ta': 293.15, 'D': 0.083, 'L': 1, 'product_tank_volume': 0.002, 'epsilon': 0.37, 'epsilonp': 0.35, 'rp': 0.0007, 'tauprime': 3.0, 'input_orifice': 2.2, 'output_orifice': 1.4, 'product_orifice': 0.475, 'blowdown_orifice': 2.8, 'vent_orifice': 1.0, 'feed_pressure': 3.5, 'PI': 100000.0, 'PL': 25000.0, 'PH': 350000.0, 'product_pressure': 2, 'rho_s': 1130, 'rho_w': 7800, 'Cpg': 30.7, 'Cpa': 30.7, 'Cps': 1339, 'Cpw': 502, 'mu': 1.72e-05, 'Dm': 1.6e-05, 'gamma': 1.4, 'Kz': 0.09, 'Kw': 16, 'hin': 8.6, 'hout': 2.5, 'eta': 0.72, 'area': 0.005410607947645022, 'volume': 0.005410607947645022, 'rin': 0.0415, 'rout': 0.2915, 'epst': 0.5873015873015873, 'epsb': 1.7027027027027026, 'cellsize': 0.025, 'deltaZ': 0.025, 'container_vol': 0.005410607947645022, 'vfeed': 1, 'norm_v0': 1, 'norm_t0': 1.0, 'norm_P0': 350000.0, 'norm_T0': 293, 'rho_g': 1.1898660666240475, 'Dp': 5.333333333333333e-06, 'lamda_pre': 0.5, 'lamda_blw': 0.5, 'lamda_eva': 0.5, 'tpre': 15, 'tads': 15, 'tblw': 30, 'teva': 40, 'norm_tpre': 15.0, 'norm_tads': 30.0, 'norm_tblw': 60.0, 'norm_tend': 100.0, 'DL': 0.00049}
00:00:00.07 State variable P: [[0.07142857 0.99373101 1.008527   1.00612773 0.29617259 0.28667797
  0.28497402 0.07321934 0.07150735 0.07143598]
 [0.07142857 0.99371219 1.00825508 1.00592669 0.29616526 0.28667675
  0.28499958 0.07389184 0.07162657 0.07145576]
 [0.07142857 0.99369593 1.00798394 1.00572437 0.29615063 0.2866743
  0.28502403 0.07454229 0.07174328 0.07147527]
 [0.07142857 0.99368197 1.00771378 1.00552082 0.29612871 0.28667062
  0.28504741 0.07517121 0.07185716 0.07149443]
 [0.07142857 0.99367005 1.00744478 1.00531609 0.29609952 0.28666573
  0.28506973 0.0757793  0.07196856 0.07151339]
 [0.07142857 0.99365991 1.00717711 1.00511025 0.29606307 0.28665962
  0.28509103 0.07636682 0.07207701 0.071532  ]
 [0.07142857 0.99365128 1.00691099 1.00490334 0.29601938 0.2866523
  0.28511133 0.07693434 0.07218296 0.07155041]
 [0.07142857 0.99364392 1.00664658 1.00469541 0.29596848 0.28664377
  0.28513065 0.07748212 0.07228586 0.07156844]
 [0.07142857 0.9936376  1.00638407 1.00448653 0.29591037 0.28663404
  0.28514901 0.07801068 0.07238627 0.07158626]
 [0.07142857 0.99363212 1.00612366 1.00427674 0.29584508 0.28662311
  0.28516645 0.07852024 0.07248353 0.07160365]
 [0.07142857 0.99362734 1.00586552 1.00406609 0.29577263 0.28661099
  0.28518297 0.07901122 0.07257831 0.07162081]
 [0.07142857 0.99362312 1.00560983 1.00385466 0.29569304 0.28659767
  0.28519861 0.07948387 0.07266985 0.07163748]
 [0.07142857 0.99361937 1.00535678 1.00364248 0.29560632 0.28658317
  0.28521337 0.07993852 0.07275892 0.07165389]
 [0.07142857 0.993616   1.00510653 1.00342961 0.29551249 0.2865675
  0.28522729 0.08037542 0.07284466 0.07166975]
 [0.07142857 0.99361295 1.00485926 1.00321612 0.29541157 0.28655064
  0.28524038 0.08079481 0.07292794 0.07168532]
 [0.07142857 0.99361018 1.00461514 1.00300205 0.29530359 0.28653262
  0.28525265 0.08119697 0.07300782 0.07170028]
 [0.07142857 0.99360765 1.00437434 1.00278746 0.29518856 0.28651344
  0.28526413 0.08158202 0.07308525 0.07171491]
 [0.07142857 0.99360533 1.00413701 1.00257241 0.2950665  0.2864931
  0.28527482 0.08195031 0.07315921 0.0717289 ]
 [0.07142857 0.9936032  1.00390331 1.00235695 0.29493743 0.28647161
  0.28528476 0.08230182 0.07323071 0.07174253]
 [0.07142857 0.99360124 1.0036734  1.00214114 0.29480137 0.28644897
  0.28529395 0.08263697 0.07329869 0.07175546]
 [0.07142857 0.99359943 1.00344743 1.00192505 0.29465835 0.2864252
  0.28530241 0.08295562 0.0733642  0.07176803]
 [0.07142857 0.99359777 1.00322554 1.00170872 0.29450838 0.2864003
  0.28531015 0.08325827 0.07342613 0.07177987]
 [0.07142857 0.99359623 1.00300788 1.00149222 0.29435149 0.28637428
  0.2853172  0.08354462 0.07348559 0.07179132]
 [0.07142857 0.99359481 1.00279458 1.00127561 0.2941877  0.28634715
  0.28532355 0.08381529 0.07354144 0.07180203]
 [0.07142857 0.99359351 1.00258579 1.00105895 0.29401704 0.28631891
  0.28532922 0.08406979 0.07359479 0.07181233]
 [0.07142857 0.99359231 1.00238162 1.00084231 0.29383953 0.28628958
  0.28533424 0.08430889 0.07364448 0.07182187]
 [0.07142857 0.99359121 1.00218221 1.00062575 0.29365519 0.28625915
  0.2853386  0.08453187 0.07369165 0.07183099]
 [0.07142857 0.9935902  1.00198767 1.00040934 0.29346407 0.28622765
  0.28534232 0.0847397  0.07373512 0.07183934]
 [0.07142857 0.99358929 1.00179811 1.00019316 0.29326617 0.28619508
  0.28534541 0.08493138 0.07377605 0.07184727]
 [0.07142857 0.99358846 1.00161364 0.99997726 0.29306155 0.28616145
  0.28534789 0.08510811 0.07381325 0.07185441]
 [0.07142857 0.99358772 1.00143436 0.99976173 0.29285022 0.28612678
  0.28534975 0.08526855 0.07384785 0.07186112]
 [0.07142857 0.99358705 1.00126035 0.99954664 0.29263222 0.28609106
  0.28535101 0.08541421 0.07387871 0.07186704]
 [0.07142857 0.99358647 1.00109168 0.99933208 0.2924076  0.28605432
  0.28535168 0.0855433  0.07390689 0.07187253]
 [0.07142857 0.99358596 1.00092842 0.99911812 0.29217638 0.28601656
  0.28535177 0.08565776 0.07393131 0.07187722]
 [0.07142857 0.99358553 1.00077061 0.99890487 0.29193862 0.28597781
  0.28535127 0.0857551  0.07395296 0.07188146]
 [0.07142857 0.99358517 1.00061825 0.99869239 0.29169435 0.28593806
  0.2853502  0.08583793 0.07397082 0.0718849 ]
 [0.07142857 0.99358489 1.00047136 0.9984808  0.29144362 0.28589734
  0.28534856 0.08590255 0.07398572 0.07188787]
 [0.07142857 0.99358467 1.00032989 0.99827019 0.29118649 0.28585567
  0.28534636 0.08595274 0.07399683 0.07189003]
 [0.07142857 0.99358453 1.00019378 0.99806066 0.290923   0.28581304
  0.28534359 0.08598147 0.07400443 0.07189164]
 [0.07142857 0.99358446 1.0000629  0.99785231 0.29065321 0.28576949
  0.28534025 0.08599583 0.07400823 0.07189245]]
00:00:00.08 State variable T: [[1.00051195 1.00051195 1.00051195 1.00051195 1.00051195 1.00051195
  1.00051195 1.00051195 1.00051195 1.00051195]
 [1.00051195 1.00051195 1.00051195 1.00051195 1.00051195 1.00051195
  1.00051195 1.00051195 1.00051195 1.00051195]
 [1.00051195 1.00051195 1.00051195 1.00051195 1.00051195 1.00051195
  1.00051195 1.00051195 1.00051195 1.00051195]
 [1.00051195 1.00051195 1.00051195 1.00051195 1.00051195 1.00051195
  1.00051195 1.00051195 1.00051195 1.00051195]
 [1.00051195 1.00051195 1.00051195 1.00051195 1.00051195 1.00051195
  1.00051195 1.00051195 1.00051195 1.00051195]
 [1.00051195 1.00051195 1.00051195 1.00051195 1.00051195 1.00051195
  1.00051195 1.00051195 1.00051195 1.00051195]
 [1.00051195 1.00051195 1.00051195 1.00051195 1.00051195 1.00051195
  1.00051195 1.00051195 1.00051195 1.00051195]
 [1.00051195 1.00051195 1.00051195 1.00051195 1.00051195 1.00051195
  1.00051195 1.00051195 1.00051195 1.00051195]
 [1.00051195 1.00051195 1.00051195 1.00051195 1.00051195 1.00051195
  1.00051195 1.00051195 1.00051195 1.00051195]
 [1.00051195 1.00051195 1.00051195 1.00051195 1.00051195 1.00051195
  1.00051195 1.00051195 1.00051195 1.00051195]
 [1.00051195 1.00051195 1.00051195 1.00051195 1.00051195 1.00051195
  1.00051195 1.00051195 1.00051195 1.00051195]
 [1.00051195 1.00051195 1.00051195 1.00051195 1.00051195 1.00051195
  1.00051195 1.00051195 1.00051195 1.00051195]
 [1.00051195 1.00051195 1.00051195 1.00051195 1.00051195 1.00051195
  1.00051195 1.00051195 1.00051195 1.00051195]
 [1.00051195 1.00051195 1.00051195 1.00051195 1.00051195 1.00051195
  1.00051195 1.00051195 1.00051195 1.00051195]
 [1.00051195 1.00051195 1.00051195 1.00051195 1.00051195 1.00051195
  1.00051195 1.00051195 1.00051195 1.00051195]
 [1.00051195 1.00051195 1.00051195 1.00051195 1.00051195 1.00051195
  1.00051195 1.00051195 1.00051195 1.00051195]
 [1.00051195 1.00051195 1.00051195 1.00051195 1.00051195 1.00051195
  1.00051195 1.00051195 1.00051195 1.00051195]
 [1.00051195 1.00051195 1.00051195 1.00051195 1.00051195 1.00051195
  1.00051195 1.00051195 1.00051195 1.00051195]
 [1.00051195 1.00051195 1.00051195 1.00051195 1.00051195 1.00051195
  1.00051195 1.00051195 1.00051195 1.00051195]
 [1.00051195 1.00051195 1.00051195 1.00051195 1.00051195 1.00051195
  1.00051195 1.00051195 1.00051195 1.00051195]
 [1.00051195 1.00051195 1.00051195 1.00051195 1.00051195 1.00051195
  1.00051195 1.00051195 1.00051195 1.00051195]
 [1.00051195 1.00051195 1.00051195 1.00051195 1.00051195 1.00051195
  1.00051195 1.00051195 1.00051195 1.00051195]
 [1.00051195 1.00051195 1.00051195 1.00051195 1.00051195 1.00051195
  1.00051195 1.00051195 1.00051195 1.00051195]
 [1.00051195 1.00051195 1.00051195 1.00051195 1.00051195 1.00051195
  1.00051195 1.00051195 1.00051195 1.00051195]
 [1.00051195 1.00051195 1.00051195 1.00051195 1.00051195 1.00051195
  1.00051195 1.00051195 1.00051195 1.00051195]
 [1.00051195 1.00051195 1.00051195 1.00051195 1.00051195 1.00051195
  1.00051195 1.00051195 1.00051195 1.00051195]
 [1.00051195 1.00051195 1.00051195 1.00051195 1.00051195 1.00051195
  1.00051195 1.00051195 1.00051195 1.00051195]
 [1.00051195 1.00051195 1.00051195 1.00051195 1.00051195 1.00051195
  1.00051195 1.00051195 1.00051195 1.00051195]
 [1.00051195 1.00051195 1.00051195 1.00051195 1.00051195 1.00051195
  1.00051195 1.00051195 1.00051195 1.00051195]
 [1.00051195 1.00051195 1.00051195 1.00051195 1.00051195 1.00051195
  1.00051195 1.00051195 1.00051195 1.00051195]
 [1.00051195 1.00051195 1.00051195 1.00051195 1.00051195 1.00051195
  1.00051195 1.00051195 1.00051195 1.00051195]
 [1.00051195 1.00051195 1.00051195 1.00051195 1.00051195 1.00051195
  1.00051195 1.00051195 1.00051195 1.00051195]
 [1.00051195 1.00051195 1.00051195 1.00051195 1.00051195 1.00051195
  1.00051195 1.00051195 1.00051195 1.00051195]
 [1.00051195 1.00051195 1.00051195 1.00051195 1.00051195 1.00051195
  1.00051195 1.00051195 1.00051195 1.00051195]
 [1.00051195 1.00051195 1.00051195 1.00051195 1.00051195 1.00051195
  1.00051195 1.00051195 1.00051195 1.00051195]
 [1.00051195 1.00051195 1.00051195 1.00051195 1.00051195 1.00051195
  1.00051195 1.00051195 1.00051195 1.00051195]
 [1.00051195 1.00051195 1.00051195 1.00051195 1.00051195 1.00051195
  1.00051195 1.00051195 1.00051195 1.00051195]
 [1.00051195 1.00051195 1.00051195 1.00051195 1.00051195 1.00051195
  1.00051195 1.00051195 1.00051195 1.00051195]
 [1.00051195 1.00051195 1.00051195 1.00051195 1.00051195 1.00051195
  1.00051195 1.00051195 1.00051195 1.00051195]
 [1.00051195 1.00051195 1.00051195 1.00051195 1.00051195 1.00051195
  1.00051195 1.00051195 1.00051195 1.00051195]]
00:00:00.08 State variable Tw: [[1. 1. 1. 1. 1. 1. 1. 1. 1. 1.]
 [1. 1. 1. 1. 1. 1. 1. 1. 1. 1.]
 [1. 1. 1. 1. 1. 1. 1. 1. 1. 1.]
 [1. 1. 1. 1. 1. 1. 1. 1. 1. 1.]
 [1. 1. 1. 1. 1. 1. 1. 1. 1. 1.]
 [1. 1. 1. 1. 1. 1. 1. 1. 1. 1.]
 [1. 1. 1. 1. 1. 1. 1. 1. 1. 1.]
 [1. 1. 1. 1. 1. 1. 1. 1. 1. 1.]
 [1. 1. 1. 1. 1. 1. 1. 1. 1. 1.]
 [1. 1. 1. 1. 1. 1. 1. 1. 1. 1.]
 [1. 1. 1. 1. 1. 1. 1. 1. 1. 1.]
 [1. 1. 1. 1. 1. 1. 1. 1. 1. 1.]
 [1. 1. 1. 1. 1. 1. 1. 1. 1. 1.]
 [1. 1. 1. 1. 1. 1. 1. 1. 1. 1.]
 [1. 1. 1. 1. 1. 1. 1. 1. 1. 1.]
 [1. 1. 1. 1. 1. 1. 1. 1. 1. 1.]
 [1. 1. 1. 1. 1. 1. 1. 1. 1. 1.]
 [1. 1. 1. 1. 1. 1. 1. 1. 1. 1.]
 [1. 1. 1. 1. 1. 1. 1. 1. 1. 1.]
 [1. 1. 1. 1. 1. 1. 1. 1. 1. 1.]
 [1. 1. 1. 1. 1. 1. 1. 1. 1. 1.]
 [1. 1. 1. 1. 1. 1. 1. 1. 1. 1.]
 [1. 1. 1. 1. 1. 1. 1. 1. 1. 1.]
 [1. 1. 1. 1. 1. 1. 1. 1. 1. 1.]
 [1. 1. 1. 1. 1. 1. 1. 1. 1. 1.]
 [1. 1. 1. 1. 1. 1. 1. 1. 1. 1.]
 [1. 1. 1. 1. 1. 1. 1. 1. 1. 1.]
 [1. 1. 1. 1. 1. 1. 1. 1. 1. 1.]
 [1. 1. 1. 1. 1. 1. 1. 1. 1. 1.]
 [1. 1. 1. 1. 1. 1. 1. 1. 1. 1.]
 [1. 1. 1. 1. 1. 1. 1. 1. 1. 1.]
 [1. 1. 1. 1. 1. 1. 1. 1. 1. 1.]
 [1. 1. 1. 1. 1. 1. 1. 1. 1. 1.]
 [1. 1. 1. 1. 1. 1. 1. 1. 1. 1.]
 [1. 1. 1. 1. 1. 1. 1. 1. 1. 1.]
 [1. 1. 1. 1. 1. 1. 1. 1. 1. 1.]
 [1. 1. 1. 1. 1. 1. 1. 1. 1. 1.]
 [1. 1. 1. 1. 1. 1. 1. 1. 1. 1.]
 [1. 1. 1. 1. 1. 1. 1. 1. 1. 1.]
 [1. 1. 1. 1. 1. 1. 1. 1. 1. 1.]]
00:00:00.09 State variable xA: [[6.94967024e-05 9.64176178e-04 8.96532427e-04 8.83925380e-04
  1.22387741e-05 6.09371471e-07 3.06278837e-07 7.50606376e-05
  1.51096933e-04 2.13279433e-04]
 [6.94967024e-05 1.07163159e-03 9.07962107e-04 8.84390696e-04
  1.22620813e-05 6.10015053e-07 3.06471178e-07 3.86905602e-04
  3.57733276e-04 3.56473805e-04]
 [6.94967024e-05 1.19094696e-03 9.20997449e-04 8.85003204e-04
  1.22657970e-05 6.10861130e-07 3.06816366e-07 3.71206443e-08
  3.33151153e-08 3.31345886e-08]
 [6.94967024e-05 1.32197539e-03 9.35217047e-04 8.85770069e-04
  1.23048906e-05 6.12041037e-07 3.07290129e-07 3.95089958e-04
  3.59333808e-04 3.56753277e-04]
 [6.94967024e-05 1.46375696e-03 9.50398021e-04 8.86696711e-04
  1.23446558e-05 6.13396451e-07 3.07868051e-07 3.78302524e-08
  3.34579466e-08 3.31597253e-08]
 [6.94967024e-05 1.61452369e-03 9.66501238e-04 8.87788168e-04
  1.23717679e-05 6.14803595e-07 3.08526774e-07 4.02584731e-04
  3.60854807e-04 3.57022679e-04]
 [6.94967024e-05 1.77185992e-03 9.83581560e-04 8.89049679e-04
  1.24014458e-05 6.16290037e-07 3.09254607e-07 3.84964829e-08
  3.35935574e-08 3.31839299e-08]
 [6.94967024e-05 1.93287708e-03 1.00172342e-03 8.90486733e-04
  1.24350957e-05 6.17861929e-07 3.10045138e-07 4.09515297e-04
  3.62296028e-04 3.57281240e-04]
 [6.94967024e-05 2.09442457e-03 1.02101460e-03 8.92104938e-04
  1.24708657e-05 6.19504118e-07 3.10892720e-07 3.91178209e-08
  3.37218547e-08 3.32071081e-08]
 [6.94967024e-05 2.25347190e-03 1.04154064e-03 8.93910106e-04
  1.25076329e-05 6.21205595e-07 3.11791638e-07 4.15921405e-04
  3.63656951e-04 3.57528106e-04]
 [6.94967024e-05 2.40756948e-03 1.06338880e-03 8.95908079e-04
  1.25447730e-05 6.22953731e-07 3.12733360e-07 3.96956530e-08
  3.38427812e-08 3.32291761e-08]
 [6.94967024e-05 2.55510838e-03 1.08665373e-03 8.98105126e-04
  1.25837385e-05 6.24746168e-07 3.13709121e-07 4.21828707e-04
  3.64937031e-04 3.57762472e-04]
 [6.94967024e-05 2.69526728e-03 1.11144123e-03 9.00507843e-04
  1.26231895e-05 6.26585274e-07 3.14714584e-07 4.02306659e-08
  3.39562917e-08 3.32500760e-08]
 [6.94967024e-05 2.82778180e-03 1.13786949e-03 9.03123646e-04
  1.26641491e-05 6.28481002e-07 3.15750637e-07 4.27257792e-04
  3.66135759e-04 3.57983664e-04]
 [6.94967024e-05 2.95271065e-03 1.16606943e-03 9.05960434e-04
  1.27059962e-05 6.30443240e-07 3.16825270e-07 4.07248732e-08
  3.40623348e-08 3.32697354e-08]
 [6.94967024e-05 3.07027355e-03 1.19618521e-03 9.09027060e-04
  1.27494255e-05 6.32484046e-07 3.17950671e-07 4.32222820e-04
  3.67252512e-04 3.58190878e-04]
 [6.94967024e-05 3.18075827e-03 1.22837541e-03 9.12333155e-04
  1.27940309e-05 6.34610208e-07 3.19140215e-07 4.11814764e-08
  3.41608806e-08 3.32881085e-08]
 [6.94967024e-05 3.28447413e-03 1.26281473e-03 9.15889430e-04
  1.28400595e-05 6.36825935e-07 3.20404227e-07 4.36734702e-04
  3.68286937e-04 3.58383875e-04]
 [6.94967024e-05 3.38173320e-03 1.29969608e-03 9.19707655e-04
  1.28875422e-05 6.39131180e-07 3.21747839e-07 4.16010755e-08
  3.42518770e-08 3.33051429e-08]
 [6.94967024e-05 3.47284442e-03 1.33923270e-03 9.23800989e-04
  1.29365953e-05 6.41522921e-07 3.23170311e-07 4.40800900e-04
  3.69238242e-04 3.58561758e-04]
 [6.94967024e-05 3.55810992e-03 1.38165989e-03 9.28184002e-04
  1.29872766e-05 6.43996007e-07 3.24665928e-07 4.19846661e-08
  3.43352792e-08 3.33208056e-08]
 [6.94967024e-05 3.63781791e-03 1.42723589e-03 9.32872965e-04
  1.30397210e-05 6.46544121e-07 3.26225449e-07 4.44429618e-04
  3.70106192e-04 3.58724741e-04]
 [6.94967024e-05 3.71223400e-03 1.47624214e-03 9.37886109e-04
  1.30940558e-05 6.49160527e-07 3.27837484e-07 4.23335323e-08
  3.44110440e-08 3.33350666e-08]
 [6.94967024e-05 3.78159635e-03 1.52898300e-03 9.43243644e-04
  1.31503855e-05 6.51839297e-07 3.29490025e-07 4.47620461e-04
  3.70890020e-04 3.58872142e-04]
 [6.94967024e-05 3.84611854e-03 1.58578480e-03 9.48968271e-04
  1.32088770e-05 6.54575803e-07 3.31172388e-07 4.26481924e-08
  3.44791313e-08 3.33479217e-08]
 [6.94967024e-05 3.90599825e-03 1.64699348e-03 9.55085242e-04
  1.32696927e-05 6.57367263e-07 3.32876133e-07 4.50359459e-04
  3.71589127e-04 3.59003911e-04]
 [6.94967024e-05 3.96142530e-03 1.71296983e-03 9.61622769e-04
  1.33329936e-05 6.60212461e-07 3.34595674e-07 4.29292035e-08
  3.45394873e-08 3.33593484e-08]
 [6.94967024e-05 4.01258381e-03 1.78408188e-03 9.68612230e-04
  1.33989729e-05 6.63112506e-07 3.36328442e-07 4.52636564e-04
  3.72202804e-04 3.59119796e-04]
 [6.94967024e-05 4.05964858e-03 1.86069462e-03 9.76088634e-04
  1.34678492e-05 6.66070467e-07 3.38075082e-07 4.31769398e-08
  3.45920416e-08 3.33693085e-08]
 [6.94967024e-05 4.10278170e-03 1.94315675e-03 9.84090874e-04
  1.35398681e-05 6.69091776e-07 3.39839108e-07 4.54410552e-04
  3.72729976e-04 3.59219403e-04]
 [6.94967024e-05 4.14213451e-03 2.03178370e-03 9.92662168e-04
  1.36152678e-05 6.72183502e-07 3.41627192e-07 4.33921084e-08
  3.46367346e-08 3.33778022e-08]
 [6.94967024e-05 4.17785142e-03 2.12683501e-03 1.00185031e-03
  1.36943326e-05 6.75354464e-07 3.43448675e-07 4.55596134e-04
  3.73169358e-04 3.59302658e-04]
 [6.94967024e-05 4.21006550e-03 2.22848428e-03 1.01170823e-03
  1.37773586e-05 6.78614761e-07 3.45314549e-07 4.35756313e-08
  3.46734820e-08 3.33848140e-08]
 [6.94967024e-05 4.23888179e-03 2.33678205e-03 1.02229439e-03
  1.38646981e-05 6.81976072e-07 3.47236822e-07 4.55948497e-04
  3.73518249e-04 3.59368853e-04]
 [6.94967024e-05 4.26435604e-03 2.45161399e-03 1.03367346e-03
  1.39566915e-05 6.85450420e-07 3.49227654e-07 4.37285016e-08
  3.47021759e-08 3.33903358e-08]
 [6.94967024e-05 4.28646958e-03 2.57265565e-03 1.04591658e-03
  1.40537202e-05 6.89050704e-07 3.51296358e-07 4.54555457e-04
  3.73769345e-04 3.59416280e-04]
 [6.94967024e-05 4.30508251e-03 2.69931948e-03 1.05910114e-03
  1.41561931e-05 6.92790487e-07 3.53443340e-07 4.38522153e-08
  3.47226047e-08 3.33942927e-08]
 [6.94967024e-05 4.31986942e-03 2.83068408e-03 1.07331032e-03
  1.42645614e-05 6.96681875e-07 3.55642320e-07 4.40982838e-04
  3.73854876e-04 3.59428502e-04]
 [6.94967024e-05 4.33031728e-03 2.96523519e-03 1.08862179e-03
  1.43791901e-05 7.00715639e-07 3.57781300e-07 4.39450962e-08
  3.47343129e-08 3.33966639e-08]
 [6.94967024e-05 4.33584403e-03 3.09597631e-03 1.10468393e-03
  1.44974402e-05 7.04616592e-07 3.59470017e-07 4.39800302e-08
  3.47367613e-08 3.33971949e-08]]
00:00:00.10 State variable xB: [[0.01593564 0.10104086 0.12145198 0.12624945 0.07587721 0.06083108
  0.05845381 0.02533627 0.01458602 0.01015105]
 [0.01593564 0.09924353 0.12005624 0.12601082 0.07583852 0.06082529
  0.05845295 0.00887849 0.00124479 0.00017977]
 [0.01593564 0.0972427  0.11853724 0.12575004 0.07580099 0.0608193
  0.058452   0.02874861 0.02060352 0.01934536]
 [0.01593564 0.09502993 0.1169501  0.12547453 0.07575379 0.06081159
  0.05845075 0.00880856 0.00123509 0.00017844]
 [0.01593564 0.09260551 0.11532721 0.12518862 0.07569806 0.06080233
  0.05844922 0.02906233 0.02073269 0.01937852]
 [0.01593564 0.08997994 0.11368222 0.12489404 0.07564749 0.06079343
  0.05844768 0.00888018 0.00124511 0.00017983]
 [0.01593564 0.08717442 0.11201975 0.12459126 0.07559514 0.06078394
  0.058446   0.02935197 0.02085365 0.01940991]
 [0.01593564 0.08422063 0.11034191 0.12428039 0.07553764 0.06077337
  0.05844411 0.00893347 0.00125257 0.00018086]
 [0.01593564 0.08115875 0.10865104 0.12396155 0.07547824 0.06076218
  0.05844207 0.02961909 0.02096669 0.01943952]
 [0.01593564 0.07803229 0.10694996 0.12363493 0.07541501 0.06075011
  0.05843985 0.0089853  0.00125983 0.00018187]
 [0.01593564 0.0748817  0.10524124 0.12330067 0.07534954 0.06073738
  0.05843749 0.02986503 0.02107204 0.01946736]
 [0.01593564 0.07174018 0.10352634 0.12295873 0.07528319 0.06072418
  0.058435   0.00903991 0.00126747 0.00018293]
 [0.01593564 0.06863319 0.10180543 0.12260887 0.07521282 0.06071007
  0.05843233 0.03009091 0.02116992 0.01949343]
 [0.01593564 0.06558001 0.10007774 0.12225071 0.07514059 0.06069535
  0.05842952 0.00909964 0.00127582 0.00018409]
 [0.01593564 0.06259553 0.09834192 0.12188372 0.07506532 0.06067987
  0.05842655 0.03029771 0.02126048 0.01951774]
 [0.01593564 0.05969152 0.09659632 0.12150732 0.0749876  0.0606637
  0.05842342 0.00916879 0.00128548 0.00018543]
 [0.01593564 0.05687747 0.09483904 0.12112084 0.07490685 0.06064676
  0.05842014 0.03048626 0.02134389 0.01954027]
 [0.01593564 0.05416089 0.09306786 0.12072352 0.07482319 0.06062908
  0.05841669 0.00925043 0.00129688 0.00018701]
 [0.01593564 0.05154753 0.09128009 0.12031449 0.07473646 0.06061063
  0.05841308 0.03065728 0.02142028 0.01956102]
 [0.01593564 0.04904145 0.08947251 0.11989274 0.07464651 0.06059139
  0.0584093  0.00933933 0.00130929 0.00018872]
 [0.01593564 0.04664522 0.0876413  0.11945709 0.07455312 0.06057134
  0.05840535 0.03081137 0.02148975 0.01958001]
 [0.01593564 0.04436032 0.08578215 0.11900624 0.07445614 0.06055044
  0.05840124 0.00944032 0.00132338 0.00019067]
 [0.01593564 0.04218761 0.08389036 0.11853872 0.07435534 0.06052868
  0.05839694 0.03094905 0.02155239 0.01959721]
 [0.01593564 0.04012764 0.08196103 0.11805294 0.07425046 0.06050603
  0.05839247 0.00955991 0.00134006 0.00019298]
 [0.01593564 0.03818072 0.07998914 0.11754718 0.07414128 0.06048243
  0.05838781 0.03107074 0.02160827 0.01961264]
 [0.01593564 0.03634678 0.07796964 0.11701956 0.0740275  0.06045787
  0.05838296 0.00970298 0.00136    0.00019573]
 [0.01593564 0.03462527 0.07589754 0.11646807 0.0739088  0.0604323
  0.05837793 0.0311768  0.02165745 0.01962628]
 [0.01593564 0.03301519 0.07376822 0.11589059 0.07378488 0.06040567
  0.05837269 0.00988162 0.0013849  0.00019917]
 [0.01593564 0.03151536 0.07157769 0.11528488 0.07365539 0.06037794
  0.05836725 0.03126749 0.02169995 0.01963813]
 [0.01593564 0.03012461 0.06932305 0.11464862 0.07351998 0.06034907
  0.05836161 0.01010898 0.00141659 0.00020354]
 [0.01593564 0.0288417  0.06700279 0.11397947 0.07337829 0.060319
  0.05835574 0.031343   0.02173578 0.01964817]
 [0.01593564 0.02766522 0.06461709 0.113275   0.07322994 0.06028768
  0.05834966 0.01041081 0.00145864 0.00020935]
 [0.01593564 0.02659377 0.06216834 0.11253282 0.07307455 0.06025507
  0.05834335 0.03140344 0.02176494 0.0196564 ]
 [0.01593564 0.0256266  0.0596618  0.11175062 0.07291178 0.06022111
  0.0583368  0.01085454 0.00152046 0.00021788]
 [0.01593564 0.02476434 0.05710646 0.11092626 0.07274127 0.06018577
  0.05833001 0.03144881 0.02178735 0.01966278]
 [0.01593564 0.02400987 0.05451586 0.11005783 0.0725627  0.06014899
  0.05832297 0.0116444  0.00163049 0.00023306]
 [0.01593564 0.02337002 0.05190921 0.10914385 0.07237582 0.06011075
  0.05831569 0.03147896 0.02180289 0.01966728]
 [0.01593564 0.02285817 0.04931283 0.10818347 0.07218046 0.06007102
  0.05830815 0.01387281 0.0019409  0.00027588]
 [0.01593564 0.02249455 0.04676387 0.10717782 0.07197674 0.06002983
  0.05830036 0.03149342 0.02181121 0.01966981]
 [0.01593564 0.02230095 0.04439149 0.10616162 0.07177003 0.05998794
  0.05829244 0.03149451 0.02181257 0.01967028]]
00:00:00.10 State variable yA: [[ 2.00000000e-01  2.32526147e-01  2.00548587e-01  2.00072253e-01
   2.42214347e-03  3.57119690e-04  2.28136890e-04  2.29398736e-01
   4.65834708e-01  6.27481639e-01]
 [ 2.00000000e-01  2.63346299e-01  2.01228301e-01  2.00176034e-01
   2.42587402e-03  3.57440640e-04  2.28284884e-04  1.09643061e+03
   1.39412375e+03  1.41984794e+03]
 [ 2.00000000e-01  2.96608823e-01  2.02064387e-01  2.00303599e-01
   2.42967343e-03  3.57939205e-04  2.28539777e-04 -1.33806253e+03
  -1.77970300e+03 -1.84454420e+03]
 [ 2.00000000e-01  3.31897455e-01  2.03066533e-01  2.00454623e-01
   2.43468550e-03  3.58585753e-04  2.28887040e-04  1.25617291e+03
   1.67447973e+03  1.73609899e+03]
 [ 2.00000000e-01  3.68561795e-01  2.04241832e-01  2.00630800e-01
   2.44082843e-03  3.59341418e-04  2.29311216e-04 -1.24294592e+03
  -1.65904087e+03 -1.72059750e+03]
 [ 2.00000000e-01  4.05725054e-01  2.05596812e-01  2.00832532e-01
   2.44725890e-03  3.60158338e-04  2.29797185e-04  1.16194601e+03
   1.55485688e+03  1.61305867e+03]
 [ 2.00000000e-01  4.42430942e-01  2.07138439e-01  2.01060360e-01
   2.45368210e-03  3.61026847e-04  2.30336149e-04 -1.15068079e+03
  -1.54162786e+03 -1.59976651e+03]
 [ 2.00000000e-01  4.77860848e-01  2.08874445e-01  2.01315053e-01
   2.46001387e-03  3.61951536e-04  2.30922658e-04  1.07234303e+03
   1.44025937e+03  1.49491939e+03]
 [ 2.00000000e-01  5.11462009e-01  2.10813369e-01  2.01597105e-01
   2.46638896e-03  3.62933723e-04  2.31552999e-04 -1.06274466e+03
  -1.42892077e+03 -1.48351531e+03]
 [ 2.00000000e-01  5.42946208e-01  2.12964555e-01  2.01908761e-01
   2.47309415e-03  3.63970823e-04  2.32224554e-04  9.86953322e+02
   1.33023547e+03  1.38123506e+03]
 [ 2.00000000e-01  5.72236448e-01  2.15338244e-01  2.02249512e-01
   2.48023427e-03  3.65048953e-04  2.32932319e-04 -9.78780609e+02
  -1.32052370e+03 -1.37145474e+03]
 [ 2.00000000e-01  5.99411534e-01  2.17945764e-01  2.02621402e-01
   2.48786517e-03  3.66149631e-04  2.33669344e-04  9.05262985e+02
   1.22423084e+03  1.27145817e+03]
 [ 2.00000000e-01  6.24645893e-01  2.20799763e-01  2.03023536e-01
   2.49588942e-03  3.67260037e-04  2.34429278e-04 -8.98316360e+02
  -1.21592636e+03 -1.26308249e+03]
 [ 2.00000000e-01  6.48146954e-01  2.23914440e-01  2.03459292e-01
   2.50421597e-03  3.68373100e-04  2.35208454e-04  8.26813734e+02
   1.12174692e+03  1.16509814e+03]
 [ 2.00000000e-01  6.70107723e-01  2.27305768e-01  2.03927920e-01
   2.51269157e-03  3.69493332e-04  2.36008783e-04 -8.20926705e+02
  -1.11466504e+03 -1.15794334e+03]
 [ 2.00000000e-01  6.90684338e-01  2.30991716e-01  2.04431748e-01
   2.52126772e-03  3.70633483e-04  2.36837663e-04  7.51165555e+02
   1.02230164e+03  1.06168061e+03]
 [ 2.00000000e-01  7.09993873e-01  2.34992483e-01  2.04971409e-01
   2.52989446e-03  3.71812194e-04  2.37706153e-04 -7.46198096e+02
  -1.01628576e+03 -1.05559108e+03]
 [ 2.00000000e-01  7.28122393e-01  2.39330732e-01  2.05548896e-01
   2.53854482e-03  3.73048707e-04  2.38625897e-04  6.77931886e+02
   9.25465900e+02  9.60783350e+02]
 [ 2.00000000e-01  7.45135446e-01  2.44031866e-01  2.06165042e-01
   2.54720583e-03  3.74360139e-04  2.39606148e-04 -6.73765328e+02
  -9.20382312e+02 -9.55626363e+02]
 [ 2.00000000e-01  7.61086846e-01  2.49124407e-01  2.06822493e-01
   2.55589346e-03  3.75759576e-04  2.40652014e-04  6.06788654e+02
   8.30880320e+02  8.62054826e+02]
 [ 2.00000000e-01  7.76024198e-01  2.54640534e-01  2.07522587e-01
   2.56464490e-03  3.77255376e-04  2.41764104e-04 -6.03319462e+02
  -8.26611232e+02 -8.57713574e+02]
 [ 2.00000000e-01  7.89991284e-01  2.60616762e-01  2.08267302e-01
   2.57351184e-03  3.78850865e-04  2.42939055e-04  5.37498689e+02
   7.38270039e+02  7.65225964e+02]
 [ 2.00000000e-01  8.03028517e-01  2.67094569e-01  2.09060008e-01
   2.58250537e-03  3.80544684e-04  2.44170199e-04 -5.34639248e+02
  -7.34714895e+02 -7.61600387e+02]
 [ 2.00000000e-01  8.15173020e-01  2.74120717e-01  2.09901867e-01
   2.59169018e-03  3.82331510e-04  2.45448723e-04  4.69798266e+02
   6.47327154e+02  6.69993494e+02]
 [ 2.00000000e-01  8.26459345e-01  2.81747265e-01  2.10796844e-01
   2.60111070e-03  3.84203599e-04  2.46765041e-04 -4.67474720e+02
  -6.44399822e+02 -6.66998118e+02]
 [ 2.00000000e-01  8.36920775e-01  2.90031832e-01  2.11747813e-01
   2.61082473e-03  3.86151596e-04  2.48110092e-04  4.03395935e+02
   5.57713010e+02  5.76021918e+02]
 [ 2.00000000e-01  8.46590357e-01  2.99039025e-01  2.12758777e-01
   2.62085615e-03  3.88165432e-04  2.49476130e-04 -4.01542989e+02
  -5.55337252e+02 -5.73580051e+02]
 [ 2.00000000e-01  8.55500939e-01  3.08843130e-01  2.13832969e-01
   2.63126503e-03  3.90234894e-04  2.50857309e-04  3.38139235e+02
   4.69216426e+02  4.83100168e+02]
 [ 2.00000000e-01  8.63684340e-01  3.19530103e-01  2.14975282e-01
   2.64205218e-03  3.92350716e-04  2.52249904e-04 -3.36704701e+02
  -4.67328652e+02 -4.81148780e+02]
 [ 2.00000000e-01  8.71170639e-01  3.31195928e-01  2.16190281e-01
   2.65327992e-03  3.94504599e-04  2.53652595e-04  2.73813985e+02
   3.81550934e+02  3.90940078e+02]
 [ 2.00000000e-01  8.77988347e-01  3.43941248e-01  2.17483825e-01
   2.66498832e-03  3.96690492e-04  2.55066517e-04 -2.72761369e+02
  -3.80104428e+02 -3.89432051e+02]
 [ 2.00000000e-01  8.84164828e-01  3.57867453e-01  2.18861106e-01
   2.67720039e-03  3.98904420e-04  2.56495472e-04  2.10237494e+02
   2.94435095e+02  2.99254146e+02]
 [ 2.00000000e-01  8.89725348e-01  3.73079990e-01  2.20329222e-01
   2.68994647e-03  4.01144293e-04  2.57945358e-04 -2.09563872e+02
  -2.93417218e+02 -2.98176453e+02]
 [ 2.00000000e-01  8.94690193e-01  3.89696364e-01  2.21895014e-01
   2.70329267e-03  4.03410034e-04  2.59423424e-04  1.47174699e+02
   2.07465322e+02  2.07620832e+02]
 [ 2.00000000e-01  8.99070986e-01  4.07847196e-01  2.23566260e-01
   2.71723452e-03  4.05703947e-04  2.60937154e-04 -1.46971980e+02
  -2.06958239e+02 -2.07055414e+02]
 [ 2.00000000e-01  9.02866219e-01  4.27661858e-01  2.25351466e-01
   2.73180293e-03  4.08029358e-04  2.62492000e-04  8.43832577e+01
   1.20015314e+02  1.15363829e+02]
 [ 2.00000000e-01  9.06053322e-01  4.49244394e-01  2.27259838e-01
   2.74705694e-03  4.10391039e-04  2.64084463e-04 -8.54344492e+01
  -1.20793588e+02 -1.16084614e+02]
 [ 2.00000000e-01  9.08578543e-01  4.72651785e-01  2.29301338e-01
   2.76302603e-03  4.12793614e-04  2.65686319e-04  2.13479107e+01
   3.00374230e+01  2.02093242e+01]
 [ 2.00000000e-01  9.10357365e-01  4.97843667e-01  2.31484986e-01
   2.77971640e-03  4.15222689e-04  2.67197910e-04 -2.58952367e+01
  -4.21847083e+01 -4.01386757e+01]
 [ 2.00000000e-01  9.11293934e-01  5.23690362e-01  2.33762217e-01
   2.79677254e-03  4.17470408e-04  2.68320481e-04 -1.83282423e-03
  -3.01252279e-03 -3.29789215e-03]]
00:00:00.10 State variable yB: [[ 8.00000000e-01  7.67473515e-01  7.99451413e-01  7.99927792e-01
   9.97577753e-01  9.99642879e-01  9.99771706e-01  7.70625069e-01
   5.34215982e-01  3.72624105e-01]
 [ 8.00000000e-01  7.36653539e-01  7.98771699e-01  7.99825735e-01
   9.97574115e-01  9.99642559e-01  9.99764744e-01 -1.09701994e+03
  -1.39468251e+03 -1.42040212e+03]
 [ 8.00000000e-01  7.03391074e-01  7.97935613e-01  7.99696786e-01
   9.97570338e-01  9.99642062e-01  9.99771192e-01  1.34382763e+03
   1.78546665e+03  1.85030769e+03]
 [ 8.00000000e-01  6.68102377e-01  7.96933467e-01  7.99545067e-01
   9.97565361e-01  9.99641419e-01  9.99771103e-01 -1.25897803e+03
  -1.67728563e+03 -1.73890504e+03]
 [ 8.00000000e-01  6.31437924e-01  7.95758168e-01  7.99368933e-01
   9.97559321e-01  9.99640665e-01  9.99770694e-01  1.24772787e+03
   1.66382149e+03  1.72537795e+03]
 [ 8.00000000e-01  5.94274591e-01  7.94403188e-01  7.99166976e-01
   9.97552892e-01  9.99639847e-01  9.99770216e-01 -1.16352119e+03
  -1.55643286e+03 -1.61463482e+03]
 [ 8.00000000e-01  5.57568716e-01  7.92861561e-01  7.98941036e-01
   9.97546095e-01  9.99638976e-01  9.99769686e-01  1.15422675e+03
   1.54517302e+03  1.60331145e+03]
 [ 8.00000000e-01  5.22138921e-01  7.91125555e-01  7.98685341e-01
   9.97539794e-01  9.99638053e-01  9.99769096e-01 -1.07352537e+03
  -1.44144209e+03 -1.49610232e+03]
 [ 8.00000000e-01  4.88537959e-01  7.89186631e-01  7.98400773e-01
   9.97533388e-01  9.99637067e-01  9.99768465e-01  1.06589674e+03
   1.43207162e+03  1.48666597e+03]
 [ 8.00000000e-01  4.57054011e-01  7.87035445e-01  7.98092624e-01
   9.97527142e-01  9.99636014e-01  9.99767745e-01 -9.87985138e+02
  -1.33126819e+03 -1.38226795e+03]
 [ 8.00000000e-01  4.27764015e-01  7.84661756e-01  7.97749511e-01
   9.97520053e-01  9.99634901e-01  9.99767036e-01  9.81780867e+02
   1.32352291e+03  1.37445372e+03]
 [ 8.00000000e-01  4.00589103e-01  7.82054236e-01  7.97379494e-01
   9.97512959e-01  9.99633757e-01  9.99766284e-01 -9.06235601e+02
  -1.22520460e+03 -1.27243205e+03]
 [ 8.00000000e-01  3.75354814e-01  7.79200237e-01  7.96975142e-01
   9.97504968e-01  9.99632601e-01  9.99765504e-01  9.01256658e+02
   1.21886560e+03  1.26602149e+03]
 [ 8.00000000e-01  3.51853725e-01  7.76085560e-01  7.96541888e-01
   9.97496459e-01  9.99631459e-01  9.99764752e-01 -8.27760519e+02
  -1.12269471e+03 -1.16604609e+03]
 [ 8.00000000e-01  3.29892859e-01  7.72694232e-01  7.96071908e-01
   9.97487693e-01  9.99630355e-01  9.99764027e-01  8.23841467e+02
   1.11757869e+03  1.16085674e+03]
 [ 8.00000000e-01  3.09316118e-01  7.69008284e-01  7.95567924e-01
   9.97478344e-01  9.99629283e-01  9.99763218e-01 -7.52065241e+02
  -1.02320238e+03 -1.06258149e+03]
 [ 8.00000000e-01  2.90006457e-01  7.65007517e-01  7.95028605e-01
   9.97469299e-01  9.99628225e-01  9.99762442e-01  7.49066773e+02
   1.01915336e+03  1.05845841e+03]
 [ 8.00000000e-01  2.71877830e-01  7.60669268e-01  7.94452038e-01
   9.97460217e-01  9.99627163e-01  9.99761619e-01 -6.78755668e+02
  -9.26290777e+02 -9.61608350e+02]
 [ 8.00000000e-01  2.54864696e-01  7.55968134e-01  7.93834488e-01
   9.97451320e-01  9.99626056e-01  9.99760863e-01  6.76555586e+02
   9.23171441e+02  9.58415226e+02]
 [ 8.00000000e-01  2.38913239e-01  7.50875593e-01  7.93177668e-01
   9.97442070e-01  9.99624854e-01  9.99759905e-01 -6.07610297e+02
  -8.31703021e+02 -8.62877665e+02]
 [ 8.00000000e-01  2.23975850e-01  7.45359466e-01  7.92477465e-01
   9.97433090e-01  9.99623539e-01  9.99758837e-01  6.06106412e+02
   8.29397086e+02  8.60499140e+02]
 [ 8.00000000e-01  2.10008742e-01  7.39383238e-01  7.91732136e-01
   9.97424008e-01  9.99622087e-01  9.99757626e-01 -5.38314749e+02
  -7.39087123e+02 -7.66043202e+02]
 [ 8.00000000e-01  1.96971496e-01  7.32905431e-01  7.90940888e-01
   9.97414983e-01  9.99620483e-01  9.99756237e-01  5.37420333e+02
   7.37494839e+02  7.64380052e+02]
 [ 8.00000000e-01  1.84826987e-01  7.25879284e-01  7.90097745e-01
   9.97405579e-01  9.99618726e-01  9.99754753e-01 -4.70570167e+02
  -6.48100033e+02 -6.70766554e+02]
 [ 8.00000000e-01  1.73540659e-01  7.18252735e-01  7.89202991e-01
   9.97396497e-01  9.99616801e-01  9.99753146e-01  4.70208900e+02
   6.47132804e+02  6.69730840e+02]
 [ 8.00000000e-01  1.63079227e-01  7.09968168e-01  7.88251652e-01
   9.97387311e-01  9.99614736e-01  9.99751511e-01 -4.04151847e+02
  -5.58469931e+02 -5.76779014e+02]
 [ 8.00000000e-01  1.53409645e-01  7.00960975e-01  7.87241769e-01
   9.97377332e-01  9.99612549e-01  9.99749730e-01  4.04261494e+02
   5.58054504e+02  5.76297064e+02]
 [ 8.00000000e-01  1.44499062e-01  6.91156871e-01  7.86166949e-01
   9.97367346e-01  9.99610228e-01  9.99747971e-01 -3.38809562e+02
  -4.69887746e+02 -4.83771683e+02]
 [ 8.00000000e-01  1.36315660e-01  6.80469897e-01  7.85024772e-01
   9.97357152e-01  9.99607797e-01  9.99746217e-01  3.39337000e+02
   4.69959715e+02  4.83779592e+02]
 [ 8.00000000e-01  1.28829361e-01  6.68804072e-01  7.83809263e-01
   9.97346403e-01  9.99605288e-01  9.99744482e-01 -2.74376975e+02
  -3.82114923e+02 -3.91504274e+02]
 [ 8.00000000e-01  1.22011653e-01  6.56058752e-01  7.82516886e-01
   9.97335112e-01  9.99602711e-01  9.99742772e-01  2.75282602e+02
   3.82624570e+02  3.91951861e+02]
 [ 8.00000000e-01  1.15835172e-01  6.42132547e-01  7.81138854e-01
   9.97323222e-01  9.99600073e-01  9.99741100e-01 -2.10709226e+02
  -2.94907961e+02 -2.99727168e+02]
 [ 8.00000000e-01  1.10274652e-01  6.26920010e-01  7.79670408e-01
   9.97310616e-01  9.99597398e-01  9.99739507e-01  2.11983359e+02
   2.95835531e+02  3.00594474e+02]
 [ 8.00000000e-01  1.05309808e-01  6.10303636e-01  7.78105014e-01
   9.97297873e-01  9.99594703e-01  9.99737957e-01 -1.47609771e+02
  -2.07901540e+02 -2.08057231e+02]
 [ 8.00000000e-01  1.00929014e-01  5.92152805e-01  7.76433931e-01
   9.97284616e-01  9.99592003e-01  9.99736437e-01  1.49320143e+02
   2.09305203e+02  2.09402098e+02]
 [ 8.00000000e-01  9.71337808e-02  5.72338142e-01  7.74648492e-01
   9.97270506e-01  9.99589308e-01  9.99735047e-01 -8.49310423e+01
  -1.20564342e+02 -1.15913042e+02]
 [ 8.00000000e-01  9.39466782e-02  5.50755606e-01  7.72740122e-01
   9.97255761e-01  9.99586634e-01  9.99733689e-01  8.75634435e+01
   1.22921412e+02  1.18212143e+02]
 [ 8.00000000e-01  9.14214571e-02  5.27348214e-01  7.70698526e-01
   9.97240070e-01  9.99583963e-01  9.99732506e-01 -2.32204894e+01
  -3.19114269e+01 -2.20835621e+01]
 [ 8.00000000e-01  8.96426352e-02  5.02156316e-01  7.68515337e-01
   9.97223420e-01  9.99581336e-01  9.99731361e-01  3.02247357e+01
   4.65129661e+01  4.44666447e+01]
 [ 8.00000000e-01  8.87060664e-02  4.76309647e-01  7.66250033e-01
   9.97205726e-01  9.99578942e-01  9.99730595e-01  9.99992497e-01
   9.99999336e-01  9.99999773e-01]]
00:00:00.10 State variable velocity: yB
00:00:00.80 done
