Starting at 2022-06-20 15:45:38.820837
Args: ./test
00:00:00.05 time :[ 0.  1.  2.  3.  4.  5.  6.  7.  8.  9. 10. 11. 12. 13. 14. 15. 16. 17.
 18. 19. 20. 21. 22. 23. 24. 25. 26. 27. 28. 29. 30. 31. 32. 33. 34. 35.
 36. 37. 38. 39. 40. 41. 42. 43. 44. 45. 46. 47. 48. 49. 50. 51. 52. 53.
 54. 55. 56. 57. 58. 59. 60. 61. 62. 63. 64. 65. 66. 67. 68. 69. 70. 71.
 72. 73. 74. 75. 76. 77. 78. 79. 80. 81. 82. 83. 84. 85. 86. 87. 88. 89.
 90. 91. 92. 93. 94. 95. 96. 97. 98. 99.]
00:00:00.05 parameters: {'R': 8.314, 'nocomponents': 2, 'xnames': ['xA', 'xB'], 'ynames': ['yA', 'yB'], 'feed_yi': [0.2, 0.8], 'isomodel': 'Langmuir-Freundlich', 'bi': [0.0042, 0.0616], 'qsi': [2.5, 7.3], 'qs0': 7.3, 'ni': [1.006, 0.83], 'ki': [0.62, 0.197], 'Hi': [0, 0], 'mode': 1, 'bed': 1, 'N': 10, 'tstep': 1, 'adsorb': True, 'Ta': 293.15, 'D': 0.083, 'L': 1, 'product_tank_volume': 0.002, 'epsilon': 0.37, 'epsilonp': 0.35, 'rp': 0.0007, 'tauprime': 3.0, 'input_orifice': 2.2, 'output_orifice': 1.4, 'product_orifice': 0.475, 'blowdown_orifice': 2.8, 'vent_orifice': 1.0, 'feed_pressure': 3.5, 'PI': 100000.0, 'PL': 25000.0, 'PH': 350000.0, 'product_pressure': 2, 'rho_s': 1130, 'rho_w': 7800, 'Cpg': 30.7, 'Cpa': 30.7, 'Cps': 1339, 'Cpw': 502, 'mu': 1.72e-05, 'Dm': 1.6e-05, 'gamma': 1.4, 'Kz': 0.09, 'Kw': 16, 'hin': 8.6, 'hout': 2.5, 'eta': 0.72, 'area': 0.005410607947645022, 'volume': 0.005410607947645022, 'rin': 0.0415, 'rout': 0.2915, 'epst': 0.5873015873015873, 'epsb': 1.7027027027027026, 'cellsize': 0.1, 'deltaZ': 0.1, 'container_vol': 0.005410607947645022, 'vfeed': 1, 'norm_v0': 1, 'norm_t0': 1.0, 'norm_P0': 350000.0, 'norm_T0': 293, 'rho_g': 1.1898660666240475, 'Dp': 5.333333333333333e-06, 'lamda_pre': 0.5, 'lamda_blw': 0.5, 'lamda_eva': 0.5, 'tpre': 15, 'tads': 15, 'tblw': 30, 'teva': 40, 'norm_tpre': 15.0, 'norm_tads': 30.0, 'norm_tblw': 60.0, 'norm_tend': 100.0, 'DL': 0.00049}
00:00:00.06 State variable P: [[0.07142857 0.43555734 0.65769751 0.79226523 0.87396038 0.92355525
  0.95359683 0.97182962 0.98290278 0.98962247 0.99365792 0.99615002
  0.99767792 0.99856887 0.9991458  1.00309124 1.00708505 1.0072083
  1.00748769 1.00779224 1.00809798 1.00839    1.00865906 1.00890125
  1.00911581 1.00930379 1.00946716 1.00960816 1.00972922 1.0098329
  1.0029425  0.72325357 0.5549598  0.45333105 0.39171704 0.35395258
  0.33051947 0.31577558 0.30634453 0.30020404 0.2961443  0.29339559
  0.29149493 0.29014857 0.2891725  0.28844918 0.28790047 0.28747715
  0.28714543 0.28688223 0.28667054 0.28649997 0.28636122 0.28624766
  0.2861546  0.28607827 0.28601521 0.28596437 0.28592207 0.28588615
  0.2847818  0.20220337 0.15223713 0.1218115  0.10312511 0.09168069
  0.08461298 0.08013183 0.07731317 0.0754958  0.07432067 0.07352751
  0.0729918  0.07262251 0.0723575  0.07216188 0.07202143 0.07191032
  0.07182645 0.07175716 0.07170278 0.07165785 0.07162169 0.07159155
  0.07156642 0.07154559 0.07152831 0.07151373 0.0715016  0.07149131
  0.0714827  0.07147538 0.07146924 0.07146404 0.07145961 0.07145594
  0.0714528  0.07145012 0.07144788 0.07144592]
 [0.07142857 0.43336426 0.65635299 0.79137601 0.87336123 0.92315116
  0.95332523 0.97164918 0.9827842  0.98954544 0.99360793 0.99611752
  0.99765685 0.99855497 0.99913689 1.00245675 1.0060295  1.00614757
  1.00642228 1.00672275 1.00702498 1.00731404 1.00758061 1.00782072
  1.00803354 1.00822007 1.00838223 1.00852222 1.00864245 1.00874543
  1.00219495 0.72315993 0.55482115 0.45315714 0.39152237 0.35375327
  0.33032831 0.31560031 0.30618882 0.30006839 0.29602797 0.29329678
  0.29141157 0.29007858 0.28911393 0.28840028 0.28785971 0.28744322
  0.28711721 0.28685877 0.28665105 0.28648379 0.2863478  0.28623652
  0.28614535 0.2860706  0.28600884 0.28595907 0.28591766 0.28588249
  0.28486884 0.20363705 0.15585017 0.12646361 0.10794736 0.09637385
  0.0889739  0.08405398 0.08075623 0.0784786  0.07687813 0.0757076
  0.07484171 0.0741882  0.07368063 0.07327895 0.0729631  0.07270403
  0.07249524 0.07232048 0.0721769  0.072057   0.07195791 0.07187475
  0.07180493 0.07174641 0.07169735 0.07165603 0.07162147 0.07159224
  0.07156771 0.07154698 0.0715296  0.07151496 0.07150249 0.07149221
  0.07148346 0.07147599 0.0714698  0.07146444]
 [0.07142857 0.43144776 0.65521818 0.79065303 0.87289476 0.92285221
  0.95313544 0.97153071 0.98271103 0.98950052 0.99357993 0.99609972
  0.99764548 0.99854747 0.99913215 1.00192819 1.00502693 1.0051327
  1.00539594 1.00568622 1.0059796  1.0062611  1.00652128 1.006756
  1.00696431 1.00714707 1.00730606 1.00744342 1.00756143 1.00766257
  1.00143167 0.72297482 0.55454641 0.45281207 0.39113567 0.35335708
  0.32994812 0.31525163 0.30587901 0.29979848 0.29579651 0.29310019
  0.29124573 0.28993933 0.28899741 0.28830301 0.28777864 0.28737573
  0.28706108 0.28681212 0.2866123  0.28645162 0.2863211  0.28621436
  0.28612697 0.28605535 0.28599619 0.28594854 0.28590889 0.28587522
  0.28494101 0.20488486 0.1587236  0.13027489 0.11190784 0.10024419
  0.09259254 0.0873343  0.08366164 0.08101809 0.07907444 0.07759476
  0.07645491 0.07556268 0.07484922 0.07427098 0.0738036  0.07341577
  0.07309751 0.07282981 0.07260717 0.07242047 0.07226499 0.07213419
  0.07202409 0.07193143 0.07185346 0.07178778 0.0717327  0.07168612
  0.07164698 0.07161388 0.0715861  0.07156269 0.07154276 0.07152632
  0.07151234 0.0715004  0.07149052 0.07148197]
 [0.07142857 0.42980582 0.65428553 0.79008618 0.87254833 0.92264322
  0.95301038 0.97145653 0.98266673 0.98947374 0.99356314 0.9960889
  0.99763851 0.99854285 0.99912921 1.0014859  1.00409471 1.00417986
  1.00442317 1.00469541 1.00497291 1.00524071 1.00548922 1.00571408
  1.00591407 1.00608982 1.00624294 1.00637536 1.00648924 1.00658692
  1.00065581 0.72270056 0.55413839 0.45229877 0.3905597  0.35276641
  0.32938104 0.31473141 0.30541676 0.29939578 0.2954512  0.29280694
  0.29099837 0.28973168 0.28882368 0.28815801 0.28765779 0.28727515
  0.28697744 0.28674261 0.28655458 0.28640371 0.28628133 0.28618137
  0.2860996  0.28603264 0.28597736 0.28593286 0.28589584 0.28586439
  0.28499934 0.20596503 0.16128651 0.13364535 0.11535713 0.10358371
  0.09569957 0.09014632 0.08615419 0.08320065 0.08096678 0.07922504
  0.07785225 0.07675627 0.07586638 0.07513627 0.0745381  0.07403878
  0.0736255  0.07327695 0.07298543 0.07274034 0.07253545 0.07236292
  0.07221749 0.07209484 0.07199143 0.07190426 0.07183108 0.07176919
  0.0717172  0.07167319 0.07163618 0.07160501 0.07157847 0.07155657
  0.07153795 0.07152207 0.07150891 0.07149754]
 [0.07142857 0.42843374 0.65354481 0.78966147 0.8723045  0.92250441
  0.95293031 0.97140959 0.98263844 0.98945636 0.99355203 0.99608165
  0.99763382 0.99853972 0.99912719 1.00111411 1.00324609 1.00330272
  1.00351687 1.0037621  1.00401544 1.00426214 1.00449254 1.00470196
  1.00488885 1.00505353 1.00519731 1.00532187 1.00542914 1.00552126
  0.99987063 0.72233976 0.55360011 0.45162027 0.38979718 0.35198365
  0.3286291  0.31404147 0.3048037  0.29886173 0.29499335 0.29241822
  0.29067056 0.28945657 0.28859357 0.28796599 0.28749781 0.28714203
  0.28686676 0.28665065 0.28647822 0.28634034 0.28622876 0.28613776
  0.28606343 0.28600263 0.28595248 0.28591216 0.28587861 0.2858501
  0.28504472 0.20687795 0.16316249 0.13628396 0.11808478 0.10624912
  0.09820184 0.09243145 0.0881979  0.08500572 0.08254488 0.08059519
  0.07903525 0.07777367 0.07673889 0.07588289 0.0751754  0.07458215
  0.07408822 0.07367066 0.07332001 0.07302448 0.07277659 0.0725676
  0.07239118 0.07224212 0.07211623 0.07200996 0.07192058 0.07184498
  0.07178145 0.07172762 0.07168228 0.07164406 0.07161148 0.07158458
  0.07156172 0.07154223 0.07152605 0.07151207]
 [0.07142857 0.42732408 0.65298228 0.78936016 0.87214136 0.92241435
  0.95287805 0.97137824 0.98261911 0.98944429 0.99354422 0.99607653
  0.9976305  0.99853751 0.99912575 1.00079977 1.00248825 1.00251139
  1.00268763 1.00289663 1.00311688 1.00333426 1.00353918 1.00372669
  1.00389487 1.00404361 1.00417387 1.00428701 1.00438462 1.0044686
  0.99907955 0.72189524 0.55293483 0.45077986 0.388851   0.35101121
  0.32769439 0.31318363 0.3040415  0.29819789 0.29442441 0.29193534
  0.2902635  0.28911505 0.28830802 0.2877278  0.28729942 0.286977
  0.28672959 0.28653673 0.28638365 0.28626188 0.28616368 0.28608379
  0.28601868 0.28596552 0.28592171 0.28588656 0.28585731 0.28583243
  0.28507795 0.20763243 0.16477499 0.13857084 0.12041184 0.10850012
  0.10030094 0.09434038 0.08990118 0.08650803 0.08385739 0.08173437
  0.08001871 0.07861942 0.07746416 0.07650345 0.07570501 0.07503357
  0.07447252 0.07399754 0.07359773 0.07326024 0.07297656 0.07273726
  0.07253508 0.0723641  0.07221957 0.07209744 0.07199457 0.07190759
  0.07183451 0.07177255 0.07172033 0.07167628 0.07163869 0.07160765
  0.07158129 0.07155882 0.07154016 0.07152402]
 [0.07142857 0.42646671 0.65257988 0.78915903 0.87203577 0.92235537
  0.9528427  0.97135649 0.98260549 0.98943571 0.99353865 0.99607287
  0.99762812 0.99853592 0.99912472 1.00053192 1.00182013 1.00181115
  1.00194292 1.0021075  1.00228594 1.00246547 1.00263701 1.00279546
  1.00293856 1.00306579 1.00317769 1.00327519 1.00335953 1.00343227
  0.99828624 0.72137017 0.55214627 0.44978116 0.3877243  0.34985169
  0.32657911 0.31215987 0.303132   0.29740596 0.29374596 0.29135978
  0.28977852 0.28870836 0.28796814 0.28744441 0.28706347 0.28678081
  0.2865666  0.28640139 0.28627135 0.28616875 0.28608645 0.28601977
  0.28596561 0.28592153 0.28588525 0.28585623 0.28583208 0.28581152
  0.28509972 0.20823128 0.16570619 0.14016242 0.12206725 0.11013116
  0.1018457  0.09576463 0.09118795 0.08765619 0.08487144 0.08262344
  0.0807936  0.0792918  0.07804565 0.07700498 0.07613632 0.07540388
  0.07478994 0.07426932 0.07383015 0.07345875 0.07314591 0.0728817
  0.07265824 0.07246904 0.07230894 0.07217346 0.07205917 0.07196249
  0.0718812  0.07181225 0.07175411 0.07170499 0.07166301 0.07162835
  0.0715989  0.07157379 0.07155292 0.07153487]
 [0.07142857 0.42584877 0.65231492 0.78903308 0.87196881 0.9223166
  0.95281882 0.97134159 0.9825961  0.98942977 0.99353479 0.99607033
  0.99762647 0.99853482 0.999124   1.00030124 1.00123172 1.00120086
  1.00128596 1.00140057 1.00152989 1.00166358 1.00179378 1.00191564
  1.00202677 1.0021263  1.00221433 1.00229138 1.00235825 1.0024161
  0.99749477 0.72076828 0.55123876 0.44862844 0.38642074 0.34850812
  0.32528583 0.31097246 0.3020773  0.29648792 0.29295986 0.29069326
  0.28921721 0.28823793 0.28757519 0.28711694 0.28679098 0.28655434
  0.28637853 0.28624532 0.2861419  0.28606144 0.2859975  0.28594606
  0.28590454 0.28587091 0.28584332 0.28582136 0.28580308 0.28578749
  0.28511063 0.20867789 0.1663997  0.14145302 0.12338262 0.11141063
  0.10304602 0.09686342 0.09217529 0.08853326 0.08564319 0.08329791
  0.08137978 0.0797991  0.0784833  0.07738156 0.07645943 0.07568068
  0.07502669 0.07447161 0.0740028  0.07360593 0.07327122 0.07298838
  0.07274901 0.07254627 0.07237461 0.07222923 0.07210646 0.0720026
  0.07191526 0.07184117 0.0717787  0.07172586 0.07168066 0.07164334
  0.07161164 0.07158462 0.07156214 0.0715427 ]
 [0.07142857 0.42545451 0.65216153 0.78896075 0.87192881 0.92229271
  0.95280388 0.97133221 0.98259017 0.98942601 0.99353233 0.99606871
  0.99762542 0.99853411 0.99912353 1.00009972 1.00070639 1.0006718
  1.00071421 1.00077786 1.0008538  1.00093536 1.001017   1.00109488
  1.00116688 1.00123203 1.0012901  1.00134124 1.00138583 1.00142457
  0.99670975 0.720094   0.55021759 0.44732692 0.38494483 0.34698421
  0.32381769 0.30962421 0.30088002 0.29544618 0.29206837 0.28993787
  0.28858148 0.28770547 0.28713071 0.28674677 0.28648312 0.28629864
  0.28616631 0.28606929 0.28599597 0.28594053 0.28589734 0.2858631
  0.28583584 0.285814   0.28579619 0.28578219 0.28577052 0.28576051
  0.28511118 0.20897424 0.16685583 0.14200366 0.12400115 0.11204896
  0.1036731  0.09745962 0.09272851 0.08903895 0.08609978 0.08370645
  0.08174268 0.08011962 0.07876511 0.07762843 0.0766749  0.07586827
  0.07518961 0.07461287 0.07412505 0.07371155 0.07336228 0.07306683
  0.07281653 0.07260434 0.07242451 0.07227205 0.07214315 0.07203402
  0.07194215 0.07186418 0.07179841 0.07174272 0.07169504 0.07165564
  0.07162216 0.0715936  0.07156983 0.07154926]
 [0.07142857 0.42526585 0.65209443 0.78892795 0.87191005 0.92228128
  0.9527967  0.97132768 0.98258729 0.98942418 0.99353113 0.99606791
  0.99762489 0.99853376 0.99912329 0.99992036 1.00022584 1.00020837
  1.00021813 1.00023586 1.00025901 1.00028551 1.0003133  1.00034071
  1.00036666 1.00039055 1.00041214 1.00043134 1.00044821 1.00046296
  0.99593651 0.71935277 0.54908928 0.44588314 0.38330229 0.34528476
  0.32217878 0.30811874 0.29954345 0.29428379 0.2910743  0.2890962
  0.28787367 0.28711307 0.28663658 0.28633553 0.28614136 0.28601495
  0.28593101 0.28587425 0.28583438 0.28580673 0.28578655 0.28577139
  0.28575993 0.28575116 0.28574418 0.28573898 0.28573461 0.28573078
  0.28510184 0.20912195 0.16708292 0.14227757 0.12430848 0.11236594
  0.10398442 0.09775565 0.09300329 0.08929025 0.08632683 0.08390975
  0.0819234  0.08027934 0.07890565 0.07775163 0.07678249 0.075962
  0.07527106 0.07468353 0.07418624 0.07376443 0.0734079  0.07310614
  0.07285038 0.07263346 0.07244955 0.07229354 0.07216157 0.07204979
  0.07195565 0.07187574 0.07180831 0.07175119 0.07170226 0.07166182
  0.07162744 0.07159812 0.07157369 0.07155256]]
00:00:00.08 State variable T: [[1.00051195 1.00051195 1.00051195 1.00051195 1.00051195 1.00051195
  1.00051195 1.00051195 1.00051195 1.00051195 1.00051195 1.00051195
  1.00051195 1.00051195 1.00051195 1.00051195 1.00051195 1.00051195
  1.00051195 1.00051195 1.00051195 1.00051195 1.00051195 1.00051195
  1.00051195 1.00051195 1.00051195 1.00051195 1.00051195 1.00051195
  1.00051195 1.00051195 1.00051195 1.00051195 1.00051195 1.00051195
  1.00051195 1.00051195 1.00051195 1.00051195 1.00051195 1.00051195
  1.00051195 1.00051195 1.00051195 1.00051195 1.00051195 1.00051195
  1.00051195 1.00051195 1.00051195 1.00051195 1.00051195 1.00051195
  1.00051195 1.00051195 1.00051195 1.00051195 1.00051195 1.00051195
  1.00051195 1.00051195 1.00051195 1.00051195 1.00051195 1.00051195
  1.00051195 1.00051195 1.00051195 1.00051195 1.00051195 1.00051195
  1.00051195 1.00051195 1.00051195 1.00051195 1.00051195 1.00051195
  1.00051195 1.00051195 1.00051195 1.00051195 1.00051195 1.00051195
  1.00051195 1.00051195 1.00051195 1.00051195 1.00051195 1.00051195
  1.00051195 1.00051195 1.00051195 1.00051195 1.00051195 1.00051195
  1.00051195 1.00051195 1.00051195 1.00051195]
 [1.00051195 1.00051195 1.00051195 1.00051195 1.00051195 1.00051195
  1.00051195 1.00051195 1.00051195 1.00051195 1.00051195 1.00051195
  1.00051195 1.00051195 1.00051195 1.00051195 1.00051195 1.00051195
  1.00051195 1.00051195 1.00051195 1.00051195 1.00051195 1.00051195
  1.00051195 1.00051195 1.00051195 1.00051195 1.00051195 1.00051195
  1.00051195 1.00051195 1.00051195 1.00051195 1.00051195 1.00051195
  1.00051195 1.00051195 1.00051195 1.00051195 1.00051195 1.00051195
  1.00051195 1.00051195 1.00051195 1.00051195 1.00051195 1.00051195
  1.00051195 1.00051195 1.00051195 1.00051195 1.00051195 1.00051195
  1.00051195 1.00051195 1.00051195 1.00051195 1.00051195 1.00051195
  1.00051195 1.00051195 1.00051195 1.00051195 1.00051195 1.00051195
  1.00051195 1.00051195 1.00051195 1.00051195 1.00051195 1.00051195
  1.00051195 1.00051195 1.00051195 1.00051195 1.00051195 1.00051195
  1.00051195 1.00051195 1.00051195 1.00051195 1.00051195 1.00051195
  1.00051195 1.00051195 1.00051195 1.00051195 1.00051195 1.00051195
  1.00051195 1.00051195 1.00051195 1.00051195 1.00051195 1.00051195
  1.00051195 1.00051195 1.00051195 1.00051195]
 [1.00051195 1.00051195 1.00051195 1.00051195 1.00051195 1.00051195
  1.00051195 1.00051195 1.00051195 1.00051195 1.00051195 1.00051195
  1.00051195 1.00051195 1.00051195 1.00051195 1.00051195 1.00051195
  1.00051195 1.00051195 1.00051195 1.00051195 1.00051195 1.00051195
  1.00051195 1.00051195 1.00051195 1.00051195 1.00051195 1.00051195
  1.00051195 1.00051195 1.00051195 1.00051195 1.00051195 1.00051195
  1.00051195 1.00051195 1.00051195 1.00051195 1.00051195 1.00051195
  1.00051195 1.00051195 1.00051195 1.00051195 1.00051195 1.00051195
  1.00051195 1.00051195 1.00051195 1.00051195 1.00051195 1.00051195
  1.00051195 1.00051195 1.00051195 1.00051195 1.00051195 1.00051195
  1.00051195 1.00051195 1.00051195 1.00051195 1.00051195 1.00051195
  1.00051195 1.00051195 1.00051195 1.00051195 1.00051195 1.00051195
  1.00051195 1.00051195 1.00051195 1.00051195 1.00051195 1.00051195
  1.00051195 1.00051195 1.00051195 1.00051195 1.00051195 1.00051195
  1.00051195 1.00051195 1.00051195 1.00051195 1.00051195 1.00051195
  1.00051195 1.00051195 1.00051195 1.00051195 1.00051195 1.00051195
  1.00051195 1.00051195 1.00051195 1.00051195]
 [1.00051195 1.00051195 1.00051195 1.00051195 1.00051195 1.00051195
  1.00051195 1.00051195 1.00051195 1.00051195 1.00051195 1.00051195
  1.00051195 1.00051195 1.00051195 1.00051195 1.00051195 1.00051195
  1.00051195 1.00051195 1.00051195 1.00051195 1.00051195 1.00051195
  1.00051195 1.00051195 1.00051195 1.00051195 1.00051195 1.00051195
  1.00051195 1.00051195 1.00051195 1.00051195 1.00051195 1.00051195
  1.00051195 1.00051195 1.00051195 1.00051195 1.00051195 1.00051195
  1.00051195 1.00051195 1.00051195 1.00051195 1.00051195 1.00051195
  1.00051195 1.00051195 1.00051195 1.00051195 1.00051195 1.00051195
  1.00051195 1.00051195 1.00051195 1.00051195 1.00051195 1.00051195
  1.00051195 1.00051195 1.00051195 1.00051195 1.00051195 1.00051195
  1.00051195 1.00051195 1.00051195 1.00051195 1.00051195 1.00051195
  1.00051195 1.00051195 1.00051195 1.00051195 1.00051195 1.00051195
  1.00051195 1.00051195 1.00051195 1.00051195 1.00051195 1.00051195
  1.00051195 1.00051195 1.00051195 1.00051195 1.00051195 1.00051195
  1.00051195 1.00051195 1.00051195 1.00051195 1.00051195 1.00051195
  1.00051195 1.00051195 1.00051195 1.00051195]
 [1.00051195 1.00051195 1.00051195 1.00051195 1.00051195 1.00051195
  1.00051195 1.00051195 1.00051195 1.00051195 1.00051195 1.00051195
  1.00051195 1.00051195 1.00051195 1.00051195 1.00051195 1.00051195
  1.00051195 1.00051195 1.00051195 1.00051195 1.00051195 1.00051195
  1.00051195 1.00051195 1.00051195 1.00051195 1.00051195 1.00051195
  1.00051195 1.00051195 1.00051195 1.00051195 1.00051195 1.00051195
  1.00051195 1.00051195 1.00051195 1.00051195 1.00051195 1.00051195
  1.00051195 1.00051195 1.00051195 1.00051195 1.00051195 1.00051195
  1.00051195 1.00051195 1.00051195 1.00051195 1.00051195 1.00051195
  1.00051195 1.00051195 1.00051195 1.00051195 1.00051195 1.00051195
  1.00051195 1.00051195 1.00051195 1.00051195 1.00051195 1.00051195
  1.00051195 1.00051195 1.00051195 1.00051195 1.00051195 1.00051195
  1.00051195 1.00051195 1.00051195 1.00051195 1.00051195 1.00051195
  1.00051195 1.00051195 1.00051195 1.00051195 1.00051195 1.00051195
  1.00051195 1.00051195 1.00051195 1.00051195 1.00051195 1.00051195
  1.00051195 1.00051195 1.00051195 1.00051195 1.00051195 1.00051195
  1.00051195 1.00051195 1.00051195 1.00051195]
 [1.00051195 1.00051195 1.00051195 1.00051195 1.00051195 1.00051195
  1.00051195 1.00051195 1.00051195 1.00051195 1.00051195 1.00051195
  1.00051195 1.00051195 1.00051195 1.00051195 1.00051195 1.00051195
  1.00051195 1.00051195 1.00051195 1.00051195 1.00051195 1.00051195
  1.00051195 1.00051195 1.00051195 1.00051195 1.00051195 1.00051195
  1.00051195 1.00051195 1.00051195 1.00051195 1.00051195 1.00051195
  1.00051195 1.00051195 1.00051195 1.00051195 1.00051195 1.00051195
  1.00051195 1.00051195 1.00051195 1.00051195 1.00051195 1.00051195
  1.00051195 1.00051195 1.00051195 1.00051195 1.00051195 1.00051195
  1.00051195 1.00051195 1.00051195 1.00051195 1.00051195 1.00051195
  1.00051195 1.00051195 1.00051195 1.00051195 1.00051195 1.00051195
  1.00051195 1.00051195 1.00051195 1.00051195 1.00051195 1.00051195
  1.00051195 1.00051195 1.00051195 1.00051195 1.00051195 1.00051195
  1.00051195 1.00051195 1.00051195 1.00051195 1.00051195 1.00051195
  1.00051195 1.00051195 1.00051195 1.00051195 1.00051195 1.00051195
  1.00051195 1.00051195 1.00051195 1.00051195 1.00051195 1.00051195
  1.00051195 1.00051195 1.00051195 1.00051195]
 [1.00051195 1.00051195 1.00051195 1.00051195 1.00051195 1.00051195
  1.00051195 1.00051195 1.00051195 1.00051195 1.00051195 1.00051195
  1.00051195 1.00051195 1.00051195 1.00051195 1.00051195 1.00051195
  1.00051195 1.00051195 1.00051195 1.00051195 1.00051195 1.00051195
  1.00051195 1.00051195 1.00051195 1.00051195 1.00051195 1.00051195
  1.00051195 1.00051195 1.00051195 1.00051195 1.00051195 1.00051195
  1.00051195 1.00051195 1.00051195 1.00051195 1.00051195 1.00051195
  1.00051195 1.00051195 1.00051195 1.00051195 1.00051195 1.00051195
  1.00051195 1.00051195 1.00051195 1.00051195 1.00051195 1.00051195
  1.00051195 1.00051195 1.00051195 1.00051195 1.00051195 1.00051195
  1.00051195 1.00051195 1.00051195 1.00051195 1.00051195 1.00051195
  1.00051195 1.00051195 1.00051195 1.00051195 1.00051195 1.00051195
  1.00051195 1.00051195 1.00051195 1.00051195 1.00051195 1.00051195
  1.00051195 1.00051195 1.00051195 1.00051195 1.00051195 1.00051195
  1.00051195 1.00051195 1.00051195 1.00051195 1.00051195 1.00051195
  1.00051195 1.00051195 1.00051195 1.00051195 1.00051195 1.00051195
  1.00051195 1.00051195 1.00051195 1.00051195]
 [1.00051195 1.00051195 1.00051195 1.00051195 1.00051195 1.00051195
  1.00051195 1.00051195 1.00051195 1.00051195 1.00051195 1.00051195
  1.00051195 1.00051195 1.00051195 1.00051195 1.00051195 1.00051195
  1.00051195 1.00051195 1.00051195 1.00051195 1.00051195 1.00051195
  1.00051195 1.00051195 1.00051195 1.00051195 1.00051195 1.00051195
  1.00051195 1.00051195 1.00051195 1.00051195 1.00051195 1.00051195
  1.00051195 1.00051195 1.00051195 1.00051195 1.00051195 1.00051195
  1.00051195 1.00051195 1.00051195 1.00051195 1.00051195 1.00051195
  1.00051195 1.00051195 1.00051195 1.00051195 1.00051195 1.00051195
  1.00051195 1.00051195 1.00051195 1.00051195 1.00051195 1.00051195
  1.00051195 1.00051195 1.00051195 1.00051195 1.00051195 1.00051195
  1.00051195 1.00051195 1.00051195 1.00051195 1.00051195 1.00051195
  1.00051195 1.00051195 1.00051195 1.00051195 1.00051195 1.00051195
  1.00051195 1.00051195 1.00051195 1.00051195 1.00051195 1.00051195
  1.00051195 1.00051195 1.00051195 1.00051195 1.00051195 1.00051195
  1.00051195 1.00051195 1.00051195 1.00051195 1.00051195 1.00051195
  1.00051195 1.00051195 1.00051195 1.00051195]
 [1.00051195 1.00051195 1.00051195 1.00051195 1.00051195 1.00051195
  1.00051195 1.00051195 1.00051195 1.00051195 1.00051195 1.00051195
  1.00051195 1.00051195 1.00051195 1.00051195 1.00051195 1.00051195
  1.00051195 1.00051195 1.00051195 1.00051195 1.00051195 1.00051195
  1.00051195 1.00051195 1.00051195 1.00051195 1.00051195 1.00051195
  1.00051195 1.00051195 1.00051195 1.00051195 1.00051195 1.00051195
  1.00051195 1.00051195 1.00051195 1.00051195 1.00051195 1.00051195
  1.00051195 1.00051195 1.00051195 1.00051195 1.00051195 1.00051195
  1.00051195 1.00051195 1.00051195 1.00051195 1.00051195 1.00051195
  1.00051195 1.00051195 1.00051195 1.00051195 1.00051195 1.00051195
  1.00051195 1.00051195 1.00051195 1.00051195 1.00051195 1.00051195
  1.00051195 1.00051195 1.00051195 1.00051195 1.00051195 1.00051195
  1.00051195 1.00051195 1.00051195 1.00051195 1.00051195 1.00051195
  1.00051195 1.00051195 1.00051195 1.00051195 1.00051195 1.00051195
  1.00051195 1.00051195 1.00051195 1.00051195 1.00051195 1.00051195
  1.00051195 1.00051195 1.00051195 1.00051195 1.00051195 1.00051195
  1.00051195 1.00051195 1.00051195 1.00051195]
 [1.00051195 1.00051195 1.00051195 1.00051195 1.00051195 1.00051195
  1.00051195 1.00051195 1.00051195 1.00051195 1.00051195 1.00051195
  1.00051195 1.00051195 1.00051195 1.00051195 1.00051195 1.00051195
  1.00051195 1.00051195 1.00051195 1.00051195 1.00051195 1.00051195
  1.00051195 1.00051195 1.00051195 1.00051195 1.00051195 1.00051195
  1.00051195 1.00051195 1.00051195 1.00051195 1.00051195 1.00051195
  1.00051195 1.00051195 1.00051195 1.00051195 1.00051195 1.00051195
  1.00051195 1.00051195 1.00051195 1.00051195 1.00051195 1.00051195
  1.00051195 1.00051195 1.00051195 1.00051195 1.00051195 1.00051195
  1.00051195 1.00051195 1.00051195 1.00051195 1.00051195 1.00051195
  1.00051195 1.00051195 1.00051195 1.00051195 1.00051195 1.00051195
  1.00051195 1.00051195 1.00051195 1.00051195 1.00051195 1.00051195
  1.00051195 1.00051195 1.00051195 1.00051195 1.00051195 1.00051195
  1.00051195 1.00051195 1.00051195 1.00051195 1.00051195 1.00051195
  1.00051195 1.00051195 1.00051195 1.00051195 1.00051195 1.00051195
  1.00051195 1.00051195 1.00051195 1.00051195 1.00051195 1.00051195
  1.00051195 1.00051195 1.00051195 1.00051195]]
00:00:00.09 State variable Tw: [[1. 1. 1. 1. 1. 1. 1. 1. 1. 1. 1. 1. 1. 1. 1. 1. 1. 1. 1. 1. 1. 1. 1. 1.
  1. 1. 1. 1. 1. 1. 1. 1. 1. 1. 1. 1. 1. 1. 1. 1. 1. 1. 1. 1. 1. 1. 1. 1.
  1. 1. 1. 1. 1. 1. 1. 1. 1. 1. 1. 1. 1. 1. 1. 1. 1. 1. 1. 1. 1. 1. 1. 1.
  1. 1. 1. 1. 1. 1. 1. 1. 1. 1. 1. 1. 1. 1. 1. 1. 1. 1. 1. 1. 1. 1. 1. 1.
  1. 1. 1. 1.]
 [1. 1. 1. 1. 1. 1. 1. 1. 1. 1. 1. 1. 1. 1. 1. 1. 1. 1. 1. 1. 1. 1. 1. 1.
  1. 1. 1. 1. 1. 1. 1. 1. 1. 1. 1. 1. 1. 1. 1. 1. 1. 1. 1. 1. 1. 1. 1. 1.
  1. 1. 1. 1. 1. 1. 1. 1. 1. 1. 1. 1. 1. 1. 1. 1. 1. 1. 1. 1. 1. 1. 1. 1.
  1. 1. 1. 1. 1. 1. 1. 1. 1. 1. 1. 1. 1. 1. 1. 1. 1. 1. 1. 1. 1. 1. 1. 1.
  1. 1. 1. 1.]
 [1. 1. 1. 1. 1. 1. 1. 1. 1. 1. 1. 1. 1. 1. 1. 1. 1. 1. 1. 1. 1. 1. 1. 1.
  1. 1. 1. 1. 1. 1. 1. 1. 1. 1. 1. 1. 1. 1. 1. 1. 1. 1. 1. 1. 1. 1. 1. 1.
  1. 1. 1. 1. 1. 1. 1. 1. 1. 1. 1. 1. 1. 1. 1. 1. 1. 1. 1. 1. 1. 1. 1. 1.
  1. 1. 1. 1. 1. 1. 1. 1. 1. 1. 1. 1. 1. 1. 1. 1. 1. 1. 1. 1. 1. 1. 1. 1.
  1. 1. 1. 1.]
 [1. 1. 1. 1. 1. 1. 1. 1. 1. 1. 1. 1. 1. 1. 1. 1. 1. 1. 1. 1. 1. 1. 1. 1.
  1. 1. 1. 1. 1. 1. 1. 1. 1. 1. 1. 1. 1. 1. 1. 1. 1. 1. 1. 1. 1. 1. 1. 1.
  1. 1. 1. 1. 1. 1. 1. 1. 1. 1. 1. 1. 1. 1. 1. 1. 1. 1. 1. 1. 1. 1. 1. 1.
  1. 1. 1. 1. 1. 1. 1. 1. 1. 1. 1. 1. 1. 1. 1. 1. 1. 1. 1. 1. 1. 1. 1. 1.
  1. 1. 1. 1.]
 [1. 1. 1. 1. 1. 1. 1. 1. 1. 1. 1. 1. 1. 1. 1. 1. 1. 1. 1. 1. 1. 1. 1. 1.
  1. 1. 1. 1. 1. 1. 1. 1. 1. 1. 1. 1. 1. 1. 1. 1. 1. 1. 1. 1. 1. 1. 1. 1.
  1. 1. 1. 1. 1. 1. 1. 1. 1. 1. 1. 1. 1. 1. 1. 1. 1. 1. 1. 1. 1. 1. 1. 1.
  1. 1. 1. 1. 1. 1. 1. 1. 1. 1. 1. 1. 1. 1. 1. 1. 1. 1. 1. 1. 1. 1. 1. 1.
  1. 1. 1. 1.]
 [1. 1. 1. 1. 1. 1. 1. 1. 1. 1. 1. 1. 1. 1. 1. 1. 1. 1. 1. 1. 1. 1. 1. 1.
  1. 1. 1. 1. 1. 1. 1. 1. 1. 1. 1. 1. 1. 1. 1. 1. 1. 1. 1. 1. 1. 1. 1. 1.
  1. 1. 1. 1. 1. 1. 1. 1. 1. 1. 1. 1. 1. 1. 1. 1. 1. 1. 1. 1. 1. 1. 1. 1.
  1. 1. 1. 1. 1. 1. 1. 1. 1. 1. 1. 1. 1. 1. 1. 1. 1. 1. 1. 1. 1. 1. 1. 1.
  1. 1. 1. 1.]
 [1. 1. 1. 1. 1. 1. 1. 1. 1. 1. 1. 1. 1. 1. 1. 1. 1. 1. 1. 1. 1. 1. 1. 1.
  1. 1. 1. 1. 1. 1. 1. 1. 1. 1. 1. 1. 1. 1. 1. 1. 1. 1. 1. 1. 1. 1. 1. 1.
  1. 1. 1. 1. 1. 1. 1. 1. 1. 1. 1. 1. 1. 1. 1. 1. 1. 1. 1. 1. 1. 1. 1. 1.
  1. 1. 1. 1. 1. 1. 1. 1. 1. 1. 1. 1. 1. 1. 1. 1. 1. 1. 1. 1. 1. 1. 1. 1.
  1. 1. 1. 1.]
 [1. 1. 1. 1. 1. 1. 1. 1. 1. 1. 1. 1. 1. 1. 1. 1. 1. 1. 1. 1. 1. 1. 1. 1.
  1. 1. 1. 1. 1. 1. 1. 1. 1. 1. 1. 1. 1. 1. 1. 1. 1. 1. 1. 1. 1. 1. 1. 1.
  1. 1. 1. 1. 1. 1. 1. 1. 1. 1. 1. 1. 1. 1. 1. 1. 1. 1. 1. 1. 1. 1. 1. 1.
  1. 1. 1. 1. 1. 1. 1. 1. 1. 1. 1. 1. 1. 1. 1. 1. 1. 1. 1. 1. 1. 1. 1. 1.
  1. 1. 1. 1.]
 [1. 1. 1. 1. 1. 1. 1. 1. 1. 1. 1. 1. 1. 1. 1. 1. 1. 1. 1. 1. 1. 1. 1. 1.
  1. 1. 1. 1. 1. 1. 1. 1. 1. 1. 1. 1. 1. 1. 1. 1. 1. 1. 1. 1. 1. 1. 1. 1.
  1. 1. 1. 1. 1. 1. 1. 1. 1. 1. 1. 1. 1. 1. 1. 1. 1. 1. 1. 1. 1. 1. 1. 1.
  1. 1. 1. 1. 1. 1. 1. 1. 1. 1. 1. 1. 1. 1. 1. 1. 1. 1. 1. 1. 1. 1. 1. 1.
  1. 1. 1. 1.]
 [1. 1. 1. 1. 1. 1. 1. 1. 1. 1. 1. 1. 1. 1. 1. 1. 1. 1. 1. 1. 1. 1. 1. 1.
  1. 1. 1. 1. 1. 1. 1. 1. 1. 1. 1. 1. 1. 1. 1. 1. 1. 1. 1. 1. 1. 1. 1. 1.
  1. 1. 1. 1. 1. 1. 1. 1. 1. 1. 1. 1. 1. 1. 1. 1. 1. 1. 1. 1. 1. 1. 1. 1.
  1. 1. 1. 1. 1. 1. 1. 1. 1. 1. 1. 1. 1. 1. 1. 1. 1. 1. 1. 1. 1. 1. 1. 1.
  1. 1. 1. 1.]]
00:00:00.11 State variable xA: [[6.94967024e-05 1.70879310e-04 3.58599847e-04 5.45305028e-04
  7.04622463e-04 8.34763686e-04 9.42127434e-04 1.03361657e-03
  1.11563875e-03 1.19214295e-03 1.26483091e-03 1.33397226e-03
  1.39853104e-03 1.45602507e-03 1.50479282e-03 1.54549291e-03
  1.28342278e-03 1.11443343e-03 1.01937525e-03 9.65143989e-04
  9.34788341e-04 9.17602777e-04 9.07174774e-04 9.00411155e-04
  8.95955228e-04 8.92981586e-04 8.90921573e-04 8.89426261e-04
  8.88270433e-04 8.87396788e-04 8.86573070e-04 7.95295724e-04
  5.89163118e-04 3.87133952e-04 2.39736162e-04 1.44917954e-04
  8.71513959e-05 5.25142424e-05 3.19505712e-05 1.97084329e-05
  1.23812530e-05 7.96174240e-06 5.25525932e-06 3.57151294e-06
  2.51100044e-06 1.83033328e-06 1.38532300e-06 1.08366796e-06
  8.73271972e-07 7.24668072e-07 6.15560041e-07 5.36970943e-07
  4.79504760e-07 4.36312934e-07 4.03520516e-07 3.77972573e-07
  3.57524689e-07 3.42569012e-07 3.30387113e-07 3.19763021e-07
  3.11393985e-07 2.64400442e-07 2.98230314e-06 6.35816343e-06
  6.82255266e-06 6.38403901e-06 5.82998491e-06 5.47592593e-06
  5.40607360e-06 5.59306896e-06 6.00126758e-06 6.61305385e-06
  7.42367824e-06 8.43353796e-06 9.64377601e-06 1.10554314e-05
  1.26690894e-05 1.44790961e-05 1.64791960e-05 1.86498731e-05
  2.09707006e-05 2.34116148e-05 2.59431792e-05 2.85377529e-05
  3.11768552e-05 3.38423158e-05 3.65205074e-05 3.92057281e-05
  4.18861833e-05 4.45463158e-05 4.71746200e-05 4.97444880e-05
  5.22420319e-05 5.46726034e-05 5.70232808e-05 5.93270081e-05
  6.15707177e-05 6.37589759e-05 6.59013221e-05 6.79988047e-05]
 [6.94967024e-05 1.79256789e-04 3.94920787e-04 6.22586074e-04
  8.32312820e-04 1.02153157e-03 1.19564476e-03 1.35966185e-03
  1.51534612e-03 1.66015037e-03 1.78934260e-03 1.89858636e-03
  1.98552011e-03 2.05134882e-03 2.09783658e-03 2.13010577e-03
  1.67706281e-03 1.35590691e-03 1.17166888e-03 1.06410431e-03
  1.00200738e-03 9.65483350e-04 9.42464511e-04 9.26999729e-04
  9.16395698e-04 9.08991700e-04 9.03638341e-04 8.99615427e-04
  8.96445986e-04 8.93981127e-04 8.91877082e-04 8.01624090e-04
  5.95068822e-04 3.91370854e-04 2.42453516e-04 1.46577913e-04
  8.81526275e-05 5.31164448e-05 3.23152478e-05 1.99319763e-05
  1.25205184e-05 8.05053842e-06 5.31333657e-06 3.61059188e-06
  2.53823107e-06 1.85002073e-06 1.40010486e-06 1.09513931e-06
  8.82446265e-07 7.32227066e-07 6.21933722e-07 5.42487605e-07
  4.84390238e-07 4.40719552e-07 4.07559448e-07 3.81720530e-07
  3.61034271e-07 3.45897520e-07 3.33561963e-07 3.22798465e-07
  3.14317518e-07 5.19970508e-07 2.84927882e-04 4.72765159e-04
  5.21370285e-04 5.14991788e-04 4.88681768e-04 4.60073779e-04
  4.36299030e-04 4.17976125e-04 4.03881374e-04 3.93069033e-04
  3.84857483e-04 3.78679404e-04 3.74028270e-04 3.70503966e-04
  3.67789523e-04 3.65659302e-04 3.63975461e-04 3.62612692e-04
  3.61527598e-04 3.60639900e-04 3.59925609e-04 3.59335919e-04
  3.58845594e-04 3.58434673e-04 3.58089225e-04 3.57798046e-04
  3.57555170e-04 3.57350288e-04 3.57181348e-04 3.57038643e-04
  3.56919992e-04 3.56819942e-04 3.56734352e-04 3.56663948e-04
  3.56603567e-04 3.56551532e-04 3.56508588e-04 3.56471344e-04]
 [6.94967024e-05 1.88963262e-04 4.39456815e-04 7.21372658e-04
  1.00120596e-03 1.27379937e-03 1.53893599e-03 1.79113134e-03
  2.01918914e-03 2.21126098e-03 2.36235460e-03 2.47311531e-03
  2.54941343e-03 2.59983420e-03 2.63267340e-03 2.65372346e-03
  2.07453236e-03 1.61641338e-03 1.34698261e-03 1.18534668e-03
  1.08883416e-03 1.02987008e-03 9.91433397e-04 9.64879324e-04
  9.46136481e-04 9.32652466e-04 9.22651912e-04 9.14997272e-04
  9.08915467e-04 9.04126148e-04 9.00140359e-04 8.10935204e-04
  6.03178686e-04 3.96985477e-04 2.45947727e-04 1.48679223e-04
  8.94029655e-05 5.38584599e-05 3.27592922e-05 2.02010881e-05
  1.26863103e-05 8.15521296e-06 5.38129189e-06 3.65600820e-06
  2.56973733e-06 1.87280274e-06 1.41726436e-06 1.10851786e-06
  8.93212886e-07 7.41174623e-07 6.29559311e-07 5.49170371e-07
  4.90383988e-07 4.46195046e-07 4.12641746e-07 3.86499097e-07
  3.65571065e-07 3.50257079e-07 3.37776687e-07 3.26885327e-07
  3.18303814e-07 2.49666547e-07 1.71679570e-07 1.22336826e-07
  9.11813037e-08 7.13114415e-08 5.88030714e-08 5.08644845e-08
  4.56521009e-08 4.21393567e-08 3.97686110e-08 3.81359601e-08
  3.69828839e-08 3.61501299e-08 3.55278192e-08 3.50496056e-08
  3.46828489e-08 3.43891636e-08 3.41694037e-08 3.39907693e-08
  3.38509868e-08 3.37337968e-08 3.36340797e-08 3.35488188e-08
  3.34752112e-08 3.34137436e-08 3.33630754e-08 3.33210975e-08
  3.32876836e-08 3.32595735e-08 3.32359593e-08 3.32158583e-08
  3.31980922e-08 3.31830387e-08 3.31697300e-08 3.31589078e-08
  3.31498147e-08 3.31422125e-08 3.31359446e-08 3.31307150e-08]
 [6.94967024e-05 2.00259212e-04 4.94627072e-04 8.48519717e-04
  1.22297011e-03 1.60191109e-03 1.96638323e-03 2.28973814e-03
  2.55115939e-03 2.74505800e-03 2.88004593e-03 2.96897632e-03
  3.02565166e-03 3.06080655e-03 3.08442801e-03 3.09880194e-03
  2.46711742e-03 1.89669698e-03 1.54943526e-03 1.33378143e-03
  1.19979240e-03 1.11451316e-03 1.05706691e-03 1.01639763e-03
  9.87012280e-04 9.65392149e-04 9.49075410e-04 9.36444459e-04
  9.26369481e-04 9.18384346e-04 9.11809729e-04 8.21868953e-04
  6.12360284e-04 4.03194938e-04 2.49831376e-04 1.50997073e-04
  9.07762280e-05 5.46703727e-05 3.32428432e-05 2.04931598e-05
  1.28658953e-05 8.26830206e-06 5.45468842e-06 3.70516387e-06
  2.60388990e-06 1.89758018e-06 1.43603925e-06 1.12325877e-06
  9.05152086e-07 7.51158331e-07 6.38123376e-07 5.56736216e-07
  4.97224318e-07 4.52488110e-07 4.18515292e-07 3.92048707e-07
  3.70867322e-07 3.55369296e-07 3.42744575e-07 3.31732253e-07
  3.23055603e-07 5.75073353e-07 2.40369561e-04 4.63201446e-04
  5.33275414e-04 5.38501845e-04 5.17456432e-04 4.90254647e-04
  4.65700620e-04 4.45411091e-04 4.28740837e-04 4.15155562e-04
  4.04216265e-04 3.95482869e-04 3.88519077e-04 3.82945883e-04
  3.78429294e-04 3.74740164e-04 3.71692696e-04 3.69161340e-04
  3.67069308e-04 3.65325970e-04 3.63887402e-04 3.62686295e-04
  3.61680442e-04 3.60832999e-04 3.60117305e-04 3.59511974e-04
  3.59001481e-04 3.58570059e-04 3.58210060e-04 3.57905834e-04
  3.57652477e-04 3.57438909e-04 3.57257314e-04 3.57107382e-04
  3.56979343e-04 3.56869474e-04 3.56778591e-04 3.56699761e-04]
 [6.94967024e-05 2.13425368e-04 5.63332429e-04 1.01083141e-03
  1.50242319e-03 1.99135561e-03 2.42731708e-03 2.77364537e-03
  3.02380810e-03 3.19329668e-03 3.30327471e-03 3.37252548e-03
  3.41595203e-03 3.44264640e-03 3.46114595e-03 3.47207399e-03
  2.85636648e-03 2.20596666e-03 1.78965487e-03 1.51925762e-03
  1.34308475e-03 1.22585935e-03 1.14430813e-03 1.08532075e-03
  1.04188804e-03 1.00938995e-03 9.84572190e-04 9.65235628e-04
  9.49799664e-04 9.37534035e-04 9.27502062e-04 8.37135997e-04
  6.24323307e-04 4.11159176e-04 2.54683951e-04 1.53864969e-04
  9.24564664e-05 5.56542195e-05 3.38233493e-05 2.08394136e-05
  1.30767747e-05 8.39970031e-06 5.53899377e-06 3.76117626e-06
  2.64251530e-06 1.92541655e-06 1.45707680e-06 1.13977588e-06
  9.18529245e-07 7.62343655e-07 6.47721623e-07 5.65246923e-07
  5.04961791e-07 4.59644431e-07 4.25219118e-07 3.98395900e-07
  3.76935660e-07 3.61235961e-07 3.48459173e-07 3.37328657e-07
  3.28558480e-07 2.60714669e-07 1.78271028e-07 1.26942999e-07
  9.49358542e-08 7.46033699e-08 6.17969583e-08 5.36071595e-08
  4.81417416e-08 4.43714516e-08 4.17490262e-08 3.98780884e-08
  3.85042471e-08 3.74703941e-08 3.66677453e-08 3.60298390e-08
  3.55229603e-08 3.51075221e-08 3.47821355e-08 3.45126587e-08
  3.42946535e-08 3.41105648e-08 3.39536712e-08 3.38197706e-08
  3.37048251e-08 3.36082714e-08 3.35278373e-08 3.34605897e-08
  3.34057233e-08 3.33594199e-08 3.33204008e-08 3.32872413e-08
  3.32584800e-08 3.32341338e-08 3.32129147e-08 3.31955327e-08
  3.31808619e-08 3.31685019e-08 3.31582823e-08 3.31496400e-08]
 [6.94967024e-05 2.28710917e-04 6.48450941e-04 1.21065631e-03
  1.82413355e-03 2.39165582e-03 2.84781485e-03 3.17730025e-03
  3.39981185e-03 3.54496047e-03 3.63708145e-03 3.69463568e-03
  3.73087137e-03 3.75324313e-03 3.76883636e-03 3.77798828e-03
  3.23519377e-03 2.55152129e-03 2.07979656e-03 1.75462676e-03
  1.53016987e-03 1.37326339e-03 1.26048385e-03 1.17729806e-03
  1.11508858e-03 1.06794315e-03 1.03165678e-03 1.00329704e-03
  9.80691689e-04 9.62731280e-04 9.48125283e-04 8.55532528e-04
  6.38487854e-04 4.20429187e-04 2.60308847e-04 1.57172266e-04
  9.43851164e-05 5.67772800e-05 3.44834274e-05 2.12314513e-05
  1.33143334e-05 8.54716579e-06 5.63313616e-06 3.82374097e-06
  2.68557458e-06 1.95626514e-06 1.48041012e-06 1.15820927e-06
  9.33503816e-07 7.74841629e-07 6.58408963e-07 5.74766556e-07
  5.13712591e-07 4.67822893e-07 4.32919132e-07 4.05675762e-07
  3.83873998e-07 3.67922915e-07 3.54970538e-07 3.43734252e-07
  3.34876437e-07 3.67386324e-07 6.02073065e-05 3.75780133e-04
  4.97944318e-04 5.31393789e-04 5.24575779e-04 5.03926773e-04
  4.82017589e-04 4.62283501e-04 4.44939968e-04 4.30066028e-04
  4.17596667e-04 4.07296021e-04 3.98847688e-04 3.91923286e-04
  3.86185751e-04 3.81424993e-04 3.77411150e-04 3.74041981e-04
  3.71216740e-04 3.68847037e-04 3.66877961e-04 3.65227917e-04
  3.63843279e-04 3.62672788e-04 3.61680473e-04 3.60838452e-04
  3.60123574e-04 3.59518332e-04 3.59011290e-04 3.58582519e-04
  3.58225829e-04 3.57924902e-04 3.57669633e-04 3.57458216e-04
  3.57277569e-04 3.57122436e-04 3.56993868e-04 3.56882147e-04]
 [6.94967024e-05 2.46178536e-04 7.51330022e-04 1.43819858e-03
  2.14640050e-03 2.74114484e-03 3.18114087e-03 3.48334582e-03
  3.68273894e-03 3.81187505e-03 3.89375147e-03 3.94506071e-03
  3.97751930e-03 3.99763990e-03 4.01164286e-03 4.01988175e-03
  3.58558209e-03 2.93236865e-03 2.42957657e-03 2.05408557e-03
  1.77563518e-03 1.56959999e-03 1.41612872e-03 1.30064821e-03
  1.21306642e-03 1.14601058e-03 1.09412858e-03 1.05354503e-03
  1.02129276e-03 9.95714517e-04 9.75034540e-04 8.79319227e-04
  6.56238292e-04 4.31865260e-04 2.67172578e-04 1.61178530e-04
  9.67071026e-05 5.81203276e-05 3.52678666e-05 2.16949416e-05
  1.35929011e-05 8.71919313e-06 5.74209376e-06 3.89553938e-06
  2.73495776e-06 1.99145169e-06 1.50683235e-06 1.17910452e-06
  9.50617177e-07 7.89172131e-07 6.70626045e-07 5.85564706e-07
  5.23703750e-07 4.77313861e-07 4.42023729e-07 4.14321775e-07
  3.92037140e-07 3.75742160e-07 3.62502646e-07 3.51066695e-07
  3.42095349e-07 2.79395726e-07 1.88738947e-07 1.33214154e-07
  9.91290830e-08 7.76696284e-08 6.42406703e-08 5.56686223e-08
  4.99216003e-08 4.59199096e-08 4.31019361e-08 4.10612746e-08
  3.95372573e-08 3.83694957e-08 3.74473262e-08 3.67032187e-08
  3.61029974e-08 3.56057925e-08 3.52097368e-08 3.48790559e-08
  3.46082116e-08 3.43785156e-08 3.41821819e-08 3.40143850e-08
  3.38703456e-08 3.37489769e-08 3.36474268e-08 3.35621983e-08
  3.34920708e-08 3.34327695e-08 3.33826755e-08 3.33400927e-08
  3.33033213e-08 3.32721747e-08 3.32451288e-08 3.32228958e-08
  3.32040949e-08 3.31882123e-08 3.31750550e-08 3.31638825e-08]
 [6.94967024e-05 2.65330866e-04 8.68598960e-04 1.66684583e-03
  2.42069005e-03 3.00618395e-03 3.42163466e-03 3.70268486e-03
  3.88766584e-03 4.00772576e-03 4.08410529e-03 4.13214857e-03
  4.16263368e-03 4.18157999e-03 4.19474384e-03 4.20251676e-03
  3.88474373e-03 3.33002046e-03 2.83676317e-03 2.42678157e-03
  2.09415743e-03 1.83052905e-03 1.62534140e-03 1.46706383e-03
  1.34513773e-03 1.25087644e-03 1.17763583e-03 1.12035098e-03
  1.07498680e-03 1.03909279e-03 1.01025201e-03 9.09592681e-04
  6.78356960e-04 4.45964822e-04 2.75580031e-04 1.66062376e-04
  9.95242127e-05 5.97430533e-05 3.62105490e-05 2.22492127e-05
  1.39239985e-05 8.92258148e-06 5.87012911e-06 3.97903309e-06
  2.79226363e-06 2.03225064e-06 1.53718863e-06 1.20291518e-06
  9.70211484e-07 8.05764169e-07 6.84871294e-07 5.97967848e-07
  5.34914464e-07 4.87832273e-07 4.52202739e-07 4.24194722e-07
  4.01525312e-07 3.84979675e-07 3.71403955e-07 3.59552067e-07
  3.50367257e-07 3.16398192e-07 9.13247088e-07 4.80979259e-05
  3.22477018e-04 4.44816069e-04 4.84269820e-04 4.87278632e-04
  4.77975181e-04 4.65000391e-04 4.50811816e-04 4.37079656e-04
  4.24716416e-04 4.14022746e-04 4.05000743e-04 3.97468041e-04
  3.91100417e-04 3.85765230e-04 3.81151842e-04 3.77250178e-04
  3.73934055e-04 3.71147660e-04 3.68836863e-04 3.66903663e-04
  3.65286767e-04 3.63915267e-04 3.62745657e-04 3.61748211e-04
  3.60891911e-04 3.60165452e-04 3.59556185e-04 3.59041048e-04
  3.58615962e-04 3.58257226e-04 3.57954760e-04 3.57703148e-04
  3.57487460e-04 3.57301388e-04 3.57146875e-04 3.57011775e-04]
 [6.94967024e-05 2.84303036e-04 9.88281268e-04 1.86182672e-03
  2.62043099e-03 3.18678469e-03 3.58362300e-03 3.85190662e-03
  4.02893144e-03 4.14415752e-03 4.21766645e-03 4.26401849e-03
  4.29348048e-03 4.31181720e-03 4.32454315e-03 4.33207496e-03
  4.11644239e-03 3.70477224e-03 3.27342019e-03 2.86329356e-03
  2.49131695e-03 2.16986750e-03 1.90417349e-03 1.69146745e-03
  1.52390887e-03 1.39274607e-03 1.29026769e-03 1.21006898e-03
  1.14675095e-03 1.09670692e-03 1.05674484e-03 9.48890610e-04
  7.06511452e-04 4.63716298e-04 2.86095926e-04 1.72142848e-04
  1.03016794e-04 6.17473839e-05 3.73693693e-05 2.29271464e-05
  1.43267057e-05 9.16839508e-06 6.02399156e-06 4.07834570e-06
  2.85993885e-06 2.08037479e-06 1.57273287e-06 1.23042235e-06
  9.92708318e-07 8.24943065e-07 7.01518956e-07 6.12411859e-07
  5.47630348e-07 4.99408870e-07 4.63244683e-07 4.35046794e-07
  4.12227437e-07 3.95626338e-07 3.81822748e-07 3.69489334e-07
  3.59997147e-07 3.06885097e-07 2.03726915e-07 1.41575204e-07
  1.04017915e-07 8.06812730e-08 6.62607551e-08 5.71485339e-08
  5.10702875e-08 4.68449830e-08 4.38719372e-08 4.17171685e-08
  4.01031488e-08 3.88605172e-08 3.78734615e-08 3.70721211e-08
  3.64221512e-08 3.58810519e-08 3.54479557e-08 3.50849624e-08
  3.47863049e-08 3.45322304e-08 3.43143320e-08 3.41276634e-08
  3.39671278e-08 3.38316019e-08 3.37179851e-08 3.36224609e-08
  3.35436517e-08 3.34769086e-08 3.34204061e-08 3.33723287e-08
  3.33307877e-08 3.32955640e-08 3.32649798e-08 3.32397878e-08
  3.32184675e-08 3.32004423e-08 3.31854868e-08 3.31727760e-08]
 [6.94967024e-05 2.98715877e-04 1.08731841e-03 1.99546099e-03
  2.74308744e-03 3.29493652e-03 3.68103736e-03 3.94257720e-03
  4.11550465e-03 4.22823911e-03 4.30024427e-03 4.34567892e-03
  4.37455324e-03 4.39250660e-03 4.40493399e-03 4.41226545e-03
  4.27535777e-03 4.00793783e-03 3.67990705e-03 3.31800566e-03
  2.94393178e-03 2.58380855e-03 2.26033153e-03 1.98601190e-03
  1.76189484e-03 1.58278098e-03 1.44131814e-03 1.33018431e-03
  1.24257973e-03 1.17322217e-03 1.11812005e-03 9.99829084e-04
  7.42406409e-04 4.86150580e-04 2.99313580e-04 1.79756611e-04
  1.07374819e-04 6.42400118e-05 3.88048300e-05 2.37630311e-05
  1.48207535e-05 9.46795865e-06 6.21041257e-06 4.19760525e-06
  2.94031717e-06 2.13725479e-06 1.61448383e-06 1.26227446e-06
  1.01834869e-06 8.46680453e-07 7.20448483e-07 6.28904632e-07
  5.61967081e-07 5.12116967e-07 4.75003004e-07 4.46464696e-07
  4.23544284e-07 4.06918288e-07 3.92975726e-07 3.80231177e-07
  3.70339890e-07 3.19265970e-07 2.27908301e-07 1.54636232e-07
  1.11098505e-07 8.45189083e-08 6.84029549e-08 5.84045719e-08
  5.18288415e-08 4.73102415e-08 4.41711708e-08 4.19230215e-08
  4.02547104e-08 3.89786350e-08 3.79682679e-08 3.71488590e-08
  3.64856669e-08 3.59333626e-08 3.54936248e-08 3.51250755e-08
  3.48224294e-08 3.45645278e-08 3.43425844e-08 3.41519874e-08
  3.39876437e-08 3.38488900e-08 3.37326674e-08 3.36350206e-08
  3.35546740e-08 3.34866121e-08 3.34289199e-08 3.33797895e-08
  3.33371721e-08 3.33010113e-08 3.32695403e-08 3.32436237e-08
  3.32217059e-08 3.32031999e-08 3.31878397e-08 3.31748110e-08]]
00:00:00.14 State variable xB: [[1.59356412e-02 2.12518579e-02 3.17576047e-02 4.35310108e-02
  5.48953702e-02 6.51128790e-02 7.39302557e-02 8.13150188e-02
  8.73383867e-02 9.21339673e-02 9.58588278e-02 9.86730124e-02
  1.00741807e-01 1.02227700e-01 1.03286918e-01 1.04001333e-01
  1.07594026e-01 1.10857835e-01 1.13580954e-01 1.15852118e-01
  1.17741144e-01 1.19310050e-01 1.20614084e-01 1.21699264e-01
  1.22602385e-01 1.23353997e-01 1.23979536e-01 1.24500186e-01
  1.24934201e-01 1.25295237e-01 1.25591161e-01 1.23338437e-01
  1.18396872e-01 1.12296755e-01 1.05772085e-01 9.93509722e-02
  9.33705163e-02 8.79989468e-02 8.32874788e-02 7.92224825e-02
  7.57544379e-02 7.28190756e-02 7.03487363e-02 6.82781235e-02
  6.65474957e-02 6.51043433e-02 6.39030740e-02 6.29038764e-02
  6.20731540e-02 6.13829698e-02 6.08093849e-02 6.03330569e-02
  5.99377685e-02 5.96097561e-02 5.93377484e-02 5.91123894e-02
  5.89251840e-02 5.87727254e-02 5.86458632e-02 5.85383393e-02
  5.84484628e-02 5.69958284e-02 5.37664721e-02 4.98020122e-02
  4.57432528e-02 4.18979397e-02 3.84021932e-02 3.53160597e-02
  3.26484257e-02 3.03712131e-02 2.84404534e-02 2.68109920e-02
  2.54392721e-02 2.42855691e-02 2.33141811e-02 2.24942394e-02
  2.17990280e-02 2.12061233e-02 2.06973809e-02 2.02569070e-02
  1.98729250e-02 1.95345113e-02 1.92338711e-02 1.89639308e-02
  1.87189450e-02 1.84947903e-02 1.82879112e-02 1.80952351e-02
  1.79148869e-02 1.77446284e-02 1.75835446e-02 1.74303259e-02
  1.72846079e-02 1.71453246e-02 1.70117918e-02 1.68837336e-02
  1.67603016e-02 1.66410403e-02 1.65258081e-02 1.64139274e-02]
 [1.59356412e-02 2.10563404e-02 3.11940551e-02 4.24229936e-02
  5.30699950e-02 6.23874881e-02 7.01191377e-02 7.62423564e-02
  8.08730987e-02 8.42233805e-02 8.65492218e-02 8.81022968e-02
  8.91151458e-02 8.97602030e-02 9.02011857e-02 9.04843932e-02
  9.56017130e-02 1.00689780e-01 1.04981108e-01 1.08591019e-01
  1.11615989e-01 1.14144508e-01 1.16257555e-01 1.18024281e-01
  1.19501026e-01 1.20735052e-01 1.21766011e-01 1.22627181e-01
  1.23347411e-01 1.23948568e-01 1.24446342e-01 1.22360508e-01
  1.17562292e-01 1.11594678e-01 1.05185294e-01 9.88612920e-02
  9.29616691e-02 8.76573150e-02 8.30017948e-02 7.89834494e-02
  7.55543639e-02 7.26515720e-02 7.02084859e-02 6.81606890e-02
  6.64491665e-02 6.50220124e-02 6.38341368e-02 6.28461571e-02
  6.20248331e-02 6.13425206e-02 6.07755328e-02 6.03047296e-02
  5.99140656e-02 5.95899236e-02 5.93211534e-02 5.90985003e-02
  5.89135615e-02 5.87629692e-02 5.86376721e-02 5.85314812e-02
  5.84428150e-02 5.69962744e-02 4.82362731e-02 3.96140174e-02
  3.25321046e-02 2.67092360e-02 2.19321764e-02 1.80155553e-02
  1.48000364e-02 1.21579406e-02 9.98871218e-03 8.20684314e-03
  6.74286924e-03 5.54048758e-03 4.55219984e-03 3.73960983e-03
  3.07177223e-03 2.52197106e-03 2.07158633e-03 1.70111936e-03
  1.39817007e-03 1.14927733e-03 9.45352837e-04 7.77829669e-04
  6.39911928e-04 5.26571946e-04 4.33446880e-04 3.56862542e-04
  2.94338150e-04 2.42877086e-04 2.01025886e-04 1.66560476e-04
  1.38535200e-04 1.15575452e-04 9.64207771e-05 8.12909082e-05
  6.87075440e-05 5.81638773e-05 4.98023331e-05 4.26568920e-05]
 [1.59356412e-02 2.08548008e-02 3.05442877e-02 4.10586729e-02
  5.07144783e-02 5.87569972e-02 6.49638533e-02 6.94164283e-02
  7.23950032e-02 7.42809796e-02 7.54226659e-02 7.60978577e-02
  7.65052983e-02 7.67503664e-02 7.69322694e-02 7.70460362e-02
  8.32812485e-02 9.00800993e-02 9.58902095e-02 1.00827887e-01
  1.05001992e-01 1.08517422e-01 1.11473918e-01 1.13959497e-01
  1.16047646e-01 1.17800823e-01 1.19271958e-01 1.20505896e-01
  1.21541792e-01 1.22409775e-01 1.23133353e-01 1.21230816e-01
  1.16594250e-01 1.10777138e-01 1.04498409e-01 9.82839203e-02
  9.24754068e-02 8.72470331e-02 8.26551315e-02 7.86902775e-02
  7.53063132e-02 7.24416617e-02 7.00308610e-02 6.80104145e-02
  6.63220672e-02 6.49145480e-02 6.37433014e-02 6.27694061e-02
  6.19600093e-02 6.12877916e-02 6.07293483e-02 6.02657709e-02
  5.98812128e-02 5.95622283e-02 5.92978110e-02 5.90788280e-02
  5.88969879e-02 5.87489742e-02 5.86258551e-02 5.85215263e-02
  5.84345067e-02 5.70362604e-02 5.40045857e-02 5.03229154e-02
  4.65324712e-02 4.29069192e-02 3.95788875e-02 3.66086484e-02
  3.40094559e-02 3.17614365e-02 2.98303028e-02 2.81801567e-02
  2.67755701e-02 2.55835587e-02 2.45739750e-02 2.37202083e-02
  2.29987015e-02 2.23893571e-02 2.18751991e-02 2.14412807e-02
  2.10757254e-02 2.07674980e-02 2.05080286e-02 2.02894461e-02
  2.01051401e-02 1.99498722e-02 1.98190796e-02 1.97088207e-02
  1.96161394e-02 1.95379524e-02 1.94723327e-02 1.94169425e-02
  1.93705232e-02 1.93314703e-02 1.92982708e-02 1.92709460e-02
  1.92477657e-02 1.92280274e-02 1.92117359e-02 1.91976886e-02]
 [1.59356412e-02 2.06443300e-02 2.97781048e-02 3.93458150e-02
  4.76503117e-02 5.39961985e-02 5.83431572e-02 6.10499299e-02
  6.26203975e-02 6.35096987e-02 6.40053749e-02 6.42893343e-02
  6.44653763e-02 6.45757688e-02 6.46621055e-02 6.47172563e-02
  7.14785934e-02 7.96653171e-02 8.67922368e-02 9.29324483e-02
  9.81832184e-02 1.02648329e-01 1.06433564e-01 1.09637461e-01
  1.12345498e-01 1.14631805e-01 1.16560127e-01 1.18185201e-01
  1.19555291e-01 1.20708265e-01 1.21674878e-01 1.19976882e-01
  1.15518552e-01 1.09866583e-01 1.03729866e-01 9.76342122e-02
  9.19244499e-02 8.67786312e-02 8.22562054e-02 7.83501812e-02
  7.50162555e-02 7.21942852e-02 6.98199518e-02 6.78306876e-02
  6.61690042e-02 6.47842762e-02 6.36324968e-02 6.26752232e-02
  6.18800101e-02 6.12198846e-02 6.06717461e-02 6.02169407e-02
  5.98398422e-02 5.95271963e-02 5.92681594e-02 5.90537378e-02
  5.88757682e-02 5.87309963e-02 5.86106270e-02 5.85086549e-02
  5.84236943e-02 5.70361035e-02 4.94678081e-02 4.06254466e-02
  3.33627837e-02 2.73913081e-02 2.24923320e-02 1.84757487e-02
  1.51781520e-02 1.24686043e-02 1.02439850e-02 8.41660564e-03
  6.91523117e-03 5.68212329e-03 4.66857284e-03 3.83520475e-03
  3.15028472e-03 2.58641554e-03 2.12450231e-03 1.74454905e-03
  1.43383928e-03 1.17856833e-03 9.69415846e-04 7.97596101e-04
  6.56139626e-04 5.39890235e-04 4.44373554e-04 3.65821475e-04
  3.01689712e-04 2.48905043e-04 2.05976751e-04 1.70623881e-04
  1.41876516e-04 1.18324853e-04 9.86761501e-05 8.31556872e-05
  7.02473092e-05 5.94311977e-05 5.08533769e-05 4.35230671e-05]
 [1.59356412e-02 2.04217183e-02 2.88577598e-02 3.71813081e-02
  4.37450673e-02 4.81257913e-02 5.06862968e-02 5.20697735e-02
  5.28040728e-02 5.32106751e-02 5.34415352e-02 5.35803733e-02
  5.36711768e-02 5.37310911e-02 5.37775816e-02 5.38092270e-02
  6.04736720e-02 6.95831934e-02 7.77399354e-02 8.49047039e-02
  9.11292150e-02 9.64909292e-02 1.01083290e-01 1.05003313e-01
  1.08341183e-01 1.11177830e-01 1.13584470e-01 1.15623496e-01
  1.17350711e-01 1.18811082e-01 1.20041896e-01 1.18562076e-01
  1.14302948e-01 1.08835086e-01 1.02856880e-01 9.68933666e-02
  9.12933571e-02 8.62394397e-02 8.17946290e-02 7.79546577e-02
  7.46772354e-02 7.19037595e-02 6.95711185e-02 6.76177226e-02
  6.59868915e-02 6.46286827e-02 6.34996755e-02 6.25619425e-02
  6.17834815e-02 6.11376999e-02 6.06018340e-02 6.01575154e-02
  5.97893668e-02 5.94843519e-02 5.92318137e-02 5.90229187e-02
  5.88496512e-02 5.87088318e-02 5.85918226e-02 5.84927340e-02
  5.84102699e-02 5.70543024e-02 5.41177091e-02 5.05857973e-02
  4.69611636e-02 4.34770279e-02 4.02591726e-02 3.73656499e-02
  3.48110932e-02 3.25799074e-02 3.06432090e-02 2.89703409e-02
  2.75305770e-02 2.62949088e-02 2.52365117e-02 2.43313707e-02
  2.35579067e-02 2.28975366e-02 2.23341601e-02 2.18536650e-02
  2.14444320e-02 2.10958049e-02 2.07992229e-02 2.05468716e-02
  2.03320637e-02 2.01493815e-02 1.99940664e-02 1.98619727e-02
  1.97498809e-02 1.96545398e-02 1.95737612e-02 1.95050510e-02
  1.94469391e-02 1.93976641e-02 1.93555254e-02 1.93204536e-02
  1.92905284e-02 1.92649249e-02 1.92435790e-02 1.92251275e-02]
 [1.59356412e-02 2.01840973e-02 2.77421578e-02 3.44955881e-02
  3.90753682e-02 4.16371637e-02 4.29270155e-02 4.35784603e-02
  4.39287180e-02 4.41328170e-02 4.42557697e-02 4.43334812e-02
  4.43858735e-02 4.44216284e-02 4.44494863e-02 4.44696410e-02
  5.04790443e-02 5.98809900e-02 6.86822052e-02 7.66356217e-02
  8.37023244e-02 8.98983930e-02 9.52785495e-02 9.99208823e-02
  1.03909928e-01 1.07326729e-01 1.10245495e-01 1.12733372e-01
  1.14851748e-01 1.16652023e-01 1.18177200e-01 1.16946069e-01
  1.12913708e-01 1.07655555e-01 1.01857007e-01 9.60429798e-02
  9.05670487e-02 8.56171163e-02 8.12603018e-02 7.74954460e-02
  7.42825035e-02 7.15645738e-02 6.92798670e-02 6.73678557e-02
  6.57727462e-02 6.44453419e-02 6.33428659e-02 6.24279624e-02
  6.16691242e-02 6.10401850e-02 6.05187605e-02 6.00868060e-02
  5.97292293e-02 5.94332443e-02 5.91884096e-02 5.89860766e-02
  5.88184003e-02 5.86822891e-02 5.85692870e-02 5.84736388e-02
  5.83941339e-02 5.70532943e-02 5.26520491e-02 4.32404259e-02
  3.55101988e-02 2.91543039e-02 2.39399613e-02 1.96648156e-02
  1.61549376e-02 1.32709597e-02 1.09031233e-02 8.95809556e-03
  7.36005635e-03 6.04755148e-03 4.96873692e-03 4.08170353e-03
  3.35267469e-03 2.75248983e-03 2.26082506e-03 1.85639718e-03
  1.52567106e-03 1.25395349e-03 1.03132414e-03 8.48431865e-04
  6.97858530e-04 5.74116044e-04 4.72441963e-04 3.88825503e-04
  3.20558524e-04 2.64369886e-04 2.18672796e-04 1.81039422e-04
  1.50437314e-04 1.25365880e-04 1.04449086e-04 8.79267085e-05
  7.41849222e-05 6.26704059e-05 5.35385595e-05 4.57347727e-05]
 [1.59356412e-02 1.99307674e-02 2.64025097e-02 3.13464280e-02
  3.40702601e-02 3.53591825e-02 3.59670562e-02 3.62862798e-02
  3.64705090e-02 3.65839690e-02 3.66553615e-02 3.67019365e-02
  3.67340464e-02 3.67566182e-02 3.67745307e-02 3.67881293e-02
  4.17563134e-02 5.06602797e-02 5.95848539e-02 6.79994236e-02
  7.57246547e-02 8.26708746e-02 8.88169891e-02 9.41964251e-02
  9.88724167e-02 1.02916202e-01 1.06398559e-01 1.09387332e-01
  1.11946842e-01 1.14134180e-01 1.15997006e-01 1.15050081e-01
  1.11284279e-01 1.06272331e-01 1.00684457e-01 9.50454087e-02
  8.97146005e-02 8.48862736e-02 8.06323970e-02 7.69554669e-02
  7.38180661e-02 7.11652664e-02 6.89368167e-02 6.70734152e-02
  6.55202946e-02 6.42291270e-02 6.31578800e-02 6.22698621e-02
  6.15341438e-02 6.09250581e-02 6.04206646e-02 6.00032968e-02
  5.96581955e-02 5.93728687e-02 5.91371282e-02 5.89425441e-02
  5.87814718e-02 5.86509230e-02 5.85426561e-02 5.84510737e-02
  5.83750465e-02 5.70510353e-02 5.41739783e-02 5.07336868e-02
  4.72185594e-02 4.38278140e-02 4.06833008e-02 3.78419193e-02
  3.53192544e-02 3.31023221e-02 3.11654868e-02 2.94812485e-02
  2.80217461e-02 2.67604337e-02 2.56725788e-02 2.47358366e-02
  2.39299379e-02 2.32373150e-02 2.26425127e-02 2.21320029e-02
  2.16944082e-02 2.13193533e-02 2.09983331e-02 2.07236018e-02
  2.04884583e-02 2.02873971e-02 2.01155546e-02 1.99686711e-02
  1.98433701e-02 1.97363020e-02 1.96451163e-02 1.95672259e-02
  1.95010245e-02 1.94446499e-02 1.93962828e-02 1.93557890e-02
  1.93211281e-02 1.92913944e-02 1.92664748e-02 1.92449030e-02]
 [1.59356412e-02 1.96677188e-02 2.48612776e-02 2.80135913e-02
  2.93941775e-02 3.00020071e-02 3.03026992e-02 3.04749671e-02
  3.05804954e-02 3.06477080e-02 3.06911465e-02 3.07201803e-02
  3.07406680e-02 3.07555076e-02 3.07675504e-02 3.07770720e-02
  3.45647997e-02 4.21673247e-02 5.05466358e-02 5.89570158e-02
  6.70565913e-02 7.46094966e-02 8.14741227e-02 8.76019094e-02
  9.30097774e-02 9.77431531e-02 1.01859355e-01 1.05420668e-01
  1.08490306e-01 1.11129973e-01 1.13390322e-01 1.12780854e-01
  1.09335696e-01 1.04619852e-01 9.92850747e-02 9.38560868e-02
  8.86993955e-02 8.40168446e-02 7.98862462e-02 7.63144937e-02
  7.32673476e-02 7.06922632e-02 6.85308567e-02 6.67253134e-02
  6.52221071e-02 6.39739656e-02 6.29397579e-02 6.20835929e-02
  6.13752374e-02 6.07896257e-02 6.03053501e-02 5.99051982e-02
  5.95748080e-02 5.93020386e-02 5.90770041e-02 5.88915352e-02
  5.87382266e-02 5.86142111e-02 5.85115026e-02 5.84246913e-02
  5.83527250e-02 5.70407680e-02 5.41635131e-02 4.90631695e-02
  4.02927475e-02 3.30805629e-02 2.71637409e-02 2.23126583e-02
  1.83299477e-02 1.50574611e-02 1.23706503e-02 1.01636071e-02
  8.35029629e-03 6.86098432e-03 5.63684282e-03 4.63031688e-03
  3.80307985e-03 3.12204292e-03 2.56414464e-03 2.10523484e-03
  1.72995528e-03 1.42163344e-03 1.16901260e-03 9.61481845e-04
  7.90623748e-04 6.50210872e-04 5.34839224e-04 4.39957783e-04
  3.62493594e-04 2.98734881e-04 2.46881121e-04 2.04177411e-04
  1.69452234e-04 1.41002845e-04 1.17267844e-04 9.85192792e-05
  8.29259297e-05 6.98599296e-05 5.94976071e-05 5.06422779e-05]
 [1.59356412e-02 1.94176142e-02 2.32514868e-02 2.49662310e-02
  2.56109080e-02 2.59143694e-02 2.60809194e-02 2.61829020e-02
  2.62475449e-02 2.62896461e-02 2.63174943e-02 2.63366115e-02
  2.63505052e-02 2.63609393e-02 2.63696476e-02 2.63768293e-02
  2.90674055e-02 3.48373090e-02 4.19572860e-02 4.97435513e-02
  5.77663791e-02 6.56504345e-02 7.31030516e-02 7.99481755e-02
  8.61174597e-02 9.16035426e-02 9.64335614e-02 1.00653634e-01
  1.04318882e-01 1.07493573e-01 1.10228268e-01 1.10022977e-01
  1.06969811e-01 1.02616436e-01 9.75914620e-02 9.24195624e-02
  8.74758605e-02 8.29714082e-02 7.89911410e-02 7.55473423e-02
  7.26097070e-02 7.01286559e-02 6.80481447e-02 6.63122241e-02
  6.48689215e-02 6.36722866e-02 6.26823122e-02 6.18641003e-02
  6.11882774e-02 6.06305182e-02 6.01700686e-02 5.97902700e-02
  5.94772423e-02 5.92192686e-02 5.90068279e-02 5.88320649e-02
  5.86878627e-02 5.85714971e-02 5.84752901e-02 5.83940568e-02
  5.83268175e-02 5.70253297e-02 5.41833083e-02 5.07885857e-02
  4.73286769e-02 4.39861726e-02 4.08806952e-02 3.80682944e-02
  3.55647572e-02 3.33581666e-02 3.14243311e-02 2.97371943e-02
  2.82702464e-02 2.69981365e-02 2.58971701e-02 2.49458535e-02
  2.41246097e-02 2.34164146e-02 2.28061935e-02 2.22807453e-02
  2.18288659e-02 2.14403505e-02 2.11067583e-02 2.08204033e-02
  2.05746045e-02 2.03638336e-02 2.01831921e-02 2.00283773e-02
  1.98959450e-02 1.97825035e-02 1.96856259e-02 1.96026848e-02
  1.95320065e-02 1.94716803e-02 1.94198297e-02 1.93762833e-02
  1.93389438e-02 1.93068637e-02 1.92799022e-02 1.92565414e-02]
 [1.59356412e-02 1.92337046e-02 2.18805895e-02 2.27189959e-02
  2.30556547e-02 2.32352544e-02 2.33443350e-02 2.34145688e-02
  2.34610859e-02 2.34929747e-02 2.35155293e-02 2.35323295e-02
  2.35456636e-02 2.35566927e-02 2.35665584e-02 2.35754039e-02
  2.53633689e-02 2.92509589e-02 3.46179284e-02 4.11228258e-02
  4.84408467e-02 5.61699204e-02 6.39014389e-02 7.13074276e-02
  7.81881545e-02 8.44429238e-02 9.00413791e-02 9.49950851e-02
  9.93381384e-02 1.03132781e-01 1.06423903e-01 1.06697577e-01
  1.04118465e-01 1.00204894e-01 9.55562944e-02 9.06968743e-02
  8.60119893e-02 8.17237036e-02 7.79255567e-02 7.46363885e-02
  7.18307288e-02 6.94626660e-02 6.74790649e-02 6.58263057e-02
  6.44543484e-02 6.33188876e-02 6.23813110e-02 6.16079451e-02
  6.09704717e-02 6.04454708e-02 6.00129851e-02 5.96570274e-02
  5.93642986e-02 5.91235914e-02 5.89258208e-02 5.87635072e-02
  5.86298784e-02 5.85223781e-02 5.84336968e-02 5.83589163e-02
  5.82971258e-02 5.70037134e-02 5.41703616e-02 5.07849031e-02
  4.73340141e-02 4.39997861e-02 4.09013679e-02 3.80945629e-02
  3.55950912e-02 3.33911352e-02 3.14586906e-02 2.97719035e-02
  2.83044680e-02 2.70312225e-02 2.59286431e-02 2.49753815e-02
  2.41519842e-02 2.34415256e-02 2.28290074e-02 2.23012907e-02
  2.18472110e-02 2.14565989e-02 2.11210317e-02 2.08328392e-02
  2.05853492e-02 2.03730343e-02 2.01909939e-02 2.00349213e-02
  1.99013630e-02 1.97869220e-02 1.96891596e-02 1.96054424e-02
  1.95340853e-02 1.94731704e-02 1.94208116e-02 1.93768308e-02
  1.93391213e-02 1.93067286e-02 1.92795064e-02 1.92559284e-02]]
00:00:00.15 State variable yA: [[ 2.00000000e-01  2.17468683e-01  2.25022359e-01  2.32270853e-01
   2.40560511e-01  2.49572962e-01  2.60090302e-01  2.71975645e-01
   2.84848301e-01  2.98405748e-01  3.11986077e-01  3.24906677e-01
   3.36388550e-01  3.45520449e-01  3.52710222e-01  3.55446363e-01
   2.09300732e-01  2.07181003e-01  2.05663945e-01  2.04532401e-01
   2.03672082e-01  2.03002200e-01  2.02467892e-01  2.02035169e-01
   2.01682544e-01  2.01393844e-01  2.01156443e-01  2.00960518e-01
   2.00798038e-01  2.00666635e-01  2.00544242e-01  1.60624044e-01
   9.35998632e-02  4.90917301e-02  2.68784066e-02  1.61063101e-02
   1.02915417e-02  6.88422902e-03  4.76333628e-03  3.38408029e-03
   2.46677087e-03  1.84115369e-03  1.40615543e-03  1.09932218e-03
   8.79951871e-04  7.21107247e-04  6.05183480e-04  5.19100200e-04
   4.53888145e-04  4.03830843e-04  3.64584349e-04  3.33844650e-04
   3.09737886e-04  2.90771127e-04  2.75903026e-04  2.64136649e-04
   2.54636472e-04  2.47376131e-04  2.41424028e-04  2.36291586e-04
   2.32061046e-04  1.58907062e-04  1.59474276e-02  1.52078660e-02
   1.31641909e-02  1.24929772e-02  1.27225259e-02  1.35625651e-02
   1.49308986e-02  1.68039758e-02  1.91724099e-02  2.20393596e-02
   2.54239880e-02  2.93578347e-02  3.38585275e-02  3.89299194e-02
   4.45630109e-02  5.07248578e-02  5.73681590e-02  6.44015274e-02
   7.17293243e-02  7.92567540e-02  8.68966084e-02  9.46102377e-02
   1.02362030e-01  1.10139905e-01  1.17913646e-01  1.25654579e-01
   1.33325152e-01  1.40835945e-01  1.48136446e-01  1.55171382e-01
   1.61910369e-01  1.68528572e-01  1.74993293e-01  1.81309258e-01
   1.87505396e-01  1.93578297e-01  1.99488452e-01  2.05257985e-01]
 [ 2.00000000e-01  2.37827178e-01  2.55767395e-01  2.73710038e-01
   2.94039566e-01  3.17099603e-01  3.43057055e-01  3.70256145e-01
   3.96941107e-01  4.20755652e-01  4.40199986e-01  4.54554071e-01
   4.64380860e-01  4.70822810e-01  4.74943109e-01  4.75304913e-01
   2.25994475e-01  2.19837834e-01  2.15540033e-01  2.12367483e-01
   2.09979021e-01  2.08134416e-01  2.06672686e-01  2.05495106e-01
   2.04539470e-01  2.03759321e-01  2.03119142e-01  2.02591564e-01
   2.02154358e-01  2.01795112e-01  2.01529306e-01  1.62839882e-01
   9.50883726e-02  4.98186998e-02  2.72374990e-02  1.63085078e-02
   1.04146937e-02  6.96399046e-03  4.81731420e-03  3.42159115e-03
   2.49396792e-03  1.86118998e-03  1.42129444e-03  1.11111596e-03
   8.89323238e-04  7.28717997e-04  6.11526848e-04  5.24512146e-04
   4.58591890e-04  4.07984875e-04  3.68301365e-04  3.37217329e-04
   3.12838499e-04  2.93654270e-04  2.78611367e-04  2.66701356e-04
   2.57080346e-04  2.49722525e-04  2.43686064e-04  2.38477429e-04
   2.34257811e-04  4.86945517e-03  1.36730288e+01  4.28561093e+01
   7.80942958e+01  1.13575679e+02  1.47536351e+02  1.78816723e+02
   2.06770137e+02  2.31263699e+02  2.52475557e+02  2.70678009e+02
   2.86196636e+02  2.99365479e+02  3.10499896e+02  3.19887169e+02
   3.27788520e+02  3.34425180e+02  3.39993804e+02  3.44656989e+02
   3.48551463e+02  3.51800442e+02  3.54501914e+02  3.56746717e+02
   3.58610835e+02  3.60155534e+02  3.61433698e+02  3.62490676e+02
   3.63360459e+02  3.64076538e+02  3.64659878e+02  3.65134578e+02
   3.65513040e+02  3.65815129e+02  3.66056313e+02  3.66236957e+02
   3.66375756e+02  3.66480222e+02  3.66549851e+02  3.66597826e+02]
 [ 2.00000000e-01  2.61817775e-01  2.94215462e-01  3.27722956e-01
   3.65592126e-01  4.07767750e-01  4.51287479e-01  4.91158072e-01
   5.23295169e-01  5.46114979e-01  5.60813110e-01  5.69452939e-01
   5.74430653e-01  5.77225842e-01  5.79140945e-01  5.78524009e-01
   2.52492239e-01  2.39450437e-01  2.30709551e-01  2.24309174e-01
   2.19524840e-01  2.15856716e-01  2.12970729e-01  2.10659741e-01
   2.08793846e-01  2.07276376e-01  2.06034849e-01  2.05014006e-01
   2.04169277e-01  2.03473295e-01  2.02973620e-01  1.66165882e-01
   9.68341801e-02  5.06336697e-02  2.76665750e-02  1.65364893e-02
   1.05562436e-02  7.05442072e-03  4.87920147e-03  3.46454182e-03
   2.52496739e-03  1.88432458e-03  1.43872425e-03  1.12471624e-03
   9.00262474e-04  7.37660511e-04  6.19020167e-04  5.30955373e-04
   4.64253090e-04  4.13042670e-04  3.72880757e-04  3.41416664e-04
   3.16743058e-04  2.97329484e-04  2.82109671e-04  2.70058743e-04
   2.60322394e-04  2.52876766e-04  2.46766435e-04  2.41492070e-04
   2.37230809e-04 -4.81431521e-03 -1.36726685e+01 -4.26653222e+01
  -7.72047389e+01 -1.11759928e+02 -1.44762504e+02 -1.75195760e+02
  -2.02497958e+02 -2.26553956e+02 -2.47519856e+02 -2.65635770e+02
  -2.81192745e+02 -2.94493129e+02 -3.05825620e+02 -3.15455951e+02
  -3.23628432e+02 -3.30550952e+02 -3.36411471e+02 -3.41364441e+02
  -3.45542577e+02 -3.49063668e+02 -3.52023441e+02 -3.54510218e+02
  -3.56598068e+02 -3.58347149e+02 -3.59809786e+02 -3.61031025e+02
  -3.62045699e+02 -3.62888893e+02 -3.63583538e+02 -3.64156272e+02
  -3.64621999e+02 -3.64999448e+02 -3.65306273e+02 -3.65542728e+02
  -3.65728943e+02 -3.65873292e+02 -3.65975994e+02 -3.66051194e+02]
 [ 2.00000000e-01  2.90302866e-01  3.42703642e-01  3.97867934e-01
   4.58247595e-01  5.19490624e-01  5.72790459e-01  6.11673042e-01
   6.35976070e-01  6.49721663e-01  6.57006719e-01  6.60859251e-01
   6.63120929e-01  6.64389494e-01  6.65284206e-01  6.64581066e-01
   2.92510229e-01  2.67989350e-01  2.52591746e-01  2.41382434e-01
   2.33051918e-01  2.26711379e-01  2.21767294e-01  2.17836170e-01
   2.14681825e-01  2.12129670e-01  2.10050168e-01  2.08345914e-01
   2.06938940e-01  2.05780493e-01  2.04949375e-01  1.68906449e-01
   9.86871818e-02  5.15977626e-02  2.80920697e-02  1.67966671e-02
   1.07089404e-02  7.15378683e-03  4.94620769e-03  3.51175179e-03
   2.55874808e-03  1.90972759e-03  1.45802671e-03  1.13968360e-03
   9.12389000e-04  7.47681334e-04  6.27451995e-04  5.38209500e-04
   4.70648751e-04  4.18796856e-04  3.78136814e-04  3.46263599e-04
   3.21264946e-04  3.01600271e-04  2.86193538e-04  2.74000572e-04
   2.64150892e-04  2.56622201e-04  2.50442058e-04  2.45103343e-04
   2.40797653e-04  4.48898408e-03  7.11703101e+00  2.69230897e+01
   5.16221188e+01  7.64067444e+01  1.00169162e+02  1.22188835e+02
   1.42058004e+02  1.59677709e+02  1.75136734e+02  1.88583316e+02
   2.00204792e+02  2.10201453e+02  2.18768098e+02  2.26087112e+02
   2.32329027e+02  2.37640106e+02  2.42156006e+02  2.45987338e+02
   2.49232139e+02  2.51975523e+02  2.54288849e+02  2.56237429e+02
   2.57876710e+02  2.59252263e+02  2.60403758e+02  2.61365400e+02
   2.62164252e+02  2.62827207e+02  2.63372401e+02  2.63820217e+02
   2.64182598e+02  2.64473950e+02  2.64708144e+02  2.64885708e+02
   2.65022321e+02  2.65124672e+02  2.65193192e+02  2.65238999e+02]
 [ 2.00000000e-01  3.24322981e-01  4.03842484e-01  4.86245600e-01
   5.68148405e-01  6.36729158e-01  6.82866696e-01  7.08741719e-01
   7.21847735e-01  7.28476509e-01  7.31831645e-01  7.33662347e-01
   7.34810818e-01  7.35476408e-01  7.35906977e-01  7.35342439e-01
   3.51506020e-01  3.08363214e-01  2.83350129e-01  2.65155354e-01
   2.51692235e-01  2.41516506e-01  2.33666687e-01  2.27476822e-01
   2.22545702e-01  2.18582525e-01  2.15370790e-01  2.12750296e-01
   2.10593908e-01  2.08822689e-01  2.07540201e-01  1.72904580e-01
   1.00998477e-01  5.26037469e-02  2.85956050e-02  1.70817852e-02
   1.08772837e-02  7.26619392e-03  5.02036870e-03  3.56480015e-03
   2.59613699e-03  1.93783042e-03  1.47967403e-03  1.15628167e-03
   9.25842820e-04  7.58931762e-04  6.36957926e-04  5.46362495e-04
   4.77824378e-04  4.25276345e-04  3.84100062e-04  3.51794926e-04
   3.26436097e-04  3.06488637e-04  2.90872464e-04  2.78528865e-04
   2.68564083e-04  2.60952043e-04  2.54703339e-04  2.49299246e-04
   2.44943978e-04 -4.02686989e-03 -7.09050710e+00 -2.65593047e+01
  -5.06387447e+01 -7.47223573e+01 -9.77829177e+01 -1.19157746e+02
  -1.38474690e+02 -1.55642307e+02 -1.70740716e+02 -1.83905531e+02
  -1.95310247e+02 -2.05141811e+02 -2.13583440e+02 -2.20807967e+02
  -2.26978213e+02 -2.32234507e+02 -2.36708388e+02 -2.40507341e+02
  -2.43727782e+02 -2.46452592e+02 -2.48752154e+02 -2.50690206e+02
  -2.52321470e+02 -2.53690937e+02 -2.54837746e+02 -2.55795664e+02
  -2.56591558e+02 -2.57252051e+02 -2.57795264e+02 -2.58241514e+02
  -2.58602795e+02 -2.58893243e+02 -2.59126730e+02 -2.59303752e+02
  -2.59439907e+02 -2.59541859e+02 -2.59610070e+02 -2.59655589e+02]
 [ 2.00000000e-01  3.65115631e-01  4.79577279e-01  5.89446565e-01
   6.79386979e-01  7.36266229e-01  7.65149245e-01  7.78643708e-01
   7.85073796e-01  7.88434428e-01  7.90251209e-01  7.91291727e-01
   7.91945500e-01  7.92324387e-01  7.92559753e-01  7.92153501e-01
   4.34413024e-01  3.64516874e-01  3.26141979e-01  2.98015178e-01
   2.77191433e-01  2.61543700e-01  2.49602917e-01  2.40276563e-01
   2.32907045e-01  2.27032576e-01  2.22304177e-01  2.18468020e-01
   2.15324689e-01  2.12752817e-01  2.10871329e-01  1.77169030e-01
   1.03368322e-01  5.37367180e-02  2.91924102e-02  1.73902268e-02
   1.10675464e-02  7.38996400e-03  5.10206966e-03  3.62293936e-03
   2.63840236e-03  1.96814438e-03  1.50424450e-03  1.17502908e-03
   9.40496734e-04  7.71559324e-04  6.47823618e-04  5.55590647e-04
   4.85808506e-04  4.32489569e-04  3.90841977e-04  3.58165409e-04
   3.32404168e-04  3.12107324e-04  2.96214251e-04  2.83698991e-04
   2.73621889e-04  2.65922135e-04  2.59609331e-04  2.54138295e-04
   2.49720722e-04  1.08170844e-03  9.93156398e-01  1.15813500e+01
   2.64638962e+01  4.15418555e+01  5.61302108e+01  6.97752155e+01
   8.22081742e+01  9.33443667e+01  1.03212537e+02  1.11879091e+02
   1.19438108e+02  1.25996313e+02  1.31661101e+02  1.36536144e+02
   1.40721165e+02  1.44302772e+02  1.47364600e+02  1.49974346e+02
   1.52194770e+02  1.54078729e+02  1.55672512e+02  1.57017761e+02
   1.58150852e+02  1.59102118e+02  1.59897907e+02  1.60561005e+02
   1.61109969e+02  1.61562804e+02  1.61932276e+02  1.62232396e+02
   1.62471734e+02  1.62659933e+02  1.62806752e+02  1.62912785e+02
   1.62988882e+02  1.63039809e+02  1.63066100e+02  1.63075516e+02]
 [ 2.00000000e-01  4.13686516e-01  5.68877140e-01  6.94402144e-01
   7.70579212e-01  8.06370384e-01  8.21415179e-01  8.28332666e-01
   8.31880876e-01  8.33879393e-01  8.35022439e-01  8.35689280e-01
   8.36100947e-01  8.36336488e-01  8.36480914e-01  8.36206583e-01
   5.38823474e-01  4.40458145e-01  3.85006876e-01  3.43419700e-01
   3.12189755e-01  2.88772110e-01  2.71031020e-01  2.57311441e-01
   2.46569859e-01  2.38088743e-01  2.31317076e-01  2.25860699e-01
   2.21413770e-01  2.17795893e-01  2.15126088e-01  1.82263975e-01
   1.06209784e-01  5.50641054e-02  2.98348488e-02  1.77428997e-02
   1.12849571e-02  7.52763341e-03  5.19577616e-03  3.68701015e-03
   2.68687592e-03  2.00221705e-03  1.53128604e-03  1.19692896e-03
   9.57019157e-04  7.85430173e-04  6.60104973e-04  5.66393200e-04
   4.95105857e-04  4.40650717e-04  3.98306451e-04  3.65457194e-04
   3.39529576e-04  3.18925442e-04  3.02579665e-04  2.89709127e-04
   2.79418918e-04  2.71503785e-04  2.65107343e-04  2.59643412e-04
   2.55172061e-04 -6.07381564e-04 -1.00395007e+00 -1.15801830e+01
  -2.62289429e+01 -4.10169417e+01 -5.53017084e+01 -6.86588977e+01
  -8.08389610e+01 -9.17622393e+01 -1.01454982e+02 -1.09979564e+02
  -1.17425374e+02 -1.23894115e+02 -1.29488538e+02 -1.34308317e+02
  -1.38449772e+02 -1.41996862e+02 -1.45031114e+02 -1.47618744e+02
  -1.49821544e+02 -1.51691483e+02 -1.53274278e+02 -1.54610712e+02
  -1.55736722e+02 -1.56682240e+02 -1.57473343e+02 -1.58132654e+02
  -1.58678553e+02 -1.59128776e+02 -1.59496041e+02 -1.59794303e+02
  -1.60032120e+02 -1.60219069e+02 -1.60364874e+02 -1.60470087e+02
  -1.60545515e+02 -1.60595894e+02 -1.60621742e+02 -1.60630777e+02]
 [ 2.00000000e-01  4.69827711e-01  6.64545538e-01  7.81933741e-01
   8.31904533e-01  8.51426641e-01  8.59526790e-01  8.63644281e-01
   8.65940376e-01  8.67286273e-01  8.68072288e-01  8.68533672e-01
   8.68815137e-01  8.68973949e-01  8.69069753e-01  8.68895218e-01
   6.49606122e-01  5.36369495e-01  4.63542251e-01  4.05614905e-01
   3.60467144e-01  3.26169211e-01  3.00190638e-01  2.80254900e-01
   2.64781142e-01  2.52686694e-01  2.43120257e-01  2.35473581e-01
   2.29281951e-01  2.24283907e-01  2.20572840e-01  1.88363857e-01
   1.09508885e-01  5.65900396e-02  3.05796779e-02  1.81525780e-02
   1.15344920e-02  7.68472806e-03  5.30379267e-03  3.75989240e-03
   2.74212493e-03  2.04181760e-03  1.56118207e-03  1.22204969e-03
   9.76362084e-04  8.00816475e-04  6.73671528e-04  5.78825953e-04
   5.06149939e-04  4.50249457e-04  4.06700682e-04  3.73371569e-04
   3.47356948e-04  3.26652771e-04  3.10036932e-04  2.96794053e-04
   2.86170242e-04  2.77942651e-04  2.71333808e-04  2.65835988e-04
   2.61361760e-04  3.35271679e-04  6.20961550e-03  5.73102058e-01
   5.68424506e+00  1.13643890e+01  1.71289389e+01  2.27214352e+01
   2.79689685e+01  3.27886193e+01  3.71563447e+01  4.10699428e+01
   4.45457273e+01  4.76113918e+01  5.02990360e+01  5.26431769e+01
   5.46799602e+01  5.64414470e+01  5.79620386e+01  5.92684070e+01
   6.03880716e+01  6.13429128e+01  6.21537509e+01  6.28389572e+01
   6.34153833e+01  6.38975752e+01  6.42982099e+01  6.46284019e+01
   6.48975976e+01  6.51144402e+01  6.52857552e+01  6.54186452e+01
   6.55178158e+01  6.55881635e+01  6.56348721e+01  6.56585400e+01
   6.56648262e+01  6.56563640e+01  6.56336623e+01  6.56008569e+01]
 [ 2.00000000e-01  5.30446206e-01  7.52191639e-01  8.40132151e-01
   8.68580001e-01  8.79793311e-01  8.85004544e-01  8.87887689e-01
   8.89555977e-01  8.90545273e-01  8.91125520e-01  8.91466948e-01
   8.91673125e-01  8.91787470e-01  8.91854787e-01  8.91750869e-01
   7.46391733e-01  6.42925085e-01  5.60943943e-01  4.87753242e-01
   4.26450193e-01  3.77835680e-01  3.40379185e-01  3.11646936e-01
   2.89461133e-01  2.72254108e-01  2.58785394e-01  2.48120812e-01
   2.39553048e-01  2.32700564e-01  2.27599135e-01  1.95795294e-01
   1.13441841e-01  5.83910484e-02  3.14548096e-02  1.86342862e-02
   1.18249787e-02  7.86836337e-03  5.42967876e-03  3.84497199e-03
   2.80552675e-03  2.08852261e-03  1.59521302e-03  1.25059590e-03
   9.99240332e-04  8.18480989e-04  6.88777618e-04  5.92809417e-04
   5.19023742e-04  4.61662288e-04  4.16536135e-04  3.82091972e-04
   3.55668035e-04  3.34919624e-04  3.18367902e-04  3.04961099e-04
   2.94034092e-04  2.85588906e-04  2.78701923e-04  2.73009075e-04
   2.68500382e-04  1.10841349e-04 -6.08571059e-03 -5.94326392e-01
  -5.80007054e+00 -1.14980206e+01 -1.72364751e+01 -2.27858961e+01
  -2.79915963e+01 -3.27774720e+01 -3.71207327e+01 -4.10196526e+01
  -4.44904156e+01 -4.75597930e+01 -5.02586974e+01 -5.26204649e+01
  -5.46800746e+01 -5.64687338e+01 -5.80199298e+01 -5.93597768e+01
  -6.05153033e+01 -6.15081797e+01 -6.23589657e+01 -6.30856701e+01
  -6.37048296e+01 -6.42306642e+01 -6.46757199e+01 -6.50510610e+01
  -6.53660122e+01 -6.56291319e+01 -6.58471917e+01 -6.60271101e+01
  -6.61735552e+01 -6.62914862e+01 -6.63860120e+01 -6.64577091e+01
  -6.65121986e+01 -6.65520829e+01 -6.65778427e+01 -6.65935809e+01]
 [ 2.00000000e-01  5.83911330e-01  8.15177485e-01  8.70958117e-01
   8.88776358e-01  8.96433516e-01  9.00434500e-01  9.02712080e-01
   9.04037638e-01  9.04819396e-01  9.05271864e-01  9.05532602e-01
   9.05682983e-01  9.05758669e-01  9.05796288e-01  9.05730930e-01
   8.16902780e-01  7.41127548e-01  6.65401943e-01  5.86331784e-01
   5.11616231e-01  4.47286401e-01  3.95242245e-01  3.54578264e-01
   3.23069410e-01  2.98640843e-01  2.79685042e-01  2.64830325e-01
   2.53011181e-01  2.43635231e-01  2.36666921e-01  2.04897401e-01
   1.18165481e-01  6.05320934e-02  3.24953155e-02  1.92045531e-02
   1.21666396e-02  8.08527816e-03  5.57698758e-03  3.94533158e-03
   2.87865151e-03  2.14340536e-03  1.63472015e-03  1.28281266e-03
   1.02590447e-03  8.39048957e-04  7.05761458e-04  6.08200780e-04
   5.33418495e-04  4.74740354e-04  4.27951902e-04  3.91849097e-04
   3.64503278e-04  3.43473468e-04  3.27068832e-04  3.13648290e-04
   3.02497782e-04  2.93973067e-04  2.86824822e-04  2.80755549e-04
   2.76030868e-04  1.87557759e-04  9.43575748e-05 -7.65012259e-05
  -2.99397670e-04 -5.53768584e-04 -8.19627915e-04 -1.08239103e-03
  -1.33233159e-03 -1.56433795e-03 -1.77643190e-03 -1.96790477e-03
  -2.13916335e-03 -2.29126606e-03 -2.42554405e-03 -2.54352061e-03
  -2.64685626e-03 -2.73701135e-03 -2.81562001e-03 -2.88389687e-03
  -2.94315467e-03 -2.99443856e-03 -3.03874947e-03 -3.07697190e-03
  -3.10990786e-03 -3.13825294e-03 -3.16262403e-03 -3.18356397e-03
  -3.20153315e-03 -3.21695248e-03 -3.23015536e-03 -3.24147335e-03
  -3.25113507e-03 -3.25939012e-03 -3.26648732e-03 -3.27245835e-03
  -3.27757907e-03 -3.28197780e-03 -3.28567810e-03 -3.28888239e-03]]
00:00:00.17 State variable yB: [[ 8.00000000e-01  7.82531317e-01  7.74977641e-01  7.67729147e-01
   7.59439490e-01  7.50427038e-01  7.39909699e-01  7.28024353e-01
   7.15151698e-01  7.01594252e-01  6.88013922e-01  6.75093341e-01
   6.63611635e-01  6.54480224e-01  6.47290655e-01  6.44554404e-01
   7.90699268e-01  7.92818997e-01  7.94336055e-01  7.95467599e-01
   7.96327918e-01  7.96997801e-01  7.97532108e-01  7.97964831e-01
   7.98317456e-01  7.98606156e-01  7.98843557e-01  7.99039482e-01
   7.99201962e-01  7.99333366e-01  7.99455736e-01  8.39375135e-01
   9.06399232e-01  9.50907927e-01  9.73121535e-01  9.83893708e-01
   9.89708484e-01  9.93115751e-01  9.95236650e-01  9.96615913e-01
   9.97533223e-01  9.98158842e-01  9.98593843e-01  9.98900677e-01
   9.99120047e-01  9.99278892e-01  9.99394818e-01  9.99480905e-01
   9.99546120e-01  9.99596178e-01  9.99635423e-01  9.99666161e-01
   9.99690266e-01  9.99709232e-01  9.99724100e-01  9.99735867e-01
   9.99745367e-01  9.99752627e-01  9.99758579e-01  9.99763687e-01
   9.99770794e-01  9.99725356e-01  9.82439481e-01  9.84706765e-01
   9.86835280e-01  9.87507659e-01  9.87276809e-01  9.86438226e-01
   9.85069615e-01  9.83194398e-01  9.80824417e-01  9.77956665e-01
   9.74571169e-01  9.70637603e-01  9.66138553e-01  9.61070289e-01
   9.55441751e-01  9.49285498e-01  9.42648165e-01  9.35619410e-01
   9.28293376e-01  9.20764015e-01  9.13118331e-01  9.05397015e-01
   8.97637883e-01  8.89856500e-01  8.82085384e-01  8.74355243e-01
   8.66704347e-01  8.59218377e-01  8.51945232e-01  8.44931956e-01
   8.38203084e-01  8.31585670e-01  8.25108072e-01  8.18781299e-01
   8.12571535e-01  8.06484300e-01  8.00562128e-01  7.94784358e-01]
 [ 8.00000000e-01  7.62172822e-01  7.44232605e-01  7.26289962e-01
   7.05960435e-01  6.82900397e-01  6.56942946e-01  6.29743855e-01
   6.03058892e-01  5.79244347e-01  5.59800013e-01  5.45445930e-01
   5.35619164e-01  5.29177283e-01  5.25057098e-01  5.24695368e-01
   7.74005526e-01  7.80162165e-01  7.84459967e-01  7.87632517e-01
   7.90020979e-01  7.91865584e-01  7.93327314e-01  7.94504894e-01
   7.95460530e-01  7.96240679e-01  7.96880858e-01  7.97408436e-01
   7.97845642e-01  7.98204889e-01  7.98470802e-01  8.37107363e-01
   9.04907228e-01  9.50180531e-01  9.72762289e-01  9.83691333e-01
   9.89585323e-01  9.93036013e-01  9.95182696e-01  9.96578394e-01
   9.97506034e-01  9.98138809e-01  9.98578702e-01  9.98888884e-01
   9.99110678e-01  9.99271282e-01  9.99388474e-01  9.99475494e-01
   9.99541419e-01  9.99592027e-01  9.99631709e-01  9.99662789e-01
   9.99687166e-01  9.99706349e-01  9.99721391e-01  9.99733302e-01
   9.99742923e-01  9.99750281e-01  9.99756318e-01  9.99761526e-01
   9.99770173e-01  9.65573446e-01 -1.46823729e+01 -4.38433962e+01
  -7.90770329e+01 -1.14554812e+02 -1.48512048e+02 -1.79789261e+02
  -2.07739865e+02 -2.32230973e+02 -2.53440693e+02 -2.71641297e+02
  -2.87158346e+02 -3.00325841e+02 -3.11459112e+02 -3.20845411e+02
  -3.28745936e+02 -3.35381897e+02 -3.40949930e+02 -3.45612625e+02
  -3.49506703e+02 -3.52755379e+02 -3.55456637e+02 -3.57701294e+02
  -3.59565306e+02 -3.61109904e+02 -3.62387939e+02 -3.63444720e+02
  -3.64314221e+02 -3.65029947e+02 -3.65612875e+02 -3.66087192e+02
  -3.66465354e+02 -3.66767234e+02 -3.67008344e+02 -3.67188916e+02
  -3.67327701e+02 -3.67432194e+02 -3.67501848e+02 -3.67549845e+02]
 [ 8.00000000e-01  7.38182225e-01  7.05784538e-01  6.72277044e-01
   6.34407874e-01  5.92232251e-01  5.48712521e-01  5.08841928e-01
   4.76704830e-01  4.53885020e-01  4.39186890e-01  4.30547060e-01
   4.25569349e-01  4.22774167e-01  4.20859077e-01  4.21476033e-01
   7.47507766e-01  7.60549563e-01  7.69290449e-01  7.75690826e-01
   7.80475160e-01  7.84143284e-01  7.87029271e-01  7.89340259e-01
   7.91206154e-01  7.92723624e-01  7.93965151e-01  7.94985994e-01
   7.95830723e-01  7.96526706e-01  7.97026092e-01  8.33987388e-01
   9.03165007e-01  9.49360118e-01  9.72338061e-01  9.83462539e-01
   9.89444024e-01  9.92945378e-01  9.95120892e-01  9.96535479e-01
   9.97475026e-01  9.98115756e-01  9.98561268e-01  9.98875270e-01
   9.99099754e-01  9.99262346e-01  9.99380980e-01  9.99469054e-01
   9.99535769e-01  9.99586981e-01  9.99627136e-01  9.99658589e-01
   9.99683256e-01  9.99702668e-01  9.99717891e-01  9.99729944e-01
   9.99739680e-01  9.99747129e-01  9.99753242e-01  9.99758516e-01
   9.99762802e-01  1.03404003e+00  1.66997752e+01  4.56921758e+01
   8.02312838e+01  1.14786131e+02  1.47788358e+02  1.78221287e+02
   2.05523189e+02  2.29578922e+02  2.50544589e+02  2.68660300e+02
   2.84217099e+02  2.97517332e+02  3.08849694e+02  3.18479914e+02
   3.26652299e+02  3.33574737e+02  3.39435186e+02  3.44388096e+02
   3.48566180e+02  3.52087229e+02  3.55046967e+02  3.57533714e+02
   3.59621538e+02  3.61370598e+02  3.62833218e+02  3.64054442e+02
   3.65069102e+02  3.65912285e+02  3.66606921e+02  3.67179647e+02
   3.67645368e+02  3.68022812e+02  3.68329632e+02  3.68566084e+02
   3.68752296e+02  3.68896641e+02  3.68999342e+02  3.69074540e+02]
 [ 8.00000000e-01  7.09697134e-01  6.57296358e-01  6.02132066e-01
   5.41752405e-01  4.80509377e-01  4.27209542e-01  3.88326959e-01
   3.64023931e-01  3.50278338e-01  3.42993281e-01  3.39140749e-01
   3.36879072e-01  3.35610507e-01  3.34715796e-01  3.35418939e-01
   7.07489790e-01  7.32010650e-01  7.47408254e-01  7.58617566e-01
   7.66948082e-01  7.73288622e-01  7.78232706e-01  7.82163830e-01
   7.85318175e-01  7.87870330e-01  7.89949832e-01  7.91654086e-01
   7.93061060e-01  7.94219508e-01  7.95050875e-01  8.30968022e-01
   9.01286250e-01  9.48418132e-01  9.71897034e-01  9.83206245e-01
   9.89290663e-01  9.92846299e-01  9.95053697e-01  9.96488456e-01
   9.97441073e-01  9.98090346e-01  9.98542034e-01  9.98860220e-01
   9.99087600e-01  9.99252364e-01  9.99372567e-01  9.99461762e-01
   9.99529311e-01  9.99581184e-01  9.99621877e-01  9.99653763e-01
   9.99678754e-01  9.99698405e-01  9.99713802e-01  9.99725995e-01
   9.99735849e-01  9.99743379e-01  9.99749560e-01  9.99754899e-01
   9.99759204e-01  9.86644770e-01 -7.32937770e+00 -2.71360138e+01
  -5.18356108e+01 -7.66207699e+01 -1.00383671e+02 -1.22403772e+02
  -1.42273309e+02 -1.59893326e+02 -1.75352613e+02 -1.88799413e+02
  -2.00421071e+02 -2.10417883e+02 -2.18984655e+02 -2.26303775e+02
  -2.32545782e+02 -2.37856938e+02 -2.42372904e+02 -2.46204292e+02
  -2.49449139e+02 -2.52192560e+02 -2.54505915e+02 -2.56454518e+02
  -2.58093819e+02 -2.59469388e+02 -2.60620896e+02 -2.61582549e+02
  -2.62381411e+02 -2.63044373e+02 -2.63589573e+02 -2.64037395e+02
  -2.64399780e+02 -2.64691135e+02 -2.64925332e+02 -2.65102898e+02
  -2.65239513e+02 -2.65341865e+02 -2.65410387e+02 -2.65456195e+02]
 [ 8.00000000e-01  6.75677019e-01  5.96157516e-01  5.13754400e-01
   4.31851595e-01  3.63270843e-01  3.17133305e-01  2.91258282e-01
   2.78152267e-01  2.71523492e-01  2.68168356e-01  2.66337654e-01
   2.65189183e-01  2.64523593e-01  2.64093024e-01  2.64657562e-01
   6.48494032e-01  6.91636786e-01  7.16649871e-01  7.34844646e-01
   7.48307765e-01  7.58483494e-01  7.66333313e-01  7.72523178e-01
   7.77454298e-01  7.81417475e-01  7.84629210e-01  7.87249704e-01
   7.89406092e-01  7.91177312e-01  7.92459666e-01  8.27117703e-01
   8.99050017e-01  9.47394281e-01  9.71396612e-01  9.82921272e-01
   9.89121208e-01  9.92734972e-01  9.94979202e-01  9.96435799e-01
   9.97403623e-01  9.98062127e-01  9.98520560e-01  9.98843606e-01
   9.99074055e-01  9.99241145e-01  9.99363133e-01  9.99453632e-01
   9.99522098e-01  9.99574652e-01  9.99615887e-01  9.99648249e-01
   9.99673621e-01  9.99693555e-01  9.99709142e-01  9.99721469e-01
   9.99731431e-01  9.99739035e-01  9.99745287e-01  9.99750700e-01
   9.99755055e-01  1.01233180e+00  9.26959791e+00  2.87381610e+01
   5.28173202e+01  7.69006224e+01  9.99608659e+01  1.21335395e+02
   1.40652062e+02  1.57819424e+02  1.72917605e+02  1.86082216e+02
   1.97486752e+02  2.07318159e+02  2.15759652e+02  2.22984062e+02
   2.29154209e+02  2.34410418e+02  2.38884227e+02  2.42683118e+02
   2.45903506e+02  2.48628271e+02  2.50927794e+02  2.52865813e+02
   2.54497048e+02  2.55866490e+02  2.57013279e+02  2.57971179e+02
   2.58767058e+02  2.59427539e+02  2.59970740e+02  2.60416981e+02
   2.60778254e+02  2.61068696e+02  2.61302177e+02  2.61479195e+02
   2.61615346e+02  2.61717295e+02  2.61785502e+02  2.61831018e+02]
 [ 8.00000000e-01  6.34884368e-01  5.20422721e-01  4.10553435e-01
   3.20613021e-01  2.63733771e-01  2.34850756e-01  2.21356293e-01
   2.14926205e-01  2.11565573e-01  2.09748792e-01  2.08708274e-01
   2.08054501e-01  2.07675614e-01  2.07440248e-01  2.07846500e-01
   5.65587086e-01  6.35483129e-01  6.73858021e-01  7.01984822e-01
   7.22808567e-01  7.38456301e-01  7.50397084e-01  7.59723437e-01
   7.67092955e-01  7.72967424e-01  7.77695824e-01  7.81531980e-01
   7.84675311e-01  7.87247183e-01  7.89128744e-01  8.22836748e-01
   8.96631437e-01  9.46247919e-01  9.70819076e-01  9.82607961e-01
   9.88931517e-01  9.92611359e-01  9.94896963e-01  9.96377474e-01
   9.97361731e-01  9.98031228e-01  9.98496322e-01  9.98825049e-01
   9.99059143e-01  9.99228515e-01  9.99352455e-01  9.99444580e-01
   9.99514172e-01  9.99567415e-01  9.99609101e-01  9.99641891e-01
   9.99667709e-01  9.99688011e-01  9.99703859e-01  9.99716333e-01
   9.99726385e-01  9.99734050e-01  9.99740352e-01  9.99745835e-01
   9.99750254e-01  9.98175664e-01 -7.59142690e-01 -1.13482243e+01
  -2.62313449e+01 -4.13098521e+01 -5.58987086e+01 -6.95441492e+01
  -8.19774833e+01 -9.31139982e+01 -1.02982444e+02 -1.11649231e+02
  -1.19208445e+02 -1.25766814e+02 -1.31431740e+02 -1.36306896e+02
  -1.40492012e+02 -1.44073696e+02 -1.47135588e+02 -1.49745386e+02
  -1.51965854e+02 -1.53849849e+02 -1.55443661e+02 -1.56788935e+02
  -1.57922046e+02 -1.58873329e+02 -1.59669132e+02 -1.60332241e+02
  -1.60881215e+02 -1.61334056e+02 -1.61703535e+02 -1.62003660e+02
  -1.62243002e+02 -1.62431204e+02 -1.62578027e+02 -1.62684062e+02
  -1.62760160e+02 -1.62811089e+02 -1.62837381e+02 -1.62846798e+02]
 [ 8.00000000e-01  5.86313484e-01  4.31122860e-01  3.05597856e-01
   2.29420788e-01  1.93629616e-01  1.78584821e-01  1.71667334e-01
   1.68119124e-01  1.66120608e-01  1.64977562e-01  1.64310721e-01
   1.63899054e-01  1.63663512e-01  1.63519086e-01  1.63793418e-01
   4.61176701e-01  5.59541865e-01  6.14993123e-01  6.56580300e-01
   6.87810245e-01  7.11227890e-01  7.28968980e-01  7.42688559e-01
   7.53430141e-01  7.61911257e-01  7.68682924e-01  7.74139301e-01
   7.78586230e-01  7.82204107e-01  7.84873841e-01  8.17738597e-01
   8.93787707e-01  9.44928510e-01  9.70175495e-01  9.82252365e-01
   9.88715834e-01  9.92472562e-01  9.94803685e-01  9.96312402e-01
   9.97314005e-01  9.97996640e-01  9.98469145e-01  9.98803747e-01
   9.99042464e-01  9.99214387e-01  9.99340236e-01  9.99434031e-01
   9.99505005e-01  9.99559203e-01  9.99601497e-01  9.99634642e-01
   9.99660821e-01  9.99681499e-01  9.99697714e-01  9.99710426e-01
   9.99720608e-01  9.99728389e-01  9.99734743e-01  9.99740254e-01
   9.99744733e-01  1.00114218e+00  2.75236206e+00  1.33200084e+01
   2.79672343e+01  4.27549436e+01  5.70394231e+01  7.03963319e+01
   8.25761299e+01  9.34991636e+01  1.03191684e+02  1.11716069e+02
   1.19161701e+02  1.25630287e+02  1.31224574e+02  1.36044234e+02
   1.40185586e+02  1.43732588e+02  1.46766764e+02  1.49354327e+02
   1.51557071e+02  1.53426961e+02  1.55009713e+02  1.56346111e+02
   1.57472089e+02  1.58417580e+02  1.59208660e+02  1.59867952e+02
   1.60413833e+02  1.60864042e+02  1.61231295e+02  1.61529547e+02
   1.61767355e+02  1.61954296e+02  1.62100094e+02  1.62205302e+02
   1.62280725e+02  1.62331100e+02  1.62356944e+02  1.62365976e+02]
 [ 8.00000000e-01  5.30172289e-01  3.35454462e-01  2.18066259e-01
   1.68095467e-01  1.48573359e-01  1.40473210e-01  1.36355719e-01
   1.34059624e-01  1.32713727e-01  1.31927713e-01  1.31466329e-01
   1.31184863e-01  1.31026052e-01  1.30930247e-01  1.31104782e-01
   3.50394090e-01  4.63630531e-01  5.36457749e-01  5.94385094e-01
   6.39532856e-01  6.73830789e-01  6.99809362e-01  7.19745100e-01
   7.35218858e-01  7.47313305e-01  7.56879743e-01  7.64526419e-01
   7.70718049e-01  7.75716093e-01  7.79427162e-01  8.11637753e-01
   8.90488201e-01  9.43408083e-01  9.69425936e-01  9.81842749e-01
   9.88467774e-01  9.92313860e-01  9.94696635e-01  9.96238348e-01
   9.97259542e-01  9.97957093e-01  9.98438508e-01  9.98779344e-01
   9.99023358e-01  9.99198487e-01  9.99326426e-01  9.99421954e-01
   9.99494484e-01  9.99549836e-01  9.99592885e-01  9.99626363e-01
   9.99652846e-01  9.99673897e-01  9.99690558e-01  9.99703616e-01
   9.99714000e-01  9.99721960e-01  9.99728365e-01  9.99733839e-01
   9.99738369e-01  9.99600274e-01  9.86371678e-01 -4.04667078e-01
  -5.65027498e+00 -1.13314908e+01 -1.70964372e+01 -2.26893360e+01
  -2.79373172e+01 -3.27573670e+01 -3.71254145e+01 -4.10392678e+01
  -4.45152596e+01 -4.75810976e+01 -5.02688891e+01 -5.26131566e+01
  -5.46500478e+01 -5.64116271e+01 -5.79322958e+01 -5.92387287e+01
  -6.03584456e+01 -6.13133294e+01 -6.21242021e+01 -6.28094367e+01
  -6.33858860e+01 -6.38680974e+01 -6.42687484e+01 -6.45989539e+01
  -6.48681608e+01 -6.50850127e+01 -6.52563353e+01 -6.53892316e+01
  -6.54884074e+01 -6.55587592e+01 -6.56054711e+01 -6.56291417e+01
  -6.56354301e+01 -6.56269696e+01 -6.56042693e+01 -6.55714651e+01]
 [ 8.00000000e-01  4.69553794e-01  2.47808361e-01  1.59867849e-01
   1.31419999e-01  1.20206689e-01  1.14995456e-01  1.12112311e-01
   1.10444023e-01  1.09454727e-01  1.08874480e-01  1.08533052e-01
   1.08326875e-01  1.08212530e-01  1.08145213e-01  1.08249131e-01
   2.53608463e-01  3.57074978e-01  4.39056062e-01  5.12246759e-01
   5.73549807e-01  6.22164320e-01  6.59620815e-01  6.88353064e-01
   7.10538867e-01  7.27745892e-01  7.41214606e-01  7.51879188e-01
   7.60446952e-01  7.67299437e-01  7.72400802e-01  8.04204600e-01
   8.86555463e-01  9.41610670e-01  9.68546362e-01  9.81362616e-01
   9.88177829e-01  9.92129011e-01  9.94571855e-01  9.96152504e-01
   9.97196285e-01  9.97911137e-01  9.98403305e-01  9.98751067e-01
   9.99001215e-01  9.99180290e-01  9.99310601e-01  9.99407943e-01
   9.99482189e-01  9.99538964e-01  9.99583048e-01  9.99616989e-01
   9.99643726e-01  9.99665077e-01  9.99682176e-01  9.99695693e-01
   9.99706427e-01  9.99714693e-01  9.99721251e-01  9.99726691e-01
   9.99731224e-01  9.99884733e-01  1.01282113e+00  2.40999495e+00
   7.74590164e+00  1.34440204e+01  1.91820323e+01  2.47310839e+01
   2.99365360e+01  3.47221953e+01  3.90652384e+01  4.29639433e+01
   4.64345064e+01  4.95037039e+01  5.22024492e+01  5.45640771e+01
   5.66235630e+01  5.84121128e+01  5.99632098e+01  6.13029688e+01
   6.24584163e+01  6.34512227e+01  6.43019469e+01  6.50285966e+01
   6.56477078e+01  6.61734994e+01  6.66185169e+01  6.69938238e+01
   6.73087443e+01  6.75718364e+01  6.77898712e+01  6.79697672e+01
   6.81161920e+01  6.82341045e+01  6.83286137e+01  6.84002956e+01
   6.84547713e+01  6.84946429e+01  6.85203912e+01  6.85361186e+01]
 [ 8.00000000e-01  4.16088670e-01  1.84822515e-01  1.29041883e-01
   1.11223642e-01  1.03566484e-01  9.95654995e-02  9.72879203e-02
   9.59623621e-02  9.51806036e-02  9.47281360e-02  9.44673985e-02
   9.43170172e-02  9.42413310e-02  9.42037119e-02  9.42690700e-02
   1.83097367e-01  2.58872571e-01  3.34598069e-01  4.13668219e-01
   4.88383770e-01  5.52713597e-01  6.04757754e-01  6.45421737e-01
   6.76930591e-01  7.01359157e-01  7.20314958e-01  7.35169675e-01
   7.46988819e-01  7.56364769e-01  7.63331430e-01  7.95102088e-01
   8.81833210e-01  9.39471421e-01  9.67502591e-01  9.80794353e-01
   9.87835864e-01  9.91911633e-01  9.94425363e-01  9.96052087e-01
   9.97122684e-01  9.97857466e-01  9.98362717e-01  9.98718457e-01
   9.98975538e-01  9.99159506e-01  9.99292670e-01  9.99392001e-01
   9.99468129e-01  9.99526602e-01  9.99572031e-01  9.99606652e-01
   9.99633675e-01  9.99655304e-01  9.99672849e-01  9.99686956e-01
   9.99698242e-01  9.99706993e-01  9.99713887e-01  9.99719433e-01
   9.99724037e-01  9.99816518e-01  9.99739450e-01  9.99659593e-01
   9.99595668e-01  9.99551460e-01  9.99522793e-01  9.99506125e-01
   9.99498778e-01  9.99498184e-01  9.99502376e-01  9.99509983e-01
   9.99520163e-01  9.99532228e-01  9.99545615e-01  9.99559912e-01
   9.99574829e-01  9.99590075e-01  9.99605487e-01  9.99620875e-01
   9.99636142e-01  9.99651184e-01  9.99665932e-01  9.99680313e-01
   9.99694298e-01  9.99707872e-01  9.99721009e-01  9.99733687e-01
   9.99745894e-01  9.99757594e-01  9.99768794e-01  9.99779539e-01
   9.99789845e-01  9.99799696e-01  9.99809112e-01  9.99818110e-01
   9.99826701e-01  9.99834897e-01  9.99842719e-01  9.99850177e-01]]
00:00:00.17 State variable velocity: yB
00:00:00.78 done
