Starting at 2022-06-20 16:04:10.694878
Args: ./test
00:00:00.01 time :[ 0.  1.  2.  3.  4.  5.  6.  7.  8.  9. 10. 11. 12. 13. 14. 15. 16. 17.
 18. 19. 20. 21. 22. 23. 24. 25. 26. 27. 28. 29. 30. 31. 32. 33. 34. 35.
 36. 37. 38. 39. 40. 41. 42. 43. 44. 45. 46. 47. 48. 49. 50. 51. 52. 53.
 54. 55. 56. 57. 58. 59. 60. 61. 62. 63. 64. 65. 66. 67. 68. 69. 70. 71.
 72. 73. 74. 75. 76. 77. 78. 79. 80. 81. 82. 83. 84. 85. 86. 87. 88. 89.
 90. 91. 92. 93. 94. 95. 96. 97. 98. 99.]
00:00:00.01 parameters: {'R': 8.314, 'nocomponents': 2, 'xnames': ['xA', 'xB'], 'ynames': ['yA', 'yB'], 'feed_yi': [0.2, 0.8], 'isomodel': 'Langmuir-Freundlich', 'bi': [0.0042, 0.0616], 'qsi': [2.5, 7.3], 'qs0': 7.3, 'ni': [1.006, 0.83], 'ki': [0.62, 0.197], 'Hi': [0, 0], 'mode': 1, 'bed': 1, 'N': 100, 'tstep': 1, 'adsorb': True, 'Ta': 293.15, 'D': 0.083, 'L': 1, 'product_tank_volume': 0.002, 'epsilon': 0.37, 'epsilonp': 0.35, 'rp': 0.0007, 'tauprime': 3.0, 'input_orifice': 2.2, 'output_orifice': 1.4, 'product_orifice': 0.475, 'blowdown_orifice': 2.8, 'vent_orifice': 1.0, 'feed_pressure': 3.5, 'PI': 100000.0, 'PL': 25000.0, 'PH': 350000.0, 'product_pressure': 2, 'rho_s': 1130, 'rho_w': 7800, 'Cpg': 30.7, 'Cpa': 30.7, 'Cps': 1339, 'Cpw': 502, 'mu': 1.72e-05, 'Dm': 1.6e-05, 'gamma': 1.4, 'Kz': 0.09, 'Kw': 16, 'hin': 8.6, 'hout': 2.5, 'eta': 0.72, 'area': 0.005410607947645022, 'volume': 0.005410607947645022, 'rin': 0.0415, 'rout': 0.2915, 'epst': 0.5873015873015873, 'epsb': 1.7027027027027026, 'cellsize': 0.01, 'deltaZ': 0.01, 'container_vol': 0.005410607947645022, 'vfeed': 1, 'norm_v0': 1, 'norm_t0': 1.0, 'norm_P0': 350000.0, 'norm_T0': 293, 'rho_g': 1.1898660666240475, 'Dp': 5.333333333333333e-06, 'lamda_pre': 0.5, 'lamda_blw': 0.5, 'lamda_eva': 0.5, 'tpre': 15, 'tads': 15, 'tblw': 30, 'teva': 40, 'norm_tpre': 15.0, 'norm_tads': 30.0, 'norm_tblw': 60.0, 'norm_tend': 100.0, 'DL': 0.00049}
00:00:00.01 State variable P: [[0.07142857 0.43667536 0.65831994 ... 0.0714289  0.07142884 0.07142684]
 [0.07142857 0.43643057 0.65816622 ... 0.07142935 0.0714292  0.07142321]
 [0.07142857 0.4361886  0.6580147  ... 0.07142979 0.07142956 0.07141957]
 ...
 [0.07142857 0.42535961 0.65213569 ... 0.0713883  0.07139464 0.07103612]
 [0.07142857 0.42535601 0.65213453 ... 0.07138838 0.07139471 0.07103621]
 [0.07142857 0.42535421 0.65213394 ... 0.07138841 0.07139474 0.07103625]]
00:00:00.01 State variable T: [[1.00051195 1.00051195 1.00051195 ... 1.00051195 1.00051195 1.00051195]
 [1.00051195 1.00051195 1.00051195 ... 1.00051195 1.00051195 1.00051195]
 [1.00051195 1.00051195 1.00051195 ... 1.00051195 1.00051195 1.00051195]
 ...
 [1.00051195 1.00051195 1.00051195 ... 1.00051195 1.00051195 1.00051195]
 [1.00051195 1.00051195 1.00051195 ... 1.00051195 1.00051195 1.00051195]
 [1.00051195 1.00051195 1.00051195 ... 1.00051195 1.00051195 1.00051195]]
00:00:00.01 State variable Tw: [[1. 1. 1. ... 1. 1. 1.]
 [1. 1. 1. ... 1. 1. 1.]
 [1. 1. 1. ... 1. 1. 1.]
 ...
 [1. 1. 1. ... 1. 1. 1.]
 [1. 1. 1. ... 1. 1. 1.]
 [1. 1. 1. ... 1. 1. 1.]]
00:00:00.01 State variable xA: [[6.94967024e-05 1.63538696e-04 3.30894408e-04 ... 3.40830555e-04
  3.41976121e-04 3.43024695e-04]
 [6.94967024e-05 1.64268974e-04 3.33821045e-04 ... 3.56243033e-04
  3.56241482e-04 3.56230121e-04]
 [6.94967024e-05 1.65010406e-04 3.36805375e-04 ... 3.30996222e-08
  3.30993907e-08 3.30976616e-08]
 ...
 [6.94967024e-05 3.05177006e-04 1.13870108e-03 ... 3.30789768e-08
  3.30802758e-08 3.30226218e-08]
 [6.94967024e-05 3.04788982e-04 1.14004275e-03 ... 3.30790279e-08
  3.30803176e-08 3.30226651e-08]
 [6.94967024e-05 3.04520741e-04 1.14055778e-03 ... 3.30790536e-08
  3.30803386e-08 3.30226868e-08]]
00:00:00.02 State variable xB: [[1.59356412e-02 2.13785262e-02 3.21513096e-02 ... 1.92447828e-03
  1.79636701e-03 1.67796375e-03]
 [1.59356412e-02 2.13592550e-02 3.21021381e-02 ... 5.08856498e-05
  4.34532193e-05 3.73498188e-05]
 [1.59356412e-02 2.13399436e-02 3.20524013e-02 ... 1.91702021e-02
  1.91612591e-02 1.91536370e-02]
 ...
 [1.59356412e-02 1.91435392e-02 2.11499021e-02 ... 1.92397919e-02
  1.92169243e-02 1.91880099e-02]
 [1.59356412e-02 1.91482417e-02 2.11329103e-02 ... 1.92398501e-02
  1.92169747e-02 1.91880551e-02]
 [1.59356412e-02 1.91515061e-02 2.11269226e-02 ... 1.92398673e-02
  1.92169901e-02 1.91880697e-02]]
00:00:00.02 State variable yA: [[ 2.00000000e-01  2.01749064e-01  2.02450236e-01 ...  9.63533270e-01
   9.66222433e-01  9.68692649e-01]
 [ 2.00000000e-01  2.03464109e-01  2.04858615e-01 ...  1.65770672e+03
   1.65263805e+03  1.64750111e+03]
 [ 2.00000000e-01  2.05206583e-01  2.07300534e-01 ... -4.53903908e+03
  -4.52960011e+03 -4.51761965e+03]
 ...
 [ 2.00000000e-01  6.10881202e-01  8.42137995e-01 ... -3.37441685e-03
  -3.37755153e-03 -3.38144909e-03]
 [ 2.00000000e-01  6.10276470e-01  8.43384159e-01 ... -3.37382283e-03
  -3.37695856e-03 -3.38085682e-03]
 [ 2.00000000e-01  6.09723090e-01  8.44006966e-01 ... -3.37339240e-03
  -3.37652836e-03 -3.38042674e-03]]
00:00:00.02 State variable yB: [[ 8.00000000e-01  7.98250936e-01  7.97549763e-01 ...  3.65631157e-02
   3.38742189e-02  3.14042477e-02]
 [ 8.00000000e-01  7.96535891e-01  7.95141383e-01 ... -1.65483320e+03
  -1.64976454e+03 -1.64462762e+03]
 [ 8.00000000e-01  7.94793417e-01  7.92699465e-01 ...  4.54588425e+03
   4.53644528e+03  4.52446482e+03]
 ...
 [ 8.00000000e-01  3.89118798e-01  1.57862005e-01 ...  1.00001183e+00
   1.00001183e+00  1.00001175e+00]
 [ 8.00000000e-01  3.89723530e-01  1.56615842e-01 ...  1.00002264e+00
   1.00002264e+00  1.00002256e+00]
 [ 8.00000000e-01  3.90276910e-01  1.55993034e-01 ...  1.00005274e+00
   1.00005274e+00  1.00005266e+00]]
00:00:00.03 State variable velocity: yB
00:00:00.64 done
