Starting at 2022-07-09 21:19:02.630547
Args: ./mainprocess.py
00:00:00.00 time :[  0.   1.   2.   3.   4.   5.   6.   7.   8.   9.  10.  11.  12.  13.
  14.  15.  16.  17.  18.  19.  20.  21.  22.  23.  24.  25.  26.  27.
  28.  29.  30.  31.  32.  33.  34.  35.  36.  37.  38.  39.  40.  41.
  42.  43.  44.  45.  46.  47.  48.  49.  50.  51.  52.  53.  54.  55.
  56.  57.  58.  59.  60.  61.  62.  63.  64.  65.  66.  67.  68.  69.
  70.  71.  72.  73.  74.  75.  76.  77.  78.  79.  80.  81.  82.  83.
  84.  85.  86.  87.  88.  89.  90.  91.  92.  93.  94.  95.  96.  97.
  98.  99. 100.]
00:00:00.00 parameters: {'R': 8.314, 'nocomponents': 3, 'feed_yi': [0.05, 0.9, 0.05], 'ini_yi': [0.1, 0.8, 0.1], 'collect': ['zL_tads', 'z0_teva', 'zL_tblw'], 'isomodel': 'Langmuir-Freundlich', 'bi': array([911.80012112, 385.35629353, 493.13723825]), 'qsi': array([2.26152382, 1.92300785, 1.68357425]), 'qs0': 2.2615238155251722, 'ni': [1.0, 1.0, 1.0], 'ki': [0.62, 0.62, 0.62], 'Hi': [0, 0, 0], 'mode': 1, 'bed': 1, 'N': 20, 'tN': 101, 'Ta': 298, 'D': 0.3, 'L': 1, 'epsilon': 0.37, 'rp': 0.0007, 'feed_pressure': 10, 'vfeed': 1, 'PI': 100000.0, 'PL': 10000.0, 'lamda_pre': 0.5, 'lamda_blw': 0.5, 'lamda_eva': 0.5, 'tpre': 15, 'tads': 15, 'tblw': 30, 'teva': 40, 'rho_s': 1130, 'rho_w': 7800, 'Cpg': 30.7, 'Cpa': 30.7, 'Cps': 1339, 'Cpw': 502, 'mu': 1.72e-05, 'Dm': 1.6e-05, 'gamma': 1.4, 'Kz': 0.09, 'Kw': 16, 'hin': 8.6, 'hout': 2.5, 'eta': 0.72, 'DL': 0.00049, 'xnames': ['xA', 'xB', 'xC'], 'ynames': ['yA', 'yB', 'yC'], 'state_names': ['P', 'T', 'Tw', 'xA', 'xB', 'xC', 'yA', 'yB', 'yC'], 'state_sizes': [20, 20, 20, 20, 20, 20, 20, 20, 20], 'area': 0.07068583470577035, 'volume': 0.07068583470577035, 'rin': 0.15, 'rout': 0.4, 'epst': 0.5873015873015873, 'epsb': 1.7027027027027026, 'cellsize': 0.05, 'deltaZ': 0.05, 'container_vol': 0.07068583470577035, 'PH': 1000000.0, 'norm_v0': 1, 'norm_t0': 1.0, 'norm_P0': 1000000.0, 'norm_T0': 298, 'norm_tpre': 15.0, 'norm_tads': 30.0, 'norm_tblw': 60.0, 'norm_tend': 100.0, 'tstep': 1.0, 'index_tpre': 15, 'index_tads': 30, 'index_tblw': 60, 'index_tend': 100}
00:00:00.00 State variable P: [[0.01000026 0.39947342 0.6359054  ... 0.01000038 0.01000031 0.01000025]
 [0.01000078 0.39930407 0.63584241 ... 0.01000113 0.01000093 0.01000075]
 [0.0100013  0.39914352 0.63578272 ... 0.01000187 0.01000154 0.01000125]
 ...
 [0.01000655 0.39780093 0.6352845  ... 0.01000935 0.01000772 0.01000628]
 [0.01000663 0.39778297 0.63527784 ... 0.01000946 0.01000782 0.01000636]
 [0.01000667 0.39777399 0.63527453 ... 0.01000952 0.01000786 0.0100064 ]]
00:00:00.00 State variable T: [[1. 1. 1. ... 1. 1. 1.]
 [1. 1. 1. ... 1. 1. 1.]
 [1. 1. 1. ... 1. 1. 1.]
 ...
 [1. 1. 1. ... 1. 1. 1.]
 [1. 1. 1. ... 1. 1. 1.]
 [1. 1. 1. ... 1. 1. 1.]]
00:00:00.01 State variable Tw: [[1. 1. 1. ... 1. 1. 1.]
 [1. 1. 1. ... 1. 1. 1.]
 [1. 1. 1. ... 1. 1. 1.]
 ...
 [1. 1. 1. ... 1. 1. 1.]
 [1. 1. 1. ... 1. 1. 1.]
 [1. 1. 1. ... 1. 1. 1.]]
00:00:00.01 State variable xA: [[0.10828731 0.10869533 0.10895609 ... 0.10828683 0.10828681 0.1082868 ]
 [0.10829086 0.10870665 0.10896229 ... 0.10828694 0.10828691 0.10828688]
 [0.10829047 0.10871075 0.10896622 ... 0.1082856  0.10828555 0.1082855 ]
 ...
 [0.10901548 0.10941796 0.10967448 ... 0.10829711 0.10829687 0.10829666]
 [0.1092671  0.10967214 0.10993056 ... 0.10831048 0.10831024 0.10831003]
 [0.10956189 0.10997188 0.11023236 ... 0.10832918 0.10832894 0.10832873]]
00:00:00.01 State variable xB: [[0.68921586 0.69689397 0.70148207 ... 0.68921527 0.68921505 0.68921485]
 [0.68921403 0.69686646 0.70146749 ... 0.68921736 0.6892168  0.6892163 ]
 [0.68921534 0.69684447 0.70145432 ... 0.68922051 0.68921961 0.68921881]
 ...
 [0.68866596 0.69604257 0.70076416 ... 0.68923273 0.68922857 0.68922489]
 [0.68847012 0.69583685 0.70055919 ... 0.68922272 0.6892185  0.68921479]
 [0.68824053 0.6955985  0.70031988 ... 0.68920839 0.68920416 0.68920042]]
00:00:00.01 State variable xC: [[0.0430132  0.04343874 0.04369457 ... 0.04301444 0.04301443 0.04301442]
 [0.04301352 0.04343784 0.04369382 ... 0.04301442 0.04301439 0.04301437]
 [0.04301398 0.04343718 0.04369336 ... 0.04301453 0.04301448 0.04301444]
 ...
 [0.04297602 0.04338645 0.04364886 ... 0.04301397 0.04301374 0.04301353]
 [0.04296302 0.04337288 0.04363532 ... 0.04301321 0.04301297 0.04301277]
 [0.0429478  0.04335714 0.04361951 ... 0.04301216 0.04301193 0.04301172]]
00:00:00.01 State variable yA: [[0.05076856 0.04999898 0.04999718 ... 0.05076832 0.05076833 0.05076833]
 [0.05077027 0.05000181 0.04999584 ... 0.05076826 0.05076828 0.05076829]
 [0.05077    0.05000447 0.04999741 ... 0.05076748 0.0507675  0.05076753]
 ...
 [0.05113163 0.05035147 0.05034361 ... 0.05077209 0.05077222 0.05077233]
 [0.05125748 0.05047763 0.05046979 ... 0.05077876 0.05077888 0.050779  ]
 [0.05140495 0.05062689 0.05061795 ... 0.05078809 0.05078822 0.05078833]]
00:00:00.01 State variable yB: [[0.89914505 0.9000022  0.90000451 ... 0.89914387 0.89914386 0.89914386]
 [0.89914295 0.89999996 0.9000065  ... 0.89914408 0.89914406 0.89914405]
 [0.89914278 0.89999737 0.90000513 ... 0.89914492 0.89914489 0.89914486]
 ...
 [0.89880426 0.89967103 0.89967975 ... 0.89914196 0.89914182 0.8991417 ]
 [0.89868591 0.89955239 0.89956109 ... 0.8991358  0.89913566 0.89913554]
 [0.89854721 0.89941198 0.89942174 ... 0.89912712 0.89912698 0.89912686]]
00:00:00.01 State variable yC: [[0.05008639 0.04999882 0.04999831 ... 0.05008781 0.05008781 0.05008781]
 [0.05008678 0.04999823 0.04999766 ... 0.05008766 0.05008766 0.05008766]
 [0.05008722 0.04999816 0.04999746 ... 0.0500876  0.05008761 0.05008761]
 ...
 [0.05006412 0.0499775  0.04997663 ... 0.05008594 0.05008596 0.05008597]
 [0.05005661 0.04996998 0.04996911 ... 0.05008544 0.05008546 0.05008547]
 [0.05004784 0.04996112 0.04996032 ... 0.05008478 0.0500848  0.05008481]]
00:00:00.02 State variable velocity: yC
00:56:55.97 done
