Starting at 2022-07-09 18:46:25.973455
Args: ./mainprocess.py
00:00:00.00 time :[  0.   1.   2.   3.   4.   5.   6.   7.   8.   9.  10.  11.  12.  13.
  14.  15.  16.  17.  18.  19.  20.  21.  22.  23.  24.  25.  26.  27.
  28.  29.  30.  31.  32.  33.  34.  35.  36.  37.  38.  39.  40.  41.
  42.  43.  44.  45.  46.  47.  48.  49.  50.  51.  52.  53.  54.  55.
  56.  57.  58.  59.  60.  61.  62.  63.  64.  65.  66.  67.  68.  69.
  70.  71.  72.  73.  74.  75.  76.  77.  78.  79.  80.  81.  82.  83.
  84.  85.  86.  87.  88.  89.  90.  91.  92.  93.  94.  95.  96.  97.
  98.  99. 100.]
00:00:00.00 parameters: {'R': 8.314, 'nocomponents': 3, 'feed_yi': [0.05, 0.9, 0.05], 'ini_yi': [0.1, 0.8, 0.1], 'collect': ['zL_tads', 'z0_teva', 'zL_tblw'], 'isomodel': 'Langmuir-Freundlich', 'bi': array([ 14.14446258,  88.48281785, 203.45779978]), 'qsi': array([2.2993754 , 2.39762404, 2.22914643]), 'qs0': 2.3976240432254734, 'ni': [1.0, 1.0, 1.0], 'ki': [0.62, 0.62, 0.62], 'Hi': [0, 0, 0], 'mode': 1, 'bed': 1, 'N': 20, 'tN': 101, 'Ta': 298, 'D': 0.3, 'L': 1, 'epsilon': 0.37, 'rp': 0.0007, 'feed_pressure': 10, 'vfeed': 1, 'PI': 100000.0, 'PL': 10000.0, 'lamda_pre': 0.5, 'lamda_blw': 0.5, 'lamda_eva': 0.5, 'tpre': 15, 'tads': 15, 'tblw': 30, 'teva': 40, 'rho_s': 1130, 'rho_w': 7800, 'Cpg': 30.7, 'Cpa': 30.7, 'Cps': 1339, 'Cpw': 502, 'mu': 1.72e-05, 'Dm': 1.6e-05, 'gamma': 1.4, 'Kz': 0.09, 'Kw': 16, 'hin': 8.6, 'hout': 2.5, 'eta': 0.72, 'DL': 0.00049, 'xnames': ['xA', 'xB', 'xC'], 'ynames': ['yA', 'yB', 'yC'], 'state_names': ['P', 'T', 'Tw', 'xA', 'xB', 'xC', 'yA', 'yB', 'yC'], 'state_sizes': [20, 20, 20, 20, 20, 20, 20, 20, 20], 'area': 0.07068583470577035, 'volume': 0.07068583470577035, 'rin': 0.15, 'rout': 0.4, 'epst': 0.5873015873015873, 'epsb': 1.7027027027027026, 'cellsize': 0.05, 'deltaZ': 0.05, 'container_vol': 0.07068583470577035, 'PH': 1000000.0, 'norm_v0': 1, 'norm_t0': 1.0, 'norm_P0': 1000000.0, 'norm_T0': 298, 'norm_tpre': 15.0, 'norm_tads': 30.0, 'norm_tblw': 60.0, 'norm_tend': 100.0, 'tstep': 1.0, 'index_tpre': 15, 'index_tads': 30, 'index_tblw': 60, 'index_tend': 100}
00:00:00.00 State variable P: [[0.0100237  0.39938684 0.63572782 ... 0.01002744 0.01002563 0.01002393]
 [0.01007082 0.39908179 0.63561699 ... 0.01008171 0.01007634 0.01007132]
 [0.01011727 0.39879264 0.63551199 ... 0.01013511 0.01012626 0.010118  ]
 ...
 [0.01056601 0.39637547 0.63463696 ... 0.01064904 0.01060831 0.01057011]
 [0.01057268 0.39634299 0.63462529 ... 0.01065665 0.01061547 0.01057685]
 [0.01057602 0.39632692 0.63461945 ... 0.01066046 0.01061906 0.01058023]]
00:00:00.00 State variable T: [[1. 1. 1. ... 1. 1. 1.]
 [1. 1. 1. ... 1. 1. 1.]
 [1. 1. 1. ... 1. 1. 1.]
 ...
 [1. 1. 1. ... 1. 1. 1.]
 [1. 1. 1. ... 1. 1. 1.]
 [1. 1. 1. ... 1. 1. 1.]]
00:00:00.00 State variable Tw: [[1. 1. 1. ... 1. 1. 1.]
 [1. 1. 1. ... 1. 1. 1.]
 [1. 1. 1. ... 1. 1. 1.]
 ...
 [1. 1. 1. ... 1. 1. 1.]
 [1. 1. 1. ... 1. 1. 1.]
 [1. 1. 1. ... 1. 1. 1.]]
00:00:00.01 State variable xA: [[0.00421189 0.00572076 0.00657082 ... 0.00421685 0.00421498 0.00421323]
 [0.00417776 0.00572265 0.00660366 ... 0.00418383 0.00418121 0.00417877]
 [0.00415127 0.00572874 0.00663855 ... 0.0041586  0.00415518 0.00415199]
 ...
 [0.00406508 0.00595818 0.0072954  ... 0.00408709 0.00407647 0.00406648]
 [0.00406463 0.00596226 0.00733607 ... 0.00408743 0.0040767  0.00406662]
 [0.00406415 0.00594257 0.00735046 ... 0.00408776 0.00407698 0.00406686]]
00:00:00.01 State variable xB: [[0.79137019 0.82898904 0.85166476 ... 0.79139164 0.7913779  0.79136568]
 [0.79183977 0.82910042 0.85171763 ... 0.7919187  0.79187269 0.79183022]
 [0.79229437 0.82920093 0.85174792 ... 0.79242843 0.79235186 0.79228067]
 ...
 [0.79568396 0.82882641 0.85068799 ... 0.79699042 0.79666938 0.79636723]
 [0.79551078 0.82856913 0.85039059 ... 0.79704671 0.79672264 0.7964176 ]
 [0.79526777 0.82829366 0.85007229 ... 0.79706764 0.79674207 0.7964356 ]]
00:00:00.01 State variable xC: [[0.09921399 0.10129532 0.10261006 ... 0.09921869 0.09921788 0.09921715]
 [0.09926627 0.10132361 0.1026002  ... 0.09927572 0.09927299 0.09927048]
 [0.09930871 0.10134662 0.10260329 ... 0.09932255 0.09931801 0.0993138 ]
 ...
 [0.10019318 0.10203918 0.10324835 ... 0.09953346 0.09951469 0.09949703]
 [0.10042184 0.10227131 0.10348343 ... 0.09954165 0.09952271 0.09950488]
 [0.10069034 0.10255065 0.10376751 ... 0.09955261 0.09953358 0.09951566]]
00:00:00.01 State variable yA: [[0.03173271 0.0504517  0.05048546 ... 0.03176597 0.03175392 0.03174257]
 [0.0314592  0.05089478 0.05095274 ... 0.03149744 0.03148179 0.0314671 ]
 [0.03124209 0.05133477 0.05141062 ... 0.03128607 0.03126641 0.03124797]
 ...
 [0.03042802 0.05842796 0.05888025 ... 0.03052597 0.03046744 0.0304124 ]
 [0.03042648 0.05890677 0.05943794 ... 0.0305253  0.03046622 0.03041065]
 [0.03042684 0.05917797 0.05982158 ... 0.03052627 0.03046691 0.03041107]]
00:00:00.01 State variable yB: [[0.91462939 0.89962561 0.89960843 ... 0.91459691 0.91460786 0.9146182 ]
 [0.91488947 0.89922619 0.8991931  ... 0.91485333 0.91486675 0.91487935]
 [0.9151005  0.89881374 0.89876717 ... 0.91505996 0.91507626 0.91509156]
 ...
 [0.91562705 0.8917267  0.8913256  ... 0.91594743 0.91599301 0.91603587]
 [0.91550111 0.89114737 0.89067134 ... 0.91594731 0.91599331 0.91603657]
 [0.91534868 0.89073995 0.89015812 ... 0.91594207 0.9159883  0.91603177]]
00:00:00.01 State variable yC: [[0.0536379  0.04992269 0.04990611 ... 0.05363712 0.05363821 0.05363924]
 [0.05365134 0.04987903 0.04985417 ... 0.05364923 0.05365146 0.05365355]
 [0.05365741 0.04985149 0.04982221 ... 0.05365397 0.05365733 0.05366046]
 ...
 [0.05394493 0.04984534 0.04979415 ... 0.0535266  0.05353954 0.05355173]
 [0.05407241 0.04994586 0.04989072 ... 0.0535274  0.05354047 0.05355277]
 [0.05422448 0.05008209 0.0500203  ... 0.05353166 0.0535448  0.05355716]]
00:00:00.01 State variable velocity: yC
03:29:32.65 done
