Starting at 2022-07-09 20:57:21.136750
Args: ./mainprocess.py
00:00:00.04 time :[  0.   1.   2.   3.   4.   5.   6.   7.   8.   9.  10.  11.  12.  13.
  14.  15.  16.  17.  18.  19.  20.  21.  22.  23.  24.  25.  26.  27.
  28.  29.  30.  31.  32.  33.  34.  35.  36.  37.  38.  39.  40.  41.
  42.  43.  44.  45.  46.  47.  48.  49.  50.  51.  52.  53.  54.  55.
  56.  57.  58.  59.  60.  61.  62.  63.  64.  65.  66.  67.  68.  69.
  70.  71.  72.  73.  74.  75.  76.  77.  78.  79.  80.  81.  82.  83.
  84.  85.  86.  87.  88.  89.  90.  91.  92.  93.  94.  95.  96.  97.
  98.  99. 100.]
00:00:00.04 parameters: {'R': 8.314, 'nocomponents': 3, 'feed_yi': [0.05, 0.9, 0.05], 'ini_yi': [0.1, 0.8, 0.1], 'collect': ['zL_tads', 'z0_teva', 'zL_tblw'], 'isomodel': 'Langmuir-Freundlich', 'bi': array([  91.76748186,  161.19267137, 1033.93113622]), 'qsi': array([3.53479555, 4.27547905, 3.45561394]), 'qs0': 4.275479050554358, 'ni': [1.0, 1.0, 1.0], 'ki': [0.62, 0.62, 0.62], 'Hi': [0, 0, 0], 'mode': 1, 'bed': 1, 'N': 20, 'tN': 101, 'Ta': 298, 'D': 0.3, 'L': 1, 'epsilon': 0.37, 'rp': 0.0007, 'feed_pressure': 10, 'vfeed': 1, 'PI': 100000.0, 'PL': 10000.0, 'lamda_pre': 0.5, 'lamda_blw': 0.5, 'lamda_eva': 0.5, 'tpre': 15, 'tads': 15, 'tblw': 30, 'teva': 40, 'rho_s': 1130, 'rho_w': 7800, 'Cpg': 30.7, 'Cpa': 30.7, 'Cps': 1339, 'Cpw': 502, 'mu': 1.72e-05, 'Dm': 1.6e-05, 'gamma': 1.4, 'Kz': 0.09, 'Kw': 16, 'hin': 8.6, 'hout': 2.5, 'eta': 0.72, 'DL': 0.00049, 'xnames': ['xA', 'xB', 'xC'], 'ynames': ['yA', 'yB', 'yC'], 'state_names': ['P', 'T', 'Tw', 'xA', 'xB', 'xC', 'yA', 'yB', 'yC'], 'state_sizes': [20, 20, 20, 20, 20, 20, 20, 20, 20], 'area': 0.07068583470577035, 'volume': 0.07068583470577035, 'rin': 0.15, 'rout': 0.4, 'epst': 0.5873015873015873, 'epsb': 1.7027027027027026, 'cellsize': 0.05, 'deltaZ': 0.05, 'container_vol': 0.07068583470577035, 'PH': 1000000.0, 'norm_v0': 1, 'norm_t0': 1.0, 'norm_P0': 1000000.0, 'norm_T0': 298, 'norm_tpre': 15.0, 'norm_tads': 30.0, 'norm_tblw': 60.0, 'norm_tend': 100.0, 'tstep': 1.0, 'index_tpre': 15, 'index_tads': 30, 'index_tblw': 60, 'index_tend': 100}
00:00:00.04 State variable P: [[0.01001831 0.39940053 0.63574031 ... 0.01002131 0.01001979 0.01001839]
 [0.01005459 0.39912156 0.63563912 ... 0.0100635  0.01005899 0.01005483]
 [0.01009035 0.39885707 0.63554323 ... 0.01010505 0.01009762 0.01009075]
 ...
 [0.01043932 0.3966445  0.63474298 ... 0.01050841 0.0104737  0.01044155]
 [0.01044456 0.39661487 0.63473228 ... 0.01051444 0.01047934 0.01044682]
 [0.01044718 0.39660006 0.63472692 ... 0.01051746 0.01048216 0.01044946]]
00:00:00.04 State variable T: [[1. 1. 1. ... 1. 1. 1.]
 [1. 1. 1. ... 1. 1. 1.]
 [1. 1. 1. ... 1. 1. 1.]
 ...
 [1. 1. 1. ... 1. 1. 1.]
 [1. 1. 1. ... 1. 1. 1.]
 [1. 1. 1. ... 1. 1. 1.]]
00:00:00.05 State variable Tw: [[1. 1. 1. ... 1. 1. 1.]
 [1. 1. 1. ... 1. 1. 1.]
 [1. 1. 1. ... 1. 1. 1.]
 ...
 [1. 1. 1. ... 1. 1. 1.]
 [1. 1. 1. ... 1. 1. 1.]
 [1. 1. 1. ... 1. 1. 1.]]
00:00:00.05 State variable xA: [[0.01670635 0.01765935 0.01820989 ... 0.01670975 0.01670936 0.016709  ]
 [0.0167047  0.01765812 0.01821878 ... 0.01671041 0.01670935 0.01670837]
 [0.01670541 0.01765782 0.01822546 ... 0.01671307 0.01671136 0.01670977]
 ...
 [0.0167238  0.01760129 0.01818136 ... 0.01677314 0.01676592 0.01675919]
 [0.01670999 0.01758456 0.01816415 ... 0.01677017 0.01676288 0.01675608]
 [0.01669175 0.01756406 0.018143   ... 0.01676493 0.01675761 0.01675078]]
00:00:00.05 State variable xB: [[0.67942984 0.69705765 0.70759358 ... 0.67945209 0.67944526 0.67943897]
 [0.67960083 0.69705775 0.70757695 ... 0.67966222 0.67964218 0.67962369]
 [0.67977537 0.69708824 0.70758203 ... 0.67986556 0.67983287 0.67980268]
 ...
 [0.67957406 0.69549737 0.70591768 ... 0.6812029  0.68106468 0.68093567]
 [0.67883007 0.69470531 0.70511552 ... 0.68097692 0.68083741 0.68070716]
 [0.67788708 0.69371924 0.70411369 ... 0.68065763 0.68051754 0.68038675]]
00:00:00.05 State variable xC: [[0.20501424 0.20594341 0.20653826 ... 0.20500473 0.2050043  0.20500391]
 [0.20502396 0.20597853 0.2065612  ... 0.20500364 0.20500244 0.20500134]
 [0.20502452 0.20598492 0.20656701 ... 0.20500164 0.20499971 0.20499793]
 ...
 [0.20656553 0.20744648 0.20802    ... 0.20539621 0.20538818 0.20538069]
 [0.20723127 0.20811541 0.20869213 ... 0.20561362 0.2056055  0.20559792]
 [0.20806055 0.20895255 0.20953375 ... 0.20590125 0.20589306 0.2058854 ]]
00:00:00.05 State variable yA: [[0.04704445 0.05007052 0.05007711 ... 0.04705217 0.04705163 0.04705114]
 [0.04702786 0.0501188  0.05013043 ... 0.04703921 0.04703783 0.04703655]
 [0.04701752 0.05015298 0.05016984 ... 0.0470321  0.0470299  0.04702786]
 ...
 [0.04704921 0.05015779 0.05019311 ... 0.04709147 0.04708209 0.04707329]
 [0.04705039 0.05015588 0.05019119 ... 0.0470948  0.04708532 0.04707643]
 [0.04705022 0.05015433 0.05018959 ... 0.04709712 0.04708759 0.04707865]]
00:00:00.05 State variable yB: [[0.90053995 0.89994296 0.89995928 ... 0.90053647 0.90053663 0.90053679]
 [0.90056462 0.89989141 0.89990254 ... 0.90056298 0.90056327 0.90056354]
 [0.90058591 0.89985598 0.89986236 ... 0.90058373 0.90058416 0.90058456]
 ...
 [0.90016015 0.89940552 0.89939476 ... 0.90051936 0.90052106 0.90052265]
 [0.89994344 0.89919835 0.89918767 ... 0.90044724 0.90044895 0.90045055]
 [0.89967343 0.89893702 0.89892721 ... 0.90035237 0.90035409 0.90035569]]
00:00:00.05 State variable yC: [[0.0524156  0.04998652 0.04996361 ... 0.05241137 0.05241173 0.05241207]
 [0.05240752 0.04998979 0.04996703 ... 0.05239782 0.0523989  0.0523999 ]
 [0.05239657 0.04999105 0.0499678  ... 0.05238417 0.05238594 0.05238759]
 ...
 [0.05279064 0.05043669 0.05041212 ... 0.05238917 0.05239685 0.05240406]
 [0.05300617 0.05064576 0.05062114 ... 0.05245796 0.05246573 0.05247302]
 [0.05327635 0.05090865 0.0508832  ... 0.05255051 0.05255832 0.05256565]]
00:00:00.08 State variable velocity: yC
01:18:37.47 done
