Starting at 2022-07-10 00:04:40.918640
Args: ./mainprocess.py
00:00:00.00 time :[  0.   1.   2.   3.   4.   5.   6.   7.   8.   9.  10.  11.  12.  13.
  14.  15.  16.  17.  18.  19.  20.  21.  22.  23.  24.  25.  26.  27.
  28.  29.  30.  31.  32.  33.  34.  35.  36.  37.  38.  39.  40.  41.
  42.  43.  44.  45.  46.  47.  48.  49.  50.  51.  52.  53.  54.  55.
  56.  57.  58.  59.  60.  61.  62.  63.  64.  65.  66.  67.  68.  69.
  70.  71.  72.  73.  74.  75.  76.  77.  78.  79.  80.  81.  82.  83.
  84.  85.  86.  87.  88.  89.  90.  91.  92.  93.  94.  95.  96.  97.
  98.  99. 100.]
00:00:00.00 parameters: {'R': 8.314, 'nocomponents': 3, 'feed_yi': [0.05, 0.9, 0.05], 'ini_yi': [0.1, 0.8, 0.1], 'collect': ['zL_tads', 'z0_teva', 'zL_tblw'], 'isomodel': 'Langmuir-Freundlich', 'bi': array([ 16.89483177, 149.84547677, 272.0533675 ]), 'qsi': array([3.38268599, 3.36355253, 3.3133149 ]), 'qs0': 3.382685985736653, 'ni': [1.0, 1.0, 1.0], 'ki': [0.62, 0.62, 0.62], 'Hi': [0, 0, 0], 'mode': 1, 'bed': 1, 'N': 20, 'tN': 101, 'Ta': 298, 'D': 0.3, 'L': 1, 'epsilon': 0.37, 'rp': 0.0007, 'feed_pressure': 10, 'vfeed': 1, 'PI': 100000.0, 'PL': 10000.0, 'lamda_pre': 0.5, 'lamda_blw': 0.5, 'lamda_eva': 0.5, 'tpre': 15, 'tads': 15, 'tblw': 30, 'teva': 40, 'rho_s': 1130, 'rho_w': 7800, 'Cpg': 30.7, 'Cpa': 30.7, 'Cps': 1339, 'Cpw': 502, 'mu': 1.72e-05, 'Dm': 1.6e-05, 'gamma': 1.4, 'Kz': 0.09, 'Kw': 16, 'hin': 8.6, 'hout': 2.5, 'eta': 0.72, 'DL': 0.00049, 'xnames': ['xA', 'xB', 'xC'], 'ynames': ['yA', 'yB', 'yC'], 'state_names': ['P', 'T', 'Tw', 'xA', 'xB', 'xC', 'yA', 'yB', 'yC'], 'state_sizes': [20, 20, 20, 20, 20, 20, 20, 20, 20], 'area': 0.07068583470577035, 'volume': 0.07068583470577035, 'rin': 0.15, 'rout': 0.4, 'epst': 0.5873015873015873, 'epsb': 1.7027027027027026, 'cellsize': 0.05, 'deltaZ': 0.05, 'container_vol': 0.07068583470577035, 'PH': 1000000.0, 'norm_v0': 1, 'norm_t0': 1.0, 'norm_P0': 1000000.0, 'norm_T0': 298, 'norm_tpre': 15.0, 'norm_tads': 30.0, 'norm_tblw': 60.0, 'norm_tend': 100.0, 'tstep': 1.0, 'index_tpre': 15, 'index_tads': 30, 'index_tblw': 60, 'index_tend': 100}
00:00:00.00 State variable P: [[0.01001953 0.39939616 0.6357327  ... 0.01002328 0.01002165 0.01002015]
 [0.01005825 0.39910872 0.63562897 ... 0.01006933 0.01006452 0.01006006]
 [0.01009642 0.39883622 0.63553069 ... 0.01011468 0.01010675 0.01009939]
 ...
 [0.01046982 0.39655712 0.6347112  ... 0.01055359 0.01051682 0.01048249]
 [0.01047545 0.3965266  0.63470026 ... 0.01056013 0.01052295 0.01048824]
 [0.01047827 0.39651134 0.63469479 ... 0.01056341 0.01052602 0.01049112]]
00:00:00.00 State variable T: [[1. 1. 1. ... 1. 1. 1.]
 [1. 1. 1. ... 1. 1. 1.]
 [1. 1. 1. ... 1. 1. 1.]
 ...
 [1. 1. 1. ... 1. 1. 1.]
 [1. 1. 1. ... 1. 1. 1.]
 [1. 1. 1. ... 1. 1. 1.]]
00:00:00.00 State variable Tw: [[1. 1. 1. ... 1. 1. 1.]
 [1. 1. 1. ... 1. 1. 1.]
 [1. 1. 1. ... 1. 1. 1.]
 ...
 [1. 1. 1. ... 1. 1. 1.]
 [1. 1. 1. ... 1. 1. 1.]
 [1. 1. 1. ... 1. 1. 1.]]
00:00:00.00 State variable xA: [[0.00350951 0.00450226 0.0050605  ... 0.00351111 0.00351007 0.0035091 ]
 [0.00348574 0.00450204 0.0050808  ... 0.00348863 0.00348709 0.00348566]
 [0.0034672  0.00450457 0.00510233 ... 0.00347143 0.00346936 0.00346745]
 ...
 [0.00340514 0.00460234 0.00544233 ... 0.0034213  0.00341443 0.00340801]
 [0.00340508 0.0045978  0.00545239 ... 0.00342152 0.00341457 0.0034081 ]
 [0.00340507 0.00458048 0.00544645 ... 0.00342175 0.00341477 0.00340826]]
00:00:00.00 State variable xB: [[0.84219611 0.86601466 0.88036869 ... 0.84221821 0.84220927 0.84220111]
 [0.84245925 0.86606714 0.88038321 ... 0.84252599 0.84249805 0.84247233]
 [0.84271255 0.86611503 0.88038996 ... 0.84282159 0.84277558 0.84273312]
 ...
 [0.8448017  0.86604845 0.88000167 ... 0.84542759 0.84523348 0.84505206]
 [0.84475655 0.86596519 0.87990706 ... 0.84546014 0.84526415 0.84508094]
 [0.84467515 0.86587638 0.87980721 ... 0.84547289 0.84527595 0.84509185]]
00:00:00.00 State variable xC: [[0.08600983 0.08731982 0.08813261 ... 0.08601095 0.08601043 0.08600996]
 [0.08603181 0.08733436 0.0881334  ... 0.08603483 0.08603322 0.08603174]
 [0.08605023 0.08734478 0.08813748 ... 0.08605499 0.08605234 0.0860499 ]
 ...
 [0.0863351  0.08751754 0.08829127 ... 0.08617178 0.08616073 0.08615039]
 [0.08641416 0.08759613 0.08837027 ... 0.08617642 0.08616526 0.08615482]
 [0.08651321 0.08769781 0.08847294 ... 0.08618214 0.08617093 0.08616044]]
00:00:00.00 State variable yA: [[0.03358387 0.05041723 0.05050575 ... 0.03359556 0.0335873  0.03357952]
 [0.03334878 0.05079274 0.05088245 ... 0.03336926 0.03335766 0.03334681]
 [0.03316199 0.05116185 0.05125069 ... 0.03319195 0.0331767  0.03316248]
 ...
 [0.03245204 0.05617941 0.05654708 ... 0.0325679  0.03251786 0.03247135]
 [0.03245069 0.05637431 0.05678958 ... 0.03256773 0.03251719 0.03247023]
 [0.03245112 0.05639065 0.05687478 ... 0.03256881 0.03251802 0.03247082]]
00:00:00.01 State variable yB: [[0.91421149 0.89962492 0.89954999 ... 0.91420099 0.91420862 0.9142158 ]
 [0.91443602 0.89927384 0.89920059 ... 0.91441858 0.91442894 0.91443864]
 [0.91461636 0.89892289 0.89885174 ... 0.91459129 0.91460469 0.9146172 ]
 ...
 [0.91524142 0.89405946 0.89372447 ... 0.91526074 0.91530363 0.9153435 ]
 [0.91519468 0.89382727 0.89344708 ... 0.91526007 0.91530338 0.91534364]
 [0.91513272 0.89375091 0.89330574 ... 0.91525647 0.9153     0.91534046]]
00:00:00.01 State variable yC: [[0.05220465 0.04995785 0.04994427 ... 0.05220345 0.05220408 0.05220468]
 [0.05221519 0.04993342 0.04991696 ... 0.05221216 0.0522134  0.05221455]
 [0.05222165 0.04991526 0.04989758 ... 0.05221676 0.0522186  0.05222032]
 ...
 [0.05230654 0.04976113 0.04972845 ... 0.05217136 0.05217851 0.05218515]
 [0.05235463 0.04979842 0.04976334 ... 0.05217221 0.05217943 0.05218613]
 [0.05241615 0.04985844 0.04981948 ... 0.05217472 0.05218198 0.05218872]]
00:00:00.01 State variable velocity: yC
00:00:25.98 done
