Starting at 2022-07-09 19:30:43.310693
Args: ./mainprocess.py
00:00:00.00 time :[  0.   1.   2.   3.   4.   5.   6.   7.   8.   9.  10.  11.  12.  13.
  14.  15.  16.  17.  18.  19.  20.  21.  22.  23.  24.  25.  26.  27.
  28.  29.  30.  31.  32.  33.  34.  35.  36.  37.  38.  39.  40.  41.
  42.  43.  44.  45.  46.  47.  48.  49.  50.  51.  52.  53.  54.  55.
  56.  57.  58.  59.  60.  61.  62.  63.  64.  65.  66.  67.  68.  69.
  70.  71.  72.  73.  74.  75.  76.  77.  78.  79.  80.  81.  82.  83.
  84.  85.  86.  87.  88.  89.  90.  91.  92.  93.  94.  95.  96.  97.
  98.  99. 100.]
00:00:00.00 parameters: {'R': 8.314, 'nocomponents': 3, 'feed_yi': [0.05, 0.9, 0.05], 'ini_yi': [0.1, 0.8, 0.1], 'collect': ['zL_tads', 'z0_teva', 'zL_tblw'], 'isomodel': 'Langmuir-Freundlich', 'bi': array([ 12.39632851, 110.24749836, 195.4797547 ]), 'qsi': array([3.34777846, 3.33161644, 3.30823856]), 'qs0': 3.347778459026208, 'ni': [1.0, 1.0, 1.0], 'ki': [0.62, 0.62, 0.62], 'Hi': [0, 0, 0], 'mode': 1, 'bed': 1, 'N': 20, 'tN': 101, 'Ta': 298, 'D': 0.3, 'L': 1, 'epsilon': 0.37, 'rp': 0.0007, 'feed_pressure': 10, 'vfeed': 1, 'PI': 100000.0, 'PL': 10000.0, 'lamda_pre': 0.5, 'lamda_blw': 0.5, 'lamda_eva': 0.5, 'tpre': 15, 'tads': 15, 'tblw': 30, 'teva': 40, 'rho_s': 1130, 'rho_w': 7800, 'Cpg': 30.7, 'Cpa': 30.7, 'Cps': 1339, 'Cpw': 502, 'mu': 1.72e-05, 'Dm': 1.6e-05, 'gamma': 1.4, 'Kz': 0.09, 'Kw': 16, 'hin': 8.6, 'hout': 2.5, 'eta': 0.72, 'DL': 0.00049, 'xnames': ['xA', 'xB', 'xC'], 'ynames': ['yA', 'yB', 'yC'], 'state_names': ['P', 'T', 'Tw', 'xA', 'xB', 'xC', 'yA', 'yB', 'yC'], 'state_sizes': [20, 20, 20, 20, 20, 20, 20, 20, 20], 'area': 0.07068583470577035, 'volume': 0.07068583470577035, 'rin': 0.15, 'rout': 0.4, 'epst': 0.5873015873015873, 'epsb': 1.7027027027027026, 'cellsize': 0.05, 'deltaZ': 0.05, 'container_vol': 0.07068583470577035, 'PH': 1000000.0, 'norm_v0': 1, 'norm_t0': 1.0, 'norm_P0': 1000000.0, 'norm_T0': 298, 'norm_tpre': 15.0, 'norm_tads': 30.0, 'norm_tblw': 60.0, 'norm_tend': 100.0, 'tstep': 1.0, 'index_tpre': 15, 'index_tads': 30, 'index_tblw': 60, 'index_tend': 100}
00:00:00.00 State variable P: [[0.010033   0.39937427 0.63578515 ... 0.01003735 0.01003511 0.01003302]
 [0.01009813 0.39904262 0.63566579 ... 0.01011094 0.01010434 0.01009816]
 [0.01016211 0.39872833 0.63555273 ... 0.01018315 0.01017231 0.01016216]
 ...
 [0.01077276 0.39610382 0.63461023 ... 0.01086702 0.01081852 0.01077282]
 [0.01078174 0.39606872 0.63459763 ... 0.010877   0.01082798 0.0107818 ]
 [0.01078623 0.39605118 0.63459132 ... 0.010882   0.01083272 0.01078629]]
00:00:00.00 State variable T: [[1. 1. 1. ... 1. 1. 1.]
 [1. 1. 1. ... 1. 1. 1.]
 [1. 1. 1. ... 1. 1. 1.]
 ...
 [1. 1. 1. ... 1. 1. 1.]
 [1. 1. 1. ... 1. 1. 1.]
 [1. 1. 1. ... 1. 1. 1.]]
00:00:00.00 State variable Tw: [[1. 1. 1. ... 1. 1. 1.]
 [1. 1. 1. ... 1. 1. 1.]
 [1. 1. 1. ... 1. 1. 1.]
 ...
 [1. 1. 1. ... 1. 1. 1.]
 [1. 1. 1. ... 1. 1. 1.]
 [1. 1. 1. ... 1. 1. 1.]]
00:00:00.00 State variable xA: [[0.00303842 0.00424949 0.00492833 ... 0.00304263 0.00304064 0.00303874]
 [0.00300874 0.00425293 0.00495959 ... 0.00301425 0.00301159 0.00300908]
 [0.00298622 0.0042603  0.00499279 ... 0.00299311 0.00298975 0.00298659]
 ...
 [0.00292311 0.00451262 0.00564522 ... 0.00294262 0.00293298 0.0029239 ]
 [0.00292333 0.00452519 0.00569725 ... 0.0029431  0.00293337 0.00292421]
 [0.00292354 0.0045187  0.00573061 ... 0.0029435  0.00293373 0.00292453]]
00:00:00.00 State variable xB: [[0.82637015 0.85801791 0.87711825 ... 0.82639711 0.826382   0.826368  ]
 [0.82690749 0.85818494 0.87719205 ... 0.82700076 0.8269525  0.82690754]
 [0.82742325 0.85833838 0.87724917 ... 0.82757776 0.82749851 0.82742454]
 ...
 [0.83177796 0.85898414 0.87705181 ... 0.83251893 0.83220736 0.83191298]
 [0.83178565 0.85891526 0.87694528 ... 0.83258478 0.83227052 0.83197356]
 [0.83174829 0.85885001 0.87684042 ... 0.83261663 0.83230103 0.83200278]]
00:00:00.00 State variable xC: [[0.08377441 0.08552682 0.08661725 ... 0.08377806 0.08377716 0.08377633]
 [0.08382147 0.085551   0.0866162  ... 0.08382688 0.08382406 0.08382144]
 [0.08386101 0.08557096 0.08662237 ... 0.08386878 0.08386417 0.08385987]
 ...
 [0.08420403 0.08571981 0.08672206 ... 0.08409896 0.0840811  0.0840642 ]
 [0.08426052 0.08577351 0.08677458 ... 0.08410126 0.08408324 0.0840662 ]
 [0.08433095 0.08584506 0.08684544 ... 0.08410325 0.08408515 0.08406804]]
00:00:00.01 State variable yA: [[0.02982441 0.05054947 0.05053096 ... 0.0298604  0.02984352 0.02982747]
 [0.02951546 0.05108002 0.05108701 ... 0.02956021 0.02953887 0.02951869]
 [0.02927512 0.05160836 0.05164119 ... 0.02932964 0.02930335 0.02927856]
 ...
 [0.02845206 0.06066219 0.06117118 ... 0.02860026 0.02852687 0.02845783]
 [0.0284519  0.06140791 0.06201292 ... 0.0286015  0.02852746 0.0284578 ]
 [0.02845326 0.06198036 0.06270685 ... 0.02860364 0.02852927 0.02845929]]
00:00:00.01 State variable yB: [[0.91735491 0.89951516 0.89954214 ... 0.91732023 0.91733587 0.91735074]
 [0.91765021 0.89902428 0.89903226 ... 0.91761    0.9176291  0.91764717]
 [0.91788389 0.8985248  0.89851064 ... 0.91783656 0.91785962 0.91788138]
 ...
 [0.91871144 0.88986247 0.88939798 ... 0.9186766  0.91873868 0.91879708]
 [0.91867844 0.8891211  0.8885654  ... 0.9186779  0.91874053 0.91879946]
 [0.91863309 0.88853373 0.88786295 ... 0.91867654 0.91873946 0.91879865]]
00:00:00.01 State variable yC: [[0.05282069 0.04993536 0.04992689 ... 0.05281937 0.05282062 0.0528218 ]
 [0.05283433 0.0498957  0.04988073 ... 0.05282978 0.05283203 0.05283414]
 [0.052841   0.04986684 0.04984818 ... 0.05283381 0.05283703 0.05284006]
 ...
 [0.0528365  0.04947534 0.04943084 ... 0.05272314 0.05273445 0.05274509]
 [0.05286966 0.04947099 0.04942167 ... 0.0527206  0.05273201 0.05274274]
 [0.05291365 0.04948591 0.0494302  ... 0.05271982 0.05273128 0.05274206]]
00:00:00.01 State variable velocity: yC
02:45:15.30 done
