Starting at 2022-07-10 00:04:49.573756
Args: ./mainprocess.py
00:00:00.00 time :[  0.   1.   2.   3.   4.   5.   6.   7.   8.   9.  10.  11.  12.  13.
  14.  15.  16.  17.  18.  19.  20.  21.  22.  23.  24.  25.  26.  27.
  28.  29.  30.  31.  32.  33.  34.  35.  36.  37.  38.  39.  40.  41.
  42.  43.  44.  45.  46.  47.  48.  49.  50.  51.  52.  53.  54.  55.
  56.  57.  58.  59.  60.  61.  62.  63.  64.  65.  66.  67.  68.  69.
  70.  71.  72.  73.  74.  75.  76.  77.  78.  79.  80.  81.  82.  83.
  84.  85.  86.  87.  88.  89.  90.  91.  92.  93.  94.  95.  96.  97.
  98.  99. 100.]
00:00:00.00 parameters: {'R': 8.314, 'nocomponents': 3, 'feed_yi': [0.05, 0.9, 0.05], 'ini_yi': [0.1, 0.8, 0.1], 'collect': ['zL_tads', 'z0_teva', 'zL_tblw'], 'isomodel': 'Langmuir-Freundlich', 'bi': array([5.04740439e+09, 9.51574526e+04, 2.03396153e+05]), 'qsi': array([2.6187734 , 2.61878368, 2.61876453]), 'qs0': 2.618783677847057, 'ni': [1.0, 1.0, 1.0], 'ki': [0.62, 0.62, 0.62], 'Hi': [0, 0, 0], 'mode': 1, 'bed': 1, 'N': 20, 'tN': 101, 'Ta': 298, 'D': 0.3, 'L': 1, 'epsilon': 0.37, 'rp': 0.0007, 'feed_pressure': 10, 'vfeed': 1, 'PI': 100000.0, 'PL': 10000.0, 'lamda_pre': 0.5, 'lamda_blw': 0.5, 'lamda_eva': 0.5, 'tpre': 15, 'tads': 15, 'tblw': 30, 'teva': 40, 'rho_s': 1130, 'rho_w': 7800, 'Cpg': 30.7, 'Cpa': 30.7, 'Cps': 1339, 'Cpw': 502, 'mu': 1.72e-05, 'Dm': 1.6e-05, 'gamma': 1.4, 'Kz': 0.09, 'Kw': 16, 'hin': 8.6, 'hout': 2.5, 'eta': 0.72, 'DL': 0.00049, 'xnames': ['xA', 'xB', 'xC'], 'ynames': ['yA', 'yB', 'yC'], 'state_names': ['P', 'T', 'Tw', 'xA', 'xB', 'xC', 'yA', 'yB', 'yC'], 'state_sizes': [20, 20, 20, 20, 20, 20, 20, 20, 20], 'area': 0.07068583470577035, 'volume': 0.07068583470577035, 'rin': 0.15, 'rout': 0.4, 'epst': 0.5873015873015873, 'epsb': 1.7027027027027026, 'cellsize': 0.05, 'deltaZ': 0.05, 'container_vol': 0.07068583470577035, 'PH': 1000000.0, 'norm_v0': 1, 'norm_t0': 1.0, 'norm_P0': 1000000.0, 'norm_T0': 298, 'norm_tpre': 15.0, 'norm_tads': 30.0, 'norm_tblw': 60.0, 'norm_tend': 100.0, 'tstep': 1.0, 'index_tpre': 15, 'index_tads': 30, 'index_tblw': 60, 'index_tend': 100}
00:00:00.00 State variable P: [[0.01       0.39944824 0.63574223 ... 0.01       0.01       0.01      ]
 [0.01       0.39930725 0.63568511 ... 0.01       0.01       0.01      ]
 [0.01       0.39917356 0.63563101 ... 0.01       0.01       0.01      ]
 ...
 [0.01       0.39805496 0.63518099 ... 0.01       0.01       0.01      ]
 [0.01       0.39803998 0.63517497 ... 0.01       0.01       0.01      ]
 [0.01       0.39803249 0.63517196 ... 0.01       0.01       0.01      ]]
00:00:00.00 State variable T: [[1. 1. 1. ... 1. 1. 1.]
 [1. 1. 1. ... 1. 1. 1.]
 [1. 1. 1. ... 1. 1. 1.]
 ...
 [1. 1. 1. ... 1. 1. 1.]
 [1. 1. 1. ... 1. 1. 1.]
 [1. 1. 1. ... 1. 1. 1.]]
00:00:00.00 State variable Tw: [[1. 1. 1. ... 1. 1. 1.]
 [1. 1. 1. ... 1. 1. 1.]
 [1. 1. 1. ... 1. 1. 1.]
 ...
 [1. 1. 1. ... 1. 1. 1.]
 [1. 1. 1. ... 1. 1. 1.]
 [1. 1. 1. ... 1. 1. 1.]]
00:00:00.01 State variable xA: [[0.99961656 0.99961657 0.99961656 ... 0.99961656 0.99961656 0.99961656]
 [0.99961656 0.99961657 0.99961657 ... 0.99961656 0.99961656 0.99961656]
 [0.99961656 0.99961657 0.99961657 ... 0.99961656 0.99961656 0.99961656]
 ...
 [0.99961656 0.99961657 0.99961657 ... 0.99961657 0.99961658 0.99961658]
 [0.99961656 0.99961657 0.99961657 ... 0.99961658 0.99961658 0.99961658]
 [0.99961656 0.99961657 0.99961657 ... 0.99961659 0.99961659 0.99961659]]
00:00:00.01 State variable xB: [[0.00033919 0.00033921 0.00033922 ... 0.00033919 0.00033919 0.00033919]
 [0.00033919 0.00033921 0.00033922 ... 0.00033919 0.00033919 0.00033919]
 [0.00033919 0.00033921 0.00033921 ... 0.00033919 0.00033919 0.00033919]
 ...
 [0.00033919 0.0003392  0.00033921 ... 0.00033918 0.00033918 0.00033918]
 [0.00033919 0.0003392  0.00033921 ... 0.00033918 0.00033918 0.00033918]
 [0.00033919 0.0003392  0.00033921 ... 0.00033917 0.00033917 0.00033917]]
00:00:00.01 State variable xC: [[4.02791037e-05 4.02802470e-05 4.02819547e-05 ... 4.02792236e-05
  4.02792238e-05 4.02792239e-05]
 [4.02791038e-05 4.02802427e-05 4.02812034e-05 ... 4.02792213e-05
  4.02792215e-05 4.02792216e-05]
 [4.02791041e-05 4.02802391e-05 4.02809869e-05 ... 4.02792193e-05
  4.02792194e-05 4.02792196e-05]
 ...
 [4.02791271e-05 4.02801152e-05 4.02808340e-05 ... 4.02780101e-05
  4.02780059e-05 4.02780016e-05]
 [4.02791291e-05 4.02800055e-05 4.02807239e-05 ... 4.02772961e-05
  4.02772955e-05 4.02772949e-05]
 [4.02791299e-05 4.02798013e-05 4.02804780e-05 ... 4.02765494e-05
  4.02765613e-05 4.02765732e-05]]
00:00:00.02 State variable yA: [[0.05000365 0.04999999 0.04997744 ... 0.05000359 0.05000359 0.05000359]
 [0.05000365 0.04999999 0.0499928  ... 0.0500036  0.0500036  0.0500036 ]
 [0.05000365 0.04999998 0.04999755 ... 0.05000361 0.05000361 0.05000361]
 ...
 [0.05000363 0.04999993 0.04999987 ... 0.05000521 0.05000521 0.05000522]
 [0.05000362 0.05000016 0.05000003 ... 0.05000602 0.05000602 0.05000602]
 [0.05000362 0.0500008  0.05000043 ... 0.05000684 0.05000683 0.05000681]]
00:00:00.02 State variable yB: [[0.89999579 0.90000001 0.90002506 ... 0.89999557 0.89999557 0.89999557]
 [0.89999579 0.90000001 0.90000801 ... 0.89999556 0.89999556 0.89999556]
 [0.89999579 0.90000002 0.90000273 ... 0.89999554 0.89999554 0.89999554]
 ...
 [0.89999581 0.90000007 0.90000014 ... 0.89999371 0.8999937  0.8999937 ]
 [0.89999581 0.89999979 0.89999995 ... 0.89999297 0.89999297 0.89999297]
 [0.89999581 0.89999899 0.89999945 ... 0.89999222 0.89999224 0.89999225]]
00:00:00.02 State variable yC: [[0.05000056 0.05       0.04999788 ... 0.05000065 0.05000065 0.05000065]
 [0.05000056 0.05       0.04999931 ... 0.05000066 0.05000066 0.05000066]
 [0.05000056 0.05       0.04999976 ... 0.05000066 0.05000066 0.05000066]
 ...
 [0.05000057 0.04999999 0.04999999 ... 0.05000076 0.05000076 0.05000076]
 [0.05000057 0.05000005 0.05000002 ... 0.05000069 0.05000069 0.05000068]
 [0.05000057 0.05000021 0.05000012 ... 0.05000061 0.05000061 0.05000061]]
00:00:00.02 State variable velocity: yC
00:00:17.33 done
