Starting at 2022-07-10 00:04:52.718987
Args: ./mainprocess.py
00:00:00.00 time :[  0.   1.   2.   3.   4.   5.   6.   7.   8.   9.  10.  11.  12.  13.
  14.  15.  16.  17.  18.  19.  20.  21.  22.  23.  24.  25.  26.  27.
  28.  29.  30.  31.  32.  33.  34.  35.  36.  37.  38.  39.  40.  41.
  42.  43.  44.  45.  46.  47.  48.  49.  50.  51.  52.  53.  54.  55.
  56.  57.  58.  59.  60.  61.  62.  63.  64.  65.  66.  67.  68.  69.
  70.  71.  72.  73.  74.  75.  76.  77.  78.  79.  80.  81.  82.  83.
  84.  85.  86.  87.  88.  89.  90.  91.  92.  93.  94.  95.  96.  97.
  98.  99. 100.]
00:00:00.00 parameters: {'R': 8.314, 'nocomponents': 3, 'feed_yi': [0.05, 0.9, 0.05], 'ini_yi': [0.1, 0.8, 0.1], 'collect': ['zL_tads', 'z0_teva', 'zL_tblw'], 'isomodel': 'Langmuir-Freundlich', 'bi': array([8.43635222, 0.38220474, 0.53150419]), 'qsi': array([7.8746112 , 8.911939  , 8.00765114]), 'qs0': 8.911938997926468, 'ni': [1.0, 1.0, 1.0], 'ki': [0.62, 0.62, 0.62], 'Hi': [0, 0, 0], 'mode': 1, 'bed': 1, 'N': 20, 'tN': 101, 'Ta': 298, 'D': 0.3, 'L': 1, 'epsilon': 0.37, 'rp': 0.0007, 'feed_pressure': 10, 'vfeed': 1, 'PI': 100000.0, 'PL': 10000.0, 'lamda_pre': 0.5, 'lamda_blw': 0.5, 'lamda_eva': 0.5, 'tpre': 15, 'tads': 15, 'tblw': 30, 'teva': 40, 'rho_s': 1130, 'rho_w': 7800, 'Cpg': 30.7, 'Cpa': 30.7, 'Cps': 1339, 'Cpw': 502, 'mu': 1.72e-05, 'Dm': 1.6e-05, 'gamma': 1.4, 'Kz': 0.09, 'Kw': 16, 'hin': 8.6, 'hout': 2.5, 'eta': 0.72, 'DL': 0.00049, 'xnames': ['xA', 'xB', 'xC'], 'ynames': ['yA', 'yB', 'yC'], 'state_names': ['P', 'T', 'Tw', 'xA', 'xB', 'xC', 'yA', 'yB', 'yC'], 'state_sizes': [20, 20, 20, 20, 20, 20, 20, 20, 20], 'area': 0.07068583470577035, 'volume': 0.07068583470577035, 'rin': 0.15, 'rout': 0.4, 'epst': 0.5873015873015873, 'epsb': 1.7027027027027026, 'cellsize': 0.05, 'deltaZ': 0.05, 'container_vol': 0.07068583470577035, 'PH': 1000000.0, 'norm_v0': 1, 'norm_t0': 1.0, 'norm_P0': 1000000.0, 'norm_T0': 298, 'norm_tpre': 15.0, 'norm_tads': 30.0, 'norm_tblw': 60.0, 'norm_tend': 100.0, 'tstep': 1.0, 'index_tpre': 15, 'index_tads': 30, 'index_tblw': 60, 'index_tend': 100}
00:00:00.00 State variable P: [[0.01028083 0.39725007 0.6347423  ... 0.01031507 0.01029771 0.01028145]
 [0.01079043 0.39288172 0.63269222 ... 0.01088153 0.01083546 0.01079218]
 [0.01126084 0.38869007 0.63073421 ... 0.01140195 0.01133074 0.0112637 ]
 ...
 [0.01481281 0.35123365 0.6137516  ... 0.01527893 0.01504581 0.01482451]
 [0.01485781 0.3506983  0.61351709 ... 0.01532755 0.01509261 0.01486956]
 [0.01488032 0.350429   0.61339975 ... 0.01535186 0.01511601 0.01489208]]
00:00:00.00 State variable T: [[1. 1. 1. ... 1. 1. 1.]
 [1. 1. 1. ... 1. 1. 1.]
 [1. 1. 1. ... 1. 1. 1.]
 ...
 [1. 1. 1. ... 1. 1. 1.]
 [1. 1. 1. ... 1. 1. 1.]
 [1. 1. 1. ... 1. 1. 1.]]
00:00:00.00 State variable Tw: [[1. 1. 1. ... 1. 1. 1.]
 [1. 1. 1. ... 1. 1. 1.]
 [1. 1. 1. ... 1. 1. 1.]
 ...
 [1. 1. 1. ... 1. 1. 1.]
 [1. 1. 1. ... 1. 1. 1.]
 [1. 1. 1. ... 1. 1. 1.]]
00:00:00.00 State variable xA: [[0.13660319 0.18329108 0.24324447 ... 0.13770013 0.13741498 0.13714825]
 [0.13417457 0.16340715 0.20487948 ... 0.13569061 0.13526536 0.13486562]
 [0.1258626  0.144922   0.17254995 ... 0.12761207 0.1271658  0.12674491]
 ...
 [0.03828965 0.03914828 0.03990412 ... 0.03665869 0.03662557 0.03659348]
 [0.03774115 0.03856332 0.03927908 ... 0.03572869 0.03569747 0.03566722]
 [0.03735619 0.03815731 0.03884903 ... 0.03502043 0.03499052 0.03496152]]
00:00:00.00 State variable xB: [[0.02325969 0.14746931 0.26391379 ... 0.02328154 0.02324742 0.02321543]
 [0.0249998  0.15659231 0.28860139 ... 0.02515912 0.02504878 0.02494514]
 [0.02713945 0.16318717 0.30809687 ... 0.02743204 0.02724548 0.02706995]
 ...
 [0.04652387 0.1767118  0.36990881 ... 0.04825107 0.04747302 0.04673429]
 [0.04673134 0.17661947 0.37060905 ... 0.04851115 0.04772616 0.04698078]
 [0.04685036 0.17672779 0.37155982 ... 0.04867077 0.04788193 0.04713287]]
00:00:00.00 State variable xC: [[0.00252572 0.01065668 0.01845801 ... 0.00251861 0.00251964 0.00252071]
 [0.00272617 0.01124605 0.02002507 ... 0.00273276 0.00272612 0.00271997]
 [0.002969   0.01165885 0.02119931 ... 0.00298862 0.0029744  0.00296109]
 ...
 [0.00504816 0.01126391 0.02007721 ... 0.00520151 0.00513354 0.00506885]
 [0.00506039 0.01106975 0.01939026 ... 0.00521841 0.00515012 0.0050851 ]
 [0.00506288 0.01084196 0.01850466 ... 0.00522435 0.00515602 0.00509096]]
00:00:00.00 State variable yA: [[0.21674345 0.03675882 0.03662766 ... 0.21797493 0.21786153 0.21775515]
 [0.20222528 0.02749589 0.0268556  ... 0.20311444 0.20327344 0.20342311]
 [0.18009762 0.02120773 0.02008329 ... 0.18070558 0.18112735 0.18152671]
 ...
 [0.03822802 0.00383816 0.00315918 ... 0.03547756 0.03596344 0.03643673]
 [0.03755036 0.00377392 0.0031034  ... 0.03443983 0.0349148  0.03537758]
 [0.03709866 0.0037289  0.00306452 ... 0.03368102 0.0341473  0.03460167]]
00:00:00.00 State variable yB: [[0.72046701 0.91288838 0.91299159 ... 0.71953616 0.71953979 0.71954078]
 [0.73356342 0.922066   0.92263681 ... 0.73296178 0.73270806 0.73246711]
 [0.7537056  0.92847306 0.92950006 ... 0.75338026 0.75287646 0.75239789]
 ...
 [0.88458031 0.9563157  0.95809055 ... 0.88754426 0.88689186 0.88625861]
 [0.8853434  0.95787051 0.95987171 ... 0.88864569 0.88800094 0.88737505]
 [0.88590056 0.95983963 0.96215693 ... 0.88949192 0.88885307 0.88823292]]
00:00:00.00 State variable yC: [[0.06278954 0.05035279 0.05038075 ... 0.06248891 0.06259868 0.06270407]
 [0.0642113  0.05043812 0.05050759 ... 0.06392379 0.06401851 0.06410978]
 [0.06619678 0.05031921 0.05041665 ... 0.06591416 0.06599618 0.0660754 ]
 ...
 [0.07719167 0.03984615 0.03875027 ... 0.07697818 0.07714469 0.07730465]
 [0.07710624 0.03835556 0.03702488 ... 0.07691448 0.07708426 0.07724737]
 [0.07700077 0.03643148 0.03477855 ... 0.07682707 0.07699962 0.07716542]]
00:00:00.00 State variable velocity: yC
00:00:14.18 done
