Starting at 2022-07-10 00:04:36.921778
Args: ./mainprocess.py
00:00:00.00 time :[  0.   1.   2.   3.   4.   5.   6.   7.   8.   9.  10.  11.  12.  13.
  14.  15.  16.  17.  18.  19.  20.  21.  22.  23.  24.  25.  26.  27.
  28.  29.  30.  31.  32.  33.  34.  35.  36.  37.  38.  39.  40.  41.
  42.  43.  44.  45.  46.  47.  48.  49.  50.  51.  52.  53.  54.  55.
  56.  57.  58.  59.  60.  61.  62.  63.  64.  65.  66.  67.  68.  69.
  70.  71.  72.  73.  74.  75.  76.  77.  78.  79.  80.  81.  82.  83.
  84.  85.  86.  87.  88.  89.  90.  91.  92.  93.  94.  95.  96.  97.
  98.  99. 100.]
00:00:00.00 parameters: {'R': 8.314, 'nocomponents': 3, 'feed_yi': [0.05, 0.9, 0.05], 'ini_yi': [0.1, 0.8, 0.1], 'collect': ['zL_tads', 'z0_teva', 'zL_tblw'], 'isomodel': 'Langmuir-Freundlich', 'bi': array([230.15254268,   0.31431214,   0.34773665]), 'qsi': array([11.44052952, 11.95555382, 10.74469624]), 'qs0': 11.955553823780596, 'ni': [1.0, 1.0, 1.0], 'ki': [0.62, 0.62, 0.62], 'Hi': [0, 0, 0], 'mode': 1, 'bed': 1, 'N': 20, 'tN': 101, 'Ta': 298, 'D': 0.3, 'L': 1, 'epsilon': 0.37, 'rp': 0.0007, 'feed_pressure': 10, 'vfeed': 1, 'PI': 100000.0, 'PL': 10000.0, 'lamda_pre': 0.5, 'lamda_blw': 0.5, 'lamda_eva': 0.5, 'tpre': 15, 'tads': 15, 'tblw': 30, 'teva': 40, 'rho_s': 1130, 'rho_w': 7800, 'Cpg': 30.7, 'Cpa': 30.7, 'Cps': 1339, 'Cpw': 502, 'mu': 1.72e-05, 'Dm': 1.6e-05, 'gamma': 1.4, 'Kz': 0.09, 'Kw': 16, 'hin': 8.6, 'hout': 2.5, 'eta': 0.72, 'DL': 0.00049, 'xnames': ['xA', 'xB', 'xC'], 'ynames': ['yA', 'yB', 'yC'], 'state_names': ['P', 'T', 'Tw', 'xA', 'xB', 'xC', 'yA', 'yB', 'yC'], 'state_sizes': [20, 20, 20, 20, 20, 20, 20, 20, 20], 'area': 0.07068583470577035, 'volume': 0.07068583470577035, 'rin': 0.15, 'rout': 0.4, 'epst': 0.5873015873015873, 'epsb': 1.7027027027027026, 'cellsize': 0.05, 'deltaZ': 0.05, 'container_vol': 0.07068583470577035, 'PH': 1000000.0, 'norm_v0': 1, 'norm_t0': 1.0, 'norm_P0': 1000000.0, 'norm_T0': 298, 'norm_tpre': 15.0, 'norm_tads': 30.0, 'norm_tblw': 60.0, 'norm_tend': 100.0, 'tstep': 1.0, 'index_tpre': 15, 'index_tads': 30, 'index_tblw': 60, 'index_tend': 100}
00:00:00.00 State variable P: [[0.01005382 0.39864642 0.6353494  ... 0.01006385 0.01005902 0.01005454]
 [0.01015834 0.39689928 0.63452501 ... 0.01018737 0.0101734  0.01016037]
 [0.01025844 0.39518885 0.63371897 ... 0.01030536 0.01028277 0.01026169]
 ...
 [0.01109382 0.37756056 0.62549457 ... 0.01128394 0.01119289 0.01110762]
 [0.01110576 0.37728911 0.62536943 ... 0.01129788 0.01120589 0.01111973]
 [0.01111174 0.37715337 0.62530688 ... 0.01130486 0.0112124  0.0111258 ]]
00:00:00.00 State variable T: [[1. 1. 1. ... 1. 1. 1.]
 [1. 1. 1. ... 1. 1. 1.]
 [1. 1. 1. ... 1. 1. 1.]
 ...
 [1. 1. 1. ... 1. 1. 1.]
 [1. 1. 1. ... 1. 1. 1.]
 [1. 1. 1. ... 1. 1. 1.]]
00:00:00.00 State variable Tw: [[1. 1. 1. ... 1. 1. 1.]
 [1. 1. 1. ... 1. 1. 1.]
 [1. 1. 1. ... 1. 1. 1.]
 ...
 [1. 1. 1. ... 1. 1. 1.]
 [1. 1. 1. ... 1. 1. 1.]
 [1. 1. 1. ... 1. 1. 1.]]
00:00:00.00 State variable xA: [[0.85999855 0.87007003 0.88602267 ... 0.86010464 0.86007375 0.86004551]
 [0.85906232 0.86516067 0.87599268 ... 0.85925376 0.85918417 0.85911989]
 [0.85519391 0.85910442 0.86562744 ... 0.85545551 0.85535907 0.85526968]
 ...
 [0.57256731 0.57294332 0.57321883 ... 0.5703992  0.57039129 0.57038391]
 [0.57322582 0.57360605 0.57388235 ... 0.57103201 0.571024   0.57101653]
 [0.57378202 0.57416631 0.57444398 ... 0.57159018 0.57158211 0.57157458]]
00:00:00.00 State variable xB: [[0.00181564 0.01350164 0.02192734 ... 0.00181564 0.001815   0.00181439]
 [0.00188003 0.015616   0.02761871 ... 0.00188368 0.00188119 0.00187888]
 [0.00203841 0.01739548 0.03295741 ... 0.0020463  0.00204152 0.00203708]
 ...
 [0.01225177 0.06980316 0.14556832 ... 0.01257459 0.01245636 0.01234636]
 [0.01224373 0.06957738 0.1452328  ... 0.0125697  0.01245045 0.01233951]
 [0.01223171 0.06941603 0.14495992 ... 0.01255857 0.0124389  0.01232756]]
00:00:00.00 State variable xC: [[9.88273423e-05 7.45056749e-04 1.21085802e-03 ... 9.88354223e-05
  9.87964928e-05 9.87598953e-05]
 [1.02326654e-04 8.61880697e-04 1.52532867e-03 ... 1.02533455e-04
  1.02393716e-04 1.02263897e-04]
 [1.10940790e-04 9.60187510e-04 1.82036310e-03 ... 1.11379789e-04
  1.11114894e-04 1.10869008e-04]
 ...
 [6.66499519e-04 3.87165350e-03 8.09396276e-03 ... 6.84134323e-04
  6.77666079e-04 6.71648817e-04]
 [6.66060635e-04 3.86418059e-03 8.08945566e-03 ... 6.83866985e-04
  6.77343431e-04 6.71274543e-04]
 [6.65408376e-04 3.86347856e-03 8.09811827e-03 ... 6.83263662e-04
  6.76716580e-04 6.70625719e-04]]
00:00:00.00 State variable yA: [[0.39069121 0.03727208 0.03705884 ... 0.3907373  0.39080431 0.39086853]
 [0.38248394 0.0291309  0.02757844 ... 0.38216314 0.38241495 0.38265256]
 [0.36285828 0.02435585 0.02173137 ... 0.36218359 0.36262573 0.36304237]
 ...
 [0.06025264 0.00376768 0.00308779 ... 0.05872712 0.0591872  0.05962408]
 [0.06036207 0.00377984 0.00309694 ... 0.05881815 0.05928315 0.05972477]
 [0.06047645 0.00378976 0.00310468 ... 0.05892546 0.05939341 0.05983786]]
00:00:00.00 State variable yB: [[0.57768602 0.9120558  0.91225838 ... 0.57764017 0.57757771 0.57751784]
 [0.58546909 0.9197653  0.92123714 ... 0.58577103 0.5855334  0.58530915]
 [0.60407793 0.92428496 0.92677267 ... 0.60471529 0.60429726 0.60390332]
 ...
 [0.89100215 0.94344301 0.94406627 ... 0.89244421 0.89201015 0.89159795]
 [0.89089853 0.94334137 0.94396008 ... 0.89235801 0.8919193  0.89150262]
 [0.89079    0.9431786  0.9437874  ... 0.89225616 0.89181466 0.89139531]]
00:00:00.00 State variable yC: [[0.03162277 0.05067212 0.05068278 ... 0.03162253 0.03161798 0.03161363]
 [0.03204697 0.0511038  0.05118442 ... 0.03206583 0.03205165 0.03203828]
 [0.03306379 0.05135919 0.05149595 ... 0.03310112 0.03307702 0.03305431]
 ...
 [0.04874521 0.0527893  0.05284595 ... 0.04882866 0.04880265 0.04877797]
 [0.0487394  0.0528788  0.05294298 ... 0.04882384 0.04879755 0.04877261]
 [0.04873356 0.05303164 0.05310793 ... 0.04881838 0.04879193 0.04876683]]
00:00:00.00 State variable velocity: yC
00:00:29.98 done
