Starting at 2022-07-10 00:05:00.340902
Args: ./mainprocess.py
00:00:00.00 time :[  0.   1.   2.   3.   4.   5.   6.   7.   8.   9.  10.  11.  12.  13.
  14.  15.  16.  17.  18.  19.  20.  21.  22.  23.  24.  25.  26.  27.
  28.  29.  30.  31.  32.  33.  34.  35.  36.  37.  38.  39.  40.  41.
  42.  43.  44.  45.  46.  47.  48.  49.  50.  51.  52.  53.  54.  55.
  56.  57.  58.  59.  60.  61.  62.  63.  64.  65.  66.  67.  68.  69.
  70.  71.  72.  73.  74.  75.  76.  77.  78.  79.  80.  81.  82.  83.
  84.  85.  86.  87.  88.  89.  90.  91.  92.  93.  94.  95.  96.  97.
  98.  99. 100.]
00:00:00.00 parameters: {'R': 8.314, 'nocomponents': 3, 'feed_yi': [0.05, 0.9, 0.05], 'ini_yi': [0.1, 0.8, 0.1], 'collect': ['zL_tads', 'z0_teva', 'zL_tblw'], 'isomodel': 'Langmuir-Freundlich', 'bi': array([2.49759937e+07, 2.42558899e-01, 1.47209298e-01]), 'qsi': array([5.12949654, 3.45025181, 3.49156628]), 'qs0': 5.129496535376485, 'ni': [1.0, 1.0, 1.0], 'ki': [0.62, 0.62, 0.62], 'Hi': [0, 0, 0], 'mode': 1, 'bed': 1, 'N': 20, 'tN': 101, 'Ta': 298, 'D': 0.3, 'L': 1, 'epsilon': 0.37, 'rp': 0.0007, 'feed_pressure': 10, 'vfeed': 1, 'PI': 100000.0, 'PL': 10000.0, 'lamda_pre': 0.5, 'lamda_blw': 0.5, 'lamda_eva': 0.5, 'tpre': 15, 'tads': 15, 'tblw': 30, 'teva': 40, 'rho_s': 1130, 'rho_w': 7800, 'Cpg': 30.7, 'Cpa': 30.7, 'Cps': 1339, 'Cpw': 502, 'mu': 1.72e-05, 'Dm': 1.6e-05, 'gamma': 1.4, 'Kz': 0.09, 'Kw': 16, 'hin': 8.6, 'hout': 2.5, 'eta': 0.72, 'DL': 0.00049, 'xnames': ['xA', 'xB', 'xC'], 'ynames': ['yA', 'yB', 'yC'], 'state_names': ['P', 'T', 'Tw', 'xA', 'xB', 'xC', 'yA', 'yB', 'yC'], 'state_sizes': [20, 20, 20, 20, 20, 20, 20, 20, 20], 'area': 0.07068583470577035, 'volume': 0.07068583470577035, 'rin': 0.15, 'rout': 0.4, 'epst': 0.5873015873015873, 'epsb': 1.7027027027027026, 'cellsize': 0.05, 'deltaZ': 0.05, 'container_vol': 0.07068583470577035, 'PH': 1000000.0, 'norm_v0': 1, 'norm_t0': 1.0, 'norm_P0': 1000000.0, 'norm_T0': 298, 'norm_tpre': 15.0, 'norm_tads': 30.0, 'norm_tblw': 60.0, 'norm_tend': 100.0, 'tstep': 1.0, 'index_tpre': 15, 'index_tads': 30, 'index_tblw': 60, 'index_tend': 100}
00:00:00.00 State variable P: [[0.01       0.39948149 0.63580281 ... 0.01000001 0.01       0.01      ]
 [0.01       0.39934523 0.63575132 ... 0.01000001 0.01       0.01      ]
 [0.01       0.39921608 0.63570253 ... 0.01000001 0.01       0.01      ]
 ...
 [0.01       0.39813717 0.63529568 ... 0.01000001 0.01       0.01      ]
 [0.01       0.39812275 0.63529025 ... 0.01000001 0.01       0.01      ]
 [0.01       0.39811556 0.63528754 ... 0.01000001 0.01       0.01      ]]
00:00:00.00 State variable T: [[1. 1. 1. ... 1. 1. 1.]
 [1. 1. 1. ... 1. 1. 1.]
 [1. 1. 1. ... 1. 1. 1.]
 ...
 [1. 1. 1. ... 1. 1. 1.]
 [1. 1. 1. ... 1. 1. 1.]
 [1. 1. 1. ... 1. 1. 1.]]
00:00:00.00 State variable Tw: [[1. 1. 1. ... 1. 1. 1.]
 [1. 1. 1. ... 1. 1. 1.]
 [1. 1. 1. ... 1. 1. 1.]
 ...
 [1. 1. 1. ... 1. 1. 1.]
 [1. 1. 1. ... 1. 1. 1.]
 [1. 1. 1. ... 1. 1. 1.]]
00:00:00.00 State variable xA: [[0.99999305 0.99999591 0.99999765 ... 0.99999305 0.99999305 0.99999305]
 [0.99999305 0.9999959  0.99999765 ... 0.99999305 0.99999305 0.99999305]
 [0.99999305 0.9999959  0.99999765 ... 0.99999305 0.99999305 0.99999305]
 ...
 [0.99999305 0.99999583 0.99999761 ... 0.99999305 0.99999305 0.99999305]
 [0.99999305 0.99999584 0.99999762 ... 0.99999305 0.99999305 0.99999305]
 [0.99999305 0.99999585 0.99999763 ... 0.99999305 0.99999305 0.99999305]]
00:00:00.00 State variable xB: [[9.89515905e-08 1.07516158e-07 1.12200055e-07 ... 9.89483352e-08
  9.89477064e-08 9.89470775e-08]
 [9.89482971e-08 1.07478309e-07 1.12189733e-07 ... 9.89447875e-08
  9.89442657e-08 9.89437440e-08]
 [9.89423693e-08 1.07442839e-07 1.12181344e-07 ... 9.89385640e-08
  9.89381881e-08 9.89378122e-08]
 ...
 [9.88561017e-08 1.06185020e-07 1.11752926e-07 ... 9.88526942e-08
  9.88526491e-08 9.88526040e-08]
 [9.88549601e-08 1.04898456e-07 1.10490520e-07 ... 9.88515722e-08
  9.88515246e-08 9.88514769e-08]
 [9.88543938e-08 1.02462016e-07 1.07340982e-07 ... 9.88510144e-08
  9.88509657e-08 9.88509171e-08]]
00:00:00.01 State variable xC: [[3.37622195e-09 3.66847338e-09 3.82830343e-09 ... 3.37611091e-09
  3.37608945e-09 3.37606799e-09]
 [3.37610957e-09 3.66718182e-09 3.82795121e-09 ... 3.37598985e-09
  3.37597205e-09 3.37595424e-09]
 [3.37590730e-09 3.66597146e-09 3.82766493e-09 ... 3.37577750e-09
  3.37576467e-09 3.37575183e-09]
 ...
 [3.37296356e-09 3.62305031e-09 3.81304556e-09 ... 3.37284733e-09
  3.37284579e-09 3.37284425e-09]
 [3.37292461e-09 3.57914835e-09 3.76996793e-09 ... 3.37280905e-09
  3.37280742e-09 3.37280579e-09]
 [3.37290528e-09 3.49600866e-09 3.66249481e-09 ... 3.37279001e-09
  3.37278835e-09 3.37278669e-09]]
00:00:00.01 State variable yA: [[0.05886004 0.04998996 0.04998762 ... 0.05886226 0.05886254 0.05886283]
 [0.05886179 0.04998073 0.04997853 ... 0.05886413 0.05886437 0.0588646 ]
 [0.05886498 0.0499709  0.04996938 ... 0.05886747 0.05886763 0.05886779]
 ...
 [0.05891299 0.04981326 0.04973437 ... 0.05891531 0.05891527 0.05891524]
 [0.05891363 0.05049839 0.05013768 ... 0.05891594 0.05891591 0.05891588]
 [0.05891395 0.05273265 0.05144892 ... 0.05891625 0.05891622 0.05891619]]
00:00:00.01 State variable yB: [[0.89160702 0.90000951 0.90001173 ... 0.89160491 0.89160464 0.89160437]
 [0.89160536 0.90001825 0.90002033 ... 0.89160314 0.89160292 0.89160269]
 [0.89160234 0.90002756 0.90002901 ... 0.89159998 0.89159982 0.89159967]
 ...
 [0.89155685 0.9001769  0.90025164 ... 0.89155466 0.89155469 0.89155472]
 [0.89155624 0.89952789 0.89986959 ... 0.89155406 0.89155409 0.89155412]
 [0.89155594 0.89741142 0.89862748 ... 0.89155376 0.89155379 0.89155382]]
00:00:00.01 State variable yC: [[0.04953295 0.05000053 0.05000065 ... 0.04953283 0.04953281 0.0495328 ]
 [0.04953285 0.05000102 0.05000113 ... 0.04953273 0.04953272 0.04953271]
 [0.04953269 0.05000153 0.05000161 ... 0.04953256 0.04953255 0.04953254]
 ...
 [0.04953015 0.05000984 0.050014   ... 0.04953003 0.04953004 0.04953004]
 [0.04953012 0.04997372 0.04999273 ... 0.04953    0.04953    0.04953   ]
 [0.0495301  0.04985593 0.04992361 ... 0.04952998 0.04952999 0.04952999]]
00:00:00.01 State variable velocity: yC
00:00:06.55 done
