Starting at 2022-07-04 23:37:53.473710
Args: ./mainprocess.py
00:00:00.00 time :[  0.   1.   2.   3.   4.   5.   6.   7.   8.   9.  10.  11.  12.  13.
  14.  15.  16.  17.  18.  19.  20.  21.  22.  23.  24.  25.  26.  27.
  28.  29.  30.  31.  32.  33.  34.  35.  36.  37.  38.  39.  40.  41.
  42.  43.  44.  45.  46.  47.  48.  49.  50.  51.  52.  53.  54.  55.
  56.  57.  58.  59.  60.  61.  62.  63.  64.  65.  66.  67.  68.  69.
  70.  71.  72.  73.  74.  75.  76.  77.  78.  79.  80.  81.  82.  83.
  84.  85.  86.  87.  88.  89.  90.  91.  92.  93.  94.  95.  96.  97.
  98.  99. 100.]
00:00:00.00 parameters: {'R': 8.314, 'nocomponents': 3, 'feed_yi': [0.05, 0.9, 0.05], 'ini_yi': [0.1, 0.8, 0.1], 'collect': ['zL_tads', 'z0_teva', 'zL_tblw'], 'isomodel': 'Langmuir-Freundlich', 'bi': array([7.85709845e+09, 7.81297660e+03, 1.06963020e+04]), 'qsi': array([2.92377854, 1.59037986, 1.59044854]), 'qs0': 5.84, 'ni': [1.0, 1.0, 1.0], 'ki': [0.62, 0.62, 0.62], 'Hi': [0, 0, 0], 'mode': 1, 'bed': 1, 'N': 20, 'tN': 101, 'Ta': 298, 'D': 0.3, 'L': 1, 'epsilon': 0.37, 'rp': 0.0007, 'feed_pressure': 1, 'vfeed': 1, 'PI': 50000.0, 'PL': 25000.0, 'PH': 100000.0, 'lamda_pre': 0.5, 'lamda_blw': 0.5, 'lamda_eva': 0.5, 'tpre': 15, 'tads': 15, 'tblw': 30, 'teva': 40, 'rho_s': 1130, 'rho_w': 7800, 'Cpg': 30.7, 'Cpa': 30.7, 'Cps': 1339, 'Cpw': 502, 'mu': 1.72e-05, 'Dm': 1.6e-05, 'gamma': 1.4, 'Kz': 0.09, 'Kw': 16, 'hin': 8.6, 'hout': 2.5, 'eta': 0.72, 'DL': 0.00049, 'xnames': ['xA', 'xB', 'xC'], 'ynames': ['yA', 'yB', 'yC'], 'state_names': ['P', 'T', 'Tw', 'xA', 'xB', 'xC', 'yA', 'yB', 'yC'], 'state_sizes': [20, 20, 20, 20, 20, 20, 20, 20, 20], 'area': 0.07068583470577035, 'volume': 0.07068583470577035, 'rin': 0.15, 'rout': 0.4, 'epst': 0.5873015873015873, 'epsb': 1.7027027027027026, 'cellsize': 0.05, 'deltaZ': 0.05, 'container_vol': 0.07068583470577035, 'norm_v0': 1, 'norm_t0': 1.0, 'norm_P0': 100000.0, 'norm_T0': 298, 'norm_tpre': 15.0, 'norm_tads': 30.0, 'norm_tblw': 60.0, 'norm_tend': 100.0, 'tstep': 1.0, 'index_tpre': 15, 'index_tads': 30, 'index_tblw': 60, 'index_tend': 100}
00:00:00.00 State variable P: [[0.25000014 0.54468622 0.72388707 ... 0.25000002 0.25000001 0.25      ]
 [0.25000015 0.54390717 0.72353558 ... 0.25000002 0.25000001 0.25      ]
 [0.25000015 0.54316704 0.72320222 ... 0.25000002 0.25000001 0.25      ]
 ...
 [0.25000017 0.53692364 0.72041037 ... 0.25000002 0.25000001 0.25      ]
 [0.25000018 0.53683948 0.72037298 ... 0.25000002 0.25000001 0.25      ]
 [0.25000018 0.53679739 0.72035428 ... 0.25000002 0.25000001 0.25      ]]
00:00:00.00 State variable T: [[1. 1. 1. ... 1. 1. 1.]
 [1. 1. 1. ... 1. 1. 1.]
 [1. 1. 1. ... 1. 1. 1.]
 ...
 [1. 1. 1. ... 1. 1. 1.]
 [1. 1. 1. ... 1. 1. 1.]
 [1. 1. 1. ... 1. 1. 1.]]
00:00:00.00 State variable Tw: [[1. 1. 1. ... 1. 1. 1.]
 [1. 1. 1. ... 1. 1. 1.]
 [1. 1. 1. ... 1. 1. 1.]
 ...
 [1. 1. 1. ... 1. 1. 1.]
 [1. 1. 1. ... 1. 1. 1.]
 [1. 1. 1. ... 1. 1. 1.]]
00:00:00.00 State variable xA: [[0.50063736 0.50063736 0.50063737 ... 0.50063736 0.50063736 0.50063736]
 [0.50063736 0.50063736 0.50063737 ... 0.50063736 0.50063736 0.50063736]
 [0.50063736 0.50063736 0.50063737 ... 0.50063736 0.50063736 0.50063736]
 ...
 [0.50063736 0.50063736 0.50063737 ... 0.50063736 0.50063736 0.50063736]
 [0.50063736 0.50063736 0.50063737 ... 0.50063736 0.50063736 0.50063736]
 [0.50063736 0.50063736 0.50063737 ... 0.50063736 0.50063736 0.50063736]]
00:00:00.00 State variable xB: [[4.87394661e-06 4.87407492e-06 4.87415020e-06 ... 4.87398684e-06
  4.87398684e-06 4.87398684e-06]
 [4.87394519e-06 4.87407006e-06 4.87415017e-06 ... 4.87398681e-06
  4.87398682e-06 4.87398682e-06]
 [4.87394245e-06 4.87406407e-06 4.87415086e-06 ... 4.87398684e-06
  4.87398684e-06 4.87398685e-06]
 ...
 [4.87384290e-06 4.87386048e-06 4.87390404e-06 ... 4.87398690e-06
  4.87398690e-06 4.87398690e-06]
 [4.87383959e-06 4.87385464e-06 4.87389278e-06 ... 4.87398689e-06
  4.87398690e-06 4.87398690e-06]
 [4.87383788e-06 4.87385111e-06 4.87388537e-06 ... 4.87398686e-06
  4.87398687e-06 4.87398687e-06]]
00:00:00.00 State variable xC: [[3.70718514e-07 3.70728226e-07 3.70733923e-07 ... 3.70721500e-07
  3.70721500e-07 3.70721500e-07]
 [3.70718409e-07 3.70727860e-07 3.70733923e-07 ... 3.70721497e-07
  3.70721498e-07 3.70721498e-07]
 [3.70718206e-07 3.70727408e-07 3.70733978e-07 ... 3.70721500e-07
  3.70721500e-07 3.70721500e-07]
 ...
 [3.70710805e-07 3.70712133e-07 3.70715425e-07 ... 3.70721504e-07
  3.70721504e-07 3.70721504e-07]
 [3.70710559e-07 3.70711698e-07 3.70714587e-07 ... 3.70721504e-07
  3.70721504e-07 3.70721504e-07]
 [3.70710431e-07 3.70711435e-07 3.70714034e-07 ... 3.70721501e-07
  3.70721502e-07 3.70721502e-07]]
00:00:00.00 State variable yA: [[0.05000282 0.04999994 0.04999851 ... 0.05000242 0.05000242 0.05000242]
 [0.05000283 0.04999991 0.04999939 ... 0.05000242 0.05000242 0.05000242]
 [0.05000286 0.04999987 0.04999964 ... 0.05000242 0.05000242 0.05000242]
 ...
 [0.05000382 0.05000308 0.05000249 ... 0.05000242 0.05000242 0.05000242]
 [0.05000385 0.05000321 0.0500027  ... 0.05000242 0.05000242 0.05000242]
 [0.05000387 0.0500033  0.05000283 ... 0.05000242 0.05000242 0.05000242]]
00:00:00.00 State variable yB: [[0.89999732 0.90000005 0.90000142 ... 0.8999977  0.8999977  0.8999977 ]
 [0.89999731 0.90000009 0.90000058 ... 0.8999977  0.8999977  0.8999977 ]
 [0.89999728 0.90000013 0.90000034 ... 0.8999977  0.8999977  0.8999977 ]
 ...
 [0.89999635 0.89999705 0.89999761 ... 0.8999977  0.8999977  0.8999977 ]
 [0.89999632 0.89999692 0.89999741 ... 0.8999977  0.8999977  0.8999977 ]
 [0.8999963  0.89999684 0.89999728 ... 0.8999977  0.8999977  0.8999977 ]]
00:00:00.00 State variable yC: [[0.04999987 0.05       0.05000007 ... 0.04999988 0.04999988 0.04999988]
 [0.04999987 0.05       0.05000003 ... 0.04999988 0.04999988 0.04999988]
 [0.04999986 0.05000001 0.05000002 ... 0.04999988 0.04999988 0.04999988]
 ...
 [0.04999984 0.04999987 0.0499999  ... 0.04999988 0.04999988 0.04999988]
 [0.04999983 0.04999987 0.04999989 ... 0.04999988 0.04999988 0.04999988]
 [0.04999983 0.04999986 0.04999989 ... 0.04999988 0.04999988 0.04999988]]
00:00:00.00 State variable velocity: yC
00:00:01.18 done
