Starting at 2022-07-09 18:43:29.142759
Args: ./mainprocess.py
00:00:00.00 time :[  0.   1.   2.   3.   4.   5.   6.   7.   8.   9.  10.  11.  12.  13.
  14.  15.  16.  17.  18.  19.  20.  21.  22.  23.  24.  25.  26.  27.
  28.  29.  30.  31.  32.  33.  34.  35.  36.  37.  38.  39.  40.  41.
  42.  43.  44.  45.  46.  47.  48.  49.  50.  51.  52.  53.  54.  55.
  56.  57.  58.  59.  60.  61.  62.  63.  64.  65.  66.  67.  68.  69.
  70.  71.  72.  73.  74.  75.  76.  77.  78.  79.  80.  81.  82.  83.
  84.  85.  86.  87.  88.  89.  90.  91.  92.  93.  94.  95.  96.  97.
  98.  99. 100.]
00:00:00.00 parameters: {'R': 8.314, 'nocomponents': 3, 'feed_yi': [0.05, 0.9, 0.05], 'ini_yi': [0.1, 0.8, 0.1], 'collect': ['zL_tads', 'z0_teva', 'zL_tblw'], 'isomodel': 'Langmuir-Freundlich', 'bi': array([7.85709845e+09, 7.81297660e+03, 1.06963020e+04]), 'qsi': array([2.92377854, 1.59037986, 1.59044854]), 'qs0': 2.923778542575585, 'ni': [1.0, 1.0, 1.0], 'ki': [0.62, 0.62, 0.62], 'Hi': [0, 0, 0], 'mode': 1, 'bed': 1, 'N': 20, 'tN': 101, 'Ta': 298, 'D': 0.3, 'L': 1, 'epsilon': 0.37, 'rp': 0.0007, 'feed_pressure': 10, 'vfeed': 1, 'PI': 100000.0, 'PL': 10000.0, 'lamda_pre': 0.5, 'lamda_blw': 0.5, 'lamda_eva': 0.5, 'tpre': 15, 'tads': 15, 'tblw': 30, 'teva': 40, 'rho_s': 1130, 'rho_w': 7800, 'Cpg': 30.7, 'Cpa': 30.7, 'Cps': 1339, 'Cpw': 502, 'mu': 1.72e-05, 'Dm': 1.6e-05, 'gamma': 1.4, 'Kz': 0.09, 'Kw': 16, 'hin': 8.6, 'hout': 2.5, 'eta': 0.72, 'DL': 0.00049, 'xnames': ['xA', 'xB', 'xC'], 'ynames': ['yA', 'yB', 'yC'], 'state_names': ['P', 'T', 'Tw', 'xA', 'xB', 'xC', 'yA', 'yB', 'yC'], 'state_sizes': [20, 20, 20, 20, 20, 20, 20, 20, 20], 'area': 0.07068583470577035, 'volume': 0.07068583470577035, 'rin': 0.15, 'rout': 0.4, 'epst': 0.5873015873015873, 'epsb': 1.7027027027027026, 'cellsize': 0.05, 'deltaZ': 0.05, 'container_vol': 0.07068583470577035, 'PH': 1000000.0, 'norm_v0': 1, 'norm_t0': 1.0, 'norm_P0': 1000000.0, 'norm_T0': 298, 'norm_tpre': 15.0, 'norm_tads': 30.0, 'norm_tblw': 60.0, 'norm_tend': 100.0, 'tstep': 1.0, 'index_tpre': 15, 'index_tads': 30, 'index_tblw': 60, 'index_tend': 100}
00:00:00.00 State variable P: [[0.01000002 0.39948024 0.63583013 ... 0.01       0.01       0.01      ]
 [0.01000002 0.39934427 0.63577844 ... 0.01       0.01       0.01      ]
 [0.01000002 0.39921542 0.63572948 ... 0.01       0.01       0.01      ]
 ...
 [0.01000002 0.39813979 0.6353212  ... 0.01       0.01       0.01      ]
 [0.01000002 0.39812543 0.63531576 ... 0.01       0.01       0.01      ]
 [0.01000002 0.39811825 0.63531303 ... 0.01       0.01       0.01      ]]
00:00:00.00 State variable T: [[1. 1. 1. ... 1. 1. 1.]
 [1. 1. 1. ... 1. 1. 1.]
 [1. 1. 1. ... 1. 1. 1.]
 ...
 [1. 1. 1. ... 1. 1. 1.]
 [1. 1. 1. ... 1. 1. 1.]
 [1. 1. 1. ... 1. 1. 1.]]
00:00:00.00 State variable Tw: [[1. 1. 1. ... 1. 1. 1.]
 [1. 1. 1. ... 1. 1. 1.]
 [1. 1. 1. ... 1. 1. 1.]
 ...
 [1. 1. 1. ... 1. 1. 1.]
 [1. 1. 1. ... 1. 1. 1.]
 [1. 1. 1. ... 1. 1. 1.]]
00:00:00.00 State variable xA: [[0.99998072 0.99998073 0.99998073 ... 0.99998072 0.99998072 0.99998072]
 [0.99998072 0.99998073 0.99998073 ... 0.99998072 0.99998072 0.99998072]
 [0.99998072 0.99998073 0.99998073 ... 0.99998072 0.99998072 0.99998072]
 ...
 [0.99998072 0.99998073 0.99998073 ... 0.99998072 0.99998072 0.99998072]
 [0.99998072 0.99998073 0.99998073 ... 0.99998072 0.99998072 0.99998072]
 [0.99998072 0.99998073 0.99998073 ... 0.99998072 0.99998072 0.99998072]]
00:00:00.00 State variable xB: [[9.73295657e-06 9.73429741e-06 9.73503074e-06 ... 9.73295747e-06
  9.73295747e-06 9.73295746e-06]
 [9.73295608e-06 9.73429145e-06 9.73502886e-06 ... 9.73295691e-06
  9.73295693e-06 9.73295694e-06]
 [9.73295489e-06 9.73428564e-06 9.73502717e-06 ... 9.73295605e-06
  9.73295608e-06 9.73295611e-06]
 ...
 [9.73293887e-06 9.73409331e-06 9.73495598e-06 ... 9.73294214e-06
  9.73294221e-06 9.73294228e-06]
 [9.73293857e-06 9.73391070e-06 9.73478175e-06 ... 9.73294194e-06
  9.73294200e-06 9.73294206e-06]
 [9.73293856e-06 9.73355132e-06 9.73433514e-06 ... 9.73294182e-06
  9.73294187e-06 9.73294193e-06]]
00:00:00.00 State variable xC: [[7.40301686e-07 7.40403224e-07 7.40458757e-07 ... 7.40301753e-07
  7.40301753e-07 7.40301753e-07]
 [7.40301650e-07 7.40402774e-07 7.40458615e-07 ... 7.40301710e-07
  7.40301712e-07 7.40301713e-07]
 [7.40301560e-07 7.40402334e-07 7.40458487e-07 ... 7.40301645e-07
  7.40301648e-07 7.40301650e-07]
 ...
 [7.40300348e-07 7.40387773e-07 7.40453102e-07 ... 7.40300592e-07
  7.40300598e-07 7.40300603e-07]
 [7.40300324e-07 7.40373948e-07 7.40439912e-07 ... 7.40300577e-07
  7.40300582e-07 7.40300586e-07]
 [7.40300324e-07 7.40346740e-07 7.40406102e-07 ... 7.40300568e-07
  7.40300572e-07 7.40300576e-07]]
00:00:00.01 State variable yA: [[0.05001422 0.04999998 0.04999997 ... 0.05001422 0.05001422 0.05001422]
 [0.05001423 0.04999997 0.04999996 ... 0.05001422 0.05001422 0.05001422]
 [0.05001423 0.04999995 0.04999995 ... 0.05001423 0.05001423 0.05001423]
 ...
 [0.05001431 0.04999971 0.04999957 ... 0.05001429 0.05001429 0.05001429]
 [0.05001431 0.05000081 0.05000021 ... 0.0500143  0.0500143  0.05001429]
 [0.05001431 0.05000435 0.05000229 ... 0.0500143  0.0500143  0.0500143 ]]
00:00:00.01 State variable yB: [[0.89998646 0.90000002 0.90000002 ... 0.89998647 0.89998647 0.89998647]
 [0.89998646 0.90000003 0.90000004 ... 0.89998647 0.89998647 0.89998647]
 [0.89998645 0.90000005 0.90000005 ... 0.89998646 0.89998646 0.89998646]
 ...
 [0.89998638 0.90000028 0.90000041 ... 0.8999864  0.8999864  0.8999864 ]
 [0.89998638 0.89999923 0.8999998  ... 0.8999864  0.8999864  0.8999864 ]
 [0.89998638 0.89999586 0.89999782 ... 0.8999864  0.8999864  0.8999864 ]]
00:00:00.01 State variable yC: [[0.04999931 0.05       0.05       ... 0.04999931 0.04999931 0.04999931]
 [0.04999931 0.05       0.05       ... 0.04999931 0.04999931 0.04999931]
 [0.04999931 0.05       0.05       ... 0.04999931 0.04999931 0.04999931]
 ...
 [0.04999931 0.05000001 0.05000002 ... 0.04999931 0.04999931 0.04999931]
 [0.04999931 0.04999996 0.04999999 ... 0.04999931 0.04999931 0.04999931]
 [0.04999931 0.04999979 0.04999989 ... 0.04999931 0.04999931 0.04999931]]
00:00:00.01 State variable velocity: yC
03:32:29.48 done
