Starting at 2022-07-10 00:05:01.433540
Args: ./mainprocess.py
00:00:00.00 time :[  0.   1.   2.   3.   4.   5.   6.   7.   8.   9.  10.  11.  12.  13.
  14.  15.  16.  17.  18.  19.  20.  21.  22.  23.  24.  25.  26.  27.
  28.  29.  30.  31.  32.  33.  34.  35.  36.  37.  38.  39.  40.  41.
  42.  43.  44.  45.  46.  47.  48.  49.  50.  51.  52.  53.  54.  55.
  56.  57.  58.  59.  60.  61.  62.  63.  64.  65.  66.  67.  68.  69.
  70.  71.  72.  73.  74.  75.  76.  77.  78.  79.  80.  81.  82.  83.
  84.  85.  86.  87.  88.  89.  90.  91.  92.  93.  94.  95.  96.  97.
  98.  99. 100.]
00:00:00.00 parameters: {'R': 8.314, 'nocomponents': 3, 'feed_yi': [0.05, 0.9, 0.05], 'ini_yi': [0.1, 0.8, 0.1], 'collect': ['zL_tads', 'z0_teva', 'zL_tblw'], 'isomodel': 'Langmuir-Freundlich', 'bi': array([2.81094614e+03, 7.54742472e-02, 8.64579531e-02]), 'qsi': array([ 9.2131663 , 10.10786987,  7.71893702]), 'qs0': 10.107869873067566, 'ni': [1.0, 1.0, 1.0], 'ki': [0.62, 0.62, 0.62], 'Hi': [0, 0, 0], 'mode': 1, 'bed': 1, 'N': 20, 'tN': 101, 'Ta': 298, 'D': 0.3, 'L': 1, 'epsilon': 0.37, 'rp': 0.0007, 'feed_pressure': 10, 'vfeed': 1, 'PI': 100000.0, 'PL': 10000.0, 'lamda_pre': 0.5, 'lamda_blw': 0.5, 'lamda_eva': 0.5, 'tpre': 15, 'tads': 15, 'tblw': 30, 'teva': 40, 'rho_s': 1130, 'rho_w': 7800, 'Cpg': 30.7, 'Cpa': 30.7, 'Cps': 1339, 'Cpw': 502, 'mu': 1.72e-05, 'Dm': 1.6e-05, 'gamma': 1.4, 'Kz': 0.09, 'Kw': 16, 'hin': 8.6, 'hout': 2.5, 'eta': 0.72, 'DL': 0.00049, 'xnames': ['xA', 'xB', 'xC'], 'ynames': ['yA', 'yB', 'yC'], 'state_names': ['P', 'T', 'Tw', 'xA', 'xB', 'xC', 'yA', 'yB', 'yC'], 'state_sizes': [20, 20, 20, 20, 20, 20, 20, 20, 20], 'area': 0.07068583470577035, 'volume': 0.07068583470577035, 'rin': 0.15, 'rout': 0.4, 'epst': 0.5873015873015873, 'epsb': 1.7027027027027026, 'cellsize': 0.05, 'deltaZ': 0.05, 'container_vol': 0.07068583470577035, 'PH': 1000000.0, 'norm_v0': 1, 'norm_t0': 1.0, 'norm_P0': 1000000.0, 'norm_T0': 298, 'norm_tpre': 15.0, 'norm_tads': 30.0, 'norm_tblw': 60.0, 'norm_tend': 100.0, 'tstep': 1.0, 'index_tpre': 15, 'index_tads': 30, 'index_tblw': 60, 'index_tend': 100}
00:00:00.00 State variable P: [[0.00999995 0.39945573 0.63576838 ... 0.01000001 0.01       0.01      ]
 [0.00999997 0.39930623 0.6357105  ... 0.01000003 0.01000002 0.01000002]
 [0.01       0.39916487 0.6356559  ... 0.01000005 0.01000004 0.01000003]
 ...
 [0.01000024 0.39798274 0.6352039  ... 0.01000031 0.01000027 0.01000023]
 [0.01000025 0.39796626 0.63519779 ... 0.01000032 0.01000027 0.01000024]
 [0.01000025 0.39795784 0.63519469 ... 0.01000032 0.01000027 0.01000024]]
00:00:00.00 State variable T: [[1. 1. 1. ... 1. 1. 1.]
 [1. 1. 1. ... 1. 1. 1.]
 [1. 1. 1. ... 1. 1. 1.]
 ...
 [1. 1. 1. ... 1. 1. 1.]
 [1. 1. 1. ... 1. 1. 1.]
 [1. 1. 1. ... 1. 1. 1.]]
00:00:00.00 State variable Tw: [[1. 1. 1. ... 1. 1. 1.]
 [1. 1. 1. ... 1. 1. 1.]
 [1. 1. 1. ... 1. 1. 1.]
 ...
 [1. 1. 1. ... 1. 1. 1.]
 [1. 1. 1. ... 1. 1. 1.]
 [1. 1. 1. ... 1. 1. 1.]]
00:00:00.00 State variable xA: [[0.90811001 0.90779603 0.90859259 ... 0.90811039 0.90811057 0.90811074]
 [0.9081116  0.90788482 0.90850789 ... 0.90811211 0.90811222 0.90811234]
 [0.90811424 0.90793889 0.90841021 ... 0.90811488 0.90811493 0.90811498]
 ...
 [0.90814159 0.90883081 0.90897989 ... 0.90814233 0.90814229 0.90814226]
 [0.9081419  0.90911566 0.90940241 ... 0.90814264 0.90814261 0.90814258]
 [0.90814206 0.90940629 0.91003834 ... 0.9081428  0.90814276 0.90814273]]
00:00:00.00 State variable xB: [[1.12600659e-06 2.22269465e-04 3.80793239e-04 ... 1.12301431e-06
  1.12162623e-06 1.12029097e-06]
 [1.11357496e-06 2.25558125e-04 4.22380166e-04 ... 1.10964128e-06
  1.10870512e-06 1.10778899e-06]
 [1.09296088e-06 2.27495238e-04 4.61687854e-04 ... 1.08798528e-06
  1.08754242e-06 1.08710128e-06]
 ...
 [8.78953454e-07 1.25023954e-04 3.81061661e-04 ... 8.73503332e-07
  8.73517288e-07 8.73568244e-07]
 [8.76490705e-07 7.61641449e-05 2.74849304e-04 ... 8.71055668e-07
  8.71066962e-07 8.71115546e-07]
 [8.75262372e-07 2.23723686e-05 1.02968264e-04 ... 8.69834447e-07
  8.69844648e-07 8.69892251e-07]]
00:00:00.00 State variable xC: [[4.89887133e-08 1.08010941e-05 1.85084017e-05 ... 4.88475502e-08
  4.87856106e-08 4.87260556e-08]
 [4.84450153e-08 1.09632616e-05 2.05350371e-05 ... 4.82624469e-08
  4.82204031e-08 4.81792905e-08]
 [4.75419610e-08 1.10600130e-05 2.24530590e-05 ... 4.73132480e-08
  4.72930859e-08 4.72730221e-08]
 ...
 [3.81230403e-08 6.09627195e-06 1.86369020e-05 ... 3.78734341e-08
  3.78741075e-08 3.78764340e-08]
 [3.80145775e-08 3.70940537e-06 1.34321336e-05 ... 3.77656634e-08
  3.77662206e-08 3.77684435e-08]
 [3.79604763e-08 1.08405990e-06 5.01829011e-06 ... 3.77118885e-08
  3.77123986e-08 3.77145791e-08]]
00:00:00.00 State variable yA: [[0.95776157 0.04449381 0.0421689  ... 0.95787428 0.95792097 0.95796621]
 [0.95818621 0.04046824 0.0359526  ... 0.95832916 0.95836152 0.95839343]
 [0.95890254 0.03764291 0.03124801 ... 0.95908134 0.959097   0.95911288]
 ...
 [0.96666108 0.04734733 0.03155679 ... 0.96686521 0.96686208 0.96685833]
 [0.96675158 0.06814367 0.04071181 ... 0.96695523 0.96695218 0.9669485 ]
 [0.96679671 0.19597624 0.08491314 ... 0.96700014 0.96699712 0.96699347]]
00:00:00.00 State variable yB: [[0.04023738 0.90520663 0.90740899 ... 0.04013044 0.04008601 0.04004297]
 [0.03983295 0.90900862 0.91328481 ... 0.03969722 0.03966645 0.03963609]
 [0.03915078 0.91167169 0.9177245  ... 0.03898092 0.03896604 0.03895095]
 ...
 [0.03176402 0.90227239 0.91708007 ... 0.03157005 0.03157303 0.03157659]
 [0.03167786 0.88261643 0.90844935 ... 0.03148434 0.03148725 0.03149074]
 [0.03163489 0.76165079 0.8667107  ... 0.03144159 0.03144446 0.03144793]]
00:00:00.00 State variable yC: [[0.00200105 0.05029955 0.0504221  ... 0.00199528 0.00199302 0.00199082]
 [0.00198084 0.05052314 0.05076259 ... 0.00197362 0.00197204 0.00197048]
 [0.00194668 0.0506854  0.05102749 ... 0.00193773 0.00193696 0.00193617]
 ...
 [0.00157491 0.05038028 0.05136314 ... 0.00156474 0.00156489 0.00156508]
 [0.00157057 0.0492399  0.05083884 ... 0.00156042 0.00156057 0.00156076]
 [0.0015684  0.04237297 0.04837616 ... 0.00155827 0.00155842 0.0015586 ]]
00:00:00.00 State variable velocity: yC
00:00:05.46 done
