Starting at 2022-07-09 18:00:41.937031
Args: ./mainprocess.py
00:00:00.00 time :[  0.   1.   2.   3.   4.   5.   6.   7.   8.   9.  10.  11.  12.  13.
  14.  15.  16.  17.  18.  19.  20.  21.  22.  23.  24.  25.  26.  27.
  28.  29.  30.  31.  32.  33.  34.  35.  36.  37.  38.  39.  40.  41.
  42.  43.  44.  45.  46.  47.  48.  49.  50.  51.  52.  53.  54.  55.
  56.  57.  58.  59.  60.  61.  62.  63.  64.  65.  66.  67.  68.  69.
  70.  71.  72.  73.  74.  75.  76.  77.  78.  79.  80.  81.  82.  83.
  84.  85.  86.  87.  88.  89.  90.  91.  92.  93.  94.  95.  96.  97.
  98.  99. 100.]
00:00:00.00 parameters: {'R': 8.314, 'nocomponents': 3, 'feed_yi': [0.05, 0.9, 0.05], 'ini_yi': [0.1, 0.8, 0.1], 'collect': ['zL_tads', 'z0_teva', 'zL_tblw'], 'isomodel': 'Langmuir-Freundlich', 'bi': array([31.57620939,  2.93955798,  4.31794178]), 'qsi': array([8.8720055 , 9.21020952, 8.22352525]), 'qs0': 9.210209521513415, 'ni': [1.0, 1.0, 1.0], 'ki': [0.62, 0.62, 0.62], 'Hi': [0, 0, 0], 'mode': 1, 'bed': 1, 'N': 20, 'tN': 101, 'Ta': 298, 'D': 0.3, 'L': 1, 'epsilon': 0.37, 'rp': 0.0007, 'feed_pressure': 10, 'vfeed': 1, 'PI': 100000.0, 'PL': 10000.0, 'lamda_pre': 0.5, 'lamda_blw': 0.5, 'lamda_eva': 0.5, 'tpre': 15, 'tads': 15, 'tblw': 30, 'teva': 40, 'rho_s': 1130, 'rho_w': 7800, 'Cpg': 30.7, 'Cpa': 30.7, 'Cps': 1339, 'Cpw': 502, 'mu': 1.72e-05, 'Dm': 1.6e-05, 'gamma': 1.4, 'Kz': 0.09, 'Kw': 16, 'hin': 8.6, 'hout': 2.5, 'eta': 0.72, 'DL': 0.00049, 'xnames': ['xA', 'xB', 'xC'], 'ynames': ['yA', 'yB', 'yC'], 'state_names': ['P', 'T', 'Tw', 'xA', 'xB', 'xC', 'yA', 'yB', 'yC'], 'state_sizes': [20, 20, 20, 20, 20, 20, 20, 20, 20], 'area': 0.07068583470577035, 'volume': 0.07068583470577035, 'rin': 0.15, 'rout': 0.4, 'epst': 0.5873015873015873, 'epsb': 1.7027027027027026, 'cellsize': 0.05, 'deltaZ': 0.05, 'container_vol': 0.07068583470577035, 'PH': 1000000.0, 'norm_v0': 1, 'norm_t0': 1.0, 'norm_P0': 1000000.0, 'norm_T0': 298, 'norm_tpre': 15.0, 'norm_tads': 30.0, 'norm_tblw': 60.0, 'norm_tend': 100.0, 'tstep': 1.0, 'index_tpre': 15, 'index_tads': 30, 'index_tblw': 60, 'index_tend': 100}
00:00:00.00 State variable P: [[0.01091695 0.39752861 0.6350601  ... 0.01097906 0.01094708 0.01091671]
 [0.01237584 0.39371475 0.63363749 ... 0.01251798 0.012445   0.01237534]
 [0.0136605  0.39007548 0.63228852 ... 0.0138673  0.01376129 0.01365987]
 ...
 [0.0222347  0.3582695  0.62088266 ... 0.02279376 0.02251036 0.02223753]
 [0.02233272 0.35782114 0.62072722 ... 0.02289542 0.02261027 0.02233574]
 [0.02238166 0.35759664 0.62064948 ... 0.02294618 0.02266016 0.02238479]]
00:00:00.00 State variable T: [[1. 1. 1. ... 1. 1. 1.]
 [1. 1. 1. ... 1. 1. 1.]
 [1. 1. 1. ... 1. 1. 1.]
 ...
 [1. 1. 1. ... 1. 1. 1.]
 [1. 1. 1. ... 1. 1. 1.]
 [1. 1. 1. ... 1. 1. 1.]]
00:00:00.00 State variable Tw: [[1. 1. 1. ... 1. 1. 1.]
 [1. 1. 1. ... 1. 1. 1.]
 [1. 1. 1. ... 1. 1. 1.]
 ...
 [1. 1. 1. ... 1. 1. 1.]
 [1. 1. 1. ... 1. 1. 1.]
 [1. 1. 1. ... 1. 1. 1.]]
00:00:00.01 State variable xA: [[0.2139477  0.24324831 0.26890259 ... 0.21484896 0.21447351 0.21411766]
 [0.21943364 0.23867302 0.25656799 ... 0.22057249 0.2201122  0.21967121]
 [0.21835716 0.23265813 0.24602309 ... 0.21955712 0.21911146 0.21868209]
 ...
 [0.16860101 0.17209798 0.17552588 ... 0.16747192 0.1673373  0.16720435]
 [0.16769101 0.17110046 0.17445228 ... 0.16601358 0.1658824  0.16575278]
 [0.16703514 0.17039253 0.17369475 ... 0.16483911 0.16471023 0.16458286]]
00:00:00.01 State variable xB: [[0.16181027 0.33813456 0.45870785 ... 0.16239625 0.16206598 0.16175218]
 [0.1782893  0.35146249 0.47496854 ... 0.17970774 0.17893836 0.17820244]
 [0.19362726 0.3622967  0.4875611  ... 0.19565811 0.19455946 0.193505  ]
 ...
 [0.29790963 0.41887823 0.55402768 ... 0.30332327 0.30089658 0.2985419 ]
 [0.29922534 0.41938629 0.55490783 ... 0.30490603 0.30246659 0.30009936]
 [0.30001103 0.41982004 0.55562036 ... 0.30593735 0.30348949 0.30111401]]
00:00:00.01 State variable xC: [[0.01439389 0.02585583 0.03389047 ... 0.01442611 0.01440736 0.01438984]
 [0.01588149 0.02681424 0.03487022 ... 0.01598232 0.01592747 0.01587519]
 [0.01722956 0.02758707 0.03557801 ... 0.01737853 0.0172978  0.01722042]
 ...
 [0.02474407 0.03096304 0.03768112 ... 0.02510897 0.02495384 0.02480304]
 [0.02474631 0.03089757 0.0375607  ... 0.02513023 0.02497566 0.02482538]
 [0.02471037 0.030807   0.0374057  ... 0.02511164 0.02495781 0.02480825]]
00:00:00.01 State variable yA: [[0.10691192 0.04383944 0.04359507 ... 0.10697996 0.10700135 0.1070218 ]
 [0.100515   0.0397594  0.03930861 ... 0.10030264 0.1004833  0.10065682]
 [0.09306883 0.03688668 0.03628096 ... 0.09269748 0.09297743 0.09324786]
 ...
 [0.04944649 0.02325865 0.02248856 ... 0.04832973 0.04864595 0.04895615]
 [0.04899972 0.02307884 0.02231097 ... 0.04770477 0.0480177  0.04832471]
 [0.04870734 0.02295146 0.02218569 ... 0.04724259 0.04755299 0.04785753]]
00:00:00.01 State variable yB: [[0.83630049 0.90628038 0.90651393 ... 0.83630758 0.83624968 0.83619342]
 [0.84220753 0.91058556 0.9110215  ... 0.84248839 0.84227528 0.8420699 ]
 [0.84922617 0.91373382 0.91433042 ... 0.84966813 0.84935553 0.84905311]
 ...
 [0.89378595 0.93098862 0.93219801 ... 0.8950088  0.89461716 0.89423328]
 [0.89443376 0.93140058 0.93262757 ... 0.89582605 0.89543629 0.89505424]
 [0.8949231  0.93179186 0.93303186 ... 0.89647696 0.8960885  0.89570769]]
00:00:00.01 State variable yC: [[0.05678759 0.04988019 0.049891   ... 0.05671245 0.05674896 0.05678478]
 [0.05727748 0.04965504 0.04966989 ... 0.05720898 0.05724142 0.05727328]
 [0.05770501 0.0493795  0.04938863 ... 0.05763439 0.05766704 0.05769904]
 ...
 [0.05676756 0.04575273 0.04531343 ... 0.05666147 0.05673689 0.05681057]
 [0.05656652 0.04552058 0.04506147 ... 0.05646918 0.05654601 0.05662106]
 [0.05636956 0.04525668 0.04478245 ... 0.05628045 0.05635851 0.05643477]]
00:00:00.01 State variable velocity: yC
04:15:16.69 done
