Starting at 2022-07-10 00:05:04.778852
Args: ./mainprocess.py
00:00:00.00 time :[  0.   1.   2.   3.   4.   5.   6.   7.   8.   9.  10.  11.  12.  13.
  14.  15.  16.  17.  18.  19.  20.  21.  22.  23.  24.  25.  26.  27.
  28.  29.  30.  31.  32.  33.  34.  35.  36.  37.  38.  39.  40.  41.
  42.  43.  44.  45.  46.  47.  48.  49.  50.  51.  52.  53.  54.  55.
  56.  57.  58.  59.  60.  61.  62.  63.  64.  65.  66.  67.  68.  69.
  70.  71.  72.  73.  74.  75.  76.  77.  78.  79.  80.  81.  82.  83.
  84.  85.  86.  87.  88.  89.  90.  91.  92.  93.  94.  95.  96.  97.
  98.  99. 100.]
00:00:00.00 parameters: {'R': 8.314, 'nocomponents': 3, 'feed_yi': [0.05, 0.9, 0.05], 'ini_yi': [0.1, 0.8, 0.1], 'collect': ['zL_tads', 'z0_teva', 'zL_tblw'], 'isomodel': 'Langmuir-Freundlich', 'bi': array([ 43.67337478,  62.95482795, 102.01122245]), 'qsi': array([3.91908536, 3.92096731, 3.90537527]), 'qs0': 3.920967311661348, 'ni': [1.0, 1.0, 1.0], 'ki': [0.62, 0.62, 0.62], 'Hi': [0, 0, 0], 'mode': 1, 'bed': 1, 'N': 20, 'tN': 101, 'Ta': 298, 'D': 0.3, 'L': 1, 'epsilon': 0.37, 'rp': 0.0007, 'feed_pressure': 10, 'vfeed': 1, 'PI': 100000.0, 'PL': 10000.0, 'lamda_pre': 0.5, 'lamda_blw': 0.5, 'lamda_eva': 0.5, 'tpre': 15, 'tads': 15, 'tblw': 30, 'teva': 40, 'rho_s': 1130, 'rho_w': 7800, 'Cpg': 30.7, 'Cpa': 30.7, 'Cps': 1339, 'Cpw': 502, 'mu': 1.72e-05, 'Dm': 1.6e-05, 'gamma': 1.4, 'Kz': 0.09, 'Kw': 16, 'hin': 8.6, 'hout': 2.5, 'eta': 0.72, 'DL': 0.00049, 'xnames': ['xA', 'xB', 'xC'], 'ynames': ['yA', 'yB', 'yC'], 'state_names': ['P', 'T', 'Tw', 'xA', 'xB', 'xC', 'yA', 'yB', 'yC'], 'state_sizes': [20, 20, 20, 20, 20, 20, 20, 20, 20], 'area': 0.07068583470577035, 'volume': 0.07068583470577035, 'rin': 0.15, 'rout': 0.4, 'epst': 0.5873015873015873, 'epsb': 1.7027027027027026, 'cellsize': 0.05, 'deltaZ': 0.05, 'container_vol': 0.07068583470577035, 'PH': 1000000.0, 'norm_v0': 1, 'norm_t0': 1.0, 'norm_P0': 1000000.0, 'norm_T0': 298, 'norm_tpre': 15.0, 'norm_tads': 30.0, 'norm_tblw': 60.0, 'norm_tend': 100.0, 'tstep': 1.0, 'index_tpre': 15, 'index_tads': 30, 'index_tblw': 60, 'index_tend': 100}
00:00:00.00 State variable P: [[0.01009004 0.39928792 0.63581849 ... 0.01009703 0.01009275 0.01008874]
 [0.01026456 0.3987948  0.63564418 ... 0.01028476 0.01027242 0.01026085]
 [0.01043379 0.39832825 0.63547941 ... 0.0104666  0.01044663 0.01042787]
 ...
 [0.01193281 0.39445692 0.6341181  ... 0.01206979 0.01198977 0.01191385]
 [0.01195338 0.3944054  0.63410006 ... 0.0120917  0.01201094 0.01193432]
 [0.01196367 0.39437964 0.63409104 ... 0.01210266 0.01202154 0.01194456]]
00:00:00.00 State variable T: [[1. 1. 1. ... 1. 1. 1.]
 [1. 1. 1. ... 1. 1. 1.]
 [1. 1. 1. ... 1. 1. 1.]
 ...
 [1. 1. 1. ... 1. 1. 1.]
 [1. 1. 1. ... 1. 1. 1.]
 [1. 1. 1. ... 1. 1. 1.]]
00:00:00.00 State variable Tw: [[1. 1. 1. ... 1. 1. 1.]
 [1. 1. 1. ... 1. 1. 1.]
 [1. 1. 1. ... 1. 1. 1.]
 ...
 [1. 1. 1. ... 1. 1. 1.]
 [1. 1. 1. ... 1. 1. 1.]
 [1. 1. 1. ... 1. 1. 1.]]
00:00:00.00 State variable xA: [[0.02787781 0.03061057 0.03223831 ... 0.02788574 0.02788297 0.02788037]
 [0.02793522 0.03064739 0.03228346 ... 0.02795018 0.02794304 0.02793634]
 [0.02799904 0.03068269 0.032321   ... 0.02802074 0.02800965 0.02799924]
 ...
 [0.02862688 0.030859   0.03241529 ... 0.02873292 0.0286986  0.02866576]
 [0.02863014 0.03085325 0.03240835 ... 0.02874658 0.02871204 0.02867899]
 [0.02862754 0.03084576 0.03240014 ... 0.02875541 0.02872075 0.02868759]]
00:00:00.00 State variable xB: [[0.76571622 0.81679883 0.84774787 ... 0.76579434 0.76574578 0.76570055]
 [0.76761836 0.81763686 0.84820464 ... 0.76783851 0.76770274 0.76757581]
 [0.76940711 0.81840774 0.84861422 ... 0.76975744 0.76954446 0.76934478]
 ...
 [0.78123943 0.82146989 0.84933323 ... 0.78414858 0.7834979  0.78287524]
 [0.78087806 0.82093364 0.8487589  ... 0.7842571  0.78360284 0.78297661]
 [0.78036018 0.82029431 0.84808038 ... 0.78426464 0.78360868 0.78298076]]
00:00:00.00 State variable xC: [[0.07227834 0.07517346 0.07697222 ... 0.07227574 0.07227276 0.07227   ]
 [0.0724422  0.07524027 0.07697427 ... 0.0724455  0.07243729 0.07242962]
 [0.07257895 0.07530107 0.07699111 ... 0.07258559 0.0725728  0.07256082]
 ...
 [0.07535716 0.07759155 0.07913226 ... 0.07350543 0.07346767 0.07343152]
 [0.07591985 0.07817558 0.07973517 ... 0.07357533 0.07353731 0.07350091]
 [0.07655708 0.07885052 0.08043597 ... 0.07365655 0.07361833 0.07358174]]
00:00:00.00 State variable yA: [[0.04725808 0.05010773 0.05013671 ... 0.04726657 0.04726501 0.0472635 ]
 [0.04723644 0.05018628 0.05021112 ... 0.04724796 0.04724455 0.04724132]
 [0.0472326  0.05024311 0.05026781 ... 0.04724737 0.04724223 0.04723737]
 ...
 [0.0474707  0.05027405 0.05031121 ... 0.04753988 0.04752366 0.04750814]
 [0.04747635 0.05027427 0.05031144 ... 0.04755292 0.04753659 0.04752095]
 [0.04747887 0.0502756  0.05031269 ... 0.04756357 0.04754717 0.04753147]]
00:00:00.00 State variable yB: [[0.90009697 0.89998492 0.89998272 ... 0.90009579 0.90009626 0.90009672]
 [0.90012506 0.89995395 0.89995417 ... 0.90012593 0.90012628 0.90012662]
 [0.90014784 0.89991878 0.89992018 ... 0.90015151 0.90015181 0.90015211]
 ...
 [0.89878621 0.89860102 0.8985967  ... 0.90015152 0.90015221 0.90015286]
 [0.89837891 0.89819347 0.8981891  ... 0.90009892 0.90009964 0.90010031]
 [0.89791436 0.89771401 0.89771244 ... 0.90003472 0.90003548 0.90003619]]
00:00:00.00 State variable yC: [[0.05264495 0.04990736 0.04988057 ... 0.05263763 0.05263873 0.05263978]
 [0.05263851 0.04985978 0.04983471 ... 0.05262611 0.05262917 0.05263206]
 [0.05261956 0.04983811 0.04981202 ... 0.05260111 0.05260595 0.05261052]
 ...
 [0.05374309 0.05112493 0.05109208 ... 0.0523086  0.05232413 0.052339  ]
 [0.05414474 0.05153225 0.05149946 ... 0.05234816 0.05236378 0.05237874]
 [0.05460676 0.05201038 0.05197487 ... 0.05240171 0.05241736 0.05243234]]
00:00:00.00 State variable velocity: yC
00:00:02.12 done
