Starting at 2022-07-10 00:05:02.488774
Args: ./mainprocess.py
00:00:00.00 time :[  0.   1.   2.   3.   4.   5.   6.   7.   8.   9.  10.  11.  12.  13.
  14.  15.  16.  17.  18.  19.  20.  21.  22.  23.  24.  25.  26.  27.
  28.  29.  30.  31.  32.  33.  34.  35.  36.  37.  38.  39.  40.  41.
  42.  43.  44.  45.  46.  47.  48.  49.  50.  51.  52.  53.  54.  55.
  56.  57.  58.  59.  60.  61.  62.  63.  64.  65.  66.  67.  68.  69.
  70.  71.  72.  73.  74.  75.  76.  77.  78.  79.  80.  81.  82.  83.
  84.  85.  86.  87.  88.  89.  90.  91.  92.  93.  94.  95.  96.  97.
  98.  99. 100.]
00:00:00.00 parameters: {'R': 8.314, 'nocomponents': 3, 'feed_yi': [0.05, 0.9, 0.05], 'ini_yi': [0.1, 0.8, 0.1], 'collect': ['zL_tads', 'z0_teva', 'zL_tblw'], 'isomodel': 'Langmuir-Freundlich', 'bi': array([5.04740439e+09, 8.50414913e+04, 2.10337648e+05]), 'qsi': array([2.6187734 , 2.6188184 , 2.61872499]), 'qs0': 2.6188184047294705, 'ni': [1.0, 1.0, 1.0], 'ki': [0.62, 0.62, 0.62], 'Hi': [0, 0, 0], 'mode': 1, 'bed': 1, 'N': 20, 'tN': 101, 'Ta': 298, 'D': 0.3, 'L': 1, 'epsilon': 0.37, 'rp': 0.0007, 'feed_pressure': 10, 'vfeed': 1, 'PI': 100000.0, 'PL': 10000.0, 'lamda_pre': 0.5, 'lamda_blw': 0.5, 'lamda_eva': 0.5, 'tpre': 15, 'tads': 15, 'tblw': 30, 'teva': 40, 'rho_s': 1130, 'rho_w': 7800, 'Cpg': 30.7, 'Cpa': 30.7, 'Cps': 1339, 'Cpw': 502, 'mu': 1.72e-05, 'Dm': 1.6e-05, 'gamma': 1.4, 'Kz': 0.09, 'Kw': 16, 'hin': 8.6, 'hout': 2.5, 'eta': 0.72, 'DL': 0.00049, 'xnames': ['xA', 'xB', 'xC'], 'ynames': ['yA', 'yB', 'yC'], 'state_names': ['P', 'T', 'Tw', 'xA', 'xB', 'xC', 'yA', 'yB', 'yC'], 'state_sizes': [20, 20, 20, 20, 20, 20, 20, 20, 20], 'area': 0.07068583470577035, 'volume': 0.07068583470577035, 'rin': 0.15, 'rout': 0.4, 'epst': 0.5873015873015873, 'epsb': 1.7027027027027026, 'cellsize': 0.05, 'deltaZ': 0.05, 'container_vol': 0.07068583470577035, 'PH': 1000000.0, 'norm_v0': 1, 'norm_t0': 1.0, 'norm_P0': 1000000.0, 'norm_T0': 298, 'norm_tpre': 15.0, 'norm_tads': 30.0, 'norm_tblw': 60.0, 'norm_tend': 100.0, 'tstep': 1.0, 'index_tpre': 15, 'index_tads': 30, 'index_tblw': 60, 'index_tend': 100}
00:00:00.00 State variable P: [[0.01       0.39944824 0.63574223 ... 0.01000001 0.01       0.01      ]
 [0.01       0.39930725 0.63568511 ... 0.01000001 0.01       0.01      ]
 [0.01       0.39917356 0.63563101 ... 0.01000001 0.01       0.01      ]
 ...
 [0.01       0.39805496 0.63518098 ... 0.01000001 0.01       0.01      ]
 [0.01       0.39803998 0.63517497 ... 0.01000001 0.01       0.01      ]
 [0.01       0.39803249 0.63517196 ... 0.01000001 0.01       0.01      ]]
00:00:00.00 State variable T: [[1. 1. 1. ... 1. 1. 1.]
 [1. 1. 1. ... 1. 1. 1.]
 [1. 1. 1. ... 1. 1. 1.]
 ...
 [1. 1. 1. ... 1. 1. 1.]
 [1. 1. 1. ... 1. 1. 1.]
 [1. 1. 1. ... 1. 1. 1.]]
00:00:00.00 State variable Tw: [[1. 1. 1. ... 1. 1. 1.]
 [1. 1. 1. ... 1. 1. 1.]
 [1. 1. 1. ... 1. 1. 1.]
 ...
 [1. 1. 1. ... 1. 1. 1.]
 [1. 1. 1. ... 1. 1. 1.]
 [1. 1. 1. ... 1. 1. 1.]]
00:00:00.00 State variable xA: [[0.99963798 0.99963799 0.99963798 ... 0.99963798 0.99963798 0.99963798]
 [0.99963798 0.99963799 0.99963798 ... 0.99963798 0.99963798 0.99963798]
 [0.99963798 0.99963799 0.99963799 ... 0.99963798 0.99963798 0.99963798]
 ...
 [0.99963798 0.99963799 0.99963799 ... 0.99963801 0.99963801 0.99963801]
 [0.99963798 0.99963799 0.99963799 ... 0.99963801 0.99963801 0.99963801]
 [0.99963798 0.99963799 0.99963799 ... 0.99963801 0.99963801 0.99963801]]
00:00:00.00 State variable xB: [[0.00030314 0.00030316 0.00030317 ... 0.00030314 0.00030314 0.00030314]
 [0.00030314 0.00030316 0.00030317 ... 0.00030314 0.00030314 0.00030314]
 [0.00030314 0.00030316 0.00030316 ... 0.00030314 0.00030314 0.00030314]
 ...
 [0.00030314 0.00030315 0.00030316 ... 0.00030311 0.00030311 0.00030311]
 [0.00030314 0.00030315 0.00030316 ... 0.00030311 0.00030311 0.00030311]
 [0.00030314 0.00030315 0.00030316 ... 0.0003031  0.0003031  0.0003031 ]]
00:00:00.00 State variable xC: [[4.16538503e-05 4.16551062e-05 4.16569044e-05 ... 4.16585081e-05
  4.16585172e-05 4.16585262e-05]
 [4.16538488e-05 4.16551005e-05 4.16561324e-05 ... 4.16585899e-05
  4.16585975e-05 4.16586051e-05]
 [4.16538465e-05 4.16550949e-05 4.16559090e-05 ... 4.16587420e-05
  4.16587476e-05 4.16587531e-05]
 ...
 [4.16537956e-05 4.16549068e-05 4.16557130e-05 ... 4.16609767e-05
  4.16609685e-05 4.16609605e-05]
 [4.16537905e-05 4.16547761e-05 4.16555823e-05 ... 4.16605956e-05
  4.16605884e-05 4.16605812e-05]
 [4.16537865e-05 4.16545357e-05 4.16552939e-05 ... 4.16603090e-05
  4.16603039e-05 4.16602988e-05]]
00:00:00.00 State variable yA: [[0.05000401 0.04999999 0.0499767  ... 0.05000417 0.05000417 0.05000417]
 [0.05000401 0.04999999 0.04999256 ... 0.05000419 0.05000419 0.05000419]
 [0.05000401 0.04999998 0.04999747 ... 0.05000423 0.05000423 0.05000423]
 ...
 [0.05000407 0.04999995 0.04999988 ... 0.0500081  0.05000809 0.05000809]
 [0.05000408 0.05000021 0.05000006 ... 0.05000878 0.05000878 0.05000877]
 [0.05000408 0.05000096 0.05000053 ... 0.05000924 0.05000923 0.05000922]]
00:00:00.00 State variable yB: [[0.89999525 0.90000001 0.90002633 ... 0.89998581 0.89998579 0.89998577]
 [0.89999525 0.90000001 0.90000842 ... 0.89998564 0.89998563 0.89998561]
 [0.89999525 0.90000002 0.90000287 ... 0.89998534 0.89998533 0.89998532]
 ...
 [0.89999518 0.90000006 0.90000013 ... 0.89997399 0.89997401 0.89997402]
 [0.89999517 0.89999973 0.89999991 ... 0.89997305 0.89997307 0.89997309]
 [0.89999517 0.89999878 0.89999932 ... 0.89997247 0.8999725  0.89997252]]
00:00:00.00 State variable yC: [[0.05000073 0.05       0.049997   ... 0.0500065  0.05000651 0.05000652]
 [0.05000073 0.05       0.04999903 ... 0.05000662 0.05000663 0.05000664]
 [0.05000073 0.05       0.04999967 ... 0.05000683 0.05000684 0.05000685]
 ...
 [0.05000073 0.04999999 0.04999998 ... 0.05001335 0.05001334 0.05001333]
 [0.05000073 0.05000006 0.05000003 ... 0.05001359 0.05001357 0.05001356]
 [0.05000073 0.05000026 0.05000015 ... 0.0500137  0.05001368 0.05001367]]
00:00:00.00 State variable velocity: yC
00:00:04.41 done
