Starting at 2022-07-10 00:04:55.935177
Args: ./mainprocess.py
00:00:00.00 time :[  0.   1.   2.   3.   4.   5.   6.   7.   8.   9.  10.  11.  12.  13.
  14.  15.  16.  17.  18.  19.  20.  21.  22.  23.  24.  25.  26.  27.
  28.  29.  30.  31.  32.  33.  34.  35.  36.  37.  38.  39.  40.  41.
  42.  43.  44.  45.  46.  47.  48.  49.  50.  51.  52.  53.  54.  55.
  56.  57.  58.  59.  60.  61.  62.  63.  64.  65.  66.  67.  68.  69.
  70.  71.  72.  73.  74.  75.  76.  77.  78.  79.  80.  81.  82.  83.
  84.  85.  86.  87.  88.  89.  90.  91.  92.  93.  94.  95.  96.  97.
  98.  99. 100.]
00:00:00.00 parameters: {'R': 8.314, 'nocomponents': 3, 'feed_yi': [0.05, 0.9, 0.05], 'ini_yi': [0.1, 0.8, 0.1], 'collect': ['zL_tads', 'z0_teva', 'zL_tblw'], 'isomodel': 'Langmuir-Freundlich', 'bi': array([1.47957127, 3.50846052, 4.93333826]), 'qsi': array([8.64072113, 9.04980451, 8.54188729]), 'qs0': 9.04980451219944, 'ni': [1.0, 1.0, 1.0], 'ki': [0.62, 0.62, 0.62], 'Hi': [0, 0, 0], 'mode': 1, 'bed': 1, 'N': 20, 'tN': 101, 'Ta': 298, 'D': 0.3, 'L': 1, 'epsilon': 0.37, 'rp': 0.0007, 'feed_pressure': 10, 'vfeed': 1, 'PI': 100000.0, 'PL': 10000.0, 'lamda_pre': 0.5, 'lamda_blw': 0.5, 'lamda_eva': 0.5, 'tpre': 15, 'tads': 15, 'tblw': 30, 'teva': 40, 'rho_s': 1130, 'rho_w': 7800, 'Cpg': 30.7, 'Cpa': 30.7, 'Cps': 1339, 'Cpw': 502, 'mu': 1.72e-05, 'Dm': 1.6e-05, 'gamma': 1.4, 'Kz': 0.09, 'Kw': 16, 'hin': 8.6, 'hout': 2.5, 'eta': 0.72, 'DL': 0.00049, 'xnames': ['xA', 'xB', 'xC'], 'ynames': ['yA', 'yB', 'yC'], 'state_names': ['P', 'T', 'Tw', 'xA', 'xB', 'xC', 'yA', 'yB', 'yC'], 'state_sizes': [20, 20, 20, 20, 20, 20, 20, 20, 20], 'area': 0.07068583470577035, 'volume': 0.07068583470577035, 'rin': 0.15, 'rout': 0.4, 'epst': 0.5873015873015873, 'epsb': 1.7027027027027026, 'cellsize': 0.05, 'deltaZ': 0.05, 'container_vol': 0.07068583470577035, 'PH': 1000000.0, 'norm_v0': 1, 'norm_t0': 1.0, 'norm_P0': 1000000.0, 'norm_T0': 298, 'norm_tpre': 15.0, 'norm_tads': 30.0, 'norm_tblw': 60.0, 'norm_tend': 100.0, 'tstep': 1.0, 'index_tpre': 15, 'index_tads': 30, 'index_tblw': 60, 'index_tend': 100}
00:00:00.00 State variable P: [[0.01105466 0.39731711 0.63498495 ... 0.0111246  0.0110904  0.01105618]
 [0.0126955  0.39310409 0.63341396 ... 0.0128523  0.01277505 0.01269883]
 [0.0141314  0.38909445 0.63192912 ... 0.01435744 0.01424597 0.0141361 ]
 ...
 [0.02353014 0.35450674 0.61956953 ... 0.02411678 0.0238286  0.02354109]
 [0.02363564 0.35402652 0.61940407 ... 0.02422574 0.02393588 0.02364664]
 [0.02368829 0.3537863  0.61932108 ... 0.02428011 0.02398942 0.02369932]]
00:00:00.00 State variable T: [[1. 1. 1. ... 1. 1. 1.]
 [1. 1. 1. ... 1. 1. 1.]
 [1. 1. 1. ... 1. 1. 1.]
 ...
 [1. 1. 1. ... 1. 1. 1.]
 [1. 1. 1. ... 1. 1. 1.]
 [1. 1. 1. ... 1. 1. 1.]]
00:00:00.00 State variable Tw: [[1. 1. 1. ... 1. 1. 1.]
 [1. 1. 1. ... 1. 1. 1.]
 [1. 1. 1. ... 1. 1. 1.]
 ...
 [1. 1. 1. ... 1. 1. 1.]
 [1. 1. 1. ... 1. 1. 1.]
 [1. 1. 1. ... 1. 1. 1.]]
00:00:00.00 State variable xA: [[0.00205409 0.00936363 0.01419682 ... 0.00209179 0.00207299 0.00205483]
 [0.00225674 0.00967441 0.01462195 ... 0.00230951 0.00228324 0.00225796]
 [0.00242858 0.00994504 0.01503353 ... 0.00249273 0.00246086 0.00243019]
 ...
 [0.00358793 0.01374462 0.02576312 ... 0.00371475 0.00365363 0.00359473]
 [0.00361238 0.01464213 0.02850078 ... 0.00374095 0.00367918 0.00361964]
 [0.00363136 0.01633344 0.03369298 ... 0.0037615  0.00369917 0.0036391 ]]
00:00:00.00 State variable xB: [[0.25714134 0.4953887  0.66454714 ... 0.25850551 0.25787759 0.25728132]
 [0.28435996 0.50717573 0.67081095 ... 0.28706277 0.28578116 0.28455412]
 [0.30633862 0.51616495 0.67553675 ... 0.3099356  0.30822412 0.30657916]
 ...
 [0.41885501 0.54048244 0.67983365 ... 0.42599454 0.42308459 0.42025458]
 [0.41979836 0.53916429 0.67659739 ... 0.42707403 0.42415925 0.42132433]
 [0.42021396 0.53701049 0.67070663 ... 0.4276243  0.42470726 0.42187001]]
00:00:00.00 State variable xC: [[0.02275162 0.03824689 0.04956962 ... 0.0227102  0.02266573 0.02262387]
 [0.02515552 0.03908437 0.04969666 ... 0.02518717 0.02509078 0.0249987 ]
 [0.02702375 0.03970077 0.04973356 ... 0.02708454 0.02695649 0.02683352]
 ...
 [0.03553879 0.04192732 0.04899288 ... 0.03444266 0.03426424 0.03409034]
 [0.03567606 0.04200611 0.04901317 ... 0.03443676 0.03425908 0.03408588]
 [0.03579055 0.04206568 0.04895864 ... 0.03440381 0.03422679 0.03405423]]
00:00:00.00 State variable yA: [[0.01807174 0.05139068 0.05138729 ... 0.01830416 0.01818781 0.01807549]
 [0.01794588 0.052801   0.05279538 ... 0.01819023 0.01806835 0.01795104]
 [0.01791956 0.05424671 0.05424903 ... 0.01817735 0.01804913 0.01792602]
 ...
 [0.01930527 0.09815096 0.10135314 ... 0.01968919 0.01950385 0.0193281 ]
 [0.01938754 0.10885642 0.1132866  ... 0.01977698 0.01958957 0.01941186]
 [0.01946406 0.12875815 0.13538606 ... 0.01985881 0.01966948 0.01948994]]
00:00:00.00 State variable yB: [[0.92050601 0.89924842 0.89926116 ... 0.92070536 0.92078721 0.92086666]
 [0.92061885 0.89841507 0.89844349 ... 0.92086858 0.92094649 0.92102237]
 [0.92079074 0.89749319 0.89753363 ... 0.92109616 0.92117141 0.92124479]
 ...
 [0.92161889 0.85761982 0.8550119  ... 0.92387752 0.92396405 0.92404763]
 [0.92145299 0.84720109 0.84342472 ... 0.92393704 0.92402499 0.92410991]
 [0.921259   0.8279181  0.82203783 ... 0.92397795 0.92406734 0.92415364]]
00:00:00.00 State variable yC: [[0.06142225 0.0493609  0.04935155 ... 0.06099048 0.06102498 0.06105785]
 [0.06143527 0.04878393 0.04876113 ... 0.06094119 0.06098517 0.06102659]
 [0.0612897  0.0482601  0.04821734 ... 0.06072649 0.06077946 0.06082919]
 ...
 [0.05907584 0.04422922 0.04363496 ... 0.05643329 0.0565321  0.05662427]
 [0.05915947 0.04394248 0.04328867 ... 0.05628598 0.05638544 0.05647823]
 [0.05927694 0.04332374 0.04257611 ... 0.05616324 0.05626318 0.05635642]]
00:00:00.00 State variable velocity: yC
00:00:10.96 done
