Starting at 2022-07-09 19:55:03.609660
Args: ./mainprocess.py
00:00:00.00 time :[  0.   1.   2.   3.   4.   5.   6.   7.   8.   9.  10.  11.  12.  13.
  14.  15.  16.  17.  18.  19.  20.  21.  22.  23.  24.  25.  26.  27.
  28.  29.  30.  31.  32.  33.  34.  35.  36.  37.  38.  39.  40.  41.
  42.  43.  44.  45.  46.  47.  48.  49.  50.  51.  52.  53.  54.  55.
  56.  57.  58.  59.  60.  61.  62.  63.  64.  65.  66.  67.  68.  69.
  70.  71.  72.  73.  74.  75.  76.  77.  78.  79.  80.  81.  82.  83.
  84.  85.  86.  87.  88.  89.  90.  91.  92.  93.  94.  95.  96.  97.
  98.  99. 100.]
00:00:00.00 parameters: {'R': 8.314, 'nocomponents': 3, 'feed_yi': [0.05, 0.9, 0.05], 'ini_yi': [0.1, 0.8, 0.1], 'collect': ['zL_tads', 'z0_teva', 'zL_tblw'], 'isomodel': 'Langmuir-Freundlich', 'bi': array([111.1768717 ,  12.63113779,  16.44972844]), 'qsi': array([5.6476602 , 5.78214399, 5.69660252]), 'qs0': 5.782143988877373, 'ni': [1.0, 1.0, 1.0], 'ki': [0.62, 0.62, 0.62], 'Hi': [0, 0, 0], 'mode': 1, 'bed': 1, 'N': 20, 'tN': 101, 'Ta': 298, 'D': 0.3, 'L': 1, 'epsilon': 0.37, 'rp': 0.0007, 'feed_pressure': 10, 'vfeed': 1, 'PI': 100000.0, 'PL': 10000.0, 'lamda_pre': 0.5, 'lamda_blw': 0.5, 'lamda_eva': 0.5, 'tpre': 15, 'tads': 15, 'tblw': 30, 'teva': 40, 'rho_s': 1130, 'rho_w': 7800, 'Cpg': 30.7, 'Cpa': 30.7, 'Cps': 1339, 'Cpw': 502, 'mu': 1.72e-05, 'Dm': 1.6e-05, 'gamma': 1.4, 'Kz': 0.09, 'Kw': 16, 'hin': 8.6, 'hout': 2.5, 'eta': 0.72, 'DL': 0.00049, 'xnames': ['xA', 'xB', 'xC'], 'ynames': ['yA', 'yB', 'yC'], 'state_names': ['P', 'T', 'Tw', 'xA', 'xB', 'xC', 'yA', 'yB', 'yC'], 'state_sizes': [20, 20, 20, 20, 20, 20, 20, 20, 20], 'area': 0.07068583470577035, 'volume': 0.07068583470577035, 'rin': 0.15, 'rout': 0.4, 'epst': 0.5873015873015873, 'epsb': 1.7027027027027026, 'cellsize': 0.05, 'deltaZ': 0.05, 'container_vol': 0.07068583470577035, 'PH': 1000000.0, 'norm_v0': 1, 'norm_t0': 1.0, 'norm_P0': 1000000.0, 'norm_T0': 298, 'norm_tpre': 15.0, 'norm_tads': 30.0, 'norm_tblw': 60.0, 'norm_tend': 100.0, 'tstep': 1.0, 'index_tpre': 15, 'index_tads': 30, 'index_tblw': 60, 'index_tend': 100}
00:00:00.00 State variable P: [[0.01035953 0.3988491  0.63555396 ... 0.01038209 0.0103693  0.01035739]
 [0.01100679 0.39753661 0.63508703 ... 0.01106632 0.01103273 0.01100129]
 [0.01160715 0.39629691 0.63464697 ... 0.01169923 0.0116475  0.01159892]
 ...
 [0.01609881 0.38602808 0.63103967 ... 0.01639486 0.01623397 0.01608117]
 [0.01615309 0.3858911  0.63099204 ... 0.01645133 0.01628935 0.01613548]
 [0.01618019 0.38582266 0.63096824 ... 0.01647954 0.016317   0.0161626 ]]
00:00:00.00 State variable T: [[1. 1. 1. ... 1. 1. 1.]
 [1. 1. 1. ... 1. 1. 1.]
 [1. 1. 1. ... 1. 1. 1.]
 ...
 [1. 1. 1. ... 1. 1. 1.]
 [1. 1. 1. ... 1. 1. 1.]
 [1. 1. 1. ... 1. 1. 1.]]
00:00:00.00 State variable Tw: [[1. 1. 1. ... 1. 1. 1.]
 [1. 1. 1. ... 1. 1. 1.]
 [1. 1. 1. ... 1. 1. 1.]
 ...
 [1. 1. 1. ... 1. 1. 1.]
 [1. 1. 1. ... 1. 1. 1.]
 [1. 1. 1. ... 1. 1. 1.]]
00:00:00.00 State variable xA: [[0.27259665 0.28137344 0.28793612 ... 0.27271335 0.272651   0.27259331]
 [0.27406516 0.28118066 0.28619992 ... 0.27424447 0.27415229 0.27406574]
 [0.27410222 0.28050459 0.28486188 ... 0.27431005 0.27420371 0.27410315]
 ...
 [0.26882015 0.27276343 0.27582447 ... 0.26731898 0.26721084 0.26710633]
 [0.26921052 0.27313791 0.27619795 ... 0.26731927 0.26721127 0.2671069 ]
 [0.26974529 0.27367685 0.27674474 ... 0.26742467 0.26731658 0.26721211]]
00:00:00.01 State variable xB: [[0.36890751 0.48480349 0.55679653 ... 0.36925023 0.36905068 0.36886479]
 [0.37880172 0.4904183  0.56144198 ... 0.37968767 0.37917766 0.37869848]
 [0.3880909  0.49540955 0.5651158  ... 0.38939979 0.38865489 0.38795094]
 ...
 [0.44628188 0.52287358 0.58474304 ... 0.45029632 0.44875271 0.44726065]
 [0.44657872 0.52270264 0.58450952 ... 0.450866   0.44931889 0.44782324]
 [0.44650939 0.52235859 0.58410621 ... 0.45109169 0.44954311 0.44804591]]
00:00:00.01 State variable xC: [[0.02887294 0.03585593 0.04027146 ... 0.02888585 0.02887524 0.02886557]
 [0.02967798 0.03624222 0.0404971  ... 0.0297285  0.0296966  0.02966677]
 [0.03039141 0.03657783 0.04066711 ... 0.03046949 0.03042218 0.03037755]
 ...
 [0.03401227 0.03820596 0.04155606 ... 0.03427697 0.03418502 0.03409606]
 [0.03399153 0.03815504 0.041496   ... 0.03427825 0.03418633 0.03409739]
 [0.03394776 0.03808885 0.0414192  ... 0.03425827 0.03416646 0.03407762]]
00:00:00.01 State variable yA: [[0.07497099 0.0484988  0.04834413 ... 0.07493995 0.07495908 0.07497701]
 [0.0735879  0.04775884 0.04752872 ... 0.07348288 0.07354518 0.07360408]
 [0.07201642 0.04731423 0.04704913 ... 0.07185577 0.0719491  0.07203794]
 ...
 [0.06230395 0.04504252 0.04474146 ... 0.06147683 0.06164172 0.06180233]
 [0.06235438 0.04512258 0.04482068 ... 0.0614083  0.06157326 0.06173396]
 [0.06248334 0.04524221 0.04493925 ... 0.06140579 0.06157083 0.06173161]]
00:00:00.01 State variable yB: [[0.87183255 0.90167736 0.90182882 ... 0.8718855  0.87185914 0.87183413]
 [0.87307685 0.90259068 0.90282398 ... 0.87320677 0.87313524 0.87306742]
 [0.8745748  0.90318498 0.9034624  ... 0.87476502 0.87466    0.87455994]
 ...
 [0.88506275 0.90601869 0.90639728 ... 0.8859002  0.88570905 0.88552296]
 [0.88507809 0.90599307 0.90637273 ... 0.88602545 0.88583405 0.88564767]
 [0.88501227 0.90593726 0.90631786 ... 0.8860813  0.88588968 0.88570309]]
00:00:00.01 State variable yC: [[0.05319646 0.04982385 0.04982705 ... 0.05317455 0.05318178 0.05318886]
 [0.05333525 0.04965048 0.04964729 ... 0.05331035 0.05331958 0.05332849]
 [0.05340878 0.04950079 0.04948847 ... 0.05337922 0.0533909  0.05340213]
 ...
 [0.0526333  0.04893879 0.04886126 ... 0.05262297 0.05264922 0.05267471]
 [0.05256753 0.04888435 0.04880659 ... 0.05256625 0.05259269 0.05261837]
 [0.05250439 0.04882053 0.04874289 ... 0.05251292 0.05253949 0.0525653 ]]
00:00:00.01 State variable velocity: yC
02:20:55.00 done
