Starting at 2022-07-10 00:04:57.032148
Args: ./mainprocess.py
00:00:00.00 time :[  0.   1.   2.   3.   4.   5.   6.   7.   8.   9.  10.  11.  12.  13.
  14.  15.  16.  17.  18.  19.  20.  21.  22.  23.  24.  25.  26.  27.
  28.  29.  30.  31.  32.  33.  34.  35.  36.  37.  38.  39.  40.  41.
  42.  43.  44.  45.  46.  47.  48.  49.  50.  51.  52.  53.  54.  55.
  56.  57.  58.  59.  60.  61.  62.  63.  64.  65.  66.  67.  68.  69.
  70.  71.  72.  73.  74.  75.  76.  77.  78.  79.  80.  81.  82.  83.
  84.  85.  86.  87.  88.  89.  90.  91.  92.  93.  94.  95.  96.  97.
  98.  99. 100.]
00:00:00.00 parameters: {'R': 8.314, 'nocomponents': 3, 'feed_yi': [0.05, 0.9, 0.05], 'ini_yi': [0.1, 0.8, 0.1], 'collect': ['zL_tads', 'z0_teva', 'zL_tblw'], 'isomodel': 'Langmuir-Freundlich', 'bi': array([2.12445532e+09, 5.91282820e+04, 8.32127855e+04]), 'qsi': array([1.96046625, 1.96052142, 1.96049632]), 'qs0': 1.9605214205402761, 'ni': [1.0, 1.0, 1.0], 'ki': [0.62, 0.62, 0.62], 'Hi': [0, 0, 0], 'mode': 1, 'bed': 1, 'N': 20, 'tN': 101, 'Ta': 298, 'D': 0.3, 'L': 1, 'epsilon': 0.37, 'rp': 0.0007, 'feed_pressure': 10, 'vfeed': 1, 'PI': 100000.0, 'PL': 10000.0, 'lamda_pre': 0.5, 'lamda_blw': 0.5, 'lamda_eva': 0.5, 'tpre': 15, 'tads': 15, 'tblw': 30, 'teva': 40, 'rho_s': 1130, 'rho_w': 7800, 'Cpg': 30.7, 'Cpa': 30.7, 'Cps': 1339, 'Cpw': 502, 'mu': 1.72e-05, 'Dm': 1.6e-05, 'gamma': 1.4, 'Kz': 0.09, 'Kw': 16, 'hin': 8.6, 'hout': 2.5, 'eta': 0.72, 'DL': 0.00049, 'xnames': ['xA', 'xB', 'xC'], 'ynames': ['yA', 'yB', 'yC'], 'state_names': ['P', 'T', 'Tw', 'xA', 'xB', 'xC', 'yA', 'yB', 'yC'], 'state_sizes': [20, 20, 20, 20, 20, 20, 20, 20, 20], 'area': 0.07068583470577035, 'volume': 0.07068583470577035, 'rin': 0.15, 'rout': 0.4, 'epst': 0.5873015873015873, 'epsb': 1.7027027027027026, 'cellsize': 0.05, 'deltaZ': 0.05, 'container_vol': 0.07068583470577035, 'PH': 1000000.0, 'norm_v0': 1, 'norm_t0': 1.0, 'norm_P0': 1000000.0, 'norm_T0': 298, 'norm_tpre': 15.0, 'norm_tads': 30.0, 'norm_tblw': 60.0, 'norm_tend': 100.0, 'tstep': 1.0, 'index_tpre': 15, 'index_tads': 30, 'index_tblw': 60, 'index_tend': 100}
00:00:00.00 State variable P: [[0.01       0.39944824 0.63574223 ... 0.01       0.01       0.01      ]
 [0.01       0.39930725 0.63568511 ... 0.01       0.01       0.01      ]
 [0.01       0.39917356 0.63563101 ... 0.01       0.01       0.01      ]
 ...
 [0.01       0.39805496 0.63518099 ... 0.01       0.01       0.01      ]
 [0.01       0.39803999 0.63517498 ... 0.01       0.01       0.01      ]
 [0.01       0.3980325  0.63517197 ... 0.01       0.01       0.01      ]]
00:00:00.00 State variable T: [[1. 1. 1. ... 1. 1. 1.]
 [1. 1. 1. ... 1. 1. 1.]
 [1. 1. 1. ... 1. 1. 1.]
 ...
 [1. 1. 1. ... 1. 1. 1.]
 [1. 1. 1. ... 1. 1. 1.]
 [1. 1. 1. ... 1. 1. 1.]]
00:00:00.00 State variable Tw: [[1. 1. 1. ... 1. 1. 1.]
 [1. 1. 1. ... 1. 1. 1.]
 [1. 1. 1. ... 1. 1. 1.]
 ...
 [1. 1. 1. ... 1. 1. 1.]
 [1. 1. 1. ... 1. 1. 1.]
 [1. 1. 1. ... 1. 1. 1.]]
00:00:00.00 State variable xA: [[0.99943199 0.999432   0.99943198 ... 0.99943199 0.99943199 0.99943199]
 [0.99943199 0.999432   0.999432   ... 0.99943199 0.99943199 0.99943199]
 [0.99943199 0.999432   0.99943201 ... 0.99943199 0.99943199 0.99943199]
 ...
 [0.99943199 0.99943201 0.99943201 ... 0.99943199 0.99943199 0.99943199]
 [0.99943199 0.99943201 0.99943201 ... 0.99943199 0.99943199 0.99943199]
 [0.99943199 0.99943201 0.99943202 ... 0.99943199 0.99943199 0.99943199]]
00:00:00.00 State variable xB: [[0.00050064 0.00050067 0.00050072 ... 0.00050064 0.00050064 0.00050064]
 [0.00050064 0.00050067 0.0005007  ... 0.00050064 0.00050064 0.00050064]
 [0.00050064 0.00050067 0.00050069 ... 0.00050064 0.00050064 0.00050064]
 ...
 [0.00050064 0.00050067 0.00050069 ... 0.00050064 0.00050064 0.00050064]
 [0.00050064 0.00050067 0.00050069 ... 0.00050064 0.00050064 0.00050064]
 [0.00050064 0.00050066 0.00050068 ... 0.00050064 0.00050064 0.00050064]]
00:00:00.00 State variable xC: [[3.91427450e-05 3.91448622e-05 3.91479354e-05 ... 3.91427284e-05
  3.91427284e-05 3.91427284e-05]
 [3.91427438e-05 3.91448534e-05 3.91466053e-05 ... 3.91427270e-05
  3.91427270e-05 3.91427270e-05]
 [3.91427426e-05 3.91448455e-05 3.91462213e-05 ... 3.91427253e-05
  3.91427253e-05 3.91427253e-05]
 ...
 [3.91427573e-05 3.91445936e-05 3.91459303e-05 ... 3.91427153e-05
  3.91427153e-05 3.91427154e-05]
 [3.91427587e-05 3.91443816e-05 3.91457174e-05 ... 3.91427153e-05
  3.91427153e-05 3.91427153e-05]
 [3.91427597e-05 3.91439854e-05 3.91452383e-05 ... 3.91427153e-05
  3.91427153e-05 3.91427153e-05]]
00:00:00.00 State variable yA: [[0.05000612 0.04999999 0.04996233 ... 0.05000614 0.05000614 0.05000614]
 [0.05000612 0.04999998 0.04998798 ... 0.05000614 0.05000614 0.05000614]
 [0.05000612 0.04999997 0.04999591 ... 0.05000614 0.05000614 0.05000614]
 ...
 [0.05000611 0.04999989 0.0499998  ... 0.05000616 0.05000616 0.05000616]
 [0.05000611 0.05000027 0.05000005 ... 0.05000616 0.05000616 0.05000616]
 [0.05000611 0.05000133 0.05000071 ... 0.05000616 0.05000616 0.05000616]]
00:00:00.00 State variable yB: [[0.89999364 0.90000001 0.90003794 ... 0.89999362 0.89999362 0.89999362]
 [0.89999364 0.90000002 0.90001211 ... 0.89999362 0.89999362 0.89999362]
 [0.89999364 0.90000003 0.90000412 ... 0.89999362 0.89999362 0.89999362]
 ...
 [0.89999364 0.90000011 0.90000021 ... 0.8999936  0.8999936  0.8999936 ]
 [0.89999365 0.8999997  0.89999993 ... 0.8999936  0.8999936  0.8999936 ]
 [0.89999365 0.89999856 0.89999922 ... 0.8999936  0.8999936  0.8999936 ]]
00:00:00.00 State variable yC: [[0.05000024 0.05       0.04999955 ... 0.05000024 0.05000024 0.05000024]
 [0.05000024 0.05       0.04999985 ... 0.05000024 0.05000024 0.05000024]
 [0.05000024 0.05       0.04999995 ... 0.05000024 0.05000024 0.05000024]
 ...
 [0.05000024 0.05       0.05       ... 0.05000024 0.05000024 0.05000024]
 [0.05000024 0.05000003 0.05000002 ... 0.05000024 0.05000024 0.05000024]
 [0.05000024 0.05000012 0.05000007 ... 0.05000024 0.05000024 0.05000024]]
00:00:00.00 State variable velocity: yC
00:00:09.86 done
