Starting at 2022-07-09 21:00:13.393816
Args: ./mainprocess.py
00:00:00.00 time :[  0.   1.   2.   3.   4.   5.   6.   7.   8.   9.  10.  11.  12.  13.
  14.  15.  16.  17.  18.  19.  20.  21.  22.  23.  24.  25.  26.  27.
  28.  29.  30.  31.  32.  33.  34.  35.  36.  37.  38.  39.  40.  41.
  42.  43.  44.  45.  46.  47.  48.  49.  50.  51.  52.  53.  54.  55.
  56.  57.  58.  59.  60.  61.  62.  63.  64.  65.  66.  67.  68.  69.
  70.  71.  72.  73.  74.  75.  76.  77.  78.  79.  80.  81.  82.  83.
  84.  85.  86.  87.  88.  89.  90.  91.  92.  93.  94.  95.  96.  97.
  98.  99. 100.]
00:00:00.00 parameters: {'R': 8.314, 'nocomponents': 3, 'feed_yi': [0.05, 0.9, 0.05], 'ini_yi': [0.1, 0.8, 0.1], 'collect': ['zL_tads', 'z0_teva', 'zL_tblw'], 'isomodel': 'Langmuir-Freundlich', 'bi': array([1.96413312e+02, 4.11009146e-03, 7.50000000e+07]), 'qsi': array([5.55350277, 1.72896687, 0.0073897 ]), 'qs0': 5.553502766124476, 'ni': [1.0, 1.0, 1.0], 'ki': [0.62, 0.62, 0.62], 'Hi': [0, 0, 0], 'mode': 1, 'bed': 1, 'N': 20, 'tN': 101, 'Ta': 298, 'D': 0.3, 'L': 1, 'epsilon': 0.37, 'rp': 0.0007, 'feed_pressure': 10, 'vfeed': 1, 'PI': 100000.0, 'PL': 10000.0, 'lamda_pre': 0.5, 'lamda_blw': 0.5, 'lamda_eva': 0.5, 'tpre': 15, 'tads': 15, 'tblw': 30, 'teva': 40, 'rho_s': 1130, 'rho_w': 7800, 'Cpg': 30.7, 'Cpa': 30.7, 'Cps': 1339, 'Cpw': 502, 'mu': 1.72e-05, 'Dm': 1.6e-05, 'gamma': 1.4, 'Kz': 0.09, 'Kw': 16, 'hin': 8.6, 'hout': 2.5, 'eta': 0.72, 'DL': 0.00049, 'xnames': ['xA', 'xB', 'xC'], 'ynames': ['yA', 'yB', 'yC'], 'state_names': ['P', 'T', 'Tw', 'xA', 'xB', 'xC', 'yA', 'yB', 'yC'], 'state_sizes': [20, 20, 20, 20, 20, 20, 20, 20, 20], 'area': 0.07068583470577035, 'volume': 0.07068583470577035, 'rin': 0.15, 'rout': 0.4, 'epst': 0.5873015873015873, 'epsb': 1.7027027027027026, 'cellsize': 0.05, 'deltaZ': 0.05, 'container_vol': 0.07068583470577035, 'PH': 1000000.0, 'norm_v0': 1, 'norm_t0': 1.0, 'norm_P0': 1000000.0, 'norm_T0': 298, 'norm_tpre': 15.0, 'norm_tads': 30.0, 'norm_tblw': 60.0, 'norm_tend': 100.0, 'tstep': 1.0, 'index_tpre': 15, 'index_tads': 30, 'index_tblw': 60, 'index_tend': 100}
00:00:00.01 State variable P: [[0.01       0.39944826 0.63574228 ... 0.01       0.01       0.01      ]
 [0.01       0.39930729 0.63568517 ... 0.01       0.01       0.01      ]
 [0.01       0.3991736  0.63563107 ... 0.01       0.01       0.01      ]
 ...
 [0.01       0.39805507 0.63518112 ... 0.01       0.01       0.01      ]
 [0.01       0.39804009 0.63517511 ... 0.01       0.01       0.01      ]
 [0.01       0.3980326  0.6351721  ... 0.01       0.01       0.01      ]]
00:00:00.01 State variable T: [[1. 1. 1. ... 1. 1. 1.]
 [1. 1. 1. ... 1. 1. 1.]
 [1. 1. 1. ... 1. 1. 1.]
 ...
 [1. 1. 1. ... 1. 1. 1.]
 [1. 1. 1. ... 1. 1. 1.]
 [1. 1. 1. ... 1. 1. 1.]]
00:00:00.01 State variable Tw: [[1. 1. 1. ... 1. 1. 1.]
 [1. 1. 1. ... 1. 1. 1.]
 [1. 1. 1. ... 1. 1. 1.]
 ...
 [1. 1. 1. ... 1. 1. 1.]
 [1. 1. 1. ... 1. 1. 1.]
 [1. 1. 1. ... 1. 1. 1.]]
00:00:00.01 State variable xA: [[2.61856181e-06 2.61868819e-06 2.61883420e-06 ... 2.61856187e-06
  2.61856186e-06 2.61856184e-06]
 [2.61856176e-06 2.61868763e-06 2.61878081e-06 ... 2.61856181e-06
  2.61856180e-06 2.61856178e-06]
 [2.61856167e-06 2.61868709e-06 2.61876520e-06 ... 2.61856171e-06
  2.61856169e-06 2.61856168e-06]
 ...
 [2.61856016e-06 2.61866900e-06 2.61874910e-06 ... 2.61856018e-06
  2.61856017e-06 2.61856016e-06]
 [2.61856014e-06 2.61865231e-06 2.61873233e-06 ... 2.61856016e-06
  2.61856015e-06 2.61856014e-06]
 [2.61856013e-06 2.61861912e-06 2.61869113e-06 ... 2.61856015e-06
  2.61856014e-06 2.61856013e-06]]
00:00:00.02 State variable xB: [[3.07065034e-10 3.07081548e-10 3.07100404e-10 ... 3.07065047e-10
  3.07065044e-10 3.07065041e-10]
 [3.07065027e-10 3.07081474e-10 3.07093580e-10 ... 3.07065039e-10
  3.07065037e-10 3.07065034e-10]
 [3.07065015e-10 3.07081403e-10 3.07091585e-10 ... 3.07065026e-10
  3.07065024e-10 3.07065021e-10]
 ...
 [3.07064816e-10 3.07079022e-10 3.07089483e-10 ... 3.07064822e-10
  3.07064821e-10 3.07064820e-10]
 [3.07064813e-10 3.07076826e-10 3.07087276e-10 ... 3.07064819e-10
  3.07064818e-10 3.07064817e-10]
 [3.07064811e-10 3.07072459e-10 3.07081851e-10 ... 3.07064818e-10
  3.07064817e-10 3.07064816e-10]]
00:00:00.02 State variable xC: [[0.00133063 0.00133063 0.00133063 ... 0.00133063 0.00133063 0.00133063]
 [0.00133063 0.00133063 0.00133063 ... 0.00133063 0.00133063 0.00133063]
 [0.00133063 0.00133063 0.00133063 ... 0.00133063 0.00133063 0.00133063]
 ...
 [0.00133063 0.00133063 0.00133063 ... 0.00133063 0.00133063 0.00133063]
 [0.00133063 0.00133063 0.00133063 ... 0.00133063 0.00133063 0.00133063]
 [0.00133063 0.00133063 0.00133063 ... 0.00133063 0.00133063 0.00133063]]
00:00:00.02 State variable yA: [[0.05000028 0.05       0.04999933 ... 0.05000028 0.05000028 0.05000028]
 [0.05000028 0.05       0.04999978 ... 0.05000028 0.05000028 0.05000028]
 [0.05000028 0.05       0.04999993 ... 0.05000028 0.05000028 0.05000028]
 ...
 [0.05000029 0.05       0.05       ... 0.05000029 0.05000029 0.05000029]
 [0.05000029 0.05000003 0.05000002 ... 0.05000029 0.05000029 0.05000029]
 [0.05000029 0.0500001  0.05000006 ... 0.05000029 0.05000029 0.05000029]]
00:00:00.02 State variable yB: [[0.8999943  0.9        0.90002406 ... 0.89999431 0.89999431 0.89999431]
 [0.8999943  0.90000001 0.90000773 ... 0.89999431 0.89999431 0.89999431]
 [0.8999943  0.90000002 0.90000265 ... 0.89999431 0.89999431 0.8999943 ]
 ...
 [0.89999427 0.90000005 0.90000012 ... 0.89999427 0.89999427 0.89999427]
 [0.89999427 0.89999958 0.89999981 ... 0.89999427 0.89999427 0.89999427]
 [0.89999427 0.89999816 0.89999893 ... 0.89999427 0.89999427 0.89999427]]
00:00:00.02 State variable yC: [[0.05000541 0.05       0.04997699 ... 0.05000541 0.05000541 0.05000541]
 [0.05000541 0.04999999 0.04999261 ... 0.05000541 0.05000541 0.05000541]
 [0.05000541 0.04999998 0.04999747 ... 0.05000541 0.05000541 0.05000541]
 ...
 [0.05000544 0.04999995 0.04999988 ... 0.05000544 0.05000544 0.05000544]
 [0.05000544 0.05000039 0.05000018 ... 0.05000544 0.05000544 0.05000544]
 [0.05000545 0.05000174 0.05000101 ... 0.05000545 0.05000545 0.05000545]]
00:00:00.03 State variable velocity: yC
01:15:45.21 done
